Using device: cuda
[DavisDatasetP13D] input pairs: 30056
[DavisDatasetP13D] kept pairs : 28696
[DavisDatasetP13D] missing counts: {'drug_1d': 0, 'drug_2d': 0, 'protein_1d': 0, 'protein_3d': 1360}
TOTAL SIZE: 28696
TRAIN SIZE: 22956
VAL SIZE: 5740
SPLIT JSON: data/splits/davis_fixed_split_size2.json
MODEL: drug_1d + protein_1d + protein_3d + protein(1d-3d) contrastive learning

EPOCH 1/30
  STEP 100/718 | TOTAL_LOSS=1.952897 | REG_LOSS=1.607580 | PCL_LOSS=3.453166 | MEAN_GATE=0.5097 | BATCH_RMSE=1.267904
  STEP 200/718 | TOTAL_LOSS=0.804890 | REG_LOSS=0.459899 | PCL_LOSS=3.449916 | MEAN_GATE=0.5175 | BATCH_RMSE=0.678158
  STEP 300/718 | TOTAL_LOSS=0.558732 | REG_LOSS=0.261829 | PCL_LOSS=2.969023 | MEAN_GATE=0.5364 | BATCH_RMSE=0.511693
  STEP 400/718 | TOTAL_LOSS=0.719225 | REG_LOSS=0.448629 | PCL_LOSS=2.705958 | MEAN_GATE=0.5622 | BATCH_RMSE=0.669798
  STEP 500/718 | TOTAL_LOSS=0.804181 | REG_LOSS=0.535839 | PCL_LOSS=2.683421 | MEAN_GATE=0.5645 | BATCH_RMSE=0.732010
  STEP 600/718 | TOTAL_LOSS=0.411834 | REG_LOSS=0.173232 | PCL_LOSS=2.386024 | MEAN_GATE=0.5521 | BATCH_RMSE=0.416211
  STEP 700/718 | TOTAL_LOSS=2.655014 | REG_LOSS=2.455098 | PCL_LOSS=1.999158 | MEAN_GATE=0.5667 | BATCH_RMSE=1.566875
[EPOCH 001/030] TRAIN: TOTAL=1.578136 | REG=1.288696 | PCL=2.894402 | RMSE=1.135208 | MAE=0.729676 | CI=0.638880 | RM2=0.012557
[EPOCH 001/030] VAL  : TOTAL=0.813096 | REG=0.604762 | PCL=2.083344 | RMSE=0.777664 | MAE=0.539577 | CI=0.753938 | RM2=0.233542
  SAVED NEW BEST MODEL | EPOCH=001 | BEST_VAL_RMSE=0.777664 | BEST_VAL_MAE=0.539577 | BEST_VAL_CI=0.753938 | BEST_VAL_RM2=0.233542

EPOCH 2/30
  STEP 100/718 | TOTAL_LOSS=1.317555 | REG_LOSS=1.117033 | PCL_LOSS=2.005211 | MEAN_GATE=0.5678 | BATCH_RMSE=1.056898
  STEP 200/718 | TOTAL_LOSS=1.119177 | REG_LOSS=0.935437 | PCL_LOSS=1.837393 | MEAN_GATE=0.5665 | BATCH_RMSE=0.967180
  STEP 300/718 | TOTAL_LOSS=0.944268 | REG_LOSS=0.787330 | PCL_LOSS=1.569385 | MEAN_GATE=0.5557 | BATCH_RMSE=0.887316
  STEP 400/718 | TOTAL_LOSS=1.392967 | REG_LOSS=1.236688 | PCL_LOSS=1.562790 | MEAN_GATE=0.5647 | BATCH_RMSE=1.112065
  STEP 500/718 | TOTAL_LOSS=1.320880 | REG_LOSS=1.180433 | PCL_LOSS=1.404468 | MEAN_GATE=0.5686 | BATCH_RMSE=1.086477
  STEP 600/718 | TOTAL_LOSS=1.001987 | REG_LOSS=0.874855 | PCL_LOSS=1.271320 | MEAN_GATE=0.5712 | BATCH_RMSE=0.935337
  STEP 700/718 | TOTAL_LOSS=1.395711 | REG_LOSS=1.246898 | PCL_LOSS=1.488130 | MEAN_GATE=0.5703 | BATCH_RMSE=1.116646
[EPOCH 002/030] TRAIN: TOTAL=0.859559 | REG=0.697118 | PCL=1.624412 | RMSE=0.834936 | MAE=0.583744 | CI=0.715197 | RM2=0.163878
[EPOCH 002/030] VAL  : TOTAL=0.690869 | REG=0.571320 | PCL=1.195489 | RMSE=0.755857 | MAE=0.529165 | CI=0.780481 | RM2=0.272796
  SAVED NEW BEST MODEL | EPOCH=002 | BEST_VAL_RMSE=0.755857 | BEST_VAL_MAE=0.529165 | BEST_VAL_CI=0.780481 | BEST_VAL_RM2=0.272796

EPOCH 3/30
  STEP 100/718 | TOTAL_LOSS=0.837609 | REG_LOSS=0.729437 | PCL_LOSS=1.081714 | MEAN_GATE=0.5644 | BATCH_RMSE=0.854071
  STEP 200/718 | TOTAL_LOSS=0.439429 | REG_LOSS=0.306185 | PCL_LOSS=1.332434 | MEAN_GATE=0.5772 | BATCH_RMSE=0.553340
  STEP 300/718 | TOTAL_LOSS=1.175150 | REG_LOSS=1.061226 | PCL_LOSS=1.139243 | MEAN_GATE=0.5821 | BATCH_RMSE=1.030158
  STEP 400/718 | TOTAL_LOSS=1.119471 | REG_LOSS=0.990016 | PCL_LOSS=1.294552 | MEAN_GATE=0.5665 | BATCH_RMSE=0.994995
  STEP 500/718 | TOTAL_LOSS=0.650852 | REG_LOSS=0.543073 | PCL_LOSS=1.077783 | MEAN_GATE=0.5759 | BATCH_RMSE=0.736935
  STEP 600/718 | TOTAL_LOSS=0.932366 | REG_LOSS=0.841862 | PCL_LOSS=0.905039 | MEAN_GATE=0.5889 | BATCH_RMSE=0.917530
  STEP 700/718 | TOTAL_LOSS=0.695902 | REG_LOSS=0.596863 | PCL_LOSS=0.990389 | MEAN_GATE=0.5791 | BATCH_RMSE=0.772569
[EPOCH 003/030] TRAIN: TOTAL=0.788423 | REG=0.671106 | PCL=1.173170 | RMSE=0.819211 | MAE=0.568992 | CI=0.735078 | RM2=0.187359
[EPOCH 003/030] VAL  : TOTAL=0.707702 | REG=0.623227 | PCL=0.844750 | RMSE=0.789447 | MAE=0.486416 | CI=0.772783 | RM2=0.260596

EPOCH 4/30
  STEP 100/718 | TOTAL_LOSS=1.074397 | REG_LOSS=0.966405 | PCL_LOSS=1.079916 | MEAN_GATE=0.5741 | BATCH_RMSE=0.983059
  STEP 200/718 | TOTAL_LOSS=1.147146 | REG_LOSS=1.042602 | PCL_LOSS=1.045434 | MEAN_GATE=0.5810 | BATCH_RMSE=1.021079
  STEP 300/718 | TOTAL_LOSS=0.433322 | REG_LOSS=0.318099 | PCL_LOSS=1.152230 | MEAN_GATE=0.5821 | BATCH_RMSE=0.564003
  STEP 400/718 | TOTAL_LOSS=1.430298 | REG_LOSS=1.348397 | PCL_LOSS=0.819011 | MEAN_GATE=0.5784 | BATCH_RMSE=1.161205
  STEP 500/718 | TOTAL_LOSS=0.717862 | REG_LOSS=0.616866 | PCL_LOSS=1.009962 | MEAN_GATE=0.5679 | BATCH_RMSE=0.785408
  STEP 600/718 | TOTAL_LOSS=0.768232 | REG_LOSS=0.662236 | PCL_LOSS=1.059955 | MEAN_GATE=0.5713 | BATCH_RMSE=0.813779
  STEP 700/718 | TOTAL_LOSS=0.767707 | REG_LOSS=0.661497 | PCL_LOSS=1.062094 | MEAN_GATE=0.5802 | BATCH_RMSE=0.813325
[EPOCH 004/030] TRAIN: TOTAL=0.757641 | REG=0.659870 | PCL=0.977711 | RMSE=0.812324 | MAE=0.562372 | CI=0.737212 | RM2=0.198188
[EPOCH 004/030] VAL  : TOTAL=0.644651 | REG=0.573303 | PCL=0.713484 | RMSE=0.757168 | MAE=0.527617 | CI=0.768156 | RM2=0.279513

EPOCH 5/30
  STEP 100/718 | TOTAL_LOSS=0.905405 | REG_LOSS=0.833851 | PCL_LOSS=0.715545 | MEAN_GATE=0.5652 | BATCH_RMSE=0.913154
  STEP 200/718 | TOTAL_LOSS=0.490429 | REG_LOSS=0.419392 | PCL_LOSS=0.710368 | MEAN_GATE=0.5654 | BATCH_RMSE=0.647605
  STEP 300/718 | TOTAL_LOSS=1.339847 | REG_LOSS=1.253718 | PCL_LOSS=0.861292 | MEAN_GATE=0.5770 | BATCH_RMSE=1.119696
  STEP 400/718 | TOTAL_LOSS=0.848761 | REG_LOSS=0.765700 | PCL_LOSS=0.830608 | MEAN_GATE=0.5577 | BATCH_RMSE=0.875043
  STEP 500/718 | TOTAL_LOSS=0.358918 | REG_LOSS=0.269458 | PCL_LOSS=0.894596 | MEAN_GATE=0.5623 | BATCH_RMSE=0.519093
  STEP 600/718 | TOTAL_LOSS=0.726701 | REG_LOSS=0.641498 | PCL_LOSS=0.852025 | MEAN_GATE=0.5636 | BATCH_RMSE=0.800936
  STEP 700/718 | TOTAL_LOSS=0.694858 | REG_LOSS=0.627685 | PCL_LOSS=0.671730 | MEAN_GATE=0.5398 | BATCH_RMSE=0.792266
[EPOCH 005/030] TRAIN: TOTAL=0.753836 | REG=0.669086 | PCL=0.847499 | RMSE=0.817977 | MAE=0.569804 | CI=0.735028 | RM2=0.191818
[EPOCH 005/030] VAL  : TOTAL=0.671816 | REG=0.604426 | PCL=0.673901 | RMSE=0.777449 | MAE=0.465831 | CI=0.789286 | RM2=0.299751

EPOCH 6/30
  STEP 100/718 | TOTAL_LOSS=0.865391 | REG_LOSS=0.788952 | PCL_LOSS=0.764396 | MEAN_GATE=0.5759 | BATCH_RMSE=0.888229
  STEP 200/718 | TOTAL_LOSS=0.452232 | REG_LOSS=0.384008 | PCL_LOSS=0.682244 | MEAN_GATE=0.5821 | BATCH_RMSE=0.619684
  STEP 300/718 | TOTAL_LOSS=0.576431 | REG_LOSS=0.519378 | PCL_LOSS=0.570529 | MEAN_GATE=0.5738 | BATCH_RMSE=0.720679
  STEP 400/718 | TOTAL_LOSS=0.662642 | REG_LOSS=0.586391 | PCL_LOSS=0.762512 | MEAN_GATE=0.5723 | BATCH_RMSE=0.765762
  STEP 500/718 | TOTAL_LOSS=0.773162 | REG_LOSS=0.704208 | PCL_LOSS=0.689541 | MEAN_GATE=0.5853 | BATCH_RMSE=0.839171
  STEP 600/718 | TOTAL_LOSS=0.575813 | REG_LOSS=0.470333 | PCL_LOSS=1.054802 | MEAN_GATE=0.5548 | BATCH_RMSE=0.685808
  STEP 700/718 | TOTAL_LOSS=0.577583 | REG_LOSS=0.509316 | PCL_LOSS=0.682672 | MEAN_GATE=0.5790 | BATCH_RMSE=0.713664
[EPOCH 006/030] TRAIN: TOTAL=0.748346 | REG=0.671539 | PCL=0.768068 | RMSE=0.819475 | MAE=0.569281 | CI=0.731677 | RM2=0.190113
[EPOCH 006/030] VAL  : TOTAL=0.621842 | REG=0.569021 | PCL=0.528204 | RMSE=0.754335 | MAE=0.471372 | CI=0.783013 | RM2=0.308227
  SAVED NEW BEST MODEL | EPOCH=006 | BEST_VAL_RMSE=0.754335 | BEST_VAL_MAE=0.471372 | BEST_VAL_CI=0.783013 | BEST_VAL_RM2=0.308227

EPOCH 7/30
  STEP 100/718 | TOTAL_LOSS=0.624934 | REG_LOSS=0.550702 | PCL_LOSS=0.742321 | MEAN_GATE=0.5628 | BATCH_RMSE=0.742093
  STEP 200/718 | TOTAL_LOSS=0.527896 | REG_LOSS=0.469073 | PCL_LOSS=0.588232 | MEAN_GATE=0.5637 | BATCH_RMSE=0.684889
  STEP 300/718 | TOTAL_LOSS=0.995397 | REG_LOSS=0.906225 | PCL_LOSS=0.891721 | MEAN_GATE=0.5555 | BATCH_RMSE=0.951958
  STEP 400/718 | TOTAL_LOSS=1.013255 | REG_LOSS=0.960814 | PCL_LOSS=0.524413 | MEAN_GATE=0.5440 | BATCH_RMSE=0.980211
  STEP 500/718 | TOTAL_LOSS=0.961268 | REG_LOSS=0.907845 | PCL_LOSS=0.534225 | MEAN_GATE=0.5258 | BATCH_RMSE=0.952809
  STEP 600/718 | TOTAL_LOSS=1.180353 | REG_LOSS=1.118241 | PCL_LOSS=0.621117 | MEAN_GATE=0.5394 | BATCH_RMSE=1.057469
  STEP 700/718 | TOTAL_LOSS=0.407522 | REG_LOSS=0.354951 | PCL_LOSS=0.525710 | MEAN_GATE=0.5518 | BATCH_RMSE=0.595778
[EPOCH 007/030] TRAIN: TOTAL=0.734497 | REG=0.661992 | PCL=0.725046 | RMSE=0.813629 | MAE=0.566737 | CI=0.736602 | RM2=0.198381
[EPOCH 007/030] VAL  : TOTAL=0.606898 | REG=0.548836 | PCL=0.580619 | RMSE=0.740835 | MAE=0.462141 | CI=0.782771 | RM2=0.300078
  SAVED NEW BEST MODEL | EPOCH=007 | BEST_VAL_RMSE=0.740835 | BEST_VAL_MAE=0.462141 | BEST_VAL_CI=0.782771 | BEST_VAL_RM2=0.300078

EPOCH 8/30
  STEP 100/718 | TOTAL_LOSS=0.471688 | REG_LOSS=0.419040 | PCL_LOSS=0.526480 | MEAN_GATE=0.5738 | BATCH_RMSE=0.647333
  STEP 200/718 | TOTAL_LOSS=0.672131 | REG_LOSS=0.610982 | PCL_LOSS=0.611489 | MEAN_GATE=0.5408 | BATCH_RMSE=0.781653
  STEP 300/718 | TOTAL_LOSS=1.049325 | REG_LOSS=0.983254 | PCL_LOSS=0.660705 | MEAN_GATE=0.5657 | BATCH_RMSE=0.991592
  STEP 400/718 | TOTAL_LOSS=0.263311 | REG_LOSS=0.203348 | PCL_LOSS=0.599632 | MEAN_GATE=0.5512 | BATCH_RMSE=0.450941
  STEP 500/718 | TOTAL_LOSS=1.438544 | REG_LOSS=1.398214 | PCL_LOSS=0.403306 | MEAN_GATE=0.5882 | BATCH_RMSE=1.182461
  STEP 600/718 | TOTAL_LOSS=0.604335 | REG_LOSS=0.539399 | PCL_LOSS=0.649366 | MEAN_GATE=0.5487 | BATCH_RMSE=0.734438
  STEP 700/718 | TOTAL_LOSS=0.632818 | REG_LOSS=0.540263 | PCL_LOSS=0.925545 | MEAN_GATE=0.5507 | BATCH_RMSE=0.735026
[EPOCH 008/030] TRAIN: TOTAL=0.708649 | REG=0.643546 | PCL=0.651036 | RMSE=0.802213 | MAE=0.555410 | CI=0.745173 | RM2=0.213935
[EPOCH 008/030] VAL  : TOTAL=0.646994 | REG=0.577540 | PCL=0.694545 | RMSE=0.759960 | MAE=0.472078 | CI=0.779554 | RM2=0.293337

EPOCH 9/30
  STEP 100/718 | TOTAL_LOSS=1.927830 | REG_LOSS=1.819691 | PCL_LOSS=1.081385 | MEAN_GATE=0.5897 | BATCH_RMSE=1.348959
  STEP 200/718 | TOTAL_LOSS=1.774827 | REG_LOSS=1.687222 | PCL_LOSS=0.876054 | MEAN_GATE=0.5764 | BATCH_RMSE=1.298931
  STEP 300/718 | TOTAL_LOSS=0.284775 | REG_LOSS=0.229625 | PCL_LOSS=0.551508 | MEAN_GATE=0.5371 | BATCH_RMSE=0.479192
  STEP 400/718 | TOTAL_LOSS=1.173536 | REG_LOSS=1.113823 | PCL_LOSS=0.597130 | MEAN_GATE=0.5492 | BATCH_RMSE=1.055378
  STEP 500/718 | TOTAL_LOSS=0.836393 | REG_LOSS=0.757227 | PCL_LOSS=0.791653 | MEAN_GATE=0.5447 | BATCH_RMSE=0.870188
  STEP 600/718 | TOTAL_LOSS=0.419275 | REG_LOSS=0.342786 | PCL_LOSS=0.764889 | MEAN_GATE=0.5617 | BATCH_RMSE=0.585479
  STEP 700/718 | TOTAL_LOSS=0.509886 | REG_LOSS=0.445114 | PCL_LOSS=0.647720 | MEAN_GATE=0.5564 | BATCH_RMSE=0.667168
[EPOCH 009/030] TRAIN: TOTAL=0.714762 | REG=0.649195 | PCL=0.655663 | RMSE=0.805727 | MAE=0.558266 | CI=0.743878 | RM2=0.209191
[EPOCH 009/030] VAL  : TOTAL=0.621459 | REG=0.577600 | PCL=0.438589 | RMSE=0.760000 | MAE=0.540334 | CI=0.783968 | RM2=0.288562

EPOCH 10/30
  STEP 100/718 | TOTAL_LOSS=0.504881 | REG_LOSS=0.427290 | PCL_LOSS=0.775912 | MEAN_GATE=0.5829 | BATCH_RMSE=0.653674
  STEP 200/718 | TOTAL_LOSS=0.713194 | REG_LOSS=0.661065 | PCL_LOSS=0.521293 | MEAN_GATE=0.5617 | BATCH_RMSE=0.813059
  STEP 300/718 | TOTAL_LOSS=0.600257 | REG_LOSS=0.533749 | PCL_LOSS=0.665084 | MEAN_GATE=0.5300 | BATCH_RMSE=0.730581
  STEP 400/718 | TOTAL_LOSS=0.866267 | REG_LOSS=0.772971 | PCL_LOSS=0.932963 | MEAN_GATE=0.5236 | BATCH_RMSE=0.879188
  STEP 500/718 | TOTAL_LOSS=0.569184 | REG_LOSS=0.517252 | PCL_LOSS=0.519323 | MEAN_GATE=0.5051 | BATCH_RMSE=0.719202
  STEP 600/718 | TOTAL_LOSS=0.399345 | REG_LOSS=0.355367 | PCL_LOSS=0.439778 | MEAN_GATE=0.5336 | BATCH_RMSE=0.596127
  STEP 700/718 | TOTAL_LOSS=0.539346 | REG_LOSS=0.469757 | PCL_LOSS=0.695890 | MEAN_GATE=0.5778 | BATCH_RMSE=0.685388
[EPOCH 010/030] TRAIN: TOTAL=0.701368 | REG=0.641126 | PCL=0.602412 | RMSE=0.800704 | MAE=0.553881 | CI=0.747411 | RM2=0.216982
[EPOCH 010/030] VAL  : TOTAL=0.609383 | REG=0.557825 | PCL=0.515586 | RMSE=0.746877 | MAE=0.474205 | CI=0.785888 | RM2=0.316909

EPOCH 11/30
  STEP 100/718 | TOTAL_LOSS=1.054089 | REG_LOSS=1.007923 | PCL_LOSS=0.461661 | MEAN_GATE=0.5461 | BATCH_RMSE=1.003954
  STEP 200/718 | TOTAL_LOSS=0.382977 | REG_LOSS=0.314156 | PCL_LOSS=0.688211 | MEAN_GATE=0.5904 | BATCH_RMSE=0.560496
  STEP 300/718 | TOTAL_LOSS=1.050963 | REG_LOSS=1.012725 | PCL_LOSS=0.382383 | MEAN_GATE=0.5279 | BATCH_RMSE=1.006342
  STEP 400/718 | TOTAL_LOSS=0.653587 | REG_LOSS=0.586266 | PCL_LOSS=0.673218 | MEAN_GATE=0.5152 | BATCH_RMSE=0.765680
  STEP 500/718 | TOTAL_LOSS=0.718159 | REG_LOSS=0.676600 | PCL_LOSS=0.415583 | MEAN_GATE=0.5774 | BATCH_RMSE=0.822557
  STEP 600/718 | TOTAL_LOSS=0.380751 | REG_LOSS=0.330846 | PCL_LOSS=0.499052 | MEAN_GATE=0.5463 | BATCH_RMSE=0.575192
  STEP 700/718 | TOTAL_LOSS=0.644587 | REG_LOSS=0.579198 | PCL_LOSS=0.653889 | MEAN_GATE=0.5578 | BATCH_RMSE=0.761051
[EPOCH 011/030] TRAIN: TOTAL=0.698440 | REG=0.639856 | PCL=0.585836 | RMSE=0.799910 | MAE=0.551905 | CI=0.748996 | RM2=0.217387
[EPOCH 011/030] VAL  : TOTAL=0.593153 | REG=0.547489 | PCL=0.456639 | RMSE=0.739925 | MAE=0.471568 | CI=0.786558 | RM2=0.310622
  SAVED NEW BEST MODEL | EPOCH=011 | BEST_VAL_RMSE=0.739925 | BEST_VAL_MAE=0.471568 | BEST_VAL_CI=0.786558 | BEST_VAL_RM2=0.310622

EPOCH 12/30
  STEP 100/718 | TOTAL_LOSS=0.783820 | REG_LOSS=0.721937 | PCL_LOSS=0.618831 | MEAN_GATE=0.5793 | BATCH_RMSE=0.849669
  STEP 200/718 | TOTAL_LOSS=0.642447 | REG_LOSS=0.531072 | PCL_LOSS=1.113746 | MEAN_GATE=0.5770 | BATCH_RMSE=0.728747
  STEP 300/718 | TOTAL_LOSS=0.858428 | REG_LOSS=0.805866 | PCL_LOSS=0.525614 | MEAN_GATE=0.5373 | BATCH_RMSE=0.897701
  STEP 400/718 | TOTAL_LOSS=0.732067 | REG_LOSS=0.651349 | PCL_LOSS=0.807176 | MEAN_GATE=0.5480 | BATCH_RMSE=0.807062
  STEP 500/718 | TOTAL_LOSS=0.415538 | REG_LOSS=0.347112 | PCL_LOSS=0.684263 | MEAN_GATE=0.5520 | BATCH_RMSE=0.589162
  STEP 600/718 | TOTAL_LOSS=0.888857 | REG_LOSS=0.800713 | PCL_LOSS=0.881440 | MEAN_GATE=0.5316 | BATCH_RMSE=0.894826
  STEP 700/718 | TOTAL_LOSS=0.798504 | REG_LOSS=0.751015 | PCL_LOSS=0.474887 | MEAN_GATE=0.5493 | BATCH_RMSE=0.866611
[EPOCH 012/030] TRAIN: TOTAL=0.698819 | REG=0.641844 | PCL=0.569750 | RMSE=0.801152 | MAE=0.554473 | CI=0.747784 | RM2=0.216249
[EPOCH 012/030] VAL  : TOTAL=0.576559 | REG=0.539161 | PCL=0.373985 | RMSE=0.734276 | MAE=0.496277 | CI=0.778964 | RM2=0.317088
  SAVED NEW BEST MODEL | EPOCH=012 | BEST_VAL_RMSE=0.734276 | BEST_VAL_MAE=0.496277 | BEST_VAL_CI=0.778964 | BEST_VAL_RM2=0.317088

EPOCH 13/30
  STEP 100/718 | TOTAL_LOSS=1.037233 | REG_LOSS=0.975226 | PCL_LOSS=0.620075 | MEAN_GATE=0.4923 | BATCH_RMSE=0.987535
  STEP 200/718 | TOTAL_LOSS=0.346548 | REG_LOSS=0.287303 | PCL_LOSS=0.592445 | MEAN_GATE=0.5494 | BATCH_RMSE=0.536007
  STEP 300/718 | TOTAL_LOSS=0.916634 | REG_LOSS=0.849752 | PCL_LOSS=0.668818 | MEAN_GATE=0.5556 | BATCH_RMSE=0.921820
  STEP 400/718 | TOTAL_LOSS=0.554344 | REG_LOSS=0.506071 | PCL_LOSS=0.482731 | MEAN_GATE=0.5272 | BATCH_RMSE=0.711387
  STEP 500/718 | TOTAL_LOSS=0.514364 | REG_LOSS=0.456283 | PCL_LOSS=0.580810 | MEAN_GATE=0.5243 | BATCH_RMSE=0.675488
  STEP 600/718 | TOTAL_LOSS=0.941588 | REG_LOSS=0.886048 | PCL_LOSS=0.555406 | MEAN_GATE=0.5470 | BATCH_RMSE=0.941301
  STEP 700/718 | TOTAL_LOSS=0.674224 | REG_LOSS=0.633783 | PCL_LOSS=0.404413 | MEAN_GATE=0.5241 | BATCH_RMSE=0.796105
[EPOCH 013/030] TRAIN: TOTAL=0.696255 | REG=0.638342 | PCL=0.579125 | RMSE=0.798963 | MAE=0.551995 | CI=0.748409 | RM2=0.219366
[EPOCH 013/030] VAL  : TOTAL=0.597741 | REG=0.562182 | PCL=0.355584 | RMSE=0.749788 | MAE=0.467682 | CI=0.790046 | RM2=0.312289

EPOCH 14/30
  STEP 100/718 | TOTAL_LOSS=0.540810 | REG_LOSS=0.486210 | PCL_LOSS=0.545997 | MEAN_GATE=0.5408 | BATCH_RMSE=0.697288
  STEP 200/718 | TOTAL_LOSS=0.927768 | REG_LOSS=0.845211 | PCL_LOSS=0.825571 | MEAN_GATE=0.5726 | BATCH_RMSE=0.919354
  STEP 300/718 | TOTAL_LOSS=0.652038 | REG_LOSS=0.600053 | PCL_LOSS=0.519853 | MEAN_GATE=0.5475 | BATCH_RMSE=0.774631
  STEP 400/718 | TOTAL_LOSS=0.922143 | REG_LOSS=0.873905 | PCL_LOSS=0.482375 | MEAN_GATE=0.5476 | BATCH_RMSE=0.934829
  STEP 500/718 | TOTAL_LOSS=1.133078 | REG_LOSS=1.084472 | PCL_LOSS=0.486062 | MEAN_GATE=0.5377 | BATCH_RMSE=1.041380
  STEP 600/718 | TOTAL_LOSS=0.728755 | REG_LOSS=0.659631 | PCL_LOSS=0.691246 | MEAN_GATE=0.5794 | BATCH_RMSE=0.812177
  STEP 700/718 | TOTAL_LOSS=0.846044 | REG_LOSS=0.777767 | PCL_LOSS=0.682775 | MEAN_GATE=0.5641 | BATCH_RMSE=0.881911
[EPOCH 014/030] TRAIN: TOTAL=0.688352 | REG=0.635107 | PCL=0.532451 | RMSE=0.796936 | MAE=0.549900 | CI=0.749030 | RM2=0.222289
[EPOCH 014/030] VAL  : TOTAL=0.605757 | REG=0.571173 | PCL=0.345839 | RMSE=0.755760 | MAE=0.469875 | CI=0.792924 | RM2=0.314189

EPOCH 15/30
  STEP 100/718 | TOTAL_LOSS=0.429673 | REG_LOSS=0.392387 | PCL_LOSS=0.372860 | MEAN_GATE=0.5302 | BATCH_RMSE=0.626408
  STEP 200/718 | TOTAL_LOSS=0.524973 | REG_LOSS=0.489331 | PCL_LOSS=0.356415 | MEAN_GATE=0.5474 | BATCH_RMSE=0.699522
  STEP 300/718 | TOTAL_LOSS=0.964649 | REG_LOSS=0.921372 | PCL_LOSS=0.432772 | MEAN_GATE=0.5369 | BATCH_RMSE=0.959881
  STEP 400/718 | TOTAL_LOSS=0.420134 | REG_LOSS=0.385837 | PCL_LOSS=0.342974 | MEAN_GATE=0.5544 | BATCH_RMSE=0.621158
  STEP 500/718 | TOTAL_LOSS=0.581325 | REG_LOSS=0.532128 | PCL_LOSS=0.491970 | MEAN_GATE=0.5676 | BATCH_RMSE=0.729471
  STEP 600/718 | TOTAL_LOSS=0.329898 | REG_LOSS=0.288953 | PCL_LOSS=0.409451 | MEAN_GATE=0.5322 | BATCH_RMSE=0.537543
  STEP 700/718 | TOTAL_LOSS=1.003515 | REG_LOSS=0.968479 | PCL_LOSS=0.350364 | MEAN_GATE=0.5346 | BATCH_RMSE=0.984113
[EPOCH 015/030] TRAIN: TOTAL=0.684498 | REG=0.631593 | PCL=0.529045 | RMSE=0.794728 | MAE=0.548085 | CI=0.753427 | RM2=0.225419
[EPOCH 015/030] VAL  : TOTAL=0.649060 | REG=0.607842 | PCL=0.412177 | RMSE=0.779642 | MAE=0.594219 | CI=0.779774 | RM2=0.312704

EPOCH 16/30
  STEP 100/718 | TOTAL_LOSS=0.756361 | REG_LOSS=0.701086 | PCL_LOSS=0.552745 | MEAN_GATE=0.6000 | BATCH_RMSE=0.837309
  STEP 200/718 | TOTAL_LOSS=0.827672 | REG_LOSS=0.796294 | PCL_LOSS=0.313777 | MEAN_GATE=0.5592 | BATCH_RMSE=0.892353
  STEP 300/718 | TOTAL_LOSS=0.691662 | REG_LOSS=0.617646 | PCL_LOSS=0.740159 | MEAN_GATE=0.5483 | BATCH_RMSE=0.785905
  STEP 400/718 | TOTAL_LOSS=0.532852 | REG_LOSS=0.495148 | PCL_LOSS=0.377037 | MEAN_GATE=0.5276 | BATCH_RMSE=0.703668
  STEP 500/718 | TOTAL_LOSS=0.941306 | REG_LOSS=0.886714 | PCL_LOSS=0.545919 | MEAN_GATE=0.5348 | BATCH_RMSE=0.941655
  STEP 600/718 | TOTAL_LOSS=0.795561 | REG_LOSS=0.748392 | PCL_LOSS=0.471691 | MEAN_GATE=0.5514 | BATCH_RMSE=0.865097
  STEP 700/718 | TOTAL_LOSS=0.315983 | REG_LOSS=0.265098 | PCL_LOSS=0.508850 | MEAN_GATE=0.5269 | BATCH_RMSE=0.514876
[EPOCH 016/030] TRAIN: TOTAL=0.690619 | REG=0.638856 | PCL=0.517623 | RMSE=0.799285 | MAE=0.551413 | CI=0.749466 | RM2=0.218695
[EPOCH 016/030] VAL  : TOTAL=0.624307 | REG=0.587394 | PCL=0.369136 | RMSE=0.766416 | MAE=0.481683 | CI=0.790899 | RM2=0.311260

EPOCH 17/30
  STEP 100/718 | TOTAL_LOSS=1.006525 | REG_LOSS=0.983281 | PCL_LOSS=0.232435 | MEAN_GATE=0.5287 | BATCH_RMSE=0.991605
  STEP 200/718 | TOTAL_LOSS=0.465413 | REG_LOSS=0.426708 | PCL_LOSS=0.387054 | MEAN_GATE=0.5546 | BATCH_RMSE=0.653229
  STEP 300/718 | TOTAL_LOSS=0.584004 | REG_LOSS=0.551132 | PCL_LOSS=0.328722 | MEAN_GATE=0.5226 | BATCH_RMSE=0.742382
  STEP 400/718 | TOTAL_LOSS=0.940108 | REG_LOSS=0.892611 | PCL_LOSS=0.474973 | MEAN_GATE=0.5351 | BATCH_RMSE=0.944781
  STEP 500/718 | TOTAL_LOSS=1.143667 | REG_LOSS=1.087866 | PCL_LOSS=0.558010 | MEAN_GATE=0.5279 | BATCH_RMSE=1.043008
  STEP 600/718 | TOTAL_LOSS=0.504560 | REG_LOSS=0.452186 | PCL_LOSS=0.523743 | MEAN_GATE=0.5419 | BATCH_RMSE=0.672448
  STEP 700/718 | TOTAL_LOSS=0.424950 | REG_LOSS=0.378448 | PCL_LOSS=0.465027 | MEAN_GATE=0.5202 | BATCH_RMSE=0.615181
[EPOCH 017/030] TRAIN: TOTAL=0.680751 | REG=0.631336 | PCL=0.494153 | RMSE=0.794566 | MAE=0.545188 | CI=0.754504 | RM2=0.225693
[EPOCH 017/030] VAL  : TOTAL=0.593230 | REG=0.552657 | PCL=0.405722 | RMSE=0.743409 | MAE=0.475690 | CI=0.790778 | RM2=0.299573

EPOCH 18/30
  STEP 100/718 | TOTAL_LOSS=0.341258 | REG_LOSS=0.263658 | PCL_LOSS=0.775993 | MEAN_GATE=0.5479 | BATCH_RMSE=0.513477
  STEP 200/718 | TOTAL_LOSS=1.079206 | REG_LOSS=1.022352 | PCL_LOSS=0.568538 | MEAN_GATE=0.5516 | BATCH_RMSE=1.011114
  STEP 300/718 | TOTAL_LOSS=0.635401 | REG_LOSS=0.567913 | PCL_LOSS=0.674880 | MEAN_GATE=0.5545 | BATCH_RMSE=0.753600
  STEP 400/718 | TOTAL_LOSS=0.417343 | REG_LOSS=0.364125 | PCL_LOSS=0.532179 | MEAN_GATE=0.5292 | BATCH_RMSE=0.603428
  STEP 500/718 | TOTAL_LOSS=1.352091 | REG_LOSS=1.281645 | PCL_LOSS=0.704461 | MEAN_GATE=0.5463 | BATCH_RMSE=1.132098
  STEP 600/718 | TOTAL_LOSS=0.321826 | REG_LOSS=0.280028 | PCL_LOSS=0.417978 | MEAN_GATE=0.5122 | BATCH_RMSE=0.529177
  STEP 700/718 | TOTAL_LOSS=0.537791 | REG_LOSS=0.491195 | PCL_LOSS=0.465962 | MEAN_GATE=0.5342 | BATCH_RMSE=0.700853
[EPOCH 018/030] TRAIN: TOTAL=0.679217 | REG=0.629155 | PCL=0.500622 | RMSE=0.793193 | MAE=0.544698 | CI=0.756764 | RM2=0.227886
[EPOCH 018/030] VAL  : TOTAL=0.579430 | REG=0.537231 | PCL=0.421987 | RMSE=0.732960 | MAE=0.465827 | CI=0.789617 | RM2=0.314069
  SAVED NEW BEST MODEL | EPOCH=018 | BEST_VAL_RMSE=0.732960 | BEST_VAL_MAE=0.465827 | BEST_VAL_CI=0.789617 | BEST_VAL_RM2=0.314069

EPOCH 19/30
  STEP 100/718 | TOTAL_LOSS=0.533797 | REG_LOSS=0.504259 | PCL_LOSS=0.295380 | MEAN_GATE=0.5008 | BATCH_RMSE=0.710112
  STEP 200/718 | TOTAL_LOSS=0.603444 | REG_LOSS=0.557796 | PCL_LOSS=0.456478 | MEAN_GATE=0.5298 | BATCH_RMSE=0.746858
  STEP 300/718 | TOTAL_LOSS=0.519164 | REG_LOSS=0.468654 | PCL_LOSS=0.505108 | MEAN_GATE=0.5074 | BATCH_RMSE=0.684583
  STEP 400/718 | TOTAL_LOSS=0.225782 | REG_LOSS=0.202926 | PCL_LOSS=0.228552 | MEAN_GATE=0.5435 | BATCH_RMSE=0.450473
  STEP 500/718 | TOTAL_LOSS=0.721263 | REG_LOSS=0.669579 | PCL_LOSS=0.516845 | MEAN_GATE=0.4935 | BATCH_RMSE=0.818278
  STEP 600/718 | TOTAL_LOSS=0.485242 | REG_LOSS=0.428141 | PCL_LOSS=0.571007 | MEAN_GATE=0.5549 | BATCH_RMSE=0.654325
  STEP 700/718 | TOTAL_LOSS=0.690900 | REG_LOSS=0.649552 | PCL_LOSS=0.413482 | MEAN_GATE=0.5910 | BATCH_RMSE=0.805948
[EPOCH 019/030] TRAIN: TOTAL=0.671088 | REG=0.619315 | PCL=0.517727 | RMSE=0.786966 | MAE=0.543628 | CI=0.757673 | RM2=0.237820
[EPOCH 019/030] VAL  : TOTAL=0.595992 | REG=0.559237 | PCL=0.367545 | RMSE=0.747822 | MAE=0.555857 | CI=0.797611 | RM2=0.323717

EPOCH 20/30
  STEP 100/718 | TOTAL_LOSS=0.668189 | REG_LOSS=0.632975 | PCL_LOSS=0.352139 | MEAN_GATE=0.5574 | BATCH_RMSE=0.795598
  STEP 200/718 | TOTAL_LOSS=1.035089 | REG_LOSS=0.994814 | PCL_LOSS=0.402751 | MEAN_GATE=0.5487 | BATCH_RMSE=0.997403
  STEP 300/718 | TOTAL_LOSS=0.573971 | REG_LOSS=0.527288 | PCL_LOSS=0.466825 | MEAN_GATE=0.5269 | BATCH_RMSE=0.726146
  STEP 400/718 | TOTAL_LOSS=0.409757 | REG_LOSS=0.354432 | PCL_LOSS=0.553249 | MEAN_GATE=0.5556 | BATCH_RMSE=0.595342
  STEP 500/718 | TOTAL_LOSS=1.384641 | REG_LOSS=1.312400 | PCL_LOSS=0.722409 | MEAN_GATE=0.5602 | BATCH_RMSE=1.145600
  STEP 600/718 | TOTAL_LOSS=0.547452 | REG_LOSS=0.501422 | PCL_LOSS=0.460302 | MEAN_GATE=0.5825 | BATCH_RMSE=0.708111
  STEP 700/718 | TOTAL_LOSS=0.992335 | REG_LOSS=0.942633 | PCL_LOSS=0.497020 | MEAN_GATE=0.6380 | BATCH_RMSE=0.970893
[EPOCH 020/030] TRAIN: TOTAL=0.656720 | REG=0.609943 | PCL=0.467773 | RMSE=0.780989 | MAE=0.536229 | CI=0.762143 | RM2=0.247292
[EPOCH 020/030] VAL  : TOTAL=0.536918 | REG=0.501256 | PCL=0.356623 | RMSE=0.707994 | MAE=0.439832 | CI=0.809121 | RM2=0.363905
  SAVED NEW BEST MODEL | EPOCH=020 | BEST_VAL_RMSE=0.707994 | BEST_VAL_MAE=0.439832 | BEST_VAL_CI=0.809121 | BEST_VAL_RM2=0.363905

EPOCH 21/30
  STEP 100/718 | TOTAL_LOSS=0.564167 | REG_LOSS=0.511903 | PCL_LOSS=0.522640 | MEAN_GATE=0.5415 | BATCH_RMSE=0.715474
  STEP 200/718 | TOTAL_LOSS=0.465411 | REG_LOSS=0.433613 | PCL_LOSS=0.317979 | MEAN_GATE=0.5719 | BATCH_RMSE=0.658493
  STEP 300/718 | TOTAL_LOSS=0.327040 | REG_LOSS=0.281315 | PCL_LOSS=0.457249 | MEAN_GATE=0.5878 | BATCH_RMSE=0.530392
  STEP 400/718 | TOTAL_LOSS=0.695698 | REG_LOSS=0.660744 | PCL_LOSS=0.349545 | MEAN_GATE=0.5394 | BATCH_RMSE=0.812862
  STEP 500/718 | TOTAL_LOSS=0.416407 | REG_LOSS=0.372622 | PCL_LOSS=0.437845 | MEAN_GATE=0.5585 | BATCH_RMSE=0.610428
  STEP 600/718 | TOTAL_LOSS=0.593681 | REG_LOSS=0.546123 | PCL_LOSS=0.475576 | MEAN_GATE=0.5538 | BATCH_RMSE=0.739002
  STEP 700/718 | TOTAL_LOSS=0.562137 | REG_LOSS=0.538790 | PCL_LOSS=0.233470 | MEAN_GATE=0.5498 | BATCH_RMSE=0.734023
[EPOCH 021/030] TRAIN: TOTAL=0.642423 | REG=0.593432 | PCL=0.489915 | RMSE=0.770345 | MAE=0.527478 | CI=0.767459 | RM2=0.264514
[EPOCH 021/030] VAL  : TOTAL=0.525472 | REG=0.495831 | PCL=0.296406 | RMSE=0.704153 | MAE=0.481272 | CI=0.804369 | RM2=0.372691
  SAVED NEW BEST MODEL | EPOCH=021 | BEST_VAL_RMSE=0.704153 | BEST_VAL_MAE=0.481272 | BEST_VAL_CI=0.804369 | BEST_VAL_RM2=0.372691

EPOCH 22/30
  STEP 100/718 | TOTAL_LOSS=0.912821 | REG_LOSS=0.879203 | PCL_LOSS=0.336179 | MEAN_GATE=0.5114 | BATCH_RMSE=0.937658
  STEP 200/718 | TOTAL_LOSS=0.719671 | REG_LOSS=0.681730 | PCL_LOSS=0.379413 | MEAN_GATE=0.5085 | BATCH_RMSE=0.825669
  STEP 300/718 | TOTAL_LOSS=0.958870 | REG_LOSS=0.926001 | PCL_LOSS=0.328691 | MEAN_GATE=0.5553 | BATCH_RMSE=0.962289
  STEP 400/718 | TOTAL_LOSS=1.101516 | REG_LOSS=1.066917 | PCL_LOSS=0.345995 | MEAN_GATE=0.5821 | BATCH_RMSE=1.032917
  STEP 500/718 | TOTAL_LOSS=0.883764 | REG_LOSS=0.847717 | PCL_LOSS=0.360472 | MEAN_GATE=0.5757 | BATCH_RMSE=0.920715
  STEP 600/718 | TOTAL_LOSS=0.492822 | REG_LOSS=0.467187 | PCL_LOSS=0.256351 | MEAN_GATE=0.5635 | BATCH_RMSE=0.683511
  STEP 700/718 | TOTAL_LOSS=0.417468 | REG_LOSS=0.386178 | PCL_LOSS=0.312898 | MEAN_GATE=0.5323 | BATCH_RMSE=0.621432
[EPOCH 022/030] TRAIN: TOTAL=0.630512 | REG=0.584672 | PCL=0.458395 | RMSE=0.764638 | MAE=0.521967 | CI=0.772670 | RM2=0.273649
[EPOCH 022/030] VAL  : TOTAL=0.524621 | REG=0.486578 | PCL=0.380433 | RMSE=0.697551 | MAE=0.427950 | CI=0.816645 | RM2=0.381885
  SAVED NEW BEST MODEL | EPOCH=022 | BEST_VAL_RMSE=0.697551 | BEST_VAL_MAE=0.427950 | BEST_VAL_CI=0.816645 | BEST_VAL_RM2=0.381885

EPOCH 23/30
  STEP 100/718 | TOTAL_LOSS=0.296283 | REG_LOSS=0.255011 | PCL_LOSS=0.412722 | MEAN_GATE=0.5543 | BATCH_RMSE=0.504986
  STEP 200/718 | TOTAL_LOSS=0.430968 | REG_LOSS=0.379511 | PCL_LOSS=0.514571 | MEAN_GATE=0.5140 | BATCH_RMSE=0.616044
  STEP 300/718 | TOTAL_LOSS=0.346013 | REG_LOSS=0.310811 | PCL_LOSS=0.352018 | MEAN_GATE=0.5472 | BATCH_RMSE=0.557504
  STEP 400/718 | TOTAL_LOSS=0.649604 | REG_LOSS=0.596776 | PCL_LOSS=0.528281 | MEAN_GATE=0.5222 | BATCH_RMSE=0.772513
  STEP 500/718 | TOTAL_LOSS=0.839927 | REG_LOSS=0.797681 | PCL_LOSS=0.422466 | MEAN_GATE=0.5510 | BATCH_RMSE=0.893130
  STEP 600/718 | TOTAL_LOSS=1.081250 | REG_LOSS=1.060102 | PCL_LOSS=0.211476 | MEAN_GATE=0.5664 | BATCH_RMSE=1.029613
  STEP 700/718 | TOTAL_LOSS=0.727137 | REG_LOSS=0.673403 | PCL_LOSS=0.537341 | MEAN_GATE=0.5521 | BATCH_RMSE=0.820611
[EPOCH 023/030] TRAIN: TOTAL=0.625502 | REG=0.578953 | PCL=0.465497 | RMSE=0.760889 | MAE=0.523309 | CI=0.771223 | RM2=0.279592
[EPOCH 023/030] VAL  : TOTAL=0.511834 | REG=0.483755 | PCL=0.280788 | RMSE=0.695525 | MAE=0.428552 | CI=0.812036 | RM2=0.378212
  SAVED NEW BEST MODEL | EPOCH=023 | BEST_VAL_RMSE=0.695525 | BEST_VAL_MAE=0.428552 | BEST_VAL_CI=0.812036 | BEST_VAL_RM2=0.378212

EPOCH 24/30
  STEP 100/718 | TOTAL_LOSS=0.510343 | REG_LOSS=0.456744 | PCL_LOSS=0.535990 | MEAN_GATE=0.5741 | BATCH_RMSE=0.675829
  STEP 200/718 | TOTAL_LOSS=0.484749 | REG_LOSS=0.458123 | PCL_LOSS=0.266264 | MEAN_GATE=0.5473 | BATCH_RMSE=0.676848
  STEP 300/718 | TOTAL_LOSS=0.850355 | REG_LOSS=0.780397 | PCL_LOSS=0.699581 | MEAN_GATE=0.5895 | BATCH_RMSE=0.883401
  STEP 400/718 | TOTAL_LOSS=0.555902 | REG_LOSS=0.449699 | PCL_LOSS=1.062029 | MEAN_GATE=0.5695 | BATCH_RMSE=0.670596
  STEP 500/718 | TOTAL_LOSS=0.591761 | REG_LOSS=0.555601 | PCL_LOSS=0.361604 | MEAN_GATE=0.4956 | BATCH_RMSE=0.745386
  STEP 600/718 | TOTAL_LOSS=0.306660 | REG_LOSS=0.269917 | PCL_LOSS=0.367428 | MEAN_GATE=0.5166 | BATCH_RMSE=0.519535
  STEP 700/718 | TOTAL_LOSS=0.359258 | REG_LOSS=0.317579 | PCL_LOSS=0.416791 | MEAN_GATE=0.5619 | BATCH_RMSE=0.563541
[EPOCH 024/030] TRAIN: TOTAL=0.626253 | REG=0.577216 | PCL=0.490364 | RMSE=0.759748 | MAE=0.519165 | CI=0.772060 | RM2=0.281438
[EPOCH 024/030] VAL  : TOTAL=0.513626 | REG=0.482826 | PCL=0.308000 | RMSE=0.694857 | MAE=0.459251 | CI=0.804318 | RM2=0.385952
  SAVED NEW BEST MODEL | EPOCH=024 | BEST_VAL_RMSE=0.694857 | BEST_VAL_MAE=0.459251 | BEST_VAL_CI=0.804318 | BEST_VAL_RM2=0.385952

EPOCH 25/30
  STEP 100/718 | TOTAL_LOSS=0.878013 | REG_LOSS=0.826980 | PCL_LOSS=0.510339 | MEAN_GATE=0.5741 | BATCH_RMSE=0.909384
  STEP 200/718 | TOTAL_LOSS=0.605844 | REG_LOSS=0.552002 | PCL_LOSS=0.538419 | MEAN_GATE=0.5277 | BATCH_RMSE=0.742968
  STEP 300/718 | TOTAL_LOSS=0.872109 | REG_LOSS=0.817426 | PCL_LOSS=0.546830 | MEAN_GATE=0.5696 | BATCH_RMSE=0.904116
  STEP 400/718 | TOTAL_LOSS=0.436817 | REG_LOSS=0.382372 | PCL_LOSS=0.544448 | MEAN_GATE=0.5821 | BATCH_RMSE=0.618363
  STEP 500/718 | TOTAL_LOSS=0.596112 | REG_LOSS=0.556552 | PCL_LOSS=0.395603 | MEAN_GATE=0.5415 | BATCH_RMSE=0.746024
  STEP 600/718 | TOTAL_LOSS=0.393033 | REG_LOSS=0.332023 | PCL_LOSS=0.610104 | MEAN_GATE=0.5570 | BATCH_RMSE=0.576214
  STEP 700/718 | TOTAL_LOSS=0.460591 | REG_LOSS=0.419829 | PCL_LOSS=0.407623 | MEAN_GATE=0.5261 | BATCH_RMSE=0.647942
[EPOCH 025/030] TRAIN: TOTAL=0.621565 | REG=0.579305 | PCL=0.422604 | RMSE=0.761121 | MAE=0.520587 | CI=0.771533 | RM2=0.279223
[EPOCH 025/030] VAL  : TOTAL=0.585309 | REG=0.555094 | PCL=0.302151 | RMSE=0.745046 | MAE=0.571427 | CI=0.810804 | RM2=0.376507

EPOCH 26/30
  STEP 100/718 | TOTAL_LOSS=1.015790 | REG_LOSS=0.977733 | PCL_LOSS=0.380570 | MEAN_GATE=0.5579 | BATCH_RMSE=0.988804
  STEP 200/718 | TOTAL_LOSS=0.507222 | REG_LOSS=0.460145 | PCL_LOSS=0.470772 | MEAN_GATE=0.5514 | BATCH_RMSE=0.678340
  STEP 300/718 | TOTAL_LOSS=0.402562 | REG_LOSS=0.349870 | PCL_LOSS=0.526919 | MEAN_GATE=0.5459 | BATCH_RMSE=0.591498
  STEP 400/718 | TOTAL_LOSS=1.062107 | REG_LOSS=0.989410 | PCL_LOSS=0.726968 | MEAN_GATE=0.5407 | BATCH_RMSE=0.994691
  STEP 500/718 | TOTAL_LOSS=0.431763 | REG_LOSS=0.364723 | PCL_LOSS=0.670400 | MEAN_GATE=0.5810 | BATCH_RMSE=0.603923
  STEP 600/718 | TOTAL_LOSS=0.557728 | REG_LOSS=0.531337 | PCL_LOSS=0.263908 | MEAN_GATE=0.5579 | BATCH_RMSE=0.728929
  STEP 700/718 | TOTAL_LOSS=0.304635 | REG_LOSS=0.267239 | PCL_LOSS=0.373964 | MEAN_GATE=0.5152 | BATCH_RMSE=0.516952
[EPOCH 026/030] TRAIN: TOTAL=0.617844 | REG=0.574669 | PCL=0.431752 | RMSE=0.758069 | MAE=0.518961 | CI=0.774160 | RM2=0.283987
[EPOCH 026/030] VAL  : TOTAL=0.520754 | REG=0.487329 | PCL=0.334251 | RMSE=0.698089 | MAE=0.471672 | CI=0.814250 | RM2=0.389772

EPOCH 27/30
  STEP 100/718 | TOTAL_LOSS=0.971446 | REG_LOSS=0.931366 | PCL_LOSS=0.400798 | MEAN_GATE=0.5860 | BATCH_RMSE=0.965073
  STEP 200/718 | TOTAL_LOSS=1.047876 | REG_LOSS=1.016124 | PCL_LOSS=0.317523 | MEAN_GATE=0.5396 | BATCH_RMSE=1.008030
  STEP 300/718 | TOTAL_LOSS=0.567553 | REG_LOSS=0.514787 | PCL_LOSS=0.527657 | MEAN_GATE=0.5335 | BATCH_RMSE=0.717487
  STEP 400/718 | TOTAL_LOSS=0.246088 | REG_LOSS=0.202572 | PCL_LOSS=0.435169 | MEAN_GATE=0.5407 | BATCH_RMSE=0.450079
  STEP 500/718 | TOTAL_LOSS=0.729558 | REG_LOSS=0.681433 | PCL_LOSS=0.481246 | MEAN_GATE=0.5994 | BATCH_RMSE=0.825490
  STEP 600/718 | TOTAL_LOSS=0.583731 | REG_LOSS=0.548846 | PCL_LOSS=0.348851 | MEAN_GATE=0.4647 | BATCH_RMSE=0.740841
  STEP 700/718 | TOTAL_LOSS=0.689243 | REG_LOSS=0.627525 | PCL_LOSS=0.617178 | MEAN_GATE=0.5678 | BATCH_RMSE=0.792165
[EPOCH 027/030] TRAIN: TOTAL=0.612783 | REG=0.568195 | PCL=0.445881 | RMSE=0.753787 | MAE=0.516812 | CI=0.777309 | RM2=0.290871
[EPOCH 027/030] VAL  : TOTAL=0.523432 | REG=0.489853 | PCL=0.335793 | RMSE=0.699895 | MAE=0.414889 | CI=0.818275 | RM2=0.386525

EPOCH 28/30
  STEP 100/718 | TOTAL_LOSS=0.372012 | REG_LOSS=0.341042 | PCL_LOSS=0.309697 | MEAN_GATE=0.5160 | BATCH_RMSE=0.583988
  STEP 200/718 | TOTAL_LOSS=0.768492 | REG_LOSS=0.735228 | PCL_LOSS=0.332644 | MEAN_GATE=0.5771 | BATCH_RMSE=0.857454
  STEP 300/718 | TOTAL_LOSS=0.437874 | REG_LOSS=0.416293 | PCL_LOSS=0.215815 | MEAN_GATE=0.5378 | BATCH_RMSE=0.645208
  STEP 400/718 | TOTAL_LOSS=0.691419 | REG_LOSS=0.628542 | PCL_LOSS=0.628767 | MEAN_GATE=0.5138 | BATCH_RMSE=0.792807
  STEP 500/718 | TOTAL_LOSS=0.397962 | REG_LOSS=0.361143 | PCL_LOSS=0.368192 | MEAN_GATE=0.5389 | BATCH_RMSE=0.600952
  STEP 600/718 | TOTAL_LOSS=0.373251 | REG_LOSS=0.326555 | PCL_LOSS=0.466964 | MEAN_GATE=0.5519 | BATCH_RMSE=0.571450
  STEP 700/718 | TOTAL_LOSS=0.291534 | REG_LOSS=0.249075 | PCL_LOSS=0.424586 | MEAN_GATE=0.6029 | BATCH_RMSE=0.499074
[EPOCH 028/030] TRAIN: TOTAL=0.605853 | REG=0.563900 | PCL=0.419535 | RMSE=0.750933 | MAE=0.512355 | CI=0.777580 | RM2=0.295381
[EPOCH 028/030] VAL  : TOTAL=0.516942 | REG=0.472514 | PCL=0.444280 | RMSE=0.687396 | MAE=0.417548 | CI=0.821840 | RM2=0.402265
  SAVED NEW BEST MODEL | EPOCH=028 | BEST_VAL_RMSE=0.687396 | BEST_VAL_MAE=0.417548 | BEST_VAL_CI=0.821840 | BEST_VAL_RM2=0.402265

EPOCH 29/30
  STEP 100/718 | TOTAL_LOSS=0.555950 | REG_LOSS=0.515182 | PCL_LOSS=0.407673 | MEAN_GATE=0.5762 | BATCH_RMSE=0.717762
  STEP 200/718 | TOTAL_LOSS=0.549858 | REG_LOSS=0.439977 | PCL_LOSS=1.098806 | MEAN_GATE=0.5135 | BATCH_RMSE=0.663308
  STEP 300/718 | TOTAL_LOSS=0.279960 | REG_LOSS=0.232362 | PCL_LOSS=0.475973 | MEAN_GATE=0.5477 | BATCH_RMSE=0.482040
  STEP 400/718 | TOTAL_LOSS=0.563508 | REG_LOSS=0.526462 | PCL_LOSS=0.370457 | MEAN_GATE=0.5222 | BATCH_RMSE=0.725577
  STEP 500/718 | TOTAL_LOSS=0.389208 | REG_LOSS=0.362245 | PCL_LOSS=0.269631 | MEAN_GATE=0.5716 | BATCH_RMSE=0.601868
  STEP 600/718 | TOTAL_LOSS=0.383616 | REG_LOSS=0.321474 | PCL_LOSS=0.621417 | MEAN_GATE=0.5688 | BATCH_RMSE=0.566987
  STEP 700/718 | TOTAL_LOSS=0.392166 | REG_LOSS=0.311043 | PCL_LOSS=0.811234 | MEAN_GATE=0.5056 | BATCH_RMSE=0.557712
[EPOCH 029/030] TRAIN: TOTAL=0.610460 | REG=0.566435 | PCL=0.440246 | RMSE=0.752619 | MAE=0.512722 | CI=0.777352 | RM2=0.292710
[EPOCH 029/030] VAL  : TOTAL=0.544343 | REG=0.512819 | PCL=0.315237 | RMSE=0.716114 | MAE=0.430840 | CI=0.820482 | RM2=0.401591

EPOCH 30/30
  STEP 100/718 | TOTAL_LOSS=0.757446 | REG_LOSS=0.728816 | PCL_LOSS=0.286305 | MEAN_GATE=0.5670 | BATCH_RMSE=0.853707
  STEP 200/718 | TOTAL_LOSS=0.728637 | REG_LOSS=0.682816 | PCL_LOSS=0.458203 | MEAN_GATE=0.5297 | BATCH_RMSE=0.826327
  STEP 300/718 | TOTAL_LOSS=0.902501 | REG_LOSS=0.833822 | PCL_LOSS=0.686789 | MEAN_GATE=0.5393 | BATCH_RMSE=0.913139
  STEP 400/718 | TOTAL_LOSS=0.632741 | REG_LOSS=0.575204 | PCL_LOSS=0.575365 | MEAN_GATE=0.5972 | BATCH_RMSE=0.758422
  STEP 500/718 | TOTAL_LOSS=0.234049 | REG_LOSS=0.196539 | PCL_LOSS=0.375091 | MEAN_GATE=0.6013 | BATCH_RMSE=0.443328
  STEP 600/718 | TOTAL_LOSS=0.759163 | REG_LOSS=0.712683 | PCL_LOSS=0.464801 | MEAN_GATE=0.5241 | BATCH_RMSE=0.844205
  STEP 700/718 | TOTAL_LOSS=0.648175 | REG_LOSS=0.614932 | PCL_LOSS=0.332426 | MEAN_GATE=0.5356 | BATCH_RMSE=0.784176
[EPOCH 030/030] TRAIN: TOTAL=0.602078 | REG=0.560961 | PCL=0.411167 | RMSE=0.748973 | MAE=0.508464 | CI=0.776250 | RM2=0.298560
[EPOCH 030/030] VAL  : TOTAL=0.503901 | REG=0.474644 | PCL=0.292569 | RMSE=0.688944 | MAE=0.466988 | CI=0.822035 | RM2=0.399363

TRAINING FINISHED.
BEST MODEL SUMMARY | EPOCH=028 | VAL_RMSE=0.687396 | VAL_MAE=0.417548 | VAL_CI=0.821840 | VAL_RM2=0.402265
SAVED OUTPUTS TO: outputs/pcl_sweeps/pcl_sweep_20260418_064902/bs32_lr0.0003_lp0.1_temp0.07
