Using device: cuda
[DavisDatasetP13D] input pairs: 30056
[DavisDatasetP13D] kept pairs : 28696
[DavisDatasetP13D] missing counts: {'drug_1d': 0, 'drug_2d': 0, 'protein_1d': 0, 'protein_3d': 1360}
TOTAL SIZE: 28696
TRAIN SIZE: 22956
VAL SIZE: 5740
SPLIT JSON: data/splits/davis_fixed_split_size2.json
MODEL: drug_1d + protein_1d + protein_3d + softclip(drug-protein) + pcl(protein1d-protein3d)

EPOCH 1/30
  STEP 100/718 | TOTAL_LOSS=1.616577 | REG_LOSS=0.954544 | SOFTCLIP_LOSS=3.162555 | PCL_LOSS=3.457773 | MEAN_GATE=0.5050 | MEAN_VALID_PER_ROW=25.09 | MEAN_VALID_OFFDIAG=24.09 | BATCH_RMSE=0.977008
  STEP 200/718 | TOTAL_LOSS=1.304937 | REG_LOSS=0.642643 | SOFTCLIP_LOSS=3.211796 | PCL_LOSS=3.411144 | MEAN_GATE=0.5088 | MEAN_VALID_PER_ROW=26.09 | MEAN_VALID_OFFDIAG=25.09 | BATCH_RMSE=0.801650
  STEP 300/718 | TOTAL_LOSS=1.595371 | REG_LOSS=0.971504 | SOFTCLIP_LOSS=3.151999 | PCL_LOSS=3.086669 | MEAN_GATE=0.5293 | MEAN_VALID_PER_ROW=26.25 | MEAN_VALID_OFFDIAG=25.25 | BATCH_RMSE=0.985649
  STEP 400/718 | TOTAL_LOSS=1.321966 | REG_LOSS=0.770854 | SOFTCLIP_LOSS=3.105416 | PCL_LOSS=2.405697 | MEAN_GATE=0.5446 | MEAN_VALID_PER_ROW=26.38 | MEAN_VALID_OFFDIAG=25.38 | BATCH_RMSE=0.877983
  STEP 500/718 | TOTAL_LOSS=1.401346 | REG_LOSS=0.856172 | SOFTCLIP_LOSS=3.088179 | PCL_LOSS=2.363559 | MEAN_GATE=0.5574 | MEAN_VALID_PER_ROW=25.59 | MEAN_VALID_OFFDIAG=24.59 | BATCH_RMSE=0.925296
  STEP 600/718 | TOTAL_LOSS=0.801262 | REG_LOSS=0.284339 | SOFTCLIP_LOSS=3.095184 | PCL_LOSS=2.074043 | MEAN_GATE=0.5646 | MEAN_VALID_PER_ROW=26.31 | MEAN_VALID_OFFDIAG=25.31 | BATCH_RMSE=0.533234
  STEP 700/718 | TOTAL_LOSS=2.291816 | REG_LOSS=1.808561 | SOFTCLIP_LOSS=3.073109 | PCL_LOSS=1.759443 | MEAN_GATE=0.5579 | MEAN_VALID_PER_ROW=25.66 | MEAN_VALID_OFFDIAG=24.66 | BATCH_RMSE=1.344828
[EPOCH 001/030] TRAIN: TOTAL=1.768115 | REG=1.178026 | SOFTCLIP=3.130171 | PCL=2.770722 | RMSE=1.085369 | MAE=0.704418 | CI=0.645078 | RM2=0.020641
[EPOCH 001/030] VAL  : TOTAL=0.957453 | REG=0.598095 | SOFTCLIP=1.872162 | PCL=1.721416 | RMSE=0.773366 | MAE=0.525149 | CI=0.758351 | RM2=0.240469
  SAVED NEW BEST MODEL | EPOCH=001 | BEST_VAL_RMSE=0.773366 | BEST_VAL_MAE=0.525149 | BEST_VAL_CI=0.758351 | BEST_VAL_RM2=0.240469

EPOCH 2/30
  STEP 100/718 | TOTAL_LOSS=0.867302 | REG_LOSS=0.351367 | SOFTCLIP_LOSS=3.134650 | PCL_LOSS=2.024705 | MEAN_GATE=0.5595 | MEAN_VALID_PER_ROW=26.19 | MEAN_VALID_OFFDIAG=25.19 | BATCH_RMSE=0.592762
  STEP 200/718 | TOTAL_LOSS=1.459763 | REG_LOSS=0.970359 | SOFTCLIP_LOSS=3.114986 | PCL_LOSS=1.779061 | MEAN_GATE=0.5705 | MEAN_VALID_PER_ROW=25.81 | MEAN_VALID_OFFDIAG=24.81 | BATCH_RMSE=0.985068
  STEP 300/718 | TOTAL_LOSS=1.266232 | REG_LOSS=0.822769 | SOFTCLIP_LOSS=2.903672 | PCL_LOSS=1.530954 | MEAN_GATE=0.5741 | MEAN_VALID_PER_ROW=25.78 | MEAN_VALID_OFFDIAG=24.78 | BATCH_RMSE=0.907066
  STEP 400/718 | TOTAL_LOSS=0.679992 | REG_LOSS=0.240255 | SOFTCLIP_LOSS=3.078671 | PCL_LOSS=1.318695 | MEAN_GATE=0.5781 | MEAN_VALID_PER_ROW=25.81 | MEAN_VALID_OFFDIAG=24.81 | BATCH_RMSE=0.490159
  STEP 500/718 | TOTAL_LOSS=0.947440 | REG_LOSS=0.495145 | SOFTCLIP_LOSS=3.091494 | PCL_LOSS=1.431450 | MEAN_GATE=0.5852 | MEAN_VALID_PER_ROW=25.56 | MEAN_VALID_OFFDIAG=24.56 | BATCH_RMSE=0.703666
  STEP 600/718 | TOTAL_LOSS=0.927683 | REG_LOSS=0.496379 | SOFTCLIP_LOSS=3.072753 | PCL_LOSS=1.240296 | MEAN_GATE=0.5738 | MEAN_VALID_PER_ROW=25.75 | MEAN_VALID_OFFDIAG=24.75 | BATCH_RMSE=0.704541
  STEP 700/718 | TOTAL_LOSS=0.900690 | REG_LOSS=0.497189 | SOFTCLIP_LOSS=2.962255 | PCL_LOSS=1.072754 | MEAN_GATE=0.5899 | MEAN_VALID_PER_ROW=25.34 | MEAN_VALID_OFFDIAG=24.34 | BATCH_RMSE=0.705116
[EPOCH 002/030] TRAIN: TOTAL=1.131960 | REG=0.678729 | SOFTCLIP=2.996856 | PCL=1.535456 | RMSE=0.823850 | MAE=0.569916 | CI=0.723850 | RM2=0.177431
[EPOCH 002/030] VAL  : TOTAL=0.868143 | REG=0.572220 | SOFTCLIP=1.839011 | PCL=1.120220 | RMSE=0.756452 | MAE=0.480090 | CI=0.775442 | RM2=0.270142
  SAVED NEW BEST MODEL | EPOCH=002 | BEST_VAL_RMSE=0.756452 | BEST_VAL_MAE=0.480090 | BEST_VAL_CI=0.775442 | BEST_VAL_RM2=0.270142

EPOCH 3/30
  STEP 100/718 | TOTAL_LOSS=1.177667 | REG_LOSS=0.779984 | SOFTCLIP_LOSS=2.911975 | PCL_LOSS=1.064863 | MEAN_GATE=0.5825 | MEAN_VALID_PER_ROW=25.56 | MEAN_VALID_OFFDIAG=24.56 | BATCH_RMSE=0.883167
  STEP 200/718 | TOTAL_LOSS=1.013843 | REG_LOSS=0.589389 | SOFTCLIP_LOSS=3.003467 | PCL_LOSS=1.241073 | MEAN_GATE=0.5975 | MEAN_VALID_PER_ROW=26.31 | MEAN_VALID_OFFDIAG=25.31 | BATCH_RMSE=0.767717
  STEP 300/718 | TOTAL_LOSS=0.676108 | REG_LOSS=0.294705 | SOFTCLIP_LOSS=2.875709 | PCL_LOSS=0.938321 | MEAN_GATE=0.5984 | MEAN_VALID_PER_ROW=25.50 | MEAN_VALID_OFFDIAG=24.50 | BATCH_RMSE=0.542867
  STEP 400/718 | TOTAL_LOSS=0.660732 | REG_LOSS=0.282812 | SOFTCLIP_LOSS=2.898382 | PCL_LOSS=0.880820 | MEAN_GATE=0.5819 | MEAN_VALID_PER_ROW=25.78 | MEAN_VALID_OFFDIAG=24.78 | BATCH_RMSE=0.531801
  STEP 500/718 | TOTAL_LOSS=0.617714 | REG_LOSS=0.217011 | SOFTCLIP_LOSS=2.856332 | PCL_LOSS=1.150697 | MEAN_GATE=0.5730 | MEAN_VALID_PER_ROW=25.78 | MEAN_VALID_OFFDIAG=24.78 | BATCH_RMSE=0.465845
  STEP 600/718 | TOTAL_LOSS=0.937858 | REG_LOSS=0.539980 | SOFTCLIP_LOSS=2.842658 | PCL_LOSS=1.136122 | MEAN_GATE=0.5819 | MEAN_VALID_PER_ROW=24.59 | MEAN_VALID_OFFDIAG=23.59 | BATCH_RMSE=0.734833
  STEP 700/718 | TOTAL_LOSS=1.002180 | REG_LOSS=0.574623 | SOFTCLIP_LOSS=2.930895 | PCL_LOSS=1.344673 | MEAN_GATE=0.5732 | MEAN_VALID_PER_ROW=25.47 | MEAN_VALID_OFFDIAG=24.47 | BATCH_RMSE=0.758039
[EPOCH 003/030] TRAIN: TOTAL=1.074957 | REG=0.664099 | SOFTCLIP=2.942616 | PCL=1.165965 | RMSE=0.814923 | MAE=0.562939 | CI=0.734509 | RM2=0.193172
[EPOCH 003/030] VAL  : TOTAL=0.874057 | REG=0.577367 | SOFTCLIP=1.824046 | PCL=1.142859 | RMSE=0.759847 | MAE=0.547934 | CI=0.782282 | RM2=0.299483

EPOCH 4/30
  STEP 100/718 | TOTAL_LOSS=0.803964 | REG_LOSS=0.410292 | SOFTCLIP_LOSS=2.879046 | PCL_LOSS=1.057669 | MEAN_GATE=0.6181 | MEAN_VALID_PER_ROW=26.47 | MEAN_VALID_OFFDIAG=25.47 | BATCH_RMSE=0.640540
  STEP 200/718 | TOTAL_LOSS=0.988417 | REG_LOSS=0.574898 | SOFTCLIP_LOSS=2.940334 | PCL_LOSS=1.194854 | MEAN_GATE=0.6081 | MEAN_VALID_PER_ROW=26.28 | MEAN_VALID_OFFDIAG=25.28 | BATCH_RMSE=0.758221
  STEP 300/718 | TOTAL_LOSS=1.105557 | REG_LOSS=0.724480 | SOFTCLIP_LOSS=2.841285 | PCL_LOSS=0.969487 | MEAN_GATE=0.6104 | MEAN_VALID_PER_ROW=25.19 | MEAN_VALID_OFFDIAG=24.19 | BATCH_RMSE=0.851164
  STEP 400/718 | TOTAL_LOSS=1.722596 | REG_LOSS=1.333618 | SOFTCLIP_LOSS=2.815780 | PCL_LOSS=1.074001 | MEAN_GATE=0.6040 | MEAN_VALID_PER_ROW=26.41 | MEAN_VALID_OFFDIAG=25.41 | BATCH_RMSE=1.154824
  STEP 500/718 | TOTAL_LOSS=1.441921 | REG_LOSS=1.051259 | SOFTCLIP_LOSS=2.715967 | PCL_LOSS=1.190652 | MEAN_GATE=0.6252 | MEAN_VALID_PER_ROW=26.41 | MEAN_VALID_OFFDIAG=25.41 | BATCH_RMSE=1.025309
  STEP 600/718 | TOTAL_LOSS=1.145956 | REG_LOSS=0.762346 | SOFTCLIP_LOSS=2.995146 | PCL_LOSS=0.840951 | MEAN_GATE=0.6080 | MEAN_VALID_PER_ROW=25.94 | MEAN_VALID_OFFDIAG=24.94 | BATCH_RMSE=0.873124
  STEP 700/718 | TOTAL_LOSS=0.831982 | REG_LOSS=0.444238 | SOFTCLIP_LOSS=2.851945 | PCL_LOSS=1.025498 | MEAN_GATE=0.6119 | MEAN_VALID_PER_ROW=25.94 | MEAN_VALID_OFFDIAG=24.94 | BATCH_RMSE=0.666512
[EPOCH 004/030] TRAIN: TOTAL=1.029682 | REG=0.644322 | SOFTCLIP=2.902643 | PCL=0.950954 | RMSE=0.802697 | MAE=0.551723 | CI=0.741438 | RM2=0.212312
[EPOCH 004/030] VAL  : TOTAL=0.839365 | REG=0.568971 | SOFTCLIP=1.812033 | PCL=0.891914 | RMSE=0.754302 | MAE=0.460442 | CI=0.788145 | RM2=0.307147
  SAVED NEW BEST MODEL | EPOCH=004 | BEST_VAL_RMSE=0.754302 | BEST_VAL_MAE=0.460442 | BEST_VAL_CI=0.788145 | BEST_VAL_RM2=0.307147

EPOCH 5/30
  STEP 100/718 | TOTAL_LOSS=0.643108 | REG_LOSS=0.278176 | SOFTCLIP_LOSS=2.832837 | PCL_LOSS=0.816476 | MEAN_GATE=0.6453 | MEAN_VALID_PER_ROW=25.66 | MEAN_VALID_OFFDIAG=24.66 | BATCH_RMSE=0.527424
  STEP 200/718 | TOTAL_LOSS=1.074060 | REG_LOSS=0.669420 | SOFTCLIP_LOSS=2.842367 | PCL_LOSS=1.204032 | MEAN_GATE=0.6426 | MEAN_VALID_PER_ROW=25.53 | MEAN_VALID_OFFDIAG=24.53 | BATCH_RMSE=0.818181
  STEP 300/718 | TOTAL_LOSS=1.483068 | REG_LOSS=1.128521 | SOFTCLIP_LOSS=2.870746 | PCL_LOSS=0.674718 | MEAN_GATE=0.6236 | MEAN_VALID_PER_ROW=25.75 | MEAN_VALID_OFFDIAG=24.75 | BATCH_RMSE=1.062319
  STEP 400/718 | TOTAL_LOSS=1.179919 | REG_LOSS=0.830419 | SOFTCLIP_LOSS=2.751127 | PCL_LOSS=0.743874 | MEAN_GATE=0.6455 | MEAN_VALID_PER_ROW=26.06 | MEAN_VALID_OFFDIAG=25.06 | BATCH_RMSE=0.911273
  STEP 500/718 | TOTAL_LOSS=0.981214 | REG_LOSS=0.603757 | SOFTCLIP_LOSS=2.944250 | PCL_LOSS=0.830325 | MEAN_GATE=0.6282 | MEAN_VALID_PER_ROW=26.47 | MEAN_VALID_OFFDIAG=25.47 | BATCH_RMSE=0.777018
  STEP 600/718 | TOTAL_LOSS=0.903317 | REG_LOSS=0.546931 | SOFTCLIP_LOSS=2.802134 | PCL_LOSS=0.761724 | MEAN_GATE=0.6607 | MEAN_VALID_PER_ROW=25.38 | MEAN_VALID_OFFDIAG=24.38 | BATCH_RMSE=0.739548
  STEP 700/718 | TOTAL_LOSS=0.693372 | REG_LOSS=0.342887 | SOFTCLIP_LOSS=2.723090 | PCL_LOSS=0.781761 | MEAN_GATE=0.6330 | MEAN_VALID_PER_ROW=26.03 | MEAN_VALID_OFFDIAG=25.03 | BATCH_RMSE=0.585566
[EPOCH 005/030] TRAIN: TOTAL=0.990998 | REG=0.617674 | SOFTCLIP=2.884118 | PCL=0.849126 | RMSE=0.785922 | MAE=0.537961 | CI=0.749716 | RM2=0.239154
[EPOCH 005/030] VAL  : TOTAL=0.762838 | REG=0.519815 | SOFTCLIP=1.810918 | PCL=0.619310 | RMSE=0.720982 | MAE=0.445705 | CI=0.797990 | RM2=0.334502
  SAVED NEW BEST MODEL | EPOCH=005 | BEST_VAL_RMSE=0.720982 | BEST_VAL_MAE=0.445705 | BEST_VAL_CI=0.797990 | BEST_VAL_RM2=0.334502

EPOCH 6/30
  STEP 100/718 | TOTAL_LOSS=0.793080 | REG_LOSS=0.408114 | SOFTCLIP_LOSS=2.898405 | PCL_LOSS=0.951253 | MEAN_GATE=0.6348 | MEAN_VALID_PER_ROW=26.59 | MEAN_VALID_OFFDIAG=25.59 | BATCH_RMSE=0.638838
  STEP 200/718 | TOTAL_LOSS=1.038813 | REG_LOSS=0.674440 | SOFTCLIP_LOSS=2.899713 | PCL_LOSS=0.744020 | MEAN_GATE=0.6687 | MEAN_VALID_PER_ROW=25.75 | MEAN_VALID_OFFDIAG=24.75 | BATCH_RMSE=0.821243
  STEP 300/718 | TOTAL_LOSS=0.830926 | REG_LOSS=0.454443 | SOFTCLIP_LOSS=2.825716 | PCL_LOSS=0.939119 | MEAN_GATE=0.6736 | MEAN_VALID_PER_ROW=26.19 | MEAN_VALID_OFFDIAG=25.19 | BATCH_RMSE=0.674124
  STEP 400/718 | TOTAL_LOSS=1.361531 | REG_LOSS=0.971987 | SOFTCLIP_LOSS=2.986479 | PCL_LOSS=0.908958 | MEAN_GATE=0.6681 | MEAN_VALID_PER_ROW=26.34 | MEAN_VALID_OFFDIAG=25.34 | BATCH_RMSE=0.985894
  STEP 500/718 | TOTAL_LOSS=1.213897 | REG_LOSS=0.865209 | SOFTCLIP_LOSS=2.945668 | PCL_LOSS=0.541213 | MEAN_GATE=0.6710 | MEAN_VALID_PER_ROW=25.84 | MEAN_VALID_OFFDIAG=24.84 | BATCH_RMSE=0.930166
  STEP 600/718 | TOTAL_LOSS=1.077677 | REG_LOSS=0.703023 | SOFTCLIP_LOSS=3.020102 | PCL_LOSS=0.726437 | MEAN_GATE=0.6651 | MEAN_VALID_PER_ROW=26.31 | MEAN_VALID_OFFDIAG=25.31 | BATCH_RMSE=0.838465
  STEP 700/718 | TOTAL_LOSS=0.683761 | REG_LOSS=0.303779 | SOFTCLIP_LOSS=2.900081 | PCL_LOSS=0.899741 | MEAN_GATE=0.6873 | MEAN_VALID_PER_ROW=26.06 | MEAN_VALID_OFFDIAG=25.06 | BATCH_RMSE=0.551161
[EPOCH 006/030] TRAIN: TOTAL=0.965643 | REG=0.601954 | SOFTCLIP=2.871144 | PCL=0.765747 | RMSE=0.775857 | MAE=0.531424 | CI=0.752567 | RM2=0.255561
[EPOCH 006/030] VAL  : TOTAL=0.728502 | REG=0.495315 | SOFTCLIP=1.806062 | PCL=0.525807 | RMSE=0.703786 | MAE=0.476041 | CI=0.803932 | RM2=0.363770
  SAVED NEW BEST MODEL | EPOCH=006 | BEST_VAL_RMSE=0.703786 | BEST_VAL_MAE=0.476041 | BEST_VAL_CI=0.803932 | BEST_VAL_RM2=0.363770

EPOCH 7/30
  STEP 100/718 | TOTAL_LOSS=0.771823 | REG_LOSS=0.427119 | SOFTCLIP_LOSS=2.791596 | PCL_LOSS=0.655446 | MEAN_GATE=0.7099 | MEAN_VALID_PER_ROW=25.56 | MEAN_VALID_OFFDIAG=24.56 | BATCH_RMSE=0.653543
  STEP 200/718 | TOTAL_LOSS=0.705852 | REG_LOSS=0.354353 | SOFTCLIP_LOSS=2.699088 | PCL_LOSS=0.815903 | MEAN_GATE=0.6815 | MEAN_VALID_PER_ROW=26.50 | MEAN_VALID_OFFDIAG=25.50 | BATCH_RMSE=0.595276
  STEP 300/718 | TOTAL_LOSS=0.797424 | REG_LOSS=0.456450 | SOFTCLIP_LOSS=2.860251 | PCL_LOSS=0.549483 | MEAN_GATE=0.6762 | MEAN_VALID_PER_ROW=25.44 | MEAN_VALID_OFFDIAG=24.44 | BATCH_RMSE=0.675611
  STEP 400/718 | TOTAL_LOSS=0.968697 | REG_LOSS=0.595763 | SOFTCLIP_LOSS=2.992006 | PCL_LOSS=0.737329 | MEAN_GATE=0.7254 | MEAN_VALID_PER_ROW=26.59 | MEAN_VALID_OFFDIAG=25.59 | BATCH_RMSE=0.771857
  STEP 500/718 | TOTAL_LOSS=1.571744 | REG_LOSS=1.215161 | SOFTCLIP_LOSS=2.838922 | PCL_LOSS=0.726909 | MEAN_GATE=0.7067 | MEAN_VALID_PER_ROW=26.12 | MEAN_VALID_OFFDIAG=25.12 | BATCH_RMSE=1.102344
  STEP 600/718 | TOTAL_LOSS=0.902361 | REG_LOSS=0.515277 | SOFTCLIP_LOSS=2.984139 | PCL_LOSS=0.886700 | MEAN_GATE=0.7182 | MEAN_VALID_PER_ROW=25.78 | MEAN_VALID_OFFDIAG=24.78 | BATCH_RMSE=0.717828
  STEP 700/718 | TOTAL_LOSS=0.625215 | REG_LOSS=0.281650 | SOFTCLIP_LOSS=2.787829 | PCL_LOSS=0.647819 | MEAN_GATE=0.7148 | MEAN_VALID_PER_ROW=26.56 | MEAN_VALID_OFFDIAG=25.56 | BATCH_RMSE=0.530707
[EPOCH 007/030] TRAIN: TOTAL=0.939723 | REG=0.581181 | SOFTCLIP=2.856352 | PCL=0.729076 | RMSE=0.762352 | MAE=0.519650 | CI=0.764594 | RM2=0.277591
[EPOCH 007/030] VAL  : TOTAL=0.726807 | REG=0.497308 | SOFTCLIP=1.800642 | PCL=0.494345 | RMSE=0.705201 | MAE=0.419558 | CI=0.805910 | RM2=0.373563

EPOCH 8/30
  STEP 100/718 | TOTAL_LOSS=0.574801 | REG_LOSS=0.203754 | SOFTCLIP_LOSS=2.980887 | PCL_LOSS=0.729589 | MEAN_GATE=0.6961 | MEAN_VALID_PER_ROW=25.47 | MEAN_VALID_OFFDIAG=24.47 | BATCH_RMSE=0.451391
  STEP 200/718 | TOTAL_LOSS=0.969712 | REG_LOSS=0.626605 | SOFTCLIP_LOSS=2.757122 | PCL_LOSS=0.673953 | MEAN_GATE=0.6813 | MEAN_VALID_PER_ROW=25.97 | MEAN_VALID_OFFDIAG=24.97 | BATCH_RMSE=0.791584
  STEP 300/718 | TOTAL_LOSS=0.927679 | REG_LOSS=0.588329 | SOFTCLIP_LOSS=2.786782 | PCL_LOSS=0.606716 | MEAN_GATE=0.6972 | MEAN_VALID_PER_ROW=25.06 | MEAN_VALID_OFFDIAG=24.06 | BATCH_RMSE=0.767026
  STEP 400/718 | TOTAL_LOSS=0.703499 | REG_LOSS=0.382432 | SOFTCLIP_LOSS=2.761529 | PCL_LOSS=0.449146 | MEAN_GATE=0.6644 | MEAN_VALID_PER_ROW=26.19 | MEAN_VALID_OFFDIAG=25.19 | BATCH_RMSE=0.618411
  STEP 500/718 | TOTAL_LOSS=1.359631 | REG_LOSS=1.014711 | SOFTCLIP_LOSS=2.752633 | PCL_LOSS=0.696568 | MEAN_GATE=0.6998 | MEAN_VALID_PER_ROW=27.66 | MEAN_VALID_OFFDIAG=26.66 | BATCH_RMSE=1.007329
  STEP 600/718 | TOTAL_LOSS=0.726645 | REG_LOSS=0.360826 | SOFTCLIP_LOSS=2.955276 | PCL_LOSS=0.702911 | MEAN_GATE=0.7056 | MEAN_VALID_PER_ROW=26.50 | MEAN_VALID_OFFDIAG=25.50 | BATCH_RMSE=0.600688
  STEP 700/718 | TOTAL_LOSS=0.890142 | REG_LOSS=0.547129 | SOFTCLIP_LOSS=2.890121 | PCL_LOSS=0.540000 | MEAN_GATE=0.7220 | MEAN_VALID_PER_ROW=26.09 | MEAN_VALID_OFFDIAG=25.09 | BATCH_RMSE=0.739682
[EPOCH 008/030] TRAIN: TOTAL=0.923728 | REG=0.571926 | SOFTCLIP=2.846476 | PCL=0.671547 | RMSE=0.756258 | MAE=0.510134 | CI=0.765614 | RM2=0.287605
[EPOCH 008/030] VAL  : TOTAL=0.706718 | REG=0.479651 | SOFTCLIP=1.797802 | PCL=0.472872 | RMSE=0.692568 | MAE=0.482917 | CI=0.802379 | RM2=0.372480
  SAVED NEW BEST MODEL | EPOCH=008 | BEST_VAL_RMSE=0.692568 | BEST_VAL_MAE=0.482917 | BEST_VAL_CI=0.802379 | BEST_VAL_RM2=0.372480

EPOCH 9/30
  STEP 100/718 | TOTAL_LOSS=1.195022 | REG_LOSS=0.868250 | SOFTCLIP_LOSS=2.722640 | PCL_LOSS=0.545073 | MEAN_GATE=0.7580 | MEAN_VALID_PER_ROW=25.53 | MEAN_VALID_OFFDIAG=24.53 | BATCH_RMSE=0.931800
  STEP 200/718 | TOTAL_LOSS=1.534967 | REG_LOSS=1.210481 | SOFTCLIP_LOSS=2.717260 | PCL_LOSS=0.527604 | MEAN_GATE=0.6950 | MEAN_VALID_PER_ROW=26.28 | MEAN_VALID_OFFDIAG=25.28 | BATCH_RMSE=1.100219
  STEP 300/718 | TOTAL_LOSS=1.170972 | REG_LOSS=0.832925 | SOFTCLIP_LOSS=2.818211 | PCL_LOSS=0.562255 | MEAN_GATE=0.7111 | MEAN_VALID_PER_ROW=25.41 | MEAN_VALID_OFFDIAG=24.41 | BATCH_RMSE=0.912647
  STEP 400/718 | TOTAL_LOSS=0.997136 | REG_LOSS=0.669764 | SOFTCLIP_LOSS=2.641699 | PCL_LOSS=0.632022 | MEAN_GATE=0.7122 | MEAN_VALID_PER_ROW=25.44 | MEAN_VALID_OFFDIAG=24.44 | BATCH_RMSE=0.818391
  STEP 500/718 | TOTAL_LOSS=0.848679 | REG_LOSS=0.481782 | SOFTCLIP_LOSS=2.927682 | PCL_LOSS=0.741294 | MEAN_GATE=0.7279 | MEAN_VALID_PER_ROW=26.81 | MEAN_VALID_OFFDIAG=25.81 | BATCH_RMSE=0.694105
  STEP 600/718 | TOTAL_LOSS=1.080279 | REG_LOSS=0.722156 | SOFTCLIP_LOSS=2.947997 | PCL_LOSS=0.633238 | MEAN_GATE=0.6756 | MEAN_VALID_PER_ROW=26.78 | MEAN_VALID_OFFDIAG=25.78 | BATCH_RMSE=0.849797
  STEP 700/718 | TOTAL_LOSS=0.733029 | REG_LOSS=0.386441 | SOFTCLIP_LOSS=2.635835 | PCL_LOSS=0.830037 | MEAN_GATE=0.6880 | MEAN_VALID_PER_ROW=25.91 | MEAN_VALID_OFFDIAG=24.91 | BATCH_RMSE=0.621644
[EPOCH 009/030] TRAIN: TOTAL=0.920194 | REG=0.572060 | SOFTCLIP=2.836331 | PCL=0.645006 | RMSE=0.756347 | MAE=0.513982 | CI=0.765757 | RM2=0.286918
[EPOCH 009/030] VAL  : TOTAL=0.709661 | REG=0.485045 | SOFTCLIP=1.798482 | PCL=0.447676 | RMSE=0.696452 | MAE=0.416730 | CI=0.819040 | RM2=0.418461

EPOCH 10/30
  STEP 100/718 | TOTAL_LOSS=0.911952 | REG_LOSS=0.583784 | SOFTCLIP_LOSS=2.798034 | PCL_LOSS=0.483644 | MEAN_GATE=0.7260 | MEAN_VALID_PER_ROW=25.31 | MEAN_VALID_OFFDIAG=24.31 | BATCH_RMSE=0.764058
  STEP 200/718 | TOTAL_LOSS=1.222193 | REG_LOSS=0.879649 | SOFTCLIP_LOSS=2.851671 | PCL_LOSS=0.573759 | MEAN_GATE=0.6988 | MEAN_VALID_PER_ROW=25.84 | MEAN_VALID_OFFDIAG=24.84 | BATCH_RMSE=0.937896
  STEP 300/718 | TOTAL_LOSS=0.695760 | REG_LOSS=0.350195 | SOFTCLIP_LOSS=3.046349 | PCL_LOSS=0.409303 | MEAN_GATE=0.7300 | MEAN_VALID_PER_ROW=25.66 | MEAN_VALID_OFFDIAG=24.66 | BATCH_RMSE=0.591773
  STEP 400/718 | TOTAL_LOSS=1.064244 | REG_LOSS=0.663876 | SOFTCLIP_LOSS=3.038218 | PCL_LOSS=0.965462 | MEAN_GATE=0.7252 | MEAN_VALID_PER_ROW=25.94 | MEAN_VALID_OFFDIAG=24.94 | BATCH_RMSE=0.814786
  STEP 500/718 | TOTAL_LOSS=0.668368 | REG_LOSS=0.322958 | SOFTCLIP_LOSS=2.872103 | PCL_LOSS=0.581988 | MEAN_GATE=0.7132 | MEAN_VALID_PER_ROW=26.12 | MEAN_VALID_OFFDIAG=25.12 | BATCH_RMSE=0.568294
  STEP 600/718 | TOTAL_LOSS=0.601990 | REG_LOSS=0.284069 | SOFTCLIP_LOSS=2.859913 | PCL_LOSS=0.319297 | MEAN_GATE=0.7151 | MEAN_VALID_PER_ROW=25.19 | MEAN_VALID_OFFDIAG=24.19 | BATCH_RMSE=0.532981
  STEP 700/718 | TOTAL_LOSS=0.648899 | REG_LOSS=0.326043 | SOFTCLIP_LOSS=2.817142 | PCL_LOSS=0.411420 | MEAN_GATE=0.7316 | MEAN_VALID_PER_ROW=26.47 | MEAN_VALID_OFFDIAG=25.47 | BATCH_RMSE=0.571001
[EPOCH 010/030] TRAIN: TOTAL=0.891641 | REG=0.548944 | SOFTCLIP=2.827031 | PCL=0.599937 | RMSE=0.740908 | MAE=0.504309 | CI=0.771405 | RM2=0.312141
[EPOCH 010/030] VAL  : TOTAL=0.692890 | REG=0.468494 | SOFTCLIP=1.795559 | PCL=0.448397 | RMSE=0.684466 | MAE=0.420214 | CI=0.816635 | RM2=0.406888
  SAVED NEW BEST MODEL | EPOCH=010 | BEST_VAL_RMSE=0.684466 | BEST_VAL_MAE=0.420214 | BEST_VAL_CI=0.816635 | BEST_VAL_RM2=0.406888

EPOCH 11/30
  STEP 100/718 | TOTAL_LOSS=0.905492 | REG_LOSS=0.556316 | SOFTCLIP_LOSS=2.883653 | PCL_LOSS=0.608104 | MEAN_GATE=0.7440 | MEAN_VALID_PER_ROW=25.56 | MEAN_VALID_OFFDIAG=24.56 | BATCH_RMSE=0.745866
  STEP 200/718 | TOTAL_LOSS=0.960593 | REG_LOSS=0.605723 | SOFTCLIP_LOSS=2.788369 | PCL_LOSS=0.760333 | MEAN_GATE=0.7464 | MEAN_VALID_PER_ROW=25.56 | MEAN_VALID_OFFDIAG=24.56 | BATCH_RMSE=0.778282
  STEP 300/718 | TOTAL_LOSS=1.520705 | REG_LOSS=1.198771 | SOFTCLIP_LOSS=2.711034 | PCL_LOSS=0.508302 | MEAN_GATE=0.7192 | MEAN_VALID_PER_ROW=25.66 | MEAN_VALID_OFFDIAG=24.66 | BATCH_RMSE=1.094884
  STEP 400/718 | TOTAL_LOSS=0.798636 | REG_LOSS=0.439584 | SOFTCLIP_LOSS=2.827525 | PCL_LOSS=0.762998 | MEAN_GATE=0.7122 | MEAN_VALID_PER_ROW=26.00 | MEAN_VALID_OFFDIAG=25.00 | BATCH_RMSE=0.663011
  STEP 500/718 | TOTAL_LOSS=0.786429 | REG_LOSS=0.458851 | SOFTCLIP_LOSS=2.710235 | PCL_LOSS=0.565545 | MEAN_GATE=0.7208 | MEAN_VALID_PER_ROW=26.12 | MEAN_VALID_OFFDIAG=25.12 | BATCH_RMSE=0.677385
  STEP 600/718 | TOTAL_LOSS=0.769737 | REG_LOSS=0.436402 | SOFTCLIP_LOSS=2.706403 | PCL_LOSS=0.626941 | MEAN_GATE=0.7656 | MEAN_VALID_PER_ROW=26.75 | MEAN_VALID_OFFDIAG=25.75 | BATCH_RMSE=0.660608
  STEP 700/718 | TOTAL_LOSS=1.064479 | REG_LOSS=0.725158 | SOFTCLIP_LOSS=2.899829 | PCL_LOSS=0.493374 | MEAN_GATE=0.7248 | MEAN_VALID_PER_ROW=25.59 | MEAN_VALID_OFFDIAG=24.59 | BATCH_RMSE=0.851562
[EPOCH 011/030] TRAIN: TOTAL=0.892056 | REG=0.548886 | SOFTCLIP=2.823719 | PCL=0.607980 | RMSE=0.740869 | MAE=0.502876 | CI=0.776100 | RM2=0.311811
[EPOCH 011/030] VAL  : TOTAL=0.687805 | REG=0.465184 | SOFTCLIP=1.795192 | PCL=0.431014 | RMSE=0.682044 | MAE=0.474820 | CI=0.816019 | RM2=0.406376
  SAVED NEW BEST MODEL | EPOCH=011 | BEST_VAL_RMSE=0.682044 | BEST_VAL_MAE=0.474820 | BEST_VAL_CI=0.816019 | BEST_VAL_RM2=0.406376

EPOCH 12/30
  STEP 100/718 | TOTAL_LOSS=0.818129 | REG_LOSS=0.468530 | SOFTCLIP_LOSS=2.791981 | PCL_LOSS=0.704003 | MEAN_GATE=0.7521 | MEAN_VALID_PER_ROW=25.94 | MEAN_VALID_OFFDIAG=24.94 | BATCH_RMSE=0.684493
  STEP 200/718 | TOTAL_LOSS=0.752879 | REG_LOSS=0.387573 | SOFTCLIP_LOSS=3.024910 | PCL_LOSS=0.628143 | MEAN_GATE=0.7163 | MEAN_VALID_PER_ROW=26.03 | MEAN_VALID_OFFDIAG=25.03 | BATCH_RMSE=0.622554
  STEP 300/718 | TOTAL_LOSS=0.587676 | REG_LOSS=0.262973 | SOFTCLIP_LOSS=2.847543 | PCL_LOSS=0.399492 | MEAN_GATE=0.7459 | MEAN_VALID_PER_ROW=26.22 | MEAN_VALID_OFFDIAG=25.22 | BATCH_RMSE=0.512809
  STEP 400/718 | TOTAL_LOSS=0.566104 | REG_LOSS=0.225066 | SOFTCLIP_LOSS=2.854991 | PCL_LOSS=0.555394 | MEAN_GATE=0.7240 | MEAN_VALID_PER_ROW=25.81 | MEAN_VALID_OFFDIAG=24.81 | BATCH_RMSE=0.474411
  STEP 500/718 | TOTAL_LOSS=0.674659 | REG_LOSS=0.336958 | SOFTCLIP_LOSS=2.799074 | PCL_LOSS=0.577927 | MEAN_GATE=0.7069 | MEAN_VALID_PER_ROW=25.28 | MEAN_VALID_OFFDIAG=24.28 | BATCH_RMSE=0.580481
  STEP 600/718 | TOTAL_LOSS=0.707097 | REG_LOSS=0.354405 | SOFTCLIP_LOSS=2.957765 | PCL_LOSS=0.569147 | MEAN_GATE=0.6743 | MEAN_VALID_PER_ROW=26.69 | MEAN_VALID_OFFDIAG=25.69 | BATCH_RMSE=0.595320
  STEP 700/718 | TOTAL_LOSS=0.975218 | REG_LOSS=0.633951 | SOFTCLIP_LOSS=2.905594 | PCL_LOSS=0.507080 | MEAN_GATE=0.7763 | MEAN_VALID_PER_ROW=25.28 | MEAN_VALID_OFFDIAG=24.28 | BATCH_RMSE=0.796210
[EPOCH 012/030] TRAIN: TOTAL=0.881490 | REG=0.542188 | SOFTCLIP=2.818783 | PCL=0.574233 | RMSE=0.736334 | MAE=0.499534 | CI=0.775964 | RM2=0.319267
[EPOCH 012/030] VAL  : TOTAL=0.699682 | REG=0.475393 | SOFTCLIP=1.792119 | PCL=0.450776 | RMSE=0.689487 | MAE=0.466376 | CI=0.810519 | RM2=0.362105

EPOCH 13/30
  STEP 100/718 | TOTAL_LOSS=0.733950 | REG_LOSS=0.415808 | SOFTCLIP_LOSS=2.833038 | PCL_LOSS=0.348383 | MEAN_GATE=0.7383 | MEAN_VALID_PER_ROW=25.41 | MEAN_VALID_OFFDIAG=24.41 | BATCH_RMSE=0.644831
  STEP 200/718 | TOTAL_LOSS=1.236461 | REG_LOSS=0.906603 | SOFTCLIP_LOSS=2.725852 | PCL_LOSS=0.572731 | MEAN_GATE=0.7825 | MEAN_VALID_PER_ROW=25.34 | MEAN_VALID_OFFDIAG=24.34 | BATCH_RMSE=0.952157
  STEP 300/718 | TOTAL_LOSS=0.984292 | REG_LOSS=0.659884 | SOFTCLIP_LOSS=2.850050 | PCL_LOSS=0.394033 | MEAN_GATE=0.7532 | MEAN_VALID_PER_ROW=26.41 | MEAN_VALID_OFFDIAG=25.41 | BATCH_RMSE=0.812333
  STEP 400/718 | TOTAL_LOSS=0.711511 | REG_LOSS=0.378625 | SOFTCLIP_LOSS=2.683753 | PCL_LOSS=0.645108 | MEAN_GATE=0.7518 | MEAN_VALID_PER_ROW=25.44 | MEAN_VALID_OFFDIAG=24.44 | BATCH_RMSE=0.615325
  STEP 500/718 | TOTAL_LOSS=1.001378 | REG_LOSS=0.661950 | SOFTCLIP_LOSS=2.892441 | PCL_LOSS=0.501838 | MEAN_GATE=0.7130 | MEAN_VALID_PER_ROW=25.25 | MEAN_VALID_OFFDIAG=24.25 | BATCH_RMSE=0.813603
  STEP 600/718 | TOTAL_LOSS=0.716017 | REG_LOSS=0.394558 | SOFTCLIP_LOSS=2.713701 | PCL_LOSS=0.500897 | MEAN_GATE=0.7568 | MEAN_VALID_PER_ROW=26.00 | MEAN_VALID_OFFDIAG=25.00 | BATCH_RMSE=0.628138
  STEP 700/718 | TOTAL_LOSS=1.221287 | REG_LOSS=0.911409 | SOFTCLIP_LOSS=2.652596 | PCL_LOSS=0.446182 | MEAN_GATE=0.7513 | MEAN_VALID_PER_ROW=25.56 | MEAN_VALID_OFFDIAG=24.56 | BATCH_RMSE=0.954677
[EPOCH 013/030] TRAIN: TOTAL=0.871614 | REG=0.534263 | SOFTCLIP=2.816375 | PCL=0.557134 | RMSE=0.730933 | MAE=0.497387 | CI=0.780599 | RM2=0.327949
[EPOCH 013/030] VAL  : TOTAL=0.670003 | REG=0.443055 | SOFTCLIP=1.795180 | PCL=0.474297 | RMSE=0.665624 | MAE=0.412431 | CI=0.825908 | RM2=0.428941
  SAVED NEW BEST MODEL | EPOCH=013 | BEST_VAL_RMSE=0.665624 | BEST_VAL_MAE=0.412431 | BEST_VAL_CI=0.825908 | BEST_VAL_RM2=0.428941

EPOCH 14/30
  STEP 100/718 | TOTAL_LOSS=0.920264 | REG_LOSS=0.595865 | SOFTCLIP_LOSS=2.828233 | PCL_LOSS=0.415751 | MEAN_GATE=0.7407 | MEAN_VALID_PER_ROW=25.88 | MEAN_VALID_OFFDIAG=24.88 | BATCH_RMSE=0.771923
  STEP 200/718 | TOTAL_LOSS=0.893269 | REG_LOSS=0.571488 | SOFTCLIP_LOSS=2.826807 | PCL_LOSS=0.391005 | MEAN_GATE=0.7213 | MEAN_VALID_PER_ROW=26.59 | MEAN_VALID_OFFDIAG=25.59 | BATCH_RMSE=0.755968
  STEP 300/718 | TOTAL_LOSS=0.919931 | REG_LOSS=0.581630 | SOFTCLIP_LOSS=2.683920 | PCL_LOSS=0.699086 | MEAN_GATE=0.7343 | MEAN_VALID_PER_ROW=26.25 | MEAN_VALID_OFFDIAG=25.25 | BATCH_RMSE=0.762647
  STEP 400/718 | TOTAL_LOSS=0.915161 | REG_LOSS=0.583658 | SOFTCLIP_LOSS=2.799295 | PCL_LOSS=0.515736 | MEAN_GATE=0.7048 | MEAN_VALID_PER_ROW=26.44 | MEAN_VALID_OFFDIAG=25.44 | BATCH_RMSE=0.763975
  STEP 500/718 | TOTAL_LOSS=0.837198 | REG_LOSS=0.517664 | SOFTCLIP_LOSS=2.766074 | PCL_LOSS=0.429264 | MEAN_GATE=0.7400 | MEAN_VALID_PER_ROW=26.47 | MEAN_VALID_OFFDIAG=25.47 | BATCH_RMSE=0.719489
  STEP 600/718 | TOTAL_LOSS=1.283557 | REG_LOSS=0.949562 | SOFTCLIP_LOSS=2.838389 | PCL_LOSS=0.501565 | MEAN_GATE=0.7383 | MEAN_VALID_PER_ROW=26.16 | MEAN_VALID_OFFDIAG=25.16 | BATCH_RMSE=0.974455
  STEP 700/718 | TOTAL_LOSS=1.563400 | REG_LOSS=1.250237 | SOFTCLIP_LOSS=2.766852 | PCL_LOSS=0.364775 | MEAN_GATE=0.6989 | MEAN_VALID_PER_ROW=25.38 | MEAN_VALID_OFFDIAG=24.38 | BATCH_RMSE=1.118140
[EPOCH 014/030] TRAIN: TOTAL=0.869926 | REG=0.534181 | SOFTCLIP=2.813720 | PCL=0.543733 | RMSE=0.730877 | MAE=0.498464 | CI=0.782363 | RM2=0.327524
[EPOCH 014/030] VAL  : TOTAL=0.649894 | REG=0.434142 | SOFTCLIP=1.795123 | PCL=0.362401 | RMSE=0.658894 | MAE=0.403503 | CI=0.825596 | RM2=0.450307
  SAVED NEW BEST MODEL | EPOCH=014 | BEST_VAL_RMSE=0.658894 | BEST_VAL_MAE=0.403503 | BEST_VAL_CI=0.825596 | BEST_VAL_RM2=0.450307

EPOCH 15/30
  STEP 100/718 | TOTAL_LOSS=0.545610 | REG_LOSS=0.234048 | SOFTCLIP_LOSS=2.771006 | PCL_LOSS=0.344604 | MEAN_GATE=0.7289 | MEAN_VALID_PER_ROW=25.19 | MEAN_VALID_OFFDIAG=24.19 | BATCH_RMSE=0.483786
  STEP 200/718 | TOTAL_LOSS=0.648252 | REG_LOSS=0.318457 | SOFTCLIP_LOSS=2.914039 | PCL_LOSS=0.383913 | MEAN_GATE=0.7414 | MEAN_VALID_PER_ROW=25.91 | MEAN_VALID_OFFDIAG=24.91 | BATCH_RMSE=0.564320
  STEP 300/718 | TOTAL_LOSS=0.481166 | REG_LOSS=0.120166 | SOFTCLIP_LOSS=2.995317 | PCL_LOSS=0.614685 | MEAN_GATE=0.7152 | MEAN_VALID_PER_ROW=26.28 | MEAN_VALID_OFFDIAG=25.28 | BATCH_RMSE=0.346650
  STEP 400/718 | TOTAL_LOSS=0.488799 | REG_LOSS=0.131982 | SOFTCLIP_LOSS=3.037340 | PCL_LOSS=0.530828 | MEAN_GATE=0.7693 | MEAN_VALID_PER_ROW=26.56 | MEAN_VALID_OFFDIAG=25.56 | BATCH_RMSE=0.363293
  STEP 500/718 | TOTAL_LOSS=1.062775 | REG_LOSS=0.732139 | SOFTCLIP_LOSS=2.646507 | PCL_LOSS=0.659855 | MEAN_GATE=0.7469 | MEAN_VALID_PER_ROW=25.09 | MEAN_VALID_OFFDIAG=24.09 | BATCH_RMSE=0.855651
  STEP 600/718 | TOTAL_LOSS=0.852493 | REG_LOSS=0.530533 | SOFTCLIP_LOSS=2.689635 | PCL_LOSS=0.529961 | MEAN_GATE=0.7307 | MEAN_VALID_PER_ROW=26.22 | MEAN_VALID_OFFDIAG=25.22 | BATCH_RMSE=0.728377
  STEP 700/718 | TOTAL_LOSS=0.831329 | REG_LOSS=0.495188 | SOFTCLIP_LOSS=2.786479 | PCL_LOSS=0.574936 | MEAN_GATE=0.7036 | MEAN_VALID_PER_ROW=25.44 | MEAN_VALID_OFFDIAG=24.44 | BATCH_RMSE=0.703696
[EPOCH 015/030] TRAIN: TOTAL=0.863904 | REG=0.527910 | SOFTCLIP=2.810707 | PCL=0.549237 | RMSE=0.726574 | MAE=0.496555 | CI=0.783131 | RM2=0.334267
[EPOCH 015/030] VAL  : TOTAL=0.678969 | REG=0.445468 | SOFTCLIP=1.793694 | PCL=0.541319 | RMSE=0.667434 | MAE=0.422451 | CI=0.827400 | RM2=0.433049

EPOCH 16/30
  STEP 100/718 | TOTAL_LOSS=0.943337 | REG_LOSS=0.605352 | SOFTCLIP_LOSS=2.924591 | PCL_LOSS=0.455258 | MEAN_GATE=0.7227 | MEAN_VALID_PER_ROW=26.03 | MEAN_VALID_OFFDIAG=25.03 | BATCH_RMSE=0.778044
  STEP 200/718 | TOTAL_LOSS=0.722140 | REG_LOSS=0.402180 | SOFTCLIP_LOSS=2.802643 | PCL_LOSS=0.396956 | MEAN_GATE=0.6857 | MEAN_VALID_PER_ROW=26.22 | MEAN_VALID_OFFDIAG=25.22 | BATCH_RMSE=0.634177
  STEP 300/718 | TOTAL_LOSS=0.627882 | REG_LOSS=0.296141 | SOFTCLIP_LOSS=2.693061 | PCL_LOSS=0.624349 | MEAN_GATE=0.7364 | MEAN_VALID_PER_ROW=26.56 | MEAN_VALID_OFFDIAG=25.56 | BATCH_RMSE=0.544188
  STEP 400/718 | TOTAL_LOSS=0.533054 | REG_LOSS=0.202433 | SOFTCLIP_LOSS=2.868500 | PCL_LOSS=0.437701 | MEAN_GATE=0.7127 | MEAN_VALID_PER_ROW=25.66 | MEAN_VALID_OFFDIAG=24.66 | BATCH_RMSE=0.449926
  STEP 500/718 | TOTAL_LOSS=0.435299 | REG_LOSS=0.121971 | SOFTCLIP_LOSS=2.713323 | PCL_LOSS=0.419952 | MEAN_GATE=0.7396 | MEAN_VALID_PER_ROW=26.97 | MEAN_VALID_OFFDIAG=25.97 | BATCH_RMSE=0.349244
  STEP 600/718 | TOTAL_LOSS=0.545892 | REG_LOSS=0.210583 | SOFTCLIP_LOSS=2.815613 | PCL_LOSS=0.537477 | MEAN_GATE=0.7011 | MEAN_VALID_PER_ROW=25.44 | MEAN_VALID_OFFDIAG=24.44 | BATCH_RMSE=0.458893
  STEP 700/718 | TOTAL_LOSS=0.813231 | REG_LOSS=0.483258 | SOFTCLIP_LOSS=2.886911 | PCL_LOSS=0.412820 | MEAN_GATE=0.7248 | MEAN_VALID_PER_ROW=26.00 | MEAN_VALID_OFFDIAG=25.00 | BATCH_RMSE=0.695167
[EPOCH 016/030] TRAIN: TOTAL=0.845383 | REG=0.513303 | SOFTCLIP=2.807289 | PCL=0.513517 | RMSE=0.716451 | MAE=0.487685 | CI=0.789156 | RM2=0.351416
[EPOCH 016/030] VAL  : TOTAL=0.652208 | REG=0.429280 | SOFTCLIP=1.793080 | PCL=0.436201 | RMSE=0.655194 | MAE=0.419031 | CI=0.827120 | RM2=0.450199
  SAVED NEW BEST MODEL | EPOCH=016 | BEST_VAL_RMSE=0.655194 | BEST_VAL_MAE=0.419031 | BEST_VAL_CI=0.827120 | BEST_VAL_RM2=0.450199

EPOCH 17/30
  STEP 100/718 | TOTAL_LOSS=0.823082 | REG_LOSS=0.428705 | SOFTCLIP_LOSS=2.969665 | PCL_LOSS=0.974114 | MEAN_GATE=0.6904 | MEAN_VALID_PER_ROW=26.16 | MEAN_VALID_OFFDIAG=25.16 | BATCH_RMSE=0.654755
  STEP 200/718 | TOTAL_LOSS=0.800039 | REG_LOSS=0.456215 | SOFTCLIP_LOSS=2.795657 | PCL_LOSS=0.642593 | MEAN_GATE=0.6858 | MEAN_VALID_PER_ROW=25.59 | MEAN_VALID_OFFDIAG=24.59 | BATCH_RMSE=0.675437
  STEP 300/718 | TOTAL_LOSS=0.695510 | REG_LOSS=0.383796 | SOFTCLIP_LOSS=2.581131 | PCL_LOSS=0.536010 | MEAN_GATE=0.7164 | MEAN_VALID_PER_ROW=25.62 | MEAN_VALID_OFFDIAG=24.62 | BATCH_RMSE=0.619513
  STEP 400/718 | TOTAL_LOSS=0.592615 | REG_LOSS=0.250802 | SOFTCLIP_LOSS=2.939142 | PCL_LOSS=0.478991 | MEAN_GATE=0.7256 | MEAN_VALID_PER_ROW=25.31 | MEAN_VALID_OFFDIAG=24.31 | BATCH_RMSE=0.500801
  STEP 500/718 | TOTAL_LOSS=0.633850 | REG_LOSS=0.262946 | SOFTCLIP_LOSS=3.098206 | PCL_LOSS=0.610827 | MEAN_GATE=0.6855 | MEAN_VALID_PER_ROW=26.47 | MEAN_VALID_OFFDIAG=25.47 | BATCH_RMSE=0.512783
  STEP 600/718 | TOTAL_LOSS=0.791562 | REG_LOSS=0.463443 | SOFTCLIP_LOSS=2.888276 | PCL_LOSS=0.392918 | MEAN_GATE=0.7571 | MEAN_VALID_PER_ROW=25.56 | MEAN_VALID_OFFDIAG=24.56 | BATCH_RMSE=0.680766
  STEP 700/718 | TOTAL_LOSS=1.122114 | REG_LOSS=0.797418 | SOFTCLIP_LOSS=2.863550 | PCL_LOSS=0.383413 | MEAN_GATE=0.7312 | MEAN_VALID_PER_ROW=25.53 | MEAN_VALID_OFFDIAG=24.53 | BATCH_RMSE=0.892983
[EPOCH 017/030] TRAIN: TOTAL=0.838312 | REG=0.507645 | SOFTCLIP=2.808601 | PCL=0.498068 | RMSE=0.712492 | MAE=0.487776 | CI=0.791818 | RM2=0.357724
[EPOCH 017/030] VAL  : TOTAL=0.631045 | REG=0.417484 | SOFTCLIP=1.793435 | PCL=0.342172 | RMSE=0.646130 | MAE=0.402972 | CI=0.838448 | RM2=0.463890
  SAVED NEW BEST MODEL | EPOCH=017 | BEST_VAL_RMSE=0.646130 | BEST_VAL_MAE=0.402972 | BEST_VAL_CI=0.838448 | BEST_VAL_RM2=0.463890

EPOCH 18/30
  STEP 100/718 | TOTAL_LOSS=0.765376 | REG_LOSS=0.423995 | SOFTCLIP_LOSS=2.942287 | PCL_LOSS=0.471524 | MEAN_GATE=0.6797 | MEAN_VALID_PER_ROW=26.28 | MEAN_VALID_OFFDIAG=25.28 | BATCH_RMSE=0.651149
  STEP 200/718 | TOTAL_LOSS=1.237120 | REG_LOSS=0.942409 | SOFTCLIP_LOSS=2.716087 | PCL_LOSS=0.231023 | MEAN_GATE=0.6928 | MEAN_VALID_PER_ROW=25.56 | MEAN_VALID_OFFDIAG=24.56 | BATCH_RMSE=0.970778
  STEP 300/718 | TOTAL_LOSS=1.247555 | REG_LOSS=0.903227 | SOFTCLIP_LOSS=2.825781 | PCL_LOSS=0.617504 | MEAN_GATE=0.7673 | MEAN_VALID_PER_ROW=25.88 | MEAN_VALID_OFFDIAG=24.88 | BATCH_RMSE=0.950383
  STEP 400/718 | TOTAL_LOSS=0.848523 | REG_LOSS=0.512147 | SOFTCLIP_LOSS=2.879154 | PCL_LOSS=0.484608 | MEAN_GATE=0.7083 | MEAN_VALID_PER_ROW=25.00 | MEAN_VALID_OFFDIAG=24.00 | BATCH_RMSE=0.715644
  STEP 500/718 | TOTAL_LOSS=1.119977 | REG_LOSS=0.824211 | SOFTCLIP_LOSS=2.569746 | PCL_LOSS=0.387912 | MEAN_GATE=0.7335 | MEAN_VALID_PER_ROW=25.72 | MEAN_VALID_OFFDIAG=24.72 | BATCH_RMSE=0.907861
  STEP 600/718 | TOTAL_LOSS=0.610297 | REG_LOSS=0.276271 | SOFTCLIP_LOSS=2.900468 | PCL_LOSS=0.439787 | MEAN_GATE=0.7131 | MEAN_VALID_PER_ROW=25.88 | MEAN_VALID_OFFDIAG=24.88 | BATCH_RMSE=0.525615
  STEP 700/718 | TOTAL_LOSS=0.784615 | REG_LOSS=0.435451 | SOFTCLIP_LOSS=2.805233 | PCL_LOSS=0.686407 | MEAN_GATE=0.7225 | MEAN_VALID_PER_ROW=26.09 | MEAN_VALID_OFFDIAG=25.09 | BATCH_RMSE=0.659887
[EPOCH 018/030] TRAIN: TOTAL=0.830448 | REG=0.498016 | SOFTCLIP=2.805182 | PCL=0.519136 | RMSE=0.705703 | MAE=0.484759 | CI=0.791876 | RM2=0.366920
[EPOCH 018/030] VAL  : TOTAL=0.644506 | REG=0.433180 | SOFTCLIP=1.797996 | PCL=0.315260 | RMSE=0.658164 | MAE=0.482201 | CI=0.836958 | RM2=0.432946

EPOCH 19/30
  STEP 100/718 | TOTAL_LOSS=1.177922 | REG_LOSS=0.858494 | SOFTCLIP_LOSS=2.827862 | PCL_LOSS=0.366414 | MEAN_GATE=0.7349 | MEAN_VALID_PER_ROW=26.31 | MEAN_VALID_OFFDIAG=25.31 | BATCH_RMSE=0.926550
  STEP 200/718 | TOTAL_LOSS=0.668384 | REG_LOSS=0.321182 | SOFTCLIP_LOSS=3.018717 | PCL_LOSS=0.453300 | MEAN_GATE=0.7019 | MEAN_VALID_PER_ROW=25.78 | MEAN_VALID_OFFDIAG=24.78 | BATCH_RMSE=0.566729
  STEP 300/718 | TOTAL_LOSS=0.731815 | REG_LOSS=0.383818 | SOFTCLIP_LOSS=2.883271 | PCL_LOSS=0.596704 | MEAN_GATE=0.7295 | MEAN_VALID_PER_ROW=25.88 | MEAN_VALID_OFFDIAG=24.88 | BATCH_RMSE=0.619530
  STEP 400/718 | TOTAL_LOSS=0.713653 | REG_LOSS=0.395410 | SOFTCLIP_LOSS=2.821496 | PCL_LOSS=0.360934 | MEAN_GATE=0.7300 | MEAN_VALID_PER_ROW=25.78 | MEAN_VALID_OFFDIAG=24.78 | BATCH_RMSE=0.628816
  STEP 500/718 | TOTAL_LOSS=0.694542 | REG_LOSS=0.374225 | SOFTCLIP_LOSS=2.846690 | PCL_LOSS=0.356475 | MEAN_GATE=0.7238 | MEAN_VALID_PER_ROW=26.16 | MEAN_VALID_OFFDIAG=25.16 | BATCH_RMSE=0.611740
  STEP 600/718 | TOTAL_LOSS=0.729171 | REG_LOSS=0.417468 | SOFTCLIP_LOSS=2.733653 | PCL_LOSS=0.383385 | MEAN_GATE=0.7329 | MEAN_VALID_PER_ROW=25.78 | MEAN_VALID_OFFDIAG=24.78 | BATCH_RMSE=0.646117
  STEP 700/718 | TOTAL_LOSS=0.618274 | REG_LOSS=0.327110 | SOFTCLIP_LOSS=2.689419 | PCL_LOSS=0.222216 | MEAN_GATE=0.7432 | MEAN_VALID_PER_ROW=25.28 | MEAN_VALID_OFFDIAG=24.28 | BATCH_RMSE=0.571936
[EPOCH 019/030] TRAIN: TOTAL=0.814896 | REG=0.488260 | SOFTCLIP=2.799943 | PCL=0.466417 | RMSE=0.698756 | MAE=0.479777 | CI=0.797890 | RM2=0.378771
[EPOCH 019/030] VAL  : TOTAL=0.633296 | REG=0.418721 | SOFTCLIP=1.793660 | PCL=0.352086 | RMSE=0.647087 | MAE=0.394089 | CI=0.838462 | RM2=0.478457

EPOCH 20/30
  STEP 100/718 | TOTAL_LOSS=0.878482 | REG_LOSS=0.548462 | SOFTCLIP_LOSS=2.797656 | PCL_LOSS=0.502542 | MEAN_GATE=0.6523 | MEAN_VALID_PER_ROW=25.00 | MEAN_VALID_OFFDIAG=24.00 | BATCH_RMSE=0.740582
  STEP 200/718 | TOTAL_LOSS=0.537417 | REG_LOSS=0.205366 | SOFTCLIP_LOSS=2.923264 | PCL_LOSS=0.397249 | MEAN_GATE=0.6639 | MEAN_VALID_PER_ROW=26.22 | MEAN_VALID_OFFDIAG=25.22 | BATCH_RMSE=0.453173
  STEP 300/718 | TOTAL_LOSS=0.502342 | REG_LOSS=0.195478 | SOFTCLIP_LOSS=2.617274 | PCL_LOSS=0.451367 | MEAN_GATE=0.7228 | MEAN_VALID_PER_ROW=26.06 | MEAN_VALID_OFFDIAG=25.06 | BATCH_RMSE=0.442129
  STEP 400/718 | TOTAL_LOSS=0.984991 | REG_LOSS=0.640996 | SOFTCLIP_LOSS=2.860515 | PCL_LOSS=0.579427 | MEAN_GATE=0.7237 | MEAN_VALID_PER_ROW=26.06 | MEAN_VALID_OFFDIAG=25.06 | BATCH_RMSE=0.800623
  STEP 500/718 | TOTAL_LOSS=0.470519 | REG_LOSS=0.118052 | SOFTCLIP_LOSS=2.904974 | PCL_LOSS=0.619696 | MEAN_GATE=0.7088 | MEAN_VALID_PER_ROW=25.44 | MEAN_VALID_OFFDIAG=24.44 | BATCH_RMSE=0.343588
  STEP 600/718 | TOTAL_LOSS=1.026348 | REG_LOSS=0.691277 | SOFTCLIP_LOSS=2.847386 | PCL_LOSS=0.503328 | MEAN_GATE=0.7005 | MEAN_VALID_PER_ROW=25.56 | MEAN_VALID_OFFDIAG=24.56 | BATCH_RMSE=0.831431
  STEP 700/718 | TOTAL_LOSS=0.981174 | REG_LOSS=0.626087 | SOFTCLIP_LOSS=2.842857 | PCL_LOSS=0.708016 | MEAN_GATE=0.6934 | MEAN_VALID_PER_ROW=25.66 | MEAN_VALID_OFFDIAG=24.66 | BATCH_RMSE=0.791257
[EPOCH 020/030] TRAIN: TOTAL=0.815267 | REG=0.486286 | SOFTCLIP=2.799153 | PCL=0.490653 | RMSE=0.697342 | MAE=0.480209 | CI=0.795505 | RM2=0.380321
[EPOCH 020/030] VAL  : TOTAL=0.612412 | REG=0.402568 | SOFTCLIP=1.790200 | PCL=0.308233 | RMSE=0.634483 | MAE=0.401394 | CI=0.830784 | RM2=0.477501
  SAVED NEW BEST MODEL | EPOCH=020 | BEST_VAL_RMSE=0.634483 | BEST_VAL_MAE=0.401394 | BEST_VAL_CI=0.830784 | BEST_VAL_RM2=0.477501

EPOCH 21/30
  STEP 100/718 | TOTAL_LOSS=1.001987 | REG_LOSS=0.676213 | SOFTCLIP_LOSS=2.674403 | PCL_LOSS=0.583333 | MEAN_GATE=0.6745 | MEAN_VALID_PER_ROW=26.16 | MEAN_VALID_OFFDIAG=25.16 | BATCH_RMSE=0.822322
  STEP 200/718 | TOTAL_LOSS=0.939110 | REG_LOSS=0.607785 | SOFTCLIP_LOSS=2.836180 | PCL_LOSS=0.477077 | MEAN_GATE=0.6771 | MEAN_VALID_PER_ROW=25.00 | MEAN_VALID_OFFDIAG=24.00 | BATCH_RMSE=0.779605
  STEP 300/718 | TOTAL_LOSS=0.544992 | REG_LOSS=0.217549 | SOFTCLIP_LOSS=2.893030 | PCL_LOSS=0.381402 | MEAN_GATE=0.6677 | MEAN_VALID_PER_ROW=25.91 | MEAN_VALID_OFFDIAG=24.91 | BATCH_RMSE=0.466421
  STEP 400/718 | TOTAL_LOSS=0.832334 | REG_LOSS=0.542595 | SOFTCLIP_LOSS=2.575880 | PCL_LOSS=0.321510 | MEAN_GATE=0.7336 | MEAN_VALID_PER_ROW=26.47 | MEAN_VALID_OFFDIAG=25.47 | BATCH_RMSE=0.736610
  STEP 500/718 | TOTAL_LOSS=0.715836 | REG_LOSS=0.394259 | SOFTCLIP_LOSS=2.819280 | PCL_LOSS=0.396486 | MEAN_GATE=0.7362 | MEAN_VALID_PER_ROW=25.72 | MEAN_VALID_OFFDIAG=24.72 | BATCH_RMSE=0.627901
  STEP 600/718 | TOTAL_LOSS=0.725247 | REG_LOSS=0.401497 | SOFTCLIP_LOSS=2.759708 | PCL_LOSS=0.477799 | MEAN_GATE=0.7044 | MEAN_VALID_PER_ROW=26.50 | MEAN_VALID_OFFDIAG=25.50 | BATCH_RMSE=0.633638
  STEP 700/718 | TOTAL_LOSS=0.671760 | REG_LOSS=0.325655 | SOFTCLIP_LOSS=2.797607 | PCL_LOSS=0.663438 | MEAN_GATE=0.6868 | MEAN_VALID_PER_ROW=25.97 | MEAN_VALID_OFFDIAG=24.97 | BATCH_RMSE=0.570662
[EPOCH 021/030] TRAIN: TOTAL=0.807527 | REG=0.481130 | SOFTCLIP=2.798518 | PCL=0.465457 | RMSE=0.693635 | MAE=0.477448 | CI=0.799327 | RM2=0.385271
[EPOCH 021/030] VAL  : TOTAL=0.630709 | REG=0.420043 | SOFTCLIP=1.788613 | PCL=0.318054 | RMSE=0.648107 | MAE=0.406622 | CI=0.840145 | RM2=0.507752

EPOCH 22/30
  STEP 100/718 | TOTAL_LOSS=0.581240 | REG_LOSS=0.271474 | SOFTCLIP_LOSS=2.631985 | PCL_LOSS=0.465681 | MEAN_GATE=0.7918 | MEAN_VALID_PER_ROW=25.75 | MEAN_VALID_OFFDIAG=24.75 | BATCH_RMSE=0.521031
  STEP 200/718 | TOTAL_LOSS=0.823554 | REG_LOSS=0.483079 | SOFTCLIP_LOSS=2.693633 | PCL_LOSS=0.711112 | MEAN_GATE=0.7790 | MEAN_VALID_PER_ROW=25.47 | MEAN_VALID_OFFDIAG=24.47 | BATCH_RMSE=0.695039
  STEP 300/718 | TOTAL_LOSS=0.912640 | REG_LOSS=0.612383 | SOFTCLIP_LOSS=2.637274 | PCL_LOSS=0.365295 | MEAN_GATE=0.7323 | MEAN_VALID_PER_ROW=25.69 | MEAN_VALID_OFFDIAG=24.69 | BATCH_RMSE=0.782549
  STEP 400/718 | TOTAL_LOSS=0.824711 | REG_LOSS=0.425673 | SOFTCLIP_LOSS=2.926792 | PCL_LOSS=1.063593 | MEAN_GATE=0.6849 | MEAN_VALID_PER_ROW=24.94 | MEAN_VALID_OFFDIAG=23.94 | BATCH_RMSE=0.652436
  STEP 500/718 | TOTAL_LOSS=0.994293 | REG_LOSS=0.655434 | SOFTCLIP_LOSS=2.939054 | PCL_LOSS=0.449542 | MEAN_GATE=0.6747 | MEAN_VALID_PER_ROW=25.56 | MEAN_VALID_OFFDIAG=24.56 | BATCH_RMSE=0.809589
  STEP 600/718 | TOTAL_LOSS=0.844950 | REG_LOSS=0.518193 | SOFTCLIP_LOSS=2.918188 | PCL_LOSS=0.349384 | MEAN_GATE=0.7423 | MEAN_VALID_PER_ROW=26.56 | MEAN_VALID_OFFDIAG=25.56 | BATCH_RMSE=0.719856
  STEP 700/718 | TOTAL_LOSS=0.702557 | REG_LOSS=0.367038 | SOFTCLIP_LOSS=3.017246 | PCL_LOSS=0.337945 | MEAN_GATE=0.6825 | MEAN_VALID_PER_ROW=26.03 | MEAN_VALID_OFFDIAG=25.03 | BATCH_RMSE=0.605837
[EPOCH 022/030] TRAIN: TOTAL=0.796739 | REG=0.470023 | SOFTCLIP=2.799329 | PCL=0.467837 | RMSE=0.685582 | MAE=0.471934 | CI=0.798790 | RM2=0.397763
[EPOCH 022/030] VAL  : TOTAL=0.599427 | REG=0.391378 | SOFTCLIP=1.791547 | PCL=0.288939 | RMSE=0.625602 | MAE=0.396498 | CI=0.837535 | RM2=0.495975
  SAVED NEW BEST MODEL | EPOCH=022 | BEST_VAL_RMSE=0.625602 | BEST_VAL_MAE=0.396498 | BEST_VAL_CI=0.837535 | BEST_VAL_RM2=0.495975

EPOCH 23/30
  STEP 100/718 | TOTAL_LOSS=0.525265 | REG_LOSS=0.233170 | SOFTCLIP_LOSS=2.651971 | PCL_LOSS=0.268978 | MEAN_GATE=0.7093 | MEAN_VALID_PER_ROW=26.47 | MEAN_VALID_OFFDIAG=25.47 | BATCH_RMSE=0.482876
  STEP 200/718 | TOTAL_LOSS=0.918591 | REG_LOSS=0.568077 | SOFTCLIP_LOSS=2.943937 | PCL_LOSS=0.561205 | MEAN_GATE=0.6930 | MEAN_VALID_PER_ROW=25.59 | MEAN_VALID_OFFDIAG=24.59 | BATCH_RMSE=0.753709
  STEP 300/718 | TOTAL_LOSS=0.713525 | REG_LOSS=0.381339 | SOFTCLIP_LOSS=3.004195 | PCL_LOSS=0.317658 | MEAN_GATE=0.6849 | MEAN_VALID_PER_ROW=26.03 | MEAN_VALID_OFFDIAG=25.03 | BATCH_RMSE=0.617527
  STEP 400/718 | TOTAL_LOSS=1.415939 | REG_LOSS=1.078926 | SOFTCLIP_LOSS=2.864374 | PCL_LOSS=0.505749 | MEAN_GATE=0.6618 | MEAN_VALID_PER_ROW=26.31 | MEAN_VALID_OFFDIAG=25.31 | BATCH_RMSE=1.038714
  STEP 500/718 | TOTAL_LOSS=0.817893 | REG_LOSS=0.477686 | SOFTCLIP_LOSS=2.823436 | PCL_LOSS=0.578636 | MEAN_GATE=0.7387 | MEAN_VALID_PER_ROW=25.31 | MEAN_VALID_OFFDIAG=24.31 | BATCH_RMSE=0.691148
  STEP 600/718 | TOTAL_LOSS=0.573501 | REG_LOSS=0.255916 | SOFTCLIP_LOSS=2.928960 | PCL_LOSS=0.246889 | MEAN_GATE=0.6723 | MEAN_VALID_PER_ROW=27.44 | MEAN_VALID_OFFDIAG=26.44 | BATCH_RMSE=0.505882
  STEP 700/718 | TOTAL_LOSS=0.957763 | REG_LOSS=0.623593 | SOFTCLIP_LOSS=2.881392 | PCL_LOSS=0.460307 | MEAN_GATE=0.7316 | MEAN_VALID_PER_ROW=26.22 | MEAN_VALID_OFFDIAG=25.22 | BATCH_RMSE=0.789679
[EPOCH 023/030] TRAIN: TOTAL=0.799073 | REG=0.473990 | SOFTCLIP=2.796591 | PCL=0.454234 | RMSE=0.688470 | MAE=0.474464 | CI=0.799903 | RM2=0.393016
[EPOCH 023/030] VAL  : TOTAL=0.597019 | REG=0.384405 | SOFTCLIP=1.787101 | PCL=0.339042 | RMSE=0.620004 | MAE=0.403934 | CI=0.838888 | RM2=0.475261
  SAVED NEW BEST MODEL | EPOCH=023 | BEST_VAL_RMSE=0.620004 | BEST_VAL_MAE=0.403934 | BEST_VAL_CI=0.838888 | BEST_VAL_RM2=0.475261

EPOCH 24/30
  STEP 100/718 | TOTAL_LOSS=1.046528 | REG_LOSS=0.739999 | SOFTCLIP_LOSS=2.701614 | PCL_LOSS=0.363677 | MEAN_GATE=0.7492 | MEAN_VALID_PER_ROW=25.84 | MEAN_VALID_OFFDIAG=24.84 | BATCH_RMSE=0.860232
  STEP 200/718 | TOTAL_LOSS=0.812499 | REG_LOSS=0.511605 | SOFTCLIP_LOSS=2.676489 | PCL_LOSS=0.332454 | MEAN_GATE=0.6626 | MEAN_VALID_PER_ROW=26.16 | MEAN_VALID_OFFDIAG=25.16 | BATCH_RMSE=0.715266
  STEP 300/718 | TOTAL_LOSS=0.992949 | REG_LOSS=0.653998 | SOFTCLIP_LOSS=2.786615 | PCL_LOSS=0.602893 | MEAN_GATE=0.6758 | MEAN_VALID_PER_ROW=25.72 | MEAN_VALID_OFFDIAG=24.72 | BATCH_RMSE=0.808702
  STEP 400/718 | TOTAL_LOSS=0.997267 | REG_LOSS=0.671796 | SOFTCLIP_LOSS=2.775062 | PCL_LOSS=0.479650 | MEAN_GATE=0.7229 | MEAN_VALID_PER_ROW=25.25 | MEAN_VALID_OFFDIAG=24.25 | BATCH_RMSE=0.819632
  STEP 500/718 | TOTAL_LOSS=0.995136 | REG_LOSS=0.668897 | SOFTCLIP_LOSS=2.841322 | PCL_LOSS=0.421070 | MEAN_GATE=0.7550 | MEAN_VALID_PER_ROW=26.75 | MEAN_VALID_OFFDIAG=25.75 | BATCH_RMSE=0.817861
  STEP 600/718 | TOTAL_LOSS=1.064939 | REG_LOSS=0.723966 | SOFTCLIP_LOSS=2.852096 | PCL_LOSS=0.557633 | MEAN_GATE=0.6725 | MEAN_VALID_PER_ROW=26.38 | MEAN_VALID_OFFDIAG=25.38 | BATCH_RMSE=0.850862
  STEP 700/718 | TOTAL_LOSS=0.701155 | REG_LOSS=0.393038 | SOFTCLIP_LOSS=2.884717 | PCL_LOSS=0.196460 | MEAN_GATE=0.7331 | MEAN_VALID_PER_ROW=26.75 | MEAN_VALID_OFFDIAG=25.75 | BATCH_RMSE=0.626927
[EPOCH 024/030] TRAIN: TOTAL=0.786851 | REG=0.463393 | SOFTCLIP=2.797995 | PCL=0.436579 | RMSE=0.680730 | MAE=0.466958 | CI=0.803946 | RM2=0.405682
[EPOCH 024/030] VAL  : TOTAL=0.607081 | REG=0.394875 | SOFTCLIP=1.788570 | PCL=0.333487 | RMSE=0.628391 | MAE=0.387908 | CI=0.840031 | RM2=0.514096

EPOCH 25/30
  STEP 100/718 | TOTAL_LOSS=0.707780 | REG_LOSS=0.361356 | SOFTCLIP_LOSS=2.812687 | PCL_LOSS=0.651550 | MEAN_GATE=0.6985 | MEAN_VALID_PER_ROW=25.66 | MEAN_VALID_OFFDIAG=24.66 | BATCH_RMSE=0.601129
  STEP 200/718 | TOTAL_LOSS=0.530833 | REG_LOSS=0.219206 | SOFTCLIP_LOSS=2.829073 | PCL_LOSS=0.287197 | MEAN_GATE=0.7334 | MEAN_VALID_PER_ROW=25.50 | MEAN_VALID_OFFDIAG=24.50 | BATCH_RMSE=0.468195
  STEP 300/718 | TOTAL_LOSS=0.829581 | REG_LOSS=0.520727 | SOFTCLIP_LOSS=2.787182 | PCL_LOSS=0.301352 | MEAN_GATE=0.7406 | MEAN_VALID_PER_ROW=25.72 | MEAN_VALID_OFFDIAG=24.72 | BATCH_RMSE=0.721614
  STEP 400/718 | TOTAL_LOSS=0.650827 | REG_LOSS=0.329560 | SOFTCLIP_LOSS=2.729394 | PCL_LOSS=0.483273 | MEAN_GATE=0.6816 | MEAN_VALID_PER_ROW=26.22 | MEAN_VALID_OFFDIAG=25.22 | BATCH_RMSE=0.574073
  STEP 500/718 | TOTAL_LOSS=1.368255 | REG_LOSS=1.006004 | SOFTCLIP_LOSS=2.747278 | PCL_LOSS=0.875236 | MEAN_GATE=0.7127 | MEAN_VALID_PER_ROW=25.06 | MEAN_VALID_OFFDIAG=24.06 | BATCH_RMSE=1.002997
  STEP 600/718 | TOTAL_LOSS=0.611508 | REG_LOSS=0.311680 | SOFTCLIP_LOSS=2.735515 | PCL_LOSS=0.262772 | MEAN_GATE=0.6994 | MEAN_VALID_PER_ROW=26.22 | MEAN_VALID_OFFDIAG=25.22 | BATCH_RMSE=0.558283
  STEP 700/718 | TOTAL_LOSS=0.508710 | REG_LOSS=0.177400 | SOFTCLIP_LOSS=2.879839 | PCL_LOSS=0.433254 | MEAN_GATE=0.7432 | MEAN_VALID_PER_ROW=26.25 | MEAN_VALID_OFFDIAG=25.25 | BATCH_RMSE=0.421189
[EPOCH 025/030] TRAIN: TOTAL=0.778523 | REG=0.454230 | SOFTCLIP=2.796669 | PCL=0.446268 | RMSE=0.673966 | MAE=0.462119 | CI=0.806898 | RM2=0.416186
[EPOCH 025/030] VAL  : TOTAL=0.602489 | REG=0.397100 | SOFTCLIP=1.788864 | PCL=0.265022 | RMSE=0.630159 | MAE=0.396557 | CI=0.837308 | RM2=0.493298

EPOCH 26/30
  STEP 100/718 | TOTAL_LOSS=0.637493 | REG_LOSS=0.325969 | SOFTCLIP_LOSS=2.804647 | PCL_LOSS=0.310587 | MEAN_GATE=0.6832 | MEAN_VALID_PER_ROW=25.97 | MEAN_VALID_OFFDIAG=24.97 | BATCH_RMSE=0.570937
  STEP 200/718 | TOTAL_LOSS=0.816118 | REG_LOSS=0.472852 | SOFTCLIP_LOSS=2.908222 | PCL_LOSS=0.524439 | MEAN_GATE=0.7556 | MEAN_VALID_PER_ROW=25.84 | MEAN_VALID_OFFDIAG=24.84 | BATCH_RMSE=0.687642
  STEP 300/718 | TOTAL_LOSS=0.640920 | REG_LOSS=0.306501 | SOFTCLIP_LOSS=2.876280 | PCL_LOSS=0.467913 | MEAN_GATE=0.6944 | MEAN_VALID_PER_ROW=25.56 | MEAN_VALID_OFFDIAG=24.56 | BATCH_RMSE=0.553626
  STEP 400/718 | TOTAL_LOSS=0.601233 | REG_LOSS=0.249927 | SOFTCLIP_LOSS=2.791945 | PCL_LOSS=0.721116 | MEAN_GATE=0.6857 | MEAN_VALID_PER_ROW=26.12 | MEAN_VALID_OFFDIAG=25.12 | BATCH_RMSE=0.499927
  STEP 500/718 | TOTAL_LOSS=0.781635 | REG_LOSS=0.464024 | SOFTCLIP_LOSS=2.768118 | PCL_LOSS=0.407993 | MEAN_GATE=0.7014 | MEAN_VALID_PER_ROW=26.81 | MEAN_VALID_OFFDIAG=25.81 | BATCH_RMSE=0.681193
  STEP 600/718 | TOTAL_LOSS=0.781247 | REG_LOSS=0.444416 | SOFTCLIP_LOSS=2.897119 | PCL_LOSS=0.471193 | MEAN_GATE=0.7326 | MEAN_VALID_PER_ROW=26.38 | MEAN_VALID_OFFDIAG=25.38 | BATCH_RMSE=0.666645
  STEP 700/718 | TOTAL_LOSS=0.813518 | REG_LOSS=0.499704 | SOFTCLIP_LOSS=2.689187 | PCL_LOSS=0.448950 | MEAN_GATE=0.7320 | MEAN_VALID_PER_ROW=26.44 | MEAN_VALID_OFFDIAG=25.44 | BATCH_RMSE=0.706898
[EPOCH 026/030] TRAIN: TOTAL=0.780145 | REG=0.457920 | SOFTCLIP=2.793322 | PCL=0.428926 | RMSE=0.676698 | MAE=0.465151 | CI=0.802868 | RM2=0.410782
[EPOCH 026/030] VAL  : TOTAL=0.582453 | REG=0.374277 | SOFTCLIP=1.792956 | PCL=0.288803 | RMSE=0.611782 | MAE=0.388163 | CI=0.840243 | RM2=0.505868
  SAVED NEW BEST MODEL | EPOCH=026 | BEST_VAL_RMSE=0.611782 | BEST_VAL_MAE=0.388163 | BEST_VAL_CI=0.840243 | BEST_VAL_RM2=0.505868

EPOCH 27/30
  STEP 100/718 | TOTAL_LOSS=0.754115 | REG_LOSS=0.427851 | SOFTCLIP_LOSS=2.822944 | PCL_LOSS=0.439694 | MEAN_GATE=0.6849 | MEAN_VALID_PER_ROW=26.00 | MEAN_VALID_OFFDIAG=25.00 | BATCH_RMSE=0.654103
  STEP 200/718 | TOTAL_LOSS=0.584320 | REG_LOSS=0.253539 | SOFTCLIP_LOSS=2.939583 | PCL_LOSS=0.368228 | MEAN_GATE=0.6848 | MEAN_VALID_PER_ROW=26.25 | MEAN_VALID_OFFDIAG=25.25 | BATCH_RMSE=0.503527
  STEP 300/718 | TOTAL_LOSS=0.562551 | REG_LOSS=0.238095 | SOFTCLIP_LOSS=2.778968 | PCL_LOSS=0.465589 | MEAN_GATE=0.7077 | MEAN_VALID_PER_ROW=26.12 | MEAN_VALID_OFFDIAG=25.12 | BATCH_RMSE=0.487950
  STEP 400/718 | TOTAL_LOSS=0.590702 | REG_LOSS=0.272805 | SOFTCLIP_LOSS=2.785180 | PCL_LOSS=0.393794 | MEAN_GATE=0.6110 | MEAN_VALID_PER_ROW=25.78 | MEAN_VALID_OFFDIAG=24.78 | BATCH_RMSE=0.522307
  STEP 500/718 | TOTAL_LOSS=0.905690 | REG_LOSS=0.563367 | SOFTCLIP_LOSS=2.867306 | PCL_LOSS=0.555924 | MEAN_GATE=0.6593 | MEAN_VALID_PER_ROW=25.41 | MEAN_VALID_OFFDIAG=24.41 | BATCH_RMSE=0.750577
  STEP 600/718 | TOTAL_LOSS=0.684539 | REG_LOSS=0.352022 | SOFTCLIP_LOSS=2.805098 | PCL_LOSS=0.520073 | MEAN_GATE=0.6551 | MEAN_VALID_PER_ROW=25.97 | MEAN_VALID_OFFDIAG=24.97 | BATCH_RMSE=0.593315
  STEP 700/718 | TOTAL_LOSS=0.721936 | REG_LOSS=0.412585 | SOFTCLIP_LOSS=2.745491 | PCL_LOSS=0.348025 | MEAN_GATE=0.7033 | MEAN_VALID_PER_ROW=25.59 | MEAN_VALID_OFFDIAG=24.59 | BATCH_RMSE=0.642328
[EPOCH 027/030] TRAIN: TOTAL=0.770404 | REG=0.449271 | SOFTCLIP=2.792526 | PCL=0.418804 | RMSE=0.670277 | MAE=0.459597 | CI=0.806071 | RM2=0.420879
[EPOCH 027/030] VAL  : TOTAL=0.614076 | REG=0.408950 | SOFTCLIP=1.784944 | PCL=0.266320 | RMSE=0.639492 | MAE=0.412585 | CI=0.847786 | RM2=0.521167

EPOCH 28/30
  STEP 100/718 | TOTAL_LOSS=1.102035 | REG_LOSS=0.776463 | SOFTCLIP_LOSS=2.737423 | PCL_LOSS=0.518292 | MEAN_GATE=0.6590 | MEAN_VALID_PER_ROW=25.72 | MEAN_VALID_OFFDIAG=24.72 | BATCH_RMSE=0.881172
  STEP 200/718 | TOTAL_LOSS=0.558488 | REG_LOSS=0.225043 | SOFTCLIP_LOSS=2.861562 | PCL_LOSS=0.472890 | MEAN_GATE=0.6564 | MEAN_VALID_PER_ROW=25.47 | MEAN_VALID_OFFDIAG=24.47 | BATCH_RMSE=0.474387
  STEP 300/718 | TOTAL_LOSS=0.607963 | REG_LOSS=0.277599 | SOFTCLIP_LOSS=2.852909 | PCL_LOSS=0.450732 | MEAN_GATE=0.7250 | MEAN_VALID_PER_ROW=26.84 | MEAN_VALID_OFFDIAG=25.84 | BATCH_RMSE=0.526877
  STEP 400/718 | TOTAL_LOSS=0.716134 | REG_LOSS=0.382650 | SOFTCLIP_LOSS=2.771150 | PCL_LOSS=0.563691 | MEAN_GATE=0.6953 | MEAN_VALID_PER_ROW=26.50 | MEAN_VALID_OFFDIAG=25.50 | BATCH_RMSE=0.618587
  STEP 500/718 | TOTAL_LOSS=0.753091 | REG_LOSS=0.421802 | SOFTCLIP_LOSS=2.887743 | PCL_LOSS=0.425146 | MEAN_GATE=0.6751 | MEAN_VALID_PER_ROW=25.59 | MEAN_VALID_OFFDIAG=24.59 | BATCH_RMSE=0.649463
  STEP 600/718 | TOTAL_LOSS=0.818663 | REG_LOSS=0.508685 | SOFTCLIP_LOSS=2.714090 | PCL_LOSS=0.385690 | MEAN_GATE=0.6584 | MEAN_VALID_PER_ROW=25.94 | MEAN_VALID_OFFDIAG=24.94 | BATCH_RMSE=0.713221
  STEP 700/718 | TOTAL_LOSS=0.740944 | REG_LOSS=0.408038 | SOFTCLIP_LOSS=2.876502 | PCL_LOSS=0.452555 | MEAN_GATE=0.6885 | MEAN_VALID_PER_ROW=26.34 | MEAN_VALID_OFFDIAG=25.34 | BATCH_RMSE=0.638779
[EPOCH 028/030] TRAIN: TOTAL=0.765930 | REG=0.447131 | SOFTCLIP=2.790640 | PCL=0.397359 | RMSE=0.668678 | MAE=0.460470 | CI=0.807255 | RM2=0.422429
[EPOCH 028/030] VAL  : TOTAL=0.594582 | REG=0.391151 | SOFTCLIP=1.785081 | PCL=0.249225 | RMSE=0.625421 | MAE=0.384289 | CI=0.844040 | RM2=0.527725

EPOCH 29/30
  STEP 100/718 | TOTAL_LOSS=0.669253 | REG_LOSS=0.351601 | SOFTCLIP_LOSS=2.752856 | PCL_LOSS=0.423658 | MEAN_GATE=0.6816 | MEAN_VALID_PER_ROW=26.06 | MEAN_VALID_OFFDIAG=25.06 | BATCH_RMSE=0.592960
  STEP 200/718 | TOTAL_LOSS=0.640222 | REG_LOSS=0.318855 | SOFTCLIP_LOSS=2.832267 | PCL_LOSS=0.381404 | MEAN_GATE=0.6966 | MEAN_VALID_PER_ROW=25.81 | MEAN_VALID_OFFDIAG=24.81 | BATCH_RMSE=0.564672
  STEP 300/718 | TOTAL_LOSS=0.839119 | REG_LOSS=0.512256 | SOFTCLIP_LOSS=2.711966 | PCL_LOSS=0.556663 | MEAN_GATE=0.7448 | MEAN_VALID_PER_ROW=25.50 | MEAN_VALID_OFFDIAG=24.50 | BATCH_RMSE=0.715721
  STEP 400/718 | TOTAL_LOSS=0.761011 | REG_LOSS=0.431204 | SOFTCLIP_LOSS=2.802513 | PCL_LOSS=0.495555 | MEAN_GATE=0.6934 | MEAN_VALID_PER_ROW=26.06 | MEAN_VALID_OFFDIAG=25.06 | BATCH_RMSE=0.656662
  STEP 500/718 | TOTAL_LOSS=0.794106 | REG_LOSS=0.485032 | SOFTCLIP_LOSS=2.653366 | PCL_LOSS=0.437373 | MEAN_GATE=0.6921 | MEAN_VALID_PER_ROW=25.69 | MEAN_VALID_OFFDIAG=24.69 | BATCH_RMSE=0.696442
  STEP 600/718 | TOTAL_LOSS=0.762191 | REG_LOSS=0.423883 | SOFTCLIP_LOSS=2.908766 | PCL_LOSS=0.474316 | MEAN_GATE=0.6859 | MEAN_VALID_PER_ROW=25.34 | MEAN_VALID_OFFDIAG=24.34 | BATCH_RMSE=0.651063
  STEP 700/718 | TOTAL_LOSS=0.584309 | REG_LOSS=0.233086 | SOFTCLIP_LOSS=2.766725 | PCL_LOSS=0.745505 | MEAN_GATE=0.7373 | MEAN_VALID_PER_ROW=25.91 | MEAN_VALID_OFFDIAG=24.91 | BATCH_RMSE=0.482790
[EPOCH 029/030] TRAIN: TOTAL=0.764528 | REG=0.444579 | SOFTCLIP=2.789127 | PCL=0.410362 | RMSE=0.666768 | MAE=0.457520 | CI=0.810667 | RM2=0.426990
[EPOCH 029/030] VAL  : TOTAL=0.575204 | REG=0.369220 | SOFTCLIP=1.790218 | PCL=0.269626 | RMSE=0.607634 | MAE=0.409625 | CI=0.847185 | RM2=0.540793
  SAVED NEW BEST MODEL | EPOCH=029 | BEST_VAL_RMSE=0.607634 | BEST_VAL_MAE=0.409625 | BEST_VAL_CI=0.847185 | BEST_VAL_RM2=0.540793

EPOCH 30/30
  STEP 100/718 | TOTAL_LOSS=0.716680 | REG_LOSS=0.401233 | SOFTCLIP_LOSS=2.929158 | PCL_LOSS=0.225310 | MEAN_GATE=0.6087 | MEAN_VALID_PER_ROW=26.09 | MEAN_VALID_OFFDIAG=25.09 | BATCH_RMSE=0.633430
  STEP 200/718 | TOTAL_LOSS=0.995273 | REG_LOSS=0.675907 | SOFTCLIP_LOSS=2.756843 | PCL_LOSS=0.436821 | MEAN_GATE=0.7033 | MEAN_VALID_PER_ROW=25.94 | MEAN_VALID_OFFDIAG=24.94 | BATCH_RMSE=0.822135
  STEP 300/718 | TOTAL_LOSS=1.439257 | REG_LOSS=1.141754 | SOFTCLIP_LOSS=2.715345 | PCL_LOSS=0.259678 | MEAN_GATE=0.6837 | MEAN_VALID_PER_ROW=25.28 | MEAN_VALID_OFFDIAG=24.28 | BATCH_RMSE=1.068529
  STEP 400/718 | TOTAL_LOSS=0.808791 | REG_LOSS=0.482626 | SOFTCLIP_LOSS=2.712871 | PCL_LOSS=0.548778 | MEAN_GATE=0.7114 | MEAN_VALID_PER_ROW=25.12 | MEAN_VALID_OFFDIAG=24.12 | BATCH_RMSE=0.694713
  STEP 500/718 | TOTAL_LOSS=0.779481 | REG_LOSS=0.447204 | SOFTCLIP_LOSS=2.755053 | PCL_LOSS=0.567723 | MEAN_GATE=0.6354 | MEAN_VALID_PER_ROW=26.03 | MEAN_VALID_OFFDIAG=25.03 | BATCH_RMSE=0.668733
  STEP 600/718 | TOTAL_LOSS=0.775202 | REG_LOSS=0.427568 | SOFTCLIP_LOSS=2.884737 | PCL_LOSS=0.591597 | MEAN_GATE=0.6752 | MEAN_VALID_PER_ROW=26.34 | MEAN_VALID_OFFDIAG=25.34 | BATCH_RMSE=0.653887
  STEP 700/718 | TOTAL_LOSS=0.911190 | REG_LOSS=0.580097 | SOFTCLIP_LOSS=2.747632 | PCL_LOSS=0.563290 | MEAN_GATE=0.7108 | MEAN_VALID_PER_ROW=25.69 | MEAN_VALID_OFFDIAG=24.69 | BATCH_RMSE=0.761641
[EPOCH 030/030] TRAIN: TOTAL=0.762220 | REG=0.444355 | SOFTCLIP=2.789938 | PCL=0.388715 | RMSE=0.666599 | MAE=0.457046 | CI=0.809487 | RM2=0.426698
[EPOCH 030/030] VAL  : TOTAL=0.553091 | REG=0.348391 | SOFTCLIP=1.785149 | PCL=0.261852 | RMSE=0.590246 | MAE=0.374228 | CI=0.847860 | RM2=0.515965
  SAVED NEW BEST MODEL | EPOCH=030 | BEST_VAL_RMSE=0.590246 | BEST_VAL_MAE=0.374228 | BEST_VAL_CI=0.847860 | BEST_VAL_RM2=0.515965

TRAINING FINISHED.
BEST MODEL SUMMARY | EPOCH=030 | VAL_RMSE=0.590246 | VAL_MAE=0.374228 | VAL_CI=0.847860 | VAL_RM2=0.515965
SAVED OUTPUTS TO: outputs/softclip_pcl_sweeps/softclip_pcl_sweep_20260419_065902/bs32_lr0.0003_lc0.1_lp0.1_temp0.07_at1_pt0.07
