Using device: cuda
[DavisDatasetP13D] input pairs: 30056
[DavisDatasetP13D] kept pairs : 28696
[DavisDatasetP13D] missing counts: {'drug_1d': 0, 'drug_2d': 0, 'protein_1d': 0, 'protein_3d': 1360}
TOTAL SIZE: 28696
TRAIN SIZE: 22956
VAL SIZE: 5740
SPLIT JSON: data/splits/davis_fixed_split_size2.json
MODEL: standard CLIP between drug and protein on top of p13d backbone

EPOCH 1/30
  STEP 200/718 | TOTAL_LOSS=1.017043 | REG_LOSS=0.671211 | CLIP_LOSS=3.458321 | BATCH_RMSE=0.819274
  STEP 400/718 | TOTAL_LOSS=1.930577 | REG_LOSS=1.584653 | CLIP_LOSS=3.459243 | BATCH_RMSE=1.258830
  STEP 600/718 | TOTAL_LOSS=1.079775 | REG_LOSS=0.732675 | CLIP_LOSS=3.470999 | BATCH_RMSE=0.855964
[EPOCH 001/030] TRAIN: TOTAL=1.602084 | REG=1.255205 | CLIP=3.468786 | MSE=1.255205 | RMSE=1.120360 | MAE=0.723915 | CI=0.641270 | RM2=0.014322
[EPOCH 001/030] VAL  : TOTAL=1.054428 | REG=0.708059 | CLIP=3.463691 | MSE=0.708059 | RMSE=0.841462 | MAE=0.505952 | CI=0.763433 | RM2=0.237596
  SAVED NEW BEST MODEL | EPOCH=001 | BEST_VAL_MSE=0.708059 | BEST_VAL_RMSE=0.841462 | BEST_VAL_MAE=0.505952 | BEST_VAL_CI=0.763433 | BEST_VAL_RM2=0.237596

EPOCH 2/30
  STEP 200/718 | TOTAL_LOSS=0.992051 | REG_LOSS=0.645305 | CLIP_LOSS=3.467464 | BATCH_RMSE=0.803309
  STEP 400/718 | TOTAL_LOSS=0.909593 | REG_LOSS=0.563416 | CLIP_LOSS=3.461767 | BATCH_RMSE=0.750610
  STEP 600/718 | TOTAL_LOSS=0.701770 | REG_LOSS=0.354873 | CLIP_LOSS=3.468969 | BATCH_RMSE=0.595712
[EPOCH 002/030] TRAIN: TOTAL=1.035906 | REG=0.689289 | CLIP=3.466171 | MSE=0.689289 | RMSE=0.830234 | MAE=0.577362 | CI=0.716666 | RM2=0.168790
[EPOCH 002/030] VAL  : TOTAL=0.936684 | REG=0.590307 | CLIP=3.463773 | MSE=0.590307 | RMSE=0.768314 | MAE=0.546360 | CI=0.775591 | RM2=0.271691
  SAVED NEW BEST MODEL | EPOCH=002 | BEST_VAL_MSE=0.590307 | BEST_VAL_RMSE=0.768314 | BEST_VAL_MAE=0.546360 | BEST_VAL_CI=0.775591 | BEST_VAL_RM2=0.271691

EPOCH 3/30
  STEP 200/718 | TOTAL_LOSS=0.770601 | REG_LOSS=0.423954 | CLIP_LOSS=3.466469 | BATCH_RMSE=0.651117
  STEP 400/718 | TOTAL_LOSS=1.928804 | REG_LOSS=1.581895 | CLIP_LOSS=3.469094 | BATCH_RMSE=1.257734
  STEP 600/718 | TOTAL_LOSS=1.076695 | REG_LOSS=0.730284 | CLIP_LOSS=3.464112 | BATCH_RMSE=0.854566
[EPOCH 003/030] TRAIN: TOTAL=1.013959 | REG=0.667395 | CLIP=3.465649 | MSE=0.667395 | RMSE=0.816942 | MAE=0.564124 | CI=0.730006 | RM2=0.190906
[EPOCH 003/030] VAL  : TOTAL=0.927093 | REG=0.580723 | CLIP=3.463701 | MSE=0.580723 | RMSE=0.762052 | MAE=0.473379 | CI=0.785044 | RM2=0.299019
  SAVED NEW BEST MODEL | EPOCH=003 | BEST_VAL_MSE=0.580723 | BEST_VAL_RMSE=0.762052 | BEST_VAL_MAE=0.473379 | BEST_VAL_CI=0.785044 | BEST_VAL_RM2=0.299019

EPOCH 4/30
  STEP 200/718 | TOTAL_LOSS=0.759688 | REG_LOSS=0.412979 | CLIP_LOSS=3.467091 | BATCH_RMSE=0.642634
  STEP 400/718 | TOTAL_LOSS=1.348432 | REG_LOSS=1.002228 | CLIP_LOSS=3.462030 | BATCH_RMSE=1.001114
  STEP 600/718 | TOTAL_LOSS=0.720559 | REG_LOSS=0.374184 | CLIP_LOSS=3.463753 | BATCH_RMSE=0.611706
[EPOCH 004/030] TRAIN: TOTAL=1.002311 | REG=0.655711 | CLIP=3.465996 | MSE=0.655711 | RMSE=0.809760 | MAE=0.560020 | CI=0.738339 | RM2=0.201970
[EPOCH 004/030] VAL  : TOTAL=0.924612 | REG=0.578234 | CLIP=3.463783 | MSE=0.578234 | RMSE=0.760417 | MAE=0.539952 | CI=0.774670 | RM2=0.288012
  SAVED NEW BEST MODEL | EPOCH=004 | BEST_VAL_MSE=0.578234 | BEST_VAL_RMSE=0.760417 | BEST_VAL_MAE=0.539952 | BEST_VAL_CI=0.774670 | BEST_VAL_RM2=0.288012

EPOCH 5/30
  STEP 200/718 | TOTAL_LOSS=0.643458 | REG_LOSS=0.297722 | CLIP_LOSS=3.457362 | BATCH_RMSE=0.545639
  STEP 400/718 | TOTAL_LOSS=0.742359 | REG_LOSS=0.395376 | CLIP_LOSS=3.469832 | BATCH_RMSE=0.628789
  STEP 600/718 | TOTAL_LOSS=1.851084 | REG_LOSS=1.503123 | CLIP_LOSS=3.479608 | BATCH_RMSE=1.226019
[EPOCH 005/030] TRAIN: TOTAL=0.997003 | REG=0.650457 | CLIP=3.465457 | MSE=0.650457 | RMSE=0.806509 | MAE=0.555444 | CI=0.741704 | RM2=0.207037
[EPOCH 005/030] VAL  : TOTAL=0.916011 | REG=0.569638 | CLIP=3.463730 | MSE=0.569638 | RMSE=0.754744 | MAE=0.543246 | CI=0.775975 | RM2=0.305417
  SAVED NEW BEST MODEL | EPOCH=005 | BEST_VAL_MSE=0.569638 | BEST_VAL_RMSE=0.754744 | BEST_VAL_MAE=0.543246 | BEST_VAL_CI=0.775975 | BEST_VAL_RM2=0.305417

EPOCH 6/30
  STEP 200/718 | TOTAL_LOSS=1.518408 | REG_LOSS=1.171175 | CLIP_LOSS=3.472332 | BATCH_RMSE=1.082208
  STEP 400/718 | TOTAL_LOSS=0.724898 | REG_LOSS=0.377938 | CLIP_LOSS=3.469597 | BATCH_RMSE=0.614767
  STEP 600/718 | TOTAL_LOSS=1.638739 | REG_LOSS=1.292706 | CLIP_LOSS=3.460337 | BATCH_RMSE=1.136972
[EPOCH 006/030] TRAIN: TOTAL=0.992677 | REG=0.646107 | CLIP=3.465691 | MSE=0.646107 | RMSE=0.803808 | MAE=0.552102 | CI=0.744950 | RM2=0.211176
[EPOCH 006/030] VAL  : TOTAL=0.914574 | REG=0.568198 | CLIP=3.463760 | MSE=0.568198 | RMSE=0.753789 | MAE=0.472205 | CI=0.784770 | RM2=0.286035
  SAVED NEW BEST MODEL | EPOCH=006 | BEST_VAL_MSE=0.568198 | BEST_VAL_RMSE=0.753789 | BEST_VAL_MAE=0.472205 | BEST_VAL_CI=0.784770 | BEST_VAL_RM2=0.286035

EPOCH 7/30
  STEP 200/718 | TOTAL_LOSS=1.285698 | REG_LOSS=0.939655 | CLIP_LOSS=3.460435 | BATCH_RMSE=0.969358
  STEP 400/718 | TOTAL_LOSS=0.957254 | REG_LOSS=0.610952 | CLIP_LOSS=3.463023 | BATCH_RMSE=0.781634
  STEP 600/718 | TOTAL_LOSS=0.621484 | REG_LOSS=0.274296 | CLIP_LOSS=3.471880 | BATCH_RMSE=0.523733
[EPOCH 007/030] TRAIN: TOTAL=0.988399 | REG=0.641845 | CLIP=3.465536 | MSE=0.641845 | RMSE=0.801152 | MAE=0.552359 | CI=0.748590 | RM2=0.215981
[EPOCH 007/030] VAL  : TOTAL=0.974157 | REG=0.627785 | CLIP=3.463712 | MSE=0.627785 | RMSE=0.792329 | MAE=0.502248 | CI=0.777254 | RM2=0.298439

EPOCH 8/30
  STEP 200/718 | TOTAL_LOSS=0.590824 | REG_LOSS=0.244427 | CLIP_LOSS=3.463968 | BATCH_RMSE=0.494396
  STEP 400/718 | TOTAL_LOSS=0.725199 | REG_LOSS=0.379014 | CLIP_LOSS=3.461847 | BATCH_RMSE=0.615641
  STEP 600/718 | TOTAL_LOSS=1.207630 | REG_LOSS=0.860600 | CLIP_LOSS=3.470301 | BATCH_RMSE=0.927685
[EPOCH 008/030] TRAIN: TOTAL=0.986254 | REG=0.639691 | CLIP=3.465625 | MSE=0.639691 | RMSE=0.799807 | MAE=0.552551 | CI=0.747226 | RM2=0.217470
[EPOCH 008/030] VAL  : TOTAL=0.944342 | REG=0.597972 | CLIP=3.463700 | MSE=0.597972 | RMSE=0.773287 | MAE=0.556723 | CI=0.785371 | RM2=0.276767

EPOCH 9/30
  STEP 200/718 | TOTAL_LOSS=2.348336 | REG_LOSS=2.001735 | CLIP_LOSS=3.466012 | BATCH_RMSE=1.414827
  STEP 400/718 | TOTAL_LOSS=1.021019 | REG_LOSS=0.674600 | CLIP_LOSS=3.464191 | BATCH_RMSE=0.821340
  STEP 600/718 | TOTAL_LOSS=0.630595 | REG_LOSS=0.283331 | CLIP_LOSS=3.472641 | BATCH_RMSE=0.532288
[EPOCH 009/030] TRAIN: TOTAL=0.984125 | REG=0.637580 | CLIP=3.465444 | MSE=0.637580 | RMSE=0.798486 | MAE=0.549934 | CI=0.749934 | RM2=0.219636
[EPOCH 009/030] VAL  : TOTAL=0.915180 | REG=0.568809 | CLIP=3.463711 | MSE=0.568809 | RMSE=0.754194 | MAE=0.457883 | CI=0.785153 | RM2=0.311474

EPOCH 10/30
  STEP 200/718 | TOTAL_LOSS=1.044661 | REG_LOSS=0.698582 | CLIP_LOSS=3.460784 | BATCH_RMSE=0.835812
  STEP 400/718 | TOTAL_LOSS=0.862129 | REG_LOSS=0.515587 | CLIP_LOSS=3.465418 | BATCH_RMSE=0.718044
  STEP 600/718 | TOTAL_LOSS=0.801570 | REG_LOSS=0.455262 | CLIP_LOSS=3.463083 | BATCH_RMSE=0.674731
[EPOCH 010/030] TRAIN: TOTAL=0.981412 | REG=0.634867 | CLIP=3.465448 | MSE=0.634867 | RMSE=0.796786 | MAE=0.548506 | CI=0.750662 | RM2=0.222180
[EPOCH 010/030] VAL  : TOTAL=0.882229 | REG=0.535854 | CLIP=3.463745 | MSE=0.535854 | RMSE=0.732021 | MAE=0.475219 | CI=0.798594 | RM2=0.316310
  SAVED NEW BEST MODEL | EPOCH=010 | BEST_VAL_MSE=0.535854 | BEST_VAL_RMSE=0.732021 | BEST_VAL_MAE=0.475219 | BEST_VAL_CI=0.798594 | BEST_VAL_RM2=0.316310

EPOCH 11/30
  STEP 200/718 | TOTAL_LOSS=0.927096 | REG_LOSS=0.580335 | CLIP_LOSS=3.467605 | BATCH_RMSE=0.761797
  STEP 400/718 | TOTAL_LOSS=0.941540 | REG_LOSS=0.594416 | CLIP_LOSS=3.471245 | BATCH_RMSE=0.770984
  STEP 600/718 | TOTAL_LOSS=0.975537 | REG_LOSS=0.627901 | CLIP_LOSS=3.476368 | BATCH_RMSE=0.792402
[EPOCH 011/030] TRAIN: TOTAL=0.971946 | REG=0.625405 | CLIP=3.465415 | MSE=0.625405 | RMSE=0.790825 | MAE=0.542416 | CI=0.753080 | RM2=0.231495
[EPOCH 011/030] VAL  : TOTAL=1.036401 | REG=0.690026 | CLIP=3.463745 | MSE=0.690026 | RMSE=0.830678 | MAE=0.683309 | CI=0.789460 | RM2=0.340655

EPOCH 12/30
  STEP 200/718 | TOTAL_LOSS=0.847898 | REG_LOSS=0.501200 | CLIP_LOSS=3.466979 | BATCH_RMSE=0.707955
  STEP 400/718 | TOTAL_LOSS=1.177569 | REG_LOSS=0.830647 | CLIP_LOSS=3.469218 | BATCH_RMSE=0.911398
  STEP 600/718 | TOTAL_LOSS=0.835209 | REG_LOSS=0.488548 | CLIP_LOSS=3.466609 | BATCH_RMSE=0.698962
[EPOCH 012/030] TRAIN: TOTAL=0.954161 | REG=0.607620 | CLIP=3.465412 | MSE=0.607620 | RMSE=0.779500 | MAE=0.532587 | CI=0.760734 | RM2=0.249886
[EPOCH 012/030] VAL  : TOTAL=0.845191 | REG=0.498820 | CLIP=3.463713 | MSE=0.498820 | RMSE=0.706272 | MAE=0.473515 | CI=0.794071 | RM2=0.364479
  SAVED NEW BEST MODEL | EPOCH=012 | BEST_VAL_MSE=0.498820 | BEST_VAL_RMSE=0.706272 | BEST_VAL_MAE=0.473515 | BEST_VAL_CI=0.794071 | BEST_VAL_RM2=0.364479

EPOCH 13/30
  STEP 200/718 | TOTAL_LOSS=1.553068 | REG_LOSS=1.205985 | CLIP_LOSS=3.470827 | BATCH_RMSE=1.098173
  STEP 400/718 | TOTAL_LOSS=0.986911 | REG_LOSS=0.639879 | CLIP_LOSS=3.470321 | BATCH_RMSE=0.799925
  STEP 600/718 | TOTAL_LOSS=0.797960 | REG_LOSS=0.451783 | CLIP_LOSS=3.461772 | BATCH_RMSE=0.672148
[EPOCH 013/030] TRAIN: TOTAL=0.940053 | REG=0.593511 | CLIP=3.465421 | MSE=0.593511 | RMSE=0.770397 | MAE=0.527349 | CI=0.761451 | RM2=0.264448
[EPOCH 013/030] VAL  : TOTAL=0.839365 | REG=0.492994 | CLIP=3.463709 | MSE=0.492994 | RMSE=0.702135 | MAE=0.429813 | CI=0.812184 | RM2=0.378981
  SAVED NEW BEST MODEL | EPOCH=013 | BEST_VAL_MSE=0.492994 | BEST_VAL_RMSE=0.702135 | BEST_VAL_MAE=0.429813 | BEST_VAL_CI=0.812184 | BEST_VAL_RM2=0.378981

EPOCH 14/30
  STEP 200/718 | TOTAL_LOSS=0.679875 | REG_LOSS=0.332657 | CLIP_LOSS=3.472184 | BATCH_RMSE=0.576764
  STEP 400/718 | TOTAL_LOSS=0.729779 | REG_LOSS=0.383198 | CLIP_LOSS=3.465814 | BATCH_RMSE=0.619030
  STEP 600/718 | TOTAL_LOSS=1.179622 | REG_LOSS=0.833065 | CLIP_LOSS=3.465570 | BATCH_RMSE=0.912724
[EPOCH 014/030] TRAIN: TOTAL=0.933321 | REG=0.586778 | CLIP=3.465431 | MSE=0.586778 | RMSE=0.766014 | MAE=0.522924 | CI=0.764027 | RM2=0.271430
[EPOCH 014/030] VAL  : TOTAL=0.829037 | REG=0.482664 | CLIP=3.463723 | MSE=0.482664 | RMSE=0.694740 | MAE=0.449265 | CI=0.816815 | RM2=0.371330
  SAVED NEW BEST MODEL | EPOCH=014 | BEST_VAL_MSE=0.482664 | BEST_VAL_RMSE=0.694740 | BEST_VAL_MAE=0.449265 | BEST_VAL_CI=0.816815 | BEST_VAL_RM2=0.371330

EPOCH 15/30
  STEP 200/718 | TOTAL_LOSS=1.015275 | REG_LOSS=0.668931 | CLIP_LOSS=3.463434 | BATCH_RMSE=0.817882
  STEP 400/718 | TOTAL_LOSS=1.297408 | REG_LOSS=0.950708 | CLIP_LOSS=3.466999 | BATCH_RMSE=0.975043
  STEP 600/718 | TOTAL_LOSS=1.377886 | REG_LOSS=1.031649 | CLIP_LOSS=3.462368 | BATCH_RMSE=1.015701
[EPOCH 015/030] TRAIN: TOTAL=0.925985 | REG=0.579447 | CLIP=3.465378 | MSE=0.579447 | RMSE=0.761214 | MAE=0.519614 | CI=0.767828 | RM2=0.279043
[EPOCH 015/030] VAL  : TOTAL=0.900265 | REG=0.553892 | CLIP=3.463726 | MSE=0.553892 | RMSE=0.744239 | MAE=0.462808 | CI=0.814523 | RM2=0.402195

EPOCH 16/30
  STEP 200/718 | TOTAL_LOSS=0.995582 | REG_LOSS=0.648889 | CLIP_LOSS=3.466924 | BATCH_RMSE=0.805537
  STEP 400/718 | TOTAL_LOSS=0.681659 | REG_LOSS=0.335041 | CLIP_LOSS=3.466176 | BATCH_RMSE=0.578827
  STEP 600/718 | TOTAL_LOSS=0.780984 | REG_LOSS=0.433998 | CLIP_LOSS=3.469862 | BATCH_RMSE=0.658785
[EPOCH 016/030] TRAIN: TOTAL=0.924646 | REG=0.578111 | CLIP=3.465345 | MSE=0.578111 | RMSE=0.760336 | MAE=0.516516 | CI=0.769038 | RM2=0.280401
[EPOCH 016/030] VAL  : TOTAL=0.824430 | REG=0.478046 | CLIP=3.463837 | MSE=0.478046 | RMSE=0.691409 | MAE=0.440500 | CI=0.808729 | RM2=0.392696
  SAVED NEW BEST MODEL | EPOCH=016 | BEST_VAL_MSE=0.478046 | BEST_VAL_RMSE=0.691409 | BEST_VAL_MAE=0.440500 | BEST_VAL_CI=0.808729 | BEST_VAL_RM2=0.392696

EPOCH 17/30
  STEP 200/718 | TOTAL_LOSS=0.730376 | REG_LOSS=0.383842 | CLIP_LOSS=3.465344 | BATCH_RMSE=0.619550
  STEP 400/718 | TOTAL_LOSS=1.428261 | REG_LOSS=1.081839 | CLIP_LOSS=3.464216 | BATCH_RMSE=1.040115
  STEP 600/718 | TOTAL_LOSS=1.022019 | REG_LOSS=0.675666 | CLIP_LOSS=3.463525 | BATCH_RMSE=0.821989
[EPOCH 017/030] TRAIN: TOTAL=0.922301 | REG=0.575767 | CLIP=3.465341 | MSE=0.575767 | RMSE=0.758793 | MAE=0.517778 | CI=0.769138 | RM2=0.282776
[EPOCH 017/030] VAL  : TOTAL=0.841135 | REG=0.494763 | CLIP=3.463724 | MSE=0.494763 | RMSE=0.703394 | MAE=0.411306 | CI=0.815290 | RM2=0.385009

EPOCH 18/30
  STEP 200/718 | TOTAL_LOSS=0.857508 | REG_LOSS=0.511054 | CLIP_LOSS=3.464541 | BATCH_RMSE=0.714880
  STEP 400/718 | TOTAL_LOSS=0.609664 | REG_LOSS=0.263129 | CLIP_LOSS=3.465349 | BATCH_RMSE=0.512961
  STEP 600/718 | TOTAL_LOSS=0.984857 | REG_LOSS=0.638323 | CLIP_LOSS=3.465347 | BATCH_RMSE=0.798951
[EPOCH 018/030] TRAIN: TOTAL=0.920370 | REG=0.573826 | CLIP=3.465441 | MSE=0.573826 | RMSE=0.757513 | MAE=0.514349 | CI=0.771893 | RM2=0.284963
[EPOCH 018/030] VAL  : TOTAL=0.831446 | REG=0.485074 | CLIP=3.463722 | MSE=0.485074 | RMSE=0.696472 | MAE=0.440677 | CI=0.814700 | RM2=0.380112

EPOCH 19/30
  STEP 200/718 | TOTAL_LOSS=0.543585 | REG_LOSS=0.197581 | CLIP_LOSS=3.460042 | BATCH_RMSE=0.444501
  STEP 400/718 | TOTAL_LOSS=0.751234 | REG_LOSS=0.404610 | CLIP_LOSS=3.466244 | BATCH_RMSE=0.636090
  STEP 600/718 | TOTAL_LOSS=0.536963 | REG_LOSS=0.190783 | CLIP_LOSS=3.461799 | BATCH_RMSE=0.436787
[EPOCH 019/030] TRAIN: TOTAL=0.912491 | REG=0.565963 | CLIP=3.465283 | MSE=0.565963 | RMSE=0.752305 | MAE=0.515001 | CI=0.774409 | RM2=0.293169
[EPOCH 019/030] VAL  : TOTAL=0.831836 | REG=0.485467 | CLIP=3.463691 | MSE=0.485467 | RMSE=0.696755 | MAE=0.450812 | CI=0.808427 | RM2=0.369995

EPOCH 20/30
  STEP 200/718 | TOTAL_LOSS=0.683711 | REG_LOSS=0.336882 | CLIP_LOSS=3.468283 | BATCH_RMSE=0.580416
  STEP 400/718 | TOTAL_LOSS=0.594205 | REG_LOSS=0.247653 | CLIP_LOSS=3.465516 | BATCH_RMSE=0.497648
  STEP 600/718 | TOTAL_LOSS=0.961129 | REG_LOSS=0.614579 | CLIP_LOSS=3.465502 | BATCH_RMSE=0.783951
[EPOCH 020/030] TRAIN: TOTAL=0.917555 | REG=0.571039 | CLIP=3.465165 | MSE=0.571039 | RMSE=0.755671 | MAE=0.515767 | CI=0.771730 | RM2=0.287700
[EPOCH 020/030] VAL  : TOTAL=0.819903 | REG=0.473533 | CLIP=3.463707 | MSE=0.473533 | RMSE=0.688137 | MAE=0.426457 | CI=0.822139 | RM2=0.393878
  SAVED NEW BEST MODEL | EPOCH=020 | BEST_VAL_MSE=0.473533 | BEST_VAL_RMSE=0.688137 | BEST_VAL_MAE=0.426457 | BEST_VAL_CI=0.822139 | BEST_VAL_RM2=0.393878

EPOCH 21/30
  STEP 200/718 | TOTAL_LOSS=0.844589 | REG_LOSS=0.497593 | CLIP_LOSS=3.469958 | BATCH_RMSE=0.705402
  STEP 400/718 | TOTAL_LOSS=0.839530 | REG_LOSS=0.493204 | CLIP_LOSS=3.463262 | BATCH_RMSE=0.702285
  STEP 600/718 | TOTAL_LOSS=0.598196 | REG_LOSS=0.251325 | CLIP_LOSS=3.468713 | BATCH_RMSE=0.501323
[EPOCH 021/030] TRAIN: TOTAL=0.911806 | REG=0.565272 | CLIP=3.465340 | MSE=0.565272 | RMSE=0.751846 | MAE=0.513312 | CI=0.774691 | RM2=0.294066
[EPOCH 021/030] VAL  : TOTAL=0.822826 | REG=0.476460 | CLIP=3.463664 | MSE=0.476460 | RMSE=0.690261 | MAE=0.427781 | CI=0.815372 | RM2=0.389085

EPOCH 22/30
  STEP 200/718 | TOTAL_LOSS=1.293847 | REG_LOSS=0.947376 | CLIP_LOSS=3.464711 | BATCH_RMSE=0.973332
  STEP 400/718 | TOTAL_LOSS=1.153152 | REG_LOSS=0.806699 | CLIP_LOSS=3.464521 | BATCH_RMSE=0.898164
  STEP 600/718 | TOTAL_LOSS=0.571208 | REG_LOSS=0.224418 | CLIP_LOSS=3.467901 | BATCH_RMSE=0.473727
[EPOCH 022/030] TRAIN: TOTAL=0.905954 | REG=0.559410 | CLIP=3.465438 | MSE=0.559411 | RMSE=0.747938 | MAE=0.510852 | CI=0.779128 | RM2=0.300148
[EPOCH 022/030] VAL  : TOTAL=0.810851 | REG=0.464482 | CLIP=3.463698 | MSE=0.464482 | RMSE=0.681529 | MAE=0.444716 | CI=0.820140 | RM2=0.393863
  SAVED NEW BEST MODEL | EPOCH=022 | BEST_VAL_MSE=0.464482 | BEST_VAL_RMSE=0.681529 | BEST_VAL_MAE=0.444716 | BEST_VAL_CI=0.820140 | BEST_VAL_RM2=0.393863

EPOCH 23/30
  STEP 200/718 | TOTAL_LOSS=1.339253 | REG_LOSS=0.992341 | CLIP_LOSS=3.469119 | BATCH_RMSE=0.996163
  STEP 400/718 | TOTAL_LOSS=1.754304 | REG_LOSS=1.407725 | CLIP_LOSS=3.465793 | BATCH_RMSE=1.186476
  STEP 600/718 | TOTAL_LOSS=0.971160 | REG_LOSS=0.624528 | CLIP_LOSS=3.466321 | BATCH_RMSE=0.790271
[EPOCH 023/030] TRAIN: TOTAL=0.906895 | REG=0.560368 | CLIP=3.465276 | MSE=0.560368 | RMSE=0.748577 | MAE=0.511861 | CI=0.778243 | RM2=0.299011
[EPOCH 023/030] VAL  : TOTAL=0.810513 | REG=0.464144 | CLIP=3.463694 | MSE=0.464144 | RMSE=0.681281 | MAE=0.445538 | CI=0.820337 | RM2=0.406849
  SAVED NEW BEST MODEL | EPOCH=023 | BEST_VAL_MSE=0.464144 | BEST_VAL_RMSE=0.681281 | BEST_VAL_MAE=0.445538 | BEST_VAL_CI=0.820337 | BEST_VAL_RM2=0.406849

EPOCH 24/30
  STEP 200/718 | TOTAL_LOSS=1.143810 | REG_LOSS=0.797141 | CLIP_LOSS=3.466687 | BATCH_RMSE=0.892828
  STEP 400/718 | TOTAL_LOSS=1.337732 | REG_LOSS=0.991382 | CLIP_LOSS=3.463498 | BATCH_RMSE=0.995682
  STEP 600/718 | TOTAL_LOSS=0.691903 | REG_LOSS=0.345366 | CLIP_LOSS=3.465368 | BATCH_RMSE=0.587679
[EPOCH 024/030] TRAIN: TOTAL=0.901490 | REG=0.554955 | CLIP=3.465346 | MSE=0.554955 | RMSE=0.744953 | MAE=0.508903 | CI=0.779072 | RM2=0.304894
[EPOCH 024/030] VAL  : TOTAL=0.809980 | REG=0.463613 | CLIP=3.463672 | MSE=0.463613 | RMSE=0.680891 | MAE=0.427778 | CI=0.815911 | RM2=0.409854
  SAVED NEW BEST MODEL | EPOCH=024 | BEST_VAL_MSE=0.463613 | BEST_VAL_RMSE=0.680891 | BEST_VAL_MAE=0.427778 | BEST_VAL_CI=0.815911 | BEST_VAL_RM2=0.409854

EPOCH 25/30
  STEP 200/718 | TOTAL_LOSS=0.719526 | REG_LOSS=0.373041 | CLIP_LOSS=3.464843 | BATCH_RMSE=0.610771
  STEP 400/718 | TOTAL_LOSS=0.990252 | REG_LOSS=0.643674 | CLIP_LOSS=3.465786 | BATCH_RMSE=0.802293
  STEP 600/718 | TOTAL_LOSS=0.698644 | REG_LOSS=0.352245 | CLIP_LOSS=3.463989 | BATCH_RMSE=0.593502
[EPOCH 025/030] TRAIN: TOTAL=0.903698 | REG=0.557167 | CLIP=3.465316 | MSE=0.557167 | RMSE=0.746436 | MAE=0.508811 | CI=0.779939 | RM2=0.302741
[EPOCH 025/030] VAL  : TOTAL=0.814114 | REG=0.467742 | CLIP=3.463725 | MSE=0.467741 | RMSE=0.683916 | MAE=0.439761 | CI=0.819969 | RM2=0.401411

EPOCH 26/30
  STEP 200/718 | TOTAL_LOSS=0.669779 | REG_LOSS=0.323307 | CLIP_LOSS=3.464720 | BATCH_RMSE=0.568601
  STEP 400/718 | TOTAL_LOSS=1.321171 | REG_LOSS=0.974534 | CLIP_LOSS=3.466373 | BATCH_RMSE=0.987185
  STEP 600/718 | TOTAL_LOSS=0.517595 | REG_LOSS=0.170994 | CLIP_LOSS=3.466003 | BATCH_RMSE=0.413515
[EPOCH 026/030] TRAIN: TOTAL=0.897364 | REG=0.550834 | CLIP=3.465305 | MSE=0.550834 | RMSE=0.742182 | MAE=0.506453 | CI=0.780743 | RM2=0.309812
[EPOCH 026/030] VAL  : TOTAL=0.814157 | REG=0.467784 | CLIP=3.463734 | MSE=0.467784 | RMSE=0.683947 | MAE=0.445103 | CI=0.818506 | RM2=0.399367

EPOCH 27/30
  STEP 200/718 | TOTAL_LOSS=0.564676 | REG_LOSS=0.217473 | CLIP_LOSS=3.472032 | BATCH_RMSE=0.466340
  STEP 400/718 | TOTAL_LOSS=0.779736 | REG_LOSS=0.433032 | CLIP_LOSS=3.467048 | BATCH_RMSE=0.658051
  STEP 600/718 | TOTAL_LOSS=0.869172 | REG_LOSS=0.522181 | CLIP_LOSS=3.469905 | BATCH_RMSE=0.722621
[EPOCH 027/030] TRAIN: TOTAL=0.907854 | REG=0.561323 | CLIP=3.465310 | MSE=0.561323 | RMSE=0.749215 | MAE=0.512406 | CI=0.777636 | RM2=0.297914
[EPOCH 027/030] VAL  : TOTAL=0.826561 | REG=0.480191 | CLIP=3.463700 | MSE=0.480191 | RMSE=0.692958 | MAE=0.435173 | CI=0.805862 | RM2=0.388444

EPOCH 28/30
  STEP 200/718 | TOTAL_LOSS=0.773972 | REG_LOSS=0.427279 | CLIP_LOSS=3.466926 | BATCH_RMSE=0.653666
  STEP 400/718 | TOTAL_LOSS=0.621994 | REG_LOSS=0.275479 | CLIP_LOSS=3.465144 | BATCH_RMSE=0.524861
  STEP 600/718 | TOTAL_LOSS=1.038862 | REG_LOSS=0.692621 | CLIP_LOSS=3.462407 | BATCH_RMSE=0.832238
[EPOCH 028/030] TRAIN: TOTAL=0.894995 | REG=0.548472 | CLIP=3.465227 | MSE=0.548472 | RMSE=0.740589 | MAE=0.504645 | CI=0.784018 | RM2=0.312388
[EPOCH 028/030] VAL  : TOTAL=0.849214 | REG=0.502844 | CLIP=3.463704 | MSE=0.502844 | RMSE=0.709115 | MAE=0.517937 | CI=0.811716 | RM2=0.375193

EPOCH 29/30
  STEP 200/718 | TOTAL_LOSS=1.324455 | REG_LOSS=0.977417 | CLIP_LOSS=3.470384 | BATCH_RMSE=0.988644
  STEP 400/718 | TOTAL_LOSS=0.670284 | REG_LOSS=0.323644 | CLIP_LOSS=3.466405 | BATCH_RMSE=0.568897
  STEP 600/718 | TOTAL_LOSS=0.783782 | REG_LOSS=0.437396 | CLIP_LOSS=3.463861 | BATCH_RMSE=0.661359
[EPOCH 029/030] TRAIN: TOTAL=0.901288 | REG=0.554758 | CLIP=3.465306 | MSE=0.554758 | RMSE=0.744820 | MAE=0.507919 | CI=0.781328 | RM2=0.305104
[EPOCH 029/030] VAL  : TOTAL=0.808563 | REG=0.462197 | CLIP=3.463656 | MSE=0.462197 | RMSE=0.679851 | MAE=0.432209 | CI=0.817044 | RM2=0.409905
  SAVED NEW BEST MODEL | EPOCH=029 | BEST_VAL_MSE=0.462197 | BEST_VAL_RMSE=0.679851 | BEST_VAL_MAE=0.432209 | BEST_VAL_CI=0.817044 | BEST_VAL_RM2=0.409905

EPOCH 30/30
  STEP 200/718 | TOTAL_LOSS=0.978688 | REG_LOSS=0.632193 | CLIP_LOSS=3.464950 | BATCH_RMSE=0.795105
  STEP 400/718 | TOTAL_LOSS=0.687461 | REG_LOSS=0.340525 | CLIP_LOSS=3.469358 | BATCH_RMSE=0.583545
  STEP 600/718 | TOTAL_LOSS=0.883019 | REG_LOSS=0.536464 | CLIP_LOSS=3.465550 | BATCH_RMSE=0.732437
[EPOCH 030/030] TRAIN: TOTAL=0.891153 | REG=0.544616 | CLIP=3.465367 | MSE=0.544616 | RMSE=0.737981 | MAE=0.503298 | CI=0.784593 | RM2=0.316489
[EPOCH 030/030] VAL  : TOTAL=0.822428 | REG=0.476059 | CLIP=3.463690 | MSE=0.476059 | RMSE=0.689970 | MAE=0.467812 | CI=0.823203 | RM2=0.384048

TRAINING FINISHED.
BEST MODEL SUMMARY | EPOCH=029 | VAL_MSE=0.462197 | VAL_RMSE=0.679851 | VAL_MAE=0.432209 | VAL_CI=0.817044 | VAL_RM2=0.409905
SAVED OUTPUTS TO: outputs/stdclip_sweeps/stdclip_sweep_20260417_113821/bs32_lr0.0003_lc0.1_temp0.07
