Using device: cuda
[DavisDatasetP13D] input pairs: 30056
[DavisDatasetP13D] kept pairs : 28696
[DavisDatasetP13D] missing counts: {'drug_1d': 0, 'drug_2d': 0, 'protein_1d': 0, 'protein_3d': 1360}
TOTAL SIZE: 28696
TRAIN SIZE: 22956
VAL SIZE: 5740
SPLIT JSON: data/splits/davis_fixed_split_size2.json
MODEL: drug_1d + protein_1d + protein_3d + affinity-aware soft CLIP

EPOCH 1/30
  STEP 100/718 | TOTAL_LOSS=1.036274 | REG_LOSS=0.714058 | SOFTCLIP_LOSS=3.222156 | MEAN_VALID_PER_ROW=25.62 | MEAN_VALID_OFFDIAG=24.62 | BATCH_RMSE=0.845020
  STEP 200/718 | TOTAL_LOSS=0.992666 | REG_LOSS=0.670975 | SOFTCLIP_LOSS=3.216907 | MEAN_VALID_PER_ROW=25.88 | MEAN_VALID_OFFDIAG=24.88 | BATCH_RMSE=0.819131
  STEP 300/718 | TOTAL_LOSS=1.374655 | REG_LOSS=1.057262 | SOFTCLIP_LOSS=3.173926 | MEAN_VALID_PER_ROW=26.53 | MEAN_VALID_OFFDIAG=25.53 | BATCH_RMSE=1.028233
  STEP 400/718 | TOTAL_LOSS=1.899557 | REG_LOSS=1.580189 | SOFTCLIP_LOSS=3.193680 | MEAN_VALID_PER_ROW=26.12 | MEAN_VALID_OFFDIAG=25.12 | BATCH_RMSE=1.257056
  STEP 500/718 | TOTAL_LOSS=0.925199 | REG_LOSS=0.608131 | SOFTCLIP_LOSS=3.170682 | MEAN_VALID_PER_ROW=25.75 | MEAN_VALID_OFFDIAG=24.75 | BATCH_RMSE=0.779827
  STEP 600/718 | TOTAL_LOSS=1.044212 | REG_LOSS=0.739805 | SOFTCLIP_LOSS=3.044071 | MEAN_VALID_PER_ROW=25.66 | MEAN_VALID_OFFDIAG=24.66 | BATCH_RMSE=0.860119
  STEP 700/718 | TOTAL_LOSS=0.934599 | REG_LOSS=0.622767 | SOFTCLIP_LOSS=3.118317 | MEAN_VALID_PER_ROW=27.00 | MEAN_VALID_OFFDIAG=26.00 | BATCH_RMSE=0.789156
[EPOCH 001/030] TRAIN: TOTAL=1.571000 | REG=1.254335 | SOFTCLIP=3.166652 | RMSE=1.119971 | MAE=0.723348 | CI=0.642207 | RM2=0.014545
[EPOCH 001/030] VAL  : TOTAL=0.896068 | REG=0.705346 | SOFTCLIP=1.907220 | RMSE=0.839849 | MAE=0.505552 | CI=0.764605 | RM2=0.238911
  SAVED NEW BEST MODEL | EPOCH=001 | BEST_VAL_RMSE=0.839849 | BEST_VAL_MAE=0.505552 | BEST_VAL_CI=0.764605 | BEST_VAL_RM2=0.238911

EPOCH 2/30
  STEP 100/718 | TOTAL_LOSS=1.032026 | REG_LOSS=0.719811 | SOFTCLIP_LOSS=3.122153 | MEAN_VALID_PER_ROW=26.31 | MEAN_VALID_OFFDIAG=25.31 | BATCH_RMSE=0.848417
  STEP 200/718 | TOTAL_LOSS=0.947802 | REG_LOSS=0.636812 | SOFTCLIP_LOSS=3.109896 | MEAN_VALID_PER_ROW=26.41 | MEAN_VALID_OFFDIAG=25.41 | BATCH_RMSE=0.798005
  STEP 300/718 | TOTAL_LOSS=0.692405 | REG_LOSS=0.394297 | SOFTCLIP_LOSS=2.981074 | MEAN_VALID_PER_ROW=26.53 | MEAN_VALID_OFFDIAG=25.53 | BATCH_RMSE=0.627931
  STEP 400/718 | TOTAL_LOSS=0.853478 | REG_LOSS=0.554083 | SOFTCLIP_LOSS=2.993954 | MEAN_VALID_PER_ROW=25.47 | MEAN_VALID_OFFDIAG=24.47 | BATCH_RMSE=0.744367
  STEP 500/718 | TOTAL_LOSS=1.422674 | REG_LOSS=1.107617 | SOFTCLIP_LOSS=3.150572 | MEAN_VALID_PER_ROW=25.69 | MEAN_VALID_OFFDIAG=24.69 | BATCH_RMSE=1.052434
  STEP 600/718 | TOTAL_LOSS=0.680221 | REG_LOSS=0.368685 | SOFTCLIP_LOSS=3.115356 | MEAN_VALID_PER_ROW=25.88 | MEAN_VALID_OFFDIAG=24.88 | BATCH_RMSE=0.607194
  STEP 700/718 | TOTAL_LOSS=0.943264 | REG_LOSS=0.644182 | SOFTCLIP_LOSS=2.990822 | MEAN_VALID_PER_ROW=26.06 | MEAN_VALID_OFFDIAG=25.06 | BATCH_RMSE=0.802609
[EPOCH 002/030] TRAIN: TOTAL=0.994564 | REG=0.686067 | SOFTCLIP=3.084967 | RMSE=0.828292 | MAE=0.575806 | CI=0.718336 | RM2=0.171715
[EPOCH 002/030] VAL  : TOTAL=0.773428 | REG=0.585907 | SOFTCLIP=1.875203 | RMSE=0.765446 | MAE=0.541668 | CI=0.776888 | RM2=0.274217
  SAVED NEW BEST MODEL | EPOCH=002 | BEST_VAL_RMSE=0.765446 | BEST_VAL_MAE=0.541668 | BEST_VAL_CI=0.776888 | BEST_VAL_RM2=0.274217

EPOCH 3/30
  STEP 100/718 | TOTAL_LOSS=0.880565 | REG_LOSS=0.574371 | SOFTCLIP_LOSS=3.061940 | MEAN_VALID_PER_ROW=25.62 | MEAN_VALID_OFFDIAG=24.62 | BATCH_RMSE=0.757873
  STEP 200/718 | TOTAL_LOSS=0.713384 | REG_LOSS=0.410165 | SOFTCLIP_LOSS=3.032188 | MEAN_VALID_PER_ROW=25.97 | MEAN_VALID_OFFDIAG=24.97 | BATCH_RMSE=0.640441
  STEP 300/718 | TOTAL_LOSS=1.392142 | REG_LOSS=1.087437 | SOFTCLIP_LOSS=3.047047 | MEAN_VALID_PER_ROW=26.88 | MEAN_VALID_OFFDIAG=25.88 | BATCH_RMSE=1.042802
  STEP 400/718 | TOTAL_LOSS=1.882000 | REG_LOSS=1.579242 | SOFTCLIP_LOSS=3.027576 | MEAN_VALID_PER_ROW=26.09 | MEAN_VALID_OFFDIAG=25.09 | BATCH_RMSE=1.256679
  STEP 500/718 | TOTAL_LOSS=0.746495 | REG_LOSS=0.451437 | SOFTCLIP_LOSS=2.950573 | MEAN_VALID_PER_ROW=25.62 | MEAN_VALID_OFFDIAG=24.62 | BATCH_RMSE=0.671891
  STEP 600/718 | TOTAL_LOSS=1.028679 | REG_LOSS=0.727641 | SOFTCLIP_LOSS=3.010378 | MEAN_VALID_PER_ROW=26.34 | MEAN_VALID_OFFDIAG=25.34 | BATCH_RMSE=0.853019
  STEP 700/718 | TOTAL_LOSS=1.033252 | REG_LOSS=0.733095 | SOFTCLIP_LOSS=3.001574 | MEAN_VALID_PER_ROW=25.53 | MEAN_VALID_OFFDIAG=24.53 | BATCH_RMSE=0.856210
[EPOCH 003/030] TRAIN: TOTAL=0.966456 | REG=0.665652 | SOFTCLIP=3.008038 | RMSE=0.815875 | MAE=0.563359 | CI=0.730831 | RM2=0.192545
[EPOCH 003/030] VAL  : TOTAL=0.767141 | REG=0.582639 | SOFTCLIP=1.845020 | RMSE=0.763308 | MAE=0.473600 | CI=0.784843 | RM2=0.299276
  SAVED NEW BEST MODEL | EPOCH=003 | BEST_VAL_RMSE=0.763308 | BEST_VAL_MAE=0.473600 | BEST_VAL_CI=0.784843 | BEST_VAL_RM2=0.299276

EPOCH 4/30
  STEP 100/718 | TOTAL_LOSS=0.960764 | REG_LOSS=0.665626 | SOFTCLIP_LOSS=2.951377 | MEAN_VALID_PER_ROW=26.81 | MEAN_VALID_OFFDIAG=25.81 | BATCH_RMSE=0.815859
  STEP 200/718 | TOTAL_LOSS=0.691374 | REG_LOSS=0.411120 | SOFTCLIP_LOSS=2.802537 | MEAN_VALID_PER_ROW=25.97 | MEAN_VALID_OFFDIAG=24.97 | BATCH_RMSE=0.641187
  STEP 300/718 | TOTAL_LOSS=0.726611 | REG_LOSS=0.420940 | SOFTCLIP_LOSS=3.056715 | MEAN_VALID_PER_ROW=26.34 | MEAN_VALID_OFFDIAG=25.34 | BATCH_RMSE=0.648799
  STEP 400/718 | TOTAL_LOSS=1.272558 | REG_LOSS=0.977069 | SOFTCLIP_LOSS=2.954890 | MEAN_VALID_PER_ROW=26.62 | MEAN_VALID_OFFDIAG=25.62 | BATCH_RMSE=0.988468
  STEP 500/718 | TOTAL_LOSS=0.850088 | REG_LOSS=0.552131 | SOFTCLIP_LOSS=2.979569 | MEAN_VALID_PER_ROW=26.03 | MEAN_VALID_OFFDIAG=25.03 | BATCH_RMSE=0.743055
  STEP 600/718 | TOTAL_LOSS=0.664001 | REG_LOSS=0.374099 | SOFTCLIP_LOSS=2.899019 | MEAN_VALID_PER_ROW=25.25 | MEAN_VALID_OFFDIAG=24.25 | BATCH_RMSE=0.611637
  STEP 700/718 | TOTAL_LOSS=0.821366 | REG_LOSS=0.524046 | SOFTCLIP_LOSS=2.973209 | MEAN_VALID_PER_ROW=26.53 | MEAN_VALID_OFFDIAG=25.53 | BATCH_RMSE=0.723910
[EPOCH 004/030] TRAIN: TOTAL=0.951494 | REG=0.653713 | SOFTCLIP=2.977809 | RMSE=0.808525 | MAE=0.559058 | CI=0.739631 | RM2=0.203956
[EPOCH 004/030] VAL  : TOTAL=0.764933 | REG=0.581408 | SOFTCLIP=1.835256 | RMSE=0.762501 | MAE=0.544301 | CI=0.775429 | RM2=0.287627
  SAVED NEW BEST MODEL | EPOCH=004 | BEST_VAL_RMSE=0.762501 | BEST_VAL_MAE=0.544301 | BEST_VAL_CI=0.775429 | BEST_VAL_RM2=0.287627

EPOCH 5/30
  STEP 100/718 | TOTAL_LOSS=0.682594 | REG_LOSS=0.363493 | SOFTCLIP_LOSS=3.191010 | MEAN_VALID_PER_ROW=26.16 | MEAN_VALID_OFFDIAG=25.16 | BATCH_RMSE=0.602904
  STEP 200/718 | TOTAL_LOSS=0.600384 | REG_LOSS=0.289225 | SOFTCLIP_LOSS=3.111588 | MEAN_VALID_PER_ROW=25.16 | MEAN_VALID_OFFDIAG=24.16 | BATCH_RMSE=0.537797
  STEP 300/718 | TOTAL_LOSS=1.565350 | REG_LOSS=1.279931 | SOFTCLIP_LOSS=2.854190 | MEAN_VALID_PER_ROW=26.50 | MEAN_VALID_OFFDIAG=25.50 | BATCH_RMSE=1.131341
  STEP 400/718 | TOTAL_LOSS=0.682604 | REG_LOSS=0.383667 | SOFTCLIP_LOSS=2.989371 | MEAN_VALID_PER_ROW=25.66 | MEAN_VALID_OFFDIAG=24.66 | BATCH_RMSE=0.619409
  STEP 500/718 | TOTAL_LOSS=1.076557 | REG_LOSS=0.791283 | SOFTCLIP_LOSS=2.852736 | MEAN_VALID_PER_ROW=25.53 | MEAN_VALID_OFFDIAG=24.53 | BATCH_RMSE=0.889541
  STEP 600/718 | TOTAL_LOSS=1.785501 | REG_LOSS=1.488194 | SOFTCLIP_LOSS=2.973073 | MEAN_VALID_PER_ROW=26.12 | MEAN_VALID_OFFDIAG=25.12 | BATCH_RMSE=1.219916
  STEP 700/718 | TOTAL_LOSS=0.617330 | REG_LOSS=0.317076 | SOFTCLIP_LOSS=3.002536 | MEAN_VALID_PER_ROW=25.94 | MEAN_VALID_OFFDIAG=24.94 | BATCH_RMSE=0.563095
[EPOCH 005/030] TRAIN: TOTAL=0.943398 | REG=0.647847 | SOFTCLIP=2.955512 | RMSE=0.804890 | MAE=0.554148 | CI=0.743726 | RM2=0.209611
[EPOCH 005/030] VAL  : TOTAL=0.750584 | REG=0.567123 | SOFTCLIP=1.834615 | RMSE=0.753076 | MAE=0.544290 | CI=0.778673 | RM2=0.311081
  SAVED NEW BEST MODEL | EPOCH=005 | BEST_VAL_RMSE=0.753076 | BEST_VAL_MAE=0.544290 | BEST_VAL_CI=0.778673 | BEST_VAL_RM2=0.311081

EPOCH 6/30
  STEP 100/718 | TOTAL_LOSS=0.679445 | REG_LOSS=0.389174 | SOFTCLIP_LOSS=2.902708 | MEAN_VALID_PER_ROW=26.25 | MEAN_VALID_OFFDIAG=25.25 | BATCH_RMSE=0.623838
  STEP 200/718 | TOTAL_LOSS=1.508909 | REG_LOSS=1.214731 | SOFTCLIP_LOSS=2.941779 | MEAN_VALID_PER_ROW=26.38 | MEAN_VALID_OFFDIAG=25.38 | BATCH_RMSE=1.102149
  STEP 300/718 | TOTAL_LOSS=0.844898 | REG_LOSS=0.563897 | SOFTCLIP_LOSS=2.810007 | MEAN_VALID_PER_ROW=25.97 | MEAN_VALID_OFFDIAG=24.97 | BATCH_RMSE=0.750931
  STEP 400/718 | TOTAL_LOSS=0.643828 | REG_LOSS=0.339619 | SOFTCLIP_LOSS=3.042092 | MEAN_VALID_PER_ROW=25.62 | MEAN_VALID_OFFDIAG=24.62 | BATCH_RMSE=0.582768
  STEP 500/718 | TOTAL_LOSS=0.775339 | REG_LOSS=0.471178 | SOFTCLIP_LOSS=3.041612 | MEAN_VALID_PER_ROW=26.22 | MEAN_VALID_OFFDIAG=25.22 | BATCH_RMSE=0.686424
  STEP 600/718 | TOTAL_LOSS=1.496431 | REG_LOSS=1.215123 | SOFTCLIP_LOSS=2.813085 | MEAN_VALID_PER_ROW=25.00 | MEAN_VALID_OFFDIAG=24.00 | BATCH_RMSE=1.102326
  STEP 700/718 | TOTAL_LOSS=1.081537 | REG_LOSS=0.786662 | SOFTCLIP_LOSS=2.948750 | MEAN_VALID_PER_ROW=26.66 | MEAN_VALID_OFFDIAG=25.66 | BATCH_RMSE=0.886940
[EPOCH 006/030] TRAIN: TOTAL=0.932613 | REG=0.638503 | SOFTCLIP=2.941102 | RMSE=0.799064 | MAE=0.548951 | CI=0.748918 | RM2=0.218638
[EPOCH 006/030] VAL  : TOTAL=0.738393 | REG=0.555848 | SOFTCLIP=1.825450 | RMSE=0.745552 | MAE=0.467220 | CI=0.791075 | RM2=0.298700
  SAVED NEW BEST MODEL | EPOCH=006 | BEST_VAL_RMSE=0.745552 | BEST_VAL_MAE=0.467220 | BEST_VAL_CI=0.791075 | BEST_VAL_RM2=0.298700

EPOCH 7/30
  STEP 100/718 | TOTAL_LOSS=0.920715 | REG_LOSS=0.636164 | SOFTCLIP_LOSS=2.845508 | MEAN_VALID_PER_ROW=25.31 | MEAN_VALID_OFFDIAG=24.31 | BATCH_RMSE=0.797599
  STEP 200/718 | TOTAL_LOSS=1.243561 | REG_LOSS=0.940708 | SOFTCLIP_LOSS=3.028533 | MEAN_VALID_PER_ROW=25.59 | MEAN_VALID_OFFDIAG=24.59 | BATCH_RMSE=0.969901
  STEP 300/718 | TOTAL_LOSS=0.449922 | REG_LOSS=0.145909 | SOFTCLIP_LOSS=3.040136 | MEAN_VALID_PER_ROW=25.81 | MEAN_VALID_OFFDIAG=24.81 | BATCH_RMSE=0.381980
  STEP 400/718 | TOTAL_LOSS=0.827049 | REG_LOSS=0.547534 | SOFTCLIP_LOSS=2.795144 | MEAN_VALID_PER_ROW=25.41 | MEAN_VALID_OFFDIAG=24.41 | BATCH_RMSE=0.739956
  STEP 500/718 | TOTAL_LOSS=1.173162 | REG_LOSS=0.881324 | SOFTCLIP_LOSS=2.918380 | MEAN_VALID_PER_ROW=26.06 | MEAN_VALID_OFFDIAG=25.06 | BATCH_RMSE=0.938789
  STEP 600/718 | TOTAL_LOSS=0.622195 | REG_LOSS=0.313954 | SOFTCLIP_LOSS=3.082405 | MEAN_VALID_PER_ROW=25.34 | MEAN_VALID_OFFDIAG=24.34 | BATCH_RMSE=0.560316
  STEP 700/718 | TOTAL_LOSS=0.877353 | REG_LOSS=0.589275 | SOFTCLIP_LOSS=2.880779 | MEAN_VALID_PER_ROW=25.47 | MEAN_VALID_OFFDIAG=24.47 | BATCH_RMSE=0.767642
[EPOCH 007/030] TRAIN: TOTAL=0.919466 | REG=0.627022 | SOFTCLIP=2.924440 | RMSE=0.791847 | MAE=0.545564 | CI=0.755636 | RM2=0.230512
[EPOCH 007/030] VAL  : TOTAL=0.806131 | REG=0.624200 | SOFTCLIP=1.819305 | RMSE=0.790064 | MAE=0.513420 | CI=0.790013 | RM2=0.334669

EPOCH 8/30
  STEP 100/718 | TOTAL_LOSS=0.705552 | REG_LOSS=0.403422 | SOFTCLIP_LOSS=3.021292 | MEAN_VALID_PER_ROW=25.66 | MEAN_VALID_OFFDIAG=24.66 | BATCH_RMSE=0.635155
  STEP 200/718 | TOTAL_LOSS=0.510327 | REG_LOSS=0.199828 | SOFTCLIP_LOSS=3.104983 | MEAN_VALID_PER_ROW=25.56 | MEAN_VALID_OFFDIAG=24.56 | BATCH_RMSE=0.447022
  STEP 300/718 | TOTAL_LOSS=1.008508 | REG_LOSS=0.712577 | SOFTCLIP_LOSS=2.959315 | MEAN_VALID_PER_ROW=25.62 | MEAN_VALID_OFFDIAG=24.62 | BATCH_RMSE=0.844143
  STEP 400/718 | TOTAL_LOSS=0.685816 | REG_LOSS=0.387196 | SOFTCLIP_LOSS=2.986205 | MEAN_VALID_PER_ROW=25.34 | MEAN_VALID_OFFDIAG=24.34 | BATCH_RMSE=0.622251
  STEP 500/718 | TOTAL_LOSS=0.829213 | REG_LOSS=0.540924 | SOFTCLIP_LOSS=2.882889 | MEAN_VALID_PER_ROW=26.34 | MEAN_VALID_OFFDIAG=25.34 | BATCH_RMSE=0.735476
  STEP 600/718 | TOTAL_LOSS=1.061824 | REG_LOSS=0.793704 | SOFTCLIP_LOSS=2.681207 | MEAN_VALID_PER_ROW=25.50 | MEAN_VALID_OFFDIAG=24.50 | BATCH_RMSE=0.890900
  STEP 700/718 | TOTAL_LOSS=0.546540 | REG_LOSS=0.239882 | SOFTCLIP_LOSS=3.066590 | MEAN_VALID_PER_ROW=25.88 | MEAN_VALID_OFFDIAG=24.88 | BATCH_RMSE=0.489777
[EPOCH 008/030] TRAIN: TOTAL=0.906031 | REG=0.614511 | SOFTCLIP=2.915207 | RMSE=0.783907 | MAE=0.540523 | CI=0.759236 | RM2=0.242784
[EPOCH 008/030] VAL  : TOTAL=0.755029 | REG=0.572896 | SOFTCLIP=1.821326 | RMSE=0.756899 | MAE=0.544786 | CI=0.799702 | RM2=0.313813

EPOCH 9/30
  STEP 100/718 | TOTAL_LOSS=1.153552 | REG_LOSS=0.861010 | SOFTCLIP_LOSS=2.925417 | MEAN_VALID_PER_ROW=26.09 | MEAN_VALID_OFFDIAG=25.09 | BATCH_RMSE=0.927906
  STEP 200/718 | TOTAL_LOSS=2.183918 | REG_LOSS=1.903875 | SOFTCLIP_LOSS=2.800425 | MEAN_VALID_PER_ROW=26.31 | MEAN_VALID_OFFDIAG=25.31 | BATCH_RMSE=1.379810
  STEP 300/718 | TOTAL_LOSS=0.908311 | REG_LOSS=0.631938 | SOFTCLIP_LOSS=2.763723 | MEAN_VALID_PER_ROW=26.09 | MEAN_VALID_OFFDIAG=25.09 | BATCH_RMSE=0.794946
  STEP 400/718 | TOTAL_LOSS=0.886972 | REG_LOSS=0.609616 | SOFTCLIP_LOSS=2.773565 | MEAN_VALID_PER_ROW=25.59 | MEAN_VALID_OFFDIAG=24.59 | BATCH_RMSE=0.780779
  STEP 500/718 | TOTAL_LOSS=0.753065 | REG_LOSS=0.441050 | SOFTCLIP_LOSS=3.120146 | MEAN_VALID_PER_ROW=26.41 | MEAN_VALID_OFFDIAG=25.41 | BATCH_RMSE=0.664116
  STEP 600/718 | TOTAL_LOSS=0.547200 | REG_LOSS=0.263388 | SOFTCLIP_LOSS=2.838118 | MEAN_VALID_PER_ROW=26.44 | MEAN_VALID_OFFDIAG=25.44 | BATCH_RMSE=0.513213
  STEP 700/718 | TOTAL_LOSS=1.708253 | REG_LOSS=1.435586 | SOFTCLIP_LOSS=2.726665 | MEAN_VALID_PER_ROW=25.69 | MEAN_VALID_OFFDIAG=24.69 | BATCH_RMSE=1.198160
[EPOCH 009/030] TRAIN: TOTAL=0.900851 | REG=0.610619 | SOFTCLIP=2.902315 | RMSE=0.781421 | MAE=0.536989 | CI=0.761510 | RM2=0.246891
[EPOCH 009/030] VAL  : TOTAL=0.699850 | REG=0.518369 | SOFTCLIP=1.814812 | RMSE=0.719978 | MAE=0.446657 | CI=0.798822 | RM2=0.348536
  SAVED NEW BEST MODEL | EPOCH=009 | BEST_VAL_RMSE=0.719978 | BEST_VAL_MAE=0.446657 | BEST_VAL_CI=0.798822 | BEST_VAL_RM2=0.348536

EPOCH 10/30
  STEP 100/718 | TOTAL_LOSS=0.692894 | REG_LOSS=0.395470 | SOFTCLIP_LOSS=2.974236 | MEAN_VALID_PER_ROW=25.75 | MEAN_VALID_OFFDIAG=24.75 | BATCH_RMSE=0.628864
  STEP 200/718 | TOTAL_LOSS=0.949308 | REG_LOSS=0.656885 | SOFTCLIP_LOSS=2.924228 | MEAN_VALID_PER_ROW=25.22 | MEAN_VALID_OFFDIAG=24.22 | BATCH_RMSE=0.810485
  STEP 300/718 | TOTAL_LOSS=0.797864 | REG_LOSS=0.516199 | SOFTCLIP_LOSS=2.816653 | MEAN_VALID_PER_ROW=25.19 | MEAN_VALID_OFFDIAG=24.19 | BATCH_RMSE=0.718470
  STEP 400/718 | TOTAL_LOSS=0.835528 | REG_LOSS=0.540315 | SOFTCLIP_LOSS=2.952126 | MEAN_VALID_PER_ROW=25.97 | MEAN_VALID_OFFDIAG=24.97 | BATCH_RMSE=0.735062
  STEP 500/718 | TOTAL_LOSS=0.689259 | REG_LOSS=0.399751 | SOFTCLIP_LOSS=2.895073 | MEAN_VALID_PER_ROW=26.78 | MEAN_VALID_OFFDIAG=25.78 | BATCH_RMSE=0.632259
  STEP 600/718 | TOTAL_LOSS=0.750087 | REG_LOSS=0.467115 | SOFTCLIP_LOSS=2.829723 | MEAN_VALID_PER_ROW=24.94 | MEAN_VALID_OFFDIAG=23.94 | BATCH_RMSE=0.683458
  STEP 700/718 | TOTAL_LOSS=0.889371 | REG_LOSS=0.594384 | SOFTCLIP_LOSS=2.949878 | MEAN_VALID_PER_ROW=25.97 | MEAN_VALID_OFFDIAG=24.97 | BATCH_RMSE=0.770963
[EPOCH 010/030] TRAIN: TOTAL=0.892408 | REG=0.603139 | SOFTCLIP=2.892694 | RMSE=0.776620 | MAE=0.534680 | CI=0.764917 | RM2=0.254549
[EPOCH 010/030] VAL  : TOTAL=0.671480 | REG=0.491040 | SOFTCLIP=1.804407 | RMSE=0.700742 | MAE=0.456365 | CI=0.818722 | RM2=0.367439
  SAVED NEW BEST MODEL | EPOCH=010 | BEST_VAL_RMSE=0.700742 | BEST_VAL_MAE=0.456365 | BEST_VAL_CI=0.818722 | BEST_VAL_RM2=0.367439

EPOCH 11/30
  STEP 100/718 | TOTAL_LOSS=0.708001 | REG_LOSS=0.412970 | SOFTCLIP_LOSS=2.950312 | MEAN_VALID_PER_ROW=25.00 | MEAN_VALID_OFFDIAG=24.00 | BATCH_RMSE=0.642627
  STEP 200/718 | TOTAL_LOSS=0.772669 | REG_LOSS=0.501566 | SOFTCLIP_LOSS=2.711030 | MEAN_VALID_PER_ROW=26.44 | MEAN_VALID_OFFDIAG=25.44 | BATCH_RMSE=0.708213
  STEP 300/718 | TOTAL_LOSS=0.899879 | REG_LOSS=0.621606 | SOFTCLIP_LOSS=2.782727 | MEAN_VALID_PER_ROW=25.12 | MEAN_VALID_OFFDIAG=24.12 | BATCH_RMSE=0.788420
  STEP 400/718 | TOTAL_LOSS=0.796885 | REG_LOSS=0.508359 | SOFTCLIP_LOSS=2.885268 | MEAN_VALID_PER_ROW=25.25 | MEAN_VALID_OFFDIAG=24.25 | BATCH_RMSE=0.712993
  STEP 500/718 | TOTAL_LOSS=0.589097 | REG_LOSS=0.295048 | SOFTCLIP_LOSS=2.940489 | MEAN_VALID_PER_ROW=25.59 | MEAN_VALID_OFFDIAG=24.59 | BATCH_RMSE=0.543183
  STEP 600/718 | TOTAL_LOSS=0.875618 | REG_LOSS=0.567613 | SOFTCLIP_LOSS=3.080050 | MEAN_VALID_PER_ROW=26.06 | MEAN_VALID_OFFDIAG=25.06 | BATCH_RMSE=0.753401
  STEP 700/718 | TOTAL_LOSS=0.590750 | REG_LOSS=0.290944 | SOFTCLIP_LOSS=2.998059 | MEAN_VALID_PER_ROW=26.09 | MEAN_VALID_OFFDIAG=25.09 | BATCH_RMSE=0.539392
[EPOCH 011/030] TRAIN: TOTAL=0.885989 | REG=0.596878 | SOFTCLIP=2.891115 | RMSE=0.772579 | MAE=0.530157 | CI=0.766208 | RM2=0.260946
[EPOCH 011/030] VAL  : TOTAL=0.796591 | REG=0.615685 | SOFTCLIP=1.809059 | RMSE=0.784656 | MAE=0.639617 | CI=0.810163 | RM2=0.368258

EPOCH 12/30
  STEP 100/718 | TOTAL_LOSS=0.706942 | REG_LOSS=0.426605 | SOFTCLIP_LOSS=2.803365 | MEAN_VALID_PER_ROW=25.84 | MEAN_VALID_OFFDIAG=24.84 | BATCH_RMSE=0.653150
  STEP 200/718 | TOTAL_LOSS=0.842973 | REG_LOSS=0.548576 | SOFTCLIP_LOSS=2.943966 | MEAN_VALID_PER_ROW=25.28 | MEAN_VALID_OFFDIAG=24.28 | BATCH_RMSE=0.740659
  STEP 300/718 | TOTAL_LOSS=0.685695 | REG_LOSS=0.403856 | SOFTCLIP_LOSS=2.818384 | MEAN_VALID_PER_ROW=25.81 | MEAN_VALID_OFFDIAG=24.81 | BATCH_RMSE=0.635497
  STEP 400/718 | TOTAL_LOSS=1.180073 | REG_LOSS=0.886765 | SOFTCLIP_LOSS=2.933080 | MEAN_VALID_PER_ROW=25.72 | MEAN_VALID_OFFDIAG=24.72 | BATCH_RMSE=0.941682
  STEP 500/718 | TOTAL_LOSS=0.808939 | REG_LOSS=0.521310 | SOFTCLIP_LOSS=2.876293 | MEAN_VALID_PER_ROW=25.12 | MEAN_VALID_OFFDIAG=24.12 | BATCH_RMSE=0.722018
  STEP 600/718 | TOTAL_LOSS=0.912091 | REG_LOSS=0.633733 | SOFTCLIP_LOSS=2.783577 | MEAN_VALID_PER_ROW=26.31 | MEAN_VALID_OFFDIAG=25.31 | BATCH_RMSE=0.796074
  STEP 700/718 | TOTAL_LOSS=0.804864 | REG_LOSS=0.517366 | SOFTCLIP_LOSS=2.874986 | MEAN_VALID_PER_ROW=25.22 | MEAN_VALID_OFFDIAG=24.22 | BATCH_RMSE=0.719281
[EPOCH 012/030] TRAIN: TOTAL=0.876474 | REG=0.588483 | SOFTCLIP=2.879909 | RMSE=0.767126 | MAE=0.527222 | CI=0.770923 | RM2=0.269664
[EPOCH 012/030] VAL  : TOTAL=0.653050 | REG=0.472759 | SOFTCLIP=1.802914 | RMSE=0.687575 | MAE=0.431789 | CI=0.808386 | RM2=0.399508
  SAVED NEW BEST MODEL | EPOCH=012 | BEST_VAL_RMSE=0.687575 | BEST_VAL_MAE=0.431789 | BEST_VAL_CI=0.808386 | BEST_VAL_RM2=0.399508

EPOCH 13/30
  STEP 100/718 | TOTAL_LOSS=1.478646 | REG_LOSS=1.200067 | SOFTCLIP_LOSS=2.785792 | MEAN_VALID_PER_ROW=25.47 | MEAN_VALID_OFFDIAG=24.47 | BATCH_RMSE=1.095476
  STEP 200/718 | TOTAL_LOSS=1.468691 | REG_LOSS=1.189919 | SOFTCLIP_LOSS=2.787721 | MEAN_VALID_PER_ROW=26.66 | MEAN_VALID_OFFDIAG=25.66 | BATCH_RMSE=1.090834
  STEP 300/718 | TOTAL_LOSS=0.999479 | REG_LOSS=0.708471 | SOFTCLIP_LOSS=2.910080 | MEAN_VALID_PER_ROW=26.38 | MEAN_VALID_OFFDIAG=25.38 | BATCH_RMSE=0.841707
  STEP 400/718 | TOTAL_LOSS=0.842350 | REG_LOSS=0.567821 | SOFTCLIP_LOSS=2.745284 | MEAN_VALID_PER_ROW=25.62 | MEAN_VALID_OFFDIAG=24.62 | BATCH_RMSE=0.753539
  STEP 500/718 | TOTAL_LOSS=0.757268 | REG_LOSS=0.460179 | SOFTCLIP_LOSS=2.970893 | MEAN_VALID_PER_ROW=26.56 | MEAN_VALID_OFFDIAG=25.56 | BATCH_RMSE=0.678365
  STEP 600/718 | TOTAL_LOSS=0.772304 | REG_LOSS=0.484877 | SOFTCLIP_LOSS=2.874274 | MEAN_VALID_PER_ROW=26.31 | MEAN_VALID_OFFDIAG=25.31 | BATCH_RMSE=0.696331
  STEP 700/718 | TOTAL_LOSS=0.566790 | REG_LOSS=0.274842 | SOFTCLIP_LOSS=2.919480 | MEAN_VALID_PER_ROW=24.88 | MEAN_VALID_OFFDIAG=23.88 | BATCH_RMSE=0.524254
[EPOCH 013/030] TRAIN: TOTAL=0.870981 | REG=0.583535 | SOFTCLIP=2.874465 | RMSE=0.763894 | MAE=0.527929 | CI=0.770569 | RM2=0.274797
[EPOCH 013/030] VAL  : TOTAL=0.671548 | REG=0.491370 | SOFTCLIP=1.801779 | RMSE=0.700978 | MAE=0.430506 | CI=0.818236 | RM2=0.390969

EPOCH 14/30
  STEP 100/718 | TOTAL_LOSS=1.259040 | REG_LOSS=0.972414 | SOFTCLIP_LOSS=2.866264 | MEAN_VALID_PER_ROW=25.97 | MEAN_VALID_OFFDIAG=24.97 | BATCH_RMSE=0.986111
  STEP 200/718 | TOTAL_LOSS=0.516167 | REG_LOSS=0.244517 | SOFTCLIP_LOSS=2.716493 | MEAN_VALID_PER_ROW=25.81 | MEAN_VALID_OFFDIAG=24.81 | BATCH_RMSE=0.494487
  STEP 300/718 | TOTAL_LOSS=1.076449 | REG_LOSS=0.800796 | SOFTCLIP_LOSS=2.756530 | MEAN_VALID_PER_ROW=26.22 | MEAN_VALID_OFFDIAG=25.22 | BATCH_RMSE=0.894872
  STEP 400/718 | TOTAL_LOSS=0.636907 | REG_LOSS=0.366827 | SOFTCLIP_LOSS=2.700803 | MEAN_VALID_PER_ROW=26.09 | MEAN_VALID_OFFDIAG=25.09 | BATCH_RMSE=0.605662
  STEP 500/718 | TOTAL_LOSS=1.065405 | REG_LOSS=0.764354 | SOFTCLIP_LOSS=3.010509 | MEAN_VALID_PER_ROW=25.59 | MEAN_VALID_OFFDIAG=24.59 | BATCH_RMSE=0.874274
  STEP 600/718 | TOTAL_LOSS=0.990329 | REG_LOSS=0.711345 | SOFTCLIP_LOSS=2.789847 | MEAN_VALID_PER_ROW=27.06 | MEAN_VALID_OFFDIAG=26.06 | BATCH_RMSE=0.843412
  STEP 700/718 | TOTAL_LOSS=0.962870 | REG_LOSS=0.691088 | SOFTCLIP_LOSS=2.717819 | MEAN_VALID_PER_ROW=25.34 | MEAN_VALID_OFFDIAG=24.34 | BATCH_RMSE=0.831317
[EPOCH 014/030] TRAIN: TOTAL=0.868701 | REG=0.581432 | SOFTCLIP=2.872689 | RMSE=0.762517 | MAE=0.525438 | CI=0.772339 | RM2=0.276986
[EPOCH 014/030] VAL  : TOTAL=0.666101 | REG=0.485092 | SOFTCLIP=1.810084 | RMSE=0.696486 | MAE=0.441057 | CI=0.818936 | RM2=0.383880

EPOCH 15/30
  STEP 100/718 | TOTAL_LOSS=0.545464 | REG_LOSS=0.233224 | SOFTCLIP_LOSS=3.122396 | MEAN_VALID_PER_ROW=26.25 | MEAN_VALID_OFFDIAG=25.25 | BATCH_RMSE=0.482933
  STEP 200/718 | TOTAL_LOSS=0.827625 | REG_LOSS=0.556224 | SOFTCLIP_LOSS=2.714006 | MEAN_VALID_PER_ROW=25.69 | MEAN_VALID_OFFDIAG=24.69 | BATCH_RMSE=0.745804
  STEP 300/718 | TOTAL_LOSS=0.797936 | REG_LOSS=0.522223 | SOFTCLIP_LOSS=2.757133 | MEAN_VALID_PER_ROW=26.19 | MEAN_VALID_OFFDIAG=25.19 | BATCH_RMSE=0.722650
  STEP 400/718 | TOTAL_LOSS=1.262743 | REG_LOSS=0.973554 | SOFTCLIP_LOSS=2.891893 | MEAN_VALID_PER_ROW=25.78 | MEAN_VALID_OFFDIAG=24.78 | BATCH_RMSE=0.986688
  STEP 500/718 | TOTAL_LOSS=0.741652 | REG_LOSS=0.450485 | SOFTCLIP_LOSS=2.911671 | MEAN_VALID_PER_ROW=25.34 | MEAN_VALID_OFFDIAG=24.34 | BATCH_RMSE=0.671181
  STEP 600/718 | TOTAL_LOSS=1.199462 | REG_LOSS=0.908304 | SOFTCLIP_LOSS=2.911574 | MEAN_VALID_PER_ROW=25.69 | MEAN_VALID_OFFDIAG=24.69 | BATCH_RMSE=0.953050
  STEP 700/718 | TOTAL_LOSS=0.748925 | REG_LOSS=0.466122 | SOFTCLIP_LOSS=2.828036 | MEAN_VALID_PER_ROW=25.78 | MEAN_VALID_OFFDIAG=24.78 | BATCH_RMSE=0.682731
[EPOCH 015/030] TRAIN: TOTAL=0.860766 | REG=0.574388 | SOFTCLIP=2.863776 | RMSE=0.757884 | MAE=0.524835 | CI=0.776053 | RM2=0.284393
[EPOCH 015/030] VAL  : TOTAL=0.711396 | REG=0.531027 | SOFTCLIP=1.803686 | RMSE=0.728716 | MAE=0.461683 | CI=0.817650 | RM2=0.404155

EPOCH 16/30
  STEP 100/718 | TOTAL_LOSS=0.814676 | REG_LOSS=0.520163 | SOFTCLIP_LOSS=2.945132 | MEAN_VALID_PER_ROW=26.56 | MEAN_VALID_OFFDIAG=25.56 | BATCH_RMSE=0.721223
  STEP 200/718 | TOTAL_LOSS=0.929168 | REG_LOSS=0.634158 | SOFTCLIP_LOSS=2.950101 | MEAN_VALID_PER_ROW=25.69 | MEAN_VALID_OFFDIAG=24.69 | BATCH_RMSE=0.796340
  STEP 300/718 | TOTAL_LOSS=0.822808 | REG_LOSS=0.538125 | SOFTCLIP_LOSS=2.846824 | MEAN_VALID_PER_ROW=25.78 | MEAN_VALID_OFFDIAG=24.78 | BATCH_RMSE=0.733570
  STEP 400/718 | TOTAL_LOSS=0.633412 | REG_LOSS=0.347996 | SOFTCLIP_LOSS=2.854163 | MEAN_VALID_PER_ROW=26.03 | MEAN_VALID_OFFDIAG=25.03 | BATCH_RMSE=0.589912
  STEP 500/718 | TOTAL_LOSS=0.682350 | REG_LOSS=0.410081 | SOFTCLIP_LOSS=2.722690 | MEAN_VALID_PER_ROW=25.31 | MEAN_VALID_OFFDIAG=24.31 | BATCH_RMSE=0.640375
  STEP 600/718 | TOTAL_LOSS=0.739886 | REG_LOSS=0.445771 | SOFTCLIP_LOSS=2.941144 | MEAN_VALID_PER_ROW=26.44 | MEAN_VALID_OFFDIAG=25.44 | BATCH_RMSE=0.667661
  STEP 700/718 | TOTAL_LOSS=0.904296 | REG_LOSS=0.631359 | SOFTCLIP_LOSS=2.729373 | MEAN_VALID_PER_ROW=25.50 | MEAN_VALID_OFFDIAG=24.50 | BATCH_RMSE=0.794581
[EPOCH 016/030] TRAIN: TOTAL=0.871490 | REG=0.584970 | SOFTCLIP=2.865191 | RMSE=0.764834 | MAE=0.526251 | CI=0.772157 | RM2=0.273286
[EPOCH 016/030] VAL  : TOTAL=0.653089 | REG=0.472966 | SOFTCLIP=1.801230 | RMSE=0.687725 | MAE=0.446778 | CI=0.814141 | RM2=0.388415

EPOCH 17/30
  STEP 100/718 | TOTAL_LOSS=0.923229 | REG_LOSS=0.631592 | SOFTCLIP_LOSS=2.916364 | MEAN_VALID_PER_ROW=25.97 | MEAN_VALID_OFFDIAG=24.97 | BATCH_RMSE=0.794728
  STEP 200/718 | TOTAL_LOSS=0.660433 | REG_LOSS=0.376303 | SOFTCLIP_LOSS=2.841308 | MEAN_VALID_PER_ROW=24.88 | MEAN_VALID_OFFDIAG=23.88 | BATCH_RMSE=0.613435
  STEP 300/718 | TOTAL_LOSS=0.529040 | REG_LOSS=0.245509 | SOFTCLIP_LOSS=2.835316 | MEAN_VALID_PER_ROW=26.44 | MEAN_VALID_OFFDIAG=25.44 | BATCH_RMSE=0.495488
  STEP 400/718 | TOTAL_LOSS=1.330199 | REG_LOSS=1.046447 | SOFTCLIP_LOSS=2.837528 | MEAN_VALID_PER_ROW=26.56 | MEAN_VALID_OFFDIAG=25.56 | BATCH_RMSE=1.022960
  STEP 500/718 | TOTAL_LOSS=1.094505 | REG_LOSS=0.806496 | SOFTCLIP_LOSS=2.880096 | MEAN_VALID_PER_ROW=25.59 | MEAN_VALID_OFFDIAG=24.59 | BATCH_RMSE=0.898051
  STEP 600/718 | TOTAL_LOSS=0.930829 | REG_LOSS=0.655498 | SOFTCLIP_LOSS=2.753314 | MEAN_VALID_PER_ROW=26.59 | MEAN_VALID_OFFDIAG=25.59 | BATCH_RMSE=0.809628
  STEP 700/718 | TOTAL_LOSS=0.682008 | REG_LOSS=0.401187 | SOFTCLIP_LOSS=2.808216 | MEAN_VALID_PER_ROW=26.41 | MEAN_VALID_OFFDIAG=25.41 | BATCH_RMSE=0.633393
[EPOCH 017/030] TRAIN: TOTAL=0.854465 | REG=0.568790 | SOFTCLIP=2.856744 | RMSE=0.754182 | MAE=0.519312 | CI=0.776378 | RM2=0.290261
[EPOCH 017/030] VAL  : TOTAL=0.674900 | REG=0.494757 | SOFTCLIP=1.801427 | RMSE=0.703390 | MAE=0.432431 | CI=0.813455 | RM2=0.396868

EPOCH 18/30
  STEP 100/718 | TOTAL_LOSS=1.044459 | REG_LOSS=0.747456 | SOFTCLIP_LOSS=2.970031 | MEAN_VALID_PER_ROW=26.12 | MEAN_VALID_OFFDIAG=25.12 | BATCH_RMSE=0.864555
  STEP 200/718 | TOTAL_LOSS=0.693816 | REG_LOSS=0.414014 | SOFTCLIP_LOSS=2.798016 | MEAN_VALID_PER_ROW=25.94 | MEAN_VALID_OFFDIAG=24.94 | BATCH_RMSE=0.643439
  STEP 300/718 | TOTAL_LOSS=0.852033 | REG_LOSS=0.550686 | SOFTCLIP_LOSS=3.013463 | MEAN_VALID_PER_ROW=24.97 | MEAN_VALID_OFFDIAG=23.97 | BATCH_RMSE=0.742083
  STEP 400/718 | TOTAL_LOSS=0.560821 | REG_LOSS=0.274993 | SOFTCLIP_LOSS=2.858285 | MEAN_VALID_PER_ROW=26.06 | MEAN_VALID_OFFDIAG=25.06 | BATCH_RMSE=0.524397
  STEP 500/718 | TOTAL_LOSS=1.171328 | REG_LOSS=0.881936 | SOFTCLIP_LOSS=2.893918 | MEAN_VALID_PER_ROW=25.75 | MEAN_VALID_OFFDIAG=24.75 | BATCH_RMSE=0.939115
  STEP 600/718 | TOTAL_LOSS=0.850139 | REG_LOSS=0.565445 | SOFTCLIP_LOSS=2.846941 | MEAN_VALID_PER_ROW=25.16 | MEAN_VALID_OFFDIAG=24.16 | BATCH_RMSE=0.751961
  STEP 700/718 | TOTAL_LOSS=0.778209 | REG_LOSS=0.511067 | SOFTCLIP_LOSS=2.671423 | MEAN_VALID_PER_ROW=25.84 | MEAN_VALID_OFFDIAG=24.84 | BATCH_RMSE=0.714890
[EPOCH 018/030] TRAIN: TOTAL=0.857895 | REG=0.572154 | SOFTCLIP=2.857417 | RMSE=0.756408 | MAE=0.518974 | CI=0.777484 | RM2=0.286769
[EPOCH 018/030] VAL  : TOTAL=0.653948 | REG=0.473634 | SOFTCLIP=1.803144 | RMSE=0.688210 | MAE=0.445163 | CI=0.818559 | RM2=0.389622

EPOCH 19/30
  STEP 100/718 | TOTAL_LOSS=0.854208 | REG_LOSS=0.555142 | SOFTCLIP_LOSS=2.990653 | MEAN_VALID_PER_ROW=26.06 | MEAN_VALID_OFFDIAG=25.06 | BATCH_RMSE=0.745079
  STEP 200/718 | TOTAL_LOSS=0.430372 | REG_LOSS=0.133006 | SOFTCLIP_LOSS=2.973659 | MEAN_VALID_PER_ROW=25.56 | MEAN_VALID_OFFDIAG=24.56 | BATCH_RMSE=0.364700
  STEP 300/718 | TOTAL_LOSS=0.964120 | REG_LOSS=0.670248 | SOFTCLIP_LOSS=2.938718 | MEAN_VALID_PER_ROW=26.38 | MEAN_VALID_OFFDIAG=25.38 | BATCH_RMSE=0.818687
  STEP 400/718 | TOTAL_LOSS=0.684994 | REG_LOSS=0.422088 | SOFTCLIP_LOSS=2.629066 | MEAN_VALID_PER_ROW=26.34 | MEAN_VALID_OFFDIAG=25.34 | BATCH_RMSE=0.649683
  STEP 500/718 | TOTAL_LOSS=0.779662 | REG_LOSS=0.507792 | SOFTCLIP_LOSS=2.718698 | MEAN_VALID_PER_ROW=26.09 | MEAN_VALID_OFFDIAG=25.09 | BATCH_RMSE=0.712595
  STEP 600/718 | TOTAL_LOSS=0.535483 | REG_LOSS=0.250193 | SOFTCLIP_LOSS=2.852897 | MEAN_VALID_PER_ROW=25.44 | MEAN_VALID_OFFDIAG=24.44 | BATCH_RMSE=0.500193
  STEP 700/718 | TOTAL_LOSS=0.797642 | REG_LOSS=0.512962 | SOFTCLIP_LOSS=2.846803 | MEAN_VALID_PER_ROW=25.88 | MEAN_VALID_OFFDIAG=24.88 | BATCH_RMSE=0.716214
[EPOCH 019/030] TRAIN: TOTAL=0.850638 | REG=0.565148 | SOFTCLIP=2.854899 | RMSE=0.751763 | MAE=0.519496 | CI=0.779039 | RM2=0.294138
[EPOCH 019/030] VAL  : TOTAL=0.652729 | REG=0.473138 | SOFTCLIP=1.795903 | RMSE=0.687851 | MAE=0.464214 | CI=0.823304 | RM2=0.409809

EPOCH 20/30
  STEP 100/718 | TOTAL_LOSS=0.705468 | REG_LOSS=0.419311 | SOFTCLIP_LOSS=2.861570 | MEAN_VALID_PER_ROW=26.06 | MEAN_VALID_OFFDIAG=25.06 | BATCH_RMSE=0.647542
  STEP 200/718 | TOTAL_LOSS=0.714318 | REG_LOSS=0.422068 | SOFTCLIP_LOSS=2.922497 | MEAN_VALID_PER_ROW=26.12 | MEAN_VALID_OFFDIAG=25.12 | BATCH_RMSE=0.649668
  STEP 300/718 | TOTAL_LOSS=1.179752 | REG_LOSS=0.890559 | SOFTCLIP_LOSS=2.891924 | MEAN_VALID_PER_ROW=26.19 | MEAN_VALID_OFFDIAG=25.19 | BATCH_RMSE=0.943695
  STEP 400/718 | TOTAL_LOSS=0.469884 | REG_LOSS=0.189957 | SOFTCLIP_LOSS=2.799266 | MEAN_VALID_PER_ROW=26.41 | MEAN_VALID_OFFDIAG=25.41 | BATCH_RMSE=0.435841
  STEP 500/718 | TOTAL_LOSS=0.627736 | REG_LOSS=0.337852 | SOFTCLIP_LOSS=2.898835 | MEAN_VALID_PER_ROW=26.38 | MEAN_VALID_OFFDIAG=25.38 | BATCH_RMSE=0.581251
  STEP 600/718 | TOTAL_LOSS=1.035694 | REG_LOSS=0.738332 | SOFTCLIP_LOSS=2.973616 | MEAN_VALID_PER_ROW=25.69 | MEAN_VALID_OFFDIAG=24.69 | BATCH_RMSE=0.859263
  STEP 700/718 | TOTAL_LOSS=0.850523 | REG_LOSS=0.562291 | SOFTCLIP_LOSS=2.882319 | MEAN_VALID_PER_ROW=25.81 | MEAN_VALID_OFFDIAG=24.81 | BATCH_RMSE=0.749861
[EPOCH 020/030] TRAIN: TOTAL=0.855632 | REG=0.570367 | SOFTCLIP=2.852654 | RMSE=0.755226 | MAE=0.520481 | CI=0.776390 | RM2=0.288472
[EPOCH 020/030] VAL  : TOTAL=0.651666 | REG=0.471969 | SOFTCLIP=1.796971 | RMSE=0.687000 | MAE=0.433349 | CI=0.815424 | RM2=0.383753
  SAVED NEW BEST MODEL | EPOCH=020 | BEST_VAL_RMSE=0.687000 | BEST_VAL_MAE=0.433349 | BEST_VAL_CI=0.815424 | BEST_VAL_RM2=0.383753

EPOCH 21/30
  STEP 100/718 | TOTAL_LOSS=0.802137 | REG_LOSS=0.535151 | SOFTCLIP_LOSS=2.669869 | MEAN_VALID_PER_ROW=26.81 | MEAN_VALID_OFFDIAG=25.81 | BATCH_RMSE=0.731540
  STEP 200/718 | TOTAL_LOSS=0.769608 | REG_LOSS=0.497584 | SOFTCLIP_LOSS=2.720250 | MEAN_VALID_PER_ROW=25.28 | MEAN_VALID_OFFDIAG=24.28 | BATCH_RMSE=0.705396
  STEP 300/718 | TOTAL_LOSS=0.983663 | REG_LOSS=0.690186 | SOFTCLIP_LOSS=2.934767 | MEAN_VALID_PER_ROW=26.12 | MEAN_VALID_OFFDIAG=25.12 | BATCH_RMSE=0.830774
  STEP 400/718 | TOTAL_LOSS=0.767340 | REG_LOSS=0.480470 | SOFTCLIP_LOSS=2.868699 | MEAN_VALID_PER_ROW=26.19 | MEAN_VALID_OFFDIAG=25.19 | BATCH_RMSE=0.693159
  STEP 500/718 | TOTAL_LOSS=0.683028 | REG_LOSS=0.391524 | SOFTCLIP_LOSS=2.915040 | MEAN_VALID_PER_ROW=26.47 | MEAN_VALID_OFFDIAG=25.47 | BATCH_RMSE=0.625719
  STEP 600/718 | TOTAL_LOSS=0.513086 | REG_LOSS=0.227186 | SOFTCLIP_LOSS=2.859000 | MEAN_VALID_PER_ROW=26.38 | MEAN_VALID_OFFDIAG=25.38 | BATCH_RMSE=0.476640
  STEP 700/718 | TOTAL_LOSS=1.004012 | REG_LOSS=0.717945 | SOFTCLIP_LOSS=2.860671 | MEAN_VALID_PER_ROW=25.56 | MEAN_VALID_OFFDIAG=24.56 | BATCH_RMSE=0.847316
[EPOCH 021/030] TRAIN: TOTAL=0.851321 | REG=0.566744 | SOFTCLIP=2.845778 | RMSE=0.752824 | MAE=0.518984 | CI=0.778176 | RM2=0.292468
[EPOCH 021/030] VAL  : TOTAL=0.658342 | REG=0.478052 | SOFTCLIP=1.802896 | RMSE=0.691413 | MAE=0.427583 | CI=0.823326 | RM2=0.404736

EPOCH 22/30
  STEP 100/718 | TOTAL_LOSS=1.048851 | REG_LOSS=0.778027 | SOFTCLIP_LOSS=2.708239 | MEAN_VALID_PER_ROW=26.41 | MEAN_VALID_OFFDIAG=25.41 | BATCH_RMSE=0.882059
  STEP 200/718 | TOTAL_LOSS=1.210605 | REG_LOSS=0.933084 | SOFTCLIP_LOSS=2.775214 | MEAN_VALID_PER_ROW=26.00 | MEAN_VALID_OFFDIAG=25.00 | BATCH_RMSE=0.965963
  STEP 300/718 | TOTAL_LOSS=0.911840 | REG_LOSS=0.642688 | SOFTCLIP_LOSS=2.691519 | MEAN_VALID_PER_ROW=25.78 | MEAN_VALID_OFFDIAG=24.78 | BATCH_RMSE=0.801678
  STEP 400/718 | TOTAL_LOSS=1.062080 | REG_LOSS=0.791983 | SOFTCLIP_LOSS=2.700969 | MEAN_VALID_PER_ROW=25.84 | MEAN_VALID_OFFDIAG=24.84 | BATCH_RMSE=0.889934
  STEP 500/718 | TOTAL_LOSS=0.559417 | REG_LOSS=0.271094 | SOFTCLIP_LOSS=2.883232 | MEAN_VALID_PER_ROW=25.66 | MEAN_VALID_OFFDIAG=24.66 | BATCH_RMSE=0.520666
  STEP 600/718 | TOTAL_LOSS=0.621495 | REG_LOSS=0.329225 | SOFTCLIP_LOSS=2.922694 | MEAN_VALID_PER_ROW=24.56 | MEAN_VALID_OFFDIAG=23.56 | BATCH_RMSE=0.573782
  STEP 700/718 | TOTAL_LOSS=1.068604 | REG_LOSS=0.779549 | SOFTCLIP_LOSS=2.890545 | MEAN_VALID_PER_ROW=26.06 | MEAN_VALID_OFFDIAG=25.06 | BATCH_RMSE=0.882921
[EPOCH 022/030] TRAIN: TOTAL=0.836972 | REG=0.552319 | SOFTCLIP=2.846530 | RMSE=0.743182 | MAE=0.512581 | CI=0.785292 | RM2=0.307916
[EPOCH 022/030] VAL  : TOTAL=0.626109 | REG=0.446523 | SOFTCLIP=1.795861 | RMSE=0.668224 | MAE=0.442876 | CI=0.828665 | RM2=0.424776
  SAVED NEW BEST MODEL | EPOCH=022 | BEST_VAL_RMSE=0.668224 | BEST_VAL_MAE=0.442876 | BEST_VAL_CI=0.828665 | BEST_VAL_RM2=0.424776

EPOCH 23/30
  STEP 100/718 | TOTAL_LOSS=0.652596 | REG_LOSS=0.360754 | SOFTCLIP_LOSS=2.918422 | MEAN_VALID_PER_ROW=25.50 | MEAN_VALID_OFFDIAG=24.50 | BATCH_RMSE=0.600628
  STEP 200/718 | TOTAL_LOSS=0.976440 | REG_LOSS=0.707513 | SOFTCLIP_LOSS=2.689273 | MEAN_VALID_PER_ROW=25.06 | MEAN_VALID_OFFDIAG=24.06 | BATCH_RMSE=0.841138
  STEP 300/718 | TOTAL_LOSS=0.753957 | REG_LOSS=0.472666 | SOFTCLIP_LOSS=2.812903 | MEAN_VALID_PER_ROW=25.34 | MEAN_VALID_OFFDIAG=24.34 | BATCH_RMSE=0.687507
  STEP 400/718 | TOTAL_LOSS=1.526269 | REG_LOSS=1.251678 | SOFTCLIP_LOSS=2.745904 | MEAN_VALID_PER_ROW=25.91 | MEAN_VALID_OFFDIAG=24.91 | BATCH_RMSE=1.118784
  STEP 500/718 | TOTAL_LOSS=0.645150 | REG_LOSS=0.356797 | SOFTCLIP_LOSS=2.883533 | MEAN_VALID_PER_ROW=26.31 | MEAN_VALID_OFFDIAG=25.31 | BATCH_RMSE=0.597324
  STEP 600/718 | TOTAL_LOSS=0.911363 | REG_LOSS=0.643295 | SOFTCLIP_LOSS=2.680688 | MEAN_VALID_PER_ROW=26.81 | MEAN_VALID_OFFDIAG=25.81 | BATCH_RMSE=0.802056
  STEP 700/718 | TOTAL_LOSS=0.534646 | REG_LOSS=0.237422 | SOFTCLIP_LOSS=2.972238 | MEAN_VALID_PER_ROW=25.78 | MEAN_VALID_OFFDIAG=24.78 | BATCH_RMSE=0.487260
[EPOCH 023/030] TRAIN: TOTAL=0.838810 | REG=0.553855 | SOFTCLIP=2.849548 | RMSE=0.744214 | MAE=0.514454 | CI=0.783557 | RM2=0.305881
[EPOCH 023/030] VAL  : TOTAL=0.632852 | REG=0.453333 | SOFTCLIP=1.795190 | RMSE=0.673300 | MAE=0.466247 | CI=0.826930 | RM2=0.420928

EPOCH 24/30
  STEP 100/718 | TOTAL_LOSS=0.836583 | REG_LOSS=0.547538 | SOFTCLIP_LOSS=2.890449 | MEAN_VALID_PER_ROW=25.06 | MEAN_VALID_OFFDIAG=24.06 | BATCH_RMSE=0.739958
  STEP 200/718 | TOTAL_LOSS=1.090042 | REG_LOSS=0.823293 | SOFTCLIP_LOSS=2.667489 | MEAN_VALID_PER_ROW=27.16 | MEAN_VALID_OFFDIAG=26.16 | BATCH_RMSE=0.907355
  STEP 300/718 | TOTAL_LOSS=0.827042 | REG_LOSS=0.548133 | SOFTCLIP_LOSS=2.789086 | MEAN_VALID_PER_ROW=26.03 | MEAN_VALID_OFFDIAG=25.03 | BATCH_RMSE=0.740360
  STEP 400/718 | TOTAL_LOSS=1.295998 | REG_LOSS=1.018797 | SOFTCLIP_LOSS=2.772005 | MEAN_VALID_PER_ROW=24.66 | MEAN_VALID_OFFDIAG=23.66 | BATCH_RMSE=1.009355
  STEP 500/718 | TOTAL_LOSS=0.597448 | REG_LOSS=0.321482 | SOFTCLIP_LOSS=2.759668 | MEAN_VALID_PER_ROW=25.50 | MEAN_VALID_OFFDIAG=24.50 | BATCH_RMSE=0.566994
  STEP 600/718 | TOTAL_LOSS=0.686269 | REG_LOSS=0.403913 | SOFTCLIP_LOSS=2.823565 | MEAN_VALID_PER_ROW=26.69 | MEAN_VALID_OFFDIAG=25.69 | BATCH_RMSE=0.635541
  STEP 700/718 | TOTAL_LOSS=0.594633 | REG_LOSS=0.306891 | SOFTCLIP_LOSS=2.877417 | MEAN_VALID_PER_ROW=25.56 | MEAN_VALID_OFFDIAG=24.56 | BATCH_RMSE=0.553978
[EPOCH 024/030] TRAIN: TOTAL=0.826759 | REG=0.542404 | SOFTCLIP=2.843552 | RMSE=0.736481 | MAE=0.509822 | CI=0.788033 | RM2=0.318412
[EPOCH 024/030] VAL  : TOTAL=0.627685 | REG=0.447724 | SOFTCLIP=1.799609 | RMSE=0.669122 | MAE=0.429769 | CI=0.815391 | RM2=0.414346

EPOCH 25/30
  STEP 100/718 | TOTAL_LOSS=0.555028 | REG_LOSS=0.262085 | SOFTCLIP_LOSS=2.929431 | MEAN_VALID_PER_ROW=25.62 | MEAN_VALID_OFFDIAG=24.62 | BATCH_RMSE=0.511942
  STEP 200/718 | TOTAL_LOSS=0.573345 | REG_LOSS=0.291251 | SOFTCLIP_LOSS=2.820934 | MEAN_VALID_PER_ROW=25.81 | MEAN_VALID_OFFDIAG=24.81 | BATCH_RMSE=0.539677
  STEP 300/718 | TOTAL_LOSS=1.058084 | REG_LOSS=0.766032 | SOFTCLIP_LOSS=2.920520 | MEAN_VALID_PER_ROW=25.97 | MEAN_VALID_OFFDIAG=24.97 | BATCH_RMSE=0.875233
  STEP 400/718 | TOTAL_LOSS=0.776026 | REG_LOSS=0.491704 | SOFTCLIP_LOSS=2.843217 | MEAN_VALID_PER_ROW=26.12 | MEAN_VALID_OFFDIAG=25.12 | BATCH_RMSE=0.701216
  STEP 500/718 | TOTAL_LOSS=0.658780 | REG_LOSS=0.380484 | SOFTCLIP_LOSS=2.782966 | MEAN_VALID_PER_ROW=25.56 | MEAN_VALID_OFFDIAG=24.56 | BATCH_RMSE=0.616834
  STEP 600/718 | TOTAL_LOSS=0.825887 | REG_LOSS=0.536899 | SOFTCLIP_LOSS=2.889878 | MEAN_VALID_PER_ROW=25.47 | MEAN_VALID_OFFDIAG=24.47 | BATCH_RMSE=0.732734
  STEP 700/718 | TOTAL_LOSS=0.795419 | REG_LOSS=0.517172 | SOFTCLIP_LOSS=2.782472 | MEAN_VALID_PER_ROW=26.09 | MEAN_VALID_OFFDIAG=25.09 | BATCH_RMSE=0.719147
[EPOCH 025/030] TRAIN: TOTAL=0.825568 | REG=0.541093 | SOFTCLIP=2.844744 | RMSE=0.735590 | MAE=0.505183 | CI=0.789738 | RM2=0.320057
[EPOCH 025/030] VAL  : TOTAL=0.631017 | REG=0.451173 | SOFTCLIP=1.798444 | RMSE=0.671694 | MAE=0.435047 | CI=0.825174 | RM2=0.423993

EPOCH 26/30
  STEP 100/718 | TOTAL_LOSS=0.805868 | REG_LOSS=0.523126 | SOFTCLIP_LOSS=2.827419 | MEAN_VALID_PER_ROW=25.97 | MEAN_VALID_OFFDIAG=24.97 | BATCH_RMSE=0.723275
  STEP 200/718 | TOTAL_LOSS=0.575957 | REG_LOSS=0.297590 | SOFTCLIP_LOSS=2.783672 | MEAN_VALID_PER_ROW=26.41 | MEAN_VALID_OFFDIAG=25.41 | BATCH_RMSE=0.545518
  STEP 300/718 | TOTAL_LOSS=0.514628 | REG_LOSS=0.232401 | SOFTCLIP_LOSS=2.822272 | MEAN_VALID_PER_ROW=26.72 | MEAN_VALID_OFFDIAG=25.72 | BATCH_RMSE=0.482080
  STEP 400/718 | TOTAL_LOSS=1.136161 | REG_LOSS=0.870377 | SOFTCLIP_LOSS=2.657842 | MEAN_VALID_PER_ROW=25.72 | MEAN_VALID_OFFDIAG=24.72 | BATCH_RMSE=0.932940
  STEP 500/718 | TOTAL_LOSS=0.644395 | REG_LOSS=0.383993 | SOFTCLIP_LOSS=2.604022 | MEAN_VALID_PER_ROW=25.62 | MEAN_VALID_OFFDIAG=24.62 | BATCH_RMSE=0.619671
  STEP 600/718 | TOTAL_LOSS=0.540919 | REG_LOSS=0.244872 | SOFTCLIP_LOSS=2.960470 | MEAN_VALID_PER_ROW=26.06 | MEAN_VALID_OFFDIAG=25.06 | BATCH_RMSE=0.494846
  STEP 700/718 | TOTAL_LOSS=0.683778 | REG_LOSS=0.387299 | SOFTCLIP_LOSS=2.964792 | MEAN_VALID_PER_ROW=26.38 | MEAN_VALID_OFFDIAG=25.38 | BATCH_RMSE=0.622333
[EPOCH 026/030] TRAIN: TOTAL=0.819172 | REG=0.535470 | SOFTCLIP=2.837020 | RMSE=0.731758 | MAE=0.504997 | CI=0.791226 | RM2=0.326070
[EPOCH 026/030] VAL  : TOTAL=0.611589 | REG=0.432321 | SOFTCLIP=1.792677 | RMSE=0.657512 | MAE=0.428210 | CI=0.834403 | RM2=0.439537
  SAVED NEW BEST MODEL | EPOCH=026 | BEST_VAL_RMSE=0.657512 | BEST_VAL_MAE=0.428210 | BEST_VAL_CI=0.834403 | BEST_VAL_RM2=0.439537

EPOCH 27/30
  STEP 100/718 | TOTAL_LOSS=0.978080 | REG_LOSS=0.679881 | SOFTCLIP_LOSS=2.981994 | MEAN_VALID_PER_ROW=25.38 | MEAN_VALID_OFFDIAG=24.38 | BATCH_RMSE=0.824549
  STEP 200/718 | TOTAL_LOSS=0.573498 | REG_LOSS=0.285750 | SOFTCLIP_LOSS=2.877488 | MEAN_VALID_PER_ROW=26.06 | MEAN_VALID_OFFDIAG=25.06 | BATCH_RMSE=0.534556
  STEP 300/718 | TOTAL_LOSS=0.683127 | REG_LOSS=0.394497 | SOFTCLIP_LOSS=2.886295 | MEAN_VALID_PER_ROW=26.19 | MEAN_VALID_OFFDIAG=25.19 | BATCH_RMSE=0.628090
  STEP 400/718 | TOTAL_LOSS=0.767525 | REG_LOSS=0.479439 | SOFTCLIP_LOSS=2.880857 | MEAN_VALID_PER_ROW=25.88 | MEAN_VALID_OFFDIAG=24.88 | BATCH_RMSE=0.692415
  STEP 500/718 | TOTAL_LOSS=0.897601 | REG_LOSS=0.610611 | SOFTCLIP_LOSS=2.869900 | MEAN_VALID_PER_ROW=25.94 | MEAN_VALID_OFFDIAG=24.94 | BATCH_RMSE=0.781416
  STEP 600/718 | TOTAL_LOSS=0.799020 | REG_LOSS=0.508171 | SOFTCLIP_LOSS=2.908489 | MEAN_VALID_PER_ROW=25.84 | MEAN_VALID_OFFDIAG=24.84 | BATCH_RMSE=0.712861
  STEP 700/718 | TOTAL_LOSS=0.741953 | REG_LOSS=0.465765 | SOFTCLIP_LOSS=2.761876 | MEAN_VALID_PER_ROW=24.91 | MEAN_VALID_OFFDIAG=23.91 | BATCH_RMSE=0.682470
[EPOCH 027/030] TRAIN: TOTAL=0.825203 | REG=0.541649 | SOFTCLIP=2.835542 | RMSE=0.735968 | MAE=0.505428 | CI=0.789104 | RM2=0.318767
[EPOCH 027/030] VAL  : TOTAL=0.632140 | REG=0.452115 | SOFTCLIP=1.800249 | RMSE=0.672395 | MAE=0.417243 | CI=0.818687 | RM2=0.427046

EPOCH 28/30
  STEP 100/718 | TOTAL_LOSS=0.812384 | REG_LOSS=0.537013 | SOFTCLIP_LOSS=2.753701 | MEAN_VALID_PER_ROW=26.41 | MEAN_VALID_OFFDIAG=25.41 | BATCH_RMSE=0.732812
  STEP 200/718 | TOTAL_LOSS=0.674006 | REG_LOSS=0.384941 | SOFTCLIP_LOSS=2.890656 | MEAN_VALID_PER_ROW=26.88 | MEAN_VALID_OFFDIAG=25.88 | BATCH_RMSE=0.620436
  STEP 300/718 | TOTAL_LOSS=0.858127 | REG_LOSS=0.574658 | SOFTCLIP_LOSS=2.834691 | MEAN_VALID_PER_ROW=26.34 | MEAN_VALID_OFFDIAG=25.34 | BATCH_RMSE=0.758062
  STEP 400/718 | TOTAL_LOSS=0.566036 | REG_LOSS=0.292644 | SOFTCLIP_LOSS=2.733913 | MEAN_VALID_PER_ROW=25.88 | MEAN_VALID_OFFDIAG=24.88 | BATCH_RMSE=0.540966
  STEP 500/718 | TOTAL_LOSS=0.930562 | REG_LOSS=0.637705 | SOFTCLIP_LOSS=2.928566 | MEAN_VALID_PER_ROW=25.25 | MEAN_VALID_OFFDIAG=24.25 | BATCH_RMSE=0.798564
  STEP 600/718 | TOTAL_LOSS=0.930373 | REG_LOSS=0.652511 | SOFTCLIP_LOSS=2.778622 | MEAN_VALID_PER_ROW=25.16 | MEAN_VALID_OFFDIAG=24.16 | BATCH_RMSE=0.807781
  STEP 700/718 | TOTAL_LOSS=0.629152 | REG_LOSS=0.335810 | SOFTCLIP_LOSS=2.933427 | MEAN_VALID_PER_ROW=25.75 | MEAN_VALID_OFFDIAG=24.75 | BATCH_RMSE=0.579491
[EPOCH 028/030] TRAIN: TOTAL=0.808613 | REG=0.525133 | SOFTCLIP=2.834802 | RMSE=0.724661 | MAE=0.496655 | CI=0.796104 | RM2=0.337856
[EPOCH 028/030] VAL  : TOTAL=0.627728 | REG=0.448094 | SOFTCLIP=1.796341 | RMSE=0.669398 | MAE=0.464999 | CI=0.828930 | RM2=0.444764

EPOCH 29/30
  STEP 100/718 | TOTAL_LOSS=0.588130 | REG_LOSS=0.290617 | SOFTCLIP_LOSS=2.975124 | MEAN_VALID_PER_ROW=26.41 | MEAN_VALID_OFFDIAG=25.41 | BATCH_RMSE=0.539089
  STEP 200/718 | TOTAL_LOSS=1.066597 | REG_LOSS=0.790996 | SOFTCLIP_LOSS=2.756013 | MEAN_VALID_PER_ROW=26.53 | MEAN_VALID_OFFDIAG=25.53 | BATCH_RMSE=0.889379
  STEP 300/718 | TOTAL_LOSS=0.780914 | REG_LOSS=0.500628 | SOFTCLIP_LOSS=2.802862 | MEAN_VALID_PER_ROW=25.84 | MEAN_VALID_OFFDIAG=24.84 | BATCH_RMSE=0.707550
  STEP 400/718 | TOTAL_LOSS=0.690077 | REG_LOSS=0.392422 | SOFTCLIP_LOSS=2.976548 | MEAN_VALID_PER_ROW=25.97 | MEAN_VALID_OFFDIAG=24.97 | BATCH_RMSE=0.626436
  STEP 500/718 | TOTAL_LOSS=0.623006 | REG_LOSS=0.326211 | SOFTCLIP_LOSS=2.967952 | MEAN_VALID_PER_ROW=25.78 | MEAN_VALID_OFFDIAG=24.78 | BATCH_RMSE=0.571149
  STEP 600/718 | TOTAL_LOSS=0.690821 | REG_LOSS=0.396404 | SOFTCLIP_LOSS=2.944170 | MEAN_VALID_PER_ROW=26.12 | MEAN_VALID_OFFDIAG=25.12 | BATCH_RMSE=0.629606
  STEP 700/718 | TOTAL_LOSS=0.815717 | REG_LOSS=0.529578 | SOFTCLIP_LOSS=2.861383 | MEAN_VALID_PER_ROW=25.56 | MEAN_VALID_OFFDIAG=24.56 | BATCH_RMSE=0.727721
[EPOCH 029/030] TRAIN: TOTAL=0.819041 | REG=0.535672 | SOFTCLIP=2.833693 | RMSE=0.731896 | MAE=0.502930 | CI=0.789959 | RM2=0.325139
[EPOCH 029/030] VAL  : TOTAL=0.606820 | REG=0.427415 | SOFTCLIP=1.794048 | RMSE=0.653770 | MAE=0.421396 | CI=0.828421 | RM2=0.454763
  SAVED NEW BEST MODEL | EPOCH=029 | BEST_VAL_RMSE=0.653770 | BEST_VAL_MAE=0.421396 | BEST_VAL_CI=0.828421 | BEST_VAL_RM2=0.454763

EPOCH 30/30
  STEP 100/718 | TOTAL_LOSS=0.970597 | REG_LOSS=0.694099 | SOFTCLIP_LOSS=2.764977 | MEAN_VALID_PER_ROW=26.81 | MEAN_VALID_OFFDIAG=25.81 | BATCH_RMSE=0.833126
  STEP 200/718 | TOTAL_LOSS=0.855175 | REG_LOSS=0.571438 | SOFTCLIP_LOSS=2.837364 | MEAN_VALID_PER_ROW=26.09 | MEAN_VALID_OFFDIAG=25.09 | BATCH_RMSE=0.755935
  STEP 300/718 | TOTAL_LOSS=0.764272 | REG_LOSS=0.485711 | SOFTCLIP_LOSS=2.785610 | MEAN_VALID_PER_ROW=25.72 | MEAN_VALID_OFFDIAG=24.72 | BATCH_RMSE=0.696930
  STEP 400/718 | TOTAL_LOSS=0.568095 | REG_LOSS=0.296947 | SOFTCLIP_LOSS=2.711472 | MEAN_VALID_PER_ROW=25.66 | MEAN_VALID_OFFDIAG=24.66 | BATCH_RMSE=0.544929
  STEP 500/718 | TOTAL_LOSS=0.651207 | REG_LOSS=0.364340 | SOFTCLIP_LOSS=2.868671 | MEAN_VALID_PER_ROW=25.16 | MEAN_VALID_OFFDIAG=24.16 | BATCH_RMSE=0.603606
  STEP 600/718 | TOTAL_LOSS=0.733161 | REG_LOSS=0.442014 | SOFTCLIP_LOSS=2.911471 | MEAN_VALID_PER_ROW=25.38 | MEAN_VALID_OFFDIAG=24.38 | BATCH_RMSE=0.664841
  STEP 700/718 | TOTAL_LOSS=0.894366 | REG_LOSS=0.606195 | SOFTCLIP_LOSS=2.881710 | MEAN_VALID_PER_ROW=25.91 | MEAN_VALID_OFFDIAG=24.91 | BATCH_RMSE=0.778585
[EPOCH 030/030] TRAIN: TOTAL=0.800666 | REG=0.517464 | SOFTCLIP=2.832026 | RMSE=0.719350 | MAE=0.492086 | CI=0.797463 | RM2=0.345914
[EPOCH 030/030] VAL  : TOTAL=0.605536 | REG=0.426398 | SOFTCLIP=1.791388 | RMSE=0.652991 | MAE=0.448455 | CI=0.837365 | RM2=0.433818
  SAVED NEW BEST MODEL | EPOCH=030 | BEST_VAL_RMSE=0.652991 | BEST_VAL_MAE=0.448455 | BEST_VAL_CI=0.837365 | BEST_VAL_RM2=0.433818

TRAINING FINISHED.
BEST MODEL SUMMARY | EPOCH=030 | VAL_RMSE=0.652991 | VAL_MAE=0.448455 | VAL_CI=0.837365 | VAL_RM2=0.433818
SAVED OUTPUTS TO: outputs/softclip_sweeps/softclip_sweep_20260417_162315/bs32_lr0.0003_lc0.1_temp0.07_at1
