nohup: ignoring input
Using device: cuda
[DavisDatasetP13D] input pairs: 30056
[DavisDatasetP13D] kept pairs : 30056
[DavisDatasetP13D] missing counts: {'drug_1d': 0, 'drug_2d': 0, 'drug_3d': 0, 'protein_1d': 0, 'protein_3d': 0}
TOTAL SIZE: 30056
TRAIN SIZE: 22956
VAL SIZE: 5740
SPLIT JSON: /data1/ztx/MyModel-MDTA/data/splits/davis_fixed_split_size2.json
MODEL: drug_1d + drug_3d + protein_1d + protein_3d + softclip(label-sim) + pcl(protein1d-protein3d)
RESUMED FROM: /data1/ztx/MyModel-MDTA/outputs/EGNN/davis_softclip_pcl_labelsim_drug3d_prot3d_full200/best_model.pt | start_epoch=277 | best_val_rmse=0.454591 | no_improve=52

EPOCH 277/500
  STEP 100/5739 | TOTAL_LOSS=0.259217 | REG_LOSS=0.135498 | SOFTCLIP_LOSS=1.211086 | PCL_LOSS=0.026108 | DRUG_PCL=0.000000 | PROT_PCL=0.026108 | MEAN_GATE=0.3735 | MEAN_VALID_PER_ROW=3.50 | MEAN_VALID_OFFDIAG=2.50 | MEAN_DIAG_PRIOR_MASS=0.3742 | LBL_TAU=1.00 | LBL_MIX=0.50 | BATCH_RMSE=0.368101
  STEP 200/5739 | TOTAL_LOSS=0.810154 | REG_LOSS=0.715791 | SOFTCLIP_LOSS=0.942910 | PCL_LOSS=0.000715 | DRUG_PCL=0.000012 | PROT_PCL=0.000704 | MEAN_GATE=0.3574 | MEAN_VALID_PER_ROW=2.75 | MEAN_VALID_OFFDIAG=1.75 | MEAN_DIAG_PRIOR_MASS=0.2987 | LBL_TAU=1.00 | LBL_MIX=0.50 | BATCH_RMSE=0.846045
  STEP 300/5739 | TOTAL_LOSS=0.268350 | REG_LOSS=0.110901 | SOFTCLIP_LOSS=1.207227 | PCL_LOSS=0.367265 | DRUG_PCL=0.366769 | PROT_PCL=0.000497 | MEAN_GATE=0.2965 | MEAN_VALID_PER_ROW=3.50 | MEAN_VALID_OFFDIAG=2.50 | MEAN_DIAG_PRIOR_MASS=0.2174 | LBL_TAU=1.00 | LBL_MIX=0.50 | BATCH_RMSE=0.333018
  STEP 400/5739 | TOTAL_LOSS=0.325404 | REG_LOSS=0.076799 | SOFTCLIP_LOSS=1.239227 | PCL_LOSS=1.246823 | DRUG_PCL=0.000055 | PROT_PCL=1.246769 | MEAN_GATE=0.3485 | MEAN_VALID_PER_ROW=3.50 | MEAN_VALID_OFFDIAG=2.50 | MEAN_DIAG_PRIOR_MASS=0.2975 | LBL_TAU=1.00 | LBL_MIX=0.50 | BATCH_RMSE=0.277127
  STEP 500/5739 | TOTAL_LOSS=0.217097 | REG_LOSS=0.068136 | SOFTCLIP_LOSS=1.160014 | PCL_LOSS=0.329594 | DRUG_PCL=0.000000 | PROT_PCL=0.329594 | MEAN_GATE=0.3640 | MEAN_VALID_PER_ROW=3.50 | MEAN_VALID_OFFDIAG=2.50 | MEAN_DIAG_PRIOR_MASS=0.2616 | LBL_TAU=1.00 | LBL_MIX=0.50 | BATCH_RMSE=0.261030
  STEP 600/5739 | TOTAL_LOSS=0.228014 | REG_LOSS=0.045224 | SOFTCLIP_LOSS=1.205408 | PCL_LOSS=0.622483 | DRUG_PCL=0.002175 | PROT_PCL=0.620308 | MEAN_GATE=0.3404 | MEAN_VALID_PER_ROW=3.50 | MEAN_VALID_OFFDIAG=2.50 | MEAN_DIAG_PRIOR_MASS=0.2246 | LBL_TAU=1.00 | LBL_MIX=0.50 | BATCH_RMSE=0.212660
  STEP 700/5739 | TOTAL_LOSS=0.582971 | REG_LOSS=0.460006 | SOFTCLIP_LOSS=1.229223 | PCL_LOSS=0.000430 | DRUG_PCL=0.000078 | PROT_PCL=0.000352 | MEAN_GATE=0.3052 | MEAN_VALID_PER_ROW=3.75 | MEAN_VALID_OFFDIAG=2.75 | MEAN_DIAG_PRIOR_MASS=0.2621 | LBL_TAU=1.00 | LBL_MIX=0.50 | BATCH_RMSE=0.678238
  STEP 800/5739 | TOTAL_LOSS=0.625973 | REG_LOSS=0.460440 | SOFTCLIP_LOSS=1.304234 | PCL_LOSS=0.351101 | DRUG_PCL=0.005317 | PROT_PCL=0.345783 | MEAN_GATE=0.3080 | MEAN_VALID_PER_ROW=4.00 | MEAN_VALID_OFFDIAG=3.00 | MEAN_DIAG_PRIOR_MASS=0.2551 | LBL_TAU=1.00 | LBL_MIX=0.50 | BATCH_RMSE=0.678557
  STEP 900/5739 | TOTAL_LOSS=0.131703 | REG_LOSS=0.015420 | SOFTCLIP_LOSS=0.806491 | PCL_LOSS=0.356334 | DRUG_PCL=0.062945 | PROT_PCL=0.293389 | MEAN_GATE=0.3482 | MEAN_VALID_PER_ROW=2.50 | MEAN_VALID_OFFDIAG=1.50 | MEAN_DIAG_PRIOR_MASS=0.3404 | LBL_TAU=1.00 | LBL_MIX=0.50 | BATCH_RMSE=0.124179
  STEP 1000/5739 | TOTAL_LOSS=0.368676 | REG_LOSS=0.244368 | SOFTCLIP_LOSS=1.144105 | PCL_LOSS=0.098974 | DRUG_PCL=0.000151 | PROT_PCL=0.098823 | MEAN_GATE=0.3740 | MEAN_VALID_PER_ROW=3.25 | MEAN_VALID_OFFDIAG=2.25 | MEAN_DIAG_PRIOR_MASS=0.3662 | LBL_TAU=1.00 | LBL_MIX=0.50 | BATCH_RMSE=0.494336
  STEP 1100/5739 | TOTAL_LOSS=0.230662 | REG_LOSS=0.066456 | SOFTCLIP_LOSS=1.227217 | PCL_LOSS=0.414843 | DRUG_PCL=0.000203 | PROT_PCL=0.414640 | MEAN_GATE=0.3378 | MEAN_VALID_PER_ROW=3.50 | MEAN_VALID_OFFDIAG=2.50 | MEAN_DIAG_PRIOR_MASS=0.3489 | LBL_TAU=1.00 | LBL_MIX=0.50 | BATCH_RMSE=0.257790
  STEP 1200/5739 | TOTAL_LOSS=0.134815 | REG_LOSS=0.011028 | SOFTCLIP_LOSS=0.884466 | PCL_LOSS=0.353397 | DRUG_PCL=0.003415 | PROT_PCL=0.349981 | MEAN_GATE=0.2483 | MEAN_VALID_PER_ROW=2.75 | MEAN_VALID_OFFDIAG=1.75 | MEAN_DIAG_PRIOR_MASS=0.3503 | LBL_TAU=1.00 | LBL_MIX=0.50 | BATCH_RMSE=0.105016
  STEP 1300/5739 | TOTAL_LOSS=0.199593 | REG_LOSS=0.036073 | SOFTCLIP_LOSS=1.287115 | PCL_LOSS=0.348094 | DRUG_PCL=0.001267 | PROT_PCL=0.346827 | MEAN_GATE=0.3515 | MEAN_VALID_PER_ROW=3.75 | MEAN_VALID_OFFDIAG=2.75 | MEAN_DIAG_PRIOR_MASS=0.3036 | LBL_TAU=1.00 | LBL_MIX=0.50 | BATCH_RMSE=0.189928
  STEP 1400/5739 | TOTAL_LOSS=0.259715 | REG_LOSS=0.179013 | SOFTCLIP_LOSS=0.802268 | PCL_LOSS=0.004755 | DRUG_PCL=0.000016 | PROT_PCL=0.004739 | MEAN_GATE=0.3434 | MEAN_VALID_PER_ROW=2.50 | MEAN_VALID_OFFDIAG=1.50 | MEAN_DIAG_PRIOR_MASS=0.4653 | LBL_TAU=1.00 | LBL_MIX=0.50 | BATCH_RMSE=0.423099
  STEP 1500/5739 | TOTAL_LOSS=0.385909 | REG_LOSS=0.265987 | SOFTCLIP_LOSS=0.922983 | PCL_LOSS=0.276234 | DRUG_PCL=0.000000 | PROT_PCL=0.276234 | MEAN_GATE=0.3390 | MEAN_VALID_PER_ROW=2.75 | MEAN_VALID_OFFDIAG=1.75 | MEAN_DIAG_PRIOR_MASS=0.3603 | LBL_TAU=1.00 | LBL_MIX=0.50 | BATCH_RMSE=0.515739
  STEP 1600/5739 | TOTAL_LOSS=0.140506 | REG_LOSS=0.023677 | SOFTCLIP_LOSS=0.932000 | PCL_LOSS=0.236287 | DRUG_PCL=0.000003 | PROT_PCL=0.236284 | MEAN_GATE=0.3483 | MEAN_VALID_PER_ROW=2.75 | MEAN_VALID_OFFDIAG=1.75 | MEAN_DIAG_PRIOR_MASS=0.5314 | LBL_TAU=1.00 | LBL_MIX=0.50 | BATCH_RMSE=0.153873
  STEP 1700/5739 | TOTAL_LOSS=0.576286 | REG_LOSS=0.445093 | SOFTCLIP_LOSS=1.250021 | PCL_LOSS=0.061910 | DRUG_PCL=0.000889 | PROT_PCL=0.061021 | MEAN_GATE=0.3503 | MEAN_VALID_PER_ROW=3.75 | MEAN_VALID_OFFDIAG=2.75 | MEAN_DIAG_PRIOR_MASS=0.3307 | LBL_TAU=1.00 | LBL_MIX=0.50 | BATCH_RMSE=0.667153
  STEP 1800/5739 | TOTAL_LOSS=0.482453 | REG_LOSS=0.386748 | SOFTCLIP_LOSS=0.955190 | PCL_LOSS=0.001858 | DRUG_PCL=0.001809 | PROT_PCL=0.000049 | MEAN_GATE=0.3391 | MEAN_VALID_PER_ROW=3.25 | MEAN_VALID_OFFDIAG=2.25 | MEAN_DIAG_PRIOR_MASS=0.4295 | LBL_TAU=1.00 | LBL_MIX=0.50 | BATCH_RMSE=0.621891
  STEP 1900/5739 | TOTAL_LOSS=0.122472 | REG_LOSS=0.005272 | SOFTCLIP_LOSS=1.171239 | PCL_LOSS=0.000759 | DRUG_PCL=0.000000 | PROT_PCL=0.000759 | MEAN_GATE=0.3286 | MEAN_VALID_PER_ROW=3.25 | MEAN_VALID_OFFDIAG=2.25 | MEAN_DIAG_PRIOR_MASS=0.3125 | LBL_TAU=1.00 | LBL_MIX=0.50 | BATCH_RMSE=0.072610
  STEP 2000/5739 | TOTAL_LOSS=0.243736 | REG_LOSS=0.161720 | SOFTCLIP_LOSS=0.818883 | PCL_LOSS=0.001275 | DRUG_PCL=0.000000 | PROT_PCL=0.001275 | MEAN_GATE=0.3363 | MEAN_VALID_PER_ROW=2.50 | MEAN_VALID_OFFDIAG=1.50 | MEAN_DIAG_PRIOR_MASS=0.5642 | LBL_TAU=1.00 | LBL_MIX=0.50 | BATCH_RMSE=0.402144
  STEP 2100/5739 | TOTAL_LOSS=0.171047 | REG_LOSS=0.020176 | SOFTCLIP_LOSS=0.900978 | PCL_LOSS=0.607735 | DRUG_PCL=0.000000 | PROT_PCL=0.607735 | MEAN_GATE=0.3615 | MEAN_VALID_PER_ROW=2.75 | MEAN_VALID_OFFDIAG=1.75 | MEAN_DIAG_PRIOR_MASS=0.2858 | LBL_TAU=1.00 | LBL_MIX=0.50 | BATCH_RMSE=0.142042
  STEP 2200/5739 | TOTAL_LOSS=0.113298 | REG_LOSS=0.016793 | SOFTCLIP_LOSS=0.964997 | PCL_LOSS=0.000055 | DRUG_PCL=0.000003 | PROT_PCL=0.000052 | MEAN_GATE=0.3532 | MEAN_VALID_PER_ROW=3.00 | MEAN_VALID_OFFDIAG=2.00 | MEAN_DIAG_PRIOR_MASS=0.3220 | LBL_TAU=1.00 | LBL_MIX=0.50 | BATCH_RMSE=0.129586
  STEP 2300/5739 | TOTAL_LOSS=0.220234 | REG_LOSS=0.092975 | SOFTCLIP_LOSS=1.246928 | PCL_LOSS=0.025665 | DRUG_PCL=0.000023 | PROT_PCL=0.025643 | MEAN_GATE=0.3387 | MEAN_VALID_PER_ROW=3.50 | MEAN_VALID_OFFDIAG=2.50 | MEAN_DIAG_PRIOR_MASS=0.3029 | LBL_TAU=1.00 | LBL_MIX=0.50 | BATCH_RMSE=0.304918
  STEP 2400/5739 | TOTAL_LOSS=0.282077 | REG_LOSS=0.141329 | SOFTCLIP_LOSS=1.382992 | PCL_LOSS=0.024482 | DRUG_PCL=0.024427 | PROT_PCL=0.000055 | MEAN_GATE=0.3238 | MEAN_VALID_PER_ROW=4.00 | MEAN_VALID_OFFDIAG=3.00 | MEAN_DIAG_PRIOR_MASS=0.2705 | LBL_TAU=1.00 | LBL_MIX=0.50 | BATCH_RMSE=0.375938
  STEP 2500/5739 | TOTAL_LOSS=0.155344 | REG_LOSS=0.010345 | SOFTCLIP_LOSS=1.253619 | PCL_LOSS=0.196371 | DRUG_PCL=0.001163 | PROT_PCL=0.195207 | MEAN_GATE=0.3297 | MEAN_VALID_PER_ROW=3.75 | MEAN_VALID_OFFDIAG=2.75 | MEAN_DIAG_PRIOR_MASS=0.2430 | LBL_TAU=1.00 | LBL_MIX=0.50 | BATCH_RMSE=0.101710
  STEP 2600/5739 | TOTAL_LOSS=0.304342 | REG_LOSS=0.175113 | SOFTCLIP_LOSS=1.284988 | PCL_LOSS=0.007302 | DRUG_PCL=0.000572 | PROT_PCL=0.006730 | MEAN_GATE=0.3766 | MEAN_VALID_PER_ROW=3.75 | MEAN_VALID_OFFDIAG=2.75 | MEAN_DIAG_PRIOR_MASS=0.2737 | LBL_TAU=1.00 | LBL_MIX=0.50 | BATCH_RMSE=0.418466
  STEP 2700/5739 | TOTAL_LOSS=0.174231 | REG_LOSS=0.029490 | SOFTCLIP_LOSS=1.150784 | PCL_LOSS=0.296625 | DRUG_PCL=0.296211 | PROT_PCL=0.000415 | MEAN_GATE=0.3264 | MEAN_VALID_PER_ROW=3.25 | MEAN_VALID_OFFDIAG=2.25 | MEAN_DIAG_PRIOR_MASS=0.2870 | LBL_TAU=1.00 | LBL_MIX=0.50 | BATCH_RMSE=0.171728
  STEP 2800/5739 | TOTAL_LOSS=0.553100 | REG_LOSS=0.388894 | SOFTCLIP_LOSS=1.244535 | PCL_LOSS=0.397520 | DRUG_PCL=0.000005 | PROT_PCL=0.397514 | MEAN_GATE=0.3724 | MEAN_VALID_PER_ROW=3.75 | MEAN_VALID_OFFDIAG=2.75 | MEAN_DIAG_PRIOR_MASS=0.1685 | LBL_TAU=1.00 | LBL_MIX=0.50 | BATCH_RMSE=0.623614
  STEP 2900/5739 | TOTAL_LOSS=0.157849 | REG_LOSS=0.012839 | SOFTCLIP_LOSS=1.154766 | PCL_LOSS=0.295334 | DRUG_PCL=0.000001 | PROT_PCL=0.295333 | MEAN_GATE=0.3566 | MEAN_VALID_PER_ROW=3.25 | MEAN_VALID_OFFDIAG=2.25 | MEAN_DIAG_PRIOR_MASS=0.3235 | LBL_TAU=1.00 | LBL_MIX=0.50 | BATCH_RMSE=0.113308
  STEP 3000/5739 | TOTAL_LOSS=0.266174 | REG_LOSS=0.125254 | SOFTCLIP_LOSS=1.316692 | PCL_LOSS=0.092503 | DRUG_PCL=0.000000 | PROT_PCL=0.092503 | MEAN_GATE=0.3168 | MEAN_VALID_PER_ROW=3.75 | MEAN_VALID_OFFDIAG=2.75 | MEAN_DIAG_PRIOR_MASS=0.2068 | LBL_TAU=1.00 | LBL_MIX=0.50 | BATCH_RMSE=0.353912
  STEP 3100/5739 | TOTAL_LOSS=0.148744 | REG_LOSS=0.044046 | SOFTCLIP_LOSS=1.046655 | PCL_LOSS=0.000322 | DRUG_PCL=0.000300 | PROT_PCL=0.000023 | MEAN_GATE=0.3413 | MEAN_VALID_PER_ROW=3.00 | MEAN_VALID_OFFDIAG=2.00 | MEAN_DIAG_PRIOR_MASS=0.3719 | LBL_TAU=1.00 | LBL_MIX=0.50 | BATCH_RMSE=0.209872
  STEP 3200/5739 | TOTAL_LOSS=0.149618 | REG_LOSS=0.037937 | SOFTCLIP_LOSS=1.035437 | PCL_LOSS=0.081372 | DRUG_PCL=0.000001 | PROT_PCL=0.081371 | MEAN_GATE=0.3457 | MEAN_VALID_PER_ROW=3.00 | MEAN_VALID_OFFDIAG=2.00 | MEAN_DIAG_PRIOR_MASS=0.3666 | LBL_TAU=1.00 | LBL_MIX=0.50 | BATCH_RMSE=0.194774
  STEP 3300/5739 | TOTAL_LOSS=0.427350 | REG_LOSS=0.248586 | SOFTCLIP_LOSS=1.284855 | PCL_LOSS=0.502784 | DRUG_PCL=0.000029 | PROT_PCL=0.502755 | MEAN_GATE=0.3118 | MEAN_VALID_PER_ROW=4.00 | MEAN_VALID_OFFDIAG=3.00 | MEAN_DIAG_PRIOR_MASS=0.4155 | LBL_TAU=1.00 | LBL_MIX=0.50 | BATCH_RMSE=0.498584
  STEP 3400/5739 | TOTAL_LOSS=0.268091 | REG_LOSS=0.191397 | SOFTCLIP_LOSS=0.763797 | PCL_LOSS=0.003142 | DRUG_PCL=0.000000 | PROT_PCL=0.003142 | MEAN_GATE=0.3475 | MEAN_VALID_PER_ROW=2.25 | MEAN_VALID_OFFDIAG=1.25 | MEAN_DIAG_PRIOR_MASS=0.5417 | LBL_TAU=1.00 | LBL_MIX=0.50 | BATCH_RMSE=0.437489
  STEP 3500/5739 | TOTAL_LOSS=0.152685 | REG_LOSS=0.017491 | SOFTCLIP_LOSS=1.351908 | PCL_LOSS=0.000032 | DRUG_PCL=0.000029 | PROT_PCL=0.000003 | MEAN_GATE=0.3257 | MEAN_VALID_PER_ROW=4.00 | MEAN_VALID_OFFDIAG=3.00 | MEAN_DIAG_PRIOR_MASS=0.2185 | LBL_TAU=1.00 | LBL_MIX=0.50 | BATCH_RMSE=0.132253
  STEP 3600/5739 | TOTAL_LOSS=0.369703 | REG_LOSS=0.249119 | SOFTCLIP_LOSS=1.203990 | PCL_LOSS=0.001849 | DRUG_PCL=0.001697 | PROT_PCL=0.000152 | MEAN_GATE=0.3398 | MEAN_VALID_PER_ROW=3.75 | MEAN_VALID_OFFDIAG=2.75 | MEAN_DIAG_PRIOR_MASS=0.4387 | LBL_TAU=1.00 | LBL_MIX=0.50 | BATCH_RMSE=0.499118
  STEP 3700/5739 | TOTAL_LOSS=1.021573 | REG_LOSS=0.873849 | SOFTCLIP_LOSS=1.101687 | PCL_LOSS=0.375553 | DRUG_PCL=0.348807 | PROT_PCL=0.026746 | MEAN_GATE=0.3687 | MEAN_VALID_PER_ROW=3.75 | MEAN_VALID_OFFDIAG=2.75 | MEAN_DIAG_PRIOR_MASS=0.4202 | LBL_TAU=1.00 | LBL_MIX=0.50 | BATCH_RMSE=0.934799
  STEP 3800/5739 | TOTAL_LOSS=0.124314 | REG_LOSS=0.002675 | SOFTCLIP_LOSS=1.216145 | PCL_LOSS=0.000240 | DRUG_PCL=0.000020 | PROT_PCL=0.000220 | MEAN_GATE=0.3331 | MEAN_VALID_PER_ROW=3.50 | MEAN_VALID_OFFDIAG=2.50 | MEAN_DIAG_PRIOR_MASS=0.2611 | LBL_TAU=1.00 | LBL_MIX=0.50 | BATCH_RMSE=0.051722
  STEP 3900/5739 | TOTAL_LOSS=0.207178 | REG_LOSS=0.071015 | SOFTCLIP_LOSS=1.289789 | PCL_LOSS=0.071837 | DRUG_PCL=0.000033 | PROT_PCL=0.071804 | MEAN_GATE=0.3343 | MEAN_VALID_PER_ROW=3.75 | MEAN_VALID_OFFDIAG=2.75 | MEAN_DIAG_PRIOR_MASS=0.2899 | LBL_TAU=1.00 | LBL_MIX=0.50 | BATCH_RMSE=0.266487
  STEP 4000/5739 | TOTAL_LOSS=0.138339 | REG_LOSS=0.007306 | SOFTCLIP_LOSS=1.309053 | PCL_LOSS=0.001271 | DRUG_PCL=0.000002 | PROT_PCL=0.001269 | MEAN_GATE=0.3778 | MEAN_VALID_PER_ROW=3.75 | MEAN_VALID_OFFDIAG=2.75 | MEAN_DIAG_PRIOR_MASS=0.2785 | LBL_TAU=1.00 | LBL_MIX=0.50 | BATCH_RMSE=0.085477
  STEP 4100/5739 | TOTAL_LOSS=0.183078 | REG_LOSS=0.046862 | SOFTCLIP_LOSS=1.287032 | PCL_LOSS=0.075123 | DRUG_PCL=0.000071 | PROT_PCL=0.075052 | MEAN_GATE=0.3483 | MEAN_VALID_PER_ROW=3.75 | MEAN_VALID_OFFDIAG=2.75 | MEAN_DIAG_PRIOR_MASS=0.2644 | LBL_TAU=1.00 | LBL_MIX=0.50 | BATCH_RMSE=0.216476
  STEP 4200/5739 | TOTAL_LOSS=0.430392 | REG_LOSS=0.306568 | SOFTCLIP_LOSS=1.237908 | PCL_LOSS=0.000333 | DRUG_PCL=0.000053 | PROT_PCL=0.000280 | MEAN_GATE=0.3636 | MEAN_VALID_PER_ROW=3.50 | MEAN_VALID_OFFDIAG=2.50 | MEAN_DIAG_PRIOR_MASS=0.2320 | LBL_TAU=1.00 | LBL_MIX=0.50 | BATCH_RMSE=0.553686
  STEP 4300/5739 | TOTAL_LOSS=0.689062 | REG_LOSS=0.576671 | SOFTCLIP_LOSS=1.123683 | PCL_LOSS=0.000235 | DRUG_PCL=0.000014 | PROT_PCL=0.000221 | MEAN_GATE=0.3798 | MEAN_VALID_PER_ROW=3.50 | MEAN_VALID_OFFDIAG=2.50 | MEAN_DIAG_PRIOR_MASS=0.3851 | LBL_TAU=1.00 | LBL_MIX=0.50 | BATCH_RMSE=0.759388
  STEP 4400/5739 | TOTAL_LOSS=0.212500 | REG_LOSS=0.034213 | SOFTCLIP_LOSS=1.223143 | PCL_LOSS=0.559727 | DRUG_PCL=0.022727 | PROT_PCL=0.536999 | MEAN_GATE=0.3388 | MEAN_VALID_PER_ROW=3.50 | MEAN_VALID_OFFDIAG=2.50 | MEAN_DIAG_PRIOR_MASS=0.3073 | LBL_TAU=1.00 | LBL_MIX=0.50 | BATCH_RMSE=0.184967
  STEP 4500/5739 | TOTAL_LOSS=0.131030 | REG_LOSS=0.009051 | SOFTCLIP_LOSS=1.023423 | PCL_LOSS=0.196358 | DRUG_PCL=0.008927 | PROT_PCL=0.187431 | MEAN_GATE=0.3077 | MEAN_VALID_PER_ROW=3.00 | MEAN_VALID_OFFDIAG=2.00 | MEAN_DIAG_PRIOR_MASS=0.4170 | LBL_TAU=1.00 | LBL_MIX=0.50 | BATCH_RMSE=0.095139
  STEP 4600/5739 | TOTAL_LOSS=0.154163 | REG_LOSS=0.031694 | SOFTCLIP_LOSS=1.005672 | PCL_LOSS=0.219019 | DRUG_PCL=0.008960 | PROT_PCL=0.210059 | MEAN_GATE=0.3357 | MEAN_VALID_PER_ROW=3.00 | MEAN_VALID_OFFDIAG=2.00 | MEAN_DIAG_PRIOR_MASS=0.3983 | LBL_TAU=1.00 | LBL_MIX=0.50 | BATCH_RMSE=0.178028
  STEP 4700/5739 | TOTAL_LOSS=0.380694 | REG_LOSS=0.263717 | SOFTCLIP_LOSS=1.014569 | PCL_LOSS=0.155202 | DRUG_PCL=0.000003 | PROT_PCL=0.155199 | MEAN_GATE=0.2939 | MEAN_VALID_PER_ROW=3.50 | MEAN_VALID_OFFDIAG=2.50 | MEAN_DIAG_PRIOR_MASS=0.3433 | LBL_TAU=1.00 | LBL_MIX=0.50 | BATCH_RMSE=0.513534
  STEP 4800/5739 | TOTAL_LOSS=0.176401 | REG_LOSS=0.069824 | SOFTCLIP_LOSS=1.064713 | PCL_LOSS=0.001049 | DRUG_PCL=0.000075 | PROT_PCL=0.000973 | MEAN_GATE=0.3640 | MEAN_VALID_PER_ROW=3.50 | MEAN_VALID_OFFDIAG=2.50 | MEAN_DIAG_PRIOR_MASS=0.2090 | LBL_TAU=1.00 | LBL_MIX=0.50 | BATCH_RMSE=0.264243
  STEP 4900/5739 | TOTAL_LOSS=0.187401 | REG_LOSS=0.029610 | SOFTCLIP_LOSS=1.230581 | PCL_LOSS=0.347332 | DRUG_PCL=0.000001 | PROT_PCL=0.347331 | MEAN_GATE=0.3467 | MEAN_VALID_PER_ROW=3.50 | MEAN_VALID_OFFDIAG=2.50 | MEAN_DIAG_PRIOR_MASS=0.3115 | LBL_TAU=1.00 | LBL_MIX=0.50 | BATCH_RMSE=0.172075
  STEP 5000/5739 | TOTAL_LOSS=0.143058 | REG_LOSS=0.014678 | SOFTCLIP_LOSS=1.283033 | PCL_LOSS=0.000767 | DRUG_PCL=0.000058 | PROT_PCL=0.000709 | MEAN_GATE=0.3395 | MEAN_VALID_PER_ROW=3.75 | MEAN_VALID_OFFDIAG=2.75 | MEAN_DIAG_PRIOR_MASS=0.2493 | LBL_TAU=1.00 | LBL_MIX=0.50 | BATCH_RMSE=0.121153
  STEP 5100/5739 | TOTAL_LOSS=0.505044 | REG_LOSS=0.320822 | SOFTCLIP_LOSS=1.283098 | PCL_LOSS=0.559121 | DRUG_PCL=0.494977 | PROT_PCL=0.064144 | MEAN_GATE=0.3758 | MEAN_VALID_PER_ROW=3.75 | MEAN_VALID_OFFDIAG=2.75 | MEAN_DIAG_PRIOR_MASS=0.3173 | LBL_TAU=1.00 | LBL_MIX=0.50 | BATCH_RMSE=0.566411
  STEP 5200/5739 | TOTAL_LOSS=0.117653 | REG_LOSS=0.010734 | SOFTCLIP_LOSS=1.060010 | PCL_LOSS=0.009178 | DRUG_PCL=0.000028 | PROT_PCL=0.009151 | MEAN_GATE=0.3614 | MEAN_VALID_PER_ROW=3.00 | MEAN_VALID_OFFDIAG=2.00 | MEAN_DIAG_PRIOR_MASS=0.3141 | LBL_TAU=1.00 | LBL_MIX=0.50 | BATCH_RMSE=0.103605
  STEP 5300/5739 | TOTAL_LOSS=0.319139 | REG_LOSS=0.212639 | SOFTCLIP_LOSS=1.063885 | PCL_LOSS=0.001120 | DRUG_PCL=0.000973 | PROT_PCL=0.000146 | MEAN_GATE=0.3698 | MEAN_VALID_PER_ROW=3.25 | MEAN_VALID_OFFDIAG=2.25 | MEAN_DIAG_PRIOR_MASS=0.2746 | LBL_TAU=1.00 | LBL_MIX=0.50 | BATCH_RMSE=0.461128
  STEP 5400/5739 | TOTAL_LOSS=0.187131 | REG_LOSS=0.089156 | SOFTCLIP_LOSS=0.931670 | PCL_LOSS=0.048081 | DRUG_PCL=0.005554 | PROT_PCL=0.042527 | MEAN_GATE=0.3649 | MEAN_VALID_PER_ROW=3.00 | MEAN_VALID_OFFDIAG=2.00 | MEAN_DIAG_PRIOR_MASS=0.5606 | LBL_TAU=1.00 | LBL_MIX=0.50 | BATCH_RMSE=0.298590
  STEP 5500/5739 | TOTAL_LOSS=0.182573 | REG_LOSS=0.051790 | SOFTCLIP_LOSS=1.163453 | PCL_LOSS=0.144376 | DRUG_PCL=0.008173 | PROT_PCL=0.136203 | MEAN_GATE=0.3624 | MEAN_VALID_PER_ROW=3.75 | MEAN_VALID_OFFDIAG=2.75 | MEAN_DIAG_PRIOR_MASS=0.2427 | LBL_TAU=1.00 | LBL_MIX=0.50 | BATCH_RMSE=0.227574
  STEP 5600/5739 | TOTAL_LOSS=0.378677 | REG_LOSS=0.273889 | SOFTCLIP_LOSS=0.958632 | PCL_LOSS=0.089253 | DRUG_PCL=0.000018 | PROT_PCL=0.089235 | MEAN_GATE=0.3191 | MEAN_VALID_PER_ROW=3.50 | MEAN_VALID_OFFDIAG=2.50 | MEAN_DIAG_PRIOR_MASS=0.3869 | LBL_TAU=1.00 | LBL_MIX=0.50 | BATCH_RMSE=0.523344
  STEP 5700/5739 | TOTAL_LOSS=0.151677 | REG_LOSS=0.074956 | SOFTCLIP_LOSS=0.756536 | PCL_LOSS=0.010667 | DRUG_PCL=0.010462 | PROT_PCL=0.000205 | MEAN_GATE=0.3386 | MEAN_VALID_PER_ROW=3.00 | MEAN_VALID_OFFDIAG=2.00 | MEAN_DIAG_PRIOR_MASS=0.3571 | LBL_TAU=1.00 | LBL_MIX=0.50 | BATCH_RMSE=0.273782
[EPOCH 277/500] TRAIN: TOTAL=0.301312 | REG=0.167517 | SOFTCLIP=1.131296 | PCL=0.206664 | RMSE=0.409288 | MAE=0.250537 | CI=0.907587 | RM2=0.782303 | DRUG_PCL=0.051444 | PROT_PCL=0.155220
[EPOCH 277/500] VAL  : TOTAL=0.197831 | REG=0.142236 | SOFTCLIP=0.387608 | PCL=0.168339 | RMSE=0.377142 | MAE=0.229142 | CI=0.924204 | RM2=0.813817 | DRUG_PCL=0.043181 | PROT_PCL=0.125159
  SAVED NEW BEST MODEL | EPOCH=277 | BEST_VAL_RMSE=0.377142 | BEST_VAL_MAE=0.229142 | BEST_VAL_CI=0.924204 | BEST_VAL_RM2=0.813817

EPOCH 278/500
  STEP 100/5739 | TOTAL_LOSS=0.298394 | REG_LOSS=0.084467 | SOFTCLIP_LOSS=1.252762 | PCL_LOSS=0.886502 | DRUG_PCL=0.554264 | PROT_PCL=0.332238 | MEAN_GATE=0.3552 | MEAN_VALID_PER_ROW=3.50 | MEAN_VALID_OFFDIAG=2.50 | MEAN_DIAG_PRIOR_MASS=0.2726 | LBL_TAU=1.00 | LBL_MIX=0.50 | BATCH_RMSE=0.290632
  STEP 200/5739 | TOTAL_LOSS=0.206310 | REG_LOSS=0.051450 | SOFTCLIP_LOSS=1.302378 | PCL_LOSS=0.246219 | DRUG_PCL=0.245993 | PROT_PCL=0.000226 | MEAN_GATE=0.3400 | MEAN_VALID_PER_ROW=3.75 | MEAN_VALID_OFFDIAG=2.75 | MEAN_DIAG_PRIOR_MASS=0.2868 | LBL_TAU=1.00 | LBL_MIX=0.50 | BATCH_RMSE=0.226827
  STEP 300/5739 | TOTAL_LOSS=0.112771 | REG_LOSS=0.006740 | SOFTCLIP_LOSS=1.060304 | PCL_LOSS=0.000001 | DRUG_PCL=0.000000 | PROT_PCL=0.000000 | MEAN_GATE=0.4124 | MEAN_VALID_PER_ROW=3.00 | MEAN_VALID_OFFDIAG=2.00 | MEAN_DIAG_PRIOR_MASS=0.3750 | LBL_TAU=1.00 | LBL_MIX=0.50 | BATCH_RMSE=0.082098
  STEP 400/5739 | TOTAL_LOSS=0.112013 | REG_LOSS=0.008569 | SOFTCLIP_LOSS=1.033404 | PCL_LOSS=0.001036 | DRUG_PCL=0.000794 | PROT_PCL=0.000242 | MEAN_GATE=0.3763 | MEAN_VALID_PER_ROW=3.00 | MEAN_VALID_OFFDIAG=2.00 | MEAN_DIAG_PRIOR_MASS=0.3333 | LBL_TAU=1.00 | LBL_MIX=0.50 | BATCH_RMSE=0.092568
  STEP 500/5739 | TOTAL_LOSS=0.133677 | REG_LOSS=0.019689 | SOFTCLIP_LOSS=1.124408 | PCL_LOSS=0.015471 | DRUG_PCL=0.000173 | PROT_PCL=0.015299 | MEAN_GATE=0.3309 | MEAN_VALID_PER_ROW=3.25 | MEAN_VALID_OFFDIAG=2.25 | MEAN_DIAG_PRIOR_MASS=0.2812 | LBL_TAU=1.00 | LBL_MIX=0.50 | BATCH_RMSE=0.140319
  STEP 600/5739 | TOTAL_LOSS=0.169451 | REG_LOSS=0.059126 | SOFTCLIP_LOSS=1.037862 | PCL_LOSS=0.065394 | DRUG_PCL=0.000042 | PROT_PCL=0.065352 | MEAN_GATE=0.3572 | MEAN_VALID_PER_ROW=3.25 | MEAN_VALID_OFFDIAG=2.25 | MEAN_DIAG_PRIOR_MASS=0.2305 | LBL_TAU=1.00 | LBL_MIX=0.50 | BATCH_RMSE=0.243158
  STEP 700/5739 | TOTAL_LOSS=0.156145 | REG_LOSS=0.004364 | SOFTCLIP_LOSS=1.169097 | PCL_LOSS=0.348714 | DRUG_PCL=0.007362 | PROT_PCL=0.341352 | MEAN_GATE=0.3263 | MEAN_VALID_PER_ROW=3.25 | MEAN_VALID_OFFDIAG=2.25 | MEAN_DIAG_PRIOR_MASS=0.3057 | LBL_TAU=1.00 | LBL_MIX=0.50 | BATCH_RMSE=0.066061
  STEP 800/5739 | TOTAL_LOSS=0.201736 | REG_LOSS=0.097223 | SOFTCLIP_LOSS=1.025376 | PCL_LOSS=0.019746 | DRUG_PCL=0.000078 | PROT_PCL=0.019668 | MEAN_GATE=0.3479 | MEAN_VALID_PER_ROW=3.00 | MEAN_VALID_OFFDIAG=2.00 | MEAN_DIAG_PRIOR_MASS=0.3835 | LBL_TAU=1.00 | LBL_MIX=0.50 | BATCH_RMSE=0.311807
  STEP 900/5739 | TOTAL_LOSS=0.327372 | REG_LOSS=0.193611 | SOFTCLIP_LOSS=1.204266 | PCL_LOSS=0.133346 | DRUG_PCL=0.000002 | PROT_PCL=0.133344 | MEAN_GATE=0.3798 | MEAN_VALID_PER_ROW=3.75 | MEAN_VALID_OFFDIAG=2.75 | MEAN_DIAG_PRIOR_MASS=0.2990 | LBL_TAU=1.00 | LBL_MIX=0.50 | BATCH_RMSE=0.440013
  STEP 1000/5739 | TOTAL_LOSS=0.145202 | REG_LOSS=0.013364 | SOFTCLIP_LOSS=1.210903 | PCL_LOSS=0.107478 | DRUG_PCL=0.000022 | PROT_PCL=0.107456 | MEAN_GATE=0.3376 | MEAN_VALID_PER_ROW=3.50 | MEAN_VALID_OFFDIAG=2.50 | MEAN_DIAG_PRIOR_MASS=0.2492 | LBL_TAU=1.00 | LBL_MIX=0.50 | BATCH_RMSE=0.115603
  STEP 1100/5739 | TOTAL_LOSS=0.189524 | REG_LOSS=0.079572 | SOFTCLIP_LOSS=1.093642 | PCL_LOSS=0.005886 | DRUG_PCL=0.000006 | PROT_PCL=0.005880 | MEAN_GATE=0.3564 | MEAN_VALID_PER_ROW=3.25 | MEAN_VALID_OFFDIAG=2.25 | MEAN_DIAG_PRIOR_MASS=0.2601 | LBL_TAU=1.00 | LBL_MIX=0.50 | BATCH_RMSE=0.282084
  STEP 1200/5739 | TOTAL_LOSS=0.172712 | REG_LOSS=0.062840 | SOFTCLIP_LOSS=1.018690 | PCL_LOSS=0.080027 | DRUG_PCL=0.000002 | PROT_PCL=0.080025 | MEAN_GATE=0.3677 | MEAN_VALID_PER_ROW=3.75 | MEAN_VALID_OFFDIAG=2.75 | MEAN_DIAG_PRIOR_MASS=0.4598 | LBL_TAU=1.00 | LBL_MIX=0.50 | BATCH_RMSE=0.250679
  STEP 1300/5739 | TOTAL_LOSS=0.193415 | REG_LOSS=0.063306 | SOFTCLIP_LOSS=1.295521 | PCL_LOSS=0.005566 | DRUG_PCL=0.005564 | PROT_PCL=0.000002 | MEAN_GATE=0.3569 | MEAN_VALID_PER_ROW=3.75 | MEAN_VALID_OFFDIAG=2.75 | MEAN_DIAG_PRIOR_MASS=0.2451 | LBL_TAU=1.00 | LBL_MIX=0.50 | BATCH_RMSE=0.251607
  STEP 1400/5739 | TOTAL_LOSS=0.377829 | REG_LOSS=0.249127 | SOFTCLIP_LOSS=1.253397 | PCL_LOSS=0.033624 | DRUG_PCL=0.000003 | PROT_PCL=0.033622 | MEAN_GATE=0.3452 | MEAN_VALID_PER_ROW=3.75 | MEAN_VALID_OFFDIAG=2.75 | MEAN_DIAG_PRIOR_MASS=0.3373 | LBL_TAU=1.00 | LBL_MIX=0.50 | BATCH_RMSE=0.499127
  STEP 1500/5739 | TOTAL_LOSS=0.167845 | REG_LOSS=0.051258 | SOFTCLIP_LOSS=1.165814 | PCL_LOSS=0.000059 | DRUG_PCL=0.000000 | PROT_PCL=0.000059 | MEAN_GATE=0.3530 | MEAN_VALID_PER_ROW=3.50 | MEAN_VALID_OFFDIAG=2.50 | MEAN_DIAG_PRIOR_MASS=0.3617 | LBL_TAU=1.00 | LBL_MIX=0.50 | BATCH_RMSE=0.226402
  STEP 1600/5739 | TOTAL_LOSS=0.157902 | REG_LOSS=0.004945 | SOFTCLIP_LOSS=1.392081 | PCL_LOSS=0.137489 | DRUG_PCL=0.005885 | PROT_PCL=0.131604 | MEAN_GATE=0.2955 | MEAN_VALID_PER_ROW=4.00 | MEAN_VALID_OFFDIAG=3.00 | MEAN_DIAG_PRIOR_MASS=0.2500 | LBL_TAU=1.00 | LBL_MIX=0.50 | BATCH_RMSE=0.070323
  STEP 1700/5739 | TOTAL_LOSS=0.289183 | REG_LOSS=0.203349 | SOFTCLIP_LOSS=0.858327 | PCL_LOSS=0.000020 | DRUG_PCL=0.000004 | PROT_PCL=0.000016 | MEAN_GATE=0.2977 | MEAN_VALID_PER_ROW=3.00 | MEAN_VALID_OFFDIAG=2.00 | MEAN_DIAG_PRIOR_MASS=0.3718 | LBL_TAU=1.00 | LBL_MIX=0.50 | BATCH_RMSE=0.450942
  STEP 1800/5739 | TOTAL_LOSS=0.139641 | REG_LOSS=0.005385 | SOFTCLIP_LOSS=0.943972 | PCL_LOSS=0.398585 | DRUG_PCL=0.002534 | PROT_PCL=0.396050 | MEAN_GATE=0.3742 | MEAN_VALID_PER_ROW=3.25 | MEAN_VALID_OFFDIAG=2.25 | MEAN_DIAG_PRIOR_MASS=0.3461 | LBL_TAU=1.00 | LBL_MIX=0.50 | BATCH_RMSE=0.073386
  STEP 1900/5739 | TOTAL_LOSS=0.150059 | REG_LOSS=0.042300 | SOFTCLIP_LOSS=0.981982 | PCL_LOSS=0.095608 | DRUG_PCL=0.000000 | PROT_PCL=0.095608 | MEAN_GATE=0.2965 | MEAN_VALID_PER_ROW=3.00 | MEAN_VALID_OFFDIAG=2.00 | MEAN_DIAG_PRIOR_MASS=0.2446 | LBL_TAU=1.00 | LBL_MIX=0.50 | BATCH_RMSE=0.205670
  STEP 2000/5739 | TOTAL_LOSS=0.162678 | REG_LOSS=0.008736 | SOFTCLIP_LOSS=1.150681 | PCL_LOSS=0.388742 | DRUG_PCL=0.067784 | PROT_PCL=0.320958 | MEAN_GATE=0.3687 | MEAN_VALID_PER_ROW=3.75 | MEAN_VALID_OFFDIAG=2.75 | MEAN_DIAG_PRIOR_MASS=0.2676 | LBL_TAU=1.00 | LBL_MIX=0.50 | BATCH_RMSE=0.093466
  STEP 2100/5739 | TOTAL_LOSS=0.471755 | REG_LOSS=0.267677 | SOFTCLIP_LOSS=0.828646 | PCL_LOSS=1.212135 | DRUG_PCL=0.000330 | PROT_PCL=1.211805 | MEAN_GATE=0.3322 | MEAN_VALID_PER_ROW=2.50 | MEAN_VALID_OFFDIAG=1.50 | MEAN_DIAG_PRIOR_MASS=0.4597 | LBL_TAU=1.00 | LBL_MIX=0.50 | BATCH_RMSE=0.517375
  STEP 2200/5739 | TOTAL_LOSS=0.263575 | REG_LOSS=0.117583 | SOFTCLIP_LOSS=0.951660 | PCL_LOSS=0.508263 | DRUG_PCL=0.065167 | PROT_PCL=0.443095 | MEAN_GATE=0.3386 | MEAN_VALID_PER_ROW=3.00 | MEAN_VALID_OFFDIAG=2.00 | MEAN_DIAG_PRIOR_MASS=0.3408 | LBL_TAU=1.00 | LBL_MIX=0.50 | BATCH_RMSE=0.342904
  STEP 2300/5739 | TOTAL_LOSS=0.164612 | REG_LOSS=0.036655 | SOFTCLIP_LOSS=1.276847 | PCL_LOSS=0.002726 | DRUG_PCL=0.002723 | PROT_PCL=0.000003 | MEAN_GATE=0.3036 | MEAN_VALID_PER_ROW=3.75 | MEAN_VALID_OFFDIAG=2.75 | MEAN_DIAG_PRIOR_MASS=0.2136 | LBL_TAU=1.00 | LBL_MIX=0.50 | BATCH_RMSE=0.191455
  STEP 2400/5739 | TOTAL_LOSS=0.357325 | REG_LOSS=0.246234 | SOFTCLIP_LOSS=1.110886 | PCL_LOSS=0.000023 | DRUG_PCL=0.000004 | PROT_PCL=0.000019 | MEAN_GATE=0.3328 | MEAN_VALID_PER_ROW=3.25 | MEAN_VALID_OFFDIAG=2.25 | MEAN_DIAG_PRIOR_MASS=0.4079 | LBL_TAU=1.00 | LBL_MIX=0.50 | BATCH_RMSE=0.496220
  STEP 2500/5739 | TOTAL_LOSS=0.437031 | REG_LOSS=0.295895 | SOFTCLIP_LOSS=1.007687 | PCL_LOSS=0.403680 | DRUG_PCL=0.035683 | PROT_PCL=0.367997 | MEAN_GATE=0.3401 | MEAN_VALID_PER_ROW=3.50 | MEAN_VALID_OFFDIAG=2.50 | MEAN_DIAG_PRIOR_MASS=0.3351 | LBL_TAU=1.00 | LBL_MIX=0.50 | BATCH_RMSE=0.543962
  STEP 2600/5739 | TOTAL_LOSS=0.242430 | REG_LOSS=0.121789 | SOFTCLIP_LOSS=1.204095 | PCL_LOSS=0.002315 | DRUG_PCL=0.002243 | PROT_PCL=0.000072 | MEAN_GATE=0.3336 | MEAN_VALID_PER_ROW=3.50 | MEAN_VALID_OFFDIAG=2.50 | MEAN_DIAG_PRIOR_MASS=0.3116 | LBL_TAU=1.00 | LBL_MIX=0.50 | BATCH_RMSE=0.348982
  STEP 2700/5739 | TOTAL_LOSS=0.249922 | REG_LOSS=0.129508 | SOFTCLIP_LOSS=1.204014 | PCL_LOSS=0.000123 | DRUG_PCL=0.000072 | PROT_PCL=0.000051 | MEAN_GATE=0.3474 | MEAN_VALID_PER_ROW=3.50 | MEAN_VALID_OFFDIAG=2.50 | MEAN_DIAG_PRIOR_MASS=0.3208 | LBL_TAU=1.00 | LBL_MIX=0.50 | BATCH_RMSE=0.359873
  STEP 2800/5739 | TOTAL_LOSS=0.351781 | REG_LOSS=0.178329 | SOFTCLIP_LOSS=1.262709 | PCL_LOSS=0.471809 | DRUG_PCL=0.003617 | PROT_PCL=0.468193 | MEAN_GATE=0.3532 | MEAN_VALID_PER_ROW=3.75 | MEAN_VALID_OFFDIAG=2.75 | MEAN_DIAG_PRIOR_MASS=0.3015 | LBL_TAU=1.00 | LBL_MIX=0.50 | BATCH_RMSE=0.422290
  STEP 2900/5739 | TOTAL_LOSS=0.178158 | REG_LOSS=0.063056 | SOFTCLIP_LOSS=1.148559 | PCL_LOSS=0.002466 | DRUG_PCL=0.001426 | PROT_PCL=0.001039 | MEAN_GATE=0.3623 | MEAN_VALID_PER_ROW=3.50 | MEAN_VALID_OFFDIAG=2.50 | MEAN_DIAG_PRIOR_MASS=0.2405 | LBL_TAU=1.00 | LBL_MIX=0.50 | BATCH_RMSE=0.251109
  STEP 3000/5739 | TOTAL_LOSS=0.195573 | REG_LOSS=0.044153 | SOFTCLIP_LOSS=0.862992 | PCL_LOSS=0.651199 | DRUG_PCL=0.651197 | PROT_PCL=0.000001 | MEAN_GATE=0.2700 | MEAN_VALID_PER_ROW=2.50 | MEAN_VALID_OFFDIAG=1.50 | MEAN_DIAG_PRIOR_MASS=0.5000 | LBL_TAU=1.00 | LBL_MIX=0.50 | BATCH_RMSE=0.210127
  STEP 3100/5739 | TOTAL_LOSS=0.648398 | REG_LOSS=0.509764 | SOFTCLIP_LOSS=1.351069 | PCL_LOSS=0.035266 | DRUG_PCL=0.017685 | PROT_PCL=0.017581 | MEAN_GATE=0.3059 | MEAN_VALID_PER_ROW=4.00 | MEAN_VALID_OFFDIAG=3.00 | MEAN_DIAG_PRIOR_MASS=0.2834 | LBL_TAU=1.00 | LBL_MIX=0.50 | BATCH_RMSE=0.713978
  STEP 3200/5739 | TOTAL_LOSS=0.181454 | REG_LOSS=0.020875 | SOFTCLIP_LOSS=1.150121 | PCL_LOSS=0.455665 | DRUG_PCL=0.080079 | PROT_PCL=0.375586 | MEAN_GATE=0.3296 | MEAN_VALID_PER_ROW=3.25 | MEAN_VALID_OFFDIAG=2.25 | MEAN_DIAG_PRIOR_MASS=0.3038 | LBL_TAU=1.00 | LBL_MIX=0.50 | BATCH_RMSE=0.144482
  STEP 3300/5739 | TOTAL_LOSS=0.284445 | REG_LOSS=0.124729 | SOFTCLIP_LOSS=1.252093 | PCL_LOSS=0.345072 | DRUG_PCL=0.000011 | PROT_PCL=0.345061 | MEAN_GATE=0.3675 | MEAN_VALID_PER_ROW=3.75 | MEAN_VALID_OFFDIAG=2.75 | MEAN_DIAG_PRIOR_MASS=0.2637 | LBL_TAU=1.00 | LBL_MIX=0.50 | BATCH_RMSE=0.353169
  STEP 3400/5739 | TOTAL_LOSS=0.215314 | REG_LOSS=0.085614 | SOFTCLIP_LOSS=1.059524 | PCL_LOSS=0.237481 | DRUG_PCL=0.208143 | PROT_PCL=0.029338 | MEAN_GATE=0.3551 | MEAN_VALID_PER_ROW=3.50 | MEAN_VALID_OFFDIAG=2.50 | MEAN_DIAG_PRIOR_MASS=0.2643 | LBL_TAU=1.00 | LBL_MIX=0.50 | BATCH_RMSE=0.292598
  STEP 3500/5739 | TOTAL_LOSS=0.260163 | REG_LOSS=0.122574 | SOFTCLIP_LOSS=1.369986 | PCL_LOSS=0.005908 | DRUG_PCL=0.000002 | PROT_PCL=0.005906 | MEAN_GATE=0.3706 | MEAN_VALID_PER_ROW=4.00 | MEAN_VALID_OFFDIAG=3.00 | MEAN_DIAG_PRIOR_MASS=0.2474 | LBL_TAU=1.00 | LBL_MIX=0.50 | BATCH_RMSE=0.350105
  STEP 3600/5739 | TOTAL_LOSS=0.242422 | REG_LOSS=0.129222 | SOFTCLIP_LOSS=1.131950 | PCL_LOSS=0.000048 | DRUG_PCL=0.000048 | PROT_PCL=0.000001 | MEAN_GATE=0.3624 | MEAN_VALID_PER_ROW=3.25 | MEAN_VALID_OFFDIAG=2.25 | MEAN_DIAG_PRIOR_MASS=0.2880 | LBL_TAU=1.00 | LBL_MIX=0.50 | BATCH_RMSE=0.359474
  STEP 3700/5739 | TOTAL_LOSS=0.224854 | REG_LOSS=0.080255 | SOFTCLIP_LOSS=1.301526 | PCL_LOSS=0.144457 | DRUG_PCL=0.000053 | PROT_PCL=0.144404 | MEAN_GATE=0.3571 | MEAN_VALID_PER_ROW=3.75 | MEAN_VALID_OFFDIAG=2.75 | MEAN_DIAG_PRIOR_MASS=0.3076 | LBL_TAU=1.00 | LBL_MIX=0.50 | BATCH_RMSE=0.283294
  STEP 3800/5739 | TOTAL_LOSS=0.237200 | REG_LOSS=0.053334 | SOFTCLIP_LOSS=1.318098 | PCL_LOSS=0.520570 | DRUG_PCL=0.000000 | PROT_PCL=0.520570 | MEAN_GATE=0.3845 | MEAN_VALID_PER_ROW=3.75 | MEAN_VALID_OFFDIAG=2.75 | MEAN_DIAG_PRIOR_MASS=0.2708 | LBL_TAU=1.00 | LBL_MIX=0.50 | BATCH_RMSE=0.230941
  STEP 3900/5739 | TOTAL_LOSS=0.147074 | REG_LOSS=0.036261 | SOFTCLIP_LOSS=1.037030 | PCL_LOSS=0.071106 | DRUG_PCL=0.000033 | PROT_PCL=0.071073 | MEAN_GATE=0.3405 | MEAN_VALID_PER_ROW=3.75 | MEAN_VALID_OFFDIAG=2.75 | MEAN_DIAG_PRIOR_MASS=0.2313 | LBL_TAU=1.00 | LBL_MIX=0.50 | BATCH_RMSE=0.190422
  STEP 4000/5739 | TOTAL_LOSS=0.149656 | REG_LOSS=0.002263 | SOFTCLIP_LOSS=1.238767 | PCL_LOSS=0.235168 | DRUG_PCL=0.000004 | PROT_PCL=0.235164 | MEAN_GATE=0.3300 | MEAN_VALID_PER_ROW=3.75 | MEAN_VALID_OFFDIAG=2.75 | MEAN_DIAG_PRIOR_MASS=0.3367 | LBL_TAU=1.00 | LBL_MIX=0.50 | BATCH_RMSE=0.047568
  STEP 4100/5739 | TOTAL_LOSS=0.223465 | REG_LOSS=0.078699 | SOFTCLIP_LOSS=1.063425 | PCL_LOSS=0.384237 | DRUG_PCL=0.000001 | PROT_PCL=0.384236 | MEAN_GATE=0.3112 | MEAN_VALID_PER_ROW=3.50 | MEAN_VALID_OFFDIAG=2.50 | MEAN_DIAG_PRIOR_MASS=0.3239 | LBL_TAU=1.00 | LBL_MIX=0.50 | BATCH_RMSE=0.280533
  STEP 4200/5739 | TOTAL_LOSS=0.387253 | REG_LOSS=0.183567 | SOFTCLIP_LOSS=1.290848 | PCL_LOSS=0.746005 | DRUG_PCL=0.000078 | PROT_PCL=0.745927 | MEAN_GATE=0.3374 | MEAN_VALID_PER_ROW=3.75 | MEAN_VALID_OFFDIAG=2.75 | MEAN_DIAG_PRIOR_MASS=0.3744 | LBL_TAU=1.00 | LBL_MIX=0.50 | BATCH_RMSE=0.428447
  STEP 4300/5739 | TOTAL_LOSS=0.193152 | REG_LOSS=0.040648 | SOFTCLIP_LOSS=1.273868 | PCL_LOSS=0.251177 | DRUG_PCL=0.000000 | PROT_PCL=0.251177 | MEAN_GATE=0.3118 | MEAN_VALID_PER_ROW=3.75 | MEAN_VALID_OFFDIAG=2.75 | MEAN_DIAG_PRIOR_MASS=0.2888 | LBL_TAU=1.00 | LBL_MIX=0.50 | BATCH_RMSE=0.201613
  STEP 4400/5739 | TOTAL_LOSS=0.313024 | REG_LOSS=0.002325 | SOFTCLIP_LOSS=1.317269 | PCL_LOSS=1.789712 | DRUG_PCL=0.378739 | PROT_PCL=1.410973 | MEAN_GATE=0.3818 | MEAN_VALID_PER_ROW=3.75 | MEAN_VALID_OFFDIAG=2.75 | MEAN_DIAG_PRIOR_MASS=0.2731 | LBL_TAU=1.00 | LBL_MIX=0.50 | BATCH_RMSE=0.048223
  STEP 4500/5739 | TOTAL_LOSS=0.303536 | REG_LOSS=0.118521 | SOFTCLIP_LOSS=1.234917 | PCL_LOSS=0.615233 | DRUG_PCL=0.141915 | PROT_PCL=0.473318 | MEAN_GATE=0.3508 | MEAN_VALID_PER_ROW=3.75 | MEAN_VALID_OFFDIAG=2.75 | MEAN_DIAG_PRIOR_MASS=0.3018 | LBL_TAU=1.00 | LBL_MIX=0.50 | BATCH_RMSE=0.344269
  STEP 4600/5739 | TOTAL_LOSS=0.227241 | REG_LOSS=0.049754 | SOFTCLIP_LOSS=1.209599 | PCL_LOSS=0.565279 | DRUG_PCL=0.527736 | PROT_PCL=0.037543 | MEAN_GATE=0.3729 | MEAN_VALID_PER_ROW=3.50 | MEAN_VALID_OFFDIAG=2.50 | MEAN_DIAG_PRIOR_MASS=0.2730 | LBL_TAU=1.00 | LBL_MIX=0.50 | BATCH_RMSE=0.223055
  STEP 4700/5739 | TOTAL_LOSS=0.578400 | REG_LOSS=0.446938 | SOFTCLIP_LOSS=1.115664 | PCL_LOSS=0.198957 | DRUG_PCL=0.033002 | PROT_PCL=0.165955 | MEAN_GATE=0.3669 | MEAN_VALID_PER_ROW=3.50 | MEAN_VALID_OFFDIAG=2.50 | MEAN_DIAG_PRIOR_MASS=0.3272 | LBL_TAU=1.00 | LBL_MIX=0.50 | BATCH_RMSE=0.668534
  STEP 4800/5739 | TOTAL_LOSS=0.501387 | REG_LOSS=0.314255 | SOFTCLIP_LOSS=1.156381 | PCL_LOSS=0.714947 | DRUG_PCL=0.006281 | PROT_PCL=0.708666 | MEAN_GATE=0.3202 | MEAN_VALID_PER_ROW=3.75 | MEAN_VALID_OFFDIAG=2.75 | MEAN_DIAG_PRIOR_MASS=0.1974 | LBL_TAU=1.00 | LBL_MIX=0.50 | BATCH_RMSE=0.560584
  STEP 4900/5739 | TOTAL_LOSS=0.186698 | REG_LOSS=0.062067 | SOFTCLIP_LOSS=1.243765 | PCL_LOSS=0.002542 | DRUG_PCL=0.000905 | PROT_PCL=0.001637 | MEAN_GATE=0.3277 | MEAN_VALID_PER_ROW=4.00 | MEAN_VALID_OFFDIAG=3.00 | MEAN_DIAG_PRIOR_MASS=0.2700 | LBL_TAU=1.00 | LBL_MIX=0.50 | BATCH_RMSE=0.249133
  STEP 5000/5739 | TOTAL_LOSS=0.209697 | REG_LOSS=0.048955 | SOFTCLIP_LOSS=1.235514 | PCL_LOSS=0.371905 | DRUG_PCL=0.020391 | PROT_PCL=0.351513 | MEAN_GATE=0.3161 | MEAN_VALID_PER_ROW=4.00 | MEAN_VALID_OFFDIAG=3.00 | MEAN_DIAG_PRIOR_MASS=0.2976 | LBL_TAU=1.00 | LBL_MIX=0.50 | BATCH_RMSE=0.221258
  STEP 5100/5739 | TOTAL_LOSS=0.300388 | REG_LOSS=0.190919 | SOFTCLIP_LOSS=1.034973 | PCL_LOSS=0.059715 | DRUG_PCL=0.057709 | PROT_PCL=0.002007 | MEAN_GATE=0.3385 | MEAN_VALID_PER_ROW=3.00 | MEAN_VALID_OFFDIAG=2.00 | MEAN_DIAG_PRIOR_MASS=0.3058 | LBL_TAU=1.00 | LBL_MIX=0.50 | BATCH_RMSE=0.436943
  STEP 5200/5739 | TOTAL_LOSS=0.207934 | REG_LOSS=0.090395 | SOFTCLIP_LOSS=1.025962 | PCL_LOSS=0.149428 | DRUG_PCL=0.000001 | PROT_PCL=0.149426 | MEAN_GATE=0.2703 | MEAN_VALID_PER_ROW=3.25 | MEAN_VALID_OFFDIAG=2.25 | MEAN_DIAG_PRIOR_MASS=0.2676 | LBL_TAU=1.00 | LBL_MIX=0.50 | BATCH_RMSE=0.300658
  STEP 5300/5739 | TOTAL_LOSS=0.140099 | REG_LOSS=0.016987 | SOFTCLIP_LOSS=1.230472 | PCL_LOSS=0.000646 | DRUG_PCL=0.000336 | PROT_PCL=0.000309 | MEAN_GATE=0.3741 | MEAN_VALID_PER_ROW=3.50 | MEAN_VALID_OFFDIAG=2.50 | MEAN_DIAG_PRIOR_MASS=0.3125 | LBL_TAU=1.00 | LBL_MIX=0.50 | BATCH_RMSE=0.130336
  STEP 5400/5739 | TOTAL_LOSS=0.194061 | REG_LOSS=0.059263 | SOFTCLIP_LOSS=1.017560 | PCL_LOSS=0.330421 | DRUG_PCL=0.000025 | PROT_PCL=0.330396 | MEAN_GATE=0.3414 | MEAN_VALID_PER_ROW=3.00 | MEAN_VALID_OFFDIAG=2.00 | MEAN_DIAG_PRIOR_MASS=0.4456 | LBL_TAU=1.00 | LBL_MIX=0.50 | BATCH_RMSE=0.243441
  STEP 5500/5739 | TOTAL_LOSS=2.054247 | REG_LOSS=1.947065 | SOFTCLIP_LOSS=1.071464 | PCL_LOSS=0.000363 | DRUG_PCL=0.000277 | PROT_PCL=0.000086 | MEAN_GATE=0.3776 | MEAN_VALID_PER_ROW=3.00 | MEAN_VALID_OFFDIAG=2.00 | MEAN_DIAG_PRIOR_MASS=0.4884 | LBL_TAU=1.00 | LBL_MIX=0.50 | BATCH_RMSE=1.395373
  STEP 5600/5739 | TOTAL_LOSS=0.277191 | REG_LOSS=0.127399 | SOFTCLIP_LOSS=1.027674 | PCL_LOSS=0.470246 | DRUG_PCL=0.000028 | PROT_PCL=0.470218 | MEAN_GATE=0.3825 | MEAN_VALID_PER_ROW=3.50 | MEAN_VALID_OFFDIAG=2.50 | MEAN_DIAG_PRIOR_MASS=0.4589 | LBL_TAU=1.00 | LBL_MIX=0.50 | BATCH_RMSE=0.356930
  STEP 5700/5739 | TOTAL_LOSS=0.124495 | REG_LOSS=0.024841 | SOFTCLIP_LOSS=0.996509 | PCL_LOSS=0.000034 | DRUG_PCL=0.000000 | PROT_PCL=0.000034 | MEAN_GATE=0.3291 | MEAN_VALID_PER_ROW=3.25 | MEAN_VALID_OFFDIAG=2.25 | MEAN_DIAG_PRIOR_MASS=0.2721 | LBL_TAU=1.00 | LBL_MIX=0.50 | BATCH_RMSE=0.157610
[EPOCH 278/500] TRAIN: TOTAL=0.294574 | REG=0.161449 | SOFTCLIP=1.129234 | PCL=0.202016 | RMSE=0.401807 | MAE=0.246103 | CI=0.912694 | RM2=0.792749 | DRUG_PCL=0.054452 | PROT_PCL=0.147563
[EPOCH 278/500] VAL  : TOTAL=0.198280 | REG=0.142025 | SOFTCLIP=0.387774 | PCL=0.174772 | RMSE=0.376862 | MAE=0.234327 | CI=0.924227 | RM2=0.768480 | DRUG_PCL=0.042512 | PROT_PCL=0.132260
  SAVED NEW BEST MODEL | EPOCH=278 | BEST_VAL_RMSE=0.376862 | BEST_VAL_MAE=0.234327 | BEST_VAL_CI=0.924227 | BEST_VAL_RM2=0.768480

EPOCH 279/500
  STEP 100/5739 | TOTAL_LOSS=0.212223 | REG_LOSS=0.007905 | SOFTCLIP_LOSS=1.196688 | PCL_LOSS=0.846490 | DRUG_PCL=0.024810 | PROT_PCL=0.821681 | MEAN_GATE=0.3674 | MEAN_VALID_PER_ROW=3.50 | MEAN_VALID_OFFDIAG=2.50 | MEAN_DIAG_PRIOR_MASS=0.2584 | LBL_TAU=1.00 | LBL_MIX=0.50 | BATCH_RMSE=0.088910
  STEP 200/5739 | TOTAL_LOSS=0.124815 | REG_LOSS=0.001754 | SOFTCLIP_LOSS=1.230573 | PCL_LOSS=0.000035 | DRUG_PCL=0.000023 | PROT_PCL=0.000012 | MEAN_GATE=0.3250 | MEAN_VALID_PER_ROW=3.50 | MEAN_VALID_OFFDIAG=2.50 | MEAN_DIAG_PRIOR_MASS=0.3055 | LBL_TAU=1.00 | LBL_MIX=0.50 | BATCH_RMSE=0.041884
  STEP 300/5739 | TOTAL_LOSS=0.587455 | REG_LOSS=0.498087 | SOFTCLIP_LOSS=0.893386 | PCL_LOSS=0.000292 | DRUG_PCL=0.000068 | PROT_PCL=0.000223 | MEAN_GATE=0.3007 | MEAN_VALID_PER_ROW=3.25 | MEAN_VALID_OFFDIAG=2.25 | MEAN_DIAG_PRIOR_MASS=0.4409 | LBL_TAU=1.00 | LBL_MIX=0.50 | BATCH_RMSE=0.705753
  STEP 400/5739 | TOTAL_LOSS=1.014140 | REG_LOSS=0.915568 | SOFTCLIP_LOSS=0.985638 | PCL_LOSS=0.000083 | DRUG_PCL=0.000048 | PROT_PCL=0.000034 | MEAN_GATE=0.3455 | MEAN_VALID_PER_ROW=3.25 | MEAN_VALID_OFFDIAG=2.25 | MEAN_DIAG_PRIOR_MASS=0.4317 | LBL_TAU=1.00 | LBL_MIX=0.50 | BATCH_RMSE=0.956853
  STEP 500/5739 | TOTAL_LOSS=0.113000 | REG_LOSS=0.021894 | SOFTCLIP_LOSS=0.910251 | PCL_LOSS=0.000808 | DRUG_PCL=0.000014 | PROT_PCL=0.000794 | MEAN_GATE=0.3268 | MEAN_VALID_PER_ROW=2.75 | MEAN_VALID_OFFDIAG=1.75 | MEAN_DIAG_PRIOR_MASS=0.4381 | LBL_TAU=1.00 | LBL_MIX=0.50 | BATCH_RMSE=0.147965
  STEP 600/5739 | TOTAL_LOSS=0.220815 | REG_LOSS=0.035184 | SOFTCLIP_LOSS=1.303181 | PCL_LOSS=0.553130 | DRUG_PCL=0.000000 | PROT_PCL=0.553130 | MEAN_GATE=0.3673 | MEAN_VALID_PER_ROW=3.75 | MEAN_VALID_OFFDIAG=2.75 | MEAN_DIAG_PRIOR_MASS=0.2548 | LBL_TAU=1.00 | LBL_MIX=0.50 | BATCH_RMSE=0.187573
  STEP 700/5739 | TOTAL_LOSS=0.297645 | REG_LOSS=0.143123 | SOFTCLIP_LOSS=1.196824 | PCL_LOSS=0.348398 | DRUG_PCL=0.344773 | PROT_PCL=0.003624 | MEAN_GATE=0.3371 | MEAN_VALID_PER_ROW=3.50 | MEAN_VALID_OFFDIAG=2.50 | MEAN_DIAG_PRIOR_MASS=0.3602 | LBL_TAU=1.00 | LBL_MIX=0.50 | BATCH_RMSE=0.378316
  STEP 800/5739 | TOTAL_LOSS=0.135553 | REG_LOSS=0.012593 | SOFTCLIP_LOSS=1.228264 | PCL_LOSS=0.001339 | DRUG_PCL=0.001337 | PROT_PCL=0.000002 | MEAN_GATE=0.3584 | MEAN_VALID_PER_ROW=3.50 | MEAN_VALID_OFFDIAG=2.50 | MEAN_DIAG_PRIOR_MASS=0.2860 | LBL_TAU=1.00 | LBL_MIX=0.50 | BATCH_RMSE=0.112217
  STEP 900/5739 | TOTAL_LOSS=0.178254 | REG_LOSS=0.059487 | SOFTCLIP_LOSS=1.187304 | PCL_LOSS=0.000368 | DRUG_PCL=0.000354 | PROT_PCL=0.000014 | MEAN_GATE=0.2803 | MEAN_VALID_PER_ROW=3.75 | MEAN_VALID_OFFDIAG=2.75 | MEAN_DIAG_PRIOR_MASS=0.2862 | LBL_TAU=1.00 | LBL_MIX=0.50 | BATCH_RMSE=0.243900
  STEP 1000/5739 | TOTAL_LOSS=0.255655 | REG_LOSS=0.139073 | SOFTCLIP_LOSS=1.165709 | PCL_LOSS=0.000110 | DRUG_PCL=0.000020 | PROT_PCL=0.000089 | MEAN_GATE=0.3489 | MEAN_VALID_PER_ROW=3.25 | MEAN_VALID_OFFDIAG=2.25 | MEAN_DIAG_PRIOR_MASS=0.3301 | LBL_TAU=1.00 | LBL_MIX=0.50 | BATCH_RMSE=0.372925
  STEP 1100/5739 | TOTAL_LOSS=0.125554 | REG_LOSS=0.008411 | SOFTCLIP_LOSS=1.158431 | PCL_LOSS=0.013000 | DRUG_PCL=0.000003 | PROT_PCL=0.012997 | MEAN_GATE=0.3553 | MEAN_VALID_PER_ROW=3.25 | MEAN_VALID_OFFDIAG=2.25 | MEAN_DIAG_PRIOR_MASS=0.3125 | LBL_TAU=1.00 | LBL_MIX=0.50 | BATCH_RMSE=0.091714
  STEP 1200/5739 | TOTAL_LOSS=0.646087 | REG_LOSS=0.492792 | SOFTCLIP_LOSS=1.236024 | PCL_LOSS=0.296919 | DRUG_PCL=0.000045 | PROT_PCL=0.296875 | MEAN_GATE=0.3210 | MEAN_VALID_PER_ROW=3.50 | MEAN_VALID_OFFDIAG=2.50 | MEAN_DIAG_PRIOR_MASS=0.3221 | LBL_TAU=1.00 | LBL_MIX=0.50 | BATCH_RMSE=0.701992
  STEP 1300/5739 | TOTAL_LOSS=0.129599 | REG_LOSS=0.002018 | SOFTCLIP_LOSS=1.275755 | PCL_LOSS=0.000056 | DRUG_PCL=0.000016 | PROT_PCL=0.000040 | MEAN_GATE=0.3844 | MEAN_VALID_PER_ROW=3.75 | MEAN_VALID_OFFDIAG=2.75 | MEAN_DIAG_PRIOR_MASS=0.2276 | LBL_TAU=1.00 | LBL_MIX=0.50 | BATCH_RMSE=0.044923
  STEP 1400/5739 | TOTAL_LOSS=0.267071 | REG_LOSS=0.158669 | SOFTCLIP_LOSS=1.082774 | PCL_LOSS=0.001246 | DRUG_PCL=0.000827 | PROT_PCL=0.000418 | MEAN_GATE=0.3170 | MEAN_VALID_PER_ROW=3.25 | MEAN_VALID_OFFDIAG=2.25 | MEAN_DIAG_PRIOR_MASS=0.2963 | LBL_TAU=1.00 | LBL_MIX=0.50 | BATCH_RMSE=0.398333
  STEP 1500/5739 | TOTAL_LOSS=0.731895 | REG_LOSS=0.610395 | SOFTCLIP_LOSS=1.214926 | PCL_LOSS=0.000078 | DRUG_PCL=0.000000 | PROT_PCL=0.000077 | MEAN_GATE=0.2862 | MEAN_VALID_PER_ROW=3.50 | MEAN_VALID_OFFDIAG=2.50 | MEAN_DIAG_PRIOR_MASS=0.3029 | LBL_TAU=1.00 | LBL_MIX=0.50 | BATCH_RMSE=0.781278
  STEP 1600/5739 | TOTAL_LOSS=0.143946 | REG_LOSS=0.015066 | SOFTCLIP_LOSS=1.245652 | PCL_LOSS=0.043142 | DRUG_PCL=0.000007 | PROT_PCL=0.043136 | MEAN_GATE=0.3364 | MEAN_VALID_PER_ROW=3.50 | MEAN_VALID_OFFDIAG=2.50 | MEAN_DIAG_PRIOR_MASS=0.2917 | LBL_TAU=1.00 | LBL_MIX=0.50 | BATCH_RMSE=0.122745
  STEP 1700/5739 | TOTAL_LOSS=0.313318 | REG_LOSS=0.148905 | SOFTCLIP_LOSS=1.073546 | PCL_LOSS=0.570582 | DRUG_PCL=0.318677 | PROT_PCL=0.251905 | MEAN_GATE=0.3349 | MEAN_VALID_PER_ROW=3.00 | MEAN_VALID_OFFDIAG=2.00 | MEAN_DIAG_PRIOR_MASS=0.3110 | LBL_TAU=1.00 | LBL_MIX=0.50 | BATCH_RMSE=0.385882
  STEP 1800/5739 | TOTAL_LOSS=1.730650 | REG_LOSS=1.632918 | SOFTCLIP_LOSS=0.977127 | PCL_LOSS=0.000193 | DRUG_PCL=0.000148 | PROT_PCL=0.000045 | MEAN_GATE=0.2595 | MEAN_VALID_PER_ROW=3.00 | MEAN_VALID_OFFDIAG=2.00 | MEAN_DIAG_PRIOR_MASS=0.4221 | LBL_TAU=1.00 | LBL_MIX=0.50 | BATCH_RMSE=1.277857
  STEP 1900/5739 | TOTAL_LOSS=0.250105 | REG_LOSS=0.126126 | SOFTCLIP_LOSS=1.186112 | PCL_LOSS=0.053680 | DRUG_PCL=0.000067 | PROT_PCL=0.053613 | MEAN_GATE=0.3576 | MEAN_VALID_PER_ROW=3.50 | MEAN_VALID_OFFDIAG=2.50 | MEAN_DIAG_PRIOR_MASS=0.3115 | LBL_TAU=1.00 | LBL_MIX=0.50 | BATCH_RMSE=0.355142
  STEP 2000/5739 | TOTAL_LOSS=0.126014 | REG_LOSS=0.010410 | SOFTCLIP_LOSS=1.068171 | PCL_LOSS=0.087865 | DRUG_PCL=0.087850 | PROT_PCL=0.000015 | MEAN_GATE=0.3516 | MEAN_VALID_PER_ROW=3.00 | MEAN_VALID_OFFDIAG=2.00 | MEAN_DIAG_PRIOR_MASS=0.3839 | LBL_TAU=1.00 | LBL_MIX=0.50 | BATCH_RMSE=0.102030
  STEP 2100/5739 | TOTAL_LOSS=0.174251 | REG_LOSS=0.038307 | SOFTCLIP_LOSS=1.178162 | PCL_LOSS=0.181275 | DRUG_PCL=0.012598 | PROT_PCL=0.168676 | MEAN_GATE=0.3522 | MEAN_VALID_PER_ROW=3.50 | MEAN_VALID_OFFDIAG=2.50 | MEAN_DIAG_PRIOR_MASS=0.2657 | LBL_TAU=1.00 | LBL_MIX=0.50 | BATCH_RMSE=0.195722
  STEP 2200/5739 | TOTAL_LOSS=0.149057 | REG_LOSS=0.003932 | SOFTCLIP_LOSS=1.102785 | PCL_LOSS=0.348465 | DRUG_PCL=0.348438 | PROT_PCL=0.000027 | MEAN_GATE=0.3146 | MEAN_VALID_PER_ROW=3.25 | MEAN_VALID_OFFDIAG=2.25 | MEAN_DIAG_PRIOR_MASS=0.3378 | LBL_TAU=1.00 | LBL_MIX=0.50 | BATCH_RMSE=0.062704
  STEP 2300/5739 | TOTAL_LOSS=0.724570 | REG_LOSS=0.483454 | SOFTCLIP_LOSS=1.169293 | PCL_LOSS=1.241866 | DRUG_PCL=0.000166 | PROT_PCL=1.241699 | MEAN_GATE=0.3519 | MEAN_VALID_PER_ROW=3.50 | MEAN_VALID_OFFDIAG=2.50 | MEAN_DIAG_PRIOR_MASS=0.2980 | LBL_TAU=1.00 | LBL_MIX=0.50 | BATCH_RMSE=0.695309
  STEP 2400/5739 | TOTAL_LOSS=0.191716 | REG_LOSS=0.068511 | SOFTCLIP_LOSS=1.102781 | PCL_LOSS=0.129270 | DRUG_PCL=0.000008 | PROT_PCL=0.129262 | MEAN_GATE=0.3414 | MEAN_VALID_PER_ROW=3.25 | MEAN_VALID_OFFDIAG=2.25 | MEAN_DIAG_PRIOR_MASS=0.3044 | LBL_TAU=1.00 | LBL_MIX=0.50 | BATCH_RMSE=0.261745
  STEP 2500/5739 | TOTAL_LOSS=0.268286 | REG_LOSS=0.178041 | SOFTCLIP_LOSS=0.902373 | PCL_LOSS=0.000071 | DRUG_PCL=0.000055 | PROT_PCL=0.000016 | MEAN_GATE=0.3513 | MEAN_VALID_PER_ROW=3.00 | MEAN_VALID_OFFDIAG=2.00 | MEAN_DIAG_PRIOR_MASS=0.3324 | LBL_TAU=1.00 | LBL_MIX=0.50 | BATCH_RMSE=0.421949
  STEP 2600/5739 | TOTAL_LOSS=0.130998 | REG_LOSS=0.000525 | SOFTCLIP_LOSS=1.170582 | PCL_LOSS=0.134142 | DRUG_PCL=0.001215 | PROT_PCL=0.132927 | MEAN_GATE=0.3750 | MEAN_VALID_PER_ROW=3.25 | MEAN_VALID_OFFDIAG=2.25 | MEAN_DIAG_PRIOR_MASS=0.3313 | LBL_TAU=1.00 | LBL_MIX=0.50 | BATCH_RMSE=0.022915
  STEP 2700/5739 | TOTAL_LOSS=0.119665 | REG_LOSS=0.005949 | SOFTCLIP_LOSS=1.135424 | PCL_LOSS=0.001735 | DRUG_PCL=0.000428 | PROT_PCL=0.001307 | MEAN_GATE=0.3790 | MEAN_VALID_PER_ROW=3.25 | MEAN_VALID_OFFDIAG=2.25 | MEAN_DIAG_PRIOR_MASS=0.2959 | LBL_TAU=1.00 | LBL_MIX=0.50 | BATCH_RMSE=0.077128
  STEP 2800/5739 | TOTAL_LOSS=0.126687 | REG_LOSS=0.005677 | SOFTCLIP_LOSS=1.209637 | PCL_LOSS=0.000465 | DRUG_PCL=0.000459 | PROT_PCL=0.000006 | MEAN_GATE=0.3078 | MEAN_VALID_PER_ROW=3.50 | MEAN_VALID_OFFDIAG=2.50 | MEAN_DIAG_PRIOR_MASS=0.2775 | LBL_TAU=1.00 | LBL_MIX=0.50 | BATCH_RMSE=0.075345
  STEP 2900/5739 | TOTAL_LOSS=0.135552 | REG_LOSS=0.003617 | SOFTCLIP_LOSS=1.319236 | PCL_LOSS=0.000107 | DRUG_PCL=0.000000 | PROT_PCL=0.000107 | MEAN_GATE=0.3588 | MEAN_VALID_PER_ROW=3.75 | MEAN_VALID_OFFDIAG=2.75 | MEAN_DIAG_PRIOR_MASS=0.2708 | LBL_TAU=1.00 | LBL_MIX=0.50 | BATCH_RMSE=0.060144
  STEP 3000/5739 | TOTAL_LOSS=0.698547 | REG_LOSS=0.583952 | SOFTCLIP_LOSS=0.750217 | PCL_LOSS=0.395727 | DRUG_PCL=0.000000 | PROT_PCL=0.395727 | MEAN_GATE=0.3190 | MEAN_VALID_PER_ROW=2.50 | MEAN_VALID_OFFDIAG=1.50 | MEAN_DIAG_PRIOR_MASS=0.5991 | LBL_TAU=1.00 | LBL_MIX=0.50 | BATCH_RMSE=0.764168
  STEP 3100/5739 | TOTAL_LOSS=0.216819 | REG_LOSS=0.059220 | SOFTCLIP_LOSS=1.144824 | PCL_LOSS=0.431166 | DRUG_PCL=0.000221 | PROT_PCL=0.430945 | MEAN_GATE=0.3336 | MEAN_VALID_PER_ROW=3.75 | MEAN_VALID_OFFDIAG=2.75 | MEAN_DIAG_PRIOR_MASS=0.3571 | LBL_TAU=1.00 | LBL_MIX=0.50 | BATCH_RMSE=0.243352
  STEP 3200/5739 | TOTAL_LOSS=0.228451 | REG_LOSS=0.039035 | SOFTCLIP_LOSS=1.246823 | PCL_LOSS=0.647339 | DRUG_PCL=0.000016 | PROT_PCL=0.647323 | MEAN_GATE=0.3361 | MEAN_VALID_PER_ROW=3.75 | MEAN_VALID_OFFDIAG=2.75 | MEAN_DIAG_PRIOR_MASS=0.2331 | LBL_TAU=1.00 | LBL_MIX=0.50 | BATCH_RMSE=0.197572
  STEP 3300/5739 | TOTAL_LOSS=0.649731 | REG_LOSS=0.503650 | SOFTCLIP_LOSS=1.111039 | PCL_LOSS=0.349773 | DRUG_PCL=0.349749 | PROT_PCL=0.000023 | MEAN_GATE=0.3762 | MEAN_VALID_PER_ROW=3.75 | MEAN_VALID_OFFDIAG=2.75 | MEAN_DIAG_PRIOR_MASS=0.4252 | LBL_TAU=1.00 | LBL_MIX=0.50 | BATCH_RMSE=0.709683
  STEP 3400/5739 | TOTAL_LOSS=0.398975 | REG_LOSS=0.282557 | SOFTCLIP_LOSS=1.162249 | PCL_LOSS=0.001934 | DRUG_PCL=0.000005 | PROT_PCL=0.001930 | MEAN_GATE=0.3196 | MEAN_VALID_PER_ROW=3.75 | MEAN_VALID_OFFDIAG=2.75 | MEAN_DIAG_PRIOR_MASS=0.3031 | LBL_TAU=1.00 | LBL_MIX=0.50 | BATCH_RMSE=0.531560
  STEP 3500/5739 | TOTAL_LOSS=0.160050 | REG_LOSS=0.015097 | SOFTCLIP_LOSS=1.071723 | PCL_LOSS=0.377806 | DRUG_PCL=0.000039 | PROT_PCL=0.377767 | MEAN_GATE=0.3788 | MEAN_VALID_PER_ROW=3.25 | MEAN_VALID_OFFDIAG=2.25 | MEAN_DIAG_PRIOR_MASS=0.3084 | LBL_TAU=1.00 | LBL_MIX=0.50 | BATCH_RMSE=0.122871
  STEP 3600/5739 | TOTAL_LOSS=0.155978 | REG_LOSS=0.033095 | SOFTCLIP_LOSS=1.225767 | PCL_LOSS=0.003068 | DRUG_PCL=0.000371 | PROT_PCL=0.002697 | MEAN_GATE=0.3836 | MEAN_VALID_PER_ROW=3.50 | MEAN_VALID_OFFDIAG=2.50 | MEAN_DIAG_PRIOR_MASS=0.2733 | LBL_TAU=1.00 | LBL_MIX=0.50 | BATCH_RMSE=0.181920
  STEP 3700/5739 | TOTAL_LOSS=0.266590 | REG_LOSS=0.111571 | SOFTCLIP_LOSS=1.097123 | PCL_LOSS=0.453058 | DRUG_PCL=0.274560 | PROT_PCL=0.178498 | MEAN_GATE=0.3499 | MEAN_VALID_PER_ROW=3.25 | MEAN_VALID_OFFDIAG=2.25 | MEAN_DIAG_PRIOR_MASS=0.2741 | LBL_TAU=1.00 | LBL_MIX=0.50 | BATCH_RMSE=0.334023
  STEP 3800/5739 | TOTAL_LOSS=0.268992 | REG_LOSS=0.130424 | SOFTCLIP_LOSS=1.383037 | PCL_LOSS=0.002645 | DRUG_PCL=0.002559 | PROT_PCL=0.000086 | MEAN_GATE=0.3615 | MEAN_VALID_PER_ROW=4.00 | MEAN_VALID_OFFDIAG=3.00 | MEAN_DIAG_PRIOR_MASS=0.2935 | LBL_TAU=1.00 | LBL_MIX=0.50 | BATCH_RMSE=0.361142
  STEP 3900/5739 | TOTAL_LOSS=0.197310 | REG_LOSS=0.019962 | SOFTCLIP_LOSS=1.218661 | PCL_LOSS=0.554811 | DRUG_PCL=0.000003 | PROT_PCL=0.554809 | MEAN_GATE=0.4053 | MEAN_VALID_PER_ROW=3.50 | MEAN_VALID_OFFDIAG=2.50 | MEAN_DIAG_PRIOR_MASS=0.3332 | LBL_TAU=1.00 | LBL_MIX=0.50 | BATCH_RMSE=0.141289
  STEP 4000/5739 | TOTAL_LOSS=0.128289 | REG_LOSS=0.008089 | SOFTCLIP_LOSS=1.148531 | PCL_LOSS=0.053471 | DRUG_PCL=0.000006 | PROT_PCL=0.053464 | MEAN_GATE=0.3613 | MEAN_VALID_PER_ROW=3.25 | MEAN_VALID_OFFDIAG=2.25 | MEAN_DIAG_PRIOR_MASS=0.2812 | LBL_TAU=1.00 | LBL_MIX=0.50 | BATCH_RMSE=0.089938
  STEP 4100/5739 | TOTAL_LOSS=0.141648 | REG_LOSS=0.023769 | SOFTCLIP_LOSS=1.150026 | PCL_LOSS=0.028764 | DRUG_PCL=0.012707 | PROT_PCL=0.016057 | MEAN_GATE=0.3205 | MEAN_VALID_PER_ROW=3.25 | MEAN_VALID_OFFDIAG=2.25 | MEAN_DIAG_PRIOR_MASS=0.2869 | LBL_TAU=1.00 | LBL_MIX=0.50 | BATCH_RMSE=0.154172
  STEP 4200/5739 | TOTAL_LOSS=0.135213 | REG_LOSS=0.010216 | SOFTCLIP_LOSS=1.244770 | PCL_LOSS=0.005197 | DRUG_PCL=0.004626 | PROT_PCL=0.000571 | MEAN_GATE=0.2707 | MEAN_VALID_PER_ROW=3.50 | MEAN_VALID_OFFDIAG=2.50 | MEAN_DIAG_PRIOR_MASS=0.2859 | LBL_TAU=1.00 | LBL_MIX=0.50 | BATCH_RMSE=0.101077
  STEP 4300/5739 | TOTAL_LOSS=0.279956 | REG_LOSS=0.158152 | SOFTCLIP_LOSS=1.089186 | PCL_LOSS=0.128852 | DRUG_PCL=0.000013 | PROT_PCL=0.128840 | MEAN_GATE=0.2754 | MEAN_VALID_PER_ROW=3.50 | MEAN_VALID_OFFDIAG=2.50 | MEAN_DIAG_PRIOR_MASS=0.2250 | LBL_TAU=1.00 | LBL_MIX=0.50 | BATCH_RMSE=0.397683
  STEP 4400/5739 | TOTAL_LOSS=0.190371 | REG_LOSS=0.047197 | SOFTCLIP_LOSS=0.963193 | PCL_LOSS=0.468548 | DRUG_PCL=0.000482 | PROT_PCL=0.468066 | MEAN_GATE=0.3392 | MEAN_VALID_PER_ROW=2.75 | MEAN_VALID_OFFDIAG=1.75 | MEAN_DIAG_PRIOR_MASS=0.4235 | LBL_TAU=1.00 | LBL_MIX=0.50 | BATCH_RMSE=0.217249
  STEP 4500/5739 | TOTAL_LOSS=0.169988 | REG_LOSS=0.037995 | SOFTCLIP_LOSS=1.265027 | PCL_LOSS=0.054901 | DRUG_PCL=0.000000 | PROT_PCL=0.054901 | MEAN_GATE=0.3481 | MEAN_VALID_PER_ROW=3.75 | MEAN_VALID_OFFDIAG=2.75 | MEAN_DIAG_PRIOR_MASS=0.2280 | LBL_TAU=1.00 | LBL_MIX=0.50 | BATCH_RMSE=0.194924
  STEP 4600/5739 | TOTAL_LOSS=0.215322 | REG_LOSS=0.053674 | SOFTCLIP_LOSS=1.246541 | PCL_LOSS=0.369940 | DRUG_PCL=0.369471 | PROT_PCL=0.000469 | MEAN_GATE=0.3586 | MEAN_VALID_PER_ROW=3.50 | MEAN_VALID_OFFDIAG=2.50 | MEAN_DIAG_PRIOR_MASS=0.2833 | LBL_TAU=1.00 | LBL_MIX=0.50 | BATCH_RMSE=0.231677
  STEP 4700/5739 | TOTAL_LOSS=0.153189 | REG_LOSS=0.042218 | SOFTCLIP_LOSS=1.105019 | PCL_LOSS=0.004694 | DRUG_PCL=0.000046 | PROT_PCL=0.004648 | MEAN_GATE=0.3908 | MEAN_VALID_PER_ROW=3.25 | MEAN_VALID_OFFDIAG=2.25 | MEAN_DIAG_PRIOR_MASS=0.3021 | LBL_TAU=1.00 | LBL_MIX=0.50 | BATCH_RMSE=0.205470
  STEP 4800/5739 | TOTAL_LOSS=0.296129 | REG_LOSS=0.187175 | SOFTCLIP_LOSS=1.087240 | PCL_LOSS=0.002300 | DRUG_PCL=0.002284 | PROT_PCL=0.000017 | MEAN_GATE=0.2851 | MEAN_VALID_PER_ROW=3.25 | MEAN_VALID_OFFDIAG=2.25 | MEAN_DIAG_PRIOR_MASS=0.3097 | LBL_TAU=1.00 | LBL_MIX=0.50 | BATCH_RMSE=0.432637
  STEP 4900/5739 | TOTAL_LOSS=0.167576 | REG_LOSS=0.059069 | SOFTCLIP_LOSS=1.079981 | PCL_LOSS=0.005085 | DRUG_PCL=0.000000 | PROT_PCL=0.005085 | MEAN_GATE=0.3291 | MEAN_VALID_PER_ROW=3.25 | MEAN_VALID_OFFDIAG=2.25 | MEAN_DIAG_PRIOR_MASS=0.2100 | LBL_TAU=1.00 | LBL_MIX=0.50 | BATCH_RMSE=0.243042
  STEP 5000/5739 | TOTAL_LOSS=0.900553 | REG_LOSS=0.813374 | SOFTCLIP_LOSS=0.843728 | PCL_LOSS=0.028063 | DRUG_PCL=0.000000 | PROT_PCL=0.028063 | MEAN_GATE=0.3201 | MEAN_VALID_PER_ROW=2.75 | MEAN_VALID_OFFDIAG=1.75 | MEAN_DIAG_PRIOR_MASS=0.4612 | LBL_TAU=1.00 | LBL_MIX=0.50 | BATCH_RMSE=0.901872
  STEP 5100/5739 | TOTAL_LOSS=0.114031 | REG_LOSS=0.018169 | SOFTCLIP_LOSS=0.957005 | PCL_LOSS=0.001614 | DRUG_PCL=0.001612 | PROT_PCL=0.000002 | MEAN_GATE=0.4000 | MEAN_VALID_PER_ROW=3.25 | MEAN_VALID_OFFDIAG=2.25 | MEAN_DIAG_PRIOR_MASS=0.2870 | LBL_TAU=1.00 | LBL_MIX=0.50 | BATCH_RMSE=0.134791
  STEP 5200/5739 | TOTAL_LOSS=0.127606 | REG_LOSS=0.012274 | SOFTCLIP_LOSS=1.142028 | PCL_LOSS=0.011294 | DRUG_PCL=0.010279 | PROT_PCL=0.001016 | MEAN_GATE=0.3002 | MEAN_VALID_PER_ROW=3.25 | MEAN_VALID_OFFDIAG=2.25 | MEAN_DIAG_PRIOR_MASS=0.3333 | LBL_TAU=1.00 | LBL_MIX=0.50 | BATCH_RMSE=0.110788
  STEP 5300/5739 | TOTAL_LOSS=0.803149 | REG_LOSS=0.695272 | SOFTCLIP_LOSS=0.856030 | PCL_LOSS=0.222733 | DRUG_PCL=0.003929 | PROT_PCL=0.218804 | MEAN_GATE=0.3749 | MEAN_VALID_PER_ROW=2.75 | MEAN_VALID_OFFDIAG=1.75 | MEAN_DIAG_PRIOR_MASS=0.4419 | LBL_TAU=1.00 | LBL_MIX=0.50 | BATCH_RMSE=0.833830
  STEP 5400/5739 | TOTAL_LOSS=0.295066 | REG_LOSS=0.189909 | SOFTCLIP_LOSS=0.996006 | PCL_LOSS=0.055563 | DRUG_PCL=0.000006 | PROT_PCL=0.055557 | MEAN_GATE=0.3543 | MEAN_VALID_PER_ROW=3.25 | MEAN_VALID_OFFDIAG=2.25 | MEAN_DIAG_PRIOR_MASS=0.3000 | LBL_TAU=1.00 | LBL_MIX=0.50 | BATCH_RMSE=0.435786
  STEP 5500/5739 | TOTAL_LOSS=0.154800 | REG_LOSS=0.061409 | SOFTCLIP_LOSS=0.932826 | PCL_LOSS=0.001079 | DRUG_PCL=0.001077 | PROT_PCL=0.000002 | MEAN_GATE=0.3056 | MEAN_VALID_PER_ROW=2.75 | MEAN_VALID_OFFDIAG=1.75 | MEAN_DIAG_PRIOR_MASS=0.4792 | LBL_TAU=1.00 | LBL_MIX=0.50 | BATCH_RMSE=0.247809
  STEP 5600/5739 | TOTAL_LOSS=0.423852 | REG_LOSS=0.278598 | SOFTCLIP_LOSS=1.116215 | PCL_LOSS=0.336325 | DRUG_PCL=0.000511 | PROT_PCL=0.335814 | MEAN_GATE=0.3571 | MEAN_VALID_PER_ROW=3.50 | MEAN_VALID_OFFDIAG=2.50 | MEAN_DIAG_PRIOR_MASS=0.2862 | LBL_TAU=1.00 | LBL_MIX=0.50 | BATCH_RMSE=0.527824
  STEP 5700/5739 | TOTAL_LOSS=0.231587 | REG_LOSS=0.119606 | SOFTCLIP_LOSS=1.117539 | PCL_LOSS=0.002271 | DRUG_PCL=0.002260 | PROT_PCL=0.000011 | MEAN_GATE=0.3659 | MEAN_VALID_PER_ROW=3.75 | MEAN_VALID_OFFDIAG=2.75 | MEAN_DIAG_PRIOR_MASS=0.2647 | LBL_TAU=1.00 | LBL_MIX=0.50 | BATCH_RMSE=0.345842
[EPOCH 279/500] TRAIN: TOTAL=0.293356 | REG=0.160426 | SOFTCLIP=1.129301 | PCL=0.199997 | RMSE=0.400532 | MAE=0.245426 | CI=0.914590 | RM2=0.792470 | DRUG_PCL=0.051345 | PROT_PCL=0.148652
[EPOCH 279/500] VAL  : TOTAL=0.194480 | REG=0.139834 | SOFTCLIP=0.387994 | PCL=0.158460 | RMSE=0.373944 | MAE=0.222281 | CI=0.923848 | RM2=0.783770 | DRUG_PCL=0.045352 | PROT_PCL=0.113108
  SAVED NEW BEST MODEL | EPOCH=279 | BEST_VAL_RMSE=0.373944 | BEST_VAL_MAE=0.222281 | BEST_VAL_CI=0.923848 | BEST_VAL_RM2=0.783770

EPOCH 280/500
  STEP 100/5739 | TOTAL_LOSS=0.117139 | REG_LOSS=0.014096 | SOFTCLIP_LOSS=1.029752 | PCL_LOSS=0.000676 | DRUG_PCL=0.000023 | PROT_PCL=0.000653 | MEAN_GATE=0.3536 | MEAN_VALID_PER_ROW=3.00 | MEAN_VALID_OFFDIAG=2.00 | MEAN_DIAG_PRIOR_MASS=0.3546 | LBL_TAU=1.00 | LBL_MIX=0.50 | BATCH_RMSE=0.118725
  STEP 200/5739 | TOTAL_LOSS=0.214642 | REG_LOSS=0.091072 | SOFTCLIP_LOSS=1.235609 | PCL_LOSS=0.000092 | DRUG_PCL=0.000086 | PROT_PCL=0.000007 | MEAN_GATE=0.3506 | MEAN_VALID_PER_ROW=3.75 | MEAN_VALID_OFFDIAG=2.75 | MEAN_DIAG_PRIOR_MASS=0.3846 | LBL_TAU=1.00 | LBL_MIX=0.50 | BATCH_RMSE=0.301782
  STEP 300/5739 | TOTAL_LOSS=0.277091 | REG_LOSS=0.128251 | SOFTCLIP_LOSS=0.981102 | PCL_LOSS=0.507295 | DRUG_PCL=0.001943 | PROT_PCL=0.505352 | MEAN_GATE=0.3071 | MEAN_VALID_PER_ROW=3.50 | MEAN_VALID_OFFDIAG=2.50 | MEAN_DIAG_PRIOR_MASS=0.4144 | LBL_TAU=1.00 | LBL_MIX=0.50 | BATCH_RMSE=0.358121
  STEP 400/5739 | TOTAL_LOSS=0.207130 | REG_LOSS=0.067713 | SOFTCLIP_LOSS=1.218050 | PCL_LOSS=0.176111 | DRUG_PCL=0.015578 | PROT_PCL=0.160532 | MEAN_GATE=0.3379 | MEAN_VALID_PER_ROW=3.50 | MEAN_VALID_OFFDIAG=2.50 | MEAN_DIAG_PRIOR_MASS=0.2546 | LBL_TAU=1.00 | LBL_MIX=0.50 | BATCH_RMSE=0.260218
  STEP 500/5739 | TOTAL_LOSS=0.487612 | REG_LOSS=0.292431 | SOFTCLIP_LOSS=1.202397 | PCL_LOSS=0.749416 | DRUG_PCL=0.361661 | PROT_PCL=0.387756 | MEAN_GATE=0.3824 | MEAN_VALID_PER_ROW=3.50 | MEAN_VALID_OFFDIAG=2.50 | MEAN_DIAG_PRIOR_MASS=0.3027 | LBL_TAU=1.00 | LBL_MIX=0.50 | BATCH_RMSE=0.540769
  STEP 600/5739 | TOTAL_LOSS=0.624663 | REG_LOSS=0.467324 | SOFTCLIP_LOSS=1.098622 | PCL_LOSS=0.474773 | DRUG_PCL=0.000012 | PROT_PCL=0.474761 | MEAN_GATE=0.3195 | MEAN_VALID_PER_ROW=3.75 | MEAN_VALID_OFFDIAG=2.75 | MEAN_DIAG_PRIOR_MASS=0.4034 | LBL_TAU=1.00 | LBL_MIX=0.50 | BATCH_RMSE=0.683611
  STEP 700/5739 | TOTAL_LOSS=2.320444 | REG_LOSS=2.187802 | SOFTCLIP_LOSS=0.962172 | PCL_LOSS=0.364242 | DRUG_PCL=0.001320 | PROT_PCL=0.362922 | MEAN_GATE=0.2993 | MEAN_VALID_PER_ROW=3.25 | MEAN_VALID_OFFDIAG=2.25 | MEAN_DIAG_PRIOR_MASS=0.4587 | LBL_TAU=1.00 | LBL_MIX=0.50 | BATCH_RMSE=1.479122
  STEP 800/5739 | TOTAL_LOSS=0.142518 | REG_LOSS=0.025775 | SOFTCLIP_LOSS=1.166062 | PCL_LOSS=0.001374 | DRUG_PCL=0.000430 | PROT_PCL=0.000944 | MEAN_GATE=0.3467 | MEAN_VALID_PER_ROW=3.50 | MEAN_VALID_OFFDIAG=2.50 | MEAN_DIAG_PRIOR_MASS=0.2723 | LBL_TAU=1.00 | LBL_MIX=0.50 | BATCH_RMSE=0.160544
  STEP 900/5739 | TOTAL_LOSS=0.333542 | REG_LOSS=0.187225 | SOFTCLIP_LOSS=1.028240 | PCL_LOSS=0.434934 | DRUG_PCL=0.389882 | PROT_PCL=0.045051 | MEAN_GATE=0.3507 | MEAN_VALID_PER_ROW=3.50 | MEAN_VALID_OFFDIAG=2.50 | MEAN_DIAG_PRIOR_MASS=0.3530 | LBL_TAU=1.00 | LBL_MIX=0.50 | BATCH_RMSE=0.432695
  STEP 1000/5739 | TOTAL_LOSS=0.220156 | REG_LOSS=0.104793 | SOFTCLIP_LOSS=1.132137 | PCL_LOSS=0.021496 | DRUG_PCL=0.000002 | PROT_PCL=0.021494 | MEAN_GATE=0.3578 | MEAN_VALID_PER_ROW=3.25 | MEAN_VALID_OFFDIAG=2.25 | MEAN_DIAG_PRIOR_MASS=0.3190 | LBL_TAU=1.00 | LBL_MIX=0.50 | BATCH_RMSE=0.323717
  STEP 1100/5739 | TOTAL_LOSS=0.290410 | REG_LOSS=0.036223 | SOFTCLIP_LOSS=1.311147 | PCL_LOSS=1.230716 | DRUG_PCL=0.000001 | PROT_PCL=1.230715 | MEAN_GATE=0.3716 | MEAN_VALID_PER_ROW=4.00 | MEAN_VALID_OFFDIAG=3.00 | MEAN_DIAG_PRIOR_MASS=0.1917 | LBL_TAU=1.00 | LBL_MIX=0.50 | BATCH_RMSE=0.190324
  STEP 1200/5739 | TOTAL_LOSS=0.151288 | REG_LOSS=0.030591 | SOFTCLIP_LOSS=0.894864 | PCL_LOSS=0.312100 | DRUG_PCL=0.000000 | PROT_PCL=0.312100 | MEAN_GATE=0.3423 | MEAN_VALID_PER_ROW=3.00 | MEAN_VALID_OFFDIAG=2.00 | MEAN_DIAG_PRIOR_MASS=0.4136 | LBL_TAU=1.00 | LBL_MIX=0.50 | BATCH_RMSE=0.174904
  STEP 1300/5739 | TOTAL_LOSS=0.326926 | REG_LOSS=0.090324 | SOFTCLIP_LOSS=1.042453 | PCL_LOSS=1.323570 | DRUG_PCL=0.994556 | PROT_PCL=0.329015 | MEAN_GATE=0.3219 | MEAN_VALID_PER_ROW=3.00 | MEAN_VALID_OFFDIAG=2.00 | MEAN_DIAG_PRIOR_MASS=0.3324 | LBL_TAU=1.00 | LBL_MIX=0.50 | BATCH_RMSE=0.300540
  STEP 1400/5739 | TOTAL_LOSS=0.159810 | REG_LOSS=0.036321 | SOFTCLIP_LOSS=0.756421 | PCL_LOSS=0.478469 | DRUG_PCL=0.000002 | PROT_PCL=0.478467 | MEAN_GATE=0.2844 | MEAN_VALID_PER_ROW=2.50 | MEAN_VALID_OFFDIAG=1.50 | MEAN_DIAG_PRIOR_MASS=0.3559 | LBL_TAU=1.00 | LBL_MIX=0.50 | BATCH_RMSE=0.190581
  STEP 1500/5739 | TOTAL_LOSS=0.168408 | REG_LOSS=0.018045 | SOFTCLIP_LOSS=1.380200 | PCL_LOSS=0.123435 | DRUG_PCL=0.040351 | PROT_PCL=0.083084 | MEAN_GATE=0.3568 | MEAN_VALID_PER_ROW=4.00 | MEAN_VALID_OFFDIAG=3.00 | MEAN_DIAG_PRIOR_MASS=0.2539 | LBL_TAU=1.00 | LBL_MIX=0.50 | BATCH_RMSE=0.134332
  STEP 1600/5739 | TOTAL_LOSS=0.742659 | REG_LOSS=0.642396 | SOFTCLIP_LOSS=1.002548 | PCL_LOSS=0.000087 | DRUG_PCL=0.000034 | PROT_PCL=0.000052 | MEAN_GATE=0.3789 | MEAN_VALID_PER_ROW=3.25 | MEAN_VALID_OFFDIAG=2.25 | MEAN_DIAG_PRIOR_MASS=0.2413 | LBL_TAU=1.00 | LBL_MIX=0.50 | BATCH_RMSE=0.801496
  STEP 1700/5739 | TOTAL_LOSS=0.259744 | REG_LOSS=0.146593 | SOFTCLIP_LOSS=1.130870 | PCL_LOSS=0.000637 | DRUG_PCL=0.000599 | PROT_PCL=0.000038 | MEAN_GATE=0.3211 | MEAN_VALID_PER_ROW=3.25 | MEAN_VALID_OFFDIAG=2.25 | MEAN_DIAG_PRIOR_MASS=0.2800 | LBL_TAU=1.00 | LBL_MIX=0.50 | BATCH_RMSE=0.382875
  STEP 1800/5739 | TOTAL_LOSS=0.149788 | REG_LOSS=0.033963 | SOFTCLIP_LOSS=1.107033 | PCL_LOSS=0.051224 | DRUG_PCL=0.000165 | PROT_PCL=0.051059 | MEAN_GATE=0.3843 | MEAN_VALID_PER_ROW=3.25 | MEAN_VALID_OFFDIAG=2.25 | MEAN_DIAG_PRIOR_MASS=0.2751 | LBL_TAU=1.00 | LBL_MIX=0.50 | BATCH_RMSE=0.184290
  STEP 1900/5739 | TOTAL_LOSS=0.145274 | REG_LOSS=0.013751 | SOFTCLIP_LOSS=1.314196 | PCL_LOSS=0.001029 | DRUG_PCL=0.000638 | PROT_PCL=0.000390 | MEAN_GATE=0.3677 | MEAN_VALID_PER_ROW=3.75 | MEAN_VALID_OFFDIAG=2.75 | MEAN_DIAG_PRIOR_MASS=0.2665 | LBL_TAU=1.00 | LBL_MIX=0.50 | BATCH_RMSE=0.117266
  STEP 2000/5739 | TOTAL_LOSS=0.326530 | REG_LOSS=0.170660 | SOFTCLIP_LOSS=1.201662 | PCL_LOSS=0.357037 | DRUG_PCL=0.356920 | PROT_PCL=0.000117 | MEAN_GATE=0.3386 | MEAN_VALID_PER_ROW=3.50 | MEAN_VALID_OFFDIAG=2.50 | MEAN_DIAG_PRIOR_MASS=0.3456 | LBL_TAU=1.00 | LBL_MIX=0.50 | BATCH_RMSE=0.413111
  STEP 2100/5739 | TOTAL_LOSS=0.274068 | REG_LOSS=0.064655 | SOFTCLIP_LOSS=1.312497 | PCL_LOSS=0.781631 | DRUG_PCL=0.363522 | PROT_PCL=0.418109 | MEAN_GATE=0.3847 | MEAN_VALID_PER_ROW=3.75 | MEAN_VALID_OFFDIAG=2.75 | MEAN_DIAG_PRIOR_MASS=0.2825 | LBL_TAU=1.00 | LBL_MIX=0.50 | BATCH_RMSE=0.254273
  STEP 2200/5739 | TOTAL_LOSS=0.304765 | REG_LOSS=0.163363 | SOFTCLIP_LOSS=1.151170 | PCL_LOSS=0.262855 | DRUG_PCL=0.000090 | PROT_PCL=0.262765 | MEAN_GATE=0.4105 | MEAN_VALID_PER_ROW=3.25 | MEAN_VALID_OFFDIAG=2.25 | MEAN_DIAG_PRIOR_MASS=0.3514 | LBL_TAU=1.00 | LBL_MIX=0.50 | BATCH_RMSE=0.404181
  STEP 2300/5739 | TOTAL_LOSS=0.488950 | REG_LOSS=0.267440 | SOFTCLIP_LOSS=1.297540 | PCL_LOSS=0.917560 | DRUG_PCL=0.000120 | PROT_PCL=0.917440 | MEAN_GATE=0.3686 | MEAN_VALID_PER_ROW=4.00 | MEAN_VALID_OFFDIAG=3.00 | MEAN_DIAG_PRIOR_MASS=0.2839 | LBL_TAU=1.00 | LBL_MIX=0.50 | BATCH_RMSE=0.517146
  STEP 2400/5739 | TOTAL_LOSS=0.164344 | REG_LOSS=0.029063 | SOFTCLIP_LOSS=1.195676 | PCL_LOSS=0.157136 | DRUG_PCL=0.000435 | PROT_PCL=0.156701 | MEAN_GATE=0.3598 | MEAN_VALID_PER_ROW=3.50 | MEAN_VALID_OFFDIAG=2.50 | MEAN_DIAG_PRIOR_MASS=0.3471 | LBL_TAU=1.00 | LBL_MIX=0.50 | BATCH_RMSE=0.170479
  STEP 2500/5739 | TOTAL_LOSS=0.326069 | REG_LOSS=0.169766 | SOFTCLIP_LOSS=1.207469 | PCL_LOSS=0.355559 | DRUG_PCL=0.355558 | PROT_PCL=0.000001 | MEAN_GATE=0.3410 | MEAN_VALID_PER_ROW=3.50 | MEAN_VALID_OFFDIAG=2.50 | MEAN_DIAG_PRIOR_MASS=0.2709 | LBL_TAU=1.00 | LBL_MIX=0.50 | BATCH_RMSE=0.412027
  STEP 2600/5739 | TOTAL_LOSS=0.949692 | REG_LOSS=0.835163 | SOFTCLIP_LOSS=1.081686 | PCL_LOSS=0.063606 | DRUG_PCL=0.012172 | PROT_PCL=0.051434 | MEAN_GATE=0.2873 | MEAN_VALID_PER_ROW=3.50 | MEAN_VALID_OFFDIAG=2.50 | MEAN_DIAG_PRIOR_MASS=0.3472 | LBL_TAU=1.00 | LBL_MIX=0.50 | BATCH_RMSE=0.913873
  STEP 2700/5739 | TOTAL_LOSS=0.140986 | REG_LOSS=0.009165 | SOFTCLIP_LOSS=1.245010 | PCL_LOSS=0.073206 | DRUG_PCL=0.073011 | PROT_PCL=0.000195 | MEAN_GATE=0.3606 | MEAN_VALID_PER_ROW=3.50 | MEAN_VALID_OFFDIAG=2.50 | MEAN_DIAG_PRIOR_MASS=0.2917 | LBL_TAU=1.00 | LBL_MIX=0.50 | BATCH_RMSE=0.095732
  STEP 2800/5739 | TOTAL_LOSS=0.343994 | REG_LOSS=0.213057 | SOFTCLIP_LOSS=1.308589 | PCL_LOSS=0.000785 | DRUG_PCL=0.000731 | PROT_PCL=0.000054 | MEAN_GATE=0.3457 | MEAN_VALID_PER_ROW=3.75 | MEAN_VALID_OFFDIAG=2.75 | MEAN_DIAG_PRIOR_MASS=0.2849 | LBL_TAU=1.00 | LBL_MIX=0.50 | BATCH_RMSE=0.461581
  STEP 2900/5739 | TOTAL_LOSS=0.178972 | REG_LOSS=0.036949 | SOFTCLIP_LOSS=1.079063 | PCL_LOSS=0.341158 | DRUG_PCL=0.000367 | PROT_PCL=0.340792 | MEAN_GATE=0.3005 | MEAN_VALID_PER_ROW=3.25 | MEAN_VALID_OFFDIAG=2.25 | MEAN_DIAG_PRIOR_MASS=0.3052 | LBL_TAU=1.00 | LBL_MIX=0.50 | BATCH_RMSE=0.192222
  STEP 3000/5739 | TOTAL_LOSS=0.224919 | REG_LOSS=0.016574 | SOFTCLIP_LOSS=1.267158 | PCL_LOSS=0.816291 | DRUG_PCL=0.000002 | PROT_PCL=0.816289 | MEAN_GATE=0.2991 | MEAN_VALID_PER_ROW=3.75 | MEAN_VALID_OFFDIAG=2.75 | MEAN_DIAG_PRIOR_MASS=0.2787 | LBL_TAU=1.00 | LBL_MIX=0.50 | BATCH_RMSE=0.128739
  STEP 3100/5739 | TOTAL_LOSS=0.137968 | REG_LOSS=0.007170 | SOFTCLIP_LOSS=1.307608 | PCL_LOSS=0.000368 | DRUG_PCL=0.000364 | PROT_PCL=0.000004 | MEAN_GATE=0.3607 | MEAN_VALID_PER_ROW=3.75 | MEAN_VALID_OFFDIAG=2.75 | MEAN_DIAG_PRIOR_MASS=0.2611 | LBL_TAU=1.00 | LBL_MIX=0.50 | BATCH_RMSE=0.084678
  STEP 3200/5739 | TOTAL_LOSS=0.297191 | REG_LOSS=0.184614 | SOFTCLIP_LOSS=1.037645 | PCL_LOSS=0.088126 | DRUG_PCL=0.000832 | PROT_PCL=0.087294 | MEAN_GATE=0.2907 | MEAN_VALID_PER_ROW=3.00 | MEAN_VALID_OFFDIAG=2.00 | MEAN_DIAG_PRIOR_MASS=0.2993 | LBL_TAU=1.00 | LBL_MIX=0.50 | BATCH_RMSE=0.429668
  STEP 3300/5739 | TOTAL_LOSS=0.354158 | REG_LOSS=0.202596 | SOFTCLIP_LOSS=1.081910 | PCL_LOSS=0.433716 | DRUG_PCL=0.433692 | PROT_PCL=0.000024 | MEAN_GATE=0.3541 | MEAN_VALID_PER_ROW=3.25 | MEAN_VALID_OFFDIAG=2.25 | MEAN_DIAG_PRIOR_MASS=0.2385 | LBL_TAU=1.00 | LBL_MIX=0.50 | BATCH_RMSE=0.450106
  STEP 3400/5739 | TOTAL_LOSS=0.239587 | REG_LOSS=0.101325 | SOFTCLIP_LOSS=1.380850 | PCL_LOSS=0.001766 | DRUG_PCL=0.001749 | PROT_PCL=0.000017 | MEAN_GATE=0.3755 | MEAN_VALID_PER_ROW=4.00 | MEAN_VALID_OFFDIAG=3.00 | MEAN_DIAG_PRIOR_MASS=0.2835 | LBL_TAU=1.00 | LBL_MIX=0.50 | BATCH_RMSE=0.318316
  STEP 3500/5739 | TOTAL_LOSS=0.133843 | REG_LOSS=0.019690 | SOFTCLIP_LOSS=0.919667 | PCL_LOSS=0.221860 | DRUG_PCL=0.000021 | PROT_PCL=0.221839 | MEAN_GATE=0.3780 | MEAN_VALID_PER_ROW=2.75 | MEAN_VALID_OFFDIAG=1.75 | MEAN_DIAG_PRIOR_MASS=0.3667 | LBL_TAU=1.00 | LBL_MIX=0.50 | BATCH_RMSE=0.140323
  STEP 3600/5739 | TOTAL_LOSS=0.469223 | REG_LOSS=0.358651 | SOFTCLIP_LOSS=0.955163 | PCL_LOSS=0.150561 | DRUG_PCL=0.001176 | PROT_PCL=0.149386 | MEAN_GATE=0.3449 | MEAN_VALID_PER_ROW=3.00 | MEAN_VALID_OFFDIAG=2.00 | MEAN_DIAG_PRIOR_MASS=0.3344 | LBL_TAU=1.00 | LBL_MIX=0.50 | BATCH_RMSE=0.598875
  STEP 3700/5739 | TOTAL_LOSS=0.159388 | REG_LOSS=0.045508 | SOFTCLIP_LOSS=1.119606 | PCL_LOSS=0.019196 | DRUG_PCL=0.017186 | PROT_PCL=0.002011 | MEAN_GATE=0.3598 | MEAN_VALID_PER_ROW=3.25 | MEAN_VALID_OFFDIAG=2.25 | MEAN_DIAG_PRIOR_MASS=0.3699 | LBL_TAU=1.00 | LBL_MIX=0.50 | BATCH_RMSE=0.213326
  STEP 3800/5739 | TOTAL_LOSS=0.141717 | REG_LOSS=0.022421 | SOFTCLIP_LOSS=0.825359 | PCL_LOSS=0.367598 | DRUG_PCL=0.001885 | PROT_PCL=0.365713 | MEAN_GATE=0.3624 | MEAN_VALID_PER_ROW=2.50 | MEAN_VALID_OFFDIAG=1.50 | MEAN_DIAG_PRIOR_MASS=0.4299 | LBL_TAU=1.00 | LBL_MIX=0.50 | BATCH_RMSE=0.149736
  STEP 3900/5739 | TOTAL_LOSS=0.448774 | REG_LOSS=0.335917 | SOFTCLIP_LOSS=1.033469 | PCL_LOSS=0.095101 | DRUG_PCL=0.000145 | PROT_PCL=0.094956 | MEAN_GATE=0.3390 | MEAN_VALID_PER_ROW=3.25 | MEAN_VALID_OFFDIAG=2.25 | MEAN_DIAG_PRIOR_MASS=0.4826 | LBL_TAU=1.00 | LBL_MIX=0.50 | BATCH_RMSE=0.579584
  STEP 4000/5739 | TOTAL_LOSS=0.210862 | REG_LOSS=0.068700 | SOFTCLIP_LOSS=1.368626 | PCL_LOSS=0.052993 | DRUG_PCL=0.037663 | PROT_PCL=0.015330 | MEAN_GATE=0.3381 | MEAN_VALID_PER_ROW=4.00 | MEAN_VALID_OFFDIAG=3.00 | MEAN_DIAG_PRIOR_MASS=0.2152 | LBL_TAU=1.00 | LBL_MIX=0.50 | BATCH_RMSE=0.262108
  STEP 4100/5739 | TOTAL_LOSS=0.135095 | REG_LOSS=0.008078 | SOFTCLIP_LOSS=1.264892 | PCL_LOSS=0.005273 | DRUG_PCL=0.000338 | PROT_PCL=0.004936 | MEAN_GATE=0.3351 | MEAN_VALID_PER_ROW=3.50 | MEAN_VALID_OFFDIAG=2.50 | MEAN_DIAG_PRIOR_MASS=0.2755 | LBL_TAU=1.00 | LBL_MIX=0.50 | BATCH_RMSE=0.089880
  STEP 4200/5739 | TOTAL_LOSS=0.219518 | REG_LOSS=0.088210 | SOFTCLIP_LOSS=1.310977 | PCL_LOSS=0.002097 | DRUG_PCL=0.000012 | PROT_PCL=0.002086 | MEAN_GATE=0.3704 | MEAN_VALID_PER_ROW=4.00 | MEAN_VALID_OFFDIAG=3.00 | MEAN_DIAG_PRIOR_MASS=0.2136 | LBL_TAU=1.00 | LBL_MIX=0.50 | BATCH_RMSE=0.297002
  STEP 4300/5739 | TOTAL_LOSS=0.184931 | REG_LOSS=0.009742 | SOFTCLIP_LOSS=1.237500 | PCL_LOSS=0.514387 | DRUG_PCL=0.000096 | PROT_PCL=0.514291 | MEAN_GATE=0.3136 | MEAN_VALID_PER_ROW=3.75 | MEAN_VALID_OFFDIAG=2.75 | MEAN_DIAG_PRIOR_MASS=0.2671 | LBL_TAU=1.00 | LBL_MIX=0.50 | BATCH_RMSE=0.098704
  STEP 4400/5739 | TOTAL_LOSS=0.159224 | REG_LOSS=0.034429 | SOFTCLIP_LOSS=1.026170 | PCL_LOSS=0.221778 | DRUG_PCL=0.003356 | PROT_PCL=0.218422 | MEAN_GATE=0.3589 | MEAN_VALID_PER_ROW=3.00 | MEAN_VALID_OFFDIAG=2.00 | MEAN_DIAG_PRIOR_MASS=0.3119 | LBL_TAU=1.00 | LBL_MIX=0.50 | BATCH_RMSE=0.185551
  STEP 4500/5739 | TOTAL_LOSS=0.181586 | REG_LOSS=0.061550 | SOFTCLIP_LOSS=1.200131 | PCL_LOSS=0.000229 | DRUG_PCL=0.000219 | PROT_PCL=0.000010 | MEAN_GATE=0.3285 | MEAN_VALID_PER_ROW=3.75 | MEAN_VALID_OFFDIAG=2.75 | MEAN_DIAG_PRIOR_MASS=0.2671 | LBL_TAU=1.00 | LBL_MIX=0.50 | BATCH_RMSE=0.248092
  STEP 4600/5739 | TOTAL_LOSS=0.124370 | REG_LOSS=0.008217 | SOFTCLIP_LOSS=1.158170 | PCL_LOSS=0.003363 | DRUG_PCL=0.000012 | PROT_PCL=0.003351 | MEAN_GATE=0.3589 | MEAN_VALID_PER_ROW=3.25 | MEAN_VALID_OFFDIAG=2.25 | MEAN_DIAG_PRIOR_MASS=0.3039 | LBL_TAU=1.00 | LBL_MIX=0.50 | BATCH_RMSE=0.090648
  STEP 4700/5739 | TOTAL_LOSS=0.366531 | REG_LOSS=0.239885 | SOFTCLIP_LOSS=0.935493 | PCL_LOSS=0.330967 | DRUG_PCL=0.000000 | PROT_PCL=0.330967 | MEAN_GATE=0.3643 | MEAN_VALID_PER_ROW=3.00 | MEAN_VALID_OFFDIAG=2.00 | MEAN_DIAG_PRIOR_MASS=0.4893 | LBL_TAU=1.00 | LBL_MIX=0.50 | BATCH_RMSE=0.489781
  STEP 4800/5739 | TOTAL_LOSS=0.290300 | REG_LOSS=0.161890 | SOFTCLIP_LOSS=1.210427 | PCL_LOSS=0.073670 | DRUG_PCL=0.071661 | PROT_PCL=0.002009 | MEAN_GATE=0.2962 | MEAN_VALID_PER_ROW=3.75 | MEAN_VALID_OFFDIAG=2.75 | MEAN_DIAG_PRIOR_MASS=0.2533 | LBL_TAU=1.00 | LBL_MIX=0.50 | BATCH_RMSE=0.402356
  STEP 4900/5739 | TOTAL_LOSS=0.173208 | REG_LOSS=0.035155 | SOFTCLIP_LOSS=1.091019 | PCL_LOSS=0.289508 | DRUG_PCL=0.010811 | PROT_PCL=0.278697 | MEAN_GATE=0.3227 | MEAN_VALID_PER_ROW=3.50 | MEAN_VALID_OFFDIAG=2.50 | MEAN_DIAG_PRIOR_MASS=0.3075 | LBL_TAU=1.00 | LBL_MIX=0.50 | BATCH_RMSE=0.187496
  STEP 5000/5739 | TOTAL_LOSS=0.164404 | REG_LOSS=0.060855 | SOFTCLIP_LOSS=0.998071 | PCL_LOSS=0.037419 | DRUG_PCL=0.000433 | PROT_PCL=0.036986 | MEAN_GATE=0.3547 | MEAN_VALID_PER_ROW=3.00 | MEAN_VALID_OFFDIAG=2.00 | MEAN_DIAG_PRIOR_MASS=0.2791 | LBL_TAU=1.00 | LBL_MIX=0.50 | BATCH_RMSE=0.246689
  STEP 5100/5739 | TOTAL_LOSS=0.193090 | REG_LOSS=0.041088 | SOFTCLIP_LOSS=1.226056 | PCL_LOSS=0.293971 | DRUG_PCL=0.001957 | PROT_PCL=0.292013 | MEAN_GATE=0.3368 | MEAN_VALID_PER_ROW=3.75 | MEAN_VALID_OFFDIAG=2.75 | MEAN_DIAG_PRIOR_MASS=0.3833 | LBL_TAU=1.00 | LBL_MIX=0.50 | BATCH_RMSE=0.202701
  STEP 5200/5739 | TOTAL_LOSS=0.145621 | REG_LOSS=0.026551 | SOFTCLIP_LOSS=0.845007 | PCL_LOSS=0.345695 | DRUG_PCL=0.000001 | PROT_PCL=0.345694 | MEAN_GATE=0.2704 | MEAN_VALID_PER_ROW=2.75 | MEAN_VALID_OFFDIAG=1.75 | MEAN_DIAG_PRIOR_MASS=0.4409 | LBL_TAU=1.00 | LBL_MIX=0.50 | BATCH_RMSE=0.162944
  STEP 5300/5739 | TOTAL_LOSS=0.212885 | REG_LOSS=0.104388 | SOFTCLIP_LOSS=0.791338 | PCL_LOSS=0.293637 | DRUG_PCL=0.292890 | PROT_PCL=0.000747 | MEAN_GATE=0.3628 | MEAN_VALID_PER_ROW=2.50 | MEAN_VALID_OFFDIAG=1.50 | MEAN_DIAG_PRIOR_MASS=0.3987 | LBL_TAU=1.00 | LBL_MIX=0.50 | BATCH_RMSE=0.323091
  STEP 5400/5739 | TOTAL_LOSS=2.330406 | REG_LOSS=2.174277 | SOFTCLIP_LOSS=1.142012 | PCL_LOSS=0.419281 | DRUG_PCL=0.000085 | PROT_PCL=0.419196 | MEAN_GATE=0.2642 | MEAN_VALID_PER_ROW=3.25 | MEAN_VALID_OFFDIAG=2.25 | MEAN_DIAG_PRIOR_MASS=0.2721 | LBL_TAU=1.00 | LBL_MIX=0.50 | BATCH_RMSE=1.474543
  STEP 5500/5739 | TOTAL_LOSS=0.199230 | REG_LOSS=0.020364 | SOFTCLIP_LOSS=1.156847 | PCL_LOSS=0.631808 | DRUG_PCL=0.520020 | PROT_PCL=0.111788 | MEAN_GATE=0.3585 | MEAN_VALID_PER_ROW=3.25 | MEAN_VALID_OFFDIAG=2.25 | MEAN_DIAG_PRIOR_MASS=0.3125 | LBL_TAU=1.00 | LBL_MIX=0.50 | BATCH_RMSE=0.142704
  STEP 5600/5739 | TOTAL_LOSS=0.177093 | REG_LOSS=0.045112 | SOFTCLIP_LOSS=1.319642 | PCL_LOSS=0.000162 | DRUG_PCL=0.000118 | PROT_PCL=0.000043 | MEAN_GATE=0.2877 | MEAN_VALID_PER_ROW=3.75 | MEAN_VALID_OFFDIAG=2.75 | MEAN_DIAG_PRIOR_MASS=0.2703 | LBL_TAU=1.00 | LBL_MIX=0.50 | BATCH_RMSE=0.212397
  STEP 5700/5739 | TOTAL_LOSS=0.180351 | REG_LOSS=0.014230 | SOFTCLIP_LOSS=1.233557 | PCL_LOSS=0.427650 | DRUG_PCL=0.427624 | PROT_PCL=0.000027 | MEAN_GATE=0.3436 | MEAN_VALID_PER_ROW=3.50 | MEAN_VALID_OFFDIAG=2.50 | MEAN_DIAG_PRIOR_MASS=0.2698 | LBL_TAU=1.00 | LBL_MIX=0.50 | BATCH_RMSE=0.119291
[EPOCH 280/500] TRAIN: TOTAL=0.293470 | REG=0.160327 | SOFTCLIP=1.133029 | PCL=0.198400 | RMSE=0.400408 | MAE=0.244692 | CI=0.915002 | RM2=0.795868 | DRUG_PCL=0.054766 | PROT_PCL=0.143634
[EPOCH 280/500] VAL  : TOTAL=0.202833 | REG=0.148373 | SOFTCLIP=0.387833 | PCL=0.156764 | RMSE=0.385192 | MAE=0.233117 | CI=0.919198 | RM2=0.812647 | DRUG_PCL=0.042964 | PROT_PCL=0.113801
  EARLY_STOP COUNTER | NO_IMPROVE=1/60 | BEST_EPOCH=279 | BEST_VAL_RMSE=0.373944 | CURRENT_VAL_RMSE=0.385192

EPOCH 281/500
  STEP 100/5739 | TOTAL_LOSS=0.166060 | REG_LOSS=0.040473 | SOFTCLIP_LOSS=1.122101 | PCL_LOSS=0.133771 | DRUG_PCL=0.133229 | PROT_PCL=0.000541 | MEAN_GATE=0.3857 | MEAN_VALID_PER_ROW=3.25 | MEAN_VALID_OFFDIAG=2.25 | MEAN_DIAG_PRIOR_MASS=0.3898 | LBL_TAU=1.00 | LBL_MIX=0.50 | BATCH_RMSE=0.201179
  STEP 200/5739 | TOTAL_LOSS=0.159280 | REG_LOSS=0.051334 | SOFTCLIP_LOSS=1.078676 | PCL_LOSS=0.000786 | DRUG_PCL=0.000047 | PROT_PCL=0.000739 | MEAN_GATE=0.3308 | MEAN_VALID_PER_ROW=3.00 | MEAN_VALID_OFFDIAG=2.00 | MEAN_DIAG_PRIOR_MASS=0.3365 | LBL_TAU=1.00 | LBL_MIX=0.50 | BATCH_RMSE=0.226570
  STEP 300/5739 | TOTAL_LOSS=0.216953 | REG_LOSS=0.099139 | SOFTCLIP_LOSS=1.178130 | PCL_LOSS=0.000015 | DRUG_PCL=0.000000 | PROT_PCL=0.000015 | MEAN_GATE=0.3092 | MEAN_VALID_PER_ROW=3.75 | MEAN_VALID_OFFDIAG=2.75 | MEAN_DIAG_PRIOR_MASS=0.3910 | LBL_TAU=1.00 | LBL_MIX=0.50 | BATCH_RMSE=0.314863
  STEP 400/5739 | TOTAL_LOSS=0.177604 | REG_LOSS=0.079966 | SOFTCLIP_LOSS=0.973509 | PCL_LOSS=0.002876 | DRUG_PCL=0.000999 | PROT_PCL=0.001877 | MEAN_GATE=0.3625 | MEAN_VALID_PER_ROW=3.25 | MEAN_VALID_OFFDIAG=2.25 | MEAN_DIAG_PRIOR_MASS=0.3124 | LBL_TAU=1.00 | LBL_MIX=0.50 | BATCH_RMSE=0.282782
  STEP 500/5739 | TOTAL_LOSS=0.317288 | REG_LOSS=0.206774 | SOFTCLIP_LOSS=1.105079 | PCL_LOSS=0.000064 | DRUG_PCL=0.000063 | PROT_PCL=0.000001 | MEAN_GATE=0.3386 | MEAN_VALID_PER_ROW=3.25 | MEAN_VALID_OFFDIAG=2.25 | MEAN_DIAG_PRIOR_MASS=0.3949 | LBL_TAU=1.00 | LBL_MIX=0.50 | BATCH_RMSE=0.454724
  STEP 600/5739 | TOTAL_LOSS=0.301574 | REG_LOSS=0.189655 | SOFTCLIP_LOSS=1.117533 | PCL_LOSS=0.001653 | DRUG_PCL=0.000000 | PROT_PCL=0.001653 | MEAN_GATE=0.3107 | MEAN_VALID_PER_ROW=3.50 | MEAN_VALID_OFFDIAG=2.50 | MEAN_DIAG_PRIOR_MASS=0.3549 | LBL_TAU=1.00 | LBL_MIX=0.50 | BATCH_RMSE=0.435494
  STEP 700/5739 | TOTAL_LOSS=0.096720 | REG_LOSS=0.001742 | SOFTCLIP_LOSS=0.948844 | PCL_LOSS=0.000935 | DRUG_PCL=0.000175 | PROT_PCL=0.000760 | MEAN_GATE=0.3544 | MEAN_VALID_PER_ROW=3.25 | MEAN_VALID_OFFDIAG=2.25 | MEAN_DIAG_PRIOR_MASS=0.3820 | LBL_TAU=1.00 | LBL_MIX=0.50 | BATCH_RMSE=0.041736
  STEP 800/5739 | TOTAL_LOSS=0.332451 | REG_LOSS=0.113143 | SOFTCLIP_LOSS=1.087300 | PCL_LOSS=1.105785 | DRUG_PCL=1.105784 | PROT_PCL=0.000000 | MEAN_GATE=0.2848 | MEAN_VALID_PER_ROW=3.50 | MEAN_VALID_OFFDIAG=2.50 | MEAN_DIAG_PRIOR_MASS=0.3559 | LBL_TAU=1.00 | LBL_MIX=0.50 | BATCH_RMSE=0.336367
  STEP 900/5739 | TOTAL_LOSS=0.229253 | REG_LOSS=0.085868 | SOFTCLIP_LOSS=1.082814 | PCL_LOSS=0.351043 | DRUG_PCL=0.328463 | PROT_PCL=0.022580 | MEAN_GATE=0.3706 | MEAN_VALID_PER_ROW=3.25 | MEAN_VALID_OFFDIAG=2.25 | MEAN_DIAG_PRIOR_MASS=0.3569 | LBL_TAU=1.00 | LBL_MIX=0.50 | BATCH_RMSE=0.293032
  STEP 1000/5739 | TOTAL_LOSS=0.375520 | REG_LOSS=0.250608 | SOFTCLIP_LOSS=1.248484 | PCL_LOSS=0.000631 | DRUG_PCL=0.000000 | PROT_PCL=0.000630 | MEAN_GATE=0.3647 | MEAN_VALID_PER_ROW=3.75 | MEAN_VALID_OFFDIAG=2.75 | MEAN_DIAG_PRIOR_MASS=0.2660 | LBL_TAU=1.00 | LBL_MIX=0.50 | BATCH_RMSE=0.500608
  STEP 1100/5739 | TOTAL_LOSS=0.596171 | REG_LOSS=0.417104 | SOFTCLIP_LOSS=1.208266 | PCL_LOSS=0.582409 | DRUG_PCL=0.005516 | PROT_PCL=0.576893 | MEAN_GATE=0.3230 | MEAN_VALID_PER_ROW=3.75 | MEAN_VALID_OFFDIAG=2.75 | MEAN_DIAG_PRIOR_MASS=0.1883 | LBL_TAU=1.00 | LBL_MIX=0.50 | BATCH_RMSE=0.645836
  STEP 1200/5739 | TOTAL_LOSS=0.133234 | REG_LOSS=0.023953 | SOFTCLIP_LOSS=1.071991 | PCL_LOSS=0.020819 | DRUG_PCL=0.000009 | PROT_PCL=0.020810 | MEAN_GATE=0.3499 | MEAN_VALID_PER_ROW=3.00 | MEAN_VALID_OFFDIAG=2.00 | MEAN_DIAG_PRIOR_MASS=0.3518 | LBL_TAU=1.00 | LBL_MIX=0.50 | BATCH_RMSE=0.154767
  STEP 1300/5739 | TOTAL_LOSS=0.138906 | REG_LOSS=0.003063 | SOFTCLIP_LOSS=1.357866 | PCL_LOSS=0.000564 | DRUG_PCL=0.000000 | PROT_PCL=0.000564 | MEAN_GATE=0.3801 | MEAN_VALID_PER_ROW=4.00 | MEAN_VALID_OFFDIAG=3.00 | MEAN_DIAG_PRIOR_MASS=0.2284 | LBL_TAU=1.00 | LBL_MIX=0.50 | BATCH_RMSE=0.055341
  STEP 1400/5739 | TOTAL_LOSS=0.417795 | REG_LOSS=0.316333 | SOFTCLIP_LOSS=1.007455 | PCL_LOSS=0.007172 | DRUG_PCL=0.000000 | PROT_PCL=0.007172 | MEAN_GATE=0.3379 | MEAN_VALID_PER_ROW=3.00 | MEAN_VALID_OFFDIAG=2.00 | MEAN_DIAG_PRIOR_MASS=0.4087 | LBL_TAU=1.00 | LBL_MIX=0.50 | BATCH_RMSE=0.562435
  STEP 1500/5739 | TOTAL_LOSS=0.270881 | REG_LOSS=0.004409 | SOFTCLIP_LOSS=1.159495 | PCL_LOSS=1.505229 | DRUG_PCL=0.352766 | PROT_PCL=1.152463 | MEAN_GATE=0.3427 | MEAN_VALID_PER_ROW=3.25 | MEAN_VALID_OFFDIAG=2.25 | MEAN_DIAG_PRIOR_MASS=0.3125 | LBL_TAU=1.00 | LBL_MIX=0.50 | BATCH_RMSE=0.066401
  STEP 1600/5739 | TOTAL_LOSS=0.159327 | REG_LOSS=0.017690 | SOFTCLIP_LOSS=1.157148 | PCL_LOSS=0.259222 | DRUG_PCL=0.005283 | PROT_PCL=0.253939 | MEAN_GATE=0.3453 | MEAN_VALID_PER_ROW=3.25 | MEAN_VALID_OFFDIAG=2.25 | MEAN_DIAG_PRIOR_MASS=0.3307 | LBL_TAU=1.00 | LBL_MIX=0.50 | BATCH_RMSE=0.133003
  STEP 1700/5739 | TOTAL_LOSS=0.147531 | REG_LOSS=0.008382 | SOFTCLIP_LOSS=1.179397 | PCL_LOSS=0.212094 | DRUG_PCL=0.042327 | PROT_PCL=0.169768 | MEAN_GATE=0.3157 | MEAN_VALID_PER_ROW=3.50 | MEAN_VALID_OFFDIAG=2.50 | MEAN_DIAG_PRIOR_MASS=0.2417 | LBL_TAU=1.00 | LBL_MIX=0.50 | BATCH_RMSE=0.091553
  STEP 1800/5739 | TOTAL_LOSS=0.160463 | REG_LOSS=0.049221 | SOFTCLIP_LOSS=1.103432 | PCL_LOSS=0.008989 | DRUG_PCL=0.000000 | PROT_PCL=0.008988 | MEAN_GATE=0.3229 | MEAN_VALID_PER_ROW=3.25 | MEAN_VALID_OFFDIAG=2.25 | MEAN_DIAG_PRIOR_MASS=0.2430 | LBL_TAU=1.00 | LBL_MIX=0.50 | BATCH_RMSE=0.221859
  STEP 1900/5739 | TOTAL_LOSS=0.172195 | REG_LOSS=0.022427 | SOFTCLIP_LOSS=1.055508 | PCL_LOSS=0.442176 | DRUG_PCL=0.000087 | PROT_PCL=0.442089 | MEAN_GATE=0.3871 | MEAN_VALID_PER_ROW=3.00 | MEAN_VALID_OFFDIAG=2.00 | MEAN_DIAG_PRIOR_MASS=0.3409 | LBL_TAU=1.00 | LBL_MIX=0.50 | BATCH_RMSE=0.149756
  STEP 2000/5739 | TOTAL_LOSS=0.221893 | REG_LOSS=0.072263 | SOFTCLIP_LOSS=1.098595 | PCL_LOSS=0.397707 | DRUG_PCL=0.207659 | PROT_PCL=0.190048 | MEAN_GATE=0.2832 | MEAN_VALID_PER_ROW=3.25 | MEAN_VALID_OFFDIAG=2.25 | MEAN_DIAG_PRIOR_MASS=0.3342 | LBL_TAU=1.00 | LBL_MIX=0.50 | BATCH_RMSE=0.268817
  STEP 2100/5739 | TOTAL_LOSS=0.219843 | REG_LOSS=0.089591 | SOFTCLIP_LOSS=1.294784 | PCL_LOSS=0.007740 | DRUG_PCL=0.000139 | PROT_PCL=0.007601 | MEAN_GATE=0.3868 | MEAN_VALID_PER_ROW=3.75 | MEAN_VALID_OFFDIAG=2.75 | MEAN_DIAG_PRIOR_MASS=0.2591 | LBL_TAU=1.00 | LBL_MIX=0.50 | BATCH_RMSE=0.299317
  STEP 2200/5739 | TOTAL_LOSS=0.203580 | REG_LOSS=0.033589 | SOFTCLIP_LOSS=1.136900 | PCL_LOSS=0.563010 | DRUG_PCL=0.000011 | PROT_PCL=0.562999 | MEAN_GATE=0.3523 | MEAN_VALID_PER_ROW=3.25 | MEAN_VALID_OFFDIAG=2.25 | MEAN_DIAG_PRIOR_MASS=0.3168 | LBL_TAU=1.00 | LBL_MIX=0.50 | BATCH_RMSE=0.183272
  STEP 2300/5739 | TOTAL_LOSS=0.205956 | REG_LOSS=0.024626 | SOFTCLIP_LOSS=1.158500 | PCL_LOSS=0.654802 | DRUG_PCL=0.149030 | PROT_PCL=0.505772 | MEAN_GATE=0.3526 | MEAN_VALID_PER_ROW=3.25 | MEAN_VALID_OFFDIAG=2.25 | MEAN_DIAG_PRIOR_MASS=0.3001 | LBL_TAU=1.00 | LBL_MIX=0.50 | BATCH_RMSE=0.156926
  STEP 2400/5739 | TOTAL_LOSS=0.237957 | REG_LOSS=0.050448 | SOFTCLIP_LOSS=1.197419 | PCL_LOSS=0.677668 | DRUG_PCL=0.543375 | PROT_PCL=0.134293 | MEAN_GATE=0.3416 | MEAN_VALID_PER_ROW=3.50 | MEAN_VALID_OFFDIAG=2.50 | MEAN_DIAG_PRIOR_MASS=0.2404 | LBL_TAU=1.00 | LBL_MIX=0.50 | BATCH_RMSE=0.224607
  STEP 2500/5739 | TOTAL_LOSS=0.153139 | REG_LOSS=0.023116 | SOFTCLIP_LOSS=1.274908 | PCL_LOSS=0.025319 | DRUG_PCL=0.000000 | PROT_PCL=0.025319 | MEAN_GATE=0.2793 | MEAN_VALID_PER_ROW=3.75 | MEAN_VALID_OFFDIAG=2.75 | MEAN_DIAG_PRIOR_MASS=0.2186 | LBL_TAU=1.00 | LBL_MIX=0.50 | BATCH_RMSE=0.152041
  STEP 2600/5739 | TOTAL_LOSS=0.244904 | REG_LOSS=0.130653 | SOFTCLIP_LOSS=1.114822 | PCL_LOSS=0.027687 | DRUG_PCL=0.000085 | PROT_PCL=0.027601 | MEAN_GATE=0.3418 | MEAN_VALID_PER_ROW=3.50 | MEAN_VALID_OFFDIAG=2.50 | MEAN_DIAG_PRIOR_MASS=0.2149 | LBL_TAU=1.00 | LBL_MIX=0.50 | BATCH_RMSE=0.361460
  STEP 2700/5739 | TOTAL_LOSS=0.213272 | REG_LOSS=0.072880 | SOFTCLIP_LOSS=1.072815 | PCL_LOSS=0.331110 | DRUG_PCL=0.000073 | PROT_PCL=0.331037 | MEAN_GATE=0.3554 | MEAN_VALID_PER_ROW=3.00 | MEAN_VALID_OFFDIAG=2.00 | MEAN_DIAG_PRIOR_MASS=0.3359 | LBL_TAU=1.00 | LBL_MIX=0.50 | BATCH_RMSE=0.269962
