Using device: cuda
[DavisDatasetP13D] input pairs: 30056
[DavisDatasetP13D] kept pairs : 28696
[DavisDatasetP13D] missing counts: {'drug_1d': 0, 'drug_2d': 0, 'protein_1d': 0, 'protein_3d': 1360}
TOTAL SIZE: 28696
TRAIN SIZE: 22956
VAL SIZE: 5740
SPLIT JSON: data/splits/davis_fixed_split_size2.json
MODEL: drug_1d + protein_1d + protein_3d + protein(1d-3d) contrastive learning

EPOCH 1/30
  STEP 100/1435 | TOTAL_LOSS=0.795810 | REG_LOSS=0.519026 | PCL_LOSS=2.767844 | MEAN_GATE=0.5092 | BATCH_RMSE=0.720435
  STEP 200/1435 | TOTAL_LOSS=2.856339 | REG_LOSS=2.580697 | PCL_LOSS=2.756424 | MEAN_GATE=0.5123 | BATCH_RMSE=1.606455
  STEP 300/1435 | TOTAL_LOSS=0.632367 | REG_LOSS=0.384827 | PCL_LOSS=2.475398 | MEAN_GATE=0.5200 | BATCH_RMSE=0.620344
  STEP 400/1435 | TOTAL_LOSS=0.768766 | REG_LOSS=0.549152 | PCL_LOSS=2.196133 | MEAN_GATE=0.5441 | BATCH_RMSE=0.741048
  STEP 500/1435 | TOTAL_LOSS=1.321089 | REG_LOSS=1.032309 | PCL_LOSS=2.887797 | MEAN_GATE=0.5478 | BATCH_RMSE=1.016026
  STEP 600/1435 | TOTAL_LOSS=0.450729 | REG_LOSS=0.245414 | PCL_LOSS=2.053151 | MEAN_GATE=0.5414 | BATCH_RMSE=0.495393
  STEP 700/1435 | TOTAL_LOSS=1.475388 | REG_LOSS=1.248990 | PCL_LOSS=2.263975 | MEAN_GATE=0.5511 | BATCH_RMSE=1.117582
  STEP 800/1435 | TOTAL_LOSS=0.797111 | REG_LOSS=0.626375 | PCL_LOSS=1.707366 | MEAN_GATE=0.5574 | BATCH_RMSE=0.791438
  STEP 900/1435 | TOTAL_LOSS=1.512505 | REG_LOSS=1.335774 | PCL_LOSS=1.767316 | MEAN_GATE=0.5470 | BATCH_RMSE=1.155757
  STEP 1000/1435 | TOTAL_LOSS=0.753841 | REG_LOSS=0.597499 | PCL_LOSS=1.563420 | MEAN_GATE=0.5403 | BATCH_RMSE=0.772981
  STEP 1100/1435 | TOTAL_LOSS=0.507502 | REG_LOSS=0.401185 | PCL_LOSS=1.063172 | MEAN_GATE=0.5425 | BATCH_RMSE=0.633392
  STEP 1200/1435 | TOTAL_LOSS=0.383399 | REG_LOSS=0.280368 | PCL_LOSS=1.030310 | MEAN_GATE=0.5382 | BATCH_RMSE=0.529498
  STEP 1300/1435 | TOTAL_LOSS=0.900938 | REG_LOSS=0.812268 | PCL_LOSS=0.886694 | MEAN_GATE=0.5383 | BATCH_RMSE=0.901259
  STEP 1400/1435 | TOTAL_LOSS=1.263481 | REG_LOSS=1.170710 | PCL_LOSS=0.927714 | MEAN_GATE=0.5696 | BATCH_RMSE=1.081994
[EPOCH 001/030] TRAIN: TOTAL=1.217233 | REG=1.026457 | PCL=1.907756 | RMSE=1.013142 | MAE=0.668630 | CI=0.661198 | RM2=0.043030
[EPOCH 001/030] VAL  : TOTAL=0.689613 | REG=0.587367 | PCL=1.022458 | RMSE=0.766399 | MAE=0.545060 | CI=0.764278 | RM2=0.268118
  SAVED NEW BEST MODEL | EPOCH=001 | BEST_VAL_RMSE=0.766399 | BEST_VAL_MAE=0.545060 | BEST_VAL_CI=0.764278 | BEST_VAL_RM2=0.268118

EPOCH 2/30
  STEP 100/1435 | TOTAL_LOSS=1.088553 | REG_LOSS=0.897981 | PCL_LOSS=1.905719 | MEAN_GATE=0.5547 | BATCH_RMSE=0.947619
  STEP 200/1435 | TOTAL_LOSS=0.514242 | REG_LOSS=0.421252 | PCL_LOSS=0.929898 | MEAN_GATE=0.5598 | BATCH_RMSE=0.649039
  STEP 300/1435 | TOTAL_LOSS=1.551599 | REG_LOSS=1.440028 | PCL_LOSS=1.115702 | MEAN_GATE=0.5482 | BATCH_RMSE=1.200012
  STEP 400/1435 | TOTAL_LOSS=1.322625 | REG_LOSS=1.221890 | PCL_LOSS=1.007345 | MEAN_GATE=0.5449 | BATCH_RMSE=1.105392
  STEP 500/1435 | TOTAL_LOSS=0.766225 | REG_LOSS=0.656326 | PCL_LOSS=1.098989 | MEAN_GATE=0.5632 | BATCH_RMSE=0.810140
  STEP 600/1435 | TOTAL_LOSS=0.376064 | REG_LOSS=0.261068 | PCL_LOSS=1.149963 | MEAN_GATE=0.5491 | BATCH_RMSE=0.510948
  STEP 700/1435 | TOTAL_LOSS=0.368780 | REG_LOSS=0.301029 | PCL_LOSS=0.677510 | MEAN_GATE=0.5496 | BATCH_RMSE=0.548661
  STEP 800/1435 | TOTAL_LOSS=0.520480 | REG_LOSS=0.427082 | PCL_LOSS=0.933979 | MEAN_GATE=0.5626 | BATCH_RMSE=0.653515
  STEP 900/1435 | TOTAL_LOSS=0.908034 | REG_LOSS=0.817412 | PCL_LOSS=0.906224 | MEAN_GATE=0.5516 | BATCH_RMSE=0.904108
  STEP 1000/1435 | TOTAL_LOSS=2.090188 | REG_LOSS=2.019183 | PCL_LOSS=0.710045 | MEAN_GATE=0.5640 | BATCH_RMSE=1.420980
  STEP 1100/1435 | TOTAL_LOSS=1.080148 | REG_LOSS=1.013244 | PCL_LOSS=0.669040 | MEAN_GATE=0.5666 | BATCH_RMSE=1.006600
  STEP 1200/1435 | TOTAL_LOSS=0.875889 | REG_LOSS=0.811279 | PCL_LOSS=0.646097 | MEAN_GATE=0.5653 | BATCH_RMSE=0.900711
  STEP 1300/1435 | TOTAL_LOSS=0.351329 | REG_LOSS=0.255441 | PCL_LOSS=0.958886 | MEAN_GATE=0.5492 | BATCH_RMSE=0.505412
  STEP 1400/1435 | TOTAL_LOSS=1.595200 | REG_LOSS=1.528943 | PCL_LOSS=0.662576 | MEAN_GATE=0.5475 | BATCH_RMSE=1.236504
[EPOCH 002/030] TRAIN: TOTAL=0.776190 | REG=0.684698 | PCL=0.914923 | RMSE=0.827465 | MAE=0.576772 | CI=0.725826 | RM2=0.177075
[EPOCH 002/030] VAL  : TOTAL=0.655422 | REG=0.586437 | PCL=0.689857 | RMSE=0.765791 | MAE=0.468159 | CI=0.781286 | RM2=0.285464
  SAVED NEW BEST MODEL | EPOCH=002 | BEST_VAL_RMSE=0.765791 | BEST_VAL_MAE=0.468159 | BEST_VAL_CI=0.781286 | BEST_VAL_RM2=0.285464

EPOCH 3/30
  STEP 100/1435 | TOTAL_LOSS=0.622179 | REG_LOSS=0.533717 | PCL_LOSS=0.884622 | MEAN_GATE=0.5543 | BATCH_RMSE=0.730560
  STEP 200/1435 | TOTAL_LOSS=0.746882 | REG_LOSS=0.687074 | PCL_LOSS=0.598077 | MEAN_GATE=0.5465 | BATCH_RMSE=0.828899
  STEP 300/1435 | TOTAL_LOSS=0.791185 | REG_LOSS=0.723870 | PCL_LOSS=0.673147 | MEAN_GATE=0.5697 | BATCH_RMSE=0.850805
  STEP 400/1435 | TOTAL_LOSS=0.500489 | REG_LOSS=0.440170 | PCL_LOSS=0.603191 | MEAN_GATE=0.5604 | BATCH_RMSE=0.663453
  STEP 500/1435 | TOTAL_LOSS=0.305828 | REG_LOSS=0.249028 | PCL_LOSS=0.568003 | MEAN_GATE=0.5447 | BATCH_RMSE=0.499027
  STEP 600/1435 | TOTAL_LOSS=0.890193 | REG_LOSS=0.838333 | PCL_LOSS=0.518609 | MEAN_GATE=0.5472 | BATCH_RMSE=0.915605
  STEP 700/1435 | TOTAL_LOSS=0.780696 | REG_LOSS=0.718323 | PCL_LOSS=0.623730 | MEAN_GATE=0.5338 | BATCH_RMSE=0.847540
  STEP 800/1435 | TOTAL_LOSS=1.529044 | REG_LOSS=1.465290 | PCL_LOSS=0.637540 | MEAN_GATE=0.5412 | BATCH_RMSE=1.210491
  STEP 900/1435 | TOTAL_LOSS=0.573452 | REG_LOSS=0.494850 | PCL_LOSS=0.786019 | MEAN_GATE=0.5280 | BATCH_RMSE=0.703456
  STEP 1000/1435 | TOTAL_LOSS=0.422752 | REG_LOSS=0.365490 | PCL_LOSS=0.572618 | MEAN_GATE=0.5802 | BATCH_RMSE=0.604558
  STEP 1100/1435 | TOTAL_LOSS=1.166721 | REG_LOSS=1.120866 | PCL_LOSS=0.458546 | MEAN_GATE=0.5540 | BATCH_RMSE=1.058710
  STEP 1200/1435 | TOTAL_LOSS=0.944580 | REG_LOSS=0.877740 | PCL_LOSS=0.668400 | MEAN_GATE=0.5330 | BATCH_RMSE=0.936878
  STEP 1300/1435 | TOTAL_LOSS=0.809041 | REG_LOSS=0.750327 | PCL_LOSS=0.587136 | MEAN_GATE=0.5427 | BATCH_RMSE=0.866214
  STEP 1400/1435 | TOTAL_LOSS=1.021956 | REG_LOSS=0.975561 | PCL_LOSS=0.463948 | MEAN_GATE=0.5586 | BATCH_RMSE=0.987705
[EPOCH 003/030] TRAIN: TOTAL=0.742579 | REG=0.675974 | PCL=0.666048 | RMSE=0.822176 | MAE=0.571764 | CI=0.729725 | RM2=0.185349
[EPOCH 003/030] VAL  : TOTAL=0.625092 | REG=0.579341 | PCL=0.457510 | RMSE=0.761145 | MAE=0.468421 | CI=0.774474 | RM2=0.274293
  SAVED NEW BEST MODEL | EPOCH=003 | BEST_VAL_RMSE=0.761145 | BEST_VAL_MAE=0.468421 | BEST_VAL_CI=0.774474 | BEST_VAL_RM2=0.274293

EPOCH 4/30
  STEP 100/1435 | TOTAL_LOSS=1.341888 | REG_LOSS=1.290989 | PCL_LOSS=0.508992 | MEAN_GATE=0.5461 | BATCH_RMSE=1.136217
  STEP 200/1435 | TOTAL_LOSS=0.498338 | REG_LOSS=0.439786 | PCL_LOSS=0.585520 | MEAN_GATE=0.5477 | BATCH_RMSE=0.663164
  STEP 300/1435 | TOTAL_LOSS=0.783604 | REG_LOSS=0.710113 | PCL_LOSS=0.734914 | MEAN_GATE=0.5367 | BATCH_RMSE=0.842682
  STEP 400/1435 | TOTAL_LOSS=0.967564 | REG_LOSS=0.933269 | PCL_LOSS=0.342952 | MEAN_GATE=0.5799 | BATCH_RMSE=0.966059
  STEP 500/1435 | TOTAL_LOSS=0.374980 | REG_LOSS=0.322425 | PCL_LOSS=0.525552 | MEAN_GATE=0.5421 | BATCH_RMSE=0.567825
  STEP 600/1435 | TOTAL_LOSS=0.534837 | REG_LOSS=0.449413 | PCL_LOSS=0.854233 | MEAN_GATE=0.5358 | BATCH_RMSE=0.670383
  STEP 700/1435 | TOTAL_LOSS=0.473563 | REG_LOSS=0.436649 | PCL_LOSS=0.369138 | MEAN_GATE=0.5412 | BATCH_RMSE=0.660794
  STEP 800/1435 | TOTAL_LOSS=1.448864 | REG_LOSS=1.385534 | PCL_LOSS=0.633303 | MEAN_GATE=0.5449 | BATCH_RMSE=1.177087
  STEP 900/1435 | TOTAL_LOSS=1.045095 | REG_LOSS=0.997148 | PCL_LOSS=0.479474 | MEAN_GATE=0.5402 | BATCH_RMSE=0.998573
  STEP 1000/1435 | TOTAL_LOSS=0.794354 | REG_LOSS=0.757394 | PCL_LOSS=0.369599 | MEAN_GATE=0.5556 | BATCH_RMSE=0.870284
  STEP 1100/1435 | TOTAL_LOSS=1.301889 | REG_LOSS=1.237996 | PCL_LOSS=0.638933 | MEAN_GATE=0.5375 | BATCH_RMSE=1.112653
  STEP 1200/1435 | TOTAL_LOSS=0.890004 | REG_LOSS=0.845086 | PCL_LOSS=0.449174 | MEAN_GATE=0.5176 | BATCH_RMSE=0.919286
  STEP 1300/1435 | TOTAL_LOSS=0.484152 | REG_LOSS=0.446943 | PCL_LOSS=0.372089 | MEAN_GATE=0.5313 | BATCH_RMSE=0.668538
  STEP 1400/1435 | TOTAL_LOSS=0.850289 | REG_LOSS=0.798411 | PCL_LOSS=0.518784 | MEAN_GATE=0.5478 | BATCH_RMSE=0.893539
[EPOCH 004/030] TRAIN: TOTAL=0.729259 | REG=0.674338 | PCL=0.549214 | RMSE=0.821181 | MAE=0.569931 | CI=0.730070 | RM2=0.187082
[EPOCH 004/030] VAL  : TOTAL=0.624803 | REG=0.581255 | PCL=0.435481 | RMSE=0.762401 | MAE=0.470882 | CI=0.769087 | RM2=0.278882

EPOCH 5/30
  STEP 100/1435 | TOTAL_LOSS=0.807917 | REG_LOSS=0.775578 | PCL_LOSS=0.323388 | MEAN_GATE=0.5894 | BATCH_RMSE=0.880669
  STEP 200/1435 | TOTAL_LOSS=0.580943 | REG_LOSS=0.530105 | PCL_LOSS=0.508372 | MEAN_GATE=0.5220 | BATCH_RMSE=0.728083
  STEP 300/1435 | TOTAL_LOSS=0.635639 | REG_LOSS=0.600512 | PCL_LOSS=0.351269 | MEAN_GATE=0.5230 | BATCH_RMSE=0.774927
  STEP 400/1435 | TOTAL_LOSS=0.424166 | REG_LOSS=0.392231 | PCL_LOSS=0.319349 | MEAN_GATE=0.5376 | BATCH_RMSE=0.626283
  STEP 500/1435 | TOTAL_LOSS=0.606555 | REG_LOSS=0.537219 | PCL_LOSS=0.693362 | MEAN_GATE=0.5679 | BATCH_RMSE=0.732952
  STEP 600/1435 | TOTAL_LOSS=2.107699 | REG_LOSS=2.074460 | PCL_LOSS=0.332386 | MEAN_GATE=0.5324 | BATCH_RMSE=1.440299
  STEP 700/1435 | TOTAL_LOSS=0.542221 | REG_LOSS=0.488712 | PCL_LOSS=0.535088 | MEAN_GATE=0.5246 | BATCH_RMSE=0.699079
  STEP 800/1435 | TOTAL_LOSS=0.534919 | REG_LOSS=0.481596 | PCL_LOSS=0.533234 | MEAN_GATE=0.4990 | BATCH_RMSE=0.693971
  STEP 900/1435 | TOTAL_LOSS=0.404392 | REG_LOSS=0.350800 | PCL_LOSS=0.535923 | MEAN_GATE=0.5331 | BATCH_RMSE=0.592283
  STEP 1000/1435 | TOTAL_LOSS=0.380582 | REG_LOSS=0.307114 | PCL_LOSS=0.734683 | MEAN_GATE=0.5135 | BATCH_RMSE=0.554179
  STEP 1100/1435 | TOTAL_LOSS=0.581955 | REG_LOSS=0.533036 | PCL_LOSS=0.489184 | MEAN_GATE=0.5431 | BATCH_RMSE=0.730093
  STEP 1200/1435 | TOTAL_LOSS=0.636363 | REG_LOSS=0.592631 | PCL_LOSS=0.437328 | MEAN_GATE=0.5518 | BATCH_RMSE=0.769825
  STEP 1300/1435 | TOTAL_LOSS=0.807512 | REG_LOSS=0.752724 | PCL_LOSS=0.547873 | MEAN_GATE=0.5240 | BATCH_RMSE=0.867597
  STEP 1400/1435 | TOTAL_LOSS=0.798353 | REG_LOSS=0.714036 | PCL_LOSS=0.843164 | MEAN_GATE=0.4902 | BATCH_RMSE=0.845007
[EPOCH 005/030] TRAIN: TOTAL=0.715934 | REG=0.665482 | PCL=0.504521 | RMSE=0.815771 | MAE=0.567402 | CI=0.738206 | RM2=0.195316
[EPOCH 005/030] VAL  : TOTAL=0.584108 | REG=0.546781 | PCL=0.373261 | RMSE=0.739447 | MAE=0.467685 | CI=0.789935 | RM2=0.296129
  SAVED NEW BEST MODEL | EPOCH=005 | BEST_VAL_RMSE=0.739447 | BEST_VAL_MAE=0.467685 | BEST_VAL_CI=0.789935 | BEST_VAL_RM2=0.296129

EPOCH 6/30
  STEP 100/1435 | TOTAL_LOSS=0.809170 | REG_LOSS=0.782031 | PCL_LOSS=0.271385 | MEAN_GATE=0.5289 | BATCH_RMSE=0.884325
  STEP 200/1435 | TOTAL_LOSS=0.747907 | REG_LOSS=0.661054 | PCL_LOSS=0.868528 | MEAN_GATE=0.5356 | BATCH_RMSE=0.813052
  STEP 300/1435 | TOTAL_LOSS=0.669252 | REG_LOSS=0.619292 | PCL_LOSS=0.499604 | MEAN_GATE=0.5116 | BATCH_RMSE=0.786951
  STEP 400/1435 | TOTAL_LOSS=0.257418 | REG_LOSS=0.228363 | PCL_LOSS=0.290552 | MEAN_GATE=0.5314 | BATCH_RMSE=0.477874
  STEP 500/1435 | TOTAL_LOSS=0.845622 | REG_LOSS=0.815642 | PCL_LOSS=0.299796 | MEAN_GATE=0.5455 | BATCH_RMSE=0.903129
  STEP 600/1435 | TOTAL_LOSS=0.558329 | REG_LOSS=0.522664 | PCL_LOSS=0.356652 | MEAN_GATE=0.5350 | BATCH_RMSE=0.722955
  STEP 700/1435 | TOTAL_LOSS=0.439307 | REG_LOSS=0.409274 | PCL_LOSS=0.300326 | MEAN_GATE=0.5453 | BATCH_RMSE=0.639746
  STEP 800/1435 | TOTAL_LOSS=0.792581 | REG_LOSS=0.747160 | PCL_LOSS=0.454210 | MEAN_GATE=0.5753 | BATCH_RMSE=0.864384
  STEP 900/1435 | TOTAL_LOSS=0.319798 | REG_LOSS=0.299702 | PCL_LOSS=0.200952 | MEAN_GATE=0.5682 | BATCH_RMSE=0.547451
  STEP 1000/1435 | TOTAL_LOSS=0.359818 | REG_LOSS=0.322093 | PCL_LOSS=0.377247 | MEAN_GATE=0.5569 | BATCH_RMSE=0.567532
  STEP 1100/1435 | TOTAL_LOSS=0.376687 | REG_LOSS=0.349730 | PCL_LOSS=0.269573 | MEAN_GATE=0.5047 | BATCH_RMSE=0.591380
  STEP 1200/1435 | TOTAL_LOSS=0.367114 | REG_LOSS=0.347659 | PCL_LOSS=0.194547 | MEAN_GATE=0.5204 | BATCH_RMSE=0.589626
  STEP 1300/1435 | TOTAL_LOSS=0.519333 | REG_LOSS=0.478288 | PCL_LOSS=0.410451 | MEAN_GATE=0.5305 | BATCH_RMSE=0.691583
  STEP 1400/1435 | TOTAL_LOSS=0.419376 | REG_LOSS=0.389238 | PCL_LOSS=0.301387 | MEAN_GATE=0.5452 | BATCH_RMSE=0.623889
[EPOCH 006/030] TRAIN: TOTAL=0.699314 | REG=0.655528 | PCL=0.437865 | RMSE=0.809647 | MAE=0.562353 | CI=0.738926 | RM2=0.203861
[EPOCH 006/030] VAL  : TOTAL=0.599285 | REG=0.571038 | PCL=0.282470 | RMSE=0.755671 | MAE=0.555618 | CI=0.785014 | RM2=0.310127

EPOCH 7/30
  STEP 100/1435 | TOTAL_LOSS=0.422302 | REG_LOSS=0.370907 | PCL_LOSS=0.513945 | MEAN_GATE=0.5723 | BATCH_RMSE=0.609022
  STEP 200/1435 | TOTAL_LOSS=0.476791 | REG_LOSS=0.464580 | PCL_LOSS=0.122113 | MEAN_GATE=0.5158 | BATCH_RMSE=0.681601
  STEP 300/1435 | TOTAL_LOSS=0.438988 | REG_LOSS=0.413497 | PCL_LOSS=0.254917 | MEAN_GATE=0.5504 | BATCH_RMSE=0.643037
  STEP 400/1435 | TOTAL_LOSS=0.562438 | REG_LOSS=0.509511 | PCL_LOSS=0.529274 | MEAN_GATE=0.4827 | BATCH_RMSE=0.713800
  STEP 500/1435 | TOTAL_LOSS=1.232275 | REG_LOSS=1.194414 | PCL_LOSS=0.378601 | MEAN_GATE=0.4794 | BATCH_RMSE=1.092893
  STEP 600/1435 | TOTAL_LOSS=0.377645 | REG_LOSS=0.318234 | PCL_LOSS=0.594110 | MEAN_GATE=0.4877 | BATCH_RMSE=0.564122
  STEP 700/1435 | TOTAL_LOSS=0.276717 | REG_LOSS=0.222101 | PCL_LOSS=0.546166 | MEAN_GATE=0.5161 | BATCH_RMSE=0.471276
  STEP 800/1435 | TOTAL_LOSS=0.432008 | REG_LOSS=0.393137 | PCL_LOSS=0.388708 | MEAN_GATE=0.4922 | BATCH_RMSE=0.627006
  STEP 900/1435 | TOTAL_LOSS=0.689226 | REG_LOSS=0.653650 | PCL_LOSS=0.355757 | MEAN_GATE=0.5028 | BATCH_RMSE=0.808486
  STEP 1000/1435 | TOTAL_LOSS=0.567163 | REG_LOSS=0.541851 | PCL_LOSS=0.253116 | MEAN_GATE=0.4608 | BATCH_RMSE=0.736105
  STEP 1100/1435 | TOTAL_LOSS=0.259199 | REG_LOSS=0.203589 | PCL_LOSS=0.556101 | MEAN_GATE=0.5327 | BATCH_RMSE=0.451208
  STEP 1200/1435 | TOTAL_LOSS=0.880551 | REG_LOSS=0.854723 | PCL_LOSS=0.258276 | MEAN_GATE=0.5090 | BATCH_RMSE=0.924512
  STEP 1300/1435 | TOTAL_LOSS=0.631935 | REG_LOSS=0.602050 | PCL_LOSS=0.298846 | MEAN_GATE=0.5068 | BATCH_RMSE=0.775919
  STEP 1400/1435 | TOTAL_LOSS=0.231818 | REG_LOSS=0.171431 | PCL_LOSS=0.603866 | MEAN_GATE=0.4795 | BATCH_RMSE=0.414043
[EPOCH 007/030] TRAIN: TOTAL=0.688104 | REG=0.646488 | PCL=0.416164 | RMSE=0.804045 | MAE=0.559195 | CI=0.743047 | RM2=0.212208
[EPOCH 007/030] VAL  : TOTAL=0.609235 | REG=0.578995 | PCL=0.302396 | RMSE=0.760917 | MAE=0.462709 | CI=0.780012 | RM2=0.304004

EPOCH 8/30
  STEP 100/1435 | TOTAL_LOSS=0.480724 | REG_LOSS=0.431775 | PCL_LOSS=0.489489 | MEAN_GATE=0.5235 | BATCH_RMSE=0.657096
  STEP 200/1435 | TOTAL_LOSS=0.540679 | REG_LOSS=0.498526 | PCL_LOSS=0.421529 | MEAN_GATE=0.5301 | BATCH_RMSE=0.706063
  STEP 300/1435 | TOTAL_LOSS=0.476230 | REG_LOSS=0.437278 | PCL_LOSS=0.389516 | MEAN_GATE=0.5291 | BATCH_RMSE=0.661270
  STEP 400/1435 | TOTAL_LOSS=0.504485 | REG_LOSS=0.433341 | PCL_LOSS=0.711436 | MEAN_GATE=0.4785 | BATCH_RMSE=0.658287
  STEP 500/1435 | TOTAL_LOSS=0.419705 | REG_LOSS=0.369757 | PCL_LOSS=0.499486 | MEAN_GATE=0.4834 | BATCH_RMSE=0.608076
  STEP 600/1435 | TOTAL_LOSS=0.331143 | REG_LOSS=0.277947 | PCL_LOSS=0.531962 | MEAN_GATE=0.5282 | BATCH_RMSE=0.527207
  STEP 700/1435 | TOTAL_LOSS=1.233695 | REG_LOSS=1.187717 | PCL_LOSS=0.459782 | MEAN_GATE=0.4820 | BATCH_RMSE=1.089824
  STEP 800/1435 | TOTAL_LOSS=0.436925 | REG_LOSS=0.404976 | PCL_LOSS=0.319485 | MEAN_GATE=0.5105 | BATCH_RMSE=0.636377
  STEP 900/1435 | TOTAL_LOSS=0.152724 | REG_LOSS=0.131547 | PCL_LOSS=0.211770 | MEAN_GATE=0.5175 | BATCH_RMSE=0.362694
  STEP 1000/1435 | TOTAL_LOSS=1.056770 | REG_LOSS=1.047576 | PCL_LOSS=0.091942 | MEAN_GATE=0.5456 | BATCH_RMSE=1.023511
  STEP 1100/1435 | TOTAL_LOSS=0.961069 | REG_LOSS=0.938483 | PCL_LOSS=0.225855 | MEAN_GATE=0.5141 | BATCH_RMSE=0.968754
  STEP 1200/1435 | TOTAL_LOSS=0.384532 | REG_LOSS=0.335965 | PCL_LOSS=0.485662 | MEAN_GATE=0.5074 | BATCH_RMSE=0.579625
  STEP 1300/1435 | TOTAL_LOSS=0.403657 | REG_LOSS=0.381444 | PCL_LOSS=0.222122 | MEAN_GATE=0.4941 | BATCH_RMSE=0.617612
  STEP 1400/1435 | TOTAL_LOSS=0.604336 | REG_LOSS=0.569199 | PCL_LOSS=0.351368 | MEAN_GATE=0.5279 | BATCH_RMSE=0.754453
[EPOCH 008/030] TRAIN: TOTAL=0.693180 | REG=0.653779 | PCL=0.394011 | RMSE=0.808566 | MAE=0.560198 | CI=0.743396 | RM2=0.205761
[EPOCH 008/030] VAL  : TOTAL=0.563434 | REG=0.537442 | PCL=0.259923 | RMSE=0.733104 | MAE=0.480329 | CI=0.784208 | RM2=0.313527
  SAVED NEW BEST MODEL | EPOCH=008 | BEST_VAL_RMSE=0.733104 | BEST_VAL_MAE=0.480329 | BEST_VAL_CI=0.784208 | BEST_VAL_RM2=0.313527

EPOCH 9/30
  STEP 100/1435 | TOTAL_LOSS=0.655409 | REG_LOSS=0.611702 | PCL_LOSS=0.437073 | MEAN_GATE=0.5302 | BATCH_RMSE=0.782114
  STEP 200/1435 | TOTAL_LOSS=1.533903 | REG_LOSS=1.472353 | PCL_LOSS=0.615503 | MEAN_GATE=0.5549 | BATCH_RMSE=1.213405
  STEP 300/1435 | TOTAL_LOSS=0.265785 | REG_LOSS=0.213745 | PCL_LOSS=0.520400 | MEAN_GATE=0.5369 | BATCH_RMSE=0.462326
  STEP 400/1435 | TOTAL_LOSS=2.128150 | REG_LOSS=2.079251 | PCL_LOSS=0.488992 | MEAN_GATE=0.5792 | BATCH_RMSE=1.441961
  STEP 500/1435 | TOTAL_LOSS=0.439914 | REG_LOSS=0.388359 | PCL_LOSS=0.515551 | MEAN_GATE=0.4986 | BATCH_RMSE=0.623185
  STEP 600/1435 | TOTAL_LOSS=0.650016 | REG_LOSS=0.603094 | PCL_LOSS=0.469216 | MEAN_GATE=0.5223 | BATCH_RMSE=0.776592
  STEP 700/1435 | TOTAL_LOSS=0.713217 | REG_LOSS=0.666661 | PCL_LOSS=0.465557 | MEAN_GATE=0.5199 | BATCH_RMSE=0.816493
  STEP 800/1435 | TOTAL_LOSS=2.335445 | REG_LOSS=2.274835 | PCL_LOSS=0.606096 | MEAN_GATE=0.5249 | BATCH_RMSE=1.508256
  STEP 900/1435 | TOTAL_LOSS=0.330368 | REG_LOSS=0.253293 | PCL_LOSS=0.770748 | MEAN_GATE=0.5848 | BATCH_RMSE=0.503282
  STEP 1000/1435 | TOTAL_LOSS=0.656987 | REG_LOSS=0.617316 | PCL_LOSS=0.396714 | MEAN_GATE=0.5532 | BATCH_RMSE=0.785694
  STEP 1100/1435 | TOTAL_LOSS=0.675289 | REG_LOSS=0.641503 | PCL_LOSS=0.337853 | MEAN_GATE=0.5244 | BATCH_RMSE=0.800939
  STEP 1200/1435 | TOTAL_LOSS=0.689380 | REG_LOSS=0.672272 | PCL_LOSS=0.171080 | MEAN_GATE=0.6124 | BATCH_RMSE=0.819922
  STEP 1300/1435 | TOTAL_LOSS=0.680723 | REG_LOSS=0.663624 | PCL_LOSS=0.170990 | MEAN_GATE=0.5315 | BATCH_RMSE=0.814631
  STEP 1400/1435 | TOTAL_LOSS=0.423456 | REG_LOSS=0.347325 | PCL_LOSS=0.761306 | MEAN_GATE=0.5442 | BATCH_RMSE=0.589343
[EPOCH 009/030] TRAIN: TOTAL=0.673458 | REG=0.634385 | PCL=0.390725 | RMSE=0.796483 | MAE=0.549971 | CI=0.749979 | RM2=0.223855
[EPOCH 009/030] VAL  : TOTAL=0.553624 | REG=0.526097 | PCL=0.275275 | RMSE=0.725325 | MAE=0.505957 | CI=0.792269 | RM2=0.344259
  SAVED NEW BEST MODEL | EPOCH=009 | BEST_VAL_RMSE=0.725325 | BEST_VAL_MAE=0.505957 | BEST_VAL_CI=0.792269 | BEST_VAL_RM2=0.344259

EPOCH 10/30
  STEP 100/1435 | TOTAL_LOSS=1.768295 | REG_LOSS=1.727232 | PCL_LOSS=0.410629 | MEAN_GATE=0.6072 | BATCH_RMSE=1.314242
  STEP 200/1435 | TOTAL_LOSS=0.304295 | REG_LOSS=0.268466 | PCL_LOSS=0.358289 | MEAN_GATE=0.5262 | BATCH_RMSE=0.518137
  STEP 300/1435 | TOTAL_LOSS=0.604336 | REG_LOSS=0.591855 | PCL_LOSS=0.124812 | MEAN_GATE=0.4933 | BATCH_RMSE=0.769321
  STEP 400/1435 | TOTAL_LOSS=0.679769 | REG_LOSS=0.652233 | PCL_LOSS=0.275358 | MEAN_GATE=0.5839 | BATCH_RMSE=0.807609
  STEP 500/1435 | TOTAL_LOSS=0.246814 | REG_LOSS=0.206327 | PCL_LOSS=0.404875 | MEAN_GATE=0.5631 | BATCH_RMSE=0.454232
  STEP 600/1435 | TOTAL_LOSS=0.207242 | REG_LOSS=0.171729 | PCL_LOSS=0.355131 | MEAN_GATE=0.5335 | BATCH_RMSE=0.414402
  STEP 700/1435 | TOTAL_LOSS=0.876274 | REG_LOSS=0.815781 | PCL_LOSS=0.604929 | MEAN_GATE=0.5851 | BATCH_RMSE=0.903206
  STEP 800/1435 | TOTAL_LOSS=0.474607 | REG_LOSS=0.435884 | PCL_LOSS=0.387227 | MEAN_GATE=0.4641 | BATCH_RMSE=0.660215
  STEP 900/1435 | TOTAL_LOSS=1.346155 | REG_LOSS=1.290903 | PCL_LOSS=0.552519 | MEAN_GATE=0.6053 | BATCH_RMSE=1.136179
  STEP 1000/1435 | TOTAL_LOSS=0.491887 | REG_LOSS=0.461494 | PCL_LOSS=0.303936 | MEAN_GATE=0.4601 | BATCH_RMSE=0.679333
  STEP 1100/1435 | TOTAL_LOSS=0.481545 | REG_LOSS=0.444698 | PCL_LOSS=0.368470 | MEAN_GATE=0.5309 | BATCH_RMSE=0.666857
  STEP 1200/1435 | TOTAL_LOSS=0.412215 | REG_LOSS=0.386603 | PCL_LOSS=0.256115 | MEAN_GATE=0.5318 | BATCH_RMSE=0.621774
  STEP 1300/1435 | TOTAL_LOSS=1.383788 | REG_LOSS=1.337264 | PCL_LOSS=0.465239 | MEAN_GATE=0.6031 | BATCH_RMSE=1.156401
  STEP 1400/1435 | TOTAL_LOSS=0.615440 | REG_LOSS=0.581145 | PCL_LOSS=0.342957 | MEAN_GATE=0.5577 | BATCH_RMSE=0.762328
[EPOCH 010/030] TRAIN: TOTAL=0.640372 | REG=0.603967 | PCL=0.364051 | RMSE=0.777153 | MAE=0.537435 | CI=0.759303 | RM2=0.253958
[EPOCH 010/030] VAL  : TOTAL=0.526828 | REG=0.490325 | PCL=0.365030 | RMSE=0.700232 | MAE=0.435174 | CI=0.805443 | RM2=0.371968
  SAVED NEW BEST MODEL | EPOCH=010 | BEST_VAL_RMSE=0.700232 | BEST_VAL_MAE=0.435174 | BEST_VAL_CI=0.805443 | BEST_VAL_RM2=0.371968

EPOCH 11/30
  STEP 100/1435 | TOTAL_LOSS=0.707085 | REG_LOSS=0.685700 | PCL_LOSS=0.213849 | MEAN_GATE=0.5218 | BATCH_RMSE=0.828070
  STEP 200/1435 | TOTAL_LOSS=0.919024 | REG_LOSS=0.899360 | PCL_LOSS=0.196643 | MEAN_GATE=0.4648 | BATCH_RMSE=0.948346
  STEP 300/1435 | TOTAL_LOSS=0.261175 | REG_LOSS=0.239037 | PCL_LOSS=0.221379 | MEAN_GATE=0.5275 | BATCH_RMSE=0.488914
  STEP 400/1435 | TOTAL_LOSS=0.338723 | REG_LOSS=0.315847 | PCL_LOSS=0.228770 | MEAN_GATE=0.6297 | BATCH_RMSE=0.562002
  STEP 500/1435 | TOTAL_LOSS=0.613423 | REG_LOSS=0.581189 | PCL_LOSS=0.322337 | MEAN_GATE=0.5787 | BATCH_RMSE=0.762358
  STEP 600/1435 | TOTAL_LOSS=1.653061 | REG_LOSS=1.623531 | PCL_LOSS=0.295302 | MEAN_GATE=0.4683 | BATCH_RMSE=1.274179
  STEP 700/1435 | TOTAL_LOSS=1.368281 | REG_LOSS=1.349197 | PCL_LOSS=0.190840 | MEAN_GATE=0.5386 | BATCH_RMSE=1.161549
  STEP 800/1435 | TOTAL_LOSS=0.635243 | REG_LOSS=0.611589 | PCL_LOSS=0.236541 | MEAN_GATE=0.4641 | BATCH_RMSE=0.782042
  STEP 900/1435 | TOTAL_LOSS=0.721323 | REG_LOSS=0.697067 | PCL_LOSS=0.242558 | MEAN_GATE=0.5308 | BATCH_RMSE=0.834906
  STEP 1000/1435 | TOTAL_LOSS=0.856513 | REG_LOSS=0.843551 | PCL_LOSS=0.129621 | MEAN_GATE=0.5742 | BATCH_RMSE=0.918450
  STEP 1100/1435 | TOTAL_LOSS=0.743051 | REG_LOSS=0.698061 | PCL_LOSS=0.449900 | MEAN_GATE=0.5966 | BATCH_RMSE=0.835501
  STEP 1200/1435 | TOTAL_LOSS=0.431272 | REG_LOSS=0.405386 | PCL_LOSS=0.258861 | MEAN_GATE=0.5433 | BATCH_RMSE=0.636699
  STEP 1300/1435 | TOTAL_LOSS=0.239865 | REG_LOSS=0.203721 | PCL_LOSS=0.361437 | MEAN_GATE=0.4790 | BATCH_RMSE=0.451355
  STEP 1400/1435 | TOTAL_LOSS=0.574704 | REG_LOSS=0.536814 | PCL_LOSS=0.378905 | MEAN_GATE=0.5589 | BATCH_RMSE=0.732676
[EPOCH 011/030] TRAIN: TOTAL=0.648114 | REG=0.612631 | PCL=0.354833 | RMSE=0.782708 | MAE=0.538168 | CI=0.760319 | RM2=0.245750
[EPOCH 011/030] VAL  : TOTAL=0.519151 | REG=0.490998 | PCL=0.281524 | RMSE=0.700713 | MAE=0.452567 | CI=0.804110 | RM2=0.366906

EPOCH 12/30
  STEP 100/1435 | TOTAL_LOSS=0.381542 | REG_LOSS=0.345535 | PCL_LOSS=0.360068 | MEAN_GATE=0.5940 | BATCH_RMSE=0.587823
  STEP 200/1435 | TOTAL_LOSS=0.481628 | REG_LOSS=0.428357 | PCL_LOSS=0.532707 | MEAN_GATE=0.5637 | BATCH_RMSE=0.654490
  STEP 300/1435 | TOTAL_LOSS=0.491894 | REG_LOSS=0.474304 | PCL_LOSS=0.175906 | MEAN_GATE=0.4779 | BATCH_RMSE=0.688697
  STEP 400/1435 | TOTAL_LOSS=0.832416 | REG_LOSS=0.801170 | PCL_LOSS=0.312456 | MEAN_GATE=0.5714 | BATCH_RMSE=0.895081
  STEP 500/1435 | TOTAL_LOSS=1.017450 | REG_LOSS=0.982913 | PCL_LOSS=0.345369 | MEAN_GATE=0.5618 | BATCH_RMSE=0.991420
  STEP 600/1435 | TOTAL_LOSS=1.185222 | REG_LOSS=1.157621 | PCL_LOSS=0.276008 | MEAN_GATE=0.5222 | BATCH_RMSE=1.075928
  STEP 700/1435 | TOTAL_LOSS=1.678006 | REG_LOSS=1.665287 | PCL_LOSS=0.127189 | MEAN_GATE=0.5494 | BATCH_RMSE=1.290460
  STEP 800/1435 | TOTAL_LOSS=0.728135 | REG_LOSS=0.725239 | PCL_LOSS=0.028963 | MEAN_GATE=0.5653 | BATCH_RMSE=0.851609
  STEP 900/1435 | TOTAL_LOSS=0.444012 | REG_LOSS=0.435047 | PCL_LOSS=0.089649 | MEAN_GATE=0.4335 | BATCH_RMSE=0.659581
  STEP 1000/1435 | TOTAL_LOSS=0.409190 | REG_LOSS=0.371476 | PCL_LOSS=0.377136 | MEAN_GATE=0.5419 | BATCH_RMSE=0.609488
  STEP 1100/1435 | TOTAL_LOSS=0.682573 | REG_LOSS=0.649683 | PCL_LOSS=0.328897 | MEAN_GATE=0.4502 | BATCH_RMSE=0.806029
  STEP 1200/1435 | TOTAL_LOSS=1.143556 | REG_LOSS=1.122687 | PCL_LOSS=0.208699 | MEAN_GATE=0.4794 | BATCH_RMSE=1.059569
  STEP 1300/1435 | TOTAL_LOSS=0.238216 | REG_LOSS=0.173325 | PCL_LOSS=0.648909 | MEAN_GATE=0.5171 | BATCH_RMSE=0.416323
  STEP 1400/1435 | TOTAL_LOSS=0.689942 | REG_LOSS=0.660052 | PCL_LOSS=0.298903 | MEAN_GATE=0.5309 | BATCH_RMSE=0.812436
[EPOCH 012/030] TRAIN: TOTAL=0.637642 | REG=0.603089 | PCL=0.345521 | RMSE=0.776588 | MAE=0.533557 | CI=0.759566 | RM2=0.255277
[EPOCH 012/030] VAL  : TOTAL=0.507894 | REG=0.485665 | PCL=0.222289 | RMSE=0.696897 | MAE=0.464217 | CI=0.804206 | RM2=0.385169
  SAVED NEW BEST MODEL | EPOCH=012 | BEST_VAL_RMSE=0.696897 | BEST_VAL_MAE=0.464217 | BEST_VAL_CI=0.804206 | BEST_VAL_RM2=0.385169

EPOCH 13/30
  STEP 100/1435 | TOTAL_LOSS=0.423580 | REG_LOSS=0.410565 | PCL_LOSS=0.130150 | MEAN_GATE=0.4840 | BATCH_RMSE=0.640754
  STEP 200/1435 | TOTAL_LOSS=0.432130 | REG_LOSS=0.396581 | PCL_LOSS=0.355493 | MEAN_GATE=0.4527 | BATCH_RMSE=0.629747
  STEP 300/1435 | TOTAL_LOSS=1.034603 | REG_LOSS=1.003671 | PCL_LOSS=0.309320 | MEAN_GATE=0.5597 | BATCH_RMSE=1.001834
  STEP 400/1435 | TOTAL_LOSS=0.143391 | REG_LOSS=0.097232 | PCL_LOSS=0.461591 | MEAN_GATE=0.5405 | BATCH_RMSE=0.311820
  STEP 500/1435 | TOTAL_LOSS=0.875055 | REG_LOSS=0.800821 | PCL_LOSS=0.742340 | MEAN_GATE=0.4219 | BATCH_RMSE=0.894886
  STEP 600/1435 | TOTAL_LOSS=0.835472 | REG_LOSS=0.790323 | PCL_LOSS=0.451491 | MEAN_GATE=0.5201 | BATCH_RMSE=0.889001
  STEP 700/1435 | TOTAL_LOSS=0.579424 | REG_LOSS=0.494301 | PCL_LOSS=0.851233 | MEAN_GATE=0.4596 | BATCH_RMSE=0.703065
  STEP 800/1435 | TOTAL_LOSS=0.209958 | REG_LOSS=0.169382 | PCL_LOSS=0.405760 | MEAN_GATE=0.5254 | BATCH_RMSE=0.411561
  STEP 900/1435 | TOTAL_LOSS=0.642163 | REG_LOSS=0.620441 | PCL_LOSS=0.217227 | MEAN_GATE=0.5345 | BATCH_RMSE=0.787681
  STEP 1000/1435 | TOTAL_LOSS=0.898535 | REG_LOSS=0.861080 | PCL_LOSS=0.374551 | MEAN_GATE=0.4788 | BATCH_RMSE=0.927944
  STEP 1100/1435 | TOTAL_LOSS=1.090631 | REG_LOSS=1.055943 | PCL_LOSS=0.346879 | MEAN_GATE=0.4968 | BATCH_RMSE=1.027591
  STEP 1200/1435 | TOTAL_LOSS=0.924173 | REG_LOSS=0.896382 | PCL_LOSS=0.277913 | MEAN_GATE=0.5472 | BATCH_RMSE=0.946774
  STEP 1300/1435 | TOTAL_LOSS=1.385754 | REG_LOSS=1.310895 | PCL_LOSS=0.748593 | MEAN_GATE=0.4802 | BATCH_RMSE=1.144943
  STEP 1400/1435 | TOTAL_LOSS=0.437247 | REG_LOSS=0.376235 | PCL_LOSS=0.610119 | MEAN_GATE=0.5193 | BATCH_RMSE=0.613380
[EPOCH 013/030] TRAIN: TOTAL=0.624540 | REG=0.591890 | PCL=0.326504 | RMSE=0.769344 | MAE=0.529313 | CI=0.763447 | RM2=0.266330
[EPOCH 013/030] VAL  : TOTAL=0.497413 | REG=0.477226 | PCL=0.201873 | RMSE=0.690815 | MAE=0.424000 | CI=0.817828 | RM2=0.385760
  SAVED NEW BEST MODEL | EPOCH=013 | BEST_VAL_RMSE=0.690815 | BEST_VAL_MAE=0.424000 | BEST_VAL_CI=0.817828 | BEST_VAL_RM2=0.385760

EPOCH 14/30
  STEP 100/1435 | TOTAL_LOSS=0.786417 | REG_LOSS=0.739965 | PCL_LOSS=0.464518 | MEAN_GATE=0.5145 | BATCH_RMSE=0.860212
  STEP 200/1435 | TOTAL_LOSS=0.316375 | REG_LOSS=0.276875 | PCL_LOSS=0.394992 | MEAN_GATE=0.4483 | BATCH_RMSE=0.526190
  STEP 300/1435 | TOTAL_LOSS=0.687478 | REG_LOSS=0.636756 | PCL_LOSS=0.507225 | MEAN_GATE=0.6101 | BATCH_RMSE=0.797970
  STEP 400/1435 | TOTAL_LOSS=0.685414 | REG_LOSS=0.575732 | PCL_LOSS=1.096819 | MEAN_GATE=0.6190 | BATCH_RMSE=0.758770
  STEP 500/1435 | TOTAL_LOSS=0.426786 | REG_LOSS=0.397958 | PCL_LOSS=0.288272 | MEAN_GATE=0.5057 | BATCH_RMSE=0.630839
  STEP 600/1435 | TOTAL_LOSS=0.444605 | REG_LOSS=0.426978 | PCL_LOSS=0.176275 | MEAN_GATE=0.5057 | BATCH_RMSE=0.653436
  STEP 700/1435 | TOTAL_LOSS=0.232827 | REG_LOSS=0.208233 | PCL_LOSS=0.245947 | MEAN_GATE=0.5261 | BATCH_RMSE=0.456325
  STEP 800/1435 | TOTAL_LOSS=1.169330 | REG_LOSS=1.111423 | PCL_LOSS=0.579066 | MEAN_GATE=0.5201 | BATCH_RMSE=1.054240
  STEP 900/1435 | TOTAL_LOSS=0.321284 | REG_LOSS=0.302274 | PCL_LOSS=0.190105 | MEAN_GATE=0.6444 | BATCH_RMSE=0.549794
  STEP 1000/1435 | TOTAL_LOSS=1.413269 | REG_LOSS=1.380757 | PCL_LOSS=0.325118 | MEAN_GATE=0.5926 | BATCH_RMSE=1.175056
  STEP 1100/1435 | TOTAL_LOSS=0.470707 | REG_LOSS=0.429871 | PCL_LOSS=0.408355 | MEAN_GATE=0.5564 | BATCH_RMSE=0.655646
  STEP 1200/1435 | TOTAL_LOSS=0.754379 | REG_LOSS=0.723911 | PCL_LOSS=0.304689 | MEAN_GATE=0.4967 | BATCH_RMSE=0.850829
  STEP 1300/1435 | TOTAL_LOSS=1.054872 | REG_LOSS=1.028841 | PCL_LOSS=0.260316 | MEAN_GATE=0.5139 | BATCH_RMSE=1.014318
  STEP 1400/1435 | TOTAL_LOSS=0.959587 | REG_LOSS=0.926439 | PCL_LOSS=0.331483 | MEAN_GATE=0.5206 | BATCH_RMSE=0.962517
[EPOCH 014/030] TRAIN: TOTAL=0.618300 | REG=0.586313 | PCL=0.319863 | RMSE=0.765711 | MAE=0.525041 | CI=0.767143 | RM2=0.271938
[EPOCH 014/030] VAL  : TOTAL=0.518785 | REG=0.493773 | PCL=0.250124 | RMSE=0.702690 | MAE=0.428380 | CI=0.820865 | RM2=0.387790

EPOCH 15/30
  STEP 100/1435 | TOTAL_LOSS=0.497773 | REG_LOSS=0.462214 | PCL_LOSS=0.355596 | MEAN_GATE=0.5180 | BATCH_RMSE=0.679863
  STEP 200/1435 | TOTAL_LOSS=0.442950 | REG_LOSS=0.423205 | PCL_LOSS=0.197443 | MEAN_GATE=0.5280 | BATCH_RMSE=0.650542
  STEP 300/1435 | TOTAL_LOSS=0.188841 | REG_LOSS=0.175793 | PCL_LOSS=0.130487 | MEAN_GATE=0.4301 | BATCH_RMSE=0.419276
  STEP 400/1435 | TOTAL_LOSS=0.539008 | REG_LOSS=0.490906 | PCL_LOSS=0.481017 | MEAN_GATE=0.5303 | BATCH_RMSE=0.700647
  STEP 500/1435 | TOTAL_LOSS=0.514987 | REG_LOSS=0.445652 | PCL_LOSS=0.693352 | MEAN_GATE=0.5211 | BATCH_RMSE=0.667571
  STEP 600/1435 | TOTAL_LOSS=0.328508 | REG_LOSS=0.312523 | PCL_LOSS=0.159856 | MEAN_GATE=0.5857 | BATCH_RMSE=0.559037
  STEP 700/1435 | TOTAL_LOSS=0.412773 | REG_LOSS=0.379059 | PCL_LOSS=0.337133 | MEAN_GATE=0.4902 | BATCH_RMSE=0.615678
  STEP 800/1435 | TOTAL_LOSS=0.296618 | REG_LOSS=0.272853 | PCL_LOSS=0.237653 | MEAN_GATE=0.5588 | BATCH_RMSE=0.522353
  STEP 900/1435 | TOTAL_LOSS=0.422569 | REG_LOSS=0.400902 | PCL_LOSS=0.216673 | MEAN_GATE=0.5648 | BATCH_RMSE=0.633168
  STEP 1000/1435 | TOTAL_LOSS=0.887606 | REG_LOSS=0.840307 | PCL_LOSS=0.472992 | MEAN_GATE=0.6299 | BATCH_RMSE=0.916683
  STEP 1100/1435 | TOTAL_LOSS=0.514141 | REG_LOSS=0.495928 | PCL_LOSS=0.182131 | MEAN_GATE=0.5109 | BATCH_RMSE=0.704221
  STEP 1200/1435 | TOTAL_LOSS=0.317868 | REG_LOSS=0.246549 | PCL_LOSS=0.713188 | MEAN_GATE=0.5375 | BATCH_RMSE=0.496537
  STEP 1300/1435 | TOTAL_LOSS=0.439744 | REG_LOSS=0.416662 | PCL_LOSS=0.230817 | MEAN_GATE=0.5102 | BATCH_RMSE=0.645494
  STEP 1400/1435 | TOTAL_LOSS=1.090111 | REG_LOSS=1.068061 | PCL_LOSS=0.220499 | MEAN_GATE=0.5381 | BATCH_RMSE=1.033470
[EPOCH 015/030] TRAIN: TOTAL=0.618236 | REG=0.585247 | PCL=0.329895 | RMSE=0.765014 | MAE=0.523467 | CI=0.769029 | RM2=0.273006
[EPOCH 015/030] VAL  : TOTAL=0.488303 | REG=0.469075 | PCL=0.192273 | RMSE=0.684891 | MAE=0.437087 | CI=0.817385 | RM2=0.400390
  SAVED NEW BEST MODEL | EPOCH=015 | BEST_VAL_RMSE=0.684891 | BEST_VAL_MAE=0.437087 | BEST_VAL_CI=0.817385 | BEST_VAL_RM2=0.400390

EPOCH 16/30
  STEP 100/1435 | TOTAL_LOSS=0.251404 | REG_LOSS=0.218328 | PCL_LOSS=0.330768 | MEAN_GATE=0.5578 | BATCH_RMSE=0.467256
  STEP 200/1435 | TOTAL_LOSS=0.620503 | REG_LOSS=0.598754 | PCL_LOSS=0.217486 | MEAN_GATE=0.5398 | BATCH_RMSE=0.773792
  STEP 300/1435 | TOTAL_LOSS=0.453437 | REG_LOSS=0.431950 | PCL_LOSS=0.214869 | MEAN_GATE=0.6056 | BATCH_RMSE=0.657229
  STEP 400/1435 | TOTAL_LOSS=1.148367 | REG_LOSS=1.119992 | PCL_LOSS=0.283745 | MEAN_GATE=0.5920 | BATCH_RMSE=1.058297
  STEP 500/1435 | TOTAL_LOSS=0.932687 | REG_LOSS=0.920529 | PCL_LOSS=0.121579 | MEAN_GATE=0.5415 | BATCH_RMSE=0.959442
  STEP 600/1435 | TOTAL_LOSS=0.921134 | REG_LOSS=0.899369 | PCL_LOSS=0.217649 | MEAN_GATE=0.5639 | BATCH_RMSE=0.948351
  STEP 700/1435 | TOTAL_LOSS=0.821651 | REG_LOSS=0.790087 | PCL_LOSS=0.315645 | MEAN_GATE=0.5902 | BATCH_RMSE=0.888868
  STEP 800/1435 | TOTAL_LOSS=0.423448 | REG_LOSS=0.380007 | PCL_LOSS=0.434412 | MEAN_GATE=0.5862 | BATCH_RMSE=0.616447
  STEP 900/1435 | TOTAL_LOSS=0.295197 | REG_LOSS=0.250293 | PCL_LOSS=0.449036 | MEAN_GATE=0.5659 | BATCH_RMSE=0.500293
  STEP 1000/1435 | TOTAL_LOSS=1.253849 | REG_LOSS=1.180912 | PCL_LOSS=0.729370 | MEAN_GATE=0.5347 | BATCH_RMSE=1.086698
  STEP 1100/1435 | TOTAL_LOSS=0.739721 | REG_LOSS=0.717964 | PCL_LOSS=0.217572 | MEAN_GATE=0.5683 | BATCH_RMSE=0.847328
  STEP 1200/1435 | TOTAL_LOSS=0.244628 | REG_LOSS=0.227368 | PCL_LOSS=0.172593 | MEAN_GATE=0.5234 | BATCH_RMSE=0.476832
  STEP 1300/1435 | TOTAL_LOSS=0.337629 | REG_LOSS=0.290393 | PCL_LOSS=0.472362 | MEAN_GATE=0.5301 | BATCH_RMSE=0.538881
  STEP 1400/1435 | TOTAL_LOSS=0.229341 | REG_LOSS=0.132023 | PCL_LOSS=0.973180 | MEAN_GATE=0.4618 | BATCH_RMSE=0.363350
[EPOCH 016/030] TRAIN: TOTAL=0.607846 | REG=0.576079 | PCL=0.317666 | RMSE=0.758999 | MAE=0.519834 | CI=0.769655 | RM2=0.282477
[EPOCH 016/030] VAL  : TOTAL=0.507594 | REG=0.468329 | PCL=0.392650 | RMSE=0.684346 | MAE=0.445463 | CI=0.818629 | RM2=0.407459
  SAVED NEW BEST MODEL | EPOCH=016 | BEST_VAL_RMSE=0.684346 | BEST_VAL_MAE=0.445463 | BEST_VAL_CI=0.818629 | BEST_VAL_RM2=0.407459

EPOCH 17/30
  STEP 100/1435 | TOTAL_LOSS=0.773476 | REG_LOSS=0.758050 | PCL_LOSS=0.154261 | MEAN_GATE=0.5309 | BATCH_RMSE=0.870661
  STEP 200/1435 | TOTAL_LOSS=1.677771 | REG_LOSS=1.635827 | PCL_LOSS=0.419446 | MEAN_GATE=0.5548 | BATCH_RMSE=1.278994
  STEP 300/1435 | TOTAL_LOSS=0.631660 | REG_LOSS=0.577096 | PCL_LOSS=0.545636 | MEAN_GATE=0.5206 | BATCH_RMSE=0.759668
  STEP 400/1435 | TOTAL_LOSS=0.593699 | REG_LOSS=0.585566 | PCL_LOSS=0.081321 | MEAN_GATE=0.5260 | BATCH_RMSE=0.765223
  STEP 500/1435 | TOTAL_LOSS=0.209680 | REG_LOSS=0.194823 | PCL_LOSS=0.148569 | MEAN_GATE=0.5837 | BATCH_RMSE=0.441387
  STEP 600/1435 | TOTAL_LOSS=0.327031 | REG_LOSS=0.312902 | PCL_LOSS=0.141290 | MEAN_GATE=0.5312 | BATCH_RMSE=0.559376
  STEP 700/1435 | TOTAL_LOSS=0.255347 | REG_LOSS=0.200290 | PCL_LOSS=0.550570 | MEAN_GATE=0.4420 | BATCH_RMSE=0.447538
  STEP 800/1435 | TOTAL_LOSS=1.221560 | REG_LOSS=1.182985 | PCL_LOSS=0.385755 | MEAN_GATE=0.5273 | BATCH_RMSE=1.087651
  STEP 900/1435 | TOTAL_LOSS=0.594817 | REG_LOSS=0.539894 | PCL_LOSS=0.549227 | MEAN_GATE=0.6086 | BATCH_RMSE=0.734775
  STEP 1000/1435 | TOTAL_LOSS=1.768600 | REG_LOSS=1.738837 | PCL_LOSS=0.297639 | MEAN_GATE=0.5541 | BATCH_RMSE=1.318650
  STEP 1100/1435 | TOTAL_LOSS=0.209611 | REG_LOSS=0.185712 | PCL_LOSS=0.238989 | MEAN_GATE=0.5596 | BATCH_RMSE=0.430943
  STEP 1200/1435 | TOTAL_LOSS=0.356512 | REG_LOSS=0.324854 | PCL_LOSS=0.316582 | MEAN_GATE=0.5177 | BATCH_RMSE=0.569959
  STEP 1300/1435 | TOTAL_LOSS=0.258527 | REG_LOSS=0.210943 | PCL_LOSS=0.475834 | MEAN_GATE=0.5601 | BATCH_RMSE=0.459286
  STEP 1400/1435 | TOTAL_LOSS=0.221223 | REG_LOSS=0.198360 | PCL_LOSS=0.228621 | MEAN_GATE=0.5994 | BATCH_RMSE=0.445377
[EPOCH 017/030] TRAIN: TOTAL=0.607891 | REG=0.577535 | PCL=0.303551 | RMSE=0.759958 | MAE=0.518728 | CI=0.771888 | RM2=0.280942
[EPOCH 017/030] VAL  : TOTAL=0.498933 | REG=0.475666 | PCL=0.232666 | RMSE=0.689686 | MAE=0.457045 | CI=0.816453 | RM2=0.400757

EPOCH 18/30
  STEP 100/1435 | TOTAL_LOSS=0.834617 | REG_LOSS=0.819598 | PCL_LOSS=0.150189 | MEAN_GATE=0.5713 | BATCH_RMSE=0.905316
  STEP 200/1435 | TOTAL_LOSS=0.340226 | REG_LOSS=0.314301 | PCL_LOSS=0.259252 | MEAN_GATE=0.5549 | BATCH_RMSE=0.560626
  STEP 300/1435 | TOTAL_LOSS=0.529349 | REG_LOSS=0.513518 | PCL_LOSS=0.158303 | MEAN_GATE=0.5889 | BATCH_RMSE=0.716602
  STEP 400/1435 | TOTAL_LOSS=1.155413 | REG_LOSS=1.126948 | PCL_LOSS=0.284649 | MEAN_GATE=0.5064 | BATCH_RMSE=1.061578
  STEP 500/1435 | TOTAL_LOSS=1.055328 | REG_LOSS=1.035764 | PCL_LOSS=0.195639 | MEAN_GATE=0.6657 | BATCH_RMSE=1.017725
  STEP 600/1435 | TOTAL_LOSS=0.270295 | REG_LOSS=0.233932 | PCL_LOSS=0.363632 | MEAN_GATE=0.6042 | BATCH_RMSE=0.483665
  STEP 700/1435 | TOTAL_LOSS=0.196634 | REG_LOSS=0.164861 | PCL_LOSS=0.317732 | MEAN_GATE=0.5520 | BATCH_RMSE=0.406030
  STEP 800/1435 | TOTAL_LOSS=0.602594 | REG_LOSS=0.552418 | PCL_LOSS=0.501753 | MEAN_GATE=0.5330 | BATCH_RMSE=0.743249
  STEP 900/1435 | TOTAL_LOSS=1.397537 | REG_LOSS=1.359663 | PCL_LOSS=0.378740 | MEAN_GATE=0.6063 | BATCH_RMSE=1.166046
  STEP 1000/1435 | TOTAL_LOSS=0.806335 | REG_LOSS=0.784062 | PCL_LOSS=0.222727 | MEAN_GATE=0.6065 | BATCH_RMSE=0.885473
  STEP 1100/1435 | TOTAL_LOSS=1.550767 | REG_LOSS=1.511806 | PCL_LOSS=0.389605 | MEAN_GATE=0.5222 | BATCH_RMSE=1.229555
  STEP 1200/1435 | TOTAL_LOSS=0.290055 | REG_LOSS=0.262499 | PCL_LOSS=0.275561 | MEAN_GATE=0.5561 | BATCH_RMSE=0.512347
  STEP 1300/1435 | TOTAL_LOSS=0.364773 | REG_LOSS=0.320367 | PCL_LOSS=0.444060 | MEAN_GATE=0.5805 | BATCH_RMSE=0.566009
  STEP 1400/1435 | TOTAL_LOSS=0.234191 | REG_LOSS=0.222401 | PCL_LOSS=0.117898 | MEAN_GATE=0.5092 | BATCH_RMSE=0.471594
[EPOCH 018/030] TRAIN: TOTAL=0.601794 | REG=0.572029 | PCL=0.297648 | RMSE=0.756326 | MAE=0.515885 | CI=0.773610 | RM2=0.286718
[EPOCH 018/030] VAL  : TOTAL=0.530155 | REG=0.475633 | PCL=0.545212 | RMSE=0.689662 | MAE=0.423181 | CI=0.817740 | RM2=0.397012

EPOCH 19/30
  STEP 100/1435 | TOTAL_LOSS=0.356255 | REG_LOSS=0.313711 | PCL_LOSS=0.425442 | MEAN_GATE=0.5291 | BATCH_RMSE=0.560099
  STEP 200/1435 | TOTAL_LOSS=0.295849 | REG_LOSS=0.204354 | PCL_LOSS=0.914958 | MEAN_GATE=0.5173 | BATCH_RMSE=0.452055
  STEP 300/1435 | TOTAL_LOSS=0.359835 | REG_LOSS=0.340096 | PCL_LOSS=0.197392 | MEAN_GATE=0.5287 | BATCH_RMSE=0.583178
  STEP 400/1435 | TOTAL_LOSS=0.396435 | REG_LOSS=0.347948 | PCL_LOSS=0.484864 | MEAN_GATE=0.5738 | BATCH_RMSE=0.589871
  STEP 500/1435 | TOTAL_LOSS=0.420525 | REG_LOSS=0.391414 | PCL_LOSS=0.291109 | MEAN_GATE=0.5614 | BATCH_RMSE=0.625631
  STEP 600/1435 | TOTAL_LOSS=0.303709 | REG_LOSS=0.290302 | PCL_LOSS=0.134067 | MEAN_GATE=0.5277 | BATCH_RMSE=0.538797
  STEP 700/1435 | TOTAL_LOSS=0.271969 | REG_LOSS=0.239660 | PCL_LOSS=0.323088 | MEAN_GATE=0.5268 | BATCH_RMSE=0.489551
  STEP 800/1435 | TOTAL_LOSS=0.434717 | REG_LOSS=0.424675 | PCL_LOSS=0.100418 | MEAN_GATE=0.5474 | BATCH_RMSE=0.651671
  STEP 900/1435 | TOTAL_LOSS=0.545405 | REG_LOSS=0.512921 | PCL_LOSS=0.324842 | MEAN_GATE=0.5725 | BATCH_RMSE=0.716185
  STEP 1000/1435 | TOTAL_LOSS=0.598782 | REG_LOSS=0.574094 | PCL_LOSS=0.246874 | MEAN_GATE=0.4996 | BATCH_RMSE=0.757690
  STEP 1100/1435 | TOTAL_LOSS=0.547126 | REG_LOSS=0.516592 | PCL_LOSS=0.305331 | MEAN_GATE=0.5767 | BATCH_RMSE=0.718744
  STEP 1200/1435 | TOTAL_LOSS=0.714299 | REG_LOSS=0.682581 | PCL_LOSS=0.317178 | MEAN_GATE=0.5528 | BATCH_RMSE=0.826185
  STEP 1300/1435 | TOTAL_LOSS=0.085101 | REG_LOSS=0.075456 | PCL_LOSS=0.096453 | MEAN_GATE=0.5975 | BATCH_RMSE=0.274692
  STEP 1400/1435 | TOTAL_LOSS=0.521296 | REG_LOSS=0.508530 | PCL_LOSS=0.127656 | MEAN_GATE=0.5307 | BATCH_RMSE=0.713113
[EPOCH 019/030] TRAIN: TOTAL=0.591532 | REG=0.561957 | PCL=0.295748 | RMSE=0.749638 | MAE=0.512552 | CI=0.777465 | RM2=0.297122
[EPOCH 019/030] VAL  : TOTAL=0.495750 | REG=0.476857 | PCL=0.188936 | RMSE=0.690548 | MAE=0.475010 | CI=0.820367 | RM2=0.408015

EPOCH 20/30
  STEP 100/1435 | TOTAL_LOSS=0.679237 | REG_LOSS=0.661550 | PCL_LOSS=0.176865 | MEAN_GATE=0.5079 | BATCH_RMSE=0.813357
  STEP 200/1435 | TOTAL_LOSS=0.618393 | REG_LOSS=0.592088 | PCL_LOSS=0.263047 | MEAN_GATE=0.5278 | BATCH_RMSE=0.769473
  STEP 300/1435 | TOTAL_LOSS=0.353494 | REG_LOSS=0.328798 | PCL_LOSS=0.246961 | MEAN_GATE=0.5074 | BATCH_RMSE=0.573409
  STEP 400/1435 | TOTAL_LOSS=0.431347 | REG_LOSS=0.387618 | PCL_LOSS=0.437287 | MEAN_GATE=0.6098 | BATCH_RMSE=0.622590
  STEP 500/1435 | TOTAL_LOSS=0.517854 | REG_LOSS=0.482915 | PCL_LOSS=0.349396 | MEAN_GATE=0.5344 | BATCH_RMSE=0.694921
  STEP 600/1435 | TOTAL_LOSS=0.310518 | REG_LOSS=0.277941 | PCL_LOSS=0.325774 | MEAN_GATE=0.5413 | BATCH_RMSE=0.527201
  STEP 700/1435 | TOTAL_LOSS=0.395631 | REG_LOSS=0.364165 | PCL_LOSS=0.314664 | MEAN_GATE=0.5578 | BATCH_RMSE=0.603461
  STEP 800/1435 | TOTAL_LOSS=0.324761 | REG_LOSS=0.303463 | PCL_LOSS=0.212981 | MEAN_GATE=0.5386 | BATCH_RMSE=0.550875
  STEP 900/1435 | TOTAL_LOSS=0.389515 | REG_LOSS=0.362413 | PCL_LOSS=0.271012 | MEAN_GATE=0.5384 | BATCH_RMSE=0.602008
  STEP 1000/1435 | TOTAL_LOSS=1.282179 | REG_LOSS=1.215997 | PCL_LOSS=0.661823 | MEAN_GATE=0.5192 | BATCH_RMSE=1.102723
  STEP 1100/1435 | TOTAL_LOSS=0.873197 | REG_LOSS=0.831362 | PCL_LOSS=0.418352 | MEAN_GATE=0.5217 | BATCH_RMSE=0.911791
  STEP 1200/1435 | TOTAL_LOSS=0.228360 | REG_LOSS=0.225653 | PCL_LOSS=0.027061 | MEAN_GATE=0.5591 | BATCH_RMSE=0.475030
  STEP 1300/1435 | TOTAL_LOSS=0.194371 | REG_LOSS=0.184560 | PCL_LOSS=0.098103 | MEAN_GATE=0.5447 | BATCH_RMSE=0.429605
  STEP 1400/1435 | TOTAL_LOSS=0.642138 | REG_LOSS=0.598637 | PCL_LOSS=0.435009 | MEAN_GATE=0.6654 | BATCH_RMSE=0.773716
[EPOCH 020/030] TRAIN: TOTAL=0.591039 | REG=0.562077 | PCL=0.289617 | RMSE=0.749718 | MAE=0.511731 | CI=0.777683 | RM2=0.297170
[EPOCH 020/030] VAL  : TOTAL=0.514087 | REG=0.493454 | PCL=0.206330 | RMSE=0.702463 | MAE=0.407315 | CI=0.819202 | RM2=0.383411

EPOCH 21/30
  STEP 100/1435 | TOTAL_LOSS=0.634375 | REG_LOSS=0.580556 | PCL_LOSS=0.538193 | MEAN_GATE=0.5824 | BATCH_RMSE=0.761942
  STEP 200/1435 | TOTAL_LOSS=0.324027 | REG_LOSS=0.286968 | PCL_LOSS=0.370592 | MEAN_GATE=0.5437 | BATCH_RMSE=0.535694
  STEP 300/1435 | TOTAL_LOSS=0.913961 | REG_LOSS=0.896922 | PCL_LOSS=0.170389 | MEAN_GATE=0.5838 | BATCH_RMSE=0.947060
  STEP 400/1435 | TOTAL_LOSS=0.731238 | REG_LOSS=0.710384 | PCL_LOSS=0.208534 | MEAN_GATE=0.5980 | BATCH_RMSE=0.842843
  STEP 500/1435 | TOTAL_LOSS=0.326730 | REG_LOSS=0.289252 | PCL_LOSS=0.374782 | MEAN_GATE=0.6285 | BATCH_RMSE=0.537821
  STEP 600/1435 | TOTAL_LOSS=0.213856 | REG_LOSS=0.176066 | PCL_LOSS=0.377905 | MEAN_GATE=0.5875 | BATCH_RMSE=0.419602
  STEP 700/1435 | TOTAL_LOSS=0.538889 | REG_LOSS=0.482828 | PCL_LOSS=0.560611 | MEAN_GATE=0.5410 | BATCH_RMSE=0.694858
  STEP 800/1435 | TOTAL_LOSS=0.401003 | REG_LOSS=0.379663 | PCL_LOSS=0.213395 | MEAN_GATE=0.5150 | BATCH_RMSE=0.616168
  STEP 900/1435 | TOTAL_LOSS=0.350144 | REG_LOSS=0.290935 | PCL_LOSS=0.592090 | MEAN_GATE=0.6811 | BATCH_RMSE=0.539384
  STEP 1000/1435 | TOTAL_LOSS=0.491366 | REG_LOSS=0.457395 | PCL_LOSS=0.339710 | MEAN_GATE=0.5289 | BATCH_RMSE=0.676310
  STEP 1100/1435 | TOTAL_LOSS=0.530125 | REG_LOSS=0.508842 | PCL_LOSS=0.212834 | MEAN_GATE=0.5354 | BATCH_RMSE=0.713332
  STEP 1200/1435 | TOTAL_LOSS=0.445642 | REG_LOSS=0.416026 | PCL_LOSS=0.296164 | MEAN_GATE=0.5716 | BATCH_RMSE=0.645001
  STEP 1300/1435 | TOTAL_LOSS=0.239446 | REG_LOSS=0.220970 | PCL_LOSS=0.184758 | MEAN_GATE=0.4948 | BATCH_RMSE=0.470074
  STEP 1400/1435 | TOTAL_LOSS=1.169354 | REG_LOSS=1.141957 | PCL_LOSS=0.273970 | MEAN_GATE=0.5320 | BATCH_RMSE=1.068624
[EPOCH 021/030] TRAIN: TOTAL=0.589458 | REG=0.560341 | PCL=0.291177 | RMSE=0.748559 | MAE=0.510782 | CI=0.777672 | RM2=0.298820
[EPOCH 021/030] VAL  : TOTAL=0.538542 | REG=0.508488 | PCL=0.300541 | RMSE=0.713083 | MAE=0.525607 | CI=0.816450 | RM2=0.408547

EPOCH 22/30
  STEP 100/1435 | TOTAL_LOSS=0.726703 | REG_LOSS=0.709691 | PCL_LOSS=0.170129 | MEAN_GATE=0.5116 | BATCH_RMSE=0.842431
  STEP 200/1435 | TOTAL_LOSS=1.065826 | REG_LOSS=1.032360 | PCL_LOSS=0.334663 | MEAN_GATE=0.5529 | BATCH_RMSE=1.016051
  STEP 300/1435 | TOTAL_LOSS=0.562836 | REG_LOSS=0.541783 | PCL_LOSS=0.210530 | MEAN_GATE=0.6026 | BATCH_RMSE=0.736059
  STEP 400/1435 | TOTAL_LOSS=0.572939 | REG_LOSS=0.554507 | PCL_LOSS=0.184310 | MEAN_GATE=0.5371 | BATCH_RMSE=0.744653
  STEP 500/1435 | TOTAL_LOSS=0.331209 | REG_LOSS=0.308516 | PCL_LOSS=0.226932 | MEAN_GATE=0.5359 | BATCH_RMSE=0.555442
  STEP 600/1435 | TOTAL_LOSS=0.292296 | REG_LOSS=0.278311 | PCL_LOSS=0.139845 | MEAN_GATE=0.5028 | BATCH_RMSE=0.527552
  STEP 700/1435 | TOTAL_LOSS=0.288288 | REG_LOSS=0.260908 | PCL_LOSS=0.273802 | MEAN_GATE=0.4902 | BATCH_RMSE=0.510791
  STEP 800/1435 | TOTAL_LOSS=0.363160 | REG_LOSS=0.338010 | PCL_LOSS=0.251497 | MEAN_GATE=0.5530 | BATCH_RMSE=0.581386
  STEP 900/1435 | TOTAL_LOSS=0.254123 | REG_LOSS=0.202013 | PCL_LOSS=0.521097 | MEAN_GATE=0.5500 | BATCH_RMSE=0.449459
  STEP 1000/1435 | TOTAL_LOSS=0.806688 | REG_LOSS=0.788724 | PCL_LOSS=0.179644 | MEAN_GATE=0.5842 | BATCH_RMSE=0.888101
  STEP 1100/1435 | TOTAL_LOSS=0.235307 | REG_LOSS=0.202787 | PCL_LOSS=0.325196 | MEAN_GATE=0.6144 | BATCH_RMSE=0.450319
  STEP 1200/1435 | TOTAL_LOSS=0.763521 | REG_LOSS=0.747538 | PCL_LOSS=0.159830 | MEAN_GATE=0.5637 | BATCH_RMSE=0.864603
  STEP 1300/1435 | TOTAL_LOSS=0.494900 | REG_LOSS=0.489914 | PCL_LOSS=0.049863 | MEAN_GATE=0.5293 | BATCH_RMSE=0.699939
  STEP 1400/1435 | TOTAL_LOSS=0.391205 | REG_LOSS=0.373751 | PCL_LOSS=0.174540 | MEAN_GATE=0.5637 | BATCH_RMSE=0.611351
[EPOCH 022/030] TRAIN: TOTAL=0.586315 | REG=0.556829 | PCL=0.294856 | RMSE=0.746210 | MAE=0.507359 | CI=0.781090 | RM2=0.302729
[EPOCH 022/030] VAL  : TOTAL=0.473455 | REG=0.452951 | PCL=0.205040 | RMSE=0.673017 | MAE=0.417774 | CI=0.821812 | RM2=0.410920
  SAVED NEW BEST MODEL | EPOCH=022 | BEST_VAL_RMSE=0.673017 | BEST_VAL_MAE=0.417774 | BEST_VAL_CI=0.821812 | BEST_VAL_RM2=0.410920

EPOCH 23/30
  STEP 100/1435 | TOTAL_LOSS=0.459746 | REG_LOSS=0.397006 | PCL_LOSS=0.627405 | MEAN_GATE=0.5697 | BATCH_RMSE=0.630084
  STEP 200/1435 | TOTAL_LOSS=0.236508 | REG_LOSS=0.215800 | PCL_LOSS=0.207086 | MEAN_GATE=0.5725 | BATCH_RMSE=0.464542
  STEP 300/1435 | TOTAL_LOSS=0.343863 | REG_LOSS=0.326334 | PCL_LOSS=0.175288 | MEAN_GATE=0.5460 | BATCH_RMSE=0.571256
  STEP 400/1435 | TOTAL_LOSS=0.242454 | REG_LOSS=0.218037 | PCL_LOSS=0.244164 | MEAN_GATE=0.4910 | BATCH_RMSE=0.466944
  STEP 500/1435 | TOTAL_LOSS=0.378148 | REG_LOSS=0.362438 | PCL_LOSS=0.157094 | MEAN_GATE=0.5345 | BATCH_RMSE=0.602029
  STEP 600/1435 | TOTAL_LOSS=0.217747 | REG_LOSS=0.205768 | PCL_LOSS=0.119789 | MEAN_GATE=0.5132 | BATCH_RMSE=0.453616
  STEP 700/1435 | TOTAL_LOSS=0.514612 | REG_LOSS=0.495667 | PCL_LOSS=0.189444 | MEAN_GATE=0.5230 | BATCH_RMSE=0.704036
  STEP 800/1435 | TOTAL_LOSS=0.920610 | REG_LOSS=0.872787 | PCL_LOSS=0.478229 | MEAN_GATE=0.4763 | BATCH_RMSE=0.934231
  STEP 900/1435 | TOTAL_LOSS=0.455949 | REG_LOSS=0.447012 | PCL_LOSS=0.089371 | MEAN_GATE=0.5494 | BATCH_RMSE=0.668590
  STEP 1000/1435 | TOTAL_LOSS=0.400165 | REG_LOSS=0.365991 | PCL_LOSS=0.341741 | MEAN_GATE=0.5249 | BATCH_RMSE=0.604972
  STEP 1100/1435 | TOTAL_LOSS=0.607493 | REG_LOSS=0.604951 | PCL_LOSS=0.025425 | MEAN_GATE=0.5704 | BATCH_RMSE=0.777786
  STEP 1200/1435 | TOTAL_LOSS=1.665693 | REG_LOSS=1.649494 | PCL_LOSS=0.161995 | MEAN_GATE=0.5326 | BATCH_RMSE=1.284326
  STEP 1300/1435 | TOTAL_LOSS=0.631642 | REG_LOSS=0.531651 | PCL_LOSS=0.999903 | MEAN_GATE=0.5859 | BATCH_RMSE=0.729144
  STEP 1400/1435 | TOTAL_LOSS=1.068476 | REG_LOSS=1.039606 | PCL_LOSS=0.288700 | MEAN_GATE=0.5206 | BATCH_RMSE=1.019611
[EPOCH 023/030] TRAIN: TOTAL=0.571935 | REG=0.545307 | PCL=0.266276 | RMSE=0.738449 | MAE=0.502867 | CI=0.782999 | RM2=0.315085
[EPOCH 023/030] VAL  : TOTAL=0.474404 | REG=0.457512 | PCL=0.168919 | RMSE=0.676397 | MAE=0.415057 | CI=0.817812 | RM2=0.409960

EPOCH 24/30
  STEP 100/1435 | TOTAL_LOSS=0.214601 | REG_LOSS=0.172455 | PCL_LOSS=0.421464 | MEAN_GATE=0.4974 | BATCH_RMSE=0.415277
  STEP 200/1435 | TOTAL_LOSS=0.423578 | REG_LOSS=0.378099 | PCL_LOSS=0.454789 | MEAN_GATE=0.5725 | BATCH_RMSE=0.614898
  STEP 300/1435 | TOTAL_LOSS=0.264101 | REG_LOSS=0.257120 | PCL_LOSS=0.069812 | MEAN_GATE=0.5052 | BATCH_RMSE=0.507070
  STEP 400/1435 | TOTAL_LOSS=0.577798 | REG_LOSS=0.556787 | PCL_LOSS=0.210105 | MEAN_GATE=0.5197 | BATCH_RMSE=0.746182
  STEP 500/1435 | TOTAL_LOSS=0.696090 | REG_LOSS=0.664115 | PCL_LOSS=0.319743 | MEAN_GATE=0.5320 | BATCH_RMSE=0.814933
  STEP 600/1435 | TOTAL_LOSS=0.520874 | REG_LOSS=0.484227 | PCL_LOSS=0.366475 | MEAN_GATE=0.6073 | BATCH_RMSE=0.695864
  STEP 700/1435 | TOTAL_LOSS=0.516481 | REG_LOSS=0.460718 | PCL_LOSS=0.557628 | MEAN_GATE=0.5972 | BATCH_RMSE=0.678762
  STEP 800/1435 | TOTAL_LOSS=0.619097 | REG_LOSS=0.370748 | PCL_LOSS=2.483490 | MEAN_GATE=0.5739 | BATCH_RMSE=0.608891
  STEP 900/1435 | TOTAL_LOSS=0.435838 | REG_LOSS=0.411089 | PCL_LOSS=0.247490 | MEAN_GATE=0.4573 | BATCH_RMSE=0.641162
  STEP 1000/1435 | TOTAL_LOSS=0.511985 | REG_LOSS=0.483370 | PCL_LOSS=0.286158 | MEAN_GATE=0.5467 | BATCH_RMSE=0.695248
  STEP 1100/1435 | TOTAL_LOSS=0.271203 | REG_LOSS=0.252647 | PCL_LOSS=0.185560 | MEAN_GATE=0.4849 | BATCH_RMSE=0.502640
  STEP 1200/1435 | TOTAL_LOSS=0.299395 | REG_LOSS=0.268068 | PCL_LOSS=0.313267 | MEAN_GATE=0.5197 | BATCH_RMSE=0.517753
  STEP 1300/1435 | TOTAL_LOSS=1.287160 | REG_LOSS=1.264272 | PCL_LOSS=0.228876 | MEAN_GATE=0.6026 | BATCH_RMSE=1.124399
  STEP 1400/1435 | TOTAL_LOSS=0.396666 | REG_LOSS=0.381073 | PCL_LOSS=0.155934 | MEAN_GATE=0.5014 | BATCH_RMSE=0.617311
[EPOCH 024/030] TRAIN: TOTAL=0.571915 | REG=0.543493 | PCL=0.284213 | RMSE=0.737220 | MAE=0.502774 | CI=0.784843 | RM2=0.317129
[EPOCH 024/030] VAL  : TOTAL=0.463680 | REG=0.442538 | PCL=0.211418 | RMSE=0.665235 | MAE=0.439345 | CI=0.824974 | RM2=0.426628
  SAVED NEW BEST MODEL | EPOCH=024 | BEST_VAL_RMSE=0.665235 | BEST_VAL_MAE=0.439345 | BEST_VAL_CI=0.824974 | BEST_VAL_RM2=0.426628

EPOCH 25/30
  STEP 100/1435 | TOTAL_LOSS=0.500820 | REG_LOSS=0.445456 | PCL_LOSS=0.553642 | MEAN_GATE=0.4619 | BATCH_RMSE=0.667425
  STEP 200/1435 | TOTAL_LOSS=0.817870 | REG_LOSS=0.775883 | PCL_LOSS=0.419871 | MEAN_GATE=0.5170 | BATCH_RMSE=0.880842
  STEP 300/1435 | TOTAL_LOSS=0.357824 | REG_LOSS=0.338314 | PCL_LOSS=0.195099 | MEAN_GATE=0.5048 | BATCH_RMSE=0.581648
  STEP 400/1435 | TOTAL_LOSS=0.451828 | REG_LOSS=0.414409 | PCL_LOSS=0.374187 | MEAN_GATE=0.4650 | BATCH_RMSE=0.643746
  STEP 500/1435 | TOTAL_LOSS=0.160496 | REG_LOSS=0.136544 | PCL_LOSS=0.239521 | MEAN_GATE=0.5145 | BATCH_RMSE=0.369519
  STEP 600/1435 | TOTAL_LOSS=0.948982 | REG_LOSS=0.922293 | PCL_LOSS=0.266890 | MEAN_GATE=0.5716 | BATCH_RMSE=0.960361
  STEP 700/1435 | TOTAL_LOSS=0.184649 | REG_LOSS=0.175505 | PCL_LOSS=0.091440 | MEAN_GATE=0.5316 | BATCH_RMSE=0.418933
  STEP 800/1435 | TOTAL_LOSS=0.622805 | REG_LOSS=0.580025 | PCL_LOSS=0.427799 | MEAN_GATE=0.5916 | BATCH_RMSE=0.761594
  STEP 900/1435 | TOTAL_LOSS=1.885291 | REG_LOSS=1.871270 | PCL_LOSS=0.140212 | MEAN_GATE=0.5374 | BATCH_RMSE=1.367944
  STEP 1000/1435 | TOTAL_LOSS=0.463976 | REG_LOSS=0.435952 | PCL_LOSS=0.280238 | MEAN_GATE=0.5387 | BATCH_RMSE=0.660267
  STEP 1100/1435 | TOTAL_LOSS=0.372801 | REG_LOSS=0.355776 | PCL_LOSS=0.170254 | MEAN_GATE=0.5111 | BATCH_RMSE=0.596470
  STEP 1200/1435 | TOTAL_LOSS=0.153403 | REG_LOSS=0.129513 | PCL_LOSS=0.238907 | MEAN_GATE=0.5027 | BATCH_RMSE=0.359879
  STEP 1300/1435 | TOTAL_LOSS=1.797730 | REG_LOSS=1.758286 | PCL_LOSS=0.394442 | MEAN_GATE=0.5083 | BATCH_RMSE=1.326004
  STEP 1400/1435 | TOTAL_LOSS=0.301137 | REG_LOSS=0.297769 | PCL_LOSS=0.033678 | MEAN_GATE=0.4796 | BATCH_RMSE=0.545682
[EPOCH 025/030] TRAIN: TOTAL=0.574789 | REG=0.547353 | PCL=0.274357 | RMSE=0.739833 | MAE=0.503755 | CI=0.780974 | RM2=0.312865
[EPOCH 025/030] VAL  : TOTAL=0.542677 | REG=0.524768 | PCL=0.179084 | RMSE=0.724409 | MAE=0.554072 | CI=0.825790 | RM2=0.429053

EPOCH 26/30
  STEP 100/1435 | TOTAL_LOSS=0.935500 | REG_LOSS=0.843817 | PCL_LOSS=0.916834 | MEAN_GATE=0.4639 | BATCH_RMSE=0.918595
  STEP 200/1435 | TOTAL_LOSS=0.376034 | REG_LOSS=0.351819 | PCL_LOSS=0.242152 | MEAN_GATE=0.5630 | BATCH_RMSE=0.593143
  STEP 300/1435 | TOTAL_LOSS=1.567235 | REG_LOSS=1.547977 | PCL_LOSS=0.192584 | MEAN_GATE=0.5976 | BATCH_RMSE=1.244177
  STEP 400/1435 | TOTAL_LOSS=0.256507 | REG_LOSS=0.222880 | PCL_LOSS=0.336269 | MEAN_GATE=0.4801 | BATCH_RMSE=0.472102
  STEP 500/1435 | TOTAL_LOSS=0.230446 | REG_LOSS=0.183959 | PCL_LOSS=0.464872 | MEAN_GATE=0.4760 | BATCH_RMSE=0.428904
  STEP 600/1435 | TOTAL_LOSS=0.484650 | REG_LOSS=0.424784 | PCL_LOSS=0.598667 | MEAN_GATE=0.5019 | BATCH_RMSE=0.651754
  STEP 700/1435 | TOTAL_LOSS=0.313341 | REG_LOSS=0.272497 | PCL_LOSS=0.408444 | MEAN_GATE=0.5773 | BATCH_RMSE=0.522012
  STEP 800/1435 | TOTAL_LOSS=1.001443 | REG_LOSS=0.973358 | PCL_LOSS=0.280850 | MEAN_GATE=0.4772 | BATCH_RMSE=0.986589
  STEP 900/1435 | TOTAL_LOSS=0.711288 | REG_LOSS=0.681734 | PCL_LOSS=0.295543 | MEAN_GATE=0.5297 | BATCH_RMSE=0.825672
  STEP 1000/1435 | TOTAL_LOSS=0.396748 | REG_LOSS=0.369913 | PCL_LOSS=0.268347 | MEAN_GATE=0.5438 | BATCH_RMSE=0.608205
  STEP 1100/1435 | TOTAL_LOSS=0.731938 | REG_LOSS=0.717663 | PCL_LOSS=0.142752 | MEAN_GATE=0.5002 | BATCH_RMSE=0.847150
  STEP 1200/1435 | TOTAL_LOSS=0.313805 | REG_LOSS=0.302440 | PCL_LOSS=0.113655 | MEAN_GATE=0.4873 | BATCH_RMSE=0.549945
  STEP 1300/1435 | TOTAL_LOSS=0.616256 | REG_LOSS=0.567219 | PCL_LOSS=0.490368 | MEAN_GATE=0.5745 | BATCH_RMSE=0.753140
  STEP 1400/1435 | TOTAL_LOSS=0.387821 | REG_LOSS=0.360859 | PCL_LOSS=0.269613 | MEAN_GATE=0.4963 | BATCH_RMSE=0.600716
[EPOCH 026/030] TRAIN: TOTAL=0.569999 | REG=0.544187 | PCL=0.258117 | RMSE=0.737690 | MAE=0.501891 | CI=0.786361 | RM2=0.316060
[EPOCH 026/030] VAL  : TOTAL=0.468724 | REG=0.444367 | PCL=0.243568 | RMSE=0.666609 | MAE=0.422512 | CI=0.827301 | RM2=0.425751

EPOCH 27/30
  STEP 100/1435 | TOTAL_LOSS=1.363391 | REG_LOSS=1.337936 | PCL_LOSS=0.254549 | MEAN_GATE=0.4550 | BATCH_RMSE=1.156692
  STEP 200/1435 | TOTAL_LOSS=0.593129 | REG_LOSS=0.563936 | PCL_LOSS=0.291929 | MEAN_GATE=0.5660 | BATCH_RMSE=0.750957
  STEP 300/1435 | TOTAL_LOSS=0.552030 | REG_LOSS=0.537873 | PCL_LOSS=0.141574 | MEAN_GATE=0.5093 | BATCH_RMSE=0.733398
  STEP 400/1435 | TOTAL_LOSS=0.175981 | REG_LOSS=0.160560 | PCL_LOSS=0.154215 | MEAN_GATE=0.5561 | BATCH_RMSE=0.400699
  STEP 500/1435 | TOTAL_LOSS=0.305649 | REG_LOSS=0.283835 | PCL_LOSS=0.218139 | MEAN_GATE=0.5325 | BATCH_RMSE=0.532761
  STEP 600/1435 | TOTAL_LOSS=0.661162 | REG_LOSS=0.628145 | PCL_LOSS=0.330178 | MEAN_GATE=0.6004 | BATCH_RMSE=0.792556
  STEP 700/1435 | TOTAL_LOSS=1.456605 | REG_LOSS=1.422085 | PCL_LOSS=0.345195 | MEAN_GATE=0.5115 | BATCH_RMSE=1.192512
  STEP 800/1435 | TOTAL_LOSS=0.286360 | REG_LOSS=0.258192 | PCL_LOSS=0.281685 | MEAN_GATE=0.5260 | BATCH_RMSE=0.508126
  STEP 900/1435 | TOTAL_LOSS=0.137199 | REG_LOSS=0.119112 | PCL_LOSS=0.180870 | MEAN_GATE=0.4262 | BATCH_RMSE=0.345127
  STEP 1000/1435 | TOTAL_LOSS=0.920477 | REG_LOSS=0.900840 | PCL_LOSS=0.196366 | MEAN_GATE=0.5690 | BATCH_RMSE=0.949126
  STEP 1100/1435 | TOTAL_LOSS=0.241809 | REG_LOSS=0.209653 | PCL_LOSS=0.321564 | MEAN_GATE=0.5038 | BATCH_RMSE=0.457879
  STEP 1200/1435 | TOTAL_LOSS=0.203604 | REG_LOSS=0.200444 | PCL_LOSS=0.031602 | MEAN_GATE=0.4679 | BATCH_RMSE=0.447710
  STEP 1300/1435 | TOTAL_LOSS=0.427264 | REG_LOSS=0.403581 | PCL_LOSS=0.236832 | MEAN_GATE=0.5110 | BATCH_RMSE=0.635280
  STEP 1400/1435 | TOTAL_LOSS=0.727513 | REG_LOSS=0.699420 | PCL_LOSS=0.280927 | MEAN_GATE=0.5583 | BATCH_RMSE=0.836313
[EPOCH 027/030] TRAIN: TOTAL=0.557848 | REG=0.532085 | PCL=0.257631 | RMSE=0.729442 | MAE=0.495989 | CI=0.790281 | RM2=0.329721
[EPOCH 027/030] VAL  : TOTAL=0.472719 | REG=0.457571 | PCL=0.151481 | RMSE=0.676440 | MAE=0.410023 | CI=0.823043 | RM2=0.429074

EPOCH 28/30
  STEP 100/1435 | TOTAL_LOSS=0.440409 | REG_LOSS=0.423852 | PCL_LOSS=0.165578 | MEAN_GATE=0.5741 | BATCH_RMSE=0.651039
  STEP 200/1435 | TOTAL_LOSS=0.377136 | REG_LOSS=0.325484 | PCL_LOSS=0.516520 | MEAN_GATE=0.4519 | BATCH_RMSE=0.570512
  STEP 300/1435 | TOTAL_LOSS=0.415856 | REG_LOSS=0.382485 | PCL_LOSS=0.333709 | MEAN_GATE=0.4838 | BATCH_RMSE=0.618454
  STEP 400/1435 | TOTAL_LOSS=0.489183 | REG_LOSS=0.412374 | PCL_LOSS=0.768097 | MEAN_GATE=0.5600 | BATCH_RMSE=0.642163
  STEP 500/1435 | TOTAL_LOSS=0.535941 | REG_LOSS=0.508760 | PCL_LOSS=0.271818 | MEAN_GATE=0.4914 | BATCH_RMSE=0.713274
  STEP 600/1435 | TOTAL_LOSS=0.166087 | REG_LOSS=0.133631 | PCL_LOSS=0.324555 | MEAN_GATE=0.4667 | BATCH_RMSE=0.365556
  STEP 700/1435 | TOTAL_LOSS=0.859435 | REG_LOSS=0.838235 | PCL_LOSS=0.212000 | MEAN_GATE=0.4726 | BATCH_RMSE=0.915552
  STEP 800/1435 | TOTAL_LOSS=0.518436 | REG_LOSS=0.469380 | PCL_LOSS=0.490555 | MEAN_GATE=0.4699 | BATCH_RMSE=0.685113
  STEP 900/1435 | TOTAL_LOSS=0.770166 | REG_LOSS=0.742915 | PCL_LOSS=0.272507 | MEAN_GATE=0.5556 | BATCH_RMSE=0.861925
  STEP 1000/1435 | TOTAL_LOSS=0.448944 | REG_LOSS=0.433130 | PCL_LOSS=0.158143 | MEAN_GATE=0.4893 | BATCH_RMSE=0.658126
  STEP 1100/1435 | TOTAL_LOSS=0.368890 | REG_LOSS=0.348857 | PCL_LOSS=0.200333 | MEAN_GATE=0.5910 | BATCH_RMSE=0.590641
  STEP 1200/1435 | TOTAL_LOSS=0.432276 | REG_LOSS=0.403873 | PCL_LOSS=0.284029 | MEAN_GATE=0.5562 | BATCH_RMSE=0.635510
  STEP 1300/1435 | TOTAL_LOSS=0.458335 | REG_LOSS=0.435793 | PCL_LOSS=0.225427 | MEAN_GATE=0.4975 | BATCH_RMSE=0.660146
  STEP 1400/1435 | TOTAL_LOSS=0.232623 | REG_LOSS=0.221131 | PCL_LOSS=0.114916 | MEAN_GATE=0.5753 | BATCH_RMSE=0.470246
[EPOCH 028/030] TRAIN: TOTAL=0.562692 | REG=0.536296 | PCL=0.263958 | RMSE=0.732322 | MAE=0.500057 | CI=0.786013 | RM2=0.324285
[EPOCH 028/030] VAL  : TOTAL=0.465623 | REG=0.449428 | PCL=0.161950 | RMSE=0.670394 | MAE=0.442471 | CI=0.825465 | RM2=0.419967

EPOCH 29/30
  STEP 100/1435 | TOTAL_LOSS=0.162615 | REG_LOSS=0.139990 | PCL_LOSS=0.226248 | MEAN_GATE=0.5016 | BATCH_RMSE=0.374152
  STEP 200/1435 | TOTAL_LOSS=0.526117 | REG_LOSS=0.501406 | PCL_LOSS=0.247110 | MEAN_GATE=0.5559 | BATCH_RMSE=0.708100
  STEP 300/1435 | TOTAL_LOSS=0.362324 | REG_LOSS=0.310559 | PCL_LOSS=0.517650 | MEAN_GATE=0.5461 | BATCH_RMSE=0.557278
  STEP 400/1435 | TOTAL_LOSS=0.217028 | REG_LOSS=0.189739 | PCL_LOSS=0.272886 | MEAN_GATE=0.4605 | BATCH_RMSE=0.435590
  STEP 500/1435 | TOTAL_LOSS=0.595652 | REG_LOSS=0.581302 | PCL_LOSS=0.143497 | MEAN_GATE=0.5711 | BATCH_RMSE=0.762432
  STEP 600/1435 | TOTAL_LOSS=0.322358 | REG_LOSS=0.287158 | PCL_LOSS=0.352000 | MEAN_GATE=0.4710 | BATCH_RMSE=0.535871
  STEP 700/1435 | TOTAL_LOSS=0.205102 | REG_LOSS=0.184253 | PCL_LOSS=0.208488 | MEAN_GATE=0.4347 | BATCH_RMSE=0.429247
  STEP 800/1435 | TOTAL_LOSS=0.839689 | REG_LOSS=0.810497 | PCL_LOSS=0.291928 | MEAN_GATE=0.4534 | BATCH_RMSE=0.900276
  STEP 900/1435 | TOTAL_LOSS=0.163762 | REG_LOSS=0.122588 | PCL_LOSS=0.411733 | MEAN_GATE=0.4697 | BATCH_RMSE=0.350126
  STEP 1000/1435 | TOTAL_LOSS=0.688399 | REG_LOSS=0.663105 | PCL_LOSS=0.252940 | MEAN_GATE=0.6014 | BATCH_RMSE=0.814312
  STEP 1100/1435 | TOTAL_LOSS=0.609211 | REG_LOSS=0.586138 | PCL_LOSS=0.230727 | MEAN_GATE=0.5418 | BATCH_RMSE=0.765597
  STEP 1200/1435 | TOTAL_LOSS=0.489356 | REG_LOSS=0.460978 | PCL_LOSS=0.283782 | MEAN_GATE=0.5025 | BATCH_RMSE=0.678953
  STEP 1300/1435 | TOTAL_LOSS=0.309845 | REG_LOSS=0.289909 | PCL_LOSS=0.199357 | MEAN_GATE=0.5263 | BATCH_RMSE=0.538432
  STEP 1400/1435 | TOTAL_LOSS=0.139813 | REG_LOSS=0.127777 | PCL_LOSS=0.120363 | MEAN_GATE=0.4437 | BATCH_RMSE=0.357459
[EPOCH 029/030] TRAIN: TOTAL=0.548774 | REG=0.523695 | PCL=0.250792 | RMSE=0.723668 | MAE=0.493873 | CI=0.791459 | RM2=0.338724
[EPOCH 029/030] VAL  : TOTAL=0.465707 | REG=0.446761 | PCL=0.189460 | RMSE=0.668402 | MAE=0.410101 | CI=0.831955 | RM2=0.451741

EPOCH 30/30
  STEP 100/1435 | TOTAL_LOSS=0.279490 | REG_LOSS=0.252681 | PCL_LOSS=0.268085 | MEAN_GATE=0.5731 | BATCH_RMSE=0.502674
  STEP 200/1435 | TOTAL_LOSS=0.817174 | REG_LOSS=0.801437 | PCL_LOSS=0.157373 | MEAN_GATE=0.4578 | BATCH_RMSE=0.895230
  STEP 300/1435 | TOTAL_LOSS=0.177672 | REG_LOSS=0.108869 | PCL_LOSS=0.688032 | MEAN_GATE=0.4899 | BATCH_RMSE=0.329953
  STEP 400/1435 | TOTAL_LOSS=0.555809 | REG_LOSS=0.473377 | PCL_LOSS=0.824324 | MEAN_GATE=0.4392 | BATCH_RMSE=0.688024
  STEP 500/1435 | TOTAL_LOSS=0.279828 | REG_LOSS=0.270242 | PCL_LOSS=0.095860 | MEAN_GATE=0.5307 | BATCH_RMSE=0.519848
  STEP 600/1435 | TOTAL_LOSS=1.045509 | REG_LOSS=1.018246 | PCL_LOSS=0.272626 | MEAN_GATE=0.4927 | BATCH_RMSE=1.009082
  STEP 700/1435 | TOTAL_LOSS=0.341416 | REG_LOSS=0.298012 | PCL_LOSS=0.434047 | MEAN_GATE=0.5433 | BATCH_RMSE=0.545905
  STEP 800/1435 | TOTAL_LOSS=0.375701 | REG_LOSS=0.335383 | PCL_LOSS=0.403184 | MEAN_GATE=0.5352 | BATCH_RMSE=0.579122
  STEP 900/1435 | TOTAL_LOSS=0.463661 | REG_LOSS=0.432720 | PCL_LOSS=0.309405 | MEAN_GATE=0.4914 | BATCH_RMSE=0.657815
  STEP 1000/1435 | TOTAL_LOSS=0.147338 | REG_LOSS=0.133965 | PCL_LOSS=0.133733 | MEAN_GATE=0.5472 | BATCH_RMSE=0.366012
  STEP 1100/1435 | TOTAL_LOSS=1.262317 | REG_LOSS=1.243716 | PCL_LOSS=0.186017 | MEAN_GATE=0.4917 | BATCH_RMSE=1.115220
  STEP 1200/1435 | TOTAL_LOSS=0.132972 | REG_LOSS=0.119437 | PCL_LOSS=0.135357 | MEAN_GATE=0.4159 | BATCH_RMSE=0.345596
  STEP 1300/1435 | TOTAL_LOSS=1.020846 | REG_LOSS=1.003013 | PCL_LOSS=0.178334 | MEAN_GATE=0.4023 | BATCH_RMSE=1.001505
  STEP 1400/1435 | TOTAL_LOSS=0.840050 | REG_LOSS=0.807957 | PCL_LOSS=0.320929 | MEAN_GATE=0.5865 | BATCH_RMSE=0.898864
[EPOCH 030/030] TRAIN: TOTAL=0.544880 | REG=0.519241 | PCL=0.256389 | RMSE=0.720584 | MAE=0.493145 | CI=0.791662 | RM2=0.343151
[EPOCH 030/030] VAL  : TOTAL=0.446780 | REG=0.426347 | PCL=0.204332 | RMSE=0.652952 | MAE=0.404691 | CI=0.834790 | RM2=0.446800
  SAVED NEW BEST MODEL | EPOCH=030 | BEST_VAL_RMSE=0.652952 | BEST_VAL_MAE=0.404691 | BEST_VAL_CI=0.834790 | BEST_VAL_RM2=0.446800

TRAINING FINISHED.
BEST MODEL SUMMARY | EPOCH=030 | VAL_RMSE=0.652952 | VAL_MAE=0.404691 | VAL_CI=0.834790 | VAL_RM2=0.446800
SAVED OUTPUTS TO: outputs/pcl_sweeps/pcl_sweep_20260418_064902/bs16_lr0.0003_lp0.1_temp0.07
