Using device: cuda
[DavisDatasetP13D] input pairs: 30056
[DavisDatasetP13D] kept pairs : 28696
[DavisDatasetP13D] missing counts: {'drug_1d': 0, 'drug_2d': 0, 'protein_1d': 0, 'protein_3d': 1360}
TOTAL SIZE: 28696
TRAIN SIZE: 22956
VAL SIZE: 5740
SPLIT JSON: data/splits/davis_fixed_split_size2.json
MODEL: drug_1d + protein_1d + protein_3d + affinity-aware soft CLIP

EPOCH 1/30
  STEP 100/1435 | TOTAL_LOSS=0.678415 | REG_LOSS=0.422956 | SOFTCLIP_LOSS=2.554587 | MEAN_VALID_PER_ROW=13.38 | MEAN_VALID_OFFDIAG=12.38 | BATCH_RMSE=0.650351
  STEP 200/1435 | TOTAL_LOSS=0.451321 | REG_LOSS=0.197167 | SOFTCLIP_LOSS=2.541542 | MEAN_VALID_PER_ROW=13.31 | MEAN_VALID_OFFDIAG=12.31 | BATCH_RMSE=0.444034
  STEP 300/1435 | TOTAL_LOSS=1.297371 | REG_LOSS=1.054577 | SOFTCLIP_LOSS=2.427933 | MEAN_VALID_PER_ROW=12.75 | MEAN_VALID_OFFDIAG=11.75 | BATCH_RMSE=1.026926
  STEP 400/1435 | TOTAL_LOSS=1.646620 | REG_LOSS=1.397875 | SOFTCLIP_LOSS=2.487453 | MEAN_VALID_PER_ROW=13.19 | MEAN_VALID_OFFDIAG=12.19 | BATCH_RMSE=1.182317
  STEP 500/1435 | TOTAL_LOSS=1.088151 | REG_LOSS=0.837157 | SOFTCLIP_LOSS=2.509937 | MEAN_VALID_PER_ROW=13.50 | MEAN_VALID_OFFDIAG=12.50 | BATCH_RMSE=0.914963
  STEP 600/1435 | TOTAL_LOSS=1.516206 | REG_LOSS=1.262424 | SOFTCLIP_LOSS=2.537820 | MEAN_VALID_PER_ROW=13.69 | MEAN_VALID_OFFDIAG=12.69 | BATCH_RMSE=1.123577
  STEP 700/1435 | TOTAL_LOSS=1.858355 | REG_LOSS=1.616553 | SOFTCLIP_LOSS=2.418019 | MEAN_VALID_PER_ROW=12.94 | MEAN_VALID_OFFDIAG=11.94 | BATCH_RMSE=1.271438
  STEP 800/1435 | TOTAL_LOSS=2.201002 | REG_LOSS=1.950281 | SOFTCLIP_LOSS=2.507209 | MEAN_VALID_PER_ROW=13.50 | MEAN_VALID_OFFDIAG=12.50 | BATCH_RMSE=1.396525
  STEP 900/1435 | TOTAL_LOSS=0.612070 | REG_LOSS=0.364944 | SOFTCLIP_LOSS=2.471266 | MEAN_VALID_PER_ROW=12.44 | MEAN_VALID_OFFDIAG=11.44 | BATCH_RMSE=0.604106
  STEP 1000/1435 | TOTAL_LOSS=0.689038 | REG_LOSS=0.435685 | SOFTCLIP_LOSS=2.533532 | MEAN_VALID_PER_ROW=13.06 | MEAN_VALID_OFFDIAG=12.06 | BATCH_RMSE=0.660064
  STEP 1100/1435 | TOTAL_LOSS=0.612513 | REG_LOSS=0.360282 | SOFTCLIP_LOSS=2.522303 | MEAN_VALID_PER_ROW=12.62 | MEAN_VALID_OFFDIAG=11.62 | BATCH_RMSE=0.600235
  STEP 1200/1435 | TOTAL_LOSS=0.678604 | REG_LOSS=0.445240 | SOFTCLIP_LOSS=2.333639 | MEAN_VALID_PER_ROW=12.50 | MEAN_VALID_OFFDIAG=11.50 | BATCH_RMSE=0.667263
  STEP 1300/1435 | TOTAL_LOSS=2.748505 | REG_LOSS=2.508637 | SOFTCLIP_LOSS=2.398676 | MEAN_VALID_PER_ROW=12.94 | MEAN_VALID_OFFDIAG=11.94 | BATCH_RMSE=1.583868
  STEP 1400/1435 | TOTAL_LOSS=1.489443 | REG_LOSS=1.240702 | SOFTCLIP_LOSS=2.487409 | MEAN_VALID_PER_ROW=13.56 | MEAN_VALID_OFFDIAG=12.56 | BATCH_RMSE=1.113868
[EPOCH 001/030] TRAIN: TOTAL=1.256978 | REG=1.007723 | SOFTCLIP=2.492551 | RMSE=1.003854 | MAE=0.666198 | CI=0.667266 | RM2=0.049367
[EPOCH 001/030] VAL  : TOTAL=0.711454 | REG=0.579510 | SOFTCLIP=1.319439 | RMSE=0.761256 | MAE=0.524298 | CI=0.775925 | RM2=0.262943
  SAVED NEW BEST MODEL | EPOCH=001 | BEST_VAL_RMSE=0.761256 | BEST_VAL_MAE=0.524298 | BEST_VAL_CI=0.775925 | BEST_VAL_RM2=0.262943

EPOCH 2/30
  STEP 100/1435 | TOTAL_LOSS=0.939837 | REG_LOSS=0.693050 | SOFTCLIP_LOSS=2.467874 | MEAN_VALID_PER_ROW=13.25 | MEAN_VALID_OFFDIAG=12.25 | BATCH_RMSE=0.832496
  STEP 200/1435 | TOTAL_LOSS=1.005436 | REG_LOSS=0.766999 | SOFTCLIP_LOSS=2.384364 | MEAN_VALID_PER_ROW=12.81 | MEAN_VALID_OFFDIAG=11.81 | BATCH_RMSE=0.875785
  STEP 300/1435 | TOTAL_LOSS=2.029540 | REG_LOSS=1.780988 | SOFTCLIP_LOSS=2.485517 | MEAN_VALID_PER_ROW=12.88 | MEAN_VALID_OFFDIAG=11.88 | BATCH_RMSE=1.334537
  STEP 400/1435 | TOTAL_LOSS=1.138805 | REG_LOSS=0.895892 | SOFTCLIP_LOSS=2.429136 | MEAN_VALID_PER_ROW=13.12 | MEAN_VALID_OFFDIAG=12.12 | BATCH_RMSE=0.946516
  STEP 500/1435 | TOTAL_LOSS=1.414379 | REG_LOSS=1.162184 | SOFTCLIP_LOSS=2.521949 | MEAN_VALID_PER_ROW=13.44 | MEAN_VALID_OFFDIAG=12.44 | BATCH_RMSE=1.078046
  STEP 600/1435 | TOTAL_LOSS=0.544488 | REG_LOSS=0.304364 | SOFTCLIP_LOSS=2.401242 | MEAN_VALID_PER_ROW=13.12 | MEAN_VALID_OFFDIAG=12.12 | BATCH_RMSE=0.551692
  STEP 700/1435 | TOTAL_LOSS=0.533297 | REG_LOSS=0.290057 | SOFTCLIP_LOSS=2.432404 | MEAN_VALID_PER_ROW=12.75 | MEAN_VALID_OFFDIAG=11.75 | BATCH_RMSE=0.538569
  STEP 800/1435 | TOTAL_LOSS=0.688420 | REG_LOSS=0.435072 | SOFTCLIP_LOSS=2.533484 | MEAN_VALID_PER_ROW=13.31 | MEAN_VALID_OFFDIAG=12.31 | BATCH_RMSE=0.659600
  STEP 900/1435 | TOTAL_LOSS=0.954560 | REG_LOSS=0.700778 | SOFTCLIP_LOSS=2.537818 | MEAN_VALID_PER_ROW=13.38 | MEAN_VALID_OFFDIAG=12.38 | BATCH_RMSE=0.837125
  STEP 1000/1435 | TOTAL_LOSS=1.381919 | REG_LOSS=1.136992 | SOFTCLIP_LOSS=2.449264 | MEAN_VALID_PER_ROW=12.56 | MEAN_VALID_OFFDIAG=11.56 | BATCH_RMSE=1.066298
  STEP 1100/1435 | TOTAL_LOSS=0.441447 | REG_LOSS=0.208004 | SOFTCLIP_LOSS=2.334427 | MEAN_VALID_PER_ROW=12.94 | MEAN_VALID_OFFDIAG=11.94 | BATCH_RMSE=0.456075
  STEP 1200/1435 | TOTAL_LOSS=0.651721 | REG_LOSS=0.393710 | SOFTCLIP_LOSS=2.580109 | MEAN_VALID_PER_ROW=13.31 | MEAN_VALID_OFFDIAG=12.31 | BATCH_RMSE=0.627463
  STEP 1300/1435 | TOTAL_LOSS=0.596617 | REG_LOSS=0.354159 | SOFTCLIP_LOSS=2.424573 | MEAN_VALID_PER_ROW=12.75 | MEAN_VALID_OFFDIAG=11.75 | BATCH_RMSE=0.595113
  STEP 1400/1435 | TOTAL_LOSS=0.478231 | REG_LOSS=0.245902 | SOFTCLIP_LOSS=2.323290 | MEAN_VALID_PER_ROW=12.94 | MEAN_VALID_OFFDIAG=11.94 | BATCH_RMSE=0.495885
[EPOCH 002/030] TRAIN: TOTAL=0.934244 | REG=0.690457 | SOFTCLIP=2.437867 | RMSE=0.830938 | MAE=0.578813 | CI=0.719217 | RM2=0.171785
[EPOCH 002/030] VAL  : TOTAL=0.772465 | REG=0.643670 | SOFTCLIP=1.287944 | RMSE=0.802291 | MAE=0.606917 | CI=0.773456 | RM2=0.274448

EPOCH 3/30
  STEP 100/1435 | TOTAL_LOSS=0.884137 | REG_LOSS=0.647494 | SOFTCLIP_LOSS=2.366422 | MEAN_VALID_PER_ROW=12.62 | MEAN_VALID_OFFDIAG=11.62 | BATCH_RMSE=0.804670
  STEP 200/1435 | TOTAL_LOSS=0.565618 | REG_LOSS=0.320897 | SOFTCLIP_LOSS=2.447207 | MEAN_VALID_PER_ROW=13.00 | MEAN_VALID_OFFDIAG=12.00 | BATCH_RMSE=0.566478
  STEP 300/1435 | TOTAL_LOSS=2.007839 | REG_LOSS=1.774152 | SOFTCLIP_LOSS=2.336867 | MEAN_VALID_PER_ROW=13.00 | MEAN_VALID_OFFDIAG=12.00 | BATCH_RMSE=1.331973
  STEP 400/1435 | TOTAL_LOSS=0.452687 | REG_LOSS=0.210470 | SOFTCLIP_LOSS=2.422175 | MEAN_VALID_PER_ROW=13.25 | MEAN_VALID_OFFDIAG=12.25 | BATCH_RMSE=0.458770
  STEP 500/1435 | TOTAL_LOSS=0.727350 | REG_LOSS=0.484733 | SOFTCLIP_LOSS=2.426167 | MEAN_VALID_PER_ROW=12.81 | MEAN_VALID_OFFDIAG=11.81 | BATCH_RMSE=0.696228
  STEP 600/1435 | TOTAL_LOSS=0.721611 | REG_LOSS=0.471514 | SOFTCLIP_LOSS=2.500974 | MEAN_VALID_PER_ROW=13.81 | MEAN_VALID_OFFDIAG=12.81 | BATCH_RMSE=0.686669
  STEP 700/1435 | TOTAL_LOSS=0.512205 | REG_LOSS=0.265328 | SOFTCLIP_LOSS=2.468767 | MEAN_VALID_PER_ROW=13.38 | MEAN_VALID_OFFDIAG=12.38 | BATCH_RMSE=0.515100
  STEP 800/1435 | TOTAL_LOSS=1.483379 | REG_LOSS=1.238133 | SOFTCLIP_LOSS=2.452454 | MEAN_VALID_PER_ROW=13.12 | MEAN_VALID_OFFDIAG=12.12 | BATCH_RMSE=1.112714
  STEP 900/1435 | TOTAL_LOSS=1.760774 | REG_LOSS=1.510829 | SOFTCLIP_LOSS=2.499453 | MEAN_VALID_PER_ROW=13.56 | MEAN_VALID_OFFDIAG=12.56 | BATCH_RMSE=1.229158
  STEP 1000/1435 | TOTAL_LOSS=1.207872 | REG_LOSS=0.981207 | SOFTCLIP_LOSS=2.266657 | MEAN_VALID_PER_ROW=12.50 | MEAN_VALID_OFFDIAG=11.50 | BATCH_RMSE=0.990559
  STEP 1100/1435 | TOTAL_LOSS=0.687724 | REG_LOSS=0.447526 | SOFTCLIP_LOSS=2.401977 | MEAN_VALID_PER_ROW=13.69 | MEAN_VALID_OFFDIAG=12.69 | BATCH_RMSE=0.668974
  STEP 1200/1435 | TOTAL_LOSS=1.478188 | REG_LOSS=1.234902 | SOFTCLIP_LOSS=2.432863 | MEAN_VALID_PER_ROW=13.81 | MEAN_VALID_OFFDIAG=12.81 | BATCH_RMSE=1.111261
  STEP 1300/1435 | TOTAL_LOSS=0.501142 | REG_LOSS=0.264871 | SOFTCLIP_LOSS=2.362709 | MEAN_VALID_PER_ROW=13.25 | MEAN_VALID_OFFDIAG=12.25 | BATCH_RMSE=0.514656
  STEP 1400/1435 | TOTAL_LOSS=1.032797 | REG_LOSS=0.788163 | SOFTCLIP_LOSS=2.446337 | MEAN_VALID_PER_ROW=12.88 | MEAN_VALID_OFFDIAG=11.88 | BATCH_RMSE=0.887786
[EPOCH 003/030] TRAIN: TOTAL=0.904739 | REG=0.666174 | SOFTCLIP=2.385653 | RMSE=0.816195 | MAE=0.566113 | CI=0.732896 | RM2=0.193736
[EPOCH 003/030] VAL  : TOTAL=0.858922 | REG=0.731204 | SOFTCLIP=1.277174 | RMSE=0.855105 | MAE=0.535525 | CI=0.779154 | RM2=0.280997

EPOCH 4/30
  STEP 100/1435 | TOTAL_LOSS=0.406749 | REG_LOSS=0.178112 | SOFTCLIP_LOSS=2.286376 | MEAN_VALID_PER_ROW=12.62 | MEAN_VALID_OFFDIAG=11.62 | BATCH_RMSE=0.422033
  STEP 200/1435 | TOTAL_LOSS=0.694554 | REG_LOSS=0.449219 | SOFTCLIP_LOSS=2.453356 | MEAN_VALID_PER_ROW=13.44 | MEAN_VALID_OFFDIAG=12.44 | BATCH_RMSE=0.670238
  STEP 300/1435 | TOTAL_LOSS=1.736386 | REG_LOSS=1.501727 | SOFTCLIP_LOSS=2.346597 | MEAN_VALID_PER_ROW=12.88 | MEAN_VALID_OFFDIAG=11.88 | BATCH_RMSE=1.225450
  STEP 400/1435 | TOTAL_LOSS=0.680997 | REG_LOSS=0.452856 | SOFTCLIP_LOSS=2.281417 | MEAN_VALID_PER_ROW=13.44 | MEAN_VALID_OFFDIAG=12.44 | BATCH_RMSE=0.672946
  STEP 500/1435 | TOTAL_LOSS=0.533067 | REG_LOSS=0.290044 | SOFTCLIP_LOSS=2.430226 | MEAN_VALID_PER_ROW=13.06 | MEAN_VALID_OFFDIAG=12.06 | BATCH_RMSE=0.538557
  STEP 600/1435 | TOTAL_LOSS=0.612822 | REG_LOSS=0.373927 | SOFTCLIP_LOSS=2.388951 | MEAN_VALID_PER_ROW=13.38 | MEAN_VALID_OFFDIAG=12.38 | BATCH_RMSE=0.611495
  STEP 700/1435 | TOTAL_LOSS=0.447855 | REG_LOSS=0.210238 | SOFTCLIP_LOSS=2.376175 | MEAN_VALID_PER_ROW=12.81 | MEAN_VALID_OFFDIAG=11.81 | BATCH_RMSE=0.458517
  STEP 800/1435 | TOTAL_LOSS=1.295660 | REG_LOSS=1.076188 | SOFTCLIP_LOSS=2.194721 | MEAN_VALID_PER_ROW=13.38 | MEAN_VALID_OFFDIAG=12.38 | BATCH_RMSE=1.037395
  STEP 900/1435 | TOTAL_LOSS=0.803327 | REG_LOSS=0.598892 | SOFTCLIP_LOSS=2.044353 | MEAN_VALID_PER_ROW=12.50 | MEAN_VALID_OFFDIAG=11.50 | BATCH_RMSE=0.773881
  STEP 1000/1435 | TOTAL_LOSS=0.577992 | REG_LOSS=0.336613 | SOFTCLIP_LOSS=2.413797 | MEAN_VALID_PER_ROW=12.69 | MEAN_VALID_OFFDIAG=11.69 | BATCH_RMSE=0.580183
  STEP 1100/1435 | TOTAL_LOSS=1.140895 | REG_LOSS=0.905958 | SOFTCLIP_LOSS=2.349374 | MEAN_VALID_PER_ROW=12.94 | MEAN_VALID_OFFDIAG=11.94 | BATCH_RMSE=0.951818
  STEP 1200/1435 | TOTAL_LOSS=0.553743 | REG_LOSS=0.318171 | SOFTCLIP_LOSS=2.355719 | MEAN_VALID_PER_ROW=12.50 | MEAN_VALID_OFFDIAG=11.50 | BATCH_RMSE=0.564066
  STEP 1300/1435 | TOTAL_LOSS=1.227229 | REG_LOSS=0.997030 | SOFTCLIP_LOSS=2.301985 | MEAN_VALID_PER_ROW=13.12 | MEAN_VALID_OFFDIAG=12.12 | BATCH_RMSE=0.998514
  STEP 1400/1435 | TOTAL_LOSS=0.670576 | REG_LOSS=0.433567 | SOFTCLIP_LOSS=2.370086 | MEAN_VALID_PER_ROW=13.31 | MEAN_VALID_OFFDIAG=12.31 | BATCH_RMSE=0.658458
[EPOCH 004/030] TRAIN: TOTAL=0.886075 | REG=0.650245 | SOFTCLIP=2.358307 | RMSE=0.806377 | MAE=0.558896 | CI=0.741614 | RM2=0.207407
[EPOCH 004/030] VAL  : TOTAL=0.670258 | REG=0.543218 | SOFTCLIP=1.270399 | RMSE=0.737034 | MAE=0.487740 | CI=0.779772 | RM2=0.302554
  SAVED NEW BEST MODEL | EPOCH=004 | BEST_VAL_RMSE=0.737034 | BEST_VAL_MAE=0.487740 | BEST_VAL_CI=0.779772 | BEST_VAL_RM2=0.302554

EPOCH 5/30
  STEP 100/1435 | TOTAL_LOSS=0.750063 | REG_LOSS=0.539227 | SOFTCLIP_LOSS=2.108361 | MEAN_VALID_PER_ROW=12.62 | MEAN_VALID_OFFDIAG=11.62 | BATCH_RMSE=0.734321
  STEP 200/1435 | TOTAL_LOSS=0.678763 | REG_LOSS=0.429961 | SOFTCLIP_LOSS=2.488021 | MEAN_VALID_PER_ROW=13.44 | MEAN_VALID_OFFDIAG=12.44 | BATCH_RMSE=0.655714
  STEP 300/1435 | TOTAL_LOSS=0.878438 | REG_LOSS=0.631712 | SOFTCLIP_LOSS=2.467268 | MEAN_VALID_PER_ROW=13.44 | MEAN_VALID_OFFDIAG=12.44 | BATCH_RMSE=0.794803
  STEP 400/1435 | TOTAL_LOSS=0.555034 | REG_LOSS=0.307412 | SOFTCLIP_LOSS=2.476217 | MEAN_VALID_PER_ROW=12.56 | MEAN_VALID_OFFDIAG=11.56 | BATCH_RMSE=0.554447
  STEP 500/1435 | TOTAL_LOSS=0.308284 | REG_LOSS=0.066150 | SOFTCLIP_LOSS=2.421338 | MEAN_VALID_PER_ROW=13.44 | MEAN_VALID_OFFDIAG=12.44 | BATCH_RMSE=0.257196
  STEP 600/1435 | TOTAL_LOSS=1.502114 | REG_LOSS=1.274804 | SOFTCLIP_LOSS=2.273106 | MEAN_VALID_PER_ROW=13.44 | MEAN_VALID_OFFDIAG=12.44 | BATCH_RMSE=1.129072
  STEP 700/1435 | TOTAL_LOSS=0.617697 | REG_LOSS=0.368159 | SOFTCLIP_LOSS=2.495388 | MEAN_VALID_PER_ROW=13.62 | MEAN_VALID_OFFDIAG=12.62 | BATCH_RMSE=0.606761
  STEP 800/1435 | TOTAL_LOSS=0.683720 | REG_LOSS=0.440742 | SOFTCLIP_LOSS=2.429778 | MEAN_VALID_PER_ROW=13.25 | MEAN_VALID_OFFDIAG=12.25 | BATCH_RMSE=0.663884
  STEP 900/1435 | TOTAL_LOSS=0.704760 | REG_LOSS=0.480004 | SOFTCLIP_LOSS=2.247552 | MEAN_VALID_PER_ROW=12.50 | MEAN_VALID_OFFDIAG=11.50 | BATCH_RMSE=0.692824
  STEP 1000/1435 | TOTAL_LOSS=0.986686 | REG_LOSS=0.762040 | SOFTCLIP_LOSS=2.246462 | MEAN_VALID_PER_ROW=13.06 | MEAN_VALID_OFFDIAG=12.06 | BATCH_RMSE=0.872949
  STEP 1100/1435 | TOTAL_LOSS=1.473853 | REG_LOSS=1.241181 | SOFTCLIP_LOSS=2.326718 | MEAN_VALID_PER_ROW=13.38 | MEAN_VALID_OFFDIAG=12.38 | BATCH_RMSE=1.114083
  STEP 1200/1435 | TOTAL_LOSS=2.202756 | REG_LOSS=1.962932 | SOFTCLIP_LOSS=2.398246 | MEAN_VALID_PER_ROW=13.75 | MEAN_VALID_OFFDIAG=12.75 | BATCH_RMSE=1.401047
  STEP 1300/1435 | TOTAL_LOSS=0.803301 | REG_LOSS=0.569357 | SOFTCLIP_LOSS=2.339444 | MEAN_VALID_PER_ROW=13.06 | MEAN_VALID_OFFDIAG=12.06 | BATCH_RMSE=0.754557
  STEP 1400/1435 | TOTAL_LOSS=0.554929 | REG_LOSS=0.306834 | SOFTCLIP_LOSS=2.480949 | MEAN_VALID_PER_ROW=13.12 | MEAN_VALID_OFFDIAG=12.12 | BATCH_RMSE=0.553926
[EPOCH 005/030] TRAIN: TOTAL=0.883840 | REG=0.649559 | SOFTCLIP=2.342814 | RMSE=0.805952 | MAE=0.560341 | CI=0.740250 | RM2=0.209278
[EPOCH 005/030] VAL  : TOTAL=0.709395 | REG=0.582175 | SOFTCLIP=1.272201 | RMSE=0.763004 | MAE=0.586803 | CI=0.783019 | RM2=0.327558

EPOCH 6/30
  STEP 100/1435 | TOTAL_LOSS=0.919520 | REG_LOSS=0.684346 | SOFTCLIP_LOSS=2.351739 | MEAN_VALID_PER_ROW=12.88 | MEAN_VALID_OFFDIAG=11.88 | BATCH_RMSE=0.827252
  STEP 200/1435 | TOTAL_LOSS=0.701930 | REG_LOSS=0.476277 | SOFTCLIP_LOSS=2.256531 | MEAN_VALID_PER_ROW=12.94 | MEAN_VALID_OFFDIAG=11.94 | BATCH_RMSE=0.690128
  STEP 300/1435 | TOTAL_LOSS=1.614396 | REG_LOSS=1.399501 | SOFTCLIP_LOSS=2.148950 | MEAN_VALID_PER_ROW=12.75 | MEAN_VALID_OFFDIAG=11.75 | BATCH_RMSE=1.183005
  STEP 400/1435 | TOTAL_LOSS=0.488992 | REG_LOSS=0.228324 | SOFTCLIP_LOSS=2.606679 | MEAN_VALID_PER_ROW=13.62 | MEAN_VALID_OFFDIAG=12.62 | BATCH_RMSE=0.477833
  STEP 500/1435 | TOTAL_LOSS=1.869794 | REG_LOSS=1.654451 | SOFTCLIP_LOSS=2.153435 | MEAN_VALID_PER_ROW=12.56 | MEAN_VALID_OFFDIAG=11.56 | BATCH_RMSE=1.286255
  STEP 600/1435 | TOTAL_LOSS=0.961419 | REG_LOSS=0.726006 | SOFTCLIP_LOSS=2.354130 | MEAN_VALID_PER_ROW=13.00 | MEAN_VALID_OFFDIAG=12.00 | BATCH_RMSE=0.852060
  STEP 700/1435 | TOTAL_LOSS=1.140423 | REG_LOSS=0.898732 | SOFTCLIP_LOSS=2.416903 | MEAN_VALID_PER_ROW=13.12 | MEAN_VALID_OFFDIAG=12.12 | BATCH_RMSE=0.948015
  STEP 800/1435 | TOTAL_LOSS=0.453989 | REG_LOSS=0.220103 | SOFTCLIP_LOSS=2.338857 | MEAN_VALID_PER_ROW=12.75 | MEAN_VALID_OFFDIAG=11.75 | BATCH_RMSE=0.469152
  STEP 900/1435 | TOTAL_LOSS=0.994478 | REG_LOSS=0.762389 | SOFTCLIP_LOSS=2.320889 | MEAN_VALID_PER_ROW=13.38 | MEAN_VALID_OFFDIAG=12.38 | BATCH_RMSE=0.873149
  STEP 1000/1435 | TOTAL_LOSS=0.861546 | REG_LOSS=0.627286 | SOFTCLIP_LOSS=2.342600 | MEAN_VALID_PER_ROW=12.81 | MEAN_VALID_OFFDIAG=11.81 | BATCH_RMSE=0.792014
  STEP 1100/1435 | TOTAL_LOSS=0.531355 | REG_LOSS=0.298737 | SOFTCLIP_LOSS=2.326179 | MEAN_VALID_PER_ROW=13.12 | MEAN_VALID_OFFDIAG=12.12 | BATCH_RMSE=0.546568
  STEP 1200/1435 | TOTAL_LOSS=1.444776 | REG_LOSS=1.221782 | SOFTCLIP_LOSS=2.229937 | MEAN_VALID_PER_ROW=12.50 | MEAN_VALID_OFFDIAG=11.50 | BATCH_RMSE=1.105343
  STEP 1300/1435 | TOTAL_LOSS=1.091351 | REG_LOSS=0.844155 | SOFTCLIP_LOSS=2.471955 | MEAN_VALID_PER_ROW=13.69 | MEAN_VALID_OFFDIAG=12.69 | BATCH_RMSE=0.918779
  STEP 1400/1435 | TOTAL_LOSS=0.394083 | REG_LOSS=0.166447 | SOFTCLIP_LOSS=2.276357 | MEAN_VALID_PER_ROW=13.12 | MEAN_VALID_OFFDIAG=12.12 | BATCH_RMSE=0.407979
[EPOCH 006/030] TRAIN: TOTAL=0.852352 | REG=0.617999 | SOFTCLIP=2.343529 | RMSE=0.786129 | MAE=0.539657 | CI=0.753261 | RM2=0.239603
[EPOCH 006/030] VAL  : TOTAL=0.636793 | REG=0.510504 | SOFTCLIP=1.262888 | RMSE=0.714496 | MAE=0.448706 | CI=0.808443 | RM2=0.344695
  SAVED NEW BEST MODEL | EPOCH=006 | BEST_VAL_RMSE=0.714496 | BEST_VAL_MAE=0.448706 | BEST_VAL_CI=0.808443 | BEST_VAL_RM2=0.344695

EPOCH 7/30
  STEP 100/1435 | TOTAL_LOSS=0.964408 | REG_LOSS=0.727083 | SOFTCLIP_LOSS=2.373251 | MEAN_VALID_PER_ROW=12.81 | MEAN_VALID_OFFDIAG=11.81 | BATCH_RMSE=0.852692
  STEP 200/1435 | TOTAL_LOSS=1.167993 | REG_LOSS=0.954651 | SOFTCLIP_LOSS=2.133422 | MEAN_VALID_PER_ROW=13.25 | MEAN_VALID_OFFDIAG=12.25 | BATCH_RMSE=0.977062
  STEP 300/1435 | TOTAL_LOSS=1.350481 | REG_LOSS=1.119232 | SOFTCLIP_LOSS=2.312490 | MEAN_VALID_PER_ROW=12.69 | MEAN_VALID_OFFDIAG=11.69 | BATCH_RMSE=1.057938
  STEP 400/1435 | TOTAL_LOSS=1.976638 | REG_LOSS=1.745118 | SOFTCLIP_LOSS=2.315202 | MEAN_VALID_PER_ROW=12.94 | MEAN_VALID_OFFDIAG=11.94 | BATCH_RMSE=1.321029
  STEP 500/1435 | TOTAL_LOSS=0.854648 | REG_LOSS=0.620239 | SOFTCLIP_LOSS=2.344098 | MEAN_VALID_PER_ROW=12.69 | MEAN_VALID_OFFDIAG=11.69 | BATCH_RMSE=0.787552
  STEP 600/1435 | TOTAL_LOSS=0.501633 | REG_LOSS=0.263996 | SOFTCLIP_LOSS=2.376367 | MEAN_VALID_PER_ROW=13.25 | MEAN_VALID_OFFDIAG=12.25 | BATCH_RMSE=0.513806
  STEP 700/1435 | TOTAL_LOSS=0.490433 | REG_LOSS=0.252757 | SOFTCLIP_LOSS=2.376757 | MEAN_VALID_PER_ROW=13.88 | MEAN_VALID_OFFDIAG=12.88 | BATCH_RMSE=0.502749
  STEP 800/1435 | TOTAL_LOSS=0.481853 | REG_LOSS=0.238940 | SOFTCLIP_LOSS=2.429132 | MEAN_VALID_PER_ROW=13.00 | MEAN_VALID_OFFDIAG=12.00 | BATCH_RMSE=0.488815
  STEP 900/1435 | TOTAL_LOSS=0.738896 | REG_LOSS=0.501824 | SOFTCLIP_LOSS=2.370720 | MEAN_VALID_PER_ROW=13.06 | MEAN_VALID_OFFDIAG=12.06 | BATCH_RMSE=0.708396
  STEP 1000/1435 | TOTAL_LOSS=1.245117 | REG_LOSS=1.019416 | SOFTCLIP_LOSS=2.257011 | MEAN_VALID_PER_ROW=13.50 | MEAN_VALID_OFFDIAG=12.50 | BATCH_RMSE=1.009661
  STEP 1100/1435 | TOTAL_LOSS=0.715033 | REG_LOSS=0.472279 | SOFTCLIP_LOSS=2.427544 | MEAN_VALID_PER_ROW=12.56 | MEAN_VALID_OFFDIAG=11.56 | BATCH_RMSE=0.687226
  STEP 1200/1435 | TOTAL_LOSS=0.564103 | REG_LOSS=0.311635 | SOFTCLIP_LOSS=2.524680 | MEAN_VALID_PER_ROW=13.69 | MEAN_VALID_OFFDIAG=12.69 | BATCH_RMSE=0.558243
  STEP 1300/1435 | TOTAL_LOSS=0.393206 | REG_LOSS=0.179202 | SOFTCLIP_LOSS=2.140044 | MEAN_VALID_PER_ROW=12.94 | MEAN_VALID_OFFDIAG=11.94 | BATCH_RMSE=0.423323
  STEP 1400/1435 | TOTAL_LOSS=0.560821 | REG_LOSS=0.339980 | SOFTCLIP_LOSS=2.208414 | MEAN_VALID_PER_ROW=12.12 | MEAN_VALID_OFFDIAG=11.12 | BATCH_RMSE=0.583078
[EPOCH 007/030] TRAIN: TOTAL=0.826099 | REG=0.592840 | SOFTCLIP=2.332582 | RMSE=0.769961 | MAE=0.526809 | CI=0.762854 | RM2=0.265262
[EPOCH 007/030] VAL  : TOTAL=0.621091 | REG=0.494796 | SOFTCLIP=1.262947 | RMSE=0.703417 | MAE=0.410236 | CI=0.809252 | RM2=0.385993
  SAVED NEW BEST MODEL | EPOCH=007 | BEST_VAL_RMSE=0.703417 | BEST_VAL_MAE=0.410236 | BEST_VAL_CI=0.809252 | BEST_VAL_RM2=0.385993

EPOCH 8/30
  STEP 100/1435 | TOTAL_LOSS=0.868314 | REG_LOSS=0.629525 | SOFTCLIP_LOSS=2.387892 | MEAN_VALID_PER_ROW=13.19 | MEAN_VALID_OFFDIAG=12.19 | BATCH_RMSE=0.793426
  STEP 200/1435 | TOTAL_LOSS=0.680232 | REG_LOSS=0.446329 | SOFTCLIP_LOSS=2.339036 | MEAN_VALID_PER_ROW=12.88 | MEAN_VALID_OFFDIAG=11.88 | BATCH_RMSE=0.668078
  STEP 300/1435 | TOTAL_LOSS=0.716926 | REG_LOSS=0.479532 | SOFTCLIP_LOSS=2.373942 | MEAN_VALID_PER_ROW=13.31 | MEAN_VALID_OFFDIAG=12.31 | BATCH_RMSE=0.692482
  STEP 400/1435 | TOTAL_LOSS=0.520461 | REG_LOSS=0.271997 | SOFTCLIP_LOSS=2.484641 | MEAN_VALID_PER_ROW=12.88 | MEAN_VALID_OFFDIAG=11.88 | BATCH_RMSE=0.521533
  STEP 500/1435 | TOTAL_LOSS=1.384439 | REG_LOSS=1.159968 | SOFTCLIP_LOSS=2.244701 | MEAN_VALID_PER_ROW=12.69 | MEAN_VALID_OFFDIAG=11.69 | BATCH_RMSE=1.077018
  STEP 600/1435 | TOTAL_LOSS=0.775509 | REG_LOSS=0.538608 | SOFTCLIP_LOSS=2.369007 | MEAN_VALID_PER_ROW=13.12 | MEAN_VALID_OFFDIAG=12.12 | BATCH_RMSE=0.733899
  STEP 700/1435 | TOTAL_LOSS=0.561537 | REG_LOSS=0.323379 | SOFTCLIP_LOSS=2.381584 | MEAN_VALID_PER_ROW=13.25 | MEAN_VALID_OFFDIAG=12.25 | BATCH_RMSE=0.568664
  STEP 800/1435 | TOTAL_LOSS=0.536358 | REG_LOSS=0.306958 | SOFTCLIP_LOSS=2.293997 | MEAN_VALID_PER_ROW=12.75 | MEAN_VALID_OFFDIAG=11.75 | BATCH_RMSE=0.554038
  STEP 900/1435 | TOTAL_LOSS=0.773892 | REG_LOSS=0.526734 | SOFTCLIP_LOSS=2.471580 | MEAN_VALID_PER_ROW=13.75 | MEAN_VALID_OFFDIAG=12.75 | BATCH_RMSE=0.725765
  STEP 1000/1435 | TOTAL_LOSS=0.971228 | REG_LOSS=0.739468 | SOFTCLIP_LOSS=2.317600 | MEAN_VALID_PER_ROW=13.75 | MEAN_VALID_OFFDIAG=12.75 | BATCH_RMSE=0.859923
  STEP 1100/1435 | TOTAL_LOSS=0.773701 | REG_LOSS=0.525212 | SOFTCLIP_LOSS=2.484884 | MEAN_VALID_PER_ROW=13.00 | MEAN_VALID_OFFDIAG=12.00 | BATCH_RMSE=0.724715
  STEP 1200/1435 | TOTAL_LOSS=1.672261 | REG_LOSS=1.470617 | SOFTCLIP_LOSS=2.016437 | MEAN_VALID_PER_ROW=12.62 | MEAN_VALID_OFFDIAG=11.62 | BATCH_RMSE=1.212690
  STEP 1300/1435 | TOTAL_LOSS=0.993735 | REG_LOSS=0.764414 | SOFTCLIP_LOSS=2.293207 | MEAN_VALID_PER_ROW=13.06 | MEAN_VALID_OFFDIAG=12.06 | BATCH_RMSE=0.874308
  STEP 1400/1435 | TOTAL_LOSS=0.551090 | REG_LOSS=0.302218 | SOFTCLIP_LOSS=2.488719 | MEAN_VALID_PER_ROW=12.88 | MEAN_VALID_OFFDIAG=11.88 | BATCH_RMSE=0.549743
[EPOCH 008/030] TRAIN: TOTAL=0.825992 | REG=0.593500 | SOFTCLIP=2.324927 | RMSE=0.770389 | MAE=0.526527 | CI=0.761519 | RM2=0.264641
[EPOCH 008/030] VAL  : TOTAL=0.712369 | REG=0.586086 | SOFTCLIP=1.262833 | RMSE=0.765562 | MAE=0.574983 | CI=0.809885 | RM2=0.358500

EPOCH 9/30
  STEP 100/1435 | TOTAL_LOSS=1.350610 | REG_LOSS=1.121850 | SOFTCLIP_LOSS=2.287603 | MEAN_VALID_PER_ROW=12.88 | MEAN_VALID_OFFDIAG=11.88 | BATCH_RMSE=1.059174
  STEP 200/1435 | TOTAL_LOSS=1.188797 | REG_LOSS=0.949492 | SOFTCLIP_LOSS=2.393046 | MEAN_VALID_PER_ROW=12.56 | MEAN_VALID_OFFDIAG=11.56 | BATCH_RMSE=0.974419
  STEP 300/1435 | TOTAL_LOSS=0.666249 | REG_LOSS=0.425529 | SOFTCLIP_LOSS=2.407200 | MEAN_VALID_PER_ROW=13.06 | MEAN_VALID_OFFDIAG=12.06 | BATCH_RMSE=0.652325
  STEP 400/1435 | TOTAL_LOSS=1.912094 | REG_LOSS=1.704848 | SOFTCLIP_LOSS=2.072458 | MEAN_VALID_PER_ROW=12.88 | MEAN_VALID_OFFDIAG=11.88 | BATCH_RMSE=1.305698
  STEP 500/1435 | TOTAL_LOSS=0.920751 | REG_LOSS=0.690447 | SOFTCLIP_LOSS=2.303041 | MEAN_VALID_PER_ROW=13.19 | MEAN_VALID_OFFDIAG=12.19 | BATCH_RMSE=0.830931
  STEP 600/1435 | TOTAL_LOSS=1.191657 | REG_LOSS=0.960057 | SOFTCLIP_LOSS=2.315994 | MEAN_VALID_PER_ROW=13.31 | MEAN_VALID_OFFDIAG=12.31 | BATCH_RMSE=0.979825
  STEP 700/1435 | TOTAL_LOSS=0.746033 | REG_LOSS=0.525078 | SOFTCLIP_LOSS=2.209552 | MEAN_VALID_PER_ROW=12.81 | MEAN_VALID_OFFDIAG=11.81 | BATCH_RMSE=0.724622
  STEP 800/1435 | TOTAL_LOSS=1.029449 | REG_LOSS=0.795264 | SOFTCLIP_LOSS=2.341849 | MEAN_VALID_PER_ROW=12.56 | MEAN_VALID_OFFDIAG=11.56 | BATCH_RMSE=0.891775
  STEP 900/1435 | TOTAL_LOSS=1.024244 | REG_LOSS=0.822407 | SOFTCLIP_LOSS=2.018375 | MEAN_VALID_PER_ROW=13.19 | MEAN_VALID_OFFDIAG=12.19 | BATCH_RMSE=0.906866
  STEP 1000/1435 | TOTAL_LOSS=0.967536 | REG_LOSS=0.721315 | SOFTCLIP_LOSS=2.462212 | MEAN_VALID_PER_ROW=13.38 | MEAN_VALID_OFFDIAG=12.38 | BATCH_RMSE=0.849302
  STEP 1100/1435 | TOTAL_LOSS=1.233501 | REG_LOSS=0.993074 | SOFTCLIP_LOSS=2.404267 | MEAN_VALID_PER_ROW=12.19 | MEAN_VALID_OFFDIAG=11.19 | BATCH_RMSE=0.996531
  STEP 1200/1435 | TOTAL_LOSS=0.618983 | REG_LOSS=0.403158 | SOFTCLIP_LOSS=2.158243 | MEAN_VALID_PER_ROW=12.75 | MEAN_VALID_OFFDIAG=11.75 | BATCH_RMSE=0.634948
  STEP 1300/1435 | TOTAL_LOSS=0.757391 | REG_LOSS=0.529126 | SOFTCLIP_LOSS=2.282647 | MEAN_VALID_PER_ROW=12.69 | MEAN_VALID_OFFDIAG=11.69 | BATCH_RMSE=0.727411
  STEP 1400/1435 | TOTAL_LOSS=1.278856 | REG_LOSS=1.055341 | SOFTCLIP_LOSS=2.235150 | MEAN_VALID_PER_ROW=13.69 | MEAN_VALID_OFFDIAG=12.69 | BATCH_RMSE=1.027298
[EPOCH 009/030] TRAIN: TOTAL=0.812917 | REG=0.581189 | SOFTCLIP=2.317289 | RMSE=0.762357 | MAE=0.521872 | CI=0.766993 | RM2=0.277157
[EPOCH 009/030] VAL  : TOTAL=0.590419 | REG=0.464830 | SOFTCLIP=1.255882 | RMSE=0.681785 | MAE=0.412041 | CI=0.820848 | RM2=0.408097
  SAVED NEW BEST MODEL | EPOCH=009 | BEST_VAL_RMSE=0.681785 | BEST_VAL_MAE=0.412041 | BEST_VAL_CI=0.820848 | BEST_VAL_RM2=0.408097

EPOCH 10/30
  STEP 100/1435 | TOTAL_LOSS=0.440286 | REG_LOSS=0.199080 | SOFTCLIP_LOSS=2.412062 | MEAN_VALID_PER_ROW=12.50 | MEAN_VALID_OFFDIAG=11.50 | BATCH_RMSE=0.446184
  STEP 200/1435 | TOTAL_LOSS=0.612307 | REG_LOSS=0.375867 | SOFTCLIP_LOSS=2.364393 | MEAN_VALID_PER_ROW=13.44 | MEAN_VALID_OFFDIAG=12.44 | BATCH_RMSE=0.613080
  STEP 300/1435 | TOTAL_LOSS=0.767407 | REG_LOSS=0.544244 | SOFTCLIP_LOSS=2.231627 | MEAN_VALID_PER_ROW=13.00 | MEAN_VALID_OFFDIAG=12.00 | BATCH_RMSE=0.737729
  STEP 400/1435 | TOTAL_LOSS=0.435618 | REG_LOSS=0.199434 | SOFTCLIP_LOSS=2.361843 | MEAN_VALID_PER_ROW=12.81 | MEAN_VALID_OFFDIAG=11.81 | BATCH_RMSE=0.446580
  STEP 500/1435 | TOTAL_LOSS=1.436474 | REG_LOSS=1.192350 | SOFTCLIP_LOSS=2.441239 | MEAN_VALID_PER_ROW=13.44 | MEAN_VALID_OFFDIAG=12.44 | BATCH_RMSE=1.091948
  STEP 600/1435 | TOTAL_LOSS=0.693278 | REG_LOSS=0.452621 | SOFTCLIP_LOSS=2.406573 | MEAN_VALID_PER_ROW=12.69 | MEAN_VALID_OFFDIAG=11.69 | BATCH_RMSE=0.672771
  STEP 700/1435 | TOTAL_LOSS=0.995785 | REG_LOSS=0.798434 | SOFTCLIP_LOSS=1.973511 | MEAN_VALID_PER_ROW=13.25 | MEAN_VALID_OFFDIAG=12.25 | BATCH_RMSE=0.893551
  STEP 800/1435 | TOTAL_LOSS=0.540875 | REG_LOSS=0.310370 | SOFTCLIP_LOSS=2.305053 | MEAN_VALID_PER_ROW=13.06 | MEAN_VALID_OFFDIAG=12.06 | BATCH_RMSE=0.557108
  STEP 900/1435 | TOTAL_LOSS=0.432931 | REG_LOSS=0.198966 | SOFTCLIP_LOSS=2.339649 | MEAN_VALID_PER_ROW=13.19 | MEAN_VALID_OFFDIAG=12.19 | BATCH_RMSE=0.446056
  STEP 1000/1435 | TOTAL_LOSS=0.639557 | REG_LOSS=0.421471 | SOFTCLIP_LOSS=2.180859 | MEAN_VALID_PER_ROW=13.06 | MEAN_VALID_OFFDIAG=12.06 | BATCH_RMSE=0.649208
  STEP 1100/1435 | TOTAL_LOSS=0.476671 | REG_LOSS=0.235852 | SOFTCLIP_LOSS=2.408190 | MEAN_VALID_PER_ROW=13.56 | MEAN_VALID_OFFDIAG=12.56 | BATCH_RMSE=0.485646
  STEP 1200/1435 | TOTAL_LOSS=0.487557 | REG_LOSS=0.269351 | SOFTCLIP_LOSS=2.182061 | MEAN_VALID_PER_ROW=12.62 | MEAN_VALID_OFFDIAG=11.62 | BATCH_RMSE=0.518990
  STEP 1300/1435 | TOTAL_LOSS=1.025702 | REG_LOSS=0.805646 | SOFTCLIP_LOSS=2.200562 | MEAN_VALID_PER_ROW=12.62 | MEAN_VALID_OFFDIAG=11.62 | BATCH_RMSE=0.897578
  STEP 1400/1435 | TOTAL_LOSS=1.128575 | REG_LOSS=0.895971 | SOFTCLIP_LOSS=2.326034 | MEAN_VALID_PER_ROW=12.81 | MEAN_VALID_OFFDIAG=11.81 | BATCH_RMSE=0.946558
[EPOCH 010/030] TRAIN: TOTAL=0.797248 | REG=0.566227 | SOFTCLIP=2.310206 | RMSE=0.752481 | MAE=0.514527 | CI=0.773261 | RM2=0.292638
[EPOCH 010/030] VAL  : TOTAL=0.593941 | REG=0.468669 | SOFTCLIP=1.252722 | RMSE=0.684594 | MAE=0.427974 | CI=0.823329 | RM2=0.398744

EPOCH 11/30
  STEP 100/1435 | TOTAL_LOSS=1.758314 | REG_LOSS=1.519072 | SOFTCLIP_LOSS=2.392413 | MEAN_VALID_PER_ROW=13.75 | MEAN_VALID_OFFDIAG=12.75 | BATCH_RMSE=1.232507
  STEP 200/1435 | TOTAL_LOSS=0.914337 | REG_LOSS=0.679486 | SOFTCLIP_LOSS=2.348514 | MEAN_VALID_PER_ROW=13.62 | MEAN_VALID_OFFDIAG=12.62 | BATCH_RMSE=0.824309
  STEP 300/1435 | TOTAL_LOSS=1.678882 | REG_LOSS=1.452456 | SOFTCLIP_LOSS=2.264254 | MEAN_VALID_PER_ROW=12.62 | MEAN_VALID_OFFDIAG=11.62 | BATCH_RMSE=1.205179
  STEP 400/1435 | TOTAL_LOSS=0.668928 | REG_LOSS=0.452024 | SOFTCLIP_LOSS=2.169039 | MEAN_VALID_PER_ROW=13.75 | MEAN_VALID_OFFDIAG=12.75 | BATCH_RMSE=0.672327
  STEP 500/1435 | TOTAL_LOSS=0.674715 | REG_LOSS=0.428877 | SOFTCLIP_LOSS=2.458377 | MEAN_VALID_PER_ROW=13.38 | MEAN_VALID_OFFDIAG=12.38 | BATCH_RMSE=0.654887
  STEP 600/1435 | TOTAL_LOSS=0.518019 | REG_LOSS=0.304933 | SOFTCLIP_LOSS=2.130865 | MEAN_VALID_PER_ROW=12.56 | MEAN_VALID_OFFDIAG=11.56 | BATCH_RMSE=0.552207
  STEP 700/1435 | TOTAL_LOSS=0.619293 | REG_LOSS=0.389359 | SOFTCLIP_LOSS=2.299336 | MEAN_VALID_PER_ROW=12.69 | MEAN_VALID_OFFDIAG=11.69 | BATCH_RMSE=0.623986
  STEP 800/1435 | TOTAL_LOSS=0.637716 | REG_LOSS=0.418832 | SOFTCLIP_LOSS=2.188840 | MEAN_VALID_PER_ROW=12.06 | MEAN_VALID_OFFDIAG=11.06 | BATCH_RMSE=0.647172
  STEP 900/1435 | TOTAL_LOSS=0.458849 | REG_LOSS=0.251435 | SOFTCLIP_LOSS=2.074139 | MEAN_VALID_PER_ROW=13.38 | MEAN_VALID_OFFDIAG=12.38 | BATCH_RMSE=0.501433
  STEP 1000/1435 | TOTAL_LOSS=0.353979 | REG_LOSS=0.126781 | SOFTCLIP_LOSS=2.271975 | MEAN_VALID_PER_ROW=12.25 | MEAN_VALID_OFFDIAG=11.25 | BATCH_RMSE=0.356064
  STEP 1100/1435 | TOTAL_LOSS=1.942737 | REG_LOSS=1.710148 | SOFTCLIP_LOSS=2.325888 | MEAN_VALID_PER_ROW=13.38 | MEAN_VALID_OFFDIAG=12.38 | BATCH_RMSE=1.307727
  STEP 1200/1435 | TOTAL_LOSS=0.943490 | REG_LOSS=0.706657 | SOFTCLIP_LOSS=2.368333 | MEAN_VALID_PER_ROW=12.69 | MEAN_VALID_OFFDIAG=11.69 | BATCH_RMSE=0.840629
  STEP 1300/1435 | TOTAL_LOSS=0.614471 | REG_LOSS=0.377984 | SOFTCLIP_LOSS=2.364870 | MEAN_VALID_PER_ROW=13.69 | MEAN_VALID_OFFDIAG=12.69 | BATCH_RMSE=0.614804
  STEP 1400/1435 | TOTAL_LOSS=0.621021 | REG_LOSS=0.380340 | SOFTCLIP_LOSS=2.406810 | MEAN_VALID_PER_ROW=12.94 | MEAN_VALID_OFFDIAG=11.94 | BATCH_RMSE=0.616717
[EPOCH 011/030] TRAIN: TOTAL=0.796591 | REG=0.565800 | SOFTCLIP=2.307906 | RMSE=0.752197 | MAE=0.512859 | CI=0.771939 | RM2=0.292989
[EPOCH 011/030] VAL  : TOTAL=0.748408 | REG=0.622864 | SOFTCLIP=1.255445 | RMSE=0.789217 | MAE=0.623338 | CI=0.801972 | RM2=0.377765

EPOCH 12/30
  STEP 100/1435 | TOTAL_LOSS=0.688584 | REG_LOSS=0.452734 | SOFTCLIP_LOSS=2.358500 | MEAN_VALID_PER_ROW=13.00 | MEAN_VALID_OFFDIAG=12.00 | BATCH_RMSE=0.672855
  STEP 200/1435 | TOTAL_LOSS=0.623908 | REG_LOSS=0.414000 | SOFTCLIP_LOSS=2.099085 | MEAN_VALID_PER_ROW=12.88 | MEAN_VALID_OFFDIAG=11.88 | BATCH_RMSE=0.643428
  STEP 300/1435 | TOTAL_LOSS=0.338889 | REG_LOSS=0.102951 | SOFTCLIP_LOSS=2.359378 | MEAN_VALID_PER_ROW=12.62 | MEAN_VALID_OFFDIAG=11.62 | BATCH_RMSE=0.320860
  STEP 400/1435 | TOTAL_LOSS=0.783617 | REG_LOSS=0.547575 | SOFTCLIP_LOSS=2.360420 | MEAN_VALID_PER_ROW=12.94 | MEAN_VALID_OFFDIAG=11.94 | BATCH_RMSE=0.739983
  STEP 500/1435 | TOTAL_LOSS=0.746582 | REG_LOSS=0.501339 | SOFTCLIP_LOSS=2.452437 | MEAN_VALID_PER_ROW=13.00 | MEAN_VALID_OFFDIAG=12.00 | BATCH_RMSE=0.708053
  STEP 600/1435 | TOTAL_LOSS=0.875215 | REG_LOSS=0.655006 | SOFTCLIP_LOSS=2.202097 | MEAN_VALID_PER_ROW=12.38 | MEAN_VALID_OFFDIAG=11.38 | BATCH_RMSE=0.809324
  STEP 700/1435 | TOTAL_LOSS=1.076407 | REG_LOSS=0.835673 | SOFTCLIP_LOSS=2.407345 | MEAN_VALID_PER_ROW=13.44 | MEAN_VALID_OFFDIAG=12.44 | BATCH_RMSE=0.914151
  STEP 800/1435 | TOTAL_LOSS=0.604378 | REG_LOSS=0.356767 | SOFTCLIP_LOSS=2.476106 | MEAN_VALID_PER_ROW=13.25 | MEAN_VALID_OFFDIAG=12.25 | BATCH_RMSE=0.597300
  STEP 900/1435 | TOTAL_LOSS=0.987242 | REG_LOSS=0.749726 | SOFTCLIP_LOSS=2.375168 | MEAN_VALID_PER_ROW=12.81 | MEAN_VALID_OFFDIAG=11.81 | BATCH_RMSE=0.865867
  STEP 1000/1435 | TOTAL_LOSS=0.680102 | REG_LOSS=0.452405 | SOFTCLIP_LOSS=2.276968 | MEAN_VALID_PER_ROW=12.69 | MEAN_VALID_OFFDIAG=11.69 | BATCH_RMSE=0.672611
  STEP 1100/1435 | TOTAL_LOSS=0.368020 | REG_LOSS=0.133086 | SOFTCLIP_LOSS=2.349337 | MEAN_VALID_PER_ROW=13.25 | MEAN_VALID_OFFDIAG=12.25 | BATCH_RMSE=0.364810
  STEP 1200/1435 | TOTAL_LOSS=0.517031 | REG_LOSS=0.297085 | SOFTCLIP_LOSS=2.199464 | MEAN_VALID_PER_ROW=12.81 | MEAN_VALID_OFFDIAG=11.81 | BATCH_RMSE=0.545055
  STEP 1300/1435 | TOTAL_LOSS=0.716112 | REG_LOSS=0.492914 | SOFTCLIP_LOSS=2.231981 | MEAN_VALID_PER_ROW=12.69 | MEAN_VALID_OFFDIAG=11.69 | BATCH_RMSE=0.702078
  STEP 1400/1435 | TOTAL_LOSS=0.527309 | REG_LOSS=0.321243 | SOFTCLIP_LOSS=2.060667 | MEAN_VALID_PER_ROW=13.06 | MEAN_VALID_OFFDIAG=12.06 | BATCH_RMSE=0.566783
[EPOCH 012/030] TRAIN: TOTAL=0.784135 | REG=0.553866 | SOFTCLIP=2.302683 | RMSE=0.744222 | MAE=0.507730 | CI=0.777884 | RM2=0.305647
[EPOCH 012/030] VAL  : TOTAL=0.572942 | REG=0.447737 | SOFTCLIP=1.252054 | RMSE=0.669132 | MAE=0.438245 | CI=0.816696 | RM2=0.408991
  SAVED NEW BEST MODEL | EPOCH=012 | BEST_VAL_RMSE=0.669132 | BEST_VAL_MAE=0.438245 | BEST_VAL_CI=0.816696 | BEST_VAL_RM2=0.408991

EPOCH 13/30
  STEP 100/1435 | TOTAL_LOSS=0.518775 | REG_LOSS=0.278650 | SOFTCLIP_LOSS=2.401258 | MEAN_VALID_PER_ROW=13.38 | MEAN_VALID_OFFDIAG=12.38 | BATCH_RMSE=0.527873
  STEP 200/1435 | TOTAL_LOSS=1.773020 | REG_LOSS=1.561101 | SOFTCLIP_LOSS=2.119186 | MEAN_VALID_PER_ROW=12.75 | MEAN_VALID_OFFDIAG=11.75 | BATCH_RMSE=1.249440
  STEP 300/1435 | TOTAL_LOSS=0.446076 | REG_LOSS=0.196767 | SOFTCLIP_LOSS=2.493089 | MEAN_VALID_PER_ROW=12.62 | MEAN_VALID_OFFDIAG=11.62 | BATCH_RMSE=0.443584
  STEP 400/1435 | TOTAL_LOSS=0.963746 | REG_LOSS=0.747190 | SOFTCLIP_LOSS=2.165560 | MEAN_VALID_PER_ROW=13.62 | MEAN_VALID_OFFDIAG=12.62 | BATCH_RMSE=0.864402
  STEP 500/1435 | TOTAL_LOSS=0.626782 | REG_LOSS=0.400966 | SOFTCLIP_LOSS=2.258153 | MEAN_VALID_PER_ROW=13.00 | MEAN_VALID_OFFDIAG=12.00 | BATCH_RMSE=0.633219
  STEP 600/1435 | TOTAL_LOSS=0.503456 | REG_LOSS=0.270250 | SOFTCLIP_LOSS=2.332061 | MEAN_VALID_PER_ROW=12.94 | MEAN_VALID_OFFDIAG=11.94 | BATCH_RMSE=0.519856
  STEP 700/1435 | TOTAL_LOSS=0.507511 | REG_LOSS=0.281049 | SOFTCLIP_LOSS=2.264618 | MEAN_VALID_PER_ROW=11.88 | MEAN_VALID_OFFDIAG=10.88 | BATCH_RMSE=0.530141
  STEP 800/1435 | TOTAL_LOSS=0.394563 | REG_LOSS=0.180365 | SOFTCLIP_LOSS=2.141981 | MEAN_VALID_PER_ROW=13.06 | MEAN_VALID_OFFDIAG=12.06 | BATCH_RMSE=0.424694
  STEP 900/1435 | TOTAL_LOSS=0.434056 | REG_LOSS=0.179735 | SOFTCLIP_LOSS=2.543215 | MEAN_VALID_PER_ROW=13.38 | MEAN_VALID_OFFDIAG=12.38 | BATCH_RMSE=0.423951
  STEP 1000/1435 | TOTAL_LOSS=0.491245 | REG_LOSS=0.248565 | SOFTCLIP_LOSS=2.426806 | MEAN_VALID_PER_ROW=13.19 | MEAN_VALID_OFFDIAG=12.19 | BATCH_RMSE=0.498563
  STEP 1100/1435 | TOTAL_LOSS=0.627316 | REG_LOSS=0.400502 | SOFTCLIP_LOSS=2.268135 | MEAN_VALID_PER_ROW=12.94 | MEAN_VALID_OFFDIAG=11.94 | BATCH_RMSE=0.632852
  STEP 1200/1435 | TOTAL_LOSS=0.767492 | REG_LOSS=0.537750 | SOFTCLIP_LOSS=2.297421 | MEAN_VALID_PER_ROW=12.38 | MEAN_VALID_OFFDIAG=11.38 | BATCH_RMSE=0.733314
  STEP 1300/1435 | TOTAL_LOSS=0.727501 | REG_LOSS=0.504087 | SOFTCLIP_LOSS=2.234140 | MEAN_VALID_PER_ROW=12.31 | MEAN_VALID_OFFDIAG=11.31 | BATCH_RMSE=0.709991
  STEP 1400/1435 | TOTAL_LOSS=0.439024 | REG_LOSS=0.224709 | SOFTCLIP_LOSS=2.143152 | MEAN_VALID_PER_ROW=11.88 | MEAN_VALID_OFFDIAG=10.88 | BATCH_RMSE=0.474035
[EPOCH 013/030] TRAIN: TOTAL=0.780315 | REG=0.550568 | SOFTCLIP=2.297462 | RMSE=0.742003 | MAE=0.507946 | CI=0.777897 | RM2=0.308996
[EPOCH 013/030] VAL  : TOTAL=0.558271 | REG=0.432909 | SOFTCLIP=1.253625 | RMSE=0.657958 | MAE=0.422508 | CI=0.827179 | RM2=0.446600
  SAVED NEW BEST MODEL | EPOCH=013 | BEST_VAL_RMSE=0.657958 | BEST_VAL_MAE=0.422508 | BEST_VAL_CI=0.827179 | BEST_VAL_RM2=0.446600

EPOCH 14/30
  STEP 100/1435 | TOTAL_LOSS=0.472108 | REG_LOSS=0.236524 | SOFTCLIP_LOSS=2.355843 | MEAN_VALID_PER_ROW=13.56 | MEAN_VALID_OFFDIAG=12.56 | BATCH_RMSE=0.486337
  STEP 200/1435 | TOTAL_LOSS=1.960728 | REG_LOSS=1.731657 | SOFTCLIP_LOSS=2.290710 | MEAN_VALID_PER_ROW=13.50 | MEAN_VALID_OFFDIAG=12.50 | BATCH_RMSE=1.315924
  STEP 300/1435 | TOTAL_LOSS=1.255381 | REG_LOSS=1.019896 | SOFTCLIP_LOSS=2.354854 | MEAN_VALID_PER_ROW=13.62 | MEAN_VALID_OFFDIAG=12.62 | BATCH_RMSE=1.009899
  STEP 400/1435 | TOTAL_LOSS=0.709617 | REG_LOSS=0.488234 | SOFTCLIP_LOSS=2.213837 | MEAN_VALID_PER_ROW=13.69 | MEAN_VALID_OFFDIAG=12.69 | BATCH_RMSE=0.698737
  STEP 500/1435 | TOTAL_LOSS=0.670373 | REG_LOSS=0.430960 | SOFTCLIP_LOSS=2.394128 | MEAN_VALID_PER_ROW=12.31 | MEAN_VALID_OFFDIAG=11.31 | BATCH_RMSE=0.656476
  STEP 600/1435 | TOTAL_LOSS=0.944562 | REG_LOSS=0.710948 | SOFTCLIP_LOSS=2.336136 | MEAN_VALID_PER_ROW=12.69 | MEAN_VALID_OFFDIAG=11.69 | BATCH_RMSE=0.843178
  STEP 700/1435 | TOTAL_LOSS=0.440590 | REG_LOSS=0.202816 | SOFTCLIP_LOSS=2.377742 | MEAN_VALID_PER_ROW=12.62 | MEAN_VALID_OFFDIAG=11.62 | BATCH_RMSE=0.450351
  STEP 800/1435 | TOTAL_LOSS=0.456397 | REG_LOSS=0.227233 | SOFTCLIP_LOSS=2.291636 | MEAN_VALID_PER_ROW=14.00 | MEAN_VALID_OFFDIAG=13.00 | BATCH_RMSE=0.476690
  STEP 900/1435 | TOTAL_LOSS=0.866631 | REG_LOSS=0.625027 | SOFTCLIP_LOSS=2.416042 | MEAN_VALID_PER_ROW=13.62 | MEAN_VALID_OFFDIAG=12.62 | BATCH_RMSE=0.790586
  STEP 1000/1435 | TOTAL_LOSS=1.715927 | REG_LOSS=1.487141 | SOFTCLIP_LOSS=2.287858 | MEAN_VALID_PER_ROW=13.19 | MEAN_VALID_OFFDIAG=12.19 | BATCH_RMSE=1.219484
  STEP 1100/1435 | TOTAL_LOSS=0.964168 | REG_LOSS=0.725882 | SOFTCLIP_LOSS=2.382859 | MEAN_VALID_PER_ROW=13.31 | MEAN_VALID_OFFDIAG=12.31 | BATCH_RMSE=0.851987
  STEP 1200/1435 | TOTAL_LOSS=0.894531 | REG_LOSS=0.679109 | SOFTCLIP_LOSS=2.154220 | MEAN_VALID_PER_ROW=13.81 | MEAN_VALID_OFFDIAG=12.81 | BATCH_RMSE=0.824081
  STEP 1300/1435 | TOTAL_LOSS=0.863241 | REG_LOSS=0.627093 | SOFTCLIP_LOSS=2.361478 | MEAN_VALID_PER_ROW=12.94 | MEAN_VALID_OFFDIAG=11.94 | BATCH_RMSE=0.791892
  STEP 1400/1435 | TOTAL_LOSS=0.439065 | REG_LOSS=0.215934 | SOFTCLIP_LOSS=2.231311 | MEAN_VALID_PER_ROW=12.62 | MEAN_VALID_OFFDIAG=11.62 | BATCH_RMSE=0.464687
[EPOCH 014/030] TRAIN: TOTAL=0.766318 | REG=0.536664 | SOFTCLIP=2.296544 | RMSE=0.732573 | MAE=0.502472 | CI=0.782173 | RM2=0.324102
[EPOCH 014/030] VAL  : TOTAL=0.571647 | REG=0.446408 | SOFTCLIP=1.252391 | RMSE=0.668138 | MAE=0.422198 | CI=0.823899 | RM2=0.424616

EPOCH 15/30
  STEP 100/1435 | TOTAL_LOSS=0.434946 | REG_LOSS=0.207763 | SOFTCLIP_LOSS=2.271835 | MEAN_VALID_PER_ROW=12.94 | MEAN_VALID_OFFDIAG=11.94 | BATCH_RMSE=0.455810
  STEP 200/1435 | TOTAL_LOSS=0.415880 | REG_LOSS=0.167817 | SOFTCLIP_LOSS=2.480632 | MEAN_VALID_PER_ROW=12.94 | MEAN_VALID_OFFDIAG=11.94 | BATCH_RMSE=0.409655
  STEP 300/1435 | TOTAL_LOSS=0.740316 | REG_LOSS=0.525157 | SOFTCLIP_LOSS=2.151587 | MEAN_VALID_PER_ROW=13.94 | MEAN_VALID_OFFDIAG=12.94 | BATCH_RMSE=0.724677
  STEP 400/1435 | TOTAL_LOSS=1.190281 | REG_LOSS=0.961243 | SOFTCLIP_LOSS=2.290375 | MEAN_VALID_PER_ROW=12.75 | MEAN_VALID_OFFDIAG=11.75 | BATCH_RMSE=0.980430
  STEP 500/1435 | TOTAL_LOSS=0.659723 | REG_LOSS=0.433310 | SOFTCLIP_LOSS=2.264128 | MEAN_VALID_PER_ROW=12.88 | MEAN_VALID_OFFDIAG=11.88 | BATCH_RMSE=0.658263
  STEP 600/1435 | TOTAL_LOSS=0.770431 | REG_LOSS=0.545462 | SOFTCLIP_LOSS=2.249693 | MEAN_VALID_PER_ROW=13.50 | MEAN_VALID_OFFDIAG=12.50 | BATCH_RMSE=0.738554
  STEP 700/1435 | TOTAL_LOSS=0.393277 | REG_LOSS=0.174954 | SOFTCLIP_LOSS=2.183239 | MEAN_VALID_PER_ROW=12.56 | MEAN_VALID_OFFDIAG=11.56 | BATCH_RMSE=0.418274
  STEP 800/1435 | TOTAL_LOSS=1.665427 | REG_LOSS=1.445854 | SOFTCLIP_LOSS=2.195734 | MEAN_VALID_PER_ROW=12.88 | MEAN_VALID_OFFDIAG=11.88 | BATCH_RMSE=1.202437
  STEP 900/1435 | TOTAL_LOSS=0.896215 | REG_LOSS=0.671646 | SOFTCLIP_LOSS=2.245696 | MEAN_VALID_PER_ROW=12.88 | MEAN_VALID_OFFDIAG=11.88 | BATCH_RMSE=0.819540
  STEP 1000/1435 | TOTAL_LOSS=0.792357 | REG_LOSS=0.554196 | SOFTCLIP_LOSS=2.381616 | MEAN_VALID_PER_ROW=12.94 | MEAN_VALID_OFFDIAG=11.94 | BATCH_RMSE=0.744443
  STEP 1100/1435 | TOTAL_LOSS=0.357092 | REG_LOSS=0.109454 | SOFTCLIP_LOSS=2.476380 | MEAN_VALID_PER_ROW=12.56 | MEAN_VALID_OFFDIAG=11.56 | BATCH_RMSE=0.330839
  STEP 1200/1435 | TOTAL_LOSS=1.004671 | REG_LOSS=0.765353 | SOFTCLIP_LOSS=2.393183 | MEAN_VALID_PER_ROW=13.06 | MEAN_VALID_OFFDIAG=12.06 | BATCH_RMSE=0.874844
  STEP 1300/1435 | TOTAL_LOSS=0.814683 | REG_LOSS=0.598466 | SOFTCLIP_LOSS=2.162166 | MEAN_VALID_PER_ROW=13.06 | MEAN_VALID_OFFDIAG=12.06 | BATCH_RMSE=0.773606
  STEP 1400/1435 | TOTAL_LOSS=1.413270 | REG_LOSS=1.178547 | SOFTCLIP_LOSS=2.347232 | MEAN_VALID_PER_ROW=12.56 | MEAN_VALID_OFFDIAG=11.56 | BATCH_RMSE=1.085609
[EPOCH 015/030] TRAIN: TOTAL=0.751797 | REG=0.522732 | SOFTCLIP=2.290654 | RMSE=0.723002 | MAE=0.495977 | CI=0.785232 | RM2=0.338448
[EPOCH 015/030] VAL  : TOTAL=0.552950 | REG=0.427655 | SOFTCLIP=1.252952 | RMSE=0.653953 | MAE=0.399575 | CI=0.832108 | RM2=0.483904
  SAVED NEW BEST MODEL | EPOCH=015 | BEST_VAL_RMSE=0.653953 | BEST_VAL_MAE=0.399575 | BEST_VAL_CI=0.832108 | BEST_VAL_RM2=0.483904

EPOCH 16/30
  STEP 100/1435 | TOTAL_LOSS=0.797227 | REG_LOSS=0.566139 | SOFTCLIP_LOSS=2.310878 | MEAN_VALID_PER_ROW=12.81 | MEAN_VALID_OFFDIAG=11.81 | BATCH_RMSE=0.752422
  STEP 200/1435 | TOTAL_LOSS=1.027529 | REG_LOSS=0.783330 | SOFTCLIP_LOSS=2.441995 | MEAN_VALID_PER_ROW=13.00 | MEAN_VALID_OFFDIAG=12.00 | BATCH_RMSE=0.885059
  STEP 300/1435 | TOTAL_LOSS=1.067285 | REG_LOSS=0.831753 | SOFTCLIP_LOSS=2.355322 | MEAN_VALID_PER_ROW=13.62 | MEAN_VALID_OFFDIAG=12.62 | BATCH_RMSE=0.912005
  STEP 400/1435 | TOTAL_LOSS=1.021452 | REG_LOSS=0.778999 | SOFTCLIP_LOSS=2.424535 | MEAN_VALID_PER_ROW=13.62 | MEAN_VALID_OFFDIAG=12.62 | BATCH_RMSE=0.882609
  STEP 500/1435 | TOTAL_LOSS=1.146139 | REG_LOSS=0.900035 | SOFTCLIP_LOSS=2.461035 | MEAN_VALID_PER_ROW=13.19 | MEAN_VALID_OFFDIAG=12.19 | BATCH_RMSE=0.948702
  STEP 600/1435 | TOTAL_LOSS=0.773950 | REG_LOSS=0.548518 | SOFTCLIP_LOSS=2.254323 | MEAN_VALID_PER_ROW=12.94 | MEAN_VALID_OFFDIAG=11.94 | BATCH_RMSE=0.740620
  STEP 700/1435 | TOTAL_LOSS=0.484889 | REG_LOSS=0.249279 | SOFTCLIP_LOSS=2.356092 | MEAN_VALID_PER_ROW=13.44 | MEAN_VALID_OFFDIAG=12.44 | BATCH_RMSE=0.499279
  STEP 800/1435 | TOTAL_LOSS=0.438408 | REG_LOSS=0.213155 | SOFTCLIP_LOSS=2.252530 | MEAN_VALID_PER_ROW=13.44 | MEAN_VALID_OFFDIAG=12.44 | BATCH_RMSE=0.461687
  STEP 900/1435 | TOTAL_LOSS=0.672499 | REG_LOSS=0.468113 | SOFTCLIP_LOSS=2.043854 | MEAN_VALID_PER_ROW=12.88 | MEAN_VALID_OFFDIAG=11.88 | BATCH_RMSE=0.684188
  STEP 1000/1435 | TOTAL_LOSS=0.803359 | REG_LOSS=0.579727 | SOFTCLIP_LOSS=2.236326 | MEAN_VALID_PER_ROW=12.94 | MEAN_VALID_OFFDIAG=11.94 | BATCH_RMSE=0.761398
  STEP 1100/1435 | TOTAL_LOSS=1.349610 | REG_LOSS=1.121478 | SOFTCLIP_LOSS=2.281326 | MEAN_VALID_PER_ROW=13.19 | MEAN_VALID_OFFDIAG=12.19 | BATCH_RMSE=1.058998
  STEP 1200/1435 | TOTAL_LOSS=0.476008 | REG_LOSS=0.247219 | SOFTCLIP_LOSS=2.287891 | MEAN_VALID_PER_ROW=12.75 | MEAN_VALID_OFFDIAG=11.75 | BATCH_RMSE=0.497211
  STEP 1300/1435 | TOTAL_LOSS=0.388922 | REG_LOSS=0.149893 | SOFTCLIP_LOSS=2.390281 | MEAN_VALID_PER_ROW=13.06 | MEAN_VALID_OFFDIAG=12.06 | BATCH_RMSE=0.387161
  STEP 1400/1435 | TOTAL_LOSS=1.191529 | REG_LOSS=0.988811 | SOFTCLIP_LOSS=2.027184 | MEAN_VALID_PER_ROW=13.06 | MEAN_VALID_OFFDIAG=12.06 | BATCH_RMSE=0.994390
[EPOCH 016/030] TRAIN: TOTAL=0.735425 | REG=0.506875 | SOFTCLIP=2.285500 | RMSE=0.711952 | MAE=0.486093 | CI=0.788718 | RM2=0.355559
[EPOCH 016/030] VAL  : TOTAL=0.526960 | REG=0.401662 | SOFTCLIP=1.252980 | RMSE=0.633768 | MAE=0.412130 | CI=0.832758 | RM2=0.467908
  SAVED NEW BEST MODEL | EPOCH=016 | BEST_VAL_RMSE=0.633768 | BEST_VAL_MAE=0.412130 | BEST_VAL_CI=0.832758 | BEST_VAL_RM2=0.467908

EPOCH 17/30
  STEP 100/1435 | TOTAL_LOSS=0.574173 | REG_LOSS=0.341913 | SOFTCLIP_LOSS=2.322602 | MEAN_VALID_PER_ROW=12.81 | MEAN_VALID_OFFDIAG=11.81 | BATCH_RMSE=0.584733
  STEP 200/1435 | TOTAL_LOSS=0.486764 | REG_LOSS=0.251978 | SOFTCLIP_LOSS=2.347869 | MEAN_VALID_PER_ROW=12.94 | MEAN_VALID_OFFDIAG=11.94 | BATCH_RMSE=0.501974
  STEP 300/1435 | TOTAL_LOSS=0.442986 | REG_LOSS=0.199968 | SOFTCLIP_LOSS=2.430177 | MEAN_VALID_PER_ROW=13.31 | MEAN_VALID_OFFDIAG=12.31 | BATCH_RMSE=0.447178
  STEP 400/1435 | TOTAL_LOSS=0.623842 | REG_LOSS=0.389706 | SOFTCLIP_LOSS=2.341365 | MEAN_VALID_PER_ROW=12.06 | MEAN_VALID_OFFDIAG=11.06 | BATCH_RMSE=0.624264
  STEP 500/1435 | TOTAL_LOSS=0.481371 | REG_LOSS=0.287286 | SOFTCLIP_LOSS=1.940849 | MEAN_VALID_PER_ROW=12.50 | MEAN_VALID_OFFDIAG=11.50 | BATCH_RMSE=0.535990
  STEP 600/1435 | TOTAL_LOSS=0.388378 | REG_LOSS=0.171845 | SOFTCLIP_LOSS=2.165330 | MEAN_VALID_PER_ROW=13.75 | MEAN_VALID_OFFDIAG=12.75 | BATCH_RMSE=0.414542
  STEP 700/1435 | TOTAL_LOSS=0.519004 | REG_LOSS=0.297598 | SOFTCLIP_LOSS=2.214062 | MEAN_VALID_PER_ROW=13.12 | MEAN_VALID_OFFDIAG=12.12 | BATCH_RMSE=0.545525
  STEP 800/1435 | TOTAL_LOSS=1.106842 | REG_LOSS=0.873178 | SOFTCLIP_LOSS=2.336639 | MEAN_VALID_PER_ROW=13.12 | MEAN_VALID_OFFDIAG=12.12 | BATCH_RMSE=0.934440
  STEP 900/1435 | TOTAL_LOSS=0.674793 | REG_LOSS=0.460271 | SOFTCLIP_LOSS=2.145219 | MEAN_VALID_PER_ROW=13.12 | MEAN_VALID_OFFDIAG=12.12 | BATCH_RMSE=0.678433
  STEP 1000/1435 | TOTAL_LOSS=0.696399 | REG_LOSS=0.454318 | SOFTCLIP_LOSS=2.420810 | MEAN_VALID_PER_ROW=13.50 | MEAN_VALID_OFFDIAG=12.50 | BATCH_RMSE=0.674031
  STEP 1100/1435 | TOTAL_LOSS=0.593979 | REG_LOSS=0.373355 | SOFTCLIP_LOSS=2.206238 | MEAN_VALID_PER_ROW=12.69 | MEAN_VALID_OFFDIAG=11.69 | BATCH_RMSE=0.611028
  STEP 1200/1435 | TOTAL_LOSS=1.245358 | REG_LOSS=1.013789 | SOFTCLIP_LOSS=2.315688 | MEAN_VALID_PER_ROW=13.19 | MEAN_VALID_OFFDIAG=12.19 | BATCH_RMSE=1.006871
  STEP 1300/1435 | TOTAL_LOSS=0.954857 | REG_LOSS=0.716209 | SOFTCLIP_LOSS=2.386472 | MEAN_VALID_PER_ROW=13.19 | MEAN_VALID_OFFDIAG=12.19 | BATCH_RMSE=0.846291
  STEP 1400/1435 | TOTAL_LOSS=0.467934 | REG_LOSS=0.233925 | SOFTCLIP_LOSS=2.340083 | MEAN_VALID_PER_ROW=14.06 | MEAN_VALID_OFFDIAG=13.06 | BATCH_RMSE=0.483658
[EPOCH 017/030] TRAIN: TOTAL=0.720825 | REG=0.492593 | SOFTCLIP=2.282319 | RMSE=0.701850 | MAE=0.481094 | CI=0.791199 | RM2=0.371298
[EPOCH 017/030] VAL  : TOTAL=0.634611 | REG=0.509656 | SOFTCLIP=1.249549 | RMSE=0.713902 | MAE=0.462152 | CI=0.827132 | RM2=0.473149

EPOCH 18/30
  STEP 100/1435 | TOTAL_LOSS=0.417240 | REG_LOSS=0.172446 | SOFTCLIP_LOSS=2.447936 | MEAN_VALID_PER_ROW=13.12 | MEAN_VALID_OFFDIAG=12.12 | BATCH_RMSE=0.415267
  STEP 200/1435 | TOTAL_LOSS=0.758464 | REG_LOSS=0.525436 | SOFTCLIP_LOSS=2.330289 | MEAN_VALID_PER_ROW=12.69 | MEAN_VALID_OFFDIAG=11.69 | BATCH_RMSE=0.724869
  STEP 300/1435 | TOTAL_LOSS=0.908333 | REG_LOSS=0.679377 | SOFTCLIP_LOSS=2.289565 | MEAN_VALID_PER_ROW=13.00 | MEAN_VALID_OFFDIAG=12.00 | BATCH_RMSE=0.824243
  STEP 400/1435 | TOTAL_LOSS=0.654048 | REG_LOSS=0.411503 | SOFTCLIP_LOSS=2.425447 | MEAN_VALID_PER_ROW=13.69 | MEAN_VALID_OFFDIAG=12.69 | BATCH_RMSE=0.641485
  STEP 500/1435 | TOTAL_LOSS=0.416994 | REG_LOSS=0.171542 | SOFTCLIP_LOSS=2.454515 | MEAN_VALID_PER_ROW=12.94 | MEAN_VALID_OFFDIAG=11.94 | BATCH_RMSE=0.414176
  STEP 600/1435 | TOTAL_LOSS=0.442782 | REG_LOSS=0.199518 | SOFTCLIP_LOSS=2.432635 | MEAN_VALID_PER_ROW=12.56 | MEAN_VALID_OFFDIAG=11.56 | BATCH_RMSE=0.446675
  STEP 700/1435 | TOTAL_LOSS=0.634315 | REG_LOSS=0.388047 | SOFTCLIP_LOSS=2.462679 | MEAN_VALID_PER_ROW=13.56 | MEAN_VALID_OFFDIAG=12.56 | BATCH_RMSE=0.622934
  STEP 800/1435 | TOTAL_LOSS=0.472594 | REG_LOSS=0.244281 | SOFTCLIP_LOSS=2.283126 | MEAN_VALID_PER_ROW=13.38 | MEAN_VALID_OFFDIAG=12.38 | BATCH_RMSE=0.494248
  STEP 900/1435 | TOTAL_LOSS=0.615072 | REG_LOSS=0.386498 | SOFTCLIP_LOSS=2.285740 | MEAN_VALID_PER_ROW=12.94 | MEAN_VALID_OFFDIAG=11.94 | BATCH_RMSE=0.621690
  STEP 1000/1435 | TOTAL_LOSS=0.938662 | REG_LOSS=0.713916 | SOFTCLIP_LOSS=2.247458 | MEAN_VALID_PER_ROW=13.19 | MEAN_VALID_OFFDIAG=12.19 | BATCH_RMSE=0.844936
  STEP 1100/1435 | TOTAL_LOSS=0.435566 | REG_LOSS=0.194484 | SOFTCLIP_LOSS=2.410828 | MEAN_VALID_PER_ROW=12.94 | MEAN_VALID_OFFDIAG=11.94 | BATCH_RMSE=0.441003
  STEP 1200/1435 | TOTAL_LOSS=0.522924 | REG_LOSS=0.292480 | SOFTCLIP_LOSS=2.304444 | MEAN_VALID_PER_ROW=12.75 | MEAN_VALID_OFFDIAG=11.75 | BATCH_RMSE=0.540814
  STEP 1300/1435 | TOTAL_LOSS=0.507435 | REG_LOSS=0.259519 | SOFTCLIP_LOSS=2.479156 | MEAN_VALID_PER_ROW=13.50 | MEAN_VALID_OFFDIAG=12.50 | BATCH_RMSE=0.509430
  STEP 1400/1435 | TOTAL_LOSS=0.367210 | REG_LOSS=0.128310 | SOFTCLIP_LOSS=2.389005 | MEAN_VALID_PER_ROW=13.31 | MEAN_VALID_OFFDIAG=12.31 | BATCH_RMSE=0.358203
[EPOCH 018/030] TRAIN: TOTAL=0.716388 | REG=0.488277 | SOFTCLIP=2.281111 | RMSE=0.698768 | MAE=0.478217 | CI=0.790965 | RM2=0.375535
[EPOCH 018/030] VAL  : TOTAL=0.517333 | REG=0.392527 | SOFTCLIP=1.248062 | RMSE=0.626519 | MAE=0.391644 | CI=0.830769 | RM2=0.505588
  SAVED NEW BEST MODEL | EPOCH=018 | BEST_VAL_RMSE=0.626519 | BEST_VAL_MAE=0.391644 | BEST_VAL_CI=0.830769 | BEST_VAL_RM2=0.505588

EPOCH 19/30
  STEP 100/1435 | TOTAL_LOSS=1.248451 | REG_LOSS=1.025356 | SOFTCLIP_LOSS=2.230952 | MEAN_VALID_PER_ROW=12.88 | MEAN_VALID_OFFDIAG=11.88 | BATCH_RMSE=1.012598
  STEP 200/1435 | TOTAL_LOSS=0.926713 | REG_LOSS=0.686505 | SOFTCLIP_LOSS=2.402084 | MEAN_VALID_PER_ROW=12.94 | MEAN_VALID_OFFDIAG=11.94 | BATCH_RMSE=0.828556
  STEP 300/1435 | TOTAL_LOSS=0.407042 | REG_LOSS=0.156618 | SOFTCLIP_LOSS=2.504245 | MEAN_VALID_PER_ROW=13.12 | MEAN_VALID_OFFDIAG=12.12 | BATCH_RMSE=0.395750
  STEP 400/1435 | TOTAL_LOSS=0.413847 | REG_LOSS=0.187963 | SOFTCLIP_LOSS=2.258844 | MEAN_VALID_PER_ROW=13.06 | MEAN_VALID_OFFDIAG=12.06 | BATCH_RMSE=0.433547
  STEP 500/1435 | TOTAL_LOSS=0.786369 | REG_LOSS=0.561052 | SOFTCLIP_LOSS=2.253172 | MEAN_VALID_PER_ROW=13.25 | MEAN_VALID_OFFDIAG=12.25 | BATCH_RMSE=0.749034
  STEP 600/1435 | TOTAL_LOSS=0.492574 | REG_LOSS=0.242407 | SOFTCLIP_LOSS=2.501674 | MEAN_VALID_PER_ROW=13.19 | MEAN_VALID_OFFDIAG=12.19 | BATCH_RMSE=0.492348
  STEP 700/1435 | TOTAL_LOSS=1.027711 | REG_LOSS=0.797913 | SOFTCLIP_LOSS=2.297979 | MEAN_VALID_PER_ROW=12.81 | MEAN_VALID_OFFDIAG=11.81 | BATCH_RMSE=0.893260
  STEP 800/1435 | TOTAL_LOSS=0.424408 | REG_LOSS=0.219762 | SOFTCLIP_LOSS=2.046469 | MEAN_VALID_PER_ROW=13.12 | MEAN_VALID_OFFDIAG=12.12 | BATCH_RMSE=0.468787
  STEP 900/1435 | TOTAL_LOSS=0.483870 | REG_LOSS=0.255505 | SOFTCLIP_LOSS=2.283648 | MEAN_VALID_PER_ROW=13.12 | MEAN_VALID_OFFDIAG=12.12 | BATCH_RMSE=0.505475
  STEP 1000/1435 | TOTAL_LOSS=0.461863 | REG_LOSS=0.238161 | SOFTCLIP_LOSS=2.237021 | MEAN_VALID_PER_ROW=13.19 | MEAN_VALID_OFFDIAG=12.19 | BATCH_RMSE=0.488017
  STEP 1100/1435 | TOTAL_LOSS=1.382786 | REG_LOSS=1.170346 | SOFTCLIP_LOSS=2.124393 | MEAN_VALID_PER_ROW=12.56 | MEAN_VALID_OFFDIAG=11.56 | BATCH_RMSE=1.081825
  STEP 1200/1435 | TOTAL_LOSS=0.378607 | REG_LOSS=0.147759 | SOFTCLIP_LOSS=2.308476 | MEAN_VALID_PER_ROW=13.12 | MEAN_VALID_OFFDIAG=12.12 | BATCH_RMSE=0.384395
  STEP 1300/1435 | TOTAL_LOSS=0.579773 | REG_LOSS=0.340933 | SOFTCLIP_LOSS=2.388398 | MEAN_VALID_PER_ROW=12.62 | MEAN_VALID_OFFDIAG=11.62 | BATCH_RMSE=0.583895
  STEP 1400/1435 | TOTAL_LOSS=0.484165 | REG_LOSS=0.261595 | SOFTCLIP_LOSS=2.225701 | MEAN_VALID_PER_ROW=12.81 | MEAN_VALID_OFFDIAG=11.81 | BATCH_RMSE=0.511464
[EPOCH 019/030] TRAIN: TOTAL=0.709884 | REG=0.481611 | SOFTCLIP=2.282729 | RMSE=0.693982 | MAE=0.472606 | CI=0.798340 | RM2=0.382308
[EPOCH 019/030] VAL  : TOTAL=0.502404 | REG=0.377586 | SOFTCLIP=1.248181 | RMSE=0.614480 | MAE=0.394972 | CI=0.841145 | RM2=0.520091
  SAVED NEW BEST MODEL | EPOCH=019 | BEST_VAL_RMSE=0.614480 | BEST_VAL_MAE=0.394972 | BEST_VAL_CI=0.841145 | BEST_VAL_RM2=0.520091

EPOCH 20/30
  STEP 100/1435 | TOTAL_LOSS=0.546805 | REG_LOSS=0.328588 | SOFTCLIP_LOSS=2.182169 | MEAN_VALID_PER_ROW=13.12 | MEAN_VALID_OFFDIAG=12.12 | BATCH_RMSE=0.573226
  STEP 200/1435 | TOTAL_LOSS=0.558598 | REG_LOSS=0.335320 | SOFTCLIP_LOSS=2.232779 | MEAN_VALID_PER_ROW=12.88 | MEAN_VALID_OFFDIAG=11.88 | BATCH_RMSE=0.579068
  STEP 300/1435 | TOTAL_LOSS=0.460539 | REG_LOSS=0.225047 | SOFTCLIP_LOSS=2.354920 | MEAN_VALID_PER_ROW=13.38 | MEAN_VALID_OFFDIAG=12.38 | BATCH_RMSE=0.474392
  STEP 400/1435 | TOTAL_LOSS=0.828802 | REG_LOSS=0.593304 | SOFTCLIP_LOSS=2.354978 | MEAN_VALID_PER_ROW=13.19 | MEAN_VALID_OFFDIAG=12.19 | BATCH_RMSE=0.770262
  STEP 500/1435 | TOTAL_LOSS=0.353059 | REG_LOSS=0.138431 | SOFTCLIP_LOSS=2.146288 | MEAN_VALID_PER_ROW=12.69 | MEAN_VALID_OFFDIAG=11.69 | BATCH_RMSE=0.372063
  STEP 600/1435 | TOTAL_LOSS=0.668241 | REG_LOSS=0.447259 | SOFTCLIP_LOSS=2.209818 | MEAN_VALID_PER_ROW=13.06 | MEAN_VALID_OFFDIAG=12.06 | BATCH_RMSE=0.668775
  STEP 700/1435 | TOTAL_LOSS=0.452047 | REG_LOSS=0.236020 | SOFTCLIP_LOSS=2.160264 | MEAN_VALID_PER_ROW=13.56 | MEAN_VALID_OFFDIAG=12.56 | BATCH_RMSE=0.485819
  STEP 800/1435 | TOTAL_LOSS=0.598724 | REG_LOSS=0.371515 | SOFTCLIP_LOSS=2.272091 | MEAN_VALID_PER_ROW=12.75 | MEAN_VALID_OFFDIAG=11.75 | BATCH_RMSE=0.609520
  STEP 900/1435 | TOTAL_LOSS=0.718912 | REG_LOSS=0.487726 | SOFTCLIP_LOSS=2.311853 | MEAN_VALID_PER_ROW=13.06 | MEAN_VALID_OFFDIAG=12.06 | BATCH_RMSE=0.698374
  STEP 1000/1435 | TOTAL_LOSS=0.580768 | REG_LOSS=0.344791 | SOFTCLIP_LOSS=2.359769 | MEAN_VALID_PER_ROW=12.88 | MEAN_VALID_OFFDIAG=11.88 | BATCH_RMSE=0.587189
  STEP 1100/1435 | TOTAL_LOSS=0.564865 | REG_LOSS=0.323590 | SOFTCLIP_LOSS=2.412753 | MEAN_VALID_PER_ROW=12.81 | MEAN_VALID_OFFDIAG=11.81 | BATCH_RMSE=0.568850
  STEP 1200/1435 | TOTAL_LOSS=0.436177 | REG_LOSS=0.202727 | SOFTCLIP_LOSS=2.334501 | MEAN_VALID_PER_ROW=12.38 | MEAN_VALID_OFFDIAG=11.38 | BATCH_RMSE=0.450252
  STEP 1300/1435 | TOTAL_LOSS=0.527180 | REG_LOSS=0.292957 | SOFTCLIP_LOSS=2.342229 | MEAN_VALID_PER_ROW=13.38 | MEAN_VALID_OFFDIAG=12.38 | BATCH_RMSE=0.541255
  STEP 1400/1435 | TOTAL_LOSS=1.101507 | REG_LOSS=0.878213 | SOFTCLIP_LOSS=2.232936 | MEAN_VALID_PER_ROW=13.25 | MEAN_VALID_OFFDIAG=12.25 | BATCH_RMSE=0.937130
[EPOCH 020/030] TRAIN: TOTAL=0.699362 | REG=0.471602 | SOFTCLIP=2.277598 | RMSE=0.686733 | MAE=0.470759 | CI=0.796454 | RM2=0.392745
[EPOCH 020/030] VAL  : TOTAL=0.516283 | REG=0.391236 | SOFTCLIP=1.250465 | RMSE=0.625489 | MAE=0.397216 | CI=0.835576 | RM2=0.476184

EPOCH 21/30
  STEP 100/1435 | TOTAL_LOSS=0.936720 | REG_LOSS=0.725301 | SOFTCLIP_LOSS=2.114185 | MEAN_VALID_PER_ROW=12.69 | MEAN_VALID_OFFDIAG=11.69 | BATCH_RMSE=0.851646
  STEP 200/1435 | TOTAL_LOSS=0.899008 | REG_LOSS=0.694268 | SOFTCLIP_LOSS=2.047400 | MEAN_VALID_PER_ROW=13.75 | MEAN_VALID_OFFDIAG=12.75 | BATCH_RMSE=0.833228
  STEP 300/1435 | TOTAL_LOSS=0.576285 | REG_LOSS=0.335353 | SOFTCLIP_LOSS=2.409320 | MEAN_VALID_PER_ROW=13.06 | MEAN_VALID_OFFDIAG=12.06 | BATCH_RMSE=0.579097
  STEP 400/1435 | TOTAL_LOSS=0.595818 | REG_LOSS=0.394094 | SOFTCLIP_LOSS=2.017245 | MEAN_VALID_PER_ROW=13.31 | MEAN_VALID_OFFDIAG=12.31 | BATCH_RMSE=0.627769
  STEP 500/1435 | TOTAL_LOSS=0.948081 | REG_LOSS=0.715482 | SOFTCLIP_LOSS=2.325990 | MEAN_VALID_PER_ROW=12.81 | MEAN_VALID_OFFDIAG=11.81 | BATCH_RMSE=0.845862
  STEP 600/1435 | TOTAL_LOSS=1.078089 | REG_LOSS=0.836718 | SOFTCLIP_LOSS=2.413703 | MEAN_VALID_PER_ROW=13.56 | MEAN_VALID_OFFDIAG=12.56 | BATCH_RMSE=0.914723
  STEP 700/1435 | TOTAL_LOSS=0.574447 | REG_LOSS=0.363949 | SOFTCLIP_LOSS=2.104985 | MEAN_VALID_PER_ROW=12.81 | MEAN_VALID_OFFDIAG=11.81 | BATCH_RMSE=0.603282
  STEP 800/1435 | TOTAL_LOSS=0.734360 | REG_LOSS=0.520850 | SOFTCLIP_LOSS=2.135100 | MEAN_VALID_PER_ROW=12.69 | MEAN_VALID_OFFDIAG=11.69 | BATCH_RMSE=0.721699
  STEP 900/1435 | TOTAL_LOSS=1.331828 | REG_LOSS=1.108968 | SOFTCLIP_LOSS=2.228604 | MEAN_VALID_PER_ROW=13.19 | MEAN_VALID_OFFDIAG=12.19 | BATCH_RMSE=1.053075
  STEP 1000/1435 | TOTAL_LOSS=0.494786 | REG_LOSS=0.274268 | SOFTCLIP_LOSS=2.205181 | MEAN_VALID_PER_ROW=13.38 | MEAN_VALID_OFFDIAG=12.38 | BATCH_RMSE=0.523706
  STEP 1100/1435 | TOTAL_LOSS=0.591659 | REG_LOSS=0.370585 | SOFTCLIP_LOSS=2.210742 | MEAN_VALID_PER_ROW=12.38 | MEAN_VALID_OFFDIAG=11.38 | BATCH_RMSE=0.608757
  STEP 1200/1435 | TOTAL_LOSS=0.401934 | REG_LOSS=0.168015 | SOFTCLIP_LOSS=2.339190 | MEAN_VALID_PER_ROW=13.50 | MEAN_VALID_OFFDIAG=12.50 | BATCH_RMSE=0.409897
  STEP 1300/1435 | TOTAL_LOSS=0.481886 | REG_LOSS=0.255768 | SOFTCLIP_LOSS=2.261180 | MEAN_VALID_PER_ROW=13.19 | MEAN_VALID_OFFDIAG=12.19 | BATCH_RMSE=0.505735
  STEP 1400/1435 | TOTAL_LOSS=0.451381 | REG_LOSS=0.236443 | SOFTCLIP_LOSS=2.149382 | MEAN_VALID_PER_ROW=12.56 | MEAN_VALID_OFFDIAG=11.56 | BATCH_RMSE=0.486254
[EPOCH 021/030] TRAIN: TOTAL=0.697622 | REG=0.470198 | SOFTCLIP=2.274238 | RMSE=0.685710 | MAE=0.473412 | CI=0.797593 | RM2=0.394716
[EPOCH 021/030] VAL  : TOTAL=0.498014 | REG=0.373190 | SOFTCLIP=1.248239 | RMSE=0.610893 | MAE=0.395052 | CI=0.839732 | RM2=0.515949
  SAVED NEW BEST MODEL | EPOCH=021 | BEST_VAL_RMSE=0.610893 | BEST_VAL_MAE=0.395052 | BEST_VAL_CI=0.839732 | BEST_VAL_RM2=0.515949

EPOCH 22/30
  STEP 100/1435 | TOTAL_LOSS=0.700963 | REG_LOSS=0.477741 | SOFTCLIP_LOSS=2.232215 | MEAN_VALID_PER_ROW=12.75 | MEAN_VALID_OFFDIAG=11.75 | BATCH_RMSE=0.691188
  STEP 200/1435 | TOTAL_LOSS=1.142990 | REG_LOSS=0.933347 | SOFTCLIP_LOSS=2.096424 | MEAN_VALID_PER_ROW=13.38 | MEAN_VALID_OFFDIAG=12.38 | BATCH_RMSE=0.966099
  STEP 300/1435 | TOTAL_LOSS=0.756414 | REG_LOSS=0.530134 | SOFTCLIP_LOSS=2.262799 | MEAN_VALID_PER_ROW=13.06 | MEAN_VALID_OFFDIAG=12.06 | BATCH_RMSE=0.728103
  STEP 400/1435 | TOTAL_LOSS=1.243772 | REG_LOSS=1.022333 | SOFTCLIP_LOSS=2.214391 | MEAN_VALID_PER_ROW=13.56 | MEAN_VALID_OFFDIAG=12.56 | BATCH_RMSE=1.011105
  STEP 500/1435 | TOTAL_LOSS=0.634198 | REG_LOSS=0.416990 | SOFTCLIP_LOSS=2.172090 | MEAN_VALID_PER_ROW=13.44 | MEAN_VALID_OFFDIAG=12.44 | BATCH_RMSE=0.645747
  STEP 600/1435 | TOTAL_LOSS=0.461222 | REG_LOSS=0.249872 | SOFTCLIP_LOSS=2.113503 | MEAN_VALID_PER_ROW=12.44 | MEAN_VALID_OFFDIAG=11.44 | BATCH_RMSE=0.499872
  STEP 700/1435 | TOTAL_LOSS=0.518385 | REG_LOSS=0.276795 | SOFTCLIP_LOSS=2.415894 | MEAN_VALID_PER_ROW=13.00 | MEAN_VALID_OFFDIAG=12.00 | BATCH_RMSE=0.526113
  STEP 800/1435 | TOTAL_LOSS=0.903372 | REG_LOSS=0.708268 | SOFTCLIP_LOSS=1.951041 | MEAN_VALID_PER_ROW=12.75 | MEAN_VALID_OFFDIAG=11.75 | BATCH_RMSE=0.841586
  STEP 900/1435 | TOTAL_LOSS=0.367525 | REG_LOSS=0.122460 | SOFTCLIP_LOSS=2.450646 | MEAN_VALID_PER_ROW=12.88 | MEAN_VALID_OFFDIAG=11.88 | BATCH_RMSE=0.349943
  STEP 1000/1435 | TOTAL_LOSS=0.756266 | REG_LOSS=0.535322 | SOFTCLIP_LOSS=2.209435 | MEAN_VALID_PER_ROW=12.75 | MEAN_VALID_OFFDIAG=11.75 | BATCH_RMSE=0.731657
  STEP 1100/1435 | TOTAL_LOSS=0.337099 | REG_LOSS=0.097555 | SOFTCLIP_LOSS=2.395447 | MEAN_VALID_PER_ROW=12.44 | MEAN_VALID_OFFDIAG=11.44 | BATCH_RMSE=0.312337
  STEP 1200/1435 | TOTAL_LOSS=0.391062 | REG_LOSS=0.162688 | SOFTCLIP_LOSS=2.283739 | MEAN_VALID_PER_ROW=12.62 | MEAN_VALID_OFFDIAG=11.62 | BATCH_RMSE=0.403346
  STEP 1300/1435 | TOTAL_LOSS=1.079566 | REG_LOSS=0.847873 | SOFTCLIP_LOSS=2.316934 | MEAN_VALID_PER_ROW=13.19 | MEAN_VALID_OFFDIAG=12.19 | BATCH_RMSE=0.920800
  STEP 1400/1435 | TOTAL_LOSS=1.408396 | REG_LOSS=1.177620 | SOFTCLIP_LOSS=2.307761 | MEAN_VALID_PER_ROW=13.19 | MEAN_VALID_OFFDIAG=12.19 | BATCH_RMSE=1.085182
[EPOCH 022/030] TRAIN: TOTAL=0.684338 | REG=0.456866 | SOFTCLIP=2.274725 | RMSE=0.675918 | MAE=0.463924 | CI=0.804389 | RM2=0.410242
[EPOCH 022/030] VAL  : TOTAL=0.496241 | REG=0.371662 | SOFTCLIP=1.245790 | RMSE=0.609641 | MAE=0.440520 | CI=0.850032 | RM2=0.513545
  SAVED NEW BEST MODEL | EPOCH=022 | BEST_VAL_RMSE=0.609641 | BEST_VAL_MAE=0.440520 | BEST_VAL_CI=0.850032 | BEST_VAL_RM2=0.513545

EPOCH 23/30
  STEP 100/1435 | TOTAL_LOSS=0.906495 | REG_LOSS=0.678375 | SOFTCLIP_LOSS=2.281205 | MEAN_VALID_PER_ROW=12.81 | MEAN_VALID_OFFDIAG=11.81 | BATCH_RMSE=0.823635
  STEP 200/1435 | TOTAL_LOSS=0.631379 | REG_LOSS=0.397586 | SOFTCLIP_LOSS=2.337930 | MEAN_VALID_PER_ROW=12.38 | MEAN_VALID_OFFDIAG=11.38 | BATCH_RMSE=0.630544
  STEP 300/1435 | TOTAL_LOSS=0.284358 | REG_LOSS=0.047394 | SOFTCLIP_LOSS=2.369635 | MEAN_VALID_PER_ROW=13.00 | MEAN_VALID_OFFDIAG=12.00 | BATCH_RMSE=0.217702
  STEP 400/1435 | TOTAL_LOSS=0.621671 | REG_LOSS=0.397870 | SOFTCLIP_LOSS=2.238008 | MEAN_VALID_PER_ROW=12.44 | MEAN_VALID_OFFDIAG=11.44 | BATCH_RMSE=0.630770
  STEP 500/1435 | TOTAL_LOSS=0.945441 | REG_LOSS=0.740095 | SOFTCLIP_LOSS=2.053459 | MEAN_VALID_PER_ROW=12.75 | MEAN_VALID_OFFDIAG=11.75 | BATCH_RMSE=0.860288
  STEP 600/1435 | TOTAL_LOSS=0.485453 | REG_LOSS=0.276845 | SOFTCLIP_LOSS=2.086085 | MEAN_VALID_PER_ROW=12.81 | MEAN_VALID_OFFDIAG=11.81 | BATCH_RMSE=0.526161
  STEP 700/1435 | TOTAL_LOSS=1.118951 | REG_LOSS=0.895948 | SOFTCLIP_LOSS=2.230029 | MEAN_VALID_PER_ROW=13.75 | MEAN_VALID_OFFDIAG=12.75 | BATCH_RMSE=0.946545
  STEP 800/1435 | TOTAL_LOSS=0.469533 | REG_LOSS=0.237423 | SOFTCLIP_LOSS=2.321100 | MEAN_VALID_PER_ROW=13.62 | MEAN_VALID_OFFDIAG=12.62 | BATCH_RMSE=0.487260
  STEP 900/1435 | TOTAL_LOSS=0.738872 | REG_LOSS=0.500004 | SOFTCLIP_LOSS=2.388681 | MEAN_VALID_PER_ROW=13.31 | MEAN_VALID_OFFDIAG=12.31 | BATCH_RMSE=0.707110
  STEP 1000/1435 | TOTAL_LOSS=0.517431 | REG_LOSS=0.281667 | SOFTCLIP_LOSS=2.357641 | MEAN_VALID_PER_ROW=13.56 | MEAN_VALID_OFFDIAG=12.56 | BATCH_RMSE=0.530723
  STEP 1100/1435 | TOTAL_LOSS=1.204818 | REG_LOSS=0.997159 | SOFTCLIP_LOSS=2.076588 | MEAN_VALID_PER_ROW=12.69 | MEAN_VALID_OFFDIAG=11.69 | BATCH_RMSE=0.998579
  STEP 1200/1435 | TOTAL_LOSS=0.399234 | REG_LOSS=0.173839 | SOFTCLIP_LOSS=2.253953 | MEAN_VALID_PER_ROW=13.38 | MEAN_VALID_OFFDIAG=12.38 | BATCH_RMSE=0.416940
  STEP 1300/1435 | TOTAL_LOSS=0.726230 | REG_LOSS=0.521042 | SOFTCLIP_LOSS=2.051879 | MEAN_VALID_PER_ROW=12.19 | MEAN_VALID_OFFDIAG=11.19 | BATCH_RMSE=0.721832
  STEP 1400/1435 | TOTAL_LOSS=0.329795 | REG_LOSS=0.099337 | SOFTCLIP_LOSS=2.304580 | MEAN_VALID_PER_ROW=12.56 | MEAN_VALID_OFFDIAG=11.56 | BATCH_RMSE=0.315178
[EPOCH 023/030] TRAIN: TOTAL=0.673238 | REG=0.446119 | SOFTCLIP=2.271190 | RMSE=0.667921 | MAE=0.458141 | CI=0.807184 | RM2=0.422544
[EPOCH 023/030] VAL  : TOTAL=0.522937 | REG=0.398254 | SOFTCLIP=1.246833 | RMSE=0.631074 | MAE=0.395422 | CI=0.844279 | RM2=0.522402

EPOCH 24/30
  STEP 100/1435 | TOTAL_LOSS=1.046048 | REG_LOSS=0.814084 | SOFTCLIP_LOSS=2.319635 | MEAN_VALID_PER_ROW=12.50 | MEAN_VALID_OFFDIAG=11.50 | BATCH_RMSE=0.902266
  STEP 200/1435 | TOTAL_LOSS=0.852620 | REG_LOSS=0.622406 | SOFTCLIP_LOSS=2.302141 | MEAN_VALID_PER_ROW=12.38 | MEAN_VALID_OFFDIAG=11.38 | BATCH_RMSE=0.788927
  STEP 300/1435 | TOTAL_LOSS=0.413090 | REG_LOSS=0.189326 | SOFTCLIP_LOSS=2.237636 | MEAN_VALID_PER_ROW=12.75 | MEAN_VALID_OFFDIAG=11.75 | BATCH_RMSE=0.435116
  STEP 400/1435 | TOTAL_LOSS=0.440309 | REG_LOSS=0.206505 | SOFTCLIP_LOSS=2.338044 | MEAN_VALID_PER_ROW=13.50 | MEAN_VALID_OFFDIAG=12.50 | BATCH_RMSE=0.454428
  STEP 500/1435 | TOTAL_LOSS=0.299030 | REG_LOSS=0.051286 | SOFTCLIP_LOSS=2.477437 | MEAN_VALID_PER_ROW=13.00 | MEAN_VALID_OFFDIAG=12.00 | BATCH_RMSE=0.226464
  STEP 600/1435 | TOTAL_LOSS=0.554149 | REG_LOSS=0.344974 | SOFTCLIP_LOSS=2.091742 | MEAN_VALID_PER_ROW=13.00 | MEAN_VALID_OFFDIAG=12.00 | BATCH_RMSE=0.587345
  STEP 700/1435 | TOTAL_LOSS=0.390721 | REG_LOSS=0.144449 | SOFTCLIP_LOSS=2.462715 | MEAN_VALID_PER_ROW=12.88 | MEAN_VALID_OFFDIAG=11.88 | BATCH_RMSE=0.380065
  STEP 800/1435 | TOTAL_LOSS=0.779798 | REG_LOSS=0.572629 | SOFTCLIP_LOSS=2.071690 | MEAN_VALID_PER_ROW=12.56 | MEAN_VALID_OFFDIAG=11.56 | BATCH_RMSE=0.756723
  STEP 900/1435 | TOTAL_LOSS=0.392054 | REG_LOSS=0.149479 | SOFTCLIP_LOSS=2.425753 | MEAN_VALID_PER_ROW=13.75 | MEAN_VALID_OFFDIAG=12.75 | BATCH_RMSE=0.386625
  STEP 1000/1435 | TOTAL_LOSS=0.556945 | REG_LOSS=0.348450 | SOFTCLIP_LOSS=2.084953 | MEAN_VALID_PER_ROW=12.44 | MEAN_VALID_OFFDIAG=11.44 | BATCH_RMSE=0.590296
  STEP 1100/1435 | TOTAL_LOSS=0.653315 | REG_LOSS=0.420062 | SOFTCLIP_LOSS=2.332535 | MEAN_VALID_PER_ROW=13.31 | MEAN_VALID_OFFDIAG=12.31 | BATCH_RMSE=0.648122
  STEP 1200/1435 | TOTAL_LOSS=0.566846 | REG_LOSS=0.336549 | SOFTCLIP_LOSS=2.302965 | MEAN_VALID_PER_ROW=13.25 | MEAN_VALID_OFFDIAG=12.25 | BATCH_RMSE=0.580129
  STEP 1300/1435 | TOTAL_LOSS=0.569055 | REG_LOSS=0.317797 | SOFTCLIP_LOSS=2.512572 | MEAN_VALID_PER_ROW=13.00 | MEAN_VALID_OFFDIAG=12.00 | BATCH_RMSE=0.563735
  STEP 1400/1435 | TOTAL_LOSS=0.541373 | REG_LOSS=0.309605 | SOFTCLIP_LOSS=2.317683 | MEAN_VALID_PER_ROW=13.00 | MEAN_VALID_OFFDIAG=12.00 | BATCH_RMSE=0.556421
[EPOCH 024/030] TRAIN: TOTAL=0.677262 | REG=0.450087 | SOFTCLIP=2.271756 | RMSE=0.670885 | MAE=0.458470 | CI=0.805009 | RM2=0.415792
[EPOCH 024/030] VAL  : TOTAL=0.514414 | REG=0.389656 | SOFTCLIP=1.247571 | RMSE=0.624225 | MAE=0.381004 | CI=0.841726 | RM2=0.534594

EPOCH 25/30
  STEP 100/1435 | TOTAL_LOSS=1.372510 | REG_LOSS=1.135929 | SOFTCLIP_LOSS=2.365805 | MEAN_VALID_PER_ROW=13.25 | MEAN_VALID_OFFDIAG=12.25 | BATCH_RMSE=1.065800
  STEP 200/1435 | TOTAL_LOSS=0.319928 | REG_LOSS=0.105828 | SOFTCLIP_LOSS=2.141007 | MEAN_VALID_PER_ROW=12.75 | MEAN_VALID_OFFDIAG=11.75 | BATCH_RMSE=0.325312
  STEP 300/1435 | TOTAL_LOSS=0.386930 | REG_LOSS=0.159523 | SOFTCLIP_LOSS=2.274076 | MEAN_VALID_PER_ROW=13.50 | MEAN_VALID_OFFDIAG=12.50 | BATCH_RMSE=0.399403
  STEP 400/1435 | TOTAL_LOSS=0.576791 | REG_LOSS=0.356932 | SOFTCLIP_LOSS=2.198589 | MEAN_VALID_PER_ROW=13.38 | MEAN_VALID_OFFDIAG=12.38 | BATCH_RMSE=0.597438
  STEP 500/1435 | TOTAL_LOSS=0.669217 | REG_LOSS=0.427062 | SOFTCLIP_LOSS=2.421553 | MEAN_VALID_PER_ROW=13.31 | MEAN_VALID_OFFDIAG=12.31 | BATCH_RMSE=0.653499
  STEP 600/1435 | TOTAL_LOSS=0.705439 | REG_LOSS=0.472671 | SOFTCLIP_LOSS=2.327678 | MEAN_VALID_PER_ROW=13.94 | MEAN_VALID_OFFDIAG=12.94 | BATCH_RMSE=0.687511
  STEP 700/1435 | TOTAL_LOSS=0.610379 | REG_LOSS=0.378141 | SOFTCLIP_LOSS=2.322380 | MEAN_VALID_PER_ROW=12.62 | MEAN_VALID_OFFDIAG=11.62 | BATCH_RMSE=0.614931
  STEP 800/1435 | TOTAL_LOSS=0.740279 | REG_LOSS=0.499717 | SOFTCLIP_LOSS=2.405617 | MEAN_VALID_PER_ROW=13.31 | MEAN_VALID_OFFDIAG=12.31 | BATCH_RMSE=0.706907
  STEP 900/1435 | TOTAL_LOSS=0.516403 | REG_LOSS=0.270379 | SOFTCLIP_LOSS=2.460238 | MEAN_VALID_PER_ROW=12.75 | MEAN_VALID_OFFDIAG=11.75 | BATCH_RMSE=0.519980
  STEP 1000/1435 | TOTAL_LOSS=0.473497 | REG_LOSS=0.240899 | SOFTCLIP_LOSS=2.325984 | MEAN_VALID_PER_ROW=13.06 | MEAN_VALID_OFFDIAG=12.06 | BATCH_RMSE=0.490814
  STEP 1100/1435 | TOTAL_LOSS=0.623914 | REG_LOSS=0.397886 | SOFTCLIP_LOSS=2.260278 | MEAN_VALID_PER_ROW=12.12 | MEAN_VALID_OFFDIAG=11.12 | BATCH_RMSE=0.630782
  STEP 1200/1435 | TOTAL_LOSS=0.358562 | REG_LOSS=0.115631 | SOFTCLIP_LOSS=2.429315 | MEAN_VALID_PER_ROW=12.69 | MEAN_VALID_OFFDIAG=11.69 | BATCH_RMSE=0.340045
  STEP 1300/1435 | TOTAL_LOSS=0.986401 | REG_LOSS=0.746472 | SOFTCLIP_LOSS=2.399292 | MEAN_VALID_PER_ROW=13.62 | MEAN_VALID_OFFDIAG=12.62 | BATCH_RMSE=0.863986
  STEP 1400/1435 | TOTAL_LOSS=0.824117 | REG_LOSS=0.614114 | SOFTCLIP_LOSS=2.100036 | MEAN_VALID_PER_ROW=12.94 | MEAN_VALID_OFFDIAG=11.94 | BATCH_RMSE=0.783654
[EPOCH 025/030] TRAIN: TOTAL=0.668084 | REG=0.440665 | SOFTCLIP=2.274182 | RMSE=0.663826 | MAE=0.452476 | CI=0.810705 | RM2=0.427962
[EPOCH 025/030] VAL  : TOTAL=0.519984 | REG=0.395819 | SOFTCLIP=1.241654 | RMSE=0.629141 | MAE=0.477695 | CI=0.846208 | RM2=0.514535

EPOCH 26/30
  STEP 100/1435 | TOTAL_LOSS=0.572371 | REG_LOSS=0.347972 | SOFTCLIP_LOSS=2.243986 | MEAN_VALID_PER_ROW=12.38 | MEAN_VALID_OFFDIAG=11.38 | BATCH_RMSE=0.589892
  STEP 200/1435 | TOTAL_LOSS=0.654637 | REG_LOSS=0.428788 | SOFTCLIP_LOSS=2.258490 | MEAN_VALID_PER_ROW=13.56 | MEAN_VALID_OFFDIAG=12.56 | BATCH_RMSE=0.654819
  STEP 300/1435 | TOTAL_LOSS=0.749669 | REG_LOSS=0.523265 | SOFTCLIP_LOSS=2.264040 | MEAN_VALID_PER_ROW=13.06 | MEAN_VALID_OFFDIAG=12.06 | BATCH_RMSE=0.723370
  STEP 400/1435 | TOTAL_LOSS=0.606481 | REG_LOSS=0.389345 | SOFTCLIP_LOSS=2.171360 | MEAN_VALID_PER_ROW=13.38 | MEAN_VALID_OFFDIAG=12.38 | BATCH_RMSE=0.623975
  STEP 500/1435 | TOTAL_LOSS=0.586827 | REG_LOSS=0.346366 | SOFTCLIP_LOSS=2.404610 | MEAN_VALID_PER_ROW=13.00 | MEAN_VALID_OFFDIAG=12.00 | BATCH_RMSE=0.588529
  STEP 600/1435 | TOTAL_LOSS=0.541673 | REG_LOSS=0.315273 | SOFTCLIP_LOSS=2.263995 | MEAN_VALID_PER_ROW=13.69 | MEAN_VALID_OFFDIAG=12.69 | BATCH_RMSE=0.561492
  STEP 700/1435 | TOTAL_LOSS=0.392625 | REG_LOSS=0.151045 | SOFTCLIP_LOSS=2.415797 | MEAN_VALID_PER_ROW=12.50 | MEAN_VALID_OFFDIAG=11.50 | BATCH_RMSE=0.388645
  STEP 800/1435 | TOTAL_LOSS=1.275952 | REG_LOSS=1.059197 | SOFTCLIP_LOSS=2.167558 | MEAN_VALID_PER_ROW=12.94 | MEAN_VALID_OFFDIAG=11.94 | BATCH_RMSE=1.029173
  STEP 900/1435 | TOTAL_LOSS=0.471662 | REG_LOSS=0.237089 | SOFTCLIP_LOSS=2.345739 | MEAN_VALID_PER_ROW=13.31 | MEAN_VALID_OFFDIAG=12.31 | BATCH_RMSE=0.486917
  STEP 1000/1435 | TOTAL_LOSS=0.400405 | REG_LOSS=0.204616 | SOFTCLIP_LOSS=1.957896 | MEAN_VALID_PER_ROW=12.38 | MEAN_VALID_OFFDIAG=11.38 | BATCH_RMSE=0.452345
  STEP 1100/1435 | TOTAL_LOSS=1.066268 | REG_LOSS=0.847487 | SOFTCLIP_LOSS=2.187811 | MEAN_VALID_PER_ROW=13.50 | MEAN_VALID_OFFDIAG=12.50 | BATCH_RMSE=0.920590
  STEP 1200/1435 | TOTAL_LOSS=0.414626 | REG_LOSS=0.187293 | SOFTCLIP_LOSS=2.273328 | MEAN_VALID_PER_ROW=12.75 | MEAN_VALID_OFFDIAG=11.75 | BATCH_RMSE=0.432773
  STEP 1300/1435 | TOTAL_LOSS=0.694734 | REG_LOSS=0.473803 | SOFTCLIP_LOSS=2.209313 | MEAN_VALID_PER_ROW=12.88 | MEAN_VALID_OFFDIAG=11.88 | BATCH_RMSE=0.688333
  STEP 1400/1435 | TOTAL_LOSS=0.621498 | REG_LOSS=0.371699 | SOFTCLIP_LOSS=2.497992 | MEAN_VALID_PER_ROW=13.31 | MEAN_VALID_OFFDIAG=12.31 | BATCH_RMSE=0.609671
[EPOCH 026/030] TRAIN: TOTAL=0.659932 | REG=0.433155 | SOFTCLIP=2.267773 | RMSE=0.658145 | MAE=0.449590 | CI=0.812977 | RM2=0.436675
[EPOCH 026/030] VAL  : TOTAL=0.516509 | REG=0.392441 | SOFTCLIP=1.240674 | RMSE=0.626451 | MAE=0.442564 | CI=0.843985 | RM2=0.516894

EPOCH 27/30
  STEP 100/1435 | TOTAL_LOSS=0.821562 | REG_LOSS=0.584411 | SOFTCLIP_LOSS=2.371512 | MEAN_VALID_PER_ROW=13.44 | MEAN_VALID_OFFDIAG=12.44 | BATCH_RMSE=0.764468
  STEP 200/1435 | TOTAL_LOSS=0.587472 | REG_LOSS=0.352083 | SOFTCLIP_LOSS=2.353888 | MEAN_VALID_PER_ROW=12.12 | MEAN_VALID_OFFDIAG=11.12 | BATCH_RMSE=0.593366
  STEP 300/1435 | TOTAL_LOSS=0.511396 | REG_LOSS=0.273620 | SOFTCLIP_LOSS=2.377766 | MEAN_VALID_PER_ROW=13.31 | MEAN_VALID_OFFDIAG=12.31 | BATCH_RMSE=0.523087
  STEP 400/1435 | TOTAL_LOSS=0.458336 | REG_LOSS=0.222653 | SOFTCLIP_LOSS=2.356826 | MEAN_VALID_PER_ROW=12.69 | MEAN_VALID_OFFDIAG=11.69 | BATCH_RMSE=0.471861
  STEP 500/1435 | TOTAL_LOSS=0.848528 | REG_LOSS=0.621984 | SOFTCLIP_LOSS=2.265434 | MEAN_VALID_PER_ROW=13.06 | MEAN_VALID_OFFDIAG=12.06 | BATCH_RMSE=0.788660
  STEP 600/1435 | TOTAL_LOSS=0.439275 | REG_LOSS=0.203097 | SOFTCLIP_LOSS=2.361781 | MEAN_VALID_PER_ROW=13.31 | MEAN_VALID_OFFDIAG=12.31 | BATCH_RMSE=0.450663
  STEP 700/1435 | TOTAL_LOSS=0.532195 | REG_LOSS=0.315759 | SOFTCLIP_LOSS=2.164360 | MEAN_VALID_PER_ROW=13.12 | MEAN_VALID_OFFDIAG=12.12 | BATCH_RMSE=0.561924
  STEP 800/1435 | TOTAL_LOSS=0.395251 | REG_LOSS=0.169845 | SOFTCLIP_LOSS=2.254056 | MEAN_VALID_PER_ROW=12.75 | MEAN_VALID_OFFDIAG=11.75 | BATCH_RMSE=0.412123
  STEP 900/1435 | TOTAL_LOSS=0.574324 | REG_LOSS=0.344840 | SOFTCLIP_LOSS=2.294838 | MEAN_VALID_PER_ROW=12.50 | MEAN_VALID_OFFDIAG=11.50 | BATCH_RMSE=0.587231
  STEP 1000/1435 | TOTAL_LOSS=0.455476 | REG_LOSS=0.229901 | SOFTCLIP_LOSS=2.255747 | MEAN_VALID_PER_ROW=13.62 | MEAN_VALID_OFFDIAG=12.62 | BATCH_RMSE=0.479480
  STEP 1100/1435 | TOTAL_LOSS=1.413175 | REG_LOSS=1.179211 | SOFTCLIP_LOSS=2.339638 | MEAN_VALID_PER_ROW=13.69 | MEAN_VALID_OFFDIAG=12.69 | BATCH_RMSE=1.085915
  STEP 1200/1435 | TOTAL_LOSS=0.587664 | REG_LOSS=0.338778 | SOFTCLIP_LOSS=2.488864 | MEAN_VALID_PER_ROW=13.06 | MEAN_VALID_OFFDIAG=12.06 | BATCH_RMSE=0.582046
  STEP 1300/1435 | TOTAL_LOSS=0.360886 | REG_LOSS=0.151122 | SOFTCLIP_LOSS=2.097643 | MEAN_VALID_PER_ROW=13.44 | MEAN_VALID_OFFDIAG=12.44 | BATCH_RMSE=0.388744
  STEP 1400/1435 | TOTAL_LOSS=0.289341 | REG_LOSS=0.064080 | SOFTCLIP_LOSS=2.252607 | MEAN_VALID_PER_ROW=12.19 | MEAN_VALID_OFFDIAG=11.19 | BATCH_RMSE=0.253141
[EPOCH 027/030] TRAIN: TOTAL=0.654628 | REG=0.428372 | SOFTCLIP=2.262565 | RMSE=0.654501 | MAE=0.449507 | CI=0.813486 | RM2=0.441917
[EPOCH 027/030] VAL  : TOTAL=0.497402 | REG=0.372750 | SOFTCLIP=1.246517 | RMSE=0.610533 | MAE=0.370823 | CI=0.842723 | RM2=0.547149

EPOCH 28/30
  STEP 100/1435 | TOTAL_LOSS=1.040112 | REG_LOSS=0.833248 | SOFTCLIP_LOSS=2.068642 | MEAN_VALID_PER_ROW=13.56 | MEAN_VALID_OFFDIAG=12.56 | BATCH_RMSE=0.912824
  STEP 200/1435 | TOTAL_LOSS=0.799075 | REG_LOSS=0.572354 | SOFTCLIP_LOSS=2.267201 | MEAN_VALID_PER_ROW=13.19 | MEAN_VALID_OFFDIAG=12.19 | BATCH_RMSE=0.756541
  STEP 300/1435 | TOTAL_LOSS=1.308984 | REG_LOSS=1.081953 | SOFTCLIP_LOSS=2.270305 | MEAN_VALID_PER_ROW=13.00 | MEAN_VALID_OFFDIAG=12.00 | BATCH_RMSE=1.040170
  STEP 400/1435 | TOTAL_LOSS=0.415640 | REG_LOSS=0.176171 | SOFTCLIP_LOSS=2.394697 | MEAN_VALID_PER_ROW=13.69 | MEAN_VALID_OFFDIAG=12.69 | BATCH_RMSE=0.419727
  STEP 500/1435 | TOTAL_LOSS=0.943720 | REG_LOSS=0.719239 | SOFTCLIP_LOSS=2.244805 | MEAN_VALID_PER_ROW=13.88 | MEAN_VALID_OFFDIAG=12.88 | BATCH_RMSE=0.848080
  STEP 600/1435 | TOTAL_LOSS=0.586742 | REG_LOSS=0.353037 | SOFTCLIP_LOSS=2.337051 | MEAN_VALID_PER_ROW=13.12 | MEAN_VALID_OFFDIAG=12.12 | BATCH_RMSE=0.594169
  STEP 700/1435 | TOTAL_LOSS=0.378008 | REG_LOSS=0.143954 | SOFTCLIP_LOSS=2.340534 | MEAN_VALID_PER_ROW=12.62 | MEAN_VALID_OFFDIAG=11.62 | BATCH_RMSE=0.379413
  STEP 800/1435 | TOTAL_LOSS=0.693890 | REG_LOSS=0.445515 | SOFTCLIP_LOSS=2.483750 | MEAN_VALID_PER_ROW=13.12 | MEAN_VALID_OFFDIAG=12.12 | BATCH_RMSE=0.667469
  STEP 900/1435 | TOTAL_LOSS=0.648417 | REG_LOSS=0.404678 | SOFTCLIP_LOSS=2.437391 | MEAN_VALID_PER_ROW=13.06 | MEAN_VALID_OFFDIAG=12.06 | BATCH_RMSE=0.636143
  STEP 1000/1435 | TOTAL_LOSS=1.102838 | REG_LOSS=0.857122 | SOFTCLIP_LOSS=2.457152 | MEAN_VALID_PER_ROW=12.81 | MEAN_VALID_OFFDIAG=11.81 | BATCH_RMSE=0.925809
  STEP 1100/1435 | TOTAL_LOSS=0.664220 | REG_LOSS=0.438237 | SOFTCLIP_LOSS=2.259831 | MEAN_VALID_PER_ROW=12.75 | MEAN_VALID_OFFDIAG=11.75 | BATCH_RMSE=0.661995
  STEP 1200/1435 | TOTAL_LOSS=0.495315 | REG_LOSS=0.280427 | SOFTCLIP_LOSS=2.148880 | MEAN_VALID_PER_ROW=12.50 | MEAN_VALID_OFFDIAG=11.50 | BATCH_RMSE=0.529554
  STEP 1300/1435 | TOTAL_LOSS=0.788518 | REG_LOSS=0.577205 | SOFTCLIP_LOSS=2.113128 | MEAN_VALID_PER_ROW=12.62 | MEAN_VALID_OFFDIAG=11.62 | BATCH_RMSE=0.759740
  STEP 1400/1435 | TOTAL_LOSS=0.347205 | REG_LOSS=0.121267 | SOFTCLIP_LOSS=2.259379 | MEAN_VALID_PER_ROW=13.06 | MEAN_VALID_OFFDIAG=12.06 | BATCH_RMSE=0.348234
[EPOCH 028/030] TRAIN: TOTAL=0.648923 | REG=0.422677 | SOFTCLIP=2.262463 | RMSE=0.650136 | MAE=0.447277 | CI=0.812762 | RM2=0.448630
[EPOCH 028/030] VAL  : TOTAL=0.451253 | REG=0.327109 | SOFTCLIP=1.241443 | RMSE=0.571934 | MAE=0.354036 | CI=0.857530 | RM2=0.546997
  SAVED NEW BEST MODEL | EPOCH=028 | BEST_VAL_RMSE=0.571934 | BEST_VAL_MAE=0.354036 | BEST_VAL_CI=0.857530 | BEST_VAL_RM2=0.546997

EPOCH 29/30
  STEP 100/1435 | TOTAL_LOSS=0.331832 | REG_LOSS=0.100625 | SOFTCLIP_LOSS=2.312065 | MEAN_VALID_PER_ROW=12.56 | MEAN_VALID_OFFDIAG=11.56 | BATCH_RMSE=0.317215
  STEP 200/1435 | TOTAL_LOSS=0.497493 | REG_LOSS=0.264153 | SOFTCLIP_LOSS=2.333400 | MEAN_VALID_PER_ROW=13.81 | MEAN_VALID_OFFDIAG=12.81 | BATCH_RMSE=0.513958
  STEP 300/1435 | TOTAL_LOSS=1.529369 | REG_LOSS=1.317099 | SOFTCLIP_LOSS=2.122695 | MEAN_VALID_PER_ROW=12.69 | MEAN_VALID_OFFDIAG=11.69 | BATCH_RMSE=1.147649
  STEP 400/1435 | TOTAL_LOSS=0.821638 | REG_LOSS=0.595364 | SOFTCLIP_LOSS=2.262739 | MEAN_VALID_PER_ROW=12.75 | MEAN_VALID_OFFDIAG=11.75 | BATCH_RMSE=0.771598
  STEP 500/1435 | TOTAL_LOSS=1.204850 | REG_LOSS=0.979384 | SOFTCLIP_LOSS=2.254667 | MEAN_VALID_PER_ROW=13.62 | MEAN_VALID_OFFDIAG=12.62 | BATCH_RMSE=0.989638
  STEP 600/1435 | TOTAL_LOSS=0.525972 | REG_LOSS=0.281987 | SOFTCLIP_LOSS=2.439854 | MEAN_VALID_PER_ROW=12.62 | MEAN_VALID_OFFDIAG=11.62 | BATCH_RMSE=0.531024
  STEP 700/1435 | TOTAL_LOSS=1.045390 | REG_LOSS=0.821091 | SOFTCLIP_LOSS=2.242987 | MEAN_VALID_PER_ROW=12.94 | MEAN_VALID_OFFDIAG=11.94 | BATCH_RMSE=0.906141
  STEP 800/1435 | TOTAL_LOSS=0.610044 | REG_LOSS=0.373836 | SOFTCLIP_LOSS=2.362085 | MEAN_VALID_PER_ROW=13.44 | MEAN_VALID_OFFDIAG=12.44 | BATCH_RMSE=0.611421
  STEP 900/1435 | TOTAL_LOSS=1.679546 | REG_LOSS=1.478263 | SOFTCLIP_LOSS=2.012826 | MEAN_VALID_PER_ROW=12.62 | MEAN_VALID_OFFDIAG=11.62 | BATCH_RMSE=1.215838
  STEP 1000/1435 | TOTAL_LOSS=0.768675 | REG_LOSS=0.530216 | SOFTCLIP_LOSS=2.384593 | MEAN_VALID_PER_ROW=13.25 | MEAN_VALID_OFFDIAG=12.25 | BATCH_RMSE=0.728159
  STEP 1100/1435 | TOTAL_LOSS=0.447684 | REG_LOSS=0.220009 | SOFTCLIP_LOSS=2.276755 | MEAN_VALID_PER_ROW=13.06 | MEAN_VALID_OFFDIAG=12.06 | BATCH_RMSE=0.469051
  STEP 1200/1435 | TOTAL_LOSS=0.415246 | REG_LOSS=0.172553 | SOFTCLIP_LOSS=2.426929 | MEAN_VALID_PER_ROW=14.31 | MEAN_VALID_OFFDIAG=13.31 | BATCH_RMSE=0.415395
  STEP 1300/1435 | TOTAL_LOSS=1.472607 | REG_LOSS=1.252273 | SOFTCLIP_LOSS=2.203335 | MEAN_VALID_PER_ROW=13.50 | MEAN_VALID_OFFDIAG=12.50 | BATCH_RMSE=1.119050
  STEP 1400/1435 | TOTAL_LOSS=0.759207 | REG_LOSS=0.537823 | SOFTCLIP_LOSS=2.213839 | MEAN_VALID_PER_ROW=12.88 | MEAN_VALID_OFFDIAG=11.88 | BATCH_RMSE=0.733364
[EPOCH 029/030] TRAIN: TOTAL=0.643083 | REG=0.417205 | SOFTCLIP=2.258783 | RMSE=0.645914 | MAE=0.442061 | CI=0.817822 | RM2=0.454216
[EPOCH 029/030] VAL  : TOTAL=0.450128 | REG=0.325835 | SOFTCLIP=1.242929 | RMSE=0.570820 | MAE=0.386094 | CI=0.856002 | RM2=0.575138
  SAVED NEW BEST MODEL | EPOCH=029 | BEST_VAL_RMSE=0.570820 | BEST_VAL_MAE=0.386094 | BEST_VAL_CI=0.856002 | BEST_VAL_RM2=0.575138

EPOCH 30/30
  STEP 100/1435 | TOTAL_LOSS=1.458530 | REG_LOSS=1.224620 | SOFTCLIP_LOSS=2.339107 | MEAN_VALID_PER_ROW=12.88 | MEAN_VALID_OFFDIAG=11.88 | BATCH_RMSE=1.106625
  STEP 200/1435 | TOTAL_LOSS=0.388474 | REG_LOSS=0.170310 | SOFTCLIP_LOSS=2.181640 | MEAN_VALID_PER_ROW=13.25 | MEAN_VALID_OFFDIAG=12.25 | BATCH_RMSE=0.412686
  STEP 300/1435 | TOTAL_LOSS=0.519958 | REG_LOSS=0.304437 | SOFTCLIP_LOSS=2.155207 | MEAN_VALID_PER_ROW=13.31 | MEAN_VALID_OFFDIAG=12.31 | BATCH_RMSE=0.551759
  STEP 400/1435 | TOTAL_LOSS=1.212996 | REG_LOSS=0.982149 | SOFTCLIP_LOSS=2.308473 | MEAN_VALID_PER_ROW=13.31 | MEAN_VALID_OFFDIAG=12.31 | BATCH_RMSE=0.991034
  STEP 500/1435 | TOTAL_LOSS=0.444449 | REG_LOSS=0.204871 | SOFTCLIP_LOSS=2.395779 | MEAN_VALID_PER_ROW=13.69 | MEAN_VALID_OFFDIAG=12.69 | BATCH_RMSE=0.452627
  STEP 600/1435 | TOTAL_LOSS=0.740908 | REG_LOSS=0.518741 | SOFTCLIP_LOSS=2.221670 | MEAN_VALID_PER_ROW=13.19 | MEAN_VALID_OFFDIAG=12.19 | BATCH_RMSE=0.720237
  STEP 700/1435 | TOTAL_LOSS=0.596259 | REG_LOSS=0.365499 | SOFTCLIP_LOSS=2.307597 | MEAN_VALID_PER_ROW=13.00 | MEAN_VALID_OFFDIAG=12.00 | BATCH_RMSE=0.604565
  STEP 800/1435 | TOTAL_LOSS=0.627726 | REG_LOSS=0.378156 | SOFTCLIP_LOSS=2.495703 | MEAN_VALID_PER_ROW=13.69 | MEAN_VALID_OFFDIAG=12.69 | BATCH_RMSE=0.614944
  STEP 900/1435 | TOTAL_LOSS=0.580121 | REG_LOSS=0.334553 | SOFTCLIP_LOSS=2.455684 | MEAN_VALID_PER_ROW=13.69 | MEAN_VALID_OFFDIAG=12.69 | BATCH_RMSE=0.578405
  STEP 1000/1435 | TOTAL_LOSS=0.372430 | REG_LOSS=0.137908 | SOFTCLIP_LOSS=2.345224 | MEAN_VALID_PER_ROW=12.75 | MEAN_VALID_OFFDIAG=11.75 | BATCH_RMSE=0.371359
  STEP 1100/1435 | TOTAL_LOSS=0.386053 | REG_LOSS=0.158073 | SOFTCLIP_LOSS=2.279804 | MEAN_VALID_PER_ROW=13.12 | MEAN_VALID_OFFDIAG=12.12 | BATCH_RMSE=0.397584
  STEP 1200/1435 | TOTAL_LOSS=0.407294 | REG_LOSS=0.190490 | SOFTCLIP_LOSS=2.168037 | MEAN_VALID_PER_ROW=12.44 | MEAN_VALID_OFFDIAG=11.44 | BATCH_RMSE=0.436452
  STEP 1300/1435 | TOTAL_LOSS=0.442855 | REG_LOSS=0.211647 | SOFTCLIP_LOSS=2.312078 | MEAN_VALID_PER_ROW=12.62 | MEAN_VALID_OFFDIAG=11.62 | BATCH_RMSE=0.460051
  STEP 1400/1435 | TOTAL_LOSS=1.427207 | REG_LOSS=1.200105 | SOFTCLIP_LOSS=2.271023 | MEAN_VALID_PER_ROW=12.50 | MEAN_VALID_OFFDIAG=11.50 | BATCH_RMSE=1.095493
[EPOCH 030/030] TRAIN: TOTAL=0.636727 | REG=0.411040 | SOFTCLIP=2.256871 | RMSE=0.641124 | MAE=0.439141 | CI=0.819787 | RM2=0.460370
[EPOCH 030/030] VAL  : TOTAL=0.452521 | REG=0.328346 | SOFTCLIP=1.241753 | RMSE=0.573015 | MAE=0.369830 | CI=0.849893 | RM2=0.545071

TRAINING FINISHED.
BEST MODEL SUMMARY | EPOCH=029 | VAL_RMSE=0.570820 | VAL_MAE=0.386094 | VAL_CI=0.856002 | VAL_RM2=0.575138
SAVED OUTPUTS TO: outputs/softclip_sweeps/softclip_sweep_20260417_162315/bs16_lr0.0003_lc0.1_temp0.07_at1
