Using device: cuda
[DavisDatasetP13D] input pairs: 30056
[DavisDatasetP13D] kept pairs : 28696
[DavisDatasetP13D] missing counts: {'drug_1d': 0, 'drug_2d': 0, 'protein_1d': 0, 'protein_3d': 1360}
TOTAL SIZE: 28696
TRAIN SIZE: 22956
VAL SIZE: 5740
SPLIT JSON: data/splits/davis_fixed_split_size2.json
MODEL: drug_1d + protein_1d + protein_3d + softclip(drug-protein) + pcl(protein1d-protein3d)

EPOCH 1/30
  STEP 100/1435 | TOTAL_LOSS=0.883520 | REG_LOSS=0.348958 | SOFTCLIP_LOSS=2.551129 | PCL_LOSS=2.794497 | MEAN_GATE=0.5068 | MEAN_VALID_PER_ROW=13.12 | MEAN_VALID_OFFDIAG=12.12 | BATCH_RMSE=0.590727
  STEP 200/1435 | TOTAL_LOSS=1.686756 | REG_LOSS=1.155708 | SOFTCLIP_LOSS=2.504016 | PCL_LOSS=2.806468 | MEAN_GATE=0.5102 | MEAN_VALID_PER_ROW=12.75 | MEAN_VALID_OFFDIAG=11.75 | BATCH_RMSE=1.075038
  STEP 300/1435 | TOTAL_LOSS=1.168217 | REG_LOSS=0.657404 | SOFTCLIP_LOSS=2.549031 | PCL_LOSS=2.559092 | MEAN_GATE=0.5241 | MEAN_VALID_PER_ROW=13.25 | MEAN_VALID_OFFDIAG=12.25 | BATCH_RMSE=0.810805
  STEP 400/1435 | TOTAL_LOSS=1.617308 | REG_LOSS=1.160989 | SOFTCLIP_LOSS=2.533800 | PCL_LOSS=2.029393 | MEAN_GATE=0.5291 | MEAN_VALID_PER_ROW=13.50 | MEAN_VALID_OFFDIAG=12.50 | BATCH_RMSE=1.077492
  STEP 500/1435 | TOTAL_LOSS=2.110828 | REG_LOSS=1.680898 | SOFTCLIP_LOSS=2.389834 | PCL_LOSS=1.909466 | MEAN_GATE=0.5387 | MEAN_VALID_PER_ROW=13.06 | MEAN_VALID_OFFDIAG=12.06 | BATCH_RMSE=1.296494
  STEP 600/1435 | TOTAL_LOSS=0.882023 | REG_LOSS=0.404159 | SOFTCLIP_LOSS=2.560402 | PCL_LOSS=2.218234 | MEAN_GATE=0.5477 | MEAN_VALID_PER_ROW=14.19 | MEAN_VALID_OFFDIAG=13.19 | BATCH_RMSE=0.635735
  STEP 700/1435 | TOTAL_LOSS=0.628701 | REG_LOSS=0.210355 | SOFTCLIP_LOSS=2.539923 | PCL_LOSS=1.643544 | MEAN_GATE=0.5386 | MEAN_VALID_PER_ROW=13.25 | MEAN_VALID_OFFDIAG=12.25 | BATCH_RMSE=0.458644
  STEP 800/1435 | TOTAL_LOSS=1.328170 | REG_LOSS=0.956230 | SOFTCLIP_LOSS=2.433940 | PCL_LOSS=1.285459 | MEAN_GATE=0.5376 | MEAN_VALID_PER_ROW=13.19 | MEAN_VALID_OFFDIAG=12.19 | BATCH_RMSE=0.977870
  STEP 900/1435 | TOTAL_LOSS=1.120857 | REG_LOSS=0.720633 | SOFTCLIP_LOSS=2.532253 | PCL_LOSS=1.469987 | MEAN_GATE=0.5527 | MEAN_VALID_PER_ROW=12.88 | MEAN_VALID_OFFDIAG=11.88 | BATCH_RMSE=0.848901
  STEP 1000/1435 | TOTAL_LOSS=1.343938 | REG_LOSS=0.960584 | SOFTCLIP_LOSS=2.436075 | PCL_LOSS=1.397456 | MEAN_GATE=0.5528 | MEAN_VALID_PER_ROW=12.69 | MEAN_VALID_OFFDIAG=11.69 | BATCH_RMSE=0.980094
  STEP 1100/1435 | TOTAL_LOSS=0.790528 | REG_LOSS=0.399347 | SOFTCLIP_LOSS=2.359317 | PCL_LOSS=1.552496 | MEAN_GATE=0.5379 | MEAN_VALID_PER_ROW=13.06 | MEAN_VALID_OFFDIAG=12.06 | BATCH_RMSE=0.631939
  STEP 1200/1435 | TOTAL_LOSS=0.638429 | REG_LOSS=0.268669 | SOFTCLIP_LOSS=2.501764 | PCL_LOSS=1.195829 | MEAN_GATE=0.5478 | MEAN_VALID_PER_ROW=13.25 | MEAN_VALID_OFFDIAG=12.25 | BATCH_RMSE=0.518333
  STEP 1300/1435 | TOTAL_LOSS=0.745923 | REG_LOSS=0.368159 | SOFTCLIP_LOSS=2.507589 | PCL_LOSS=1.270048 | MEAN_GATE=0.5494 | MEAN_VALID_PER_ROW=13.25 | MEAN_VALID_OFFDIAG=12.25 | BATCH_RMSE=0.606761
  STEP 1400/1435 | TOTAL_LOSS=1.609825 | REG_LOSS=1.264288 | SOFTCLIP_LOSS=2.334972 | PCL_LOSS=1.120398 | MEAN_GATE=0.5536 | MEAN_VALID_PER_ROW=13.19 | MEAN_VALID_OFFDIAG=12.19 | BATCH_RMSE=1.124406
[EPOCH 001/030] TRAIN: TOTAL=1.395292 | REG=0.959015 | SOFTCLIP=2.469525 | PCL=1.893245 | RMSE=0.979293 | MAE=0.651991 | CI=0.675033 | RM2=0.061268
[EPOCH 001/030] VAL  : TOTAL=0.822083 | REG=0.595134 | SOFTCLIP=1.309113 | PCL=0.960384 | RMSE=0.771449 | MAE=0.534417 | CI=0.761947 | RM2=0.247204
  SAVED NEW BEST MODEL | EPOCH=001 | BEST_VAL_RMSE=0.771449 | BEST_VAL_MAE=0.534417 | BEST_VAL_CI=0.761947 | BEST_VAL_RM2=0.247204

EPOCH 2/30
  STEP 100/1435 | TOTAL_LOSS=1.087525 | REG_LOSS=0.716240 | SOFTCLIP_LOSS=2.455189 | PCL_LOSS=1.257665 | MEAN_GATE=0.5339 | MEAN_VALID_PER_ROW=13.38 | MEAN_VALID_OFFDIAG=12.38 | BATCH_RMSE=0.846309
  STEP 200/1435 | TOTAL_LOSS=0.590233 | REG_LOSS=0.224673 | SOFTCLIP_LOSS=2.437319 | PCL_LOSS=1.218277 | MEAN_GATE=0.5420 | MEAN_VALID_PER_ROW=13.06 | MEAN_VALID_OFFDIAG=12.06 | BATCH_RMSE=0.473997
  STEP 300/1435 | TOTAL_LOSS=1.531455 | REG_LOSS=1.236209 | SOFTCLIP_LOSS=2.221862 | PCL_LOSS=0.730590 | MEAN_GATE=0.5399 | MEAN_VALID_PER_ROW=12.50 | MEAN_VALID_OFFDIAG=11.50 | BATCH_RMSE=1.111850
  STEP 400/1435 | TOTAL_LOSS=1.205516 | REG_LOSS=0.867809 | SOFTCLIP_LOSS=2.534280 | PCL_LOSS=0.842793 | MEAN_GATE=0.5398 | MEAN_VALID_PER_ROW=13.19 | MEAN_VALID_OFFDIAG=12.19 | BATCH_RMSE=0.931563
  STEP 500/1435 | TOTAL_LOSS=0.752892 | REG_LOSS=0.433128 | SOFTCLIP_LOSS=2.355063 | PCL_LOSS=0.842578 | MEAN_GATE=0.5503 | MEAN_VALID_PER_ROW=12.19 | MEAN_VALID_OFFDIAG=11.19 | BATCH_RMSE=0.658125
  STEP 600/1435 | TOTAL_LOSS=1.251430 | REG_LOSS=0.893201 | SOFTCLIP_LOSS=2.370362 | PCL_LOSS=1.211925 | MEAN_GATE=0.5472 | MEAN_VALID_PER_ROW=13.44 | MEAN_VALID_OFFDIAG=12.44 | BATCH_RMSE=0.945093
  STEP 700/1435 | TOTAL_LOSS=0.745497 | REG_LOSS=0.329368 | SOFTCLIP_LOSS=2.588356 | PCL_LOSS=1.572944 | MEAN_GATE=0.5282 | MEAN_VALID_PER_ROW=13.25 | MEAN_VALID_OFFDIAG=12.25 | BATCH_RMSE=0.573905
  STEP 800/1435 | TOTAL_LOSS=0.492641 | REG_LOSS=0.167994 | SOFTCLIP_LOSS=2.547264 | PCL_LOSS=0.699208 | MEAN_GATE=0.5347 | MEAN_VALID_PER_ROW=13.12 | MEAN_VALID_OFFDIAG=12.12 | BATCH_RMSE=0.409871
  STEP 900/1435 | TOTAL_LOSS=1.172292 | REG_LOSS=0.851338 | SOFTCLIP_LOSS=2.288873 | PCL_LOSS=0.920658 | MEAN_GATE=0.5447 | MEAN_VALID_PER_ROW=12.38 | MEAN_VALID_OFFDIAG=11.38 | BATCH_RMSE=0.922680
  STEP 1000/1435 | TOTAL_LOSS=0.885825 | REG_LOSS=0.559754 | SOFTCLIP_LOSS=2.508517 | PCL_LOSS=0.752197 | MEAN_GATE=0.5478 | MEAN_VALID_PER_ROW=13.44 | MEAN_VALID_OFFDIAG=12.44 | BATCH_RMSE=0.748167
  STEP 1100/1435 | TOTAL_LOSS=0.710227 | REG_LOSS=0.404816 | SOFTCLIP_LOSS=2.328211 | PCL_LOSS=0.725896 | MEAN_GATE=0.5590 | MEAN_VALID_PER_ROW=13.00 | MEAN_VALID_OFFDIAG=12.00 | BATCH_RMSE=0.636252
  STEP 1200/1435 | TOTAL_LOSS=0.549408 | REG_LOSS=0.222567 | SOFTCLIP_LOSS=2.454711 | PCL_LOSS=0.813700 | MEAN_GATE=0.5366 | MEAN_VALID_PER_ROW=13.06 | MEAN_VALID_OFFDIAG=12.06 | BATCH_RMSE=0.471770
  STEP 1300/1435 | TOTAL_LOSS=1.155781 | REG_LOSS=0.880617 | SOFTCLIP_LOSS=2.220099 | PCL_LOSS=0.531533 | MEAN_GATE=0.5692 | MEAN_VALID_PER_ROW=13.19 | MEAN_VALID_OFFDIAG=12.19 | BATCH_RMSE=0.938412
  STEP 1400/1435 | TOTAL_LOSS=0.750565 | REG_LOSS=0.420044 | SOFTCLIP_LOSS=2.603948 | PCL_LOSS=0.701265 | MEAN_GATE=0.5545 | MEAN_VALID_PER_ROW=12.88 | MEAN_VALID_OFFDIAG=11.88 | BATCH_RMSE=0.648108
[EPOCH 002/030] TRAIN: TOTAL=1.010817 | REG=0.679078 | SOFTCLIP=2.379807 | PCL=0.937576 | RMSE=0.824062 | MAE=0.571383 | CI=0.727762 | RM2=0.179687
[EPOCH 002/030] VAL  : TOTAL=0.763950 | REG=0.572833 | SOFTCLIP=1.269332 | PCL=0.641840 | RMSE=0.756857 | MAE=0.467946 | CI=0.782086 | RM2=0.283042
  SAVED NEW BEST MODEL | EPOCH=002 | BEST_VAL_RMSE=0.756857 | BEST_VAL_MAE=0.467946 | BEST_VAL_CI=0.782086 | BEST_VAL_RM2=0.283042

EPOCH 3/30
  STEP 100/1435 | TOTAL_LOSS=0.725744 | REG_LOSS=0.413201 | SOFTCLIP_LOSS=2.506031 | PCL_LOSS=0.619397 | MEAN_GATE=0.5393 | MEAN_VALID_PER_ROW=12.94 | MEAN_VALID_OFFDIAG=11.94 | BATCH_RMSE=0.642807
  STEP 200/1435 | TOTAL_LOSS=0.669452 | REG_LOSS=0.380513 | SOFTCLIP_LOSS=2.279255 | PCL_LOSS=0.610137 | MEAN_GATE=0.5468 | MEAN_VALID_PER_ROW=12.19 | MEAN_VALID_OFFDIAG=11.19 | BATCH_RMSE=0.616858
  STEP 300/1435 | TOTAL_LOSS=0.476543 | REG_LOSS=0.153505 | SOFTCLIP_LOSS=2.316497 | PCL_LOSS=0.913875 | MEAN_GATE=0.5564 | MEAN_VALID_PER_ROW=13.38 | MEAN_VALID_OFFDIAG=12.38 | BATCH_RMSE=0.391798
  STEP 400/1435 | TOTAL_LOSS=0.553511 | REG_LOSS=0.241963 | SOFTCLIP_LOSS=2.364019 | PCL_LOSS=0.751462 | MEAN_GATE=0.5477 | MEAN_VALID_PER_ROW=13.50 | MEAN_VALID_OFFDIAG=12.50 | BATCH_RMSE=0.491897
  STEP 500/1435 | TOTAL_LOSS=1.304349 | REG_LOSS=0.978468 | SOFTCLIP_LOSS=2.358701 | PCL_LOSS=0.900112 | MEAN_GATE=0.5450 | MEAN_VALID_PER_ROW=12.50 | MEAN_VALID_OFFDIAG=11.50 | BATCH_RMSE=0.989175
  STEP 600/1435 | TOTAL_LOSS=0.610642 | REG_LOSS=0.321107 | SOFTCLIP_LOSS=2.313937 | PCL_LOSS=0.581412 | MEAN_GATE=0.5456 | MEAN_VALID_PER_ROW=13.44 | MEAN_VALID_OFFDIAG=12.44 | BATCH_RMSE=0.566663
  STEP 700/1435 | TOTAL_LOSS=1.817492 | REG_LOSS=1.561291 | SOFTCLIP_LOSS=2.205322 | PCL_LOSS=0.356688 | MEAN_GATE=0.5526 | MEAN_VALID_PER_ROW=12.56 | MEAN_VALID_OFFDIAG=11.56 | BATCH_RMSE=1.249516
  STEP 800/1435 | TOTAL_LOSS=0.695951 | REG_LOSS=0.430999 | SOFTCLIP_LOSS=2.271417 | PCL_LOSS=0.378104 | MEAN_GATE=0.5384 | MEAN_VALID_PER_ROW=13.31 | MEAN_VALID_OFFDIAG=12.31 | BATCH_RMSE=0.656505
  STEP 900/1435 | TOTAL_LOSS=0.565745 | REG_LOSS=0.287847 | SOFTCLIP_LOSS=2.364876 | PCL_LOSS=0.414105 | MEAN_GATE=0.5362 | MEAN_VALID_PER_ROW=12.75 | MEAN_VALID_OFFDIAG=11.75 | BATCH_RMSE=0.536513
  STEP 1000/1435 | TOTAL_LOSS=0.444311 | REG_LOSS=0.156027 | SOFTCLIP_LOSS=2.172926 | PCL_LOSS=0.709924 | MEAN_GATE=0.5337 | MEAN_VALID_PER_ROW=12.88 | MEAN_VALID_OFFDIAG=11.88 | BATCH_RMSE=0.395002
  STEP 1100/1435 | TOTAL_LOSS=0.670751 | REG_LOSS=0.364864 | SOFTCLIP_LOSS=2.427038 | PCL_LOSS=0.631839 | MEAN_GATE=0.5207 | MEAN_VALID_PER_ROW=13.19 | MEAN_VALID_OFFDIAG=12.19 | BATCH_RMSE=0.604039
  STEP 1200/1435 | TOTAL_LOSS=1.077539 | REG_LOSS=0.820364 | SOFTCLIP_LOSS=2.184450 | PCL_LOSS=0.387303 | MEAN_GATE=0.5361 | MEAN_VALID_PER_ROW=12.25 | MEAN_VALID_OFFDIAG=11.25 | BATCH_RMSE=0.905739
  STEP 1300/1435 | TOTAL_LOSS=0.673364 | REG_LOSS=0.372024 | SOFTCLIP_LOSS=2.273772 | PCL_LOSS=0.739627 | MEAN_GATE=0.5330 | MEAN_VALID_PER_ROW=12.94 | MEAN_VALID_OFFDIAG=11.94 | BATCH_RMSE=0.609938
  STEP 1400/1435 | TOTAL_LOSS=0.916679 | REG_LOSS=0.625894 | SOFTCLIP_LOSS=2.282929 | PCL_LOSS=0.624924 | MEAN_GATE=0.5298 | MEAN_VALID_PER_ROW=12.56 | MEAN_VALID_OFFDIAG=11.56 | BATCH_RMSE=0.791135
[EPOCH 003/030] TRAIN: TOTAL=0.961114 | REG=0.657667 | SOFTCLIP=2.345586 | PCL=0.688883 | RMSE=0.810967 | MAE=0.560601 | CI=0.737275 | RM2=0.199583
[EPOCH 003/030] VAL  : TOTAL=0.742563 | REG=0.569736 | SOFTCLIP=1.262247 | PCL=0.466020 | RMSE=0.754809 | MAE=0.487003 | CI=0.782287 | RM2=0.285632
  SAVED NEW BEST MODEL | EPOCH=003 | BEST_VAL_RMSE=0.754809 | BEST_VAL_MAE=0.487003 | BEST_VAL_CI=0.782287 | BEST_VAL_RM2=0.285632

EPOCH 4/30
  STEP 100/1435 | TOTAL_LOSS=1.418209 | REG_LOSS=1.094422 | SOFTCLIP_LOSS=2.204365 | PCL_LOSS=1.033502 | MEAN_GATE=0.5706 | MEAN_VALID_PER_ROW=13.12 | MEAN_VALID_OFFDIAG=12.12 | BATCH_RMSE=1.046146
  STEP 200/1435 | TOTAL_LOSS=0.633372 | REG_LOSS=0.356726 | SOFTCLIP_LOSS=2.269656 | PCL_LOSS=0.496804 | MEAN_GATE=0.5411 | MEAN_VALID_PER_ROW=13.00 | MEAN_VALID_OFFDIAG=12.00 | BATCH_RMSE=0.597265
  STEP 300/1435 | TOTAL_LOSS=1.282028 | REG_LOSS=0.995575 | SOFTCLIP_LOSS=2.339519 | PCL_LOSS=0.525010 | MEAN_GATE=0.5329 | MEAN_VALID_PER_ROW=13.12 | MEAN_VALID_OFFDIAG=12.12 | BATCH_RMSE=0.997785
  STEP 400/1435 | TOTAL_LOSS=0.861267 | REG_LOSS=0.524789 | SOFTCLIP_LOSS=2.385707 | PCL_LOSS=0.979069 | MEAN_GATE=0.5563 | MEAN_VALID_PER_ROW=13.12 | MEAN_VALID_OFFDIAG=12.12 | BATCH_RMSE=0.724423
  STEP 500/1435 | TOTAL_LOSS=0.899487 | REG_LOSS=0.599743 | SOFTCLIP_LOSS=2.268568 | PCL_LOSS=0.728872 | MEAN_GATE=0.5483 | MEAN_VALID_PER_ROW=12.50 | MEAN_VALID_OFFDIAG=11.50 | BATCH_RMSE=0.774431
  STEP 600/1435 | TOTAL_LOSS=1.210333 | REG_LOSS=0.892020 | SOFTCLIP_LOSS=2.320765 | PCL_LOSS=0.862360 | MEAN_GATE=0.5332 | MEAN_VALID_PER_ROW=12.69 | MEAN_VALID_OFFDIAG=11.69 | BATCH_RMSE=0.944468
  STEP 700/1435 | TOTAL_LOSS=1.943781 | REG_LOSS=1.644031 | SOFTCLIP_LOSS=2.282277 | PCL_LOSS=0.715225 | MEAN_GATE=0.5163 | MEAN_VALID_PER_ROW=12.50 | MEAN_VALID_OFFDIAG=11.50 | BATCH_RMSE=1.282198
  STEP 800/1435 | TOTAL_LOSS=2.736144 | REG_LOSS=2.471707 | SOFTCLIP_LOSS=2.113758 | PCL_LOSS=0.530616 | MEAN_GATE=0.5287 | MEAN_VALID_PER_ROW=13.00 | MEAN_VALID_OFFDIAG=12.00 | BATCH_RMSE=1.572166
  STEP 900/1435 | TOTAL_LOSS=1.489759 | REG_LOSS=1.195470 | SOFTCLIP_LOSS=2.390736 | PCL_LOSS=0.552161 | MEAN_GATE=0.5431 | MEAN_VALID_PER_ROW=12.56 | MEAN_VALID_OFFDIAG=11.56 | BATCH_RMSE=1.093375
  STEP 1000/1435 | TOTAL_LOSS=1.141987 | REG_LOSS=0.831587 | SOFTCLIP_LOSS=2.065730 | PCL_LOSS=1.038269 | MEAN_GATE=0.5723 | MEAN_VALID_PER_ROW=13.06 | MEAN_VALID_OFFDIAG=12.06 | BATCH_RMSE=0.911914
  STEP 1100/1435 | TOTAL_LOSS=0.502048 | REG_LOSS=0.205516 | SOFTCLIP_LOSS=2.437702 | PCL_LOSS=0.527616 | MEAN_GATE=0.5203 | MEAN_VALID_PER_ROW=12.75 | MEAN_VALID_OFFDIAG=11.75 | BATCH_RMSE=0.453339
  STEP 1200/1435 | TOTAL_LOSS=1.019551 | REG_LOSS=0.680838 | SOFTCLIP_LOSS=2.274615 | PCL_LOSS=1.112509 | MEAN_GATE=0.5102 | MEAN_VALID_PER_ROW=12.50 | MEAN_VALID_OFFDIAG=11.50 | BATCH_RMSE=0.825129
  STEP 1300/1435 | TOTAL_LOSS=0.601470 | REG_LOSS=0.300279 | SOFTCLIP_LOSS=2.404376 | PCL_LOSS=0.607536 | MEAN_GATE=0.5394 | MEAN_VALID_PER_ROW=13.44 | MEAN_VALID_OFFDIAG=12.44 | BATCH_RMSE=0.547977
  STEP 1400/1435 | TOTAL_LOSS=0.864122 | REG_LOSS=0.594142 | SOFTCLIP_LOSS=2.314847 | PCL_LOSS=0.384952 | MEAN_GATE=0.5323 | MEAN_VALID_PER_ROW=13.44 | MEAN_VALID_OFFDIAG=12.44 | BATCH_RMSE=0.770806
[EPOCH 004/030] TRAIN: TOTAL=0.943037 | REG=0.651819 | SOFTCLIP=2.323534 | PCL=0.588652 | RMSE=0.807353 | MAE=0.557624 | CI=0.742563 | RM2=0.205338
[EPOCH 004/030] VAL  : TOTAL=0.726299 | REG=0.549317 | SOFTCLIP=1.256681 | PCL=0.513138 | RMSE=0.741159 | MAE=0.486956 | CI=0.783703 | RM2=0.297248
  SAVED NEW BEST MODEL | EPOCH=004 | BEST_VAL_RMSE=0.741159 | BEST_VAL_MAE=0.486956 | BEST_VAL_CI=0.783703 | BEST_VAL_RM2=0.297248

EPOCH 5/30
  STEP 100/1435 | TOTAL_LOSS=0.805804 | REG_LOSS=0.525620 | SOFTCLIP_LOSS=2.266813 | PCL_LOSS=0.535034 | MEAN_GATE=0.5160 | MEAN_VALID_PER_ROW=13.31 | MEAN_VALID_OFFDIAG=12.31 | BATCH_RMSE=0.724996
  STEP 200/1435 | TOTAL_LOSS=0.527617 | REG_LOSS=0.257802 | SOFTCLIP_LOSS=2.146772 | PCL_LOSS=0.551378 | MEAN_GATE=0.5693 | MEAN_VALID_PER_ROW=12.75 | MEAN_VALID_OFFDIAG=11.75 | BATCH_RMSE=0.507742
  STEP 300/1435 | TOTAL_LOSS=0.731922 | REG_LOSS=0.456394 | SOFTCLIP_LOSS=2.486764 | PCL_LOSS=0.268510 | MEAN_GATE=0.5482 | MEAN_VALID_PER_ROW=13.62 | MEAN_VALID_OFFDIAG=12.62 | BATCH_RMSE=0.675570
  STEP 400/1435 | TOTAL_LOSS=0.458236 | REG_LOSS=0.157196 | SOFTCLIP_LOSS=2.241598 | PCL_LOSS=0.768801 | MEAN_GATE=0.5332 | MEAN_VALID_PER_ROW=12.81 | MEAN_VALID_OFFDIAG=11.81 | BATCH_RMSE=0.396479
  STEP 500/1435 | TOTAL_LOSS=0.487305 | REG_LOSS=0.191993 | SOFTCLIP_LOSS=2.389414 | PCL_LOSS=0.563711 | MEAN_GATE=0.5358 | MEAN_VALID_PER_ROW=12.81 | MEAN_VALID_OFFDIAG=11.81 | BATCH_RMSE=0.438170
  STEP 600/1435 | TOTAL_LOSS=1.990828 | REG_LOSS=1.743579 | SOFTCLIP_LOSS=2.225935 | PCL_LOSS=0.246561 | MEAN_GATE=0.5207 | MEAN_VALID_PER_ROW=13.12 | MEAN_VALID_OFFDIAG=12.12 | BATCH_RMSE=1.320446
  STEP 700/1435 | TOTAL_LOSS=0.612103 | REG_LOSS=0.331091 | SOFTCLIP_LOSS=2.392352 | PCL_LOSS=0.417776 | MEAN_GATE=0.5150 | MEAN_VALID_PER_ROW=13.12 | MEAN_VALID_OFFDIAG=12.12 | BATCH_RMSE=0.575405
  STEP 800/1435 | TOTAL_LOSS=0.752365 | REG_LOSS=0.441449 | SOFTCLIP_LOSS=2.292697 | PCL_LOSS=0.816461 | MEAN_GATE=0.5498 | MEAN_VALID_PER_ROW=12.75 | MEAN_VALID_OFFDIAG=11.75 | BATCH_RMSE=0.664416
  STEP 900/1435 | TOTAL_LOSS=0.774050 | REG_LOSS=0.473893 | SOFTCLIP_LOSS=2.306800 | PCL_LOSS=0.694774 | MEAN_GATE=0.5315 | MEAN_VALID_PER_ROW=13.75 | MEAN_VALID_OFFDIAG=12.75 | BATCH_RMSE=0.688399
  STEP 1000/1435 | TOTAL_LOSS=0.725409 | REG_LOSS=0.461467 | SOFTCLIP_LOSS=2.361327 | PCL_LOSS=0.278091 | MEAN_GATE=0.5265 | MEAN_VALID_PER_ROW=13.44 | MEAN_VALID_OFFDIAG=12.44 | BATCH_RMSE=0.679314
  STEP 1100/1435 | TOTAL_LOSS=1.367053 | REG_LOSS=1.090326 | SOFTCLIP_LOSS=2.357502 | PCL_LOSS=0.409765 | MEAN_GATE=0.5669 | MEAN_VALID_PER_ROW=13.00 | MEAN_VALID_OFFDIAG=12.00 | BATCH_RMSE=1.044187
  STEP 1200/1435 | TOTAL_LOSS=0.845580 | REG_LOSS=0.569551 | SOFTCLIP_LOSS=2.240936 | PCL_LOSS=0.519354 | MEAN_GATE=0.5677 | MEAN_VALID_PER_ROW=12.25 | MEAN_VALID_OFFDIAG=11.25 | BATCH_RMSE=0.754686
  STEP 1300/1435 | TOTAL_LOSS=1.004765 | REG_LOSS=0.746900 | SOFTCLIP_LOSS=2.279068 | PCL_LOSS=0.299586 | MEAN_GATE=0.5232 | MEAN_VALID_PER_ROW=13.50 | MEAN_VALID_OFFDIAG=12.50 | BATCH_RMSE=0.864233
  STEP 1400/1435 | TOTAL_LOSS=0.998519 | REG_LOSS=0.718404 | SOFTCLIP_LOSS=2.190395 | PCL_LOSS=0.610759 | MEAN_GATE=0.5481 | MEAN_VALID_PER_ROW=13.06 | MEAN_VALID_OFFDIAG=12.06 | BATCH_RMSE=0.847587
[EPOCH 005/030] TRAIN: TOTAL=0.919708 | REG=0.636628 | SOFTCLIP=2.313689 | PCL=0.517117 | RMSE=0.797890 | MAE=0.549411 | CI=0.746176 | RM2=0.220041
[EPOCH 005/030] VAL  : TOTAL=0.713478 | REG=0.541672 | SOFTCLIP=1.257885 | PCL=0.460174 | RMSE=0.735984 | MAE=0.481801 | CI=0.790092 | RM2=0.302401
  SAVED NEW BEST MODEL | EPOCH=005 | BEST_VAL_RMSE=0.735984 | BEST_VAL_MAE=0.481801 | BEST_VAL_CI=0.790092 | BEST_VAL_RM2=0.302401

EPOCH 6/30
  STEP 100/1435 | TOTAL_LOSS=0.714016 | REG_LOSS=0.453412 | SOFTCLIP_LOSS=2.315652 | PCL_LOSS=0.290382 | MEAN_GATE=0.5617 | MEAN_VALID_PER_ROW=12.81 | MEAN_VALID_OFFDIAG=11.81 | BATCH_RMSE=0.673359
  STEP 200/1435 | TOTAL_LOSS=0.932674 | REG_LOSS=0.678436 | SOFTCLIP_LOSS=2.183976 | PCL_LOSS=0.358397 | MEAN_GATE=0.5652 | MEAN_VALID_PER_ROW=12.50 | MEAN_VALID_OFFDIAG=11.50 | BATCH_RMSE=0.823673
  STEP 300/1435 | TOTAL_LOSS=1.715777 | REG_LOSS=1.469185 | SOFTCLIP_LOSS=2.243279 | PCL_LOSS=0.222641 | MEAN_GATE=0.5552 | MEAN_VALID_PER_ROW=13.19 | MEAN_VALID_OFFDIAG=12.19 | BATCH_RMSE=1.212100
  STEP 400/1435 | TOTAL_LOSS=0.871564 | REG_LOSS=0.581378 | SOFTCLIP_LOSS=2.473288 | PCL_LOSS=0.428570 | MEAN_GATE=0.5485 | MEAN_VALID_PER_ROW=13.44 | MEAN_VALID_OFFDIAG=12.44 | BATCH_RMSE=0.762481
  STEP 500/1435 | TOTAL_LOSS=0.974204 | REG_LOSS=0.672846 | SOFTCLIP_LOSS=2.425434 | PCL_LOSS=0.588142 | MEAN_GATE=0.5818 | MEAN_VALID_PER_ROW=14.00 | MEAN_VALID_OFFDIAG=13.00 | BATCH_RMSE=0.820272
  STEP 600/1435 | TOTAL_LOSS=0.428268 | REG_LOSS=0.152323 | SOFTCLIP_LOSS=2.370551 | PCL_LOSS=0.388897 | MEAN_GATE=0.5977 | MEAN_VALID_PER_ROW=13.50 | MEAN_VALID_OFFDIAG=12.50 | BATCH_RMSE=0.390286
  STEP 700/1435 | TOTAL_LOSS=0.814151 | REG_LOSS=0.544401 | SOFTCLIP_LOSS=2.296453 | PCL_LOSS=0.401052 | MEAN_GATE=0.5576 | MEAN_VALID_PER_ROW=13.44 | MEAN_VALID_OFFDIAG=12.44 | BATCH_RMSE=0.737835
  STEP 800/1435 | TOTAL_LOSS=1.529149 | REG_LOSS=1.276857 | SOFTCLIP_LOSS=2.276105 | PCL_LOSS=0.246813 | MEAN_GATE=0.5581 | MEAN_VALID_PER_ROW=13.75 | MEAN_VALID_OFFDIAG=12.75 | BATCH_RMSE=1.129981
  STEP 900/1435 | TOTAL_LOSS=0.509158 | REG_LOSS=0.207415 | SOFTCLIP_LOSS=2.372797 | PCL_LOSS=0.644634 | MEAN_GATE=0.5503 | MEAN_VALID_PER_ROW=13.12 | MEAN_VALID_OFFDIAG=12.12 | BATCH_RMSE=0.455429
  STEP 1000/1435 | TOTAL_LOSS=0.951873 | REG_LOSS=0.659439 | SOFTCLIP_LOSS=2.556551 | PCL_LOSS=0.367796 | MEAN_GATE=0.5804 | MEAN_VALID_PER_ROW=13.69 | MEAN_VALID_OFFDIAG=12.69 | BATCH_RMSE=0.812058
  STEP 1100/1435 | TOTAL_LOSS=0.493191 | REG_LOSS=0.227021 | SOFTCLIP_LOSS=2.336678 | PCL_LOSS=0.325023 | MEAN_GATE=0.5789 | MEAN_VALID_PER_ROW=13.75 | MEAN_VALID_OFFDIAG=12.75 | BATCH_RMSE=0.476467
  STEP 1200/1435 | TOTAL_LOSS=1.326143 | REG_LOSS=1.038802 | SOFTCLIP_LOSS=2.268076 | PCL_LOSS=0.605334 | MEAN_GATE=0.5694 | MEAN_VALID_PER_ROW=13.31 | MEAN_VALID_OFFDIAG=12.31 | BATCH_RMSE=1.019216
  STEP 1300/1435 | TOTAL_LOSS=2.238848 | REG_LOSS=1.998961 | SOFTCLIP_LOSS=2.153752 | PCL_LOSS=0.245118 | MEAN_GATE=0.5749 | MEAN_VALID_PER_ROW=13.19 | MEAN_VALID_OFFDIAG=12.19 | BATCH_RMSE=1.413846
  STEP 1400/1435 | TOTAL_LOSS=0.763504 | REG_LOSS=0.461998 | SOFTCLIP_LOSS=2.362896 | PCL_LOSS=0.652165 | MEAN_GATE=0.5882 | MEAN_VALID_PER_ROW=13.31 | MEAN_VALID_OFFDIAG=12.31 | BATCH_RMSE=0.679704
[EPOCH 006/030] TRAIN: TOTAL=0.887386 | REG=0.609504 | SOFTCLIP=2.300999 | PCL=0.477819 | RMSE=0.780707 | MAE=0.537762 | CI=0.752780 | RM2=0.247647
[EPOCH 006/030] VAL  : TOTAL=0.665071 | REG=0.491305 | SOFTCLIP=1.254548 | PCL=0.483112 | RMSE=0.700932 | MAE=0.474242 | CI=0.809490 | RM2=0.365635
  SAVED NEW BEST MODEL | EPOCH=006 | BEST_VAL_RMSE=0.700932 | BEST_VAL_MAE=0.474242 | BEST_VAL_CI=0.809490 | BEST_VAL_RM2=0.365635

EPOCH 7/30
  STEP 100/1435 | TOTAL_LOSS=0.501852 | REG_LOSS=0.224004 | SOFTCLIP_LOSS=2.246289 | PCL_LOSS=0.532199 | MEAN_GATE=0.5580 | MEAN_VALID_PER_ROW=13.06 | MEAN_VALID_OFFDIAG=12.06 | BATCH_RMSE=0.473290
  STEP 200/1435 | TOTAL_LOSS=0.501826 | REG_LOSS=0.233215 | SOFTCLIP_LOSS=2.218585 | PCL_LOSS=0.467526 | MEAN_GATE=0.5984 | MEAN_VALID_PER_ROW=12.56 | MEAN_VALID_OFFDIAG=11.56 | BATCH_RMSE=0.482923
  STEP 300/1435 | TOTAL_LOSS=1.270938 | REG_LOSS=1.020574 | SOFTCLIP_LOSS=2.069578 | PCL_LOSS=0.434066 | MEAN_GATE=0.5847 | MEAN_VALID_PER_ROW=12.50 | MEAN_VALID_OFFDIAG=11.50 | BATCH_RMSE=1.010235
  STEP 400/1435 | TOTAL_LOSS=0.680027 | REG_LOSS=0.396219 | SOFTCLIP_LOSS=2.337383 | PCL_LOSS=0.500688 | MEAN_GATE=0.5704 | MEAN_VALID_PER_ROW=13.12 | MEAN_VALID_OFFDIAG=12.12 | BATCH_RMSE=0.629460
  STEP 500/1435 | TOTAL_LOSS=0.404744 | REG_LOSS=0.149985 | SOFTCLIP_LOSS=2.218972 | PCL_LOSS=0.328624 | MEAN_GATE=0.5689 | MEAN_VALID_PER_ROW=13.00 | MEAN_VALID_OFFDIAG=12.00 | BATCH_RMSE=0.387278
  STEP 600/1435 | TOTAL_LOSS=0.823820 | REG_LOSS=0.562102 | SOFTCLIP_LOSS=2.217698 | PCL_LOSS=0.399477 | MEAN_GATE=0.5699 | MEAN_VALID_PER_ROW=12.69 | MEAN_VALID_OFFDIAG=11.69 | BATCH_RMSE=0.749735
  STEP 700/1435 | TOTAL_LOSS=0.394626 | REG_LOSS=0.145677 | SOFTCLIP_LOSS=2.107764 | PCL_LOSS=0.381733 | MEAN_GATE=0.6044 | MEAN_VALID_PER_ROW=13.19 | MEAN_VALID_OFFDIAG=12.19 | BATCH_RMSE=0.381676
  STEP 800/1435 | TOTAL_LOSS=0.779125 | REG_LOSS=0.492089 | SOFTCLIP_LOSS=2.392384 | PCL_LOSS=0.477977 | MEAN_GATE=0.6170 | MEAN_VALID_PER_ROW=13.69 | MEAN_VALID_OFFDIAG=12.69 | BATCH_RMSE=0.701490
  STEP 900/1435 | TOTAL_LOSS=0.763929 | REG_LOSS=0.496694 | SOFTCLIP_LOSS=2.314377 | PCL_LOSS=0.357974 | MEAN_GATE=0.5959 | MEAN_VALID_PER_ROW=12.75 | MEAN_VALID_OFFDIAG=11.75 | BATCH_RMSE=0.704765
  STEP 1000/1435 | TOTAL_LOSS=1.479024 | REG_LOSS=1.217859 | SOFTCLIP_LOSS=2.201455 | PCL_LOSS=0.410202 | MEAN_GATE=0.5756 | MEAN_VALID_PER_ROW=13.00 | MEAN_VALID_OFFDIAG=12.00 | BATCH_RMSE=1.103566
  STEP 1100/1435 | TOTAL_LOSS=0.496054 | REG_LOSS=0.250865 | SOFTCLIP_LOSS=2.059414 | PCL_LOSS=0.392480 | MEAN_GATE=0.6179 | MEAN_VALID_PER_ROW=12.94 | MEAN_VALID_OFFDIAG=11.94 | BATCH_RMSE=0.500864
  STEP 1200/1435 | TOTAL_LOSS=0.725975 | REG_LOSS=0.449378 | SOFTCLIP_LOSS=2.367267 | PCL_LOSS=0.398701 | MEAN_GATE=0.6300 | MEAN_VALID_PER_ROW=13.50 | MEAN_VALID_OFFDIAG=12.50 | BATCH_RMSE=0.670357
  STEP 1300/1435 | TOTAL_LOSS=0.977134 | REG_LOSS=0.650628 | SOFTCLIP_LOSS=2.326140 | PCL_LOSS=0.938919 | MEAN_GATE=0.5682 | MEAN_VALID_PER_ROW=13.19 | MEAN_VALID_OFFDIAG=12.19 | BATCH_RMSE=0.806615
  STEP 1400/1435 | TOTAL_LOSS=0.560456 | REG_LOSS=0.300447 | SOFTCLIP_LOSS=2.251049 | PCL_LOSS=0.349042 | MEAN_GATE=0.6060 | MEAN_VALID_PER_ROW=13.88 | MEAN_VALID_OFFDIAG=12.88 | BATCH_RMSE=0.548130
[EPOCH 007/030] TRAIN: TOTAL=0.859661 | REG=0.585890 | SOFTCLIP=2.289880 | PCL=0.447830 | RMSE=0.765435 | MAE=0.522066 | CI=0.765531 | RM2=0.272442
[EPOCH 007/030] VAL  : TOTAL=0.659747 | REG=0.505286 | SOFTCLIP=1.252452 | PCL=0.292159 | RMSE=0.710835 | MAE=0.424744 | CI=0.806513 | RM2=0.375909

EPOCH 8/30
  STEP 100/1435 | TOTAL_LOSS=0.913753 | REG_LOSS=0.658514 | SOFTCLIP_LOSS=2.132706 | PCL_LOSS=0.419680 | MEAN_GATE=0.6315 | MEAN_VALID_PER_ROW=12.25 | MEAN_VALID_OFFDIAG=11.25 | BATCH_RMSE=0.811489
  STEP 200/1435 | TOTAL_LOSS=0.568542 | REG_LOSS=0.274033 | SOFTCLIP_LOSS=2.441385 | PCL_LOSS=0.503707 | MEAN_GATE=0.6115 | MEAN_VALID_PER_ROW=13.31 | MEAN_VALID_OFFDIAG=12.31 | BATCH_RMSE=0.523481
  STEP 300/1435 | TOTAL_LOSS=1.218229 | REG_LOSS=0.954307 | SOFTCLIP_LOSS=2.097828 | PCL_LOSS=0.541399 | MEAN_GATE=0.6005 | MEAN_VALID_PER_ROW=12.75 | MEAN_VALID_OFFDIAG=11.75 | BATCH_RMSE=0.976886
  STEP 400/1435 | TOTAL_LOSS=0.863316 | REG_LOSS=0.611449 | SOFTCLIP_LOSS=2.076880 | PCL_LOSS=0.441794 | MEAN_GATE=0.5794 | MEAN_VALID_PER_ROW=12.19 | MEAN_VALID_OFFDIAG=11.19 | BATCH_RMSE=0.781952
  STEP 500/1435 | TOTAL_LOSS=0.534055 | REG_LOSS=0.272702 | SOFTCLIP_LOSS=2.270541 | PCL_LOSS=0.342992 | MEAN_GATE=0.5875 | MEAN_VALID_PER_ROW=12.62 | MEAN_VALID_OFFDIAG=11.62 | BATCH_RMSE=0.522209
  STEP 600/1435 | TOTAL_LOSS=0.917876 | REG_LOSS=0.652413 | SOFTCLIP_LOSS=2.257103 | PCL_LOSS=0.397523 | MEAN_GATE=0.5883 | MEAN_VALID_PER_ROW=12.25 | MEAN_VALID_OFFDIAG=11.25 | BATCH_RMSE=0.807721
  STEP 700/1435 | TOTAL_LOSS=0.584470 | REG_LOSS=0.339150 | SOFTCLIP_LOSS=2.328489 | PCL_LOSS=0.124707 | MEAN_GATE=0.5589 | MEAN_VALID_PER_ROW=13.44 | MEAN_VALID_OFFDIAG=12.44 | BATCH_RMSE=0.582366
  STEP 800/1435 | TOTAL_LOSS=0.546232 | REG_LOSS=0.295150 | SOFTCLIP_LOSS=2.221500 | PCL_LOSS=0.289317 | MEAN_GATE=0.5465 | MEAN_VALID_PER_ROW=13.75 | MEAN_VALID_OFFDIAG=12.75 | BATCH_RMSE=0.543277
  STEP 900/1435 | TOTAL_LOSS=0.617812 | REG_LOSS=0.368852 | SOFTCLIP_LOSS=2.234658 | PCL_LOSS=0.254941 | MEAN_GATE=0.5460 | MEAN_VALID_PER_ROW=13.69 | MEAN_VALID_OFFDIAG=12.69 | BATCH_RMSE=0.607332
  STEP 1000/1435 | TOTAL_LOSS=2.324369 | REG_LOSS=2.060267 | SOFTCLIP_LOSS=2.187234 | PCL_LOSS=0.453788 | MEAN_GATE=0.6050 | MEAN_VALID_PER_ROW=14.12 | MEAN_VALID_OFFDIAG=13.12 | BATCH_RMSE=1.435363
  STEP 1100/1435 | TOTAL_LOSS=0.403347 | REG_LOSS=0.150096 | SOFTCLIP_LOSS=2.144933 | PCL_LOSS=0.387578 | MEAN_GATE=0.5727 | MEAN_VALID_PER_ROW=13.19 | MEAN_VALID_OFFDIAG=12.19 | BATCH_RMSE=0.387422
  STEP 1200/1435 | TOTAL_LOSS=0.512761 | REG_LOSS=0.242261 | SOFTCLIP_LOSS=2.436779 | PCL_LOSS=0.268215 | MEAN_GATE=0.6018 | MEAN_VALID_PER_ROW=13.12 | MEAN_VALID_OFFDIAG=12.12 | BATCH_RMSE=0.492200
  STEP 1300/1435 | TOTAL_LOSS=1.540738 | REG_LOSS=1.276232 | SOFTCLIP_LOSS=2.436149 | PCL_LOSS=0.208915 | MEAN_GATE=0.6322 | MEAN_VALID_PER_ROW=13.62 | MEAN_VALID_OFFDIAG=12.62 | BATCH_RMSE=1.129704
  STEP 1400/1435 | TOTAL_LOSS=1.025686 | REG_LOSS=0.763808 | SOFTCLIP_LOSS=2.302757 | PCL_LOSS=0.316018 | MEAN_GATE=0.5808 | MEAN_VALID_PER_ROW=12.44 | MEAN_VALID_OFFDIAG=11.44 | BATCH_RMSE=0.873961
[EPOCH 008/030] TRAIN: TOTAL=0.847941 | REG=0.579433 | SOFTCLIP=2.277891 | PCL=0.407189 | RMSE=0.761205 | MAE=0.517493 | CI=0.763450 | RM2=0.279217
[EPOCH 008/030] VAL  : TOTAL=0.661036 | REG=0.502597 | SOFTCLIP=1.251298 | PCL=0.333093 | RMSE=0.708941 | MAE=0.421091 | CI=0.806687 | RM2=0.383663

EPOCH 9/30
  STEP 100/1435 | TOTAL_LOSS=0.827411 | REG_LOSS=0.537786 | SOFTCLIP_LOSS=2.351642 | PCL_LOSS=0.544610 | MEAN_GATE=0.5805 | MEAN_VALID_PER_ROW=13.44 | MEAN_VALID_OFFDIAG=12.44 | BATCH_RMSE=0.733339
  STEP 200/1435 | TOTAL_LOSS=0.710354 | REG_LOSS=0.438560 | SOFTCLIP_LOSS=2.131205 | PCL_LOSS=0.586734 | MEAN_GATE=0.6913 | MEAN_VALID_PER_ROW=12.69 | MEAN_VALID_OFFDIAG=11.69 | BATCH_RMSE=0.662239
  STEP 300/1435 | TOTAL_LOSS=0.657071 | REG_LOSS=0.393337 | SOFTCLIP_LOSS=2.148482 | PCL_LOSS=0.488856 | MEAN_GATE=0.6444 | MEAN_VALID_PER_ROW=13.06 | MEAN_VALID_OFFDIAG=12.06 | BATCH_RMSE=0.627166
  STEP 400/1435 | TOTAL_LOSS=1.798208 | REG_LOSS=1.558226 | SOFTCLIP_LOSS=2.164363 | PCL_LOSS=0.235459 | MEAN_GATE=0.6012 | MEAN_VALID_PER_ROW=13.19 | MEAN_VALID_OFFDIAG=12.19 | BATCH_RMSE=1.248289
  STEP 500/1435 | TOTAL_LOSS=1.782801 | REG_LOSS=1.522188 | SOFTCLIP_LOSS=2.084682 | PCL_LOSS=0.521453 | MEAN_GATE=0.6334 | MEAN_VALID_PER_ROW=13.56 | MEAN_VALID_OFFDIAG=12.56 | BATCH_RMSE=1.233770
  STEP 600/1435 | TOTAL_LOSS=0.731652 | REG_LOSS=0.451709 | SOFTCLIP_LOSS=2.263631 | PCL_LOSS=0.535798 | MEAN_GATE=0.6026 | MEAN_VALID_PER_ROW=12.38 | MEAN_VALID_OFFDIAG=11.38 | BATCH_RMSE=0.672093
  STEP 700/1435 | TOTAL_LOSS=0.439914 | REG_LOSS=0.170106 | SOFTCLIP_LOSS=2.360389 | PCL_LOSS=0.337691 | MEAN_GATE=0.5590 | MEAN_VALID_PER_ROW=12.00 | MEAN_VALID_OFFDIAG=11.00 | BATCH_RMSE=0.412439
  STEP 800/1435 | TOTAL_LOSS=1.587820 | REG_LOSS=1.320622 | SOFTCLIP_LOSS=2.185192 | PCL_LOSS=0.486791 | MEAN_GATE=0.6079 | MEAN_VALID_PER_ROW=12.38 | MEAN_VALID_OFFDIAG=11.38 | BATCH_RMSE=1.149183
  STEP 900/1435 | TOTAL_LOSS=0.767410 | REG_LOSS=0.521608 | SOFTCLIP_LOSS=2.207227 | PCL_LOSS=0.250793 | MEAN_GATE=0.6321 | MEAN_VALID_PER_ROW=13.00 | MEAN_VALID_OFFDIAG=12.00 | BATCH_RMSE=0.722224
  STEP 1000/1435 | TOTAL_LOSS=0.847094 | REG_LOSS=0.567736 | SOFTCLIP_LOSS=2.273194 | PCL_LOSS=0.520376 | MEAN_GATE=0.6182 | MEAN_VALID_PER_ROW=13.50 | MEAN_VALID_OFFDIAG=12.50 | BATCH_RMSE=0.753483
  STEP 1100/1435 | TOTAL_LOSS=0.991053 | REG_LOSS=0.745831 | SOFTCLIP_LOSS=2.092302 | PCL_LOSS=0.359917 | MEAN_GATE=0.6252 | MEAN_VALID_PER_ROW=12.38 | MEAN_VALID_OFFDIAG=11.38 | BATCH_RMSE=0.863615
  STEP 1200/1435 | TOTAL_LOSS=1.319732 | REG_LOSS=1.035389 | SOFTCLIP_LOSS=2.124830 | PCL_LOSS=0.718606 | MEAN_GATE=0.6135 | MEAN_VALID_PER_ROW=13.19 | MEAN_VALID_OFFDIAG=12.19 | BATCH_RMSE=1.017541
  STEP 1300/1435 | TOTAL_LOSS=1.733474 | REG_LOSS=1.449056 | SOFTCLIP_LOSS=2.206082 | PCL_LOSS=0.638097 | MEAN_GATE=0.6011 | MEAN_VALID_PER_ROW=13.38 | MEAN_VALID_OFFDIAG=12.38 | BATCH_RMSE=1.203767
  STEP 1400/1435 | TOTAL_LOSS=0.629118 | REG_LOSS=0.389309 | SOFTCLIP_LOSS=2.007974 | PCL_LOSS=0.390113 | MEAN_GATE=0.5486 | MEAN_VALID_PER_ROW=13.38 | MEAN_VALID_OFFDIAG=12.38 | BATCH_RMSE=0.623946
[EPOCH 009/030] TRAIN: TOTAL=0.841024 | REG=0.574130 | SOFTCLIP=2.272141 | PCL=0.396800 | RMSE=0.757713 | MAE=0.516202 | CI=0.768978 | RM2=0.284615
[EPOCH 009/030] VAL  : TOTAL=0.628260 | REG=0.471311 | SOFTCLIP=1.254123 | PCL=0.315365 | RMSE=0.686521 | MAE=0.463695 | CI=0.814794 | RM2=0.397292
  SAVED NEW BEST MODEL | EPOCH=009 | BEST_VAL_RMSE=0.686521 | BEST_VAL_MAE=0.463695 | BEST_VAL_CI=0.814794 | BEST_VAL_RM2=0.397292

EPOCH 10/30
  STEP 100/1435 | TOTAL_LOSS=0.534962 | REG_LOSS=0.251835 | SOFTCLIP_LOSS=2.266169 | PCL_LOSS=0.565095 | MEAN_GATE=0.5918 | MEAN_VALID_PER_ROW=13.31 | MEAN_VALID_OFFDIAG=12.31 | BATCH_RMSE=0.501832
  STEP 200/1435 | TOTAL_LOSS=0.933096 | REG_LOSS=0.662818 | SOFTCLIP_LOSS=2.253397 | PCL_LOSS=0.449391 | MEAN_GATE=0.6007 | MEAN_VALID_PER_ROW=12.75 | MEAN_VALID_OFFDIAG=11.75 | BATCH_RMSE=0.814136
  STEP 300/1435 | TOTAL_LOSS=0.651309 | REG_LOSS=0.396593 | SOFTCLIP_LOSS=2.279972 | PCL_LOSS=0.267191 | MEAN_GATE=0.6167 | MEAN_VALID_PER_ROW=12.44 | MEAN_VALID_OFFDIAG=11.44 | BATCH_RMSE=0.629756
  STEP 400/1435 | TOTAL_LOSS=1.503066 | REG_LOSS=1.234655 | SOFTCLIP_LOSS=2.361576 | PCL_LOSS=0.322531 | MEAN_GATE=0.5932 | MEAN_VALID_PER_ROW=13.19 | MEAN_VALID_OFFDIAG=12.19 | BATCH_RMSE=1.111150
  STEP 500/1435 | TOTAL_LOSS=0.510260 | REG_LOSS=0.261081 | SOFTCLIP_LOSS=2.322538 | PCL_LOSS=0.169254 | MEAN_GATE=0.6511 | MEAN_VALID_PER_ROW=13.31 | MEAN_VALID_OFFDIAG=12.31 | BATCH_RMSE=0.510961
  STEP 600/1435 | TOTAL_LOSS=0.637451 | REG_LOSS=0.366404 | SOFTCLIP_LOSS=2.380136 | PCL_LOSS=0.330340 | MEAN_GATE=0.6195 | MEAN_VALID_PER_ROW=13.12 | MEAN_VALID_OFFDIAG=12.12 | BATCH_RMSE=0.605313
  STEP 700/1435 | TOTAL_LOSS=0.682340 | REG_LOSS=0.423935 | SOFTCLIP_LOSS=2.314801 | PCL_LOSS=0.269249 | MEAN_GATE=0.6362 | MEAN_VALID_PER_ROW=12.69 | MEAN_VALID_OFFDIAG=11.69 | BATCH_RMSE=0.651103
  STEP 800/1435 | TOTAL_LOSS=0.397981 | REG_LOSS=0.150671 | SOFTCLIP_LOSS=2.334666 | PCL_LOSS=0.138430 | MEAN_GATE=0.6205 | MEAN_VALID_PER_ROW=12.44 | MEAN_VALID_OFFDIAG=11.44 | BATCH_RMSE=0.388164
  STEP 900/1435 | TOTAL_LOSS=0.587142 | REG_LOSS=0.336070 | SOFTCLIP_LOSS=2.193774 | PCL_LOSS=0.316945 | MEAN_GATE=0.6034 | MEAN_VALID_PER_ROW=12.94 | MEAN_VALID_OFFDIAG=11.94 | BATCH_RMSE=0.579716
  STEP 1000/1435 | TOTAL_LOSS=0.410631 | REG_LOSS=0.170423 | SOFTCLIP_LOSS=2.285797 | PCL_LOSS=0.116281 | MEAN_GATE=0.6007 | MEAN_VALID_PER_ROW=12.94 | MEAN_VALID_OFFDIAG=11.94 | BATCH_RMSE=0.412823
  STEP 1100/1435 | TOTAL_LOSS=0.490623 | REG_LOSS=0.232646 | SOFTCLIP_LOSS=2.414383 | PCL_LOSS=0.165382 | MEAN_GATE=0.6509 | MEAN_VALID_PER_ROW=13.38 | MEAN_VALID_OFFDIAG=12.38 | BATCH_RMSE=0.482334
  STEP 1200/1435 | TOTAL_LOSS=0.515960 | REG_LOSS=0.248228 | SOFTCLIP_LOSS=2.335865 | PCL_LOSS=0.341447 | MEAN_GATE=0.5753 | MEAN_VALID_PER_ROW=13.06 | MEAN_VALID_OFFDIAG=12.06 | BATCH_RMSE=0.498225
  STEP 1300/1435 | TOTAL_LOSS=0.858307 | REG_LOSS=0.600101 | SOFTCLIP_LOSS=2.264839 | PCL_LOSS=0.317225 | MEAN_GATE=0.5999 | MEAN_VALID_PER_ROW=12.94 | MEAN_VALID_OFFDIAG=11.94 | BATCH_RMSE=0.774662
  STEP 1400/1435 | TOTAL_LOSS=0.785763 | REG_LOSS=0.535667 | SOFTCLIP_LOSS=2.177656 | PCL_LOSS=0.323303 | MEAN_GATE=0.6459 | MEAN_VALID_PER_ROW=13.44 | MEAN_VALID_OFFDIAG=12.44 | BATCH_RMSE=0.731893
[EPOCH 010/030] TRAIN: TOTAL=0.828799 | REG=0.563225 | SOFTCLIP=2.268615 | PCL=0.387133 | RMSE=0.750483 | MAE=0.509980 | CI=0.774562 | RM2=0.296254
[EPOCH 010/030] VAL  : TOTAL=0.619095 | REG=0.470438 | SOFTCLIP=1.245500 | PCL=0.241068 | RMSE=0.685885 | MAE=0.423921 | CI=0.816211 | RM2=0.395428
  SAVED NEW BEST MODEL | EPOCH=010 | BEST_VAL_RMSE=0.685885 | BEST_VAL_MAE=0.423921 | BEST_VAL_CI=0.816211 | BEST_VAL_RM2=0.395428

EPOCH 11/30
  STEP 100/1435 | TOTAL_LOSS=0.802556 | REG_LOSS=0.536387 | SOFTCLIP_LOSS=2.101494 | PCL_LOSS=0.560194 | MEAN_GATE=0.6551 | MEAN_VALID_PER_ROW=13.06 | MEAN_VALID_OFFDIAG=12.06 | BATCH_RMSE=0.732385
  STEP 200/1435 | TOTAL_LOSS=0.910991 | REG_LOSS=0.664163 | SOFTCLIP_LOSS=2.236383 | PCL_LOSS=0.231901 | MEAN_GATE=0.6307 | MEAN_VALID_PER_ROW=13.06 | MEAN_VALID_OFFDIAG=12.06 | BATCH_RMSE=0.814962
  STEP 300/1435 | TOTAL_LOSS=0.651673 | REG_LOSS=0.363560 | SOFTCLIP_LOSS=2.411238 | PCL_LOSS=0.469892 | MEAN_GATE=0.6144 | MEAN_VALID_PER_ROW=13.06 | MEAN_VALID_OFFDIAG=12.06 | BATCH_RMSE=0.602959
  STEP 400/1435 | TOTAL_LOSS=1.077116 | REG_LOSS=0.835414 | SOFTCLIP_LOSS=2.195616 | PCL_LOSS=0.221403 | MEAN_GATE=0.5870 | MEAN_VALID_PER_ROW=12.50 | MEAN_VALID_OFFDIAG=11.50 | BATCH_RMSE=0.914010
  STEP 500/1435 | TOTAL_LOSS=1.325230 | REG_LOSS=1.073781 | SOFTCLIP_LOSS=2.332132 | PCL_LOSS=0.182359 | MEAN_GATE=0.5692 | MEAN_VALID_PER_ROW=12.94 | MEAN_VALID_OFFDIAG=11.94 | BATCH_RMSE=1.036234
  STEP 600/1435 | TOTAL_LOSS=1.043337 | REG_LOSS=0.800665 | SOFTCLIP_LOSS=2.167747 | PCL_LOSS=0.258972 | MEAN_GATE=0.6009 | MEAN_VALID_PER_ROW=13.12 | MEAN_VALID_OFFDIAG=12.12 | BATCH_RMSE=0.894799
  STEP 700/1435 | TOTAL_LOSS=0.835394 | REG_LOSS=0.591581 | SOFTCLIP_LOSS=2.163442 | PCL_LOSS=0.274692 | MEAN_GATE=0.6410 | MEAN_VALID_PER_ROW=13.06 | MEAN_VALID_OFFDIAG=12.06 | BATCH_RMSE=0.769143
  STEP 800/1435 | TOTAL_LOSS=0.977919 | REG_LOSS=0.733466 | SOFTCLIP_LOSS=2.119402 | PCL_LOSS=0.325134 | MEAN_GATE=0.5885 | MEAN_VALID_PER_ROW=12.88 | MEAN_VALID_OFFDIAG=11.88 | BATCH_RMSE=0.856426
  STEP 900/1435 | TOTAL_LOSS=0.844783 | REG_LOSS=0.586196 | SOFTCLIP_LOSS=2.141953 | PCL_LOSS=0.443917 | MEAN_GATE=0.6467 | MEAN_VALID_PER_ROW=13.50 | MEAN_VALID_OFFDIAG=12.50 | BATCH_RMSE=0.765634
  STEP 1000/1435 | TOTAL_LOSS=0.397282 | REG_LOSS=0.163643 | SOFTCLIP_LOSS=2.142460 | PCL_LOSS=0.193929 | MEAN_GATE=0.5979 | MEAN_VALID_PER_ROW=13.19 | MEAN_VALID_OFFDIAG=12.19 | BATCH_RMSE=0.404528
  STEP 1100/1435 | TOTAL_LOSS=1.031823 | REG_LOSS=0.809142 | SOFTCLIP_LOSS=2.162272 | PCL_LOSS=0.064535 | MEAN_GATE=0.6240 | MEAN_VALID_PER_ROW=13.31 | MEAN_VALID_OFFDIAG=12.31 | BATCH_RMSE=0.899523
  STEP 1200/1435 | TOTAL_LOSS=1.534477 | REG_LOSS=1.261965 | SOFTCLIP_LOSS=2.291544 | PCL_LOSS=0.433581 | MEAN_GATE=0.6788 | MEAN_VALID_PER_ROW=13.69 | MEAN_VALID_OFFDIAG=12.69 | BATCH_RMSE=1.123372
  STEP 1300/1435 | TOTAL_LOSS=1.249709 | REG_LOSS=0.978790 | SOFTCLIP_LOSS=2.304616 | PCL_LOSS=0.404575 | MEAN_GATE=0.6552 | MEAN_VALID_PER_ROW=13.81 | MEAN_VALID_OFFDIAG=12.81 | BATCH_RMSE=0.989338
  STEP 1400/1435 | TOTAL_LOSS=1.000224 | REG_LOSS=0.720039 | SOFTCLIP_LOSS=2.429594 | PCL_LOSS=0.372255 | MEAN_GATE=0.5658 | MEAN_VALID_PER_ROW=13.00 | MEAN_VALID_OFFDIAG=12.00 | BATCH_RMSE=0.848551
[EPOCH 011/030] TRAIN: TOTAL=0.824598 | REG=0.561863 | SOFTCLIP=2.264556 | PCL=0.362797 | RMSE=0.749575 | MAE=0.510871 | CI=0.776343 | RM2=0.297573
[EPOCH 011/030] VAL  : TOTAL=0.611529 | REG=0.464247 | SOFTCLIP=1.245885 | PCL=0.226928 | RMSE=0.681357 | MAE=0.455867 | CI=0.815368 | RM2=0.418353
  SAVED NEW BEST MODEL | EPOCH=011 | BEST_VAL_RMSE=0.681357 | BEST_VAL_MAE=0.455867 | BEST_VAL_CI=0.815368 | BEST_VAL_RM2=0.418353

EPOCH 12/30
  STEP 100/1435 | TOTAL_LOSS=0.597970 | REG_LOSS=0.326144 | SOFTCLIP_LOSS=2.354517 | PCL_LOSS=0.363743 | MEAN_GATE=0.6292 | MEAN_VALID_PER_ROW=12.38 | MEAN_VALID_OFFDIAG=11.38 | BATCH_RMSE=0.571090
  STEP 200/1435 | TOTAL_LOSS=0.654759 | REG_LOSS=0.369465 | SOFTCLIP_LOSS=2.096978 | PCL_LOSS=0.755956 | MEAN_GATE=0.6481 | MEAN_VALID_PER_ROW=12.94 | MEAN_VALID_OFFDIAG=11.94 | BATCH_RMSE=0.607837
  STEP 300/1435 | TOTAL_LOSS=0.605222 | REG_LOSS=0.343014 | SOFTCLIP_LOSS=2.348197 | PCL_LOSS=0.273878 | MEAN_GATE=0.5836 | MEAN_VALID_PER_ROW=12.88 | MEAN_VALID_OFFDIAG=11.88 | BATCH_RMSE=0.585674
  STEP 400/1435 | TOTAL_LOSS=0.738873 | REG_LOSS=0.456948 | SOFTCLIP_LOSS=2.388013 | PCL_LOSS=0.431238 | MEAN_GATE=0.5464 | MEAN_VALID_PER_ROW=13.19 | MEAN_VALID_OFFDIAG=12.19 | BATCH_RMSE=0.675979
  STEP 500/1435 | TOTAL_LOSS=1.955255 | REG_LOSS=1.717802 | SOFTCLIP_LOSS=1.977376 | PCL_LOSS=0.397154 | MEAN_GATE=0.6711 | MEAN_VALID_PER_ROW=12.94 | MEAN_VALID_OFFDIAG=11.94 | BATCH_RMSE=1.310650
  STEP 600/1435 | TOTAL_LOSS=0.660918 | REG_LOSS=0.400681 | SOFTCLIP_LOSS=2.218803 | PCL_LOSS=0.383558 | MEAN_GATE=0.5959 | MEAN_VALID_PER_ROW=13.44 | MEAN_VALID_OFFDIAG=12.44 | BATCH_RMSE=0.632994
  STEP 700/1435 | TOTAL_LOSS=0.393596 | REG_LOSS=0.122683 | SOFTCLIP_LOSS=2.295342 | PCL_LOSS=0.413788 | MEAN_GATE=0.5568 | MEAN_VALID_PER_ROW=12.56 | MEAN_VALID_OFFDIAG=11.56 | BATCH_RMSE=0.350261
  STEP 800/1435 | TOTAL_LOSS=0.544175 | REG_LOSS=0.286395 | SOFTCLIP_LOSS=2.453299 | PCL_LOSS=0.124505 | MEAN_GATE=0.5719 | MEAN_VALID_PER_ROW=13.00 | MEAN_VALID_OFFDIAG=12.00 | BATCH_RMSE=0.535158
  STEP 900/1435 | TOTAL_LOSS=1.492015 | REG_LOSS=1.232249 | SOFTCLIP_LOSS=2.126523 | PCL_LOSS=0.471139 | MEAN_GATE=0.6422 | MEAN_VALID_PER_ROW=12.81 | MEAN_VALID_OFFDIAG=11.81 | BATCH_RMSE=1.110067
  STEP 1000/1435 | TOTAL_LOSS=0.819532 | REG_LOSS=0.569626 | SOFTCLIP_LOSS=2.230270 | PCL_LOSS=0.268789 | MEAN_GATE=0.6184 | MEAN_VALID_PER_ROW=12.75 | MEAN_VALID_OFFDIAG=11.75 | BATCH_RMSE=0.754736
  STEP 1100/1435 | TOTAL_LOSS=1.214445 | REG_LOSS=0.948989 | SOFTCLIP_LOSS=2.152112 | PCL_LOSS=0.502452 | MEAN_GATE=0.6354 | MEAN_VALID_PER_ROW=13.06 | MEAN_VALID_OFFDIAG=12.06 | BATCH_RMSE=0.974160
  STEP 1200/1435 | TOTAL_LOSS=0.927668 | REG_LOSS=0.668701 | SOFTCLIP_LOSS=2.328071 | PCL_LOSS=0.261593 | MEAN_GATE=0.5503 | MEAN_VALID_PER_ROW=13.06 | MEAN_VALID_OFFDIAG=12.06 | BATCH_RMSE=0.817741
  STEP 1300/1435 | TOTAL_LOSS=0.866642 | REG_LOSS=0.564907 | SOFTCLIP_LOSS=2.285174 | PCL_LOSS=0.732175 | MEAN_GATE=0.6230 | MEAN_VALID_PER_ROW=13.19 | MEAN_VALID_OFFDIAG=12.19 | BATCH_RMSE=0.751603
  STEP 1400/1435 | TOTAL_LOSS=0.502231 | REG_LOSS=0.233360 | SOFTCLIP_LOSS=2.280496 | PCL_LOSS=0.408219 | MEAN_GATE=0.6386 | MEAN_VALID_PER_ROW=12.12 | MEAN_VALID_OFFDIAG=11.12 | BATCH_RMSE=0.483073
[EPOCH 012/030] TRAIN: TOTAL=0.820000 | REG=0.558993 | SOFTCLIP=2.262389 | PCL=0.347681 | RMSE=0.747658 | MAE=0.506869 | CI=0.772456 | RM2=0.300767
[EPOCH 012/030] VAL  : TOTAL=0.662432 | REG=0.498361 | SOFTCLIP=1.243441 | PCL=0.397268 | RMSE=0.705947 | MAE=0.500751 | CI=0.811495 | RM2=0.346385

EPOCH 13/30
  STEP 100/1435 | TOTAL_LOSS=1.509639 | REG_LOSS=1.268530 | SOFTCLIP_LOSS=2.095951 | PCL_LOSS=0.315144 | MEAN_GATE=0.6166 | MEAN_VALID_PER_ROW=13.62 | MEAN_VALID_OFFDIAG=12.62 | BATCH_RMSE=1.126290
  STEP 200/1435 | TOTAL_LOSS=0.398353 | REG_LOSS=0.150039 | SOFTCLIP_LOSS=2.256597 | PCL_LOSS=0.226542 | MEAN_GATE=0.5909 | MEAN_VALID_PER_ROW=13.19 | MEAN_VALID_OFFDIAG=12.19 | BATCH_RMSE=0.387348
  STEP 300/1435 | TOTAL_LOSS=1.357263 | REG_LOSS=1.063040 | SOFTCLIP_LOSS=2.196619 | PCL_LOSS=0.745614 | MEAN_GATE=0.6260 | MEAN_VALID_PER_ROW=12.75 | MEAN_VALID_OFFDIAG=11.75 | BATCH_RMSE=1.031038
  STEP 400/1435 | TOTAL_LOSS=2.176909 | REG_LOSS=1.929646 | SOFTCLIP_LOSS=2.145176 | PCL_LOSS=0.327452 | MEAN_GATE=0.6516 | MEAN_VALID_PER_ROW=12.62 | MEAN_VALID_OFFDIAG=11.62 | BATCH_RMSE=1.389117
  STEP 500/1435 | TOTAL_LOSS=2.725291 | REG_LOSS=2.445728 | SOFTCLIP_LOSS=2.124720 | PCL_LOSS=0.670910 | MEAN_GATE=0.6499 | MEAN_VALID_PER_ROW=13.25 | MEAN_VALID_OFFDIAG=12.25 | BATCH_RMSE=1.563882
  STEP 600/1435 | TOTAL_LOSS=0.377155 | REG_LOSS=0.123514 | SOFTCLIP_LOSS=2.208325 | PCL_LOSS=0.328084 | MEAN_GATE=0.6192 | MEAN_VALID_PER_ROW=13.19 | MEAN_VALID_OFFDIAG=12.19 | BATCH_RMSE=0.351445
  STEP 700/1435 | TOTAL_LOSS=0.414447 | REG_LOSS=0.139797 | SOFTCLIP_LOSS=2.352480 | PCL_LOSS=0.394013 | MEAN_GATE=0.5891 | MEAN_VALID_PER_ROW=13.25 | MEAN_VALID_OFFDIAG=12.25 | BATCH_RMSE=0.373895
  STEP 800/1435 | TOTAL_LOSS=0.338271 | REG_LOSS=0.094965 | SOFTCLIP_LOSS=2.022883 | PCL_LOSS=0.410173 | MEAN_GATE=0.6161 | MEAN_VALID_PER_ROW=13.06 | MEAN_VALID_OFFDIAG=12.06 | BATCH_RMSE=0.308164
  STEP 900/1435 | TOTAL_LOSS=0.808801 | REG_LOSS=0.526437 | SOFTCLIP_LOSS=2.275460 | PCL_LOSS=0.548182 | MEAN_GATE=0.6159 | MEAN_VALID_PER_ROW=12.94 | MEAN_VALID_OFFDIAG=11.94 | BATCH_RMSE=0.725560
  STEP 1000/1435 | TOTAL_LOSS=0.727493 | REG_LOSS=0.445326 | SOFTCLIP_LOSS=2.365210 | PCL_LOSS=0.456461 | MEAN_GATE=0.5757 | MEAN_VALID_PER_ROW=13.00 | MEAN_VALID_OFFDIAG=12.00 | BATCH_RMSE=0.667327
  STEP 1100/1435 | TOTAL_LOSS=0.889664 | REG_LOSS=0.627798 | SOFTCLIP_LOSS=2.305867 | PCL_LOSS=0.312793 | MEAN_GATE=0.6305 | MEAN_VALID_PER_ROW=13.25 | MEAN_VALID_OFFDIAG=12.25 | BATCH_RMSE=0.792337
  STEP 1200/1435 | TOTAL_LOSS=0.648691 | REG_LOSS=0.374945 | SOFTCLIP_LOSS=2.117603 | PCL_LOSS=0.619858 | MEAN_GATE=0.6691 | MEAN_VALID_PER_ROW=12.56 | MEAN_VALID_OFFDIAG=11.56 | BATCH_RMSE=0.612328
  STEP 1300/1435 | TOTAL_LOSS=0.505889 | REG_LOSS=0.257820 | SOFTCLIP_LOSS=2.202113 | PCL_LOSS=0.278571 | MEAN_GATE=0.6917 | MEAN_VALID_PER_ROW=13.44 | MEAN_VALID_OFFDIAG=12.44 | BATCH_RMSE=0.507760
  STEP 1400/1435 | TOTAL_LOSS=1.077012 | REG_LOSS=0.813871 | SOFTCLIP_LOSS=2.251850 | PCL_LOSS=0.379561 | MEAN_GATE=0.5876 | MEAN_VALID_PER_ROW=12.81 | MEAN_VALID_OFFDIAG=11.81 | BATCH_RMSE=0.902148
[EPOCH 013/030] TRAIN: TOTAL=0.816614 | REG=0.555681 | SOFTCLIP=2.258335 | PCL=0.350994 | RMSE=0.745440 | MAE=0.508007 | CI=0.776348 | RM2=0.304276
[EPOCH 013/030] VAL  : TOTAL=0.601426 | REG=0.455703 | SOFTCLIP=1.248617 | PCL=0.208618 | RMSE=0.675058 | MAE=0.420531 | CI=0.817998 | RM2=0.416017
  SAVED NEW BEST MODEL | EPOCH=013 | BEST_VAL_RMSE=0.675058 | BEST_VAL_MAE=0.420531 | BEST_VAL_CI=0.817998 | BEST_VAL_RM2=0.416017

EPOCH 14/30
  STEP 100/1435 | TOTAL_LOSS=0.418054 | REG_LOSS=0.135334 | SOFTCLIP_LOSS=2.380414 | PCL_LOSS=0.446785 | MEAN_GATE=0.5413 | MEAN_VALID_PER_ROW=13.06 | MEAN_VALID_OFFDIAG=12.06 | BATCH_RMSE=0.367878
  STEP 200/1435 | TOTAL_LOSS=0.637153 | REG_LOSS=0.397594 | SOFTCLIP_LOSS=2.270668 | PCL_LOSS=0.124923 | MEAN_GATE=0.6207 | MEAN_VALID_PER_ROW=13.25 | MEAN_VALID_OFFDIAG=12.25 | BATCH_RMSE=0.630551
  STEP 300/1435 | TOTAL_LOSS=0.922200 | REG_LOSS=0.665572 | SOFTCLIP_LOSS=2.288573 | PCL_LOSS=0.277716 | MEAN_GATE=0.6409 | MEAN_VALID_PER_ROW=12.88 | MEAN_VALID_OFFDIAG=11.88 | BATCH_RMSE=0.815826
  STEP 400/1435 | TOTAL_LOSS=1.290977 | REG_LOSS=0.995919 | SOFTCLIP_LOSS=2.297377 | PCL_LOSS=0.653202 | MEAN_GATE=0.6340 | MEAN_VALID_PER_ROW=13.44 | MEAN_VALID_OFFDIAG=12.44 | BATCH_RMSE=0.997957
  STEP 500/1435 | TOTAL_LOSS=0.855163 | REG_LOSS=0.562859 | SOFTCLIP_LOSS=2.282556 | PCL_LOSS=0.640486 | MEAN_GATE=0.4913 | MEAN_VALID_PER_ROW=13.19 | MEAN_VALID_OFFDIAG=12.19 | BATCH_RMSE=0.750239
  STEP 600/1435 | TOTAL_LOSS=0.907803 | REG_LOSS=0.638043 | SOFTCLIP_LOSS=2.245903 | PCL_LOSS=0.451702 | MEAN_GATE=0.6234 | MEAN_VALID_PER_ROW=13.56 | MEAN_VALID_OFFDIAG=12.56 | BATCH_RMSE=0.798776
  STEP 700/1435 | TOTAL_LOSS=0.794578 | REG_LOSS=0.535907 | SOFTCLIP_LOSS=2.264206 | PCL_LOSS=0.322510 | MEAN_GATE=0.5979 | MEAN_VALID_PER_ROW=12.94 | MEAN_VALID_OFFDIAG=11.94 | BATCH_RMSE=0.732056
  STEP 800/1435 | TOTAL_LOSS=1.048584 | REG_LOSS=0.819489 | SOFTCLIP_LOSS=2.082436 | PCL_LOSS=0.208510 | MEAN_GATE=0.6035 | MEAN_VALID_PER_ROW=13.31 | MEAN_VALID_OFFDIAG=12.31 | BATCH_RMSE=0.905256
  STEP 900/1435 | TOTAL_LOSS=0.704598 | REG_LOSS=0.464660 | SOFTCLIP_LOSS=2.198271 | PCL_LOSS=0.201112 | MEAN_GATE=0.5809 | MEAN_VALID_PER_ROW=12.81 | MEAN_VALID_OFFDIAG=11.81 | BATCH_RMSE=0.681660
  STEP 1000/1435 | TOTAL_LOSS=1.583629 | REG_LOSS=1.287072 | SOFTCLIP_LOSS=2.197037 | PCL_LOSS=0.768533 | MEAN_GATE=0.6501 | MEAN_VALID_PER_ROW=13.38 | MEAN_VALID_OFFDIAG=12.38 | BATCH_RMSE=1.134492
  STEP 1100/1435 | TOTAL_LOSS=0.448981 | REG_LOSS=0.196149 | SOFTCLIP_LOSS=2.163198 | PCL_LOSS=0.365121 | MEAN_GATE=0.5894 | MEAN_VALID_PER_ROW=12.50 | MEAN_VALID_OFFDIAG=11.50 | BATCH_RMSE=0.442887
  STEP 1200/1435 | TOTAL_LOSS=1.579912 | REG_LOSS=1.310008 | SOFTCLIP_LOSS=2.119612 | PCL_LOSS=0.579427 | MEAN_GATE=0.5336 | MEAN_VALID_PER_ROW=13.12 | MEAN_VALID_OFFDIAG=12.12 | BATCH_RMSE=1.144556
  STEP 1300/1435 | TOTAL_LOSS=0.809268 | REG_LOSS=0.522585 | SOFTCLIP_LOSS=2.340357 | PCL_LOSS=0.526471 | MEAN_GATE=0.6319 | MEAN_VALID_PER_ROW=13.00 | MEAN_VALID_OFFDIAG=12.00 | BATCH_RMSE=0.722901
  STEP 1400/1435 | TOTAL_LOSS=1.212932 | REG_LOSS=0.944302 | SOFTCLIP_LOSS=2.258994 | PCL_LOSS=0.427301 | MEAN_GATE=0.5984 | MEAN_VALID_PER_ROW=13.00 | MEAN_VALID_OFFDIAG=12.00 | BATCH_RMSE=0.971752
[EPOCH 014/030] TRAIN: TOTAL=0.805556 | REG=0.547703 | SOFTCLIP=2.254748 | PCL=0.323786 | RMSE=0.740069 | MAE=0.504117 | CI=0.778559 | RM2=0.312920
[EPOCH 014/030] VAL  : TOTAL=0.613758 | REG=0.461223 | SOFTCLIP=1.243488 | PCL=0.281855 | RMSE=0.679134 | MAE=0.418470 | CI=0.820953 | RM2=0.412788

EPOCH 15/30
  STEP 100/1435 | TOTAL_LOSS=1.975739 | REG_LOSS=1.717330 | SOFTCLIP_LOSS=2.223840 | PCL_LOSS=0.360246 | MEAN_GATE=0.5934 | MEAN_VALID_PER_ROW=13.75 | MEAN_VALID_OFFDIAG=12.75 | BATCH_RMSE=1.310470
  STEP 200/1435 | TOTAL_LOSS=0.378005 | REG_LOSS=0.144588 | SOFTCLIP_LOSS=2.175092 | PCL_LOSS=0.159074 | MEAN_GATE=0.6055 | MEAN_VALID_PER_ROW=13.00 | MEAN_VALID_OFFDIAG=12.00 | BATCH_RMSE=0.380247
  STEP 300/1435 | TOTAL_LOSS=0.771064 | REG_LOSS=0.538245 | SOFTCLIP_LOSS=2.197288 | PCL_LOSS=0.130899 | MEAN_GATE=0.6782 | MEAN_VALID_PER_ROW=12.94 | MEAN_VALID_OFFDIAG=11.94 | BATCH_RMSE=0.733652
  STEP 400/1435 | TOTAL_LOSS=0.747357 | REG_LOSS=0.502770 | SOFTCLIP_LOSS=2.325546 | PCL_LOSS=0.120324 | MEAN_GATE=0.5886 | MEAN_VALID_PER_ROW=13.12 | MEAN_VALID_OFFDIAG=12.12 | BATCH_RMSE=0.709063
  STEP 500/1435 | TOTAL_LOSS=0.695956 | REG_LOSS=0.426100 | SOFTCLIP_LOSS=2.219619 | PCL_LOSS=0.478944 | MEAN_GATE=0.5683 | MEAN_VALID_PER_ROW=13.25 | MEAN_VALID_OFFDIAG=12.25 | BATCH_RMSE=0.652763
  STEP 600/1435 | TOTAL_LOSS=0.577981 | REG_LOSS=0.313705 | SOFTCLIP_LOSS=2.418936 | PCL_LOSS=0.223827 | MEAN_GATE=0.6059 | MEAN_VALID_PER_ROW=13.56 | MEAN_VALID_OFFDIAG=12.56 | BATCH_RMSE=0.560093
  STEP 700/1435 | TOTAL_LOSS=0.789577 | REG_LOSS=0.524212 | SOFTCLIP_LOSS=2.286867 | PCL_LOSS=0.366786 | MEAN_GATE=0.6294 | MEAN_VALID_PER_ROW=13.44 | MEAN_VALID_OFFDIAG=12.44 | BATCH_RMSE=0.724025
  STEP 800/1435 | TOTAL_LOSS=0.463281 | REG_LOSS=0.182621 | SOFTCLIP_LOSS=2.454095 | PCL_LOSS=0.352511 | MEAN_GATE=0.5851 | MEAN_VALID_PER_ROW=13.31 | MEAN_VALID_OFFDIAG=12.31 | BATCH_RMSE=0.427341
  STEP 900/1435 | TOTAL_LOSS=1.075463 | REG_LOSS=0.799582 | SOFTCLIP_LOSS=2.358401 | PCL_LOSS=0.400412 | MEAN_GATE=0.5840 | MEAN_VALID_PER_ROW=13.62 | MEAN_VALID_OFFDIAG=12.62 | BATCH_RMSE=0.894193
  STEP 1000/1435 | TOTAL_LOSS=0.441206 | REG_LOSS=0.180395 | SOFTCLIP_LOSS=2.264797 | PCL_LOSS=0.343313 | MEAN_GATE=0.6022 | MEAN_VALID_PER_ROW=12.31 | MEAN_VALID_OFFDIAG=11.31 | BATCH_RMSE=0.424729
  STEP 1100/1435 | TOTAL_LOSS=0.985477 | REG_LOSS=0.714489 | SOFTCLIP_LOSS=2.235262 | PCL_LOSS=0.474617 | MEAN_GATE=0.6788 | MEAN_VALID_PER_ROW=12.75 | MEAN_VALID_OFFDIAG=11.75 | BATCH_RMSE=0.845274
  STEP 1200/1435 | TOTAL_LOSS=1.259823 | REG_LOSS=1.020785 | SOFTCLIP_LOSS=2.182655 | PCL_LOSS=0.207724 | MEAN_GATE=0.6093 | MEAN_VALID_PER_ROW=13.56 | MEAN_VALID_OFFDIAG=12.56 | BATCH_RMSE=1.010339
  STEP 1300/1435 | TOTAL_LOSS=0.513263 | REG_LOSS=0.224243 | SOFTCLIP_LOSS=2.394986 | PCL_LOSS=0.495213 | MEAN_GATE=0.6024 | MEAN_VALID_PER_ROW=12.44 | MEAN_VALID_OFFDIAG=11.44 | BATCH_RMSE=0.473543
  STEP 1400/1435 | TOTAL_LOSS=0.741127 | REG_LOSS=0.511088 | SOFTCLIP_LOSS=2.220019 | PCL_LOSS=0.080373 | MEAN_GATE=0.5942 | MEAN_VALID_PER_ROW=12.69 | MEAN_VALID_OFFDIAG=11.69 | BATCH_RMSE=0.714904
[EPOCH 015/030] TRAIN: TOTAL=0.798471 | REG=0.541684 | SOFTCLIP=2.250218 | PCL=0.317656 | RMSE=0.735992 | MAE=0.498400 | CI=0.784007 | RM2=0.319847
[EPOCH 015/030] VAL  : TOTAL=0.618788 | REG=0.471920 | SOFTCLIP=1.245031 | PCL=0.223651 | RMSE=0.686964 | MAE=0.421657 | CI=0.821389 | RM2=0.397750

EPOCH 16/30
  STEP 100/1435 | TOTAL_LOSS=0.650290 | REG_LOSS=0.377816 | SOFTCLIP_LOSS=2.256879 | PCL_LOSS=0.467868 | MEAN_GATE=0.6300 | MEAN_VALID_PER_ROW=13.69 | MEAN_VALID_OFFDIAG=12.69 | BATCH_RMSE=0.614667
  STEP 200/1435 | TOTAL_LOSS=1.042790 | REG_LOSS=0.807080 | SOFTCLIP_LOSS=2.280908 | PCL_LOSS=0.076197 | MEAN_GATE=0.5880 | MEAN_VALID_PER_ROW=12.38 | MEAN_VALID_OFFDIAG=11.38 | BATCH_RMSE=0.898376
  STEP 300/1435 | TOTAL_LOSS=0.604326 | REG_LOSS=0.317381 | SOFTCLIP_LOSS=2.346121 | PCL_LOSS=0.523335 | MEAN_GATE=0.5640 | MEAN_VALID_PER_ROW=12.94 | MEAN_VALID_OFFDIAG=11.94 | BATCH_RMSE=0.563366
  STEP 400/1435 | TOTAL_LOSS=0.798463 | REG_LOSS=0.536485 | SOFTCLIP_LOSS=2.416557 | PCL_LOSS=0.203222 | MEAN_GATE=0.5242 | MEAN_VALID_PER_ROW=13.25 | MEAN_VALID_OFFDIAG=12.25 | BATCH_RMSE=0.732451
  STEP 500/1435 | TOTAL_LOSS=1.415448 | REG_LOSS=1.172670 | SOFTCLIP_LOSS=2.109906 | PCL_LOSS=0.317878 | MEAN_GATE=0.6151 | MEAN_VALID_PER_ROW=13.06 | MEAN_VALID_OFFDIAG=12.06 | BATCH_RMSE=1.082899
  STEP 600/1435 | TOTAL_LOSS=0.410213 | REG_LOSS=0.135738 | SOFTCLIP_LOSS=2.277558 | PCL_LOSS=0.467192 | MEAN_GATE=0.6293 | MEAN_VALID_PER_ROW=13.50 | MEAN_VALID_OFFDIAG=12.50 | BATCH_RMSE=0.368427
  STEP 700/1435 | TOTAL_LOSS=0.572973 | REG_LOSS=0.313605 | SOFTCLIP_LOSS=2.227062 | PCL_LOSS=0.366613 | MEAN_GATE=0.5906 | MEAN_VALID_PER_ROW=13.06 | MEAN_VALID_OFFDIAG=12.06 | BATCH_RMSE=0.560005
  STEP 800/1435 | TOTAL_LOSS=0.483462 | REG_LOSS=0.243376 | SOFTCLIP_LOSS=2.130712 | PCL_LOSS=0.270147 | MEAN_GATE=0.5915 | MEAN_VALID_PER_ROW=12.69 | MEAN_VALID_OFFDIAG=11.69 | BATCH_RMSE=0.493331
  STEP 900/1435 | TOTAL_LOSS=0.482077 | REG_LOSS=0.226784 | SOFTCLIP_LOSS=2.224675 | PCL_LOSS=0.328256 | MEAN_GATE=0.5897 | MEAN_VALID_PER_ROW=13.25 | MEAN_VALID_OFFDIAG=12.25 | BATCH_RMSE=0.476219
  STEP 1000/1435 | TOTAL_LOSS=0.671306 | REG_LOSS=0.419637 | SOFTCLIP_LOSS=2.330467 | PCL_LOSS=0.186222 | MEAN_GATE=0.6157 | MEAN_VALID_PER_ROW=13.44 | MEAN_VALID_OFFDIAG=12.44 | BATCH_RMSE=0.647794
  STEP 1100/1435 | TOTAL_LOSS=0.618178 | REG_LOSS=0.362821 | SOFTCLIP_LOSS=2.334283 | PCL_LOSS=0.219286 | MEAN_GATE=0.6144 | MEAN_VALID_PER_ROW=13.25 | MEAN_VALID_OFFDIAG=12.25 | BATCH_RMSE=0.602347
  STEP 1200/1435 | TOTAL_LOSS=0.382435 | REG_LOSS=0.091153 | SOFTCLIP_LOSS=2.382518 | PCL_LOSS=0.530306 | MEAN_GATE=0.5742 | MEAN_VALID_PER_ROW=12.88 | MEAN_VALID_OFFDIAG=11.88 | BATCH_RMSE=0.301916
  STEP 1300/1435 | TOTAL_LOSS=0.486307 | REG_LOSS=0.236323 | SOFTCLIP_LOSS=2.337373 | PCL_LOSS=0.162464 | MEAN_GATE=0.5650 | MEAN_VALID_PER_ROW=12.75 | MEAN_VALID_OFFDIAG=11.75 | BATCH_RMSE=0.486131
  STEP 1400/1435 | TOTAL_LOSS=0.927544 | REG_LOSS=0.678114 | SOFTCLIP_LOSS=2.202619 | PCL_LOSS=0.291678 | MEAN_GATE=0.6065 | MEAN_VALID_PER_ROW=12.62 | MEAN_VALID_OFFDIAG=11.62 | BATCH_RMSE=0.823477
[EPOCH 016/030] TRAIN: TOTAL=0.799350 | REG=0.542758 | SOFTCLIP=2.246927 | PCL=0.318992 | RMSE=0.736721 | MAE=0.497162 | CI=0.781314 | RM2=0.318433
[EPOCH 016/030] VAL  : TOTAL=0.623332 | REG=0.475142 | SOFTCLIP=1.245852 | PCL=0.236049 | RMSE=0.689305 | MAE=0.474042 | CI=0.818954 | RM2=0.405664

EPOCH 17/30
  STEP 100/1435 | TOTAL_LOSS=0.379635 | REG_LOSS=0.108498 | SOFTCLIP_LOSS=2.220398 | PCL_LOSS=0.490973 | MEAN_GATE=0.6419 | MEAN_VALID_PER_ROW=13.69 | MEAN_VALID_OFFDIAG=12.69 | BATCH_RMSE=0.329390
  STEP 200/1435 | TOTAL_LOSS=0.924918 | REG_LOSS=0.660679 | SOFTCLIP_LOSS=2.442410 | PCL_LOSS=0.199974 | MEAN_GATE=0.5707 | MEAN_VALID_PER_ROW=13.00 | MEAN_VALID_OFFDIAG=12.00 | BATCH_RMSE=0.812822
  STEP 300/1435 | TOTAL_LOSS=0.440576 | REG_LOSS=0.188388 | SOFTCLIP_LOSS=2.208202 | PCL_LOSS=0.313677 | MEAN_GATE=0.7110 | MEAN_VALID_PER_ROW=13.25 | MEAN_VALID_OFFDIAG=12.25 | BATCH_RMSE=0.434037
  STEP 400/1435 | TOTAL_LOSS=0.543141 | REG_LOSS=0.292268 | SOFTCLIP_LOSS=2.162342 | PCL_LOSS=0.346387 | MEAN_GATE=0.5765 | MEAN_VALID_PER_ROW=12.88 | MEAN_VALID_OFFDIAG=11.88 | BATCH_RMSE=0.540618
  STEP 500/1435 | TOTAL_LOSS=0.390754 | REG_LOSS=0.147547 | SOFTCLIP_LOSS=2.216699 | PCL_LOSS=0.215367 | MEAN_GATE=0.5738 | MEAN_VALID_PER_ROW=13.06 | MEAN_VALID_OFFDIAG=12.06 | BATCH_RMSE=0.384119
  STEP 600/1435 | TOTAL_LOSS=0.939543 | REG_LOSS=0.692836 | SOFTCLIP_LOSS=2.059200 | PCL_LOSS=0.407869 | MEAN_GATE=0.6009 | MEAN_VALID_PER_ROW=12.62 | MEAN_VALID_OFFDIAG=11.62 | BATCH_RMSE=0.832368
  STEP 700/1435 | TOTAL_LOSS=1.714706 | REG_LOSS=1.477131 | SOFTCLIP_LOSS=2.127432 | PCL_LOSS=0.248312 | MEAN_GATE=0.6248 | MEAN_VALID_PER_ROW=13.38 | MEAN_VALID_OFFDIAG=12.38 | BATCH_RMSE=1.215373
  STEP 800/1435 | TOTAL_LOSS=0.725388 | REG_LOSS=0.453424 | SOFTCLIP_LOSS=2.268898 | PCL_LOSS=0.450737 | MEAN_GATE=0.6660 | MEAN_VALID_PER_ROW=12.88 | MEAN_VALID_OFFDIAG=11.88 | BATCH_RMSE=0.673368
  STEP 900/1435 | TOTAL_LOSS=0.796543 | REG_LOSS=0.531135 | SOFTCLIP_LOSS=2.387014 | PCL_LOSS=0.267065 | MEAN_GATE=0.6551 | MEAN_VALID_PER_ROW=12.75 | MEAN_VALID_OFFDIAG=11.75 | BATCH_RMSE=0.728790
  STEP 1000/1435 | TOTAL_LOSS=0.658373 | REG_LOSS=0.362126 | SOFTCLIP_LOSS=2.401297 | PCL_LOSS=0.561171 | MEAN_GATE=0.6276 | MEAN_VALID_PER_ROW=13.25 | MEAN_VALID_OFFDIAG=12.25 | BATCH_RMSE=0.601769
  STEP 1100/1435 | TOTAL_LOSS=1.848013 | REG_LOSS=1.604148 | SOFTCLIP_LOSS=2.058255 | PCL_LOSS=0.380390 | MEAN_GATE=0.5747 | MEAN_VALID_PER_ROW=12.62 | MEAN_VALID_OFFDIAG=11.62 | BATCH_RMSE=1.266550
  STEP 1200/1435 | TOTAL_LOSS=1.259604 | REG_LOSS=0.989012 | SOFTCLIP_LOSS=2.277722 | PCL_LOSS=0.428205 | MEAN_GATE=0.6284 | MEAN_VALID_PER_ROW=12.69 | MEAN_VALID_OFFDIAG=11.69 | BATCH_RMSE=0.994491
  STEP 1300/1435 | TOTAL_LOSS=1.127291 | REG_LOSS=0.848371 | SOFTCLIP_LOSS=2.303352 | PCL_LOSS=0.485846 | MEAN_GATE=0.5613 | MEAN_VALID_PER_ROW=13.31 | MEAN_VALID_OFFDIAG=12.31 | BATCH_RMSE=0.921071
  STEP 1400/1435 | TOTAL_LOSS=1.024047 | REG_LOSS=0.773294 | SOFTCLIP_LOSS=2.241889 | PCL_LOSS=0.265639 | MEAN_GATE=0.6071 | MEAN_VALID_PER_ROW=12.62 | MEAN_VALID_OFFDIAG=11.62 | BATCH_RMSE=0.879372
[EPOCH 017/030] TRAIN: TOTAL=0.792616 | REG=0.536763 | SOFTCLIP=2.249481 | PCL=0.309047 | RMSE=0.732641 | MAE=0.497081 | CI=0.784576 | RM2=0.324790
[EPOCH 017/030] VAL  : TOTAL=0.593998 | REG=0.441608 | SOFTCLIP=1.248673 | PCL=0.275227 | RMSE=0.664536 | MAE=0.417472 | CI=0.827223 | RM2=0.430479
  SAVED NEW BEST MODEL | EPOCH=017 | BEST_VAL_RMSE=0.664536 | BEST_VAL_MAE=0.417472 | BEST_VAL_CI=0.827223 | BEST_VAL_RM2=0.430479

EPOCH 18/30
  STEP 100/1435 | TOTAL_LOSS=1.522786 | REG_LOSS=1.268481 | SOFTCLIP_LOSS=2.273145 | PCL_LOSS=0.269908 | MEAN_GATE=0.5850 | MEAN_VALID_PER_ROW=13.44 | MEAN_VALID_OFFDIAG=12.44 | BATCH_RMSE=1.126268
  STEP 200/1435 | TOTAL_LOSS=0.689618 | REG_LOSS=0.428361 | SOFTCLIP_LOSS=2.371521 | PCL_LOSS=0.241048 | MEAN_GATE=0.5920 | MEAN_VALID_PER_ROW=13.06 | MEAN_VALID_OFFDIAG=12.06 | BATCH_RMSE=0.654493
  STEP 300/1435 | TOTAL_LOSS=1.453717 | REG_LOSS=1.206190 | SOFTCLIP_LOSS=2.175190 | PCL_LOSS=0.300082 | MEAN_GATE=0.6529 | MEAN_VALID_PER_ROW=12.81 | MEAN_VALID_OFFDIAG=11.81 | BATCH_RMSE=1.098267
  STEP 400/1435 | TOTAL_LOSS=0.577990 | REG_LOSS=0.331931 | SOFTCLIP_LOSS=2.218117 | PCL_LOSS=0.242468 | MEAN_GATE=0.5694 | MEAN_VALID_PER_ROW=12.12 | MEAN_VALID_OFFDIAG=11.12 | BATCH_RMSE=0.576135
  STEP 500/1435 | TOTAL_LOSS=1.222776 | REG_LOSS=0.986677 | SOFTCLIP_LOSS=2.028675 | PCL_LOSS=0.332312 | MEAN_GATE=0.6650 | MEAN_VALID_PER_ROW=12.94 | MEAN_VALID_OFFDIAG=11.94 | BATCH_RMSE=0.993316
  STEP 600/1435 | TOTAL_LOSS=0.982618 | REG_LOSS=0.731866 | SOFTCLIP_LOSS=2.268353 | PCL_LOSS=0.239171 | MEAN_GATE=0.6493 | MEAN_VALID_PER_ROW=12.75 | MEAN_VALID_OFFDIAG=11.75 | BATCH_RMSE=0.855492
  STEP 700/1435 | TOTAL_LOSS=0.691081 | REG_LOSS=0.449899 | SOFTCLIP_LOSS=2.114387 | PCL_LOSS=0.297426 | MEAN_GATE=0.6293 | MEAN_VALID_PER_ROW=12.56 | MEAN_VALID_OFFDIAG=11.56 | BATCH_RMSE=0.670745
  STEP 800/1435 | TOTAL_LOSS=0.826751 | REG_LOSS=0.504971 | SOFTCLIP_LOSS=2.458883 | PCL_LOSS=0.758914 | MEAN_GATE=0.5869 | MEAN_VALID_PER_ROW=12.62 | MEAN_VALID_OFFDIAG=11.62 | BATCH_RMSE=0.710613
  STEP 900/1435 | TOTAL_LOSS=0.681224 | REG_LOSS=0.441261 | SOFTCLIP_LOSS=2.194551 | PCL_LOSS=0.205078 | MEAN_GATE=0.6228 | MEAN_VALID_PER_ROW=12.62 | MEAN_VALID_OFFDIAG=11.62 | BATCH_RMSE=0.664275
  STEP 1000/1435 | TOTAL_LOSS=0.781053 | REG_LOSS=0.536309 | SOFTCLIP_LOSS=2.149499 | PCL_LOSS=0.297951 | MEAN_GATE=0.6513 | MEAN_VALID_PER_ROW=12.19 | MEAN_VALID_OFFDIAG=11.19 | BATCH_RMSE=0.732331
  STEP 1100/1435 | TOTAL_LOSS=0.714033 | REG_LOSS=0.463439 | SOFTCLIP_LOSS=2.363693 | PCL_LOSS=0.142253 | MEAN_GATE=0.6461 | MEAN_VALID_PER_ROW=13.19 | MEAN_VALID_OFFDIAG=12.19 | BATCH_RMSE=0.680763
  STEP 1200/1435 | TOTAL_LOSS=0.713161 | REG_LOSS=0.449533 | SOFTCLIP_LOSS=2.295612 | PCL_LOSS=0.340664 | MEAN_GATE=0.5898 | MEAN_VALID_PER_ROW=13.00 | MEAN_VALID_OFFDIAG=12.00 | BATCH_RMSE=0.670473
  STEP 1300/1435 | TOTAL_LOSS=0.822150 | REG_LOSS=0.587871 | SOFTCLIP_LOSS=2.155595 | PCL_LOSS=0.187190 | MEAN_GATE=0.6494 | MEAN_VALID_PER_ROW=13.75 | MEAN_VALID_OFFDIAG=12.75 | BATCH_RMSE=0.766728
  STEP 1400/1435 | TOTAL_LOSS=0.637407 | REG_LOSS=0.362895 | SOFTCLIP_LOSS=2.271514 | PCL_LOSS=0.473607 | MEAN_GATE=0.6499 | MEAN_VALID_PER_ROW=13.00 | MEAN_VALID_OFFDIAG=12.00 | BATCH_RMSE=0.602408
[EPOCH 018/030] TRAIN: TOTAL=0.778504 | REG=0.524979 | SOFTCLIP=2.245820 | PCL=0.289426 | RMSE=0.724554 | MAE=0.492660 | CI=0.785019 | RM2=0.338072
[EPOCH 018/030] VAL  : TOTAL=0.629588 | REG=0.486427 | SOFTCLIP=1.245862 | PCL=0.185747 | RMSE=0.697443 | MAE=0.511975 | CI=0.822895 | RM2=0.373075

EPOCH 19/30
  STEP 100/1435 | TOTAL_LOSS=1.073674 | REG_LOSS=0.797043 | SOFTCLIP_LOSS=2.240668 | PCL_LOSS=0.525640 | MEAN_GATE=0.5843 | MEAN_VALID_PER_ROW=13.06 | MEAN_VALID_OFFDIAG=12.06 | BATCH_RMSE=0.892773
  STEP 200/1435 | TOTAL_LOSS=1.043793 | REG_LOSS=0.764549 | SOFTCLIP_LOSS=2.344700 | PCL_LOSS=0.447745 | MEAN_GATE=0.6588 | MEAN_VALID_PER_ROW=13.25 | MEAN_VALID_OFFDIAG=12.25 | BATCH_RMSE=0.874385
  STEP 300/1435 | TOTAL_LOSS=0.559255 | REG_LOSS=0.286489 | SOFTCLIP_LOSS=2.279971 | PCL_LOSS=0.447688 | MEAN_GATE=0.6157 | MEAN_VALID_PER_ROW=13.31 | MEAN_VALID_OFFDIAG=12.31 | BATCH_RMSE=0.535247
  STEP 400/1435 | TOTAL_LOSS=0.748783 | REG_LOSS=0.477414 | SOFTCLIP_LOSS=2.420532 | PCL_LOSS=0.293152 | MEAN_GATE=0.6503 | MEAN_VALID_PER_ROW=13.06 | MEAN_VALID_OFFDIAG=12.06 | BATCH_RMSE=0.690952
  STEP 500/1435 | TOTAL_LOSS=0.548504 | REG_LOSS=0.305387 | SOFTCLIP_LOSS=2.138297 | PCL_LOSS=0.292879 | MEAN_GATE=0.6884 | MEAN_VALID_PER_ROW=12.38 | MEAN_VALID_OFFDIAG=11.38 | BATCH_RMSE=0.552618
  STEP 600/1435 | TOTAL_LOSS=0.677590 | REG_LOSS=0.431324 | SOFTCLIP_LOSS=2.127100 | PCL_LOSS=0.335556 | MEAN_GATE=0.6386 | MEAN_VALID_PER_ROW=12.88 | MEAN_VALID_OFFDIAG=11.88 | BATCH_RMSE=0.656753
  STEP 700/1435 | TOTAL_LOSS=1.388756 | REG_LOSS=1.171475 | SOFTCLIP_LOSS=2.157034 | PCL_LOSS=0.015774 | MEAN_GATE=0.6612 | MEAN_VALID_PER_ROW=13.38 | MEAN_VALID_OFFDIAG=12.38 | BATCH_RMSE=1.082347
  STEP 800/1435 | TOTAL_LOSS=0.645042 | REG_LOSS=0.417963 | SOFTCLIP_LOSS=2.185452 | PCL_LOSS=0.085332 | MEAN_GATE=0.6634 | MEAN_VALID_PER_ROW=12.62 | MEAN_VALID_OFFDIAG=11.62 | BATCH_RMSE=0.646501
  STEP 900/1435 | TOTAL_LOSS=0.541687 | REG_LOSS=0.305960 | SOFTCLIP_LOSS=2.270245 | PCL_LOSS=0.087022 | MEAN_GATE=0.6259 | MEAN_VALID_PER_ROW=12.94 | MEAN_VALID_OFFDIAG=11.94 | BATCH_RMSE=0.553137
  STEP 1000/1435 | TOTAL_LOSS=0.588428 | REG_LOSS=0.313231 | SOFTCLIP_LOSS=2.213736 | PCL_LOSS=0.538233 | MEAN_GATE=0.6197 | MEAN_VALID_PER_ROW=13.31 | MEAN_VALID_OFFDIAG=12.31 | BATCH_RMSE=0.559671
  STEP 1100/1435 | TOTAL_LOSS=1.569726 | REG_LOSS=1.355045 | SOFTCLIP_LOSS=2.023996 | PCL_LOSS=0.122807 | MEAN_GATE=0.6250 | MEAN_VALID_PER_ROW=13.12 | MEAN_VALID_OFFDIAG=12.12 | BATCH_RMSE=1.164064
  STEP 1200/1435 | TOTAL_LOSS=1.019475 | REG_LOSS=0.774403 | SOFTCLIP_LOSS=2.277506 | PCL_LOSS=0.173216 | MEAN_GATE=0.6110 | MEAN_VALID_PER_ROW=12.81 | MEAN_VALID_OFFDIAG=11.81 | BATCH_RMSE=0.880002
  STEP 1300/1435 | TOTAL_LOSS=0.721117 | REG_LOSS=0.455247 | SOFTCLIP_LOSS=2.328106 | PCL_LOSS=0.330588 | MEAN_GATE=0.6214 | MEAN_VALID_PER_ROW=13.12 | MEAN_VALID_OFFDIAG=12.12 | BATCH_RMSE=0.674720
  STEP 1400/1435 | TOTAL_LOSS=0.615813 | REG_LOSS=0.374757 | SOFTCLIP_LOSS=2.116883 | PCL_LOSS=0.293679 | MEAN_GATE=0.6480 | MEAN_VALID_PER_ROW=12.06 | MEAN_VALID_OFFDIAG=11.06 | BATCH_RMSE=0.612174
[EPOCH 019/030] TRAIN: TOTAL=0.777361 | REG=0.522441 | SOFTCLIP=2.245557 | PCL=0.303643 | RMSE=0.722801 | MAE=0.492323 | CI=0.787463 | RM2=0.340511
[EPOCH 019/030] VAL  : TOTAL=0.566923 | REG=0.425097 | SOFTCLIP=1.244742 | PCL=0.173522 | RMSE=0.651995 | MAE=0.404381 | CI=0.832269 | RM2=0.460093
  SAVED NEW BEST MODEL | EPOCH=019 | BEST_VAL_RMSE=0.651995 | BEST_VAL_MAE=0.404381 | BEST_VAL_CI=0.832269 | BEST_VAL_RM2=0.460093

EPOCH 20/30
  STEP 100/1435 | TOTAL_LOSS=0.748906 | REG_LOSS=0.517790 | SOFTCLIP_LOSS=2.146577 | PCL_LOSS=0.164586 | MEAN_GATE=0.6531 | MEAN_VALID_PER_ROW=13.44 | MEAN_VALID_OFFDIAG=12.44 | BATCH_RMSE=0.719576
  STEP 200/1435 | TOTAL_LOSS=0.713833 | REG_LOSS=0.461492 | SOFTCLIP_LOSS=2.276708 | PCL_LOSS=0.246705 | MEAN_GATE=0.5826 | MEAN_VALID_PER_ROW=12.56 | MEAN_VALID_OFFDIAG=11.56 | BATCH_RMSE=0.679332
  STEP 300/1435 | TOTAL_LOSS=0.511938 | REG_LOSS=0.236290 | SOFTCLIP_LOSS=2.402598 | PCL_LOSS=0.353879 | MEAN_GATE=0.6069 | MEAN_VALID_PER_ROW=12.81 | MEAN_VALID_OFFDIAG=11.81 | BATCH_RMSE=0.486097
  STEP 400/1435 | TOTAL_LOSS=0.534532 | REG_LOSS=0.262339 | SOFTCLIP_LOSS=2.371839 | PCL_LOSS=0.350085 | MEAN_GATE=0.6578 | MEAN_VALID_PER_ROW=13.06 | MEAN_VALID_OFFDIAG=12.06 | BATCH_RMSE=0.512191
  STEP 500/1435 | TOTAL_LOSS=0.474293 | REG_LOSS=0.254058 | SOFTCLIP_LOSS=2.099168 | PCL_LOSS=0.103180 | MEAN_GATE=0.5884 | MEAN_VALID_PER_ROW=13.00 | MEAN_VALID_OFFDIAG=12.00 | BATCH_RMSE=0.504041
  STEP 600/1435 | TOTAL_LOSS=0.575768 | REG_LOSS=0.347908 | SOFTCLIP_LOSS=1.980862 | PCL_LOSS=0.297734 | MEAN_GATE=0.6489 | MEAN_VALID_PER_ROW=13.12 | MEAN_VALID_OFFDIAG=12.12 | BATCH_RMSE=0.589837
  STEP 700/1435 | TOTAL_LOSS=0.370254 | REG_LOSS=0.111491 | SOFTCLIP_LOSS=2.284204 | PCL_LOSS=0.303426 | MEAN_GATE=0.6094 | MEAN_VALID_PER_ROW=13.12 | MEAN_VALID_OFFDIAG=12.12 | BATCH_RMSE=0.333903
  STEP 800/1435 | TOTAL_LOSS=0.834429 | REG_LOSS=0.574870 | SOFTCLIP_LOSS=2.300030 | PCL_LOSS=0.295559 | MEAN_GATE=0.6195 | MEAN_VALID_PER_ROW=12.81 | MEAN_VALID_OFFDIAG=11.81 | BATCH_RMSE=0.758202
  STEP 900/1435 | TOTAL_LOSS=0.401050 | REG_LOSS=0.140650 | SOFTCLIP_LOSS=2.379094 | PCL_LOSS=0.224908 | MEAN_GATE=0.6324 | MEAN_VALID_PER_ROW=12.69 | MEAN_VALID_OFFDIAG=11.69 | BATCH_RMSE=0.375033
  STEP 1000/1435 | TOTAL_LOSS=0.602777 | REG_LOSS=0.329019 | SOFTCLIP_LOSS=2.348770 | PCL_LOSS=0.388803 | MEAN_GATE=0.5963 | MEAN_VALID_PER_ROW=13.25 | MEAN_VALID_OFFDIAG=12.25 | BATCH_RMSE=0.573602
  STEP 1100/1435 | TOTAL_LOSS=0.765618 | REG_LOSS=0.525626 | SOFTCLIP_LOSS=2.213455 | PCL_LOSS=0.186460 | MEAN_GATE=0.5727 | MEAN_VALID_PER_ROW=13.19 | MEAN_VALID_OFFDIAG=12.19 | BATCH_RMSE=0.725001
  STEP 1200/1435 | TOTAL_LOSS=1.172752 | REG_LOSS=0.940216 | SOFTCLIP_LOSS=2.286849 | PCL_LOSS=0.038512 | MEAN_GATE=0.6504 | MEAN_VALID_PER_ROW=13.19 | MEAN_VALID_OFFDIAG=12.19 | BATCH_RMSE=0.969648
  STEP 1300/1435 | TOTAL_LOSS=0.752367 | REG_LOSS=0.504572 | SOFTCLIP_LOSS=2.275657 | PCL_LOSS=0.202292 | MEAN_GATE=0.5831 | MEAN_VALID_PER_ROW=13.25 | MEAN_VALID_OFFDIAG=12.25 | BATCH_RMSE=0.710332
  STEP 1400/1435 | TOTAL_LOSS=1.298714 | REG_LOSS=1.038941 | SOFTCLIP_LOSS=2.208981 | PCL_LOSS=0.388752 | MEAN_GATE=0.6305 | MEAN_VALID_PER_ROW=13.25 | MEAN_VALID_OFFDIAG=12.25 | BATCH_RMSE=1.019284
[EPOCH 020/030] TRAIN: TOTAL=0.763208 | REG=0.512382 | SOFTCLIP=2.240663 | PCL=0.267596 | RMSE=0.715809 | MAE=0.490568 | CI=0.792282 | RM2=0.351572
[EPOCH 020/030] VAL  : TOTAL=0.562384 | REG=0.419906 | SOFTCLIP=1.243535 | PCL=0.181253 | RMSE=0.648001 | MAE=0.407741 | CI=0.819966 | RM2=0.453597
  SAVED NEW BEST MODEL | EPOCH=020 | BEST_VAL_RMSE=0.648001 | BEST_VAL_MAE=0.407741 | BEST_VAL_CI=0.819966 | BEST_VAL_RM2=0.453597

EPOCH 21/30
  STEP 100/1435 | TOTAL_LOSS=0.681068 | REG_LOSS=0.417698 | SOFTCLIP_LOSS=2.451504 | PCL_LOSS=0.182202 | MEAN_GATE=0.6075 | MEAN_VALID_PER_ROW=14.00 | MEAN_VALID_OFFDIAG=13.00 | BATCH_RMSE=0.646295
  STEP 200/1435 | TOTAL_LOSS=0.539811 | REG_LOSS=0.256459 | SOFTCLIP_LOSS=2.468327 | PCL_LOSS=0.365195 | MEAN_GATE=0.5751 | MEAN_VALID_PER_ROW=13.44 | MEAN_VALID_OFFDIAG=12.44 | BATCH_RMSE=0.506418
  STEP 300/1435 | TOTAL_LOSS=0.432816 | REG_LOSS=0.163122 | SOFTCLIP_LOSS=2.224406 | PCL_LOSS=0.472530 | MEAN_GATE=0.5799 | MEAN_VALID_PER_ROW=12.06 | MEAN_VALID_OFFDIAG=11.06 | BATCH_RMSE=0.403884
  STEP 400/1435 | TOTAL_LOSS=1.476539 | REG_LOSS=1.240820 | SOFTCLIP_LOSS=2.056131 | PCL_LOSS=0.301053 | MEAN_GATE=0.6231 | MEAN_VALID_PER_ROW=12.31 | MEAN_VALID_OFFDIAG=11.31 | BATCH_RMSE=1.113921
  STEP 500/1435 | TOTAL_LOSS=0.467109 | REG_LOSS=0.238490 | SOFTCLIP_LOSS=2.155031 | PCL_LOSS=0.131157 | MEAN_GATE=0.5761 | MEAN_VALID_PER_ROW=13.12 | MEAN_VALID_OFFDIAG=12.12 | BATCH_RMSE=0.488354
  STEP 600/1435 | TOTAL_LOSS=0.498020 | REG_LOSS=0.238073 | SOFTCLIP_LOSS=2.390754 | PCL_LOSS=0.208718 | MEAN_GATE=0.5825 | MEAN_VALID_PER_ROW=13.06 | MEAN_VALID_OFFDIAG=12.06 | BATCH_RMSE=0.487927
  STEP 700/1435 | TOTAL_LOSS=0.586411 | REG_LOSS=0.301998 | SOFTCLIP_LOSS=2.396316 | PCL_LOSS=0.447813 | MEAN_GATE=0.6347 | MEAN_VALID_PER_ROW=13.00 | MEAN_VALID_OFFDIAG=12.00 | BATCH_RMSE=0.549544
  STEP 800/1435 | TOTAL_LOSS=0.558532 | REG_LOSS=0.299202 | SOFTCLIP_LOSS=2.345658 | PCL_LOSS=0.247640 | MEAN_GATE=0.5931 | MEAN_VALID_PER_ROW=13.44 | MEAN_VALID_OFFDIAG=12.44 | BATCH_RMSE=0.546994
  STEP 900/1435 | TOTAL_LOSS=0.930947 | REG_LOSS=0.682186 | SOFTCLIP_LOSS=2.226576 | PCL_LOSS=0.261035 | MEAN_GATE=0.6183 | MEAN_VALID_PER_ROW=13.44 | MEAN_VALID_OFFDIAG=12.44 | BATCH_RMSE=0.825945
  STEP 1000/1435 | TOTAL_LOSS=0.668566 | REG_LOSS=0.420709 | SOFTCLIP_LOSS=2.200360 | PCL_LOSS=0.278206 | MEAN_GATE=0.6943 | MEAN_VALID_PER_ROW=13.38 | MEAN_VALID_OFFDIAG=12.38 | BATCH_RMSE=0.648621
  STEP 1100/1435 | TOTAL_LOSS=0.687764 | REG_LOSS=0.443169 | SOFTCLIP_LOSS=2.235402 | PCL_LOSS=0.210548 | MEAN_GATE=0.6514 | MEAN_VALID_PER_ROW=13.38 | MEAN_VALID_OFFDIAG=12.38 | BATCH_RMSE=0.665709
  STEP 1200/1435 | TOTAL_LOSS=0.763537 | REG_LOSS=0.533251 | SOFTCLIP_LOSS=2.165865 | PCL_LOSS=0.136995 | MEAN_GATE=0.6233 | MEAN_VALID_PER_ROW=14.06 | MEAN_VALID_OFFDIAG=13.06 | BATCH_RMSE=0.730240
  STEP 1300/1435 | TOTAL_LOSS=0.469014 | REG_LOSS=0.173802 | SOFTCLIP_LOSS=2.415205 | PCL_LOSS=0.536922 | MEAN_GATE=0.6607 | MEAN_VALID_PER_ROW=13.31 | MEAN_VALID_OFFDIAG=12.31 | BATCH_RMSE=0.416895
  STEP 1400/1435 | TOTAL_LOSS=0.424457 | REG_LOSS=0.165549 | SOFTCLIP_LOSS=2.358912 | PCL_LOSS=0.230162 | MEAN_GATE=0.5849 | MEAN_VALID_PER_ROW=12.81 | MEAN_VALID_OFFDIAG=11.81 | BATCH_RMSE=0.406878
[EPOCH 021/030] TRAIN: TOTAL=0.754781 | REG=0.502829 | SOFTCLIP=2.241049 | PCL=0.278473 | RMSE=0.709104 | MAE=0.486386 | CI=0.793721 | RM2=0.362284
[EPOCH 021/030] VAL  : TOTAL=0.564098 | REG=0.421713 | SOFTCLIP=1.245040 | PCL=0.178810 | RMSE=0.649394 | MAE=0.400567 | CI=0.831809 | RM2=0.475093

EPOCH 22/30
  STEP 100/1435 | TOTAL_LOSS=0.546749 | REG_LOSS=0.276727 | SOFTCLIP_LOSS=2.457961 | PCL_LOSS=0.242266 | MEAN_GATE=0.6192 | MEAN_VALID_PER_ROW=13.25 | MEAN_VALID_OFFDIAG=12.25 | BATCH_RMSE=0.526048
  STEP 200/1435 | TOTAL_LOSS=0.786713 | REG_LOSS=0.551645 | SOFTCLIP_LOSS=2.160669 | PCL_LOSS=0.190012 | MEAN_GATE=0.6830 | MEAN_VALID_PER_ROW=13.25 | MEAN_VALID_OFFDIAG=12.25 | BATCH_RMSE=0.742728
  STEP 300/1435 | TOTAL_LOSS=0.637710 | REG_LOSS=0.395479 | SOFTCLIP_LOSS=2.068213 | PCL_LOSS=0.354091 | MEAN_GATE=0.6666 | MEAN_VALID_PER_ROW=12.31 | MEAN_VALID_OFFDIAG=11.31 | BATCH_RMSE=0.628872
  STEP 400/1435 | TOTAL_LOSS=1.063454 | REG_LOSS=0.806733 | SOFTCLIP_LOSS=2.184174 | PCL_LOSS=0.383031 | MEAN_GATE=0.7023 | MEAN_VALID_PER_ROW=13.44 | MEAN_VALID_OFFDIAG=12.44 | BATCH_RMSE=0.898183
  STEP 500/1435 | TOTAL_LOSS=0.591124 | REG_LOSS=0.317936 | SOFTCLIP_LOSS=2.180361 | PCL_LOSS=0.551519 | MEAN_GATE=0.6623 | MEAN_VALID_PER_ROW=12.81 | MEAN_VALID_OFFDIAG=11.81 | BATCH_RMSE=0.563858
  STEP 600/1435 | TOTAL_LOSS=1.095647 | REG_LOSS=0.828405 | SOFTCLIP_LOSS=2.311497 | PCL_LOSS=0.360917 | MEAN_GATE=0.6115 | MEAN_VALID_PER_ROW=12.81 | MEAN_VALID_OFFDIAG=11.81 | BATCH_RMSE=0.910168
  STEP 700/1435 | TOTAL_LOSS=0.545091 | REG_LOSS=0.295607 | SOFTCLIP_LOSS=2.373268 | PCL_LOSS=0.121568 | MEAN_GATE=0.6511 | MEAN_VALID_PER_ROW=12.50 | MEAN_VALID_OFFDIAG=11.50 | BATCH_RMSE=0.543698
  STEP 800/1435 | TOTAL_LOSS=1.189420 | REG_LOSS=0.931639 | SOFTCLIP_LOSS=2.302147 | PCL_LOSS=0.275667 | MEAN_GATE=0.5799 | MEAN_VALID_PER_ROW=12.25 | MEAN_VALID_OFFDIAG=11.25 | BATCH_RMSE=0.965214
  STEP 900/1435 | TOTAL_LOSS=0.341633 | REG_LOSS=0.082113 | SOFTCLIP_LOSS=2.352779 | PCL_LOSS=0.242427 | MEAN_GATE=0.5961 | MEAN_VALID_PER_ROW=12.75 | MEAN_VALID_OFFDIAG=11.75 | BATCH_RMSE=0.286553
  STEP 1000/1435 | TOTAL_LOSS=0.766863 | REG_LOSS=0.488708 | SOFTCLIP_LOSS=2.349046 | PCL_LOSS=0.432501 | MEAN_GATE=0.5618 | MEAN_VALID_PER_ROW=12.19 | MEAN_VALID_OFFDIAG=11.19 | BATCH_RMSE=0.699077
  STEP 1100/1435 | TOTAL_LOSS=0.444946 | REG_LOSS=0.196660 | SOFTCLIP_LOSS=2.236652 | PCL_LOSS=0.246205 | MEAN_GATE=0.6487 | MEAN_VALID_PER_ROW=13.31 | MEAN_VALID_OFFDIAG=12.31 | BATCH_RMSE=0.443463
  STEP 1200/1435 | TOTAL_LOSS=0.734430 | REG_LOSS=0.488217 | SOFTCLIP_LOSS=2.199917 | PCL_LOSS=0.262215 | MEAN_GATE=0.6205 | MEAN_VALID_PER_ROW=12.81 | MEAN_VALID_OFFDIAG=11.81 | BATCH_RMSE=0.698725
  STEP 1300/1435 | TOTAL_LOSS=0.890215 | REG_LOSS=0.664494 | SOFTCLIP_LOSS=2.130248 | PCL_LOSS=0.126963 | MEAN_GATE=0.5965 | MEAN_VALID_PER_ROW=13.19 | MEAN_VALID_OFFDIAG=12.19 | BATCH_RMSE=0.815165
  STEP 1400/1435 | TOTAL_LOSS=0.716652 | REG_LOSS=0.455626 | SOFTCLIP_LOSS=2.393666 | PCL_LOSS=0.216593 | MEAN_GATE=0.6191 | MEAN_VALID_PER_ROW=13.00 | MEAN_VALID_OFFDIAG=12.00 | BATCH_RMSE=0.675001
[EPOCH 022/030] TRAIN: TOTAL=0.737247 | REG=0.487187 | SOFTCLIP=2.236997 | PCL=0.263599 | RMSE=0.697988 | MAE=0.477615 | CI=0.798402 | RM2=0.379954
[EPOCH 022/030] VAL  : TOTAL=0.557130 | REG=0.412369 | SOFTCLIP=1.243053 | PCL=0.204561 | RMSE=0.642159 | MAE=0.434579 | CI=0.830869 | RM2=0.431441
  SAVED NEW BEST MODEL | EPOCH=022 | BEST_VAL_RMSE=0.642159 | BEST_VAL_MAE=0.434579 | BEST_VAL_CI=0.830869 | BEST_VAL_RM2=0.431441

EPOCH 23/30
  STEP 100/1435 | TOTAL_LOSS=0.801893 | REG_LOSS=0.556118 | SOFTCLIP_LOSS=2.205510 | PCL_LOSS=0.252232 | MEAN_GATE=0.5704 | MEAN_VALID_PER_ROW=12.38 | MEAN_VALID_OFFDIAG=11.38 | BATCH_RMSE=0.745733
  STEP 200/1435 | TOTAL_LOSS=0.587354 | REG_LOSS=0.361948 | SOFTCLIP_LOSS=2.133976 | PCL_LOSS=0.120083 | MEAN_GATE=0.6126 | MEAN_VALID_PER_ROW=13.94 | MEAN_VALID_OFFDIAG=12.94 | BATCH_RMSE=0.601621
  STEP 300/1435 | TOTAL_LOSS=0.619455 | REG_LOSS=0.404043 | SOFTCLIP_LOSS=2.074568 | PCL_LOSS=0.079550 | MEAN_GATE=0.6438 | MEAN_VALID_PER_ROW=12.88 | MEAN_VALID_OFFDIAG=11.88 | BATCH_RMSE=0.635644
  STEP 400/1435 | TOTAL_LOSS=0.901498 | REG_LOSS=0.642433 | SOFTCLIP_LOSS=2.249106 | PCL_LOSS=0.341539 | MEAN_GATE=0.6353 | MEAN_VALID_PER_ROW=12.75 | MEAN_VALID_OFFDIAG=11.75 | BATCH_RMSE=0.801519
  STEP 500/1435 | TOTAL_LOSS=0.785099 | REG_LOSS=0.482002 | SOFTCLIP_LOSS=2.401440 | PCL_LOSS=0.629528 | MEAN_GATE=0.6803 | MEAN_VALID_PER_ROW=13.19 | MEAN_VALID_OFFDIAG=12.19 | BATCH_RMSE=0.694264
  STEP 600/1435 | TOTAL_LOSS=0.466550 | REG_LOSS=0.210236 | SOFTCLIP_LOSS=2.445040 | PCL_LOSS=0.118104 | MEAN_GATE=0.5750 | MEAN_VALID_PER_ROW=13.12 | MEAN_VALID_OFFDIAG=12.12 | BATCH_RMSE=0.458515
  STEP 700/1435 | TOTAL_LOSS=0.667582 | REG_LOSS=0.417666 | SOFTCLIP_LOSS=2.320386 | PCL_LOSS=0.178769 | MEAN_GATE=0.6255 | MEAN_VALID_PER_ROW=13.06 | MEAN_VALID_OFFDIAG=12.06 | BATCH_RMSE=0.646271
  STEP 800/1435 | TOTAL_LOSS=1.266349 | REG_LOSS=0.984253 | SOFTCLIP_LOSS=2.350467 | PCL_LOSS=0.470495 | MEAN_GATE=0.6098 | MEAN_VALID_PER_ROW=13.62 | MEAN_VALID_OFFDIAG=12.62 | BATCH_RMSE=0.992095
  STEP 900/1435 | TOTAL_LOSS=0.769806 | REG_LOSS=0.528550 | SOFTCLIP_LOSS=2.262714 | PCL_LOSS=0.149846 | MEAN_GATE=0.6093 | MEAN_VALID_PER_ROW=13.31 | MEAN_VALID_OFFDIAG=12.31 | BATCH_RMSE=0.727015
  STEP 1000/1435 | TOTAL_LOSS=0.443578 | REG_LOSS=0.191857 | SOFTCLIP_LOSS=2.117572 | PCL_LOSS=0.399642 | MEAN_GATE=0.6550 | MEAN_VALID_PER_ROW=12.12 | MEAN_VALID_OFFDIAG=11.12 | BATCH_RMSE=0.438015
  STEP 1100/1435 | TOTAL_LOSS=0.464784 | REG_LOSS=0.190008 | SOFTCLIP_LOSS=2.182611 | PCL_LOSS=0.565146 | MEAN_GATE=0.5639 | MEAN_VALID_PER_ROW=13.25 | MEAN_VALID_OFFDIAG=12.25 | BATCH_RMSE=0.435899
  STEP 1200/1435 | TOTAL_LOSS=0.738676 | REG_LOSS=0.498043 | SOFTCLIP_LOSS=2.201984 | PCL_LOSS=0.204349 | MEAN_GATE=0.5810 | MEAN_VALID_PER_ROW=13.62 | MEAN_VALID_OFFDIAG=12.62 | BATCH_RMSE=0.705722
  STEP 1300/1435 | TOTAL_LOSS=0.654443 | REG_LOSS=0.413429 | SOFTCLIP_LOSS=2.112138 | PCL_LOSS=0.297998 | MEAN_GATE=0.5926 | MEAN_VALID_PER_ROW=13.19 | MEAN_VALID_OFFDIAG=12.19 | BATCH_RMSE=0.642985
  STEP 1400/1435 | TOTAL_LOSS=0.629188 | REG_LOSS=0.381650 | SOFTCLIP_LOSS=2.234703 | PCL_LOSS=0.240680 | MEAN_GATE=0.6668 | MEAN_VALID_PER_ROW=12.94 | MEAN_VALID_OFFDIAG=11.94 | BATCH_RMSE=0.617778
[EPOCH 023/030] TRAIN: TOTAL=0.725949 | REG=0.475773 | SOFTCLIP=2.237730 | PCL=0.264033 | RMSE=0.689763 | MAE=0.472667 | CI=0.800468 | RM2=0.393616
[EPOCH 023/030] VAL  : TOTAL=0.538111 | REG=0.397556 | SOFTCLIP=1.240459 | PCL=0.165088 | RMSE=0.630521 | MAE=0.399614 | CI=0.836524 | RM2=0.477926
  SAVED NEW BEST MODEL | EPOCH=023 | BEST_VAL_RMSE=0.630521 | BEST_VAL_MAE=0.399614 | BEST_VAL_CI=0.836524 | BEST_VAL_RM2=0.477926

EPOCH 24/30
  STEP 100/1435 | TOTAL_LOSS=0.644076 | REG_LOSS=0.370847 | SOFTCLIP_LOSS=2.328143 | PCL_LOSS=0.404147 | MEAN_GATE=0.6203 | MEAN_VALID_PER_ROW=13.44 | MEAN_VALID_OFFDIAG=12.44 | BATCH_RMSE=0.608972
  STEP 200/1435 | TOTAL_LOSS=1.245191 | REG_LOSS=1.006876 | SOFTCLIP_LOSS=2.109237 | PCL_LOSS=0.273911 | MEAN_GATE=0.6270 | MEAN_VALID_PER_ROW=12.81 | MEAN_VALID_OFFDIAG=11.81 | BATCH_RMSE=1.003432
  STEP 300/1435 | TOTAL_LOSS=0.805208 | REG_LOSS=0.549135 | SOFTCLIP_LOSS=2.376568 | PCL_LOSS=0.184164 | MEAN_GATE=0.6333 | MEAN_VALID_PER_ROW=12.94 | MEAN_VALID_OFFDIAG=11.94 | BATCH_RMSE=0.741036
  STEP 400/1435 | TOTAL_LOSS=0.786387 | REG_LOSS=0.561609 | SOFTCLIP_LOSS=2.143095 | PCL_LOSS=0.104679 | MEAN_GATE=0.6436 | MEAN_VALID_PER_ROW=12.94 | MEAN_VALID_OFFDIAG=11.94 | BATCH_RMSE=0.749406
  STEP 500/1435 | TOTAL_LOSS=0.839428 | REG_LOSS=0.568059 | SOFTCLIP_LOSS=2.304725 | PCL_LOSS=0.408969 | MEAN_GATE=0.6130 | MEAN_VALID_PER_ROW=13.19 | MEAN_VALID_OFFDIAG=12.19 | BATCH_RMSE=0.753697
  STEP 600/1435 | TOTAL_LOSS=1.005694 | REG_LOSS=0.777794 | SOFTCLIP_LOSS=2.085510 | PCL_LOSS=0.193484 | MEAN_GATE=0.5897 | MEAN_VALID_PER_ROW=12.81 | MEAN_VALID_OFFDIAG=11.81 | BATCH_RMSE=0.881926
  STEP 700/1435 | TOTAL_LOSS=0.632676 | REG_LOSS=0.383209 | SOFTCLIP_LOSS=2.263604 | PCL_LOSS=0.231067 | MEAN_GATE=0.6154 | MEAN_VALID_PER_ROW=13.12 | MEAN_VALID_OFFDIAG=12.12 | BATCH_RMSE=0.619039
  STEP 800/1435 | TOTAL_LOSS=1.186664 | REG_LOSS=0.946593 | SOFTCLIP_LOSS=2.138329 | PCL_LOSS=0.262387 | MEAN_GATE=0.6585 | MEAN_VALID_PER_ROW=13.69 | MEAN_VALID_OFFDIAG=12.69 | BATCH_RMSE=0.972930
  STEP 900/1435 | TOTAL_LOSS=0.438487 | REG_LOSS=0.189971 | SOFTCLIP_LOSS=2.237718 | PCL_LOSS=0.247442 | MEAN_GATE=0.6117 | MEAN_VALID_PER_ROW=11.94 | MEAN_VALID_OFFDIAG=10.94 | BATCH_RMSE=0.435857
  STEP 1000/1435 | TOTAL_LOSS=1.561576 | REG_LOSS=1.328930 | SOFTCLIP_LOSS=2.202125 | PCL_LOSS=0.124339 | MEAN_GATE=0.6366 | MEAN_VALID_PER_ROW=13.12 | MEAN_VALID_OFFDIAG=12.12 | BATCH_RMSE=1.152792
  STEP 1100/1435 | TOTAL_LOSS=0.681650 | REG_LOSS=0.441863 | SOFTCLIP_LOSS=2.154582 | PCL_LOSS=0.243294 | MEAN_GATE=0.6410 | MEAN_VALID_PER_ROW=12.94 | MEAN_VALID_OFFDIAG=11.94 | BATCH_RMSE=0.664728
  STEP 1200/1435 | TOTAL_LOSS=0.423496 | REG_LOSS=0.195647 | SOFTCLIP_LOSS=2.022687 | PCL_LOSS=0.255800 | MEAN_GATE=0.6096 | MEAN_VALID_PER_ROW=12.62 | MEAN_VALID_OFFDIAG=11.62 | BATCH_RMSE=0.442320
  STEP 1300/1435 | TOTAL_LOSS=0.533721 | REG_LOSS=0.264433 | SOFTCLIP_LOSS=2.202545 | PCL_LOSS=0.490339 | MEAN_GATE=0.5987 | MEAN_VALID_PER_ROW=13.06 | MEAN_VALID_OFFDIAG=12.06 | BATCH_RMSE=0.514231
  STEP 1400/1435 | TOTAL_LOSS=1.058255 | REG_LOSS=0.813022 | SOFTCLIP_LOSS=2.428864 | PCL_LOSS=0.023470 | MEAN_GATE=0.6136 | MEAN_VALID_PER_ROW=14.31 | MEAN_VALID_OFFDIAG=13.31 | BATCH_RMSE=0.901677
[EPOCH 024/030] TRAIN: TOTAL=0.716567 | REG=0.467528 | SOFTCLIP=2.236159 | PCL=0.254229 | RMSE=0.683761 | MAE=0.468479 | CI=0.801775 | RM2=0.403495
[EPOCH 024/030] VAL  : TOTAL=0.523934 | REG=0.382884 | SOFTCLIP=1.246985 | PCL=0.163516 | RMSE=0.618776 | MAE=0.411457 | CI=0.833800 | RM2=0.516621
  SAVED NEW BEST MODEL | EPOCH=024 | BEST_VAL_RMSE=0.618776 | BEST_VAL_MAE=0.411457 | BEST_VAL_CI=0.833800 | BEST_VAL_RM2=0.516621

EPOCH 25/30
  STEP 100/1435 | TOTAL_LOSS=0.357429 | REG_LOSS=0.125921 | SOFTCLIP_LOSS=2.189792 | PCL_LOSS=0.125290 | MEAN_GATE=0.6439 | MEAN_VALID_PER_ROW=12.56 | MEAN_VALID_OFFDIAG=11.56 | BATCH_RMSE=0.354853
  STEP 200/1435 | TOTAL_LOSS=0.642881 | REG_LOSS=0.402501 | SOFTCLIP_LOSS=2.138507 | PCL_LOSS=0.265288 | MEAN_GATE=0.6576 | MEAN_VALID_PER_ROW=12.44 | MEAN_VALID_OFFDIAG=11.44 | BATCH_RMSE=0.634430
  STEP 300/1435 | TOTAL_LOSS=0.544315 | REG_LOSS=0.270976 | SOFTCLIP_LOSS=2.350267 | PCL_LOSS=0.383115 | MEAN_GATE=0.6064 | MEAN_VALID_PER_ROW=13.81 | MEAN_VALID_OFFDIAG=12.81 | BATCH_RMSE=0.520554
  STEP 400/1435 | TOTAL_LOSS=0.793355 | REG_LOSS=0.533043 | SOFTCLIP_LOSS=2.305009 | PCL_LOSS=0.298115 | MEAN_GATE=0.6538 | MEAN_VALID_PER_ROW=12.00 | MEAN_VALID_OFFDIAG=11.00 | BATCH_RMSE=0.730098
  STEP 500/1435 | TOTAL_LOSS=1.028028 | REG_LOSS=0.757371 | SOFTCLIP_LOSS=2.328964 | PCL_LOSS=0.377598 | MEAN_GATE=0.5999 | MEAN_VALID_PER_ROW=12.81 | MEAN_VALID_OFFDIAG=11.81 | BATCH_RMSE=0.870271
  STEP 600/1435 | TOTAL_LOSS=1.034660 | REG_LOSS=0.784255 | SOFTCLIP_LOSS=2.137938 | PCL_LOSS=0.366108 | MEAN_GATE=0.6681 | MEAN_VALID_PER_ROW=13.12 | MEAN_VALID_OFFDIAG=12.12 | BATCH_RMSE=0.885582
  STEP 700/1435 | TOTAL_LOSS=0.946385 | REG_LOSS=0.696364 | SOFTCLIP_LOSS=2.282048 | PCL_LOSS=0.218163 | MEAN_GATE=0.6362 | MEAN_VALID_PER_ROW=12.94 | MEAN_VALID_OFFDIAG=11.94 | BATCH_RMSE=0.834484
  STEP 800/1435 | TOTAL_LOSS=0.469304 | REG_LOSS=0.221541 | SOFTCLIP_LOSS=2.220485 | PCL_LOSS=0.257147 | MEAN_GATE=0.5906 | MEAN_VALID_PER_ROW=13.06 | MEAN_VALID_OFFDIAG=12.06 | BATCH_RMSE=0.470682
  STEP 900/1435 | TOTAL_LOSS=0.601711 | REG_LOSS=0.347742 | SOFTCLIP_LOSS=2.299448 | PCL_LOSS=0.240238 | MEAN_GATE=0.6221 | MEAN_VALID_PER_ROW=13.50 | MEAN_VALID_OFFDIAG=12.50 | BATCH_RMSE=0.589696
  STEP 1000/1435 | TOTAL_LOSS=0.490786 | REG_LOSS=0.220486 | SOFTCLIP_LOSS=2.290721 | PCL_LOSS=0.412275 | MEAN_GATE=0.6221 | MEAN_VALID_PER_ROW=13.44 | MEAN_VALID_OFFDIAG=12.44 | BATCH_RMSE=0.469559
  STEP 1100/1435 | TOTAL_LOSS=0.538931 | REG_LOSS=0.306131 | SOFTCLIP_LOSS=2.134036 | PCL_LOSS=0.193961 | MEAN_GATE=0.6025 | MEAN_VALID_PER_ROW=13.31 | MEAN_VALID_OFFDIAG=12.31 | BATCH_RMSE=0.553291
  STEP 1200/1435 | TOTAL_LOSS=0.514551 | REG_LOSS=0.269233 | SOFTCLIP_LOSS=2.390566 | PCL_LOSS=0.062618 | MEAN_GATE=0.6072 | MEAN_VALID_PER_ROW=13.19 | MEAN_VALID_OFFDIAG=12.19 | BATCH_RMSE=0.518877
  STEP 1300/1435 | TOTAL_LOSS=1.022143 | REG_LOSS=0.782691 | SOFTCLIP_LOSS=2.228815 | PCL_LOSS=0.165695 | MEAN_GATE=0.5893 | MEAN_VALID_PER_ROW=12.56 | MEAN_VALID_OFFDIAG=11.56 | BATCH_RMSE=0.884699
  STEP 1400/1435 | TOTAL_LOSS=0.587215 | REG_LOSS=0.357062 | SOFTCLIP_LOSS=2.140741 | PCL_LOSS=0.160786 | MEAN_GATE=0.6788 | MEAN_VALID_PER_ROW=13.44 | MEAN_VALID_OFFDIAG=12.44 | BATCH_RMSE=0.597547
[EPOCH 025/030] TRAIN: TOTAL=0.717520 | REG=0.468591 | SOFTCLIP=2.234547 | PCL=0.254739 | RMSE=0.684537 | MAE=0.470003 | CI=0.801672 | RM2=0.400748
[EPOCH 025/030] VAL  : TOTAL=0.515231 | REG=0.369282 | SOFTCLIP=1.241932 | PCL=0.217557 | RMSE=0.607686 | MAE=0.394303 | CI=0.843711 | RM2=0.515159
  SAVED NEW BEST MODEL | EPOCH=025 | BEST_VAL_RMSE=0.607686 | BEST_VAL_MAE=0.394303 | BEST_VAL_CI=0.843711 | BEST_VAL_RM2=0.515159

EPOCH 26/30
  STEP 100/1435 | TOTAL_LOSS=0.617155 | REG_LOSS=0.359674 | SOFTCLIP_LOSS=2.208935 | PCL_LOSS=0.365874 | MEAN_GATE=0.6197 | MEAN_VALID_PER_ROW=12.94 | MEAN_VALID_OFFDIAG=11.94 | BATCH_RMSE=0.599729
  STEP 200/1435 | TOTAL_LOSS=0.458869 | REG_LOSS=0.191711 | SOFTCLIP_LOSS=2.397338 | PCL_LOSS=0.274240 | MEAN_GATE=0.6468 | MEAN_VALID_PER_ROW=13.50 | MEAN_VALID_OFFDIAG=12.50 | BATCH_RMSE=0.437849
  STEP 300/1435 | TOTAL_LOSS=0.362534 | REG_LOSS=0.082850 | SOFTCLIP_LOSS=2.544817 | PCL_LOSS=0.252017 | MEAN_GATE=0.6488 | MEAN_VALID_PER_ROW=13.75 | MEAN_VALID_OFFDIAG=12.75 | BATCH_RMSE=0.287837
  STEP 400/1435 | TOTAL_LOSS=0.927100 | REG_LOSS=0.640780 | SOFTCLIP_LOSS=2.359021 | PCL_LOSS=0.504185 | MEAN_GATE=0.7226 | MEAN_VALID_PER_ROW=13.50 | MEAN_VALID_OFFDIAG=12.50 | BATCH_RMSE=0.800487
  STEP 500/1435 | TOTAL_LOSS=0.600568 | REG_LOSS=0.321565 | SOFTCLIP_LOSS=2.317211 | PCL_LOSS=0.472817 | MEAN_GATE=0.5887 | MEAN_VALID_PER_ROW=12.94 | MEAN_VALID_OFFDIAG=11.94 | BATCH_RMSE=0.567067
  STEP 600/1435 | TOTAL_LOSS=0.410638 | REG_LOSS=0.159733 | SOFTCLIP_LOSS=2.318968 | PCL_LOSS=0.190079 | MEAN_GATE=0.5775 | MEAN_VALID_PER_ROW=12.88 | MEAN_VALID_OFFDIAG=11.88 | BATCH_RMSE=0.399667
  STEP 700/1435 | TOTAL_LOSS=0.768311 | REG_LOSS=0.508022 | SOFTCLIP_LOSS=2.239973 | PCL_LOSS=0.362917 | MEAN_GATE=0.6719 | MEAN_VALID_PER_ROW=12.88 | MEAN_VALID_OFFDIAG=11.88 | BATCH_RMSE=0.712757
  STEP 800/1435 | TOTAL_LOSS=0.694666 | REG_LOSS=0.423094 | SOFTCLIP_LOSS=2.449627 | PCL_LOSS=0.266095 | MEAN_GATE=0.6185 | MEAN_VALID_PER_ROW=12.88 | MEAN_VALID_OFFDIAG=11.88 | BATCH_RMSE=0.650456
  STEP 900/1435 | TOTAL_LOSS=0.625887 | REG_LOSS=0.384387 | SOFTCLIP_LOSS=2.104246 | PCL_LOSS=0.310751 | MEAN_GATE=0.6193 | MEAN_VALID_PER_ROW=12.81 | MEAN_VALID_OFFDIAG=11.81 | BATCH_RMSE=0.619990
  STEP 1000/1435 | TOTAL_LOSS=0.628779 | REG_LOSS=0.352168 | SOFTCLIP_LOSS=2.465772 | PCL_LOSS=0.300347 | MEAN_GATE=0.5977 | MEAN_VALID_PER_ROW=13.69 | MEAN_VALID_OFFDIAG=12.69 | BATCH_RMSE=0.593437
  STEP 1100/1435 | TOTAL_LOSS=0.494290 | REG_LOSS=0.251967 | SOFTCLIP_LOSS=2.161494 | PCL_LOSS=0.261735 | MEAN_GATE=0.6306 | MEAN_VALID_PER_ROW=13.19 | MEAN_VALID_OFFDIAG=12.19 | BATCH_RMSE=0.501963
  STEP 1200/1435 | TOTAL_LOSS=0.747672 | REG_LOSS=0.495760 | SOFTCLIP_LOSS=2.215242 | PCL_LOSS=0.303878 | MEAN_GATE=0.6494 | MEAN_VALID_PER_ROW=13.50 | MEAN_VALID_OFFDIAG=12.50 | BATCH_RMSE=0.704102
  STEP 1300/1435 | TOTAL_LOSS=0.505448 | REG_LOSS=0.233142 | SOFTCLIP_LOSS=2.293474 | PCL_LOSS=0.429591 | MEAN_GATE=0.6128 | MEAN_VALID_PER_ROW=13.06 | MEAN_VALID_OFFDIAG=12.06 | BATCH_RMSE=0.482847
  STEP 1400/1435 | TOTAL_LOSS=0.416023 | REG_LOSS=0.183736 | SOFTCLIP_LOSS=2.146797 | PCL_LOSS=0.176069 | MEAN_GATE=0.6304 | MEAN_VALID_PER_ROW=13.00 | MEAN_VALID_OFFDIAG=12.00 | BATCH_RMSE=0.428645
[EPOCH 026/030] TRAIN: TOTAL=0.706065 | REG=0.457935 | SOFTCLIP=2.233531 | PCL=0.247771 | RMSE=0.676709 | MAE=0.463313 | CI=0.805307 | RM2=0.412568
[EPOCH 026/030] VAL  : TOTAL=0.518425 | REG=0.377994 | SOFTCLIP=1.245245 | PCL=0.159071 | RMSE=0.614812 | MAE=0.398598 | CI=0.837157 | RM2=0.489214

EPOCH 27/30
  STEP 100/1435 | TOTAL_LOSS=0.486376 | REG_LOSS=0.239462 | SOFTCLIP_LOSS=2.186632 | PCL_LOSS=0.282512 | MEAN_GATE=0.6580 | MEAN_VALID_PER_ROW=13.00 | MEAN_VALID_OFFDIAG=12.00 | BATCH_RMSE=0.489348
  STEP 200/1435 | TOTAL_LOSS=0.294040 | REG_LOSS=0.054259 | SOFTCLIP_LOSS=2.261153 | PCL_LOSS=0.136663 | MEAN_GATE=0.6167 | MEAN_VALID_PER_ROW=12.88 | MEAN_VALID_OFFDIAG=11.88 | BATCH_RMSE=0.232935
  STEP 300/1435 | TOTAL_LOSS=0.641017 | REG_LOSS=0.413917 | SOFTCLIP_LOSS=2.246054 | PCL_LOSS=0.024948 | MEAN_GATE=0.6490 | MEAN_VALID_PER_ROW=13.44 | MEAN_VALID_OFFDIAG=12.44 | BATCH_RMSE=0.643364
  STEP 400/1435 | TOTAL_LOSS=0.554619 | REG_LOSS=0.259804 | SOFTCLIP_LOSS=2.392552 | PCL_LOSS=0.555598 | MEAN_GATE=0.6045 | MEAN_VALID_PER_ROW=13.25 | MEAN_VALID_OFFDIAG=12.25 | BATCH_RMSE=0.509710
  STEP 500/1435 | TOTAL_LOSS=0.417775 | REG_LOSS=0.169630 | SOFTCLIP_LOSS=2.230776 | PCL_LOSS=0.250677 | MEAN_GATE=0.6949 | MEAN_VALID_PER_ROW=13.00 | MEAN_VALID_OFFDIAG=12.00 | BATCH_RMSE=0.411861
  STEP 600/1435 | TOTAL_LOSS=0.394970 | REG_LOSS=0.175138 | SOFTCLIP_LOSS=2.139230 | PCL_LOSS=0.059092 | MEAN_GATE=0.6293 | MEAN_VALID_PER_ROW=12.88 | MEAN_VALID_OFFDIAG=11.88 | BATCH_RMSE=0.418495
  STEP 700/1435 | TOTAL_LOSS=0.726373 | REG_LOSS=0.496078 | SOFTCLIP_LOSS=2.119990 | PCL_LOSS=0.182958 | MEAN_GATE=0.6415 | MEAN_VALID_PER_ROW=12.94 | MEAN_VALID_OFFDIAG=11.94 | BATCH_RMSE=0.704328
  STEP 800/1435 | TOTAL_LOSS=0.480254 | REG_LOSS=0.242112 | SOFTCLIP_LOSS=2.210452 | PCL_LOSS=0.170967 | MEAN_GATE=0.6247 | MEAN_VALID_PER_ROW=12.62 | MEAN_VALID_OFFDIAG=11.62 | BATCH_RMSE=0.492048
  STEP 900/1435 | TOTAL_LOSS=0.414421 | REG_LOSS=0.163107 | SOFTCLIP_LOSS=2.392989 | PCL_LOSS=0.120156 | MEAN_GATE=0.5653 | MEAN_VALID_PER_ROW=13.50 | MEAN_VALID_OFFDIAG=12.50 | BATCH_RMSE=0.403865
  STEP 1000/1435 | TOTAL_LOSS=0.768438 | REG_LOSS=0.531571 | SOFTCLIP_LOSS=2.273243 | PCL_LOSS=0.095430 | MEAN_GATE=0.6331 | MEAN_VALID_PER_ROW=13.06 | MEAN_VALID_OFFDIAG=12.06 | BATCH_RMSE=0.729089
  STEP 1100/1435 | TOTAL_LOSS=0.601178 | REG_LOSS=0.363397 | SOFTCLIP_LOSS=2.223374 | PCL_LOSS=0.154442 | MEAN_GATE=0.6902 | MEAN_VALID_PER_ROW=12.94 | MEAN_VALID_OFFDIAG=11.94 | BATCH_RMSE=0.602824
  STEP 1200/1435 | TOTAL_LOSS=0.658193 | REG_LOSS=0.406719 | SOFTCLIP_LOSS=2.269156 | PCL_LOSS=0.245588 | MEAN_GATE=0.5726 | MEAN_VALID_PER_ROW=13.00 | MEAN_VALID_OFFDIAG=12.00 | BATCH_RMSE=0.637745
  STEP 1300/1435 | TOTAL_LOSS=0.537933 | REG_LOSS=0.308863 | SOFTCLIP_LOSS=2.176947 | PCL_LOSS=0.113755 | MEAN_GATE=0.6297 | MEAN_VALID_PER_ROW=13.12 | MEAN_VALID_OFFDIAG=12.12 | BATCH_RMSE=0.555754
  STEP 1400/1435 | TOTAL_LOSS=0.597882 | REG_LOSS=0.373274 | SOFTCLIP_LOSS=2.078475 | PCL_LOSS=0.167604 | MEAN_GATE=0.5881 | MEAN_VALID_PER_ROW=12.00 | MEAN_VALID_OFFDIAG=11.00 | BATCH_RMSE=0.610961
[EPOCH 027/030] TRAIN: TOTAL=0.682878 | REG=0.436010 | SOFTCLIP=2.233916 | PCL=0.234758 | RMSE=0.660311 | MAE=0.453145 | CI=0.812339 | RM2=0.438222
[EPOCH 027/030] VAL  : TOTAL=0.500530 | REG=0.359769 | SOFTCLIP=1.241633 | PCL=0.165984 | RMSE=0.599807 | MAE=0.371902 | CI=0.846525 | RM2=0.556743
  SAVED NEW BEST MODEL | EPOCH=027 | BEST_VAL_RMSE=0.599807 | BEST_VAL_MAE=0.371902 | BEST_VAL_CI=0.846525 | BEST_VAL_RM2=0.556743

EPOCH 28/30
  STEP 100/1435 | TOTAL_LOSS=0.471506 | REG_LOSS=0.284336 | SOFTCLIP_LOSS=1.821689 | PCL_LOSS=0.050005 | MEAN_GATE=0.6304 | MEAN_VALID_PER_ROW=12.75 | MEAN_VALID_OFFDIAG=11.75 | BATCH_RMSE=0.533232
  STEP 200/1435 | TOTAL_LOSS=1.188269 | REG_LOSS=0.941246 | SOFTCLIP_LOSS=2.160036 | PCL_LOSS=0.310198 | MEAN_GATE=0.6642 | MEAN_VALID_PER_ROW=13.25 | MEAN_VALID_OFFDIAG=12.25 | BATCH_RMSE=0.970178
  STEP 300/1435 | TOTAL_LOSS=1.160355 | REG_LOSS=0.848054 | SOFTCLIP_LOSS=2.169808 | PCL_LOSS=0.953204 | MEAN_GATE=0.6075 | MEAN_VALID_PER_ROW=13.25 | MEAN_VALID_OFFDIAG=12.25 | BATCH_RMSE=0.920898
  STEP 400/1435 | TOTAL_LOSS=0.453457 | REG_LOSS=0.204006 | SOFTCLIP_LOSS=2.206712 | PCL_LOSS=0.287805 | MEAN_GATE=0.6185 | MEAN_VALID_PER_ROW=13.38 | MEAN_VALID_OFFDIAG=12.38 | BATCH_RMSE=0.451670
  STEP 500/1435 | TOTAL_LOSS=0.801649 | REG_LOSS=0.559574 | SOFTCLIP_LOSS=2.173737 | PCL_LOSS=0.247008 | MEAN_GATE=0.6176 | MEAN_VALID_PER_ROW=12.69 | MEAN_VALID_OFFDIAG=11.69 | BATCH_RMSE=0.748047
  STEP 600/1435 | TOTAL_LOSS=0.659730 | REG_LOSS=0.383668 | SOFTCLIP_LOSS=2.257300 | PCL_LOSS=0.503321 | MEAN_GATE=0.6220 | MEAN_VALID_PER_ROW=13.31 | MEAN_VALID_OFFDIAG=12.31 | BATCH_RMSE=0.619410
  STEP 700/1435 | TOTAL_LOSS=0.858780 | REG_LOSS=0.625961 | SOFTCLIP_LOSS=2.265045 | PCL_LOSS=0.063149 | MEAN_GATE=0.6451 | MEAN_VALID_PER_ROW=13.06 | MEAN_VALID_OFFDIAG=12.06 | BATCH_RMSE=0.791177
  STEP 800/1435 | TOTAL_LOSS=1.294231 | REG_LOSS=0.995957 | SOFTCLIP_LOSS=2.197532 | PCL_LOSS=0.785212 | MEAN_GATE=0.6636 | MEAN_VALID_PER_ROW=13.19 | MEAN_VALID_OFFDIAG=12.19 | BATCH_RMSE=0.997976
  STEP 900/1435 | TOTAL_LOSS=0.581406 | REG_LOSS=0.328568 | SOFTCLIP_LOSS=2.318135 | PCL_LOSS=0.210250 | MEAN_GATE=0.6563 | MEAN_VALID_PER_ROW=12.88 | MEAN_VALID_OFFDIAG=11.88 | BATCH_RMSE=0.573208
  STEP 1000/1435 | TOTAL_LOSS=0.866863 | REG_LOSS=0.597119 | SOFTCLIP_LOSS=2.487898 | PCL_LOSS=0.209549 | MEAN_GATE=0.6054 | MEAN_VALID_PER_ROW=12.56 | MEAN_VALID_OFFDIAG=11.56 | BATCH_RMSE=0.772735
  STEP 1100/1435 | TOTAL_LOSS=0.440366 | REG_LOSS=0.162682 | SOFTCLIP_LOSS=2.334111 | PCL_LOSS=0.442731 | MEAN_GATE=0.6057 | MEAN_VALID_PER_ROW=13.19 | MEAN_VALID_OFFDIAG=12.19 | BATCH_RMSE=0.403338
  STEP 1200/1435 | TOTAL_LOSS=0.537725 | REG_LOSS=0.304100 | SOFTCLIP_LOSS=2.126316 | PCL_LOSS=0.209927 | MEAN_GATE=0.6186 | MEAN_VALID_PER_ROW=13.12 | MEAN_VALID_OFFDIAG=12.12 | BATCH_RMSE=0.551453
  STEP 1300/1435 | TOTAL_LOSS=0.870058 | REG_LOSS=0.628944 | SOFTCLIP_LOSS=2.164102 | PCL_LOSS=0.247032 | MEAN_GATE=0.6249 | MEAN_VALID_PER_ROW=12.19 | MEAN_VALID_OFFDIAG=11.19 | BATCH_RMSE=0.793060
  STEP 1400/1435 | TOTAL_LOSS=0.450890 | REG_LOSS=0.170598 | SOFTCLIP_LOSS=2.573364 | PCL_LOSS=0.229557 | MEAN_GATE=0.6208 | MEAN_VALID_PER_ROW=13.19 | MEAN_VALID_OFFDIAG=12.19 | BATCH_RMSE=0.413035
[EPOCH 028/030] TRAIN: TOTAL=0.680827 | REG=0.434483 | SOFTCLIP=2.226544 | PCL=0.236893 | RMSE=0.659153 | MAE=0.451563 | CI=0.812447 | RM2=0.438814
[EPOCH 028/030] VAL  : TOTAL=0.526760 | REG=0.378527 | SOFTCLIP=1.240326 | PCL=0.242009 | RMSE=0.615245 | MAE=0.375948 | CI=0.834976 | RM2=0.479823

EPOCH 29/30
  STEP 100/1435 | TOTAL_LOSS=0.703565 | REG_LOSS=0.442620 | SOFTCLIP_LOSS=2.154572 | PCL_LOSS=0.454872 | MEAN_GATE=0.6393 | MEAN_VALID_PER_ROW=12.25 | MEAN_VALID_OFFDIAG=11.25 | BATCH_RMSE=0.665297
  STEP 200/1435 | TOTAL_LOSS=0.747009 | REG_LOSS=0.502495 | SOFTCLIP_LOSS=2.140624 | PCL_LOSS=0.304512 | MEAN_GATE=0.6086 | MEAN_VALID_PER_ROW=12.94 | MEAN_VALID_OFFDIAG=11.94 | BATCH_RMSE=0.708869
  STEP 300/1435 | TOTAL_LOSS=0.619859 | REG_LOSS=0.365073 | SOFTCLIP_LOSS=2.324492 | PCL_LOSS=0.223361 | MEAN_GATE=0.5972 | MEAN_VALID_PER_ROW=13.69 | MEAN_VALID_OFFDIAG=12.69 | BATCH_RMSE=0.604213
  STEP 400/1435 | TOTAL_LOSS=0.740610 | REG_LOSS=0.506062 | SOFTCLIP_LOSS=2.124917 | PCL_LOSS=0.220566 | MEAN_GATE=0.6642 | MEAN_VALID_PER_ROW=13.12 | MEAN_VALID_OFFDIAG=12.12 | BATCH_RMSE=0.711380
  STEP 500/1435 | TOTAL_LOSS=1.147988 | REG_LOSS=0.929691 | SOFTCLIP_LOSS=2.023522 | PCL_LOSS=0.159454 | MEAN_GATE=0.5766 | MEAN_VALID_PER_ROW=13.25 | MEAN_VALID_OFFDIAG=12.25 | BATCH_RMSE=0.964205
  STEP 600/1435 | TOTAL_LOSS=0.873153 | REG_LOSS=0.632561 | SOFTCLIP_LOSS=2.245172 | PCL_LOSS=0.160745 | MEAN_GATE=0.6025 | MEAN_VALID_PER_ROW=13.06 | MEAN_VALID_OFFDIAG=12.06 | BATCH_RMSE=0.795337
  STEP 700/1435 | TOTAL_LOSS=0.619493 | REG_LOSS=0.335289 | SOFTCLIP_LOSS=2.336292 | PCL_LOSS=0.505757 | MEAN_GATE=0.5739 | MEAN_VALID_PER_ROW=12.62 | MEAN_VALID_OFFDIAG=11.62 | BATCH_RMSE=0.579041
  STEP 800/1435 | TOTAL_LOSS=0.887804 | REG_LOSS=0.633406 | SOFTCLIP_LOSS=2.304198 | PCL_LOSS=0.239779 | MEAN_GATE=0.6075 | MEAN_VALID_PER_ROW=13.06 | MEAN_VALID_OFFDIAG=12.06 | BATCH_RMSE=0.795868
  STEP 900/1435 | TOTAL_LOSS=0.837580 | REG_LOSS=0.594103 | SOFTCLIP_LOSS=2.193391 | PCL_LOSS=0.241376 | MEAN_GATE=0.6203 | MEAN_VALID_PER_ROW=13.06 | MEAN_VALID_OFFDIAG=12.06 | BATCH_RMSE=0.770781
  STEP 1000/1435 | TOTAL_LOSS=0.921161 | REG_LOSS=0.696628 | SOFTCLIP_LOSS=2.114126 | PCL_LOSS=0.131201 | MEAN_GATE=0.6426 | MEAN_VALID_PER_ROW=12.88 | MEAN_VALID_OFFDIAG=11.88 | BATCH_RMSE=0.834642
  STEP 1100/1435 | TOTAL_LOSS=0.758285 | REG_LOSS=0.493436 | SOFTCLIP_LOSS=2.030794 | PCL_LOSS=0.617697 | MEAN_GATE=0.6437 | MEAN_VALID_PER_ROW=12.50 | MEAN_VALID_OFFDIAG=11.50 | BATCH_RMSE=0.702450
  STEP 1200/1435 | TOTAL_LOSS=0.558793 | REG_LOSS=0.295355 | SOFTCLIP_LOSS=2.257573 | PCL_LOSS=0.376807 | MEAN_GATE=0.6342 | MEAN_VALID_PER_ROW=12.75 | MEAN_VALID_OFFDIAG=11.75 | BATCH_RMSE=0.543466
  STEP 1300/1435 | TOTAL_LOSS=0.494119 | REG_LOSS=0.234191 | SOFTCLIP_LOSS=2.264892 | PCL_LOSS=0.334389 | MEAN_GATE=0.6577 | MEAN_VALID_PER_ROW=13.19 | MEAN_VALID_OFFDIAG=12.19 | BATCH_RMSE=0.483933
  STEP 1400/1435 | TOTAL_LOSS=0.490139 | REG_LOSS=0.257807 | SOFTCLIP_LOSS=2.200237 | PCL_LOSS=0.123088 | MEAN_GATE=0.6764 | MEAN_VALID_PER_ROW=12.88 | MEAN_VALID_OFFDIAG=11.88 | BATCH_RMSE=0.507747
[EPOCH 029/030] TRAIN: TOTAL=0.670633 | REG=0.424965 | SOFTCLIP=2.225573 | PCL=0.231110 | RMSE=0.651893 | MAE=0.442203 | CI=0.818473 | RM2=0.450348
[EPOCH 029/030] VAL  : TOTAL=0.514771 | REG=0.376465 | SOFTCLIP=1.240438 | PCL=0.142625 | RMSE=0.613567 | MAE=0.463324 | CI=0.854943 | RM2=0.539908

EPOCH 30/30
  STEP 100/1435 | TOTAL_LOSS=0.618190 | REG_LOSS=0.347031 | SOFTCLIP_LOSS=2.424839 | PCL_LOSS=0.286751 | MEAN_GATE=0.5828 | MEAN_VALID_PER_ROW=13.62 | MEAN_VALID_OFFDIAG=12.62 | BATCH_RMSE=0.589094
  STEP 200/1435 | TOTAL_LOSS=0.528768 | REG_LOSS=0.278814 | SOFTCLIP_LOSS=2.386019 | PCL_LOSS=0.113522 | MEAN_GATE=0.6277 | MEAN_VALID_PER_ROW=12.94 | MEAN_VALID_OFFDIAG=11.94 | BATCH_RMSE=0.528028
  STEP 300/1435 | TOTAL_LOSS=0.881751 | REG_LOSS=0.666788 | SOFTCLIP_LOSS=2.119640 | PCL_LOSS=0.029981 | MEAN_GATE=0.6774 | MEAN_VALID_PER_ROW=12.56 | MEAN_VALID_OFFDIAG=11.56 | BATCH_RMSE=0.816571
  STEP 400/1435 | TOTAL_LOSS=0.448718 | REG_LOSS=0.224049 | SOFTCLIP_LOSS=2.118361 | PCL_LOSS=0.128328 | MEAN_GATE=0.6342 | MEAN_VALID_PER_ROW=12.50 | MEAN_VALID_OFFDIAG=11.50 | BATCH_RMSE=0.473338
  STEP 500/1435 | TOTAL_LOSS=0.603742 | REG_LOSS=0.355325 | SOFTCLIP_LOSS=2.259734 | PCL_LOSS=0.224438 | MEAN_GATE=0.6297 | MEAN_VALID_PER_ROW=12.56 | MEAN_VALID_OFFDIAG=11.56 | BATCH_RMSE=0.596092
  STEP 600/1435 | TOTAL_LOSS=1.514376 | REG_LOSS=1.271546 | SOFTCLIP_LOSS=2.230912 | PCL_LOSS=0.197386 | MEAN_GATE=0.6293 | MEAN_VALID_PER_ROW=12.69 | MEAN_VALID_OFFDIAG=11.69 | BATCH_RMSE=1.127628
  STEP 700/1435 | TOTAL_LOSS=0.405594 | REG_LOSS=0.175588 | SOFTCLIP_LOSS=2.221406 | PCL_LOSS=0.078660 | MEAN_GATE=0.6369 | MEAN_VALID_PER_ROW=13.50 | MEAN_VALID_OFFDIAG=12.50 | BATCH_RMSE=0.419032
  STEP 800/1435 | TOTAL_LOSS=0.655125 | REG_LOSS=0.400154 | SOFTCLIP_LOSS=2.216989 | PCL_LOSS=0.332718 | MEAN_GATE=0.6882 | MEAN_VALID_PER_ROW=13.00 | MEAN_VALID_OFFDIAG=12.00 | BATCH_RMSE=0.632577
  STEP 900/1435 | TOTAL_LOSS=0.832364 | REG_LOSS=0.610727 | SOFTCLIP_LOSS=2.118353 | PCL_LOSS=0.098015 | MEAN_GATE=0.6505 | MEAN_VALID_PER_ROW=12.94 | MEAN_VALID_OFFDIAG=11.94 | BATCH_RMSE=0.781491
  STEP 1000/1435 | TOTAL_LOSS=0.701118 | REG_LOSS=0.444540 | SOFTCLIP_LOSS=2.347269 | PCL_LOSS=0.218515 | MEAN_GATE=0.6292 | MEAN_VALID_PER_ROW=12.62 | MEAN_VALID_OFFDIAG=11.62 | BATCH_RMSE=0.666738
  STEP 1100/1435 | TOTAL_LOSS=0.729719 | REG_LOSS=0.467026 | SOFTCLIP_LOSS=2.360908 | PCL_LOSS=0.266017 | MEAN_GATE=0.5917 | MEAN_VALID_PER_ROW=13.38 | MEAN_VALID_OFFDIAG=12.38 | BATCH_RMSE=0.683393
  STEP 1200/1435 | TOTAL_LOSS=0.841220 | REG_LOSS=0.570352 | SOFTCLIP_LOSS=2.264770 | PCL_LOSS=0.443910 | MEAN_GATE=0.6540 | MEAN_VALID_PER_ROW=13.00 | MEAN_VALID_OFFDIAG=12.00 | BATCH_RMSE=0.755217
  STEP 1300/1435 | TOTAL_LOSS=1.279303 | REG_LOSS=1.026318 | SOFTCLIP_LOSS=2.228697 | PCL_LOSS=0.301159 | MEAN_GATE=0.6546 | MEAN_VALID_PER_ROW=13.25 | MEAN_VALID_OFFDIAG=12.25 | BATCH_RMSE=1.013073
  STEP 1400/1435 | TOTAL_LOSS=1.319538 | REG_LOSS=1.056241 | SOFTCLIP_LOSS=2.163723 | PCL_LOSS=0.469243 | MEAN_GATE=0.6727 | MEAN_VALID_PER_ROW=13.50 | MEAN_VALID_OFFDIAG=12.50 | BATCH_RMSE=1.027736
[EPOCH 030/030] TRAIN: TOTAL=0.665509 | REG=0.420456 | SOFTCLIP=2.226549 | PCL=0.223984 | RMSE=0.648426 | MAE=0.444387 | CI=0.817197 | RM2=0.453840
[EPOCH 030/030] VAL  : TOTAL=0.499840 | REG=0.361849 | SOFTCLIP=1.239253 | PCL=0.140661 | RMSE=0.601538 | MAE=0.443722 | CI=0.851228 | RM2=0.520794

TRAINING FINISHED.
BEST MODEL SUMMARY | EPOCH=027 | VAL_RMSE=0.599807 | VAL_MAE=0.371902 | VAL_CI=0.846525 | VAL_RM2=0.556743
SAVED OUTPUTS TO: outputs/softclip_pcl_sweeps/softclip_pcl_sweep_20260419_065902/bs16_lr0.0003_lc0.1_lp0.1_temp0.07_at1_pt0.07
