2026-04-15 08:43:25 | unimol_tools/models/unimol.py | 136 | INFO | Uni-Mol Tools | Loading pretrained weights from /data1/ztx/unimol_weights/mol_pre_all_h_220816.pt
2026-04-15 08:43:26 | unimol_tools/data/conformer.py | 167 | INFO | Uni-Mol Tools | Start generating conformers...
2026-04-15 08:43:26 | unimol_tools/data/conformer.py | 182 | INFO | Uni-Mol Tools | Succeeded in generating conformers for 100.00% of molecules.
2026-04-15 08:43:26 | unimol_tools/data/conformer.py | 199 | INFO | Uni-Mol Tools | Succeeded in generating 3d conformers for 100.00% of molecules.
2026-04-15 08:43:26 | unimol_tools/tasks/trainer.py | 78 | INFO | Uni-Mol Tools | Number of GPUs available: 4
2026-04-15 08:43:26 | unimol_tools/tasks/trainer.py | 98 | INFO | Uni-Mol Tools | Using single GPU.
2026-04-15 08:43:26 | unimol_tools/data/conformer.py | 167 | INFO | Uni-Mol Tools | Start generating conformers...
2026-04-15 08:43:27 | unimol_tools/data/conformer.py | 182 | INFO | Uni-Mol Tools | Succeeded in generating conformers for 100.00% of molecules.
2026-04-15 08:43:27 | unimol_tools/data/conformer.py | 199 | INFO | Uni-Mol Tools | Succeeded in generating 3d conformers for 100.00% of molecules.
2026-04-15 08:43:27 | unimol_tools/tasks/trainer.py | 78 | INFO | Uni-Mol Tools | Number of GPUs available: 4
2026-04-15 08:43:27 | unimol_tools/tasks/trainer.py | 98 | INFO | Uni-Mol Tools | Using single GPU.
2026-04-15 08:43:27 | unimol_tools/data/conformer.py | 167 | INFO | Uni-Mol Tools | Start generating conformers...
2026-04-15 08:43:28 | unimol_tools/data/conformer.py | 182 | INFO | Uni-Mol Tools | Succeeded in generating conformers for 100.00% of molecules.
2026-04-15 08:43:28 | unimol_tools/data/conformer.py | 199 | INFO | Uni-Mol Tools | Succeeded in generating 3d conformers for 100.00% of molecules.
2026-04-15 08:43:28 | unimol_tools/tasks/trainer.py | 78 | INFO | Uni-Mol Tools | Number of GPUs available: 4
2026-04-15 08:43:28 | unimol_tools/tasks/trainer.py | 98 | INFO | Uni-Mol Tools | Using single GPU.
2026-04-15 08:43:28 | unimol_tools/data/conformer.py | 167 | INFO | Uni-Mol Tools | Start generating conformers...
2026-04-15 08:43:28 | unimol_tools/data/conformer.py | 182 | INFO | Uni-Mol Tools | Succeeded in generating conformers for 100.00% of molecules.
2026-04-15 08:43:28 | unimol_tools/data/conformer.py | 199 | INFO | Uni-Mol Tools | Succeeded in generating 3d conformers for 100.00% of molecules.
2026-04-15 08:43:28 | unimol_tools/tasks/trainer.py | 78 | INFO | Uni-Mol Tools | Number of GPUs available: 4
2026-04-15 08:43:28 | unimol_tools/tasks/trainer.py | 98 | INFO | Uni-Mol Tools | Using single GPU.
2026-04-15 08:43:29 | unimol_tools/data/conformer.py | 167 | INFO | Uni-Mol Tools | Start generating conformers...
2026-04-15 08:43:29 | unimol_tools/data/conformer.py | 182 | INFO | Uni-Mol Tools | Succeeded in generating conformers for 100.00% of molecules.
2026-04-15 08:43:29 | unimol_tools/data/conformer.py | 199 | INFO | Uni-Mol Tools | Succeeded in generating 3d conformers for 100.00% of molecules.
2026-04-15 08:43:29 | unimol_tools/tasks/trainer.py | 78 | INFO | Uni-Mol Tools | Number of GPUs available: 4
2026-04-15 08:43:29 | unimol_tools/tasks/trainer.py | 98 | INFO | Uni-Mol Tools | Using single GPU.
2026-04-15 08:43:29 | unimol_tools/data/conformer.py | 167 | INFO | Uni-Mol Tools | Start generating conformers...
2026-04-15 08:43:29 | unimol_tools/data/conformer.py | 182 | INFO | Uni-Mol Tools | Succeeded in generating conformers for 100.00% of molecules.
2026-04-15 08:43:29 | unimol_tools/data/conformer.py | 199 | INFO | Uni-Mol Tools | Succeeded in generating 3d conformers for 100.00% of molecules.
2026-04-15 08:43:29 | unimol_tools/tasks/trainer.py | 78 | INFO | Uni-Mol Tools | Number of GPUs available: 4
2026-04-15 08:43:29 | unimol_tools/tasks/trainer.py | 98 | INFO | Uni-Mol Tools | Using single GPU.
2026-04-15 08:43:29 | unimol_tools/data/conformer.py | 167 | INFO | Uni-Mol Tools | Start generating conformers...
2026-04-15 08:43:30 | unimol_tools/data/conformer.py | 182 | INFO | Uni-Mol Tools | Succeeded in generating conformers for 100.00% of molecules.
2026-04-15 08:43:30 | unimol_tools/data/conformer.py | 199 | INFO | Uni-Mol Tools | Succeeded in generating 3d conformers for 100.00% of molecules.
2026-04-15 08:43:30 | unimol_tools/tasks/trainer.py | 78 | INFO | Uni-Mol Tools | Number of GPUs available: 4
2026-04-15 08:43:30 | unimol_tools/tasks/trainer.py | 98 | INFO | Uni-Mol Tools | Using single GPU.
2026-04-15 08:43:30 | unimol_tools/data/conformer.py | 167 | INFO | Uni-Mol Tools | Start generating conformers...
2026-04-15 08:43:30 | unimol_tools/data/conformer.py | 182 | INFO | Uni-Mol Tools | Succeeded in generating conformers for 100.00% of molecules.
2026-04-15 08:43:30 | unimol_tools/data/conformer.py | 199 | INFO | Uni-Mol Tools | Succeeded in generating 3d conformers for 100.00% of molecules.
2026-04-15 08:43:30 | unimol_tools/tasks/trainer.py | 78 | INFO | Uni-Mol Tools | Number of GPUs available: 4
2026-04-15 08:43:30 | unimol_tools/tasks/trainer.py | 98 | INFO | Uni-Mol Tools | Using single GPU.
2026-04-15 08:43:30 | unimol_tools/data/conformer.py | 167 | INFO | Uni-Mol Tools | Start generating conformers...
2026-04-15 08:43:31 | unimol_tools/data/conformer.py | 182 | INFO | Uni-Mol Tools | Succeeded in generating conformers for 100.00% of molecules.
2026-04-15 08:43:31 | unimol_tools/data/conformer.py | 199 | INFO | Uni-Mol Tools | Succeeded in generating 3d conformers for 100.00% of molecules.
2026-04-15 08:43:31 | unimol_tools/tasks/trainer.py | 78 | INFO | Uni-Mol Tools | Number of GPUs available: 4
2026-04-15 08:43:31 | unimol_tools/tasks/trainer.py | 98 | INFO | Uni-Mol Tools | Using single GPU.
2026-04-15 08:43:31 | unimol_tools/data/conformer.py | 167 | INFO | Uni-Mol Tools | Start generating conformers...
2026-04-15 08:43:31 | unimol_tools/data/conformer.py | 182 | INFO | Uni-Mol Tools | Succeeded in generating conformers for 100.00% of molecules.
2026-04-15 08:43:31 | unimol_tools/data/conformer.py | 199 | INFO | Uni-Mol Tools | Succeeded in generating 3d conformers for 100.00% of molecules.
2026-04-15 08:43:31 | unimol_tools/tasks/trainer.py | 78 | INFO | Uni-Mol Tools | Number of GPUs available: 4
2026-04-15 08:43:31 | unimol_tools/tasks/trainer.py | 98 | INFO | Uni-Mol Tools | Using single GPU.
2026-04-15 08:43:31 | unimol_tools/data/conformer.py | 167 | INFO | Uni-Mol Tools | Start generating conformers...
2026-04-15 08:43:32 | unimol_tools/data/conformer.py | 182 | INFO | Uni-Mol Tools | Succeeded in generating conformers for 100.00% of molecules.
2026-04-15 08:43:32 | unimol_tools/data/conformer.py | 199 | INFO | Uni-Mol Tools | Succeeded in generating 3d conformers for 100.00% of molecules.
2026-04-15 08:43:32 | unimol_tools/tasks/trainer.py | 78 | INFO | Uni-Mol Tools | Number of GPUs available: 4
2026-04-15 08:43:32 | unimol_tools/tasks/trainer.py | 98 | INFO | Uni-Mol Tools | Using single GPU.
2026-04-15 08:43:32 | unimol_tools/data/conformer.py | 167 | INFO | Uni-Mol Tools | Start generating conformers...
2026-04-15 08:43:32 | unimol_tools/data/conformer.py | 182 | INFO | Uni-Mol Tools | Succeeded in generating conformers for 100.00% of molecules.
2026-04-15 08:43:32 | unimol_tools/data/conformer.py | 199 | INFO | Uni-Mol Tools | Succeeded in generating 3d conformers for 100.00% of molecules.
2026-04-15 08:43:32 | unimol_tools/tasks/trainer.py | 78 | INFO | Uni-Mol Tools | Number of GPUs available: 4
2026-04-15 08:43:32 | unimol_tools/tasks/trainer.py | 98 | INFO | Uni-Mol Tools | Using single GPU.
2026-04-15 08:43:32 | unimol_tools/data/conformer.py | 167 | INFO | Uni-Mol Tools | Start generating conformers...
2026-04-15 08:43:33 | unimol_tools/data/conformer.py | 182 | INFO | Uni-Mol Tools | Succeeded in generating conformers for 100.00% of molecules.
2026-04-15 08:43:33 | unimol_tools/data/conformer.py | 199 | INFO | Uni-Mol Tools | Succeeded in generating 3d conformers for 100.00% of molecules.
2026-04-15 08:43:33 | unimol_tools/tasks/trainer.py | 78 | INFO | Uni-Mol Tools | Number of GPUs available: 4
2026-04-15 08:43:33 | unimol_tools/tasks/trainer.py | 98 | INFO | Uni-Mol Tools | Using single GPU.
2026-04-15 08:43:33 | unimol_tools/data/conformer.py | 167 | INFO | Uni-Mol Tools | Start generating conformers...
2026-04-15 08:43:33 | unimol_tools/data/conformer.py | 182 | INFO | Uni-Mol Tools | Succeeded in generating conformers for 100.00% of molecules.
2026-04-15 08:43:33 | unimol_tools/data/conformer.py | 199 | INFO | Uni-Mol Tools | Succeeded in generating 3d conformers for 100.00% of molecules.
2026-04-15 08:43:33 | unimol_tools/tasks/trainer.py | 78 | INFO | Uni-Mol Tools | Number of GPUs available: 4
2026-04-15 08:43:33 | unimol_tools/tasks/trainer.py | 98 | INFO | Uni-Mol Tools | Using single GPU.
2026-04-15 08:43:33 | unimol_tools/data/conformer.py | 167 | INFO | Uni-Mol Tools | Start generating conformers...
2026-04-15 08:43:33 | unimol_tools/data/conformer.py | 182 | INFO | Uni-Mol Tools | Succeeded in generating conformers for 100.00% of molecules.
2026-04-15 08:43:33 | unimol_tools/data/conformer.py | 199 | INFO | Uni-Mol Tools | Succeeded in generating 3d conformers for 100.00% of molecules.
2026-04-15 08:43:33 | unimol_tools/tasks/trainer.py | 78 | INFO | Uni-Mol Tools | Number of GPUs available: 4
2026-04-15 08:43:33 | unimol_tools/tasks/trainer.py | 98 | INFO | Uni-Mol Tools | Using single GPU.
2026-04-15 08:43:34 | unimol_tools/data/conformer.py | 167 | INFO | Uni-Mol Tools | Start generating conformers...
2026-04-15 08:43:34 | unimol_tools/data/conformer.py | 182 | INFO | Uni-Mol Tools | Succeeded in generating conformers for 100.00% of molecules.
2026-04-15 08:43:34 | unimol_tools/data/conformer.py | 199 | INFO | Uni-Mol Tools | Succeeded in generating 3d conformers for 100.00% of molecules.
2026-04-15 08:43:34 | unimol_tools/tasks/trainer.py | 78 | INFO | Uni-Mol Tools | Number of GPUs available: 4
2026-04-15 08:43:34 | unimol_tools/tasks/trainer.py | 98 | INFO | Uni-Mol Tools | Using single GPU.
2026-04-15 08:43:34 | unimol_tools/data/conformer.py | 167 | INFO | Uni-Mol Tools | Start generating conformers...
2026-04-15 08:43:34 | unimol_tools/data/conformer.py | 182 | INFO | Uni-Mol Tools | Succeeded in generating conformers for 100.00% of molecules.
2026-04-15 08:43:34 | unimol_tools/data/conformer.py | 199 | INFO | Uni-Mol Tools | Succeeded in generating 3d conformers for 100.00% of molecules.
2026-04-15 08:43:34 | unimol_tools/tasks/trainer.py | 78 | INFO | Uni-Mol Tools | Number of GPUs available: 4
2026-04-15 08:43:34 | unimol_tools/tasks/trainer.py | 98 | INFO | Uni-Mol Tools | Using single GPU.
2026-04-15 08:43:34 | unimol_tools/data/conformer.py | 167 | INFO | Uni-Mol Tools | Start generating conformers...
2026-04-15 08:43:35 | unimol_tools/data/conformer.py | 182 | INFO | Uni-Mol Tools | Succeeded in generating conformers for 100.00% of molecules.
2026-04-15 08:43:35 | unimol_tools/data/conformer.py | 199 | INFO | Uni-Mol Tools | Succeeded in generating 3d conformers for 100.00% of molecules.
2026-04-15 08:43:35 | unimol_tools/tasks/trainer.py | 78 | INFO | Uni-Mol Tools | Number of GPUs available: 4
2026-04-15 08:43:35 | unimol_tools/tasks/trainer.py | 98 | INFO | Uni-Mol Tools | Using single GPU.
2026-04-15 08:43:35 | unimol_tools/data/conformer.py | 167 | INFO | Uni-Mol Tools | Start generating conformers...
2026-04-15 08:43:35 | unimol_tools/data/conformer.py | 182 | INFO | Uni-Mol Tools | Succeeded in generating conformers for 100.00% of molecules.
2026-04-15 08:43:35 | unimol_tools/data/conformer.py | 199 | INFO | Uni-Mol Tools | Succeeded in generating 3d conformers for 100.00% of molecules.
2026-04-15 08:43:35 | unimol_tools/tasks/trainer.py | 78 | INFO | Uni-Mol Tools | Number of GPUs available: 4
2026-04-15 08:43:35 | unimol_tools/tasks/trainer.py | 98 | INFO | Uni-Mol Tools | Using single GPU.
2026-04-15 08:43:35 | unimol_tools/data/conformer.py | 167 | INFO | Uni-Mol Tools | Start generating conformers...
2026-04-15 08:43:36 | unimol_tools/data/conformer.py | 182 | INFO | Uni-Mol Tools | Succeeded in generating conformers for 100.00% of molecules.
2026-04-15 08:43:36 | unimol_tools/data/conformer.py | 199 | INFO | Uni-Mol Tools | Succeeded in generating 3d conformers for 100.00% of molecules.
2026-04-15 08:43:36 | unimol_tools/tasks/trainer.py | 78 | INFO | Uni-Mol Tools | Number of GPUs available: 4
2026-04-15 08:43:36 | unimol_tools/tasks/trainer.py | 98 | INFO | Uni-Mol Tools | Using single GPU.
2026-04-15 08:43:36 | unimol_tools/data/conformer.py | 167 | INFO | Uni-Mol Tools | Start generating conformers...
2026-04-15 08:43:36 | unimol_tools/data/conformer.py | 182 | INFO | Uni-Mol Tools | Succeeded in generating conformers for 100.00% of molecules.
2026-04-15 08:43:36 | unimol_tools/data/conformer.py | 199 | INFO | Uni-Mol Tools | Succeeded in generating 3d conformers for 100.00% of molecules.
2026-04-15 08:43:36 | unimol_tools/tasks/trainer.py | 78 | INFO | Uni-Mol Tools | Number of GPUs available: 4
2026-04-15 08:43:36 | unimol_tools/tasks/trainer.py | 98 | INFO | Uni-Mol Tools | Using single GPU.
2026-04-15 08:43:36 | unimol_tools/data/conformer.py | 167 | INFO | Uni-Mol Tools | Start generating conformers...
2026-04-15 08:43:37 | unimol_tools/data/conformer.py | 182 | INFO | Uni-Mol Tools | Succeeded in generating conformers for 100.00% of molecules.
2026-04-15 08:43:37 | unimol_tools/data/conformer.py | 199 | INFO | Uni-Mol Tools | Succeeded in generating 3d conformers for 100.00% of molecules.
2026-04-15 08:43:37 | unimol_tools/tasks/trainer.py | 78 | INFO | Uni-Mol Tools | Number of GPUs available: 4
2026-04-15 08:43:37 | unimol_tools/tasks/trainer.py | 98 | INFO | Uni-Mol Tools | Using single GPU.
2026-04-15 08:43:37 | unimol_tools/data/conformer.py | 167 | INFO | Uni-Mol Tools | Start generating conformers...
2026-04-15 08:43:37 | unimol_tools/data/conformer.py | 182 | INFO | Uni-Mol Tools | Succeeded in generating conformers for 100.00% of molecules.
2026-04-15 08:43:37 | unimol_tools/data/conformer.py | 199 | INFO | Uni-Mol Tools | Succeeded in generating 3d conformers for 100.00% of molecules.
2026-04-15 08:43:37 | unimol_tools/tasks/trainer.py | 78 | INFO | Uni-Mol Tools | Number of GPUs available: 4
2026-04-15 08:43:37 | unimol_tools/tasks/trainer.py | 98 | INFO | Uni-Mol Tools | Using single GPU.
2026-04-15 08:43:37 | unimol_tools/data/conformer.py | 167 | INFO | Uni-Mol Tools | Start generating conformers...
2026-04-15 08:43:38 | unimol_tools/data/conformer.py | 182 | INFO | Uni-Mol Tools | Succeeded in generating conformers for 100.00% of molecules.
2026-04-15 08:43:38 | unimol_tools/data/conformer.py | 199 | INFO | Uni-Mol Tools | Succeeded in generating 3d conformers for 100.00% of molecules.
2026-04-15 08:43:38 | unimol_tools/tasks/trainer.py | 78 | INFO | Uni-Mol Tools | Number of GPUs available: 4
2026-04-15 08:43:38 | unimol_tools/tasks/trainer.py | 98 | INFO | Uni-Mol Tools | Using single GPU.
2026-04-15 08:43:38 | unimol_tools/data/conformer.py | 167 | INFO | Uni-Mol Tools | Start generating conformers...
2026-04-15 08:43:38 | unimol_tools/data/conformer.py | 182 | INFO | Uni-Mol Tools | Succeeded in generating conformers for 100.00% of molecules.
2026-04-15 08:43:38 | unimol_tools/data/conformer.py | 199 | INFO | Uni-Mol Tools | Succeeded in generating 3d conformers for 100.00% of molecules.
2026-04-15 08:43:38 | unimol_tools/tasks/trainer.py | 78 | INFO | Uni-Mol Tools | Number of GPUs available: 4
2026-04-15 08:43:38 | unimol_tools/tasks/trainer.py | 98 | INFO | Uni-Mol Tools | Using single GPU.
2026-04-15 08:43:38 | unimol_tools/data/conformer.py | 167 | INFO | Uni-Mol Tools | Start generating conformers...
2026-04-15 08:43:39 | unimol_tools/data/conformer.py | 182 | INFO | Uni-Mol Tools | Succeeded in generating conformers for 100.00% of molecules.
2026-04-15 08:43:39 | unimol_tools/data/conformer.py | 199 | INFO | Uni-Mol Tools | Succeeded in generating 3d conformers for 100.00% of molecules.
2026-04-15 08:43:39 | unimol_tools/tasks/trainer.py | 78 | INFO | Uni-Mol Tools | Number of GPUs available: 4
2026-04-15 08:43:39 | unimol_tools/tasks/trainer.py | 98 | INFO | Uni-Mol Tools | Using single GPU.
2026-04-15 08:43:39 | unimol_tools/data/conformer.py | 167 | INFO | Uni-Mol Tools | Start generating conformers...
2026-04-15 08:43:39 | unimol_tools/data/conformer.py | 182 | INFO | Uni-Mol Tools | Succeeded in generating conformers for 100.00% of molecules.
2026-04-15 08:43:39 | unimol_tools/data/conformer.py | 199 | INFO | Uni-Mol Tools | Succeeded in generating 3d conformers for 100.00% of molecules.
2026-04-15 08:43:39 | unimol_tools/tasks/trainer.py | 78 | INFO | Uni-Mol Tools | Number of GPUs available: 4
2026-04-15 08:43:39 | unimol_tools/tasks/trainer.py | 98 | INFO | Uni-Mol Tools | Using single GPU.
2026-04-15 08:43:39 | unimol_tools/data/conformer.py | 167 | INFO | Uni-Mol Tools | Start generating conformers...
2026-04-15 08:43:40 | unimol_tools/data/conformer.py | 182 | INFO | Uni-Mol Tools | Succeeded in generating conformers for 100.00% of molecules.
2026-04-15 08:43:40 | unimol_tools/data/conformer.py | 199 | INFO | Uni-Mol Tools | Succeeded in generating 3d conformers for 100.00% of molecules.
2026-04-15 08:43:40 | unimol_tools/tasks/trainer.py | 78 | INFO | Uni-Mol Tools | Number of GPUs available: 4
2026-04-15 08:43:40 | unimol_tools/tasks/trainer.py | 98 | INFO | Uni-Mol Tools | Using single GPU.
2026-04-15 08:43:40 | unimol_tools/data/conformer.py | 167 | INFO | Uni-Mol Tools | Start generating conformers...
2026-04-15 08:43:40 | unimol_tools/data/conformer.py | 182 | INFO | Uni-Mol Tools | Succeeded in generating conformers for 100.00% of molecules.
2026-04-15 08:43:40 | unimol_tools/data/conformer.py | 199 | INFO | Uni-Mol Tools | Succeeded in generating 3d conformers for 100.00% of molecules.
2026-04-15 08:43:40 | unimol_tools/tasks/trainer.py | 78 | INFO | Uni-Mol Tools | Number of GPUs available: 4
2026-04-15 08:43:40 | unimol_tools/tasks/trainer.py | 98 | INFO | Uni-Mol Tools | Using single GPU.
2026-04-15 08:43:40 | unimol_tools/data/conformer.py | 167 | INFO | Uni-Mol Tools | Start generating conformers...
2026-04-15 08:43:40 | unimol_tools/data/conformer.py | 182 | INFO | Uni-Mol Tools | Succeeded in generating conformers for 100.00% of molecules.
2026-04-15 08:43:40 | unimol_tools/data/conformer.py | 199 | INFO | Uni-Mol Tools | Succeeded in generating 3d conformers for 100.00% of molecules.
2026-04-15 08:43:40 | unimol_tools/tasks/trainer.py | 78 | INFO | Uni-Mol Tools | Number of GPUs available: 4
2026-04-15 08:43:40 | unimol_tools/tasks/trainer.py | 98 | INFO | Uni-Mol Tools | Using single GPU.
2026-04-15 08:43:40 | unimol_tools/data/conformer.py | 167 | INFO | Uni-Mol Tools | Start generating conformers...
2026-04-15 08:43:41 | unimol_tools/data/conformer.py | 182 | INFO | Uni-Mol Tools | Succeeded in generating conformers for 100.00% of molecules.
2026-04-15 08:43:41 | unimol_tools/data/conformer.py | 199 | INFO | Uni-Mol Tools | Succeeded in generating 3d conformers for 100.00% of molecules.
2026-04-15 08:43:41 | unimol_tools/tasks/trainer.py | 78 | INFO | Uni-Mol Tools | Number of GPUs available: 4
2026-04-15 08:43:41 | unimol_tools/tasks/trainer.py | 98 | INFO | Uni-Mol Tools | Using single GPU.
2026-04-15 08:43:41 | unimol_tools/data/conformer.py | 167 | INFO | Uni-Mol Tools | Start generating conformers...
2026-04-15 08:43:41 | unimol_tools/data/conformer.py | 182 | INFO | Uni-Mol Tools | Succeeded in generating conformers for 100.00% of molecules.
2026-04-15 08:43:41 | unimol_tools/data/conformer.py | 199 | INFO | Uni-Mol Tools | Succeeded in generating 3d conformers for 100.00% of molecules.
2026-04-15 08:43:41 | unimol_tools/tasks/trainer.py | 78 | INFO | Uni-Mol Tools | Number of GPUs available: 4
2026-04-15 08:43:41 | unimol_tools/tasks/trainer.py | 98 | INFO | Uni-Mol Tools | Using single GPU.
2026-04-15 08:43:41 | unimol_tools/data/conformer.py | 167 | INFO | Uni-Mol Tools | Start generating conformers...
2026-04-15 08:43:42 | unimol_tools/data/conformer.py | 182 | INFO | Uni-Mol Tools | Succeeded in generating conformers for 100.00% of molecules.
2026-04-15 08:43:42 | unimol_tools/data/conformer.py | 199 | INFO | Uni-Mol Tools | Succeeded in generating 3d conformers for 100.00% of molecules.
2026-04-15 08:43:42 | unimol_tools/tasks/trainer.py | 78 | INFO | Uni-Mol Tools | Number of GPUs available: 4
2026-04-15 08:43:42 | unimol_tools/tasks/trainer.py | 98 | INFO | Uni-Mol Tools | Using single GPU.
2026-04-15 08:43:42 | unimol_tools/data/conformer.py | 167 | INFO | Uni-Mol Tools | Start generating conformers...
2026-04-15 08:43:42 | unimol_tools/data/conformer.py | 182 | INFO | Uni-Mol Tools | Succeeded in generating conformers for 100.00% of molecules.
2026-04-15 08:43:42 | unimol_tools/data/conformer.py | 199 | INFO | Uni-Mol Tools | Succeeded in generating 3d conformers for 100.00% of molecules.
2026-04-15 08:43:42 | unimol_tools/tasks/trainer.py | 78 | INFO | Uni-Mol Tools | Number of GPUs available: 4
2026-04-15 08:43:42 | unimol_tools/tasks/trainer.py | 98 | INFO | Uni-Mol Tools | Using single GPU.
2026-04-15 08:43:42 | unimol_tools/data/conformer.py | 167 | INFO | Uni-Mol Tools | Start generating conformers...
2026-04-15 08:43:43 | unimol_tools/data/conformer.py | 182 | INFO | Uni-Mol Tools | Succeeded in generating conformers for 100.00% of molecules.
2026-04-15 08:43:43 | unimol_tools/data/conformer.py | 199 | INFO | Uni-Mol Tools | Succeeded in generating 3d conformers for 100.00% of molecules.
2026-04-15 08:43:43 | unimol_tools/tasks/trainer.py | 78 | INFO | Uni-Mol Tools | Number of GPUs available: 4
2026-04-15 08:43:43 | unimol_tools/tasks/trainer.py | 98 | INFO | Uni-Mol Tools | Using single GPU.
2026-04-15 08:43:43 | unimol_tools/data/conformer.py | 167 | INFO | Uni-Mol Tools | Start generating conformers...
2026-04-15 08:43:43 | unimol_tools/data/conformer.py | 182 | INFO | Uni-Mol Tools | Succeeded in generating conformers for 100.00% of molecules.
2026-04-15 08:43:43 | unimol_tools/data/conformer.py | 199 | INFO | Uni-Mol Tools | Succeeded in generating 3d conformers for 100.00% of molecules.
2026-04-15 08:43:43 | unimol_tools/tasks/trainer.py | 78 | INFO | Uni-Mol Tools | Number of GPUs available: 4
2026-04-15 08:43:43 | unimol_tools/tasks/trainer.py | 98 | INFO | Uni-Mol Tools | Using single GPU.
2026-04-15 08:43:43 | unimol_tools/data/conformer.py | 167 | INFO | Uni-Mol Tools | Start generating conformers...
2026-04-15 08:43:44 | unimol_tools/data/conformer.py | 182 | INFO | Uni-Mol Tools | Succeeded in generating conformers for 100.00% of molecules.
2026-04-15 08:43:44 | unimol_tools/data/conformer.py | 199 | INFO | Uni-Mol Tools | Succeeded in generating 3d conformers for 100.00% of molecules.
2026-04-15 08:43:44 | unimol_tools/tasks/trainer.py | 78 | INFO | Uni-Mol Tools | Number of GPUs available: 4
2026-04-15 08:43:44 | unimol_tools/tasks/trainer.py | 98 | INFO | Uni-Mol Tools | Using single GPU.
2026-04-15 08:43:44 | unimol_tools/data/conformer.py | 167 | INFO | Uni-Mol Tools | Start generating conformers...
2026-04-15 08:43:44 | unimol_tools/data/conformer.py | 182 | INFO | Uni-Mol Tools | Succeeded in generating conformers for 100.00% of molecules.
2026-04-15 08:43:44 | unimol_tools/data/conformer.py | 199 | INFO | Uni-Mol Tools | Succeeded in generating 3d conformers for 100.00% of molecules.
2026-04-15 08:43:44 | unimol_tools/tasks/trainer.py | 78 | INFO | Uni-Mol Tools | Number of GPUs available: 4
2026-04-15 08:43:44 | unimol_tools/tasks/trainer.py | 98 | INFO | Uni-Mol Tools | Using single GPU.
2026-04-15 08:43:44 | unimol_tools/data/conformer.py | 167 | INFO | Uni-Mol Tools | Start generating conformers...
2026-04-15 08:43:45 | unimol_tools/data/conformer.py | 182 | INFO | Uni-Mol Tools | Succeeded in generating conformers for 100.00% of molecules.
2026-04-15 08:43:45 | unimol_tools/data/conformer.py | 199 | INFO | Uni-Mol Tools | Succeeded in generating 3d conformers for 100.00% of molecules.
2026-04-15 08:43:45 | unimol_tools/tasks/trainer.py | 78 | INFO | Uni-Mol Tools | Number of GPUs available: 4
2026-04-15 08:43:45 | unimol_tools/tasks/trainer.py | 98 | INFO | Uni-Mol Tools | Using single GPU.
2026-04-15 08:43:45 | unimol_tools/data/conformer.py | 167 | INFO | Uni-Mol Tools | Start generating conformers...
2026-04-15 08:43:45 | unimol_tools/data/conformer.py | 182 | INFO | Uni-Mol Tools | Succeeded in generating conformers for 100.00% of molecules.
2026-04-15 08:43:45 | unimol_tools/data/conformer.py | 199 | INFO | Uni-Mol Tools | Succeeded in generating 3d conformers for 100.00% of molecules.
2026-04-15 08:43:45 | unimol_tools/tasks/trainer.py | 78 | INFO | Uni-Mol Tools | Number of GPUs available: 4
2026-04-15 08:43:45 | unimol_tools/tasks/trainer.py | 98 | INFO | Uni-Mol Tools | Using single GPU.
2026-04-15 08:43:45 | unimol_tools/data/conformer.py | 167 | INFO | Uni-Mol Tools | Start generating conformers...
2026-04-15 08:43:46 | unimol_tools/data/conformer.py | 182 | INFO | Uni-Mol Tools | Succeeded in generating conformers for 100.00% of molecules.
2026-04-15 08:43:46 | unimol_tools/data/conformer.py | 199 | INFO | Uni-Mol Tools | Succeeded in generating 3d conformers for 100.00% of molecules.
2026-04-15 08:43:46 | unimol_tools/tasks/trainer.py | 78 | INFO | Uni-Mol Tools | Number of GPUs available: 4
2026-04-15 08:43:46 | unimol_tools/tasks/trainer.py | 98 | INFO | Uni-Mol Tools | Using single GPU.
2026-04-15 08:43:46 | unimol_tools/data/conformer.py | 167 | INFO | Uni-Mol Tools | Start generating conformers...
2026-04-15 08:43:46 | unimol_tools/data/conformer.py | 182 | INFO | Uni-Mol Tools | Succeeded in generating conformers for 100.00% of molecules.
2026-04-15 08:43:46 | unimol_tools/data/conformer.py | 199 | INFO | Uni-Mol Tools | Succeeded in generating 3d conformers for 100.00% of molecules.
2026-04-15 08:43:46 | unimol_tools/tasks/trainer.py | 78 | INFO | Uni-Mol Tools | Number of GPUs available: 4
2026-04-15 08:43:46 | unimol_tools/tasks/trainer.py | 98 | INFO | Uni-Mol Tools | Using single GPU.
2026-04-15 08:43:46 | unimol_tools/data/conformer.py | 167 | INFO | Uni-Mol Tools | Start generating conformers...
2026-04-15 08:43:47 | unimol_tools/data/conformer.py | 182 | INFO | Uni-Mol Tools | Succeeded in generating conformers for 100.00% of molecules.
2026-04-15 08:43:47 | unimol_tools/data/conformer.py | 199 | INFO | Uni-Mol Tools | Succeeded in generating 3d conformers for 100.00% of molecules.
2026-04-15 08:43:47 | unimol_tools/tasks/trainer.py | 78 | INFO | Uni-Mol Tools | Number of GPUs available: 4
2026-04-15 08:43:47 | unimol_tools/tasks/trainer.py | 98 | INFO | Uni-Mol Tools | Using single GPU.
2026-04-15 08:43:47 | unimol_tools/data/conformer.py | 167 | INFO | Uni-Mol Tools | Start generating conformers...
2026-04-15 08:43:47 | unimol_tools/data/conformer.py | 182 | INFO | Uni-Mol Tools | Succeeded in generating conformers for 100.00% of molecules.
2026-04-15 08:43:47 | unimol_tools/data/conformer.py | 199 | INFO | Uni-Mol Tools | Succeeded in generating 3d conformers for 100.00% of molecules.
2026-04-15 08:43:47 | unimol_tools/tasks/trainer.py | 78 | INFO | Uni-Mol Tools | Number of GPUs available: 4
2026-04-15 08:43:47 | unimol_tools/tasks/trainer.py | 98 | INFO | Uni-Mol Tools | Using single GPU.
2026-04-15 08:43:47 | unimol_tools/data/conformer.py | 167 | INFO | Uni-Mol Tools | Start generating conformers...
2026-04-15 08:43:47 | unimol_tools/data/conformer.py | 182 | INFO | Uni-Mol Tools | Succeeded in generating conformers for 100.00% of molecules.
2026-04-15 08:43:47 | unimol_tools/data/conformer.py | 199 | INFO | Uni-Mol Tools | Succeeded in generating 3d conformers for 100.00% of molecules.
2026-04-15 08:43:48 | unimol_tools/tasks/trainer.py | 78 | INFO | Uni-Mol Tools | Number of GPUs available: 4
2026-04-15 08:43:48 | unimol_tools/tasks/trainer.py | 98 | INFO | Uni-Mol Tools | Using single GPU.
2026-04-15 08:43:48 | unimol_tools/data/conformer.py | 167 | INFO | Uni-Mol Tools | Start generating conformers...
2026-04-15 08:43:48 | unimol_tools/data/conformer.py | 182 | INFO | Uni-Mol Tools | Succeeded in generating conformers for 100.00% of molecules.
2026-04-15 08:43:48 | unimol_tools/data/conformer.py | 199 | INFO | Uni-Mol Tools | Succeeded in generating 3d conformers for 100.00% of molecules.
2026-04-15 08:43:48 | unimol_tools/tasks/trainer.py | 78 | INFO | Uni-Mol Tools | Number of GPUs available: 4
2026-04-15 08:43:48 | unimol_tools/tasks/trainer.py | 98 | INFO | Uni-Mol Tools | Using single GPU.
2026-04-15 08:43:48 | unimol_tools/data/conformer.py | 167 | INFO | Uni-Mol Tools | Start generating conformers...
2026-04-15 08:43:48 | unimol_tools/data/conformer.py | 182 | INFO | Uni-Mol Tools | Succeeded in generating conformers for 100.00% of molecules.
2026-04-15 08:43:48 | unimol_tools/data/conformer.py | 199 | INFO | Uni-Mol Tools | Succeeded in generating 3d conformers for 100.00% of molecules.
2026-04-15 08:43:48 | unimol_tools/tasks/trainer.py | 78 | INFO | Uni-Mol Tools | Number of GPUs available: 4
2026-04-15 08:43:48 | unimol_tools/tasks/trainer.py | 98 | INFO | Uni-Mol Tools | Using single GPU.
2026-04-15 08:43:48 | unimol_tools/data/conformer.py | 167 | INFO | Uni-Mol Tools | Start generating conformers...
2026-04-15 08:43:49 | unimol_tools/data/conformer.py | 182 | INFO | Uni-Mol Tools | Succeeded in generating conformers for 100.00% of molecules.
2026-04-15 08:43:49 | unimol_tools/data/conformer.py | 199 | INFO | Uni-Mol Tools | Succeeded in generating 3d conformers for 100.00% of molecules.
2026-04-15 08:43:49 | unimol_tools/tasks/trainer.py | 78 | INFO | Uni-Mol Tools | Number of GPUs available: 4
2026-04-15 08:43:49 | unimol_tools/tasks/trainer.py | 98 | INFO | Uni-Mol Tools | Using single GPU.
2026-04-15 08:43:49 | unimol_tools/data/conformer.py | 167 | INFO | Uni-Mol Tools | Start generating conformers...
2026-04-15 08:43:49 | unimol_tools/data/conformer.py | 182 | INFO | Uni-Mol Tools | Succeeded in generating conformers for 100.00% of molecules.
2026-04-15 08:43:49 | unimol_tools/data/conformer.py | 199 | INFO | Uni-Mol Tools | Succeeded in generating 3d conformers for 100.00% of molecules.
2026-04-15 08:43:49 | unimol_tools/tasks/trainer.py | 78 | INFO | Uni-Mol Tools | Number of GPUs available: 4
2026-04-15 08:43:49 | unimol_tools/tasks/trainer.py | 98 | INFO | Uni-Mol Tools | Using single GPU.
2026-04-15 08:43:49 | unimol_tools/data/conformer.py | 167 | INFO | Uni-Mol Tools | Start generating conformers...
2026-04-15 08:43:50 | unimol_tools/data/conformer.py | 182 | INFO | Uni-Mol Tools | Succeeded in generating conformers for 100.00% of molecules.
2026-04-15 08:43:50 | unimol_tools/data/conformer.py | 199 | INFO | Uni-Mol Tools | Succeeded in generating 3d conformers for 100.00% of molecules.
2026-04-15 08:43:50 | unimol_tools/tasks/trainer.py | 78 | INFO | Uni-Mol Tools | Number of GPUs available: 4
2026-04-15 08:43:50 | unimol_tools/tasks/trainer.py | 98 | INFO | Uni-Mol Tools | Using single GPU.
2026-04-15 08:43:50 | unimol_tools/data/conformer.py | 167 | INFO | Uni-Mol Tools | Start generating conformers...
2026-04-15 08:43:50 | unimol_tools/data/conformer.py | 182 | INFO | Uni-Mol Tools | Succeeded in generating conformers for 100.00% of molecules.
2026-04-15 08:43:50 | unimol_tools/data/conformer.py | 199 | INFO | Uni-Mol Tools | Succeeded in generating 3d conformers for 100.00% of molecules.
2026-04-15 08:43:50 | unimol_tools/tasks/trainer.py | 78 | INFO | Uni-Mol Tools | Number of GPUs available: 4
2026-04-15 08:43:50 | unimol_tools/tasks/trainer.py | 98 | INFO | Uni-Mol Tools | Using single GPU.
2026-04-15 08:43:50 | unimol_tools/data/conformer.py | 167 | INFO | Uni-Mol Tools | Start generating conformers...
2026-04-15 08:43:51 | unimol_tools/data/conformer.py | 182 | INFO | Uni-Mol Tools | Succeeded in generating conformers for 100.00% of molecules.
2026-04-15 08:43:51 | unimol_tools/data/conformer.py | 199 | INFO | Uni-Mol Tools | Succeeded in generating 3d conformers for 100.00% of molecules.
2026-04-15 08:43:51 | unimol_tools/tasks/trainer.py | 78 | INFO | Uni-Mol Tools | Number of GPUs available: 4
2026-04-15 08:43:51 | unimol_tools/tasks/trainer.py | 98 | INFO | Uni-Mol Tools | Using single GPU.
2026-04-15 08:43:51 | unimol_tools/data/conformer.py | 167 | INFO | Uni-Mol Tools | Start generating conformers...
2026-04-15 08:43:51 | unimol_tools/data/conformer.py | 182 | INFO | Uni-Mol Tools | Succeeded in generating conformers for 100.00% of molecules.
2026-04-15 08:43:51 | unimol_tools/data/conformer.py | 199 | INFO | Uni-Mol Tools | Succeeded in generating 3d conformers for 100.00% of molecules.
2026-04-15 08:43:51 | unimol_tools/tasks/trainer.py | 78 | INFO | Uni-Mol Tools | Number of GPUs available: 4
2026-04-15 08:43:51 | unimol_tools/tasks/trainer.py | 98 | INFO | Uni-Mol Tools | Using single GPU.
2026-04-15 08:43:51 | unimol_tools/data/conformer.py | 167 | INFO | Uni-Mol Tools | Start generating conformers...
2026-04-15 08:43:51 | unimol_tools/data/conformer.py | 182 | INFO | Uni-Mol Tools | Succeeded in generating conformers for 100.00% of molecules.
2026-04-15 08:43:51 | unimol_tools/data/conformer.py | 199 | INFO | Uni-Mol Tools | Succeeded in generating 3d conformers for 100.00% of molecules.
2026-04-15 08:43:51 | unimol_tools/tasks/trainer.py | 78 | INFO | Uni-Mol Tools | Number of GPUs available: 4
2026-04-15 08:43:51 | unimol_tools/tasks/trainer.py | 98 | INFO | Uni-Mol Tools | Using single GPU.
2026-04-15 08:43:52 | unimol_tools/data/conformer.py | 167 | INFO | Uni-Mol Tools | Start generating conformers...
2026-04-15 08:43:52 | unimol_tools/data/conformer.py | 182 | INFO | Uni-Mol Tools | Succeeded in generating conformers for 100.00% of molecules.
2026-04-15 08:43:52 | unimol_tools/data/conformer.py | 199 | INFO | Uni-Mol Tools | Succeeded in generating 3d conformers for 100.00% of molecules.
2026-04-15 08:43:52 | unimol_tools/tasks/trainer.py | 78 | INFO | Uni-Mol Tools | Number of GPUs available: 4
2026-04-15 08:43:52 | unimol_tools/tasks/trainer.py | 98 | INFO | Uni-Mol Tools | Using single GPU.
2026-04-15 08:43:52 | unimol_tools/data/conformer.py | 167 | INFO | Uni-Mol Tools | Start generating conformers...
2026-04-15 08:43:52 | unimol_tools/data/conformer.py | 182 | INFO | Uni-Mol Tools | Succeeded in generating conformers for 100.00% of molecules.
2026-04-15 08:43:52 | unimol_tools/data/conformer.py | 199 | INFO | Uni-Mol Tools | Succeeded in generating 3d conformers for 100.00% of molecules.
2026-04-15 08:43:52 | unimol_tools/tasks/trainer.py | 78 | INFO | Uni-Mol Tools | Number of GPUs available: 4
2026-04-15 08:43:52 | unimol_tools/tasks/trainer.py | 98 | INFO | Uni-Mol Tools | Using single GPU.
2026-04-15 08:43:52 | unimol_tools/data/conformer.py | 167 | INFO | Uni-Mol Tools | Start generating conformers...
2026-04-15 08:43:53 | unimol_tools/data/conformer.py | 182 | INFO | Uni-Mol Tools | Succeeded in generating conformers for 100.00% of molecules.
2026-04-15 08:43:53 | unimol_tools/data/conformer.py | 199 | INFO | Uni-Mol Tools | Succeeded in generating 3d conformers for 100.00% of molecules.
2026-04-15 08:43:53 | unimol_tools/tasks/trainer.py | 78 | INFO | Uni-Mol Tools | Number of GPUs available: 4
2026-04-15 08:43:53 | unimol_tools/tasks/trainer.py | 98 | INFO | Uni-Mol Tools | Using single GPU.
2026-04-15 08:43:53 | unimol_tools/data/conformer.py | 167 | INFO | Uni-Mol Tools | Start generating conformers...
2026-04-15 08:43:53 | unimol_tools/data/conformer.py | 182 | INFO | Uni-Mol Tools | Succeeded in generating conformers for 100.00% of molecules.
2026-04-15 08:43:53 | unimol_tools/data/conformer.py | 199 | INFO | Uni-Mol Tools | Succeeded in generating 3d conformers for 100.00% of molecules.
2026-04-15 08:43:53 | unimol_tools/tasks/trainer.py | 78 | INFO | Uni-Mol Tools | Number of GPUs available: 4
2026-04-15 08:43:53 | unimol_tools/tasks/trainer.py | 98 | INFO | Uni-Mol Tools | Using single GPU.
2026-04-15 08:43:53 | unimol_tools/data/conformer.py | 167 | INFO | Uni-Mol Tools | Start generating conformers...
2026-04-15 08:43:54 | unimol_tools/data/conformer.py | 182 | INFO | Uni-Mol Tools | Succeeded in generating conformers for 100.00% of molecules.
2026-04-15 08:43:54 | unimol_tools/data/conformer.py | 199 | INFO | Uni-Mol Tools | Succeeded in generating 3d conformers for 100.00% of molecules.
2026-04-15 08:43:54 | unimol_tools/tasks/trainer.py | 78 | INFO | Uni-Mol Tools | Number of GPUs available: 4
2026-04-15 08:43:54 | unimol_tools/tasks/trainer.py | 98 | INFO | Uni-Mol Tools | Using single GPU.
2026-04-15 08:43:54 | unimol_tools/data/conformer.py | 167 | INFO | Uni-Mol Tools | Start generating conformers...
2026-04-15 08:43:54 | unimol_tools/data/conformer.py | 182 | INFO | Uni-Mol Tools | Succeeded in generating conformers for 100.00% of molecules.
2026-04-15 08:43:54 | unimol_tools/data/conformer.py | 199 | INFO | Uni-Mol Tools | Succeeded in generating 3d conformers for 100.00% of molecules.
2026-04-15 08:43:54 | unimol_tools/tasks/trainer.py | 78 | INFO | Uni-Mol Tools | Number of GPUs available: 4
2026-04-15 08:43:54 | unimol_tools/tasks/trainer.py | 98 | INFO | Uni-Mol Tools | Using single GPU.
2026-04-15 08:43:54 | unimol_tools/data/conformer.py | 167 | INFO | Uni-Mol Tools | Start generating conformers...
2026-04-15 08:43:55 | unimol_tools/data/conformer.py | 182 | INFO | Uni-Mol Tools | Succeeded in generating conformers for 100.00% of molecules.
2026-04-15 08:43:55 | unimol_tools/data/conformer.py | 199 | INFO | Uni-Mol Tools | Succeeded in generating 3d conformers for 100.00% of molecules.
2026-04-15 08:43:55 | unimol_tools/tasks/trainer.py | 78 | INFO | Uni-Mol Tools | Number of GPUs available: 4
2026-04-15 08:43:55 | unimol_tools/tasks/trainer.py | 98 | INFO | Uni-Mol Tools | Using single GPU.
2026-04-15 08:43:55 | unimol_tools/data/conformer.py | 167 | INFO | Uni-Mol Tools | Start generating conformers...
2026-04-15 08:43:56 | unimol_tools/data/conformer.py | 182 | INFO | Uni-Mol Tools | Succeeded in generating conformers for 100.00% of molecules.
2026-04-15 08:43:56 | unimol_tools/data/conformer.py | 199 | INFO | Uni-Mol Tools | Succeeded in generating 3d conformers for 100.00% of molecules.
2026-04-15 08:43:56 | unimol_tools/tasks/trainer.py | 78 | INFO | Uni-Mol Tools | Number of GPUs available: 4
2026-04-15 08:43:56 | unimol_tools/tasks/trainer.py | 98 | INFO | Uni-Mol Tools | Using single GPU.
2026-04-15 08:43:56 | unimol_tools/data/conformer.py | 167 | INFO | Uni-Mol Tools | Start generating conformers...
2026-04-15 08:43:56 | unimol_tools/data/conformer.py | 182 | INFO | Uni-Mol Tools | Succeeded in generating conformers for 100.00% of molecules.
2026-04-15 08:43:56 | unimol_tools/data/conformer.py | 199 | INFO | Uni-Mol Tools | Succeeded in generating 3d conformers for 100.00% of molecules.
2026-04-15 08:43:56 | unimol_tools/tasks/trainer.py | 78 | INFO | Uni-Mol Tools | Number of GPUs available: 4
2026-04-15 08:43:56 | unimol_tools/tasks/trainer.py | 98 | INFO | Uni-Mol Tools | Using single GPU.
2026-04-15 08:43:56 | unimol_tools/data/conformer.py | 167 | INFO | Uni-Mol Tools | Start generating conformers...
2026-04-15 08:43:57 | unimol_tools/data/conformer.py | 182 | INFO | Uni-Mol Tools | Succeeded in generating conformers for 100.00% of molecules.
2026-04-15 08:43:57 | unimol_tools/data/conformer.py | 199 | INFO | Uni-Mol Tools | Succeeded in generating 3d conformers for 100.00% of molecules.
2026-04-15 08:43:57 | unimol_tools/tasks/trainer.py | 78 | INFO | Uni-Mol Tools | Number of GPUs available: 4
2026-04-15 08:43:57 | unimol_tools/tasks/trainer.py | 98 | INFO | Uni-Mol Tools | Using single GPU.
2026-04-15 08:43:57 | unimol_tools/data/conformer.py | 167 | INFO | Uni-Mol Tools | Start generating conformers...
2026-04-15 08:43:57 | unimol_tools/data/conformer.py | 182 | INFO | Uni-Mol Tools | Succeeded in generating conformers for 100.00% of molecules.
2026-04-15 08:43:57 | unimol_tools/data/conformer.py | 199 | INFO | Uni-Mol Tools | Succeeded in generating 3d conformers for 100.00% of molecules.
2026-04-15 08:43:57 | unimol_tools/tasks/trainer.py | 78 | INFO | Uni-Mol Tools | Number of GPUs available: 4
2026-04-15 08:43:57 | unimol_tools/tasks/trainer.py | 98 | INFO | Uni-Mol Tools | Using single GPU.
2026-04-15 08:43:57 | unimol_tools/data/conformer.py | 167 | INFO | Uni-Mol Tools | Start generating conformers...
2026-04-15 08:43:57 | unimol_tools/data/conformer.py | 182 | INFO | Uni-Mol Tools | Succeeded in generating conformers for 100.00% of molecules.
2026-04-15 08:43:57 | unimol_tools/data/conformer.py | 199 | INFO | Uni-Mol Tools | Succeeded in generating 3d conformers for 100.00% of molecules.
2026-04-15 08:43:57 | unimol_tools/tasks/trainer.py | 78 | INFO | Uni-Mol Tools | Number of GPUs available: 4
2026-04-15 08:43:57 | unimol_tools/tasks/trainer.py | 98 | INFO | Uni-Mol Tools | Using single GPU.
2026-04-15 08:43:57 | unimol_tools/data/conformer.py | 167 | INFO | Uni-Mol Tools | Start generating conformers...
2026-04-15 08:43:58 | unimol_tools/data/conformer.py | 182 | INFO | Uni-Mol Tools | Succeeded in generating conformers for 100.00% of molecules.
2026-04-15 08:43:58 | unimol_tools/data/conformer.py | 199 | INFO | Uni-Mol Tools | Succeeded in generating 3d conformers for 100.00% of molecules.
2026-04-15 08:43:58 | unimol_tools/tasks/trainer.py | 78 | INFO | Uni-Mol Tools | Number of GPUs available: 4
2026-04-15 08:43:58 | unimol_tools/tasks/trainer.py | 98 | INFO | Uni-Mol Tools | Using single GPU.
2026-04-15 08:43:58 | unimol_tools/data/conformer.py | 167 | INFO | Uni-Mol Tools | Start generating conformers...
2026-04-15 08:43:58 | unimol_tools/data/conformer.py | 182 | INFO | Uni-Mol Tools | Succeeded in generating conformers for 100.00% of molecules.
2026-04-15 08:43:58 | unimol_tools/data/conformer.py | 199 | INFO | Uni-Mol Tools | Succeeded in generating 3d conformers for 100.00% of molecules.
2026-04-15 08:43:58 | unimol_tools/tasks/trainer.py | 78 | INFO | Uni-Mol Tools | Number of GPUs available: 4
2026-04-15 08:43:58 | unimol_tools/tasks/trainer.py | 98 | INFO | Uni-Mol Tools | Using single GPU.
