Using device: cuda
[DavisDatasetP13D] input pairs: 30056
[DavisDatasetP13D] kept pairs : 28696
[DavisDatasetP13D] missing counts: {'drug_1d': 0, 'drug_2d': 0, 'protein_1d': 0, 'protein_3d': 1360}
TOTAL SIZE: 28696
TRAIN SIZE: 22956
VAL SIZE: 5740
SPLIT JSON: data/splits/davis_fixed_split_size2.json
MODEL: drug_1d + protein_1d + protein_3d + stdclip(drug-protein) + pcl(protein1d-protein3d)

EPOCH 1/30
  STEP 100/1435 | TOTAL_LOSS=0.905686 | REG_LOSS=0.348715 | STDCLIP_LOSS=2.774472 | PCL_LOSS=2.795236 | MEAN_GATE=0.5068 | BATCH_RMSE=0.590521
  STEP 200/1435 | TOTAL_LOSS=1.712114 | REG_LOSS=1.155352 | STDCLIP_LOSS=2.761407 | PCL_LOSS=2.806211 | MEAN_GATE=0.5101 | BATCH_RMSE=1.074873
  STEP 300/1435 | TOTAL_LOSS=1.202427 | REG_LOSS=0.659456 | STDCLIP_LOSS=2.757533 | PCL_LOSS=2.672169 | MEAN_GATE=0.5227 | BATCH_RMSE=0.812069
  STEP 400/1435 | TOTAL_LOSS=1.639280 | REG_LOSS=1.158176 | STDCLIP_LOSS=2.758546 | PCL_LOSS=2.052489 | MEAN_GATE=0.5265 | BATCH_RMSE=1.076186
  STEP 500/1435 | TOTAL_LOSS=2.145935 | REG_LOSS=1.672524 | STDCLIP_LOSS=2.804443 | PCL_LOSS=1.929667 | MEAN_GATE=0.5357 | BATCH_RMSE=1.293261
  STEP 600/1435 | TOTAL_LOSS=0.905706 | REG_LOSS=0.404657 | STDCLIP_LOSS=2.766340 | PCL_LOSS=2.244149 | MEAN_GATE=0.5444 | BATCH_RMSE=0.636127
  STEP 700/1435 | TOTAL_LOSS=0.660395 | REG_LOSS=0.211103 | STDCLIP_LOSS=2.784441 | PCL_LOSS=1.708473 | MEAN_GATE=0.5352 | BATCH_RMSE=0.459460
  STEP 800/1435 | TOTAL_LOSS=1.373655 | REG_LOSS=0.960452 | STDCLIP_LOSS=2.782132 | PCL_LOSS=1.349898 | MEAN_GATE=0.5342 | BATCH_RMSE=0.980027
  STEP 900/1435 | TOTAL_LOSS=1.146242 | REG_LOSS=0.720546 | STDCLIP_LOSS=2.782297 | PCL_LOSS=1.474663 | MEAN_GATE=0.5488 | BATCH_RMSE=0.848850
  STEP 1000/1435 | TOTAL_LOSS=1.363967 | REG_LOSS=0.957500 | STDCLIP_LOSS=2.777319 | PCL_LOSS=1.287358 | MEAN_GATE=0.5475 | BATCH_RMSE=0.978519
  STEP 1100/1435 | TOTAL_LOSS=0.831008 | REG_LOSS=0.399171 | STDCLIP_LOSS=2.760896 | PCL_LOSS=1.557476 | MEAN_GATE=0.5343 | BATCH_RMSE=0.631800
  STEP 1200/1435 | TOTAL_LOSS=0.667749 | REG_LOSS=0.268442 | STDCLIP_LOSS=2.744740 | PCL_LOSS=1.248329 | MEAN_GATE=0.5428 | BATCH_RMSE=0.518114
  STEP 1300/1435 | TOTAL_LOSS=0.771289 | REG_LOSS=0.368369 | STDCLIP_LOSS=2.769349 | PCL_LOSS=1.259842 | MEAN_GATE=0.5440 | BATCH_RMSE=0.606934
  STEP 1400/1435 | TOTAL_LOSS=1.649011 | REG_LOSS=1.255348 | STDCLIP_LOSS=2.769078 | PCL_LOSS=1.167543 | MEAN_GATE=0.5462 | BATCH_RMSE=1.120423
[EPOCH 001/030] TRAIN: TOTAL=1.429501 | REG=0.959795 | STDCLIP=2.775328 | PCL=1.921730 | RMSE=0.979691 | MAE=0.652345 | CI=0.674416 | RM2=0.060592
[EPOCH 001/030] VAL  : TOTAL=0.976988 | REG=0.597163 | STDCLIP=2.772036 | PCL=1.026205 | RMSE=0.772763 | MAE=0.538682 | CI=0.762021 | RM2=0.246830
  SAVED NEW BEST MODEL | EPOCH=001 | BEST_VAL_RMSE=0.772763 | BEST_VAL_MAE=0.538682 | BEST_VAL_CI=0.762021 | BEST_VAL_RM2=0.246830

EPOCH 2/30
  STEP 100/1435 | TOTAL_LOSS=1.100191 | REG_LOSS=0.713618 | STDCLIP_LOSS=2.758793 | PCL_LOSS=1.106934 | MEAN_GATE=0.5287 | BATCH_RMSE=0.844759
  STEP 200/1435 | TOTAL_LOSS=0.617832 | REG_LOSS=0.223790 | STDCLIP_LOSS=2.764111 | PCL_LOSS=1.176307 | MEAN_GATE=0.5360 | BATCH_RMSE=0.473065
  STEP 300/1435 | TOTAL_LOSS=1.586907 | REG_LOSS=1.238389 | STDCLIP_LOSS=2.767452 | PCL_LOSS=0.717726 | MEAN_GATE=0.5357 | BATCH_RMSE=1.112829
  STEP 400/1435 | TOTAL_LOSS=1.239112 | REG_LOSS=0.868278 | STDCLIP_LOSS=2.779761 | PCL_LOSS=0.928579 | MEAN_GATE=0.5343 | BATCH_RMSE=0.931814
  STEP 500/1435 | TOTAL_LOSS=0.787981 | REG_LOSS=0.429644 | STDCLIP_LOSS=2.784453 | PCL_LOSS=0.798922 | MEAN_GATE=0.5422 | BATCH_RMSE=0.655472
  STEP 600/1435 | TOTAL_LOSS=1.262945 | REG_LOSS=0.885784 | STDCLIP_LOSS=2.769570 | PCL_LOSS=1.002041 | MEAN_GATE=0.5389 | BATCH_RMSE=0.941161
  STEP 700/1435 | TOTAL_LOSS=0.752155 | REG_LOSS=0.334924 | STDCLIP_LOSS=2.765883 | PCL_LOSS=1.406422 | MEAN_GATE=0.5265 | BATCH_RMSE=0.578726
  STEP 800/1435 | TOTAL_LOSS=0.505755 | REG_LOSS=0.167350 | STDCLIP_LOSS=2.768304 | PCL_LOSS=0.615740 | MEAN_GATE=0.5293 | BATCH_RMSE=0.409085
  STEP 900/1435 | TOTAL_LOSS=1.245222 | REG_LOSS=0.854439 | STDCLIP_LOSS=2.775565 | PCL_LOSS=1.132265 | MEAN_GATE=0.5373 | BATCH_RMSE=0.924358
  STEP 1000/1435 | TOTAL_LOSS=0.913857 | REG_LOSS=0.556610 | STDCLIP_LOSS=2.789169 | PCL_LOSS=0.783306 | MEAN_GATE=0.5401 | BATCH_RMSE=0.746063
  STEP 1100/1435 | TOTAL_LOSS=0.748032 | REG_LOSS=0.398009 | STDCLIP_LOSS=2.773903 | PCL_LOSS=0.726324 | MEAN_GATE=0.5502 | BATCH_RMSE=0.630880
  STEP 1200/1435 | TOTAL_LOSS=0.589507 | REG_LOSS=0.225249 | STDCLIP_LOSS=2.791245 | PCL_LOSS=0.851336 | MEAN_GATE=0.5323 | BATCH_RMSE=0.474604
  STEP 1300/1435 | TOTAL_LOSS=1.210758 | REG_LOSS=0.871759 | STDCLIP_LOSS=2.773159 | PCL_LOSS=0.616826 | MEAN_GATE=0.5576 | BATCH_RMSE=0.933680
  STEP 1400/1435 | TOTAL_LOSS=0.760586 | REG_LOSS=0.419181 | STDCLIP_LOSS=2.763083 | PCL_LOSS=0.650968 | MEAN_GATE=0.5472 | BATCH_RMSE=0.647442
[EPOCH 002/030] TRAIN: TOTAL=1.050639 | REG=0.679816 | STDCLIP=2.773153 | PCL=0.935083 | RMSE=0.824509 | MAE=0.571868 | CI=0.727318 | RM2=0.178822
[EPOCH 002/030] VAL  : TOTAL=0.917969 | REG=0.573226 | STDCLIP=2.772102 | PCL=0.675329 | RMSE=0.757117 | MAE=0.469186 | CI=0.781536 | RM2=0.281688
  SAVED NEW BEST MODEL | EPOCH=002 | BEST_VAL_RMSE=0.757117 | BEST_VAL_MAE=0.469186 | BEST_VAL_CI=0.781536 | BEST_VAL_RM2=0.281688

EPOCH 3/30
  STEP 100/1435 | TOTAL_LOSS=0.760585 | REG_LOSS=0.416622 | STDCLIP_LOSS=2.762768 | PCL_LOSS=0.676867 | MEAN_GATE=0.5332 | BATCH_RMSE=0.645462
  STEP 200/1435 | TOTAL_LOSS=0.707240 | REG_LOSS=0.384743 | STDCLIP_LOSS=2.780538 | PCL_LOSS=0.444436 | MEAN_GATE=0.5381 | BATCH_RMSE=0.620276
  STEP 300/1435 | TOTAL_LOSS=0.516090 | REG_LOSS=0.153262 | STDCLIP_LOSS=2.769168 | PCL_LOSS=0.859117 | MEAN_GATE=0.5468 | BATCH_RMSE=0.391486
  STEP 400/1435 | TOTAL_LOSS=0.581103 | REG_LOSS=0.235580 | STDCLIP_LOSS=2.781722 | PCL_LOSS=0.673513 | MEAN_GATE=0.5414 | BATCH_RMSE=0.485366
  STEP 500/1435 | TOTAL_LOSS=1.324926 | REG_LOSS=0.982675 | STDCLIP_LOSS=2.772327 | PCL_LOSS=0.650179 | MEAN_GATE=0.5403 | BATCH_RMSE=0.991300
  STEP 600/1435 | TOTAL_LOSS=0.648423 | REG_LOSS=0.316524 | STDCLIP_LOSS=2.774648 | PCL_LOSS=0.544335 | MEAN_GATE=0.5399 | BATCH_RMSE=0.562605
  STEP 700/1435 | TOTAL_LOSS=1.882842 | REG_LOSS=1.556417 | STDCLIP_LOSS=2.785797 | PCL_LOSS=0.478459 | MEAN_GATE=0.5444 | BATCH_RMSE=1.247564
  STEP 800/1435 | TOTAL_LOSS=0.752501 | REG_LOSS=0.432621 | STDCLIP_LOSS=2.768950 | PCL_LOSS=0.429849 | MEAN_GATE=0.5353 | BATCH_RMSE=0.657739
  STEP 900/1435 | TOTAL_LOSS=0.651891 | REG_LOSS=0.296122 | STDCLIP_LOSS=2.775585 | PCL_LOSS=0.782104 | MEAN_GATE=0.5327 | BATCH_RMSE=0.544171
  STEP 1000/1435 | TOTAL_LOSS=0.504402 | REG_LOSS=0.157780 | STDCLIP_LOSS=2.763906 | PCL_LOSS=0.702315 | MEAN_GATE=0.5282 | BATCH_RMSE=0.397215
  STEP 1100/1435 | TOTAL_LOSS=0.718120 | REG_LOSS=0.364076 | STDCLIP_LOSS=2.772200 | PCL_LOSS=0.768243 | MEAN_GATE=0.5172 | BATCH_RMSE=0.603387
  STEP 1200/1435 | TOTAL_LOSS=1.152245 | REG_LOSS=0.835314 | STDCLIP_LOSS=2.768258 | PCL_LOSS=0.401050 | MEAN_GATE=0.5308 | BATCH_RMSE=0.913955
  STEP 1300/1435 | TOTAL_LOSS=0.718833 | REG_LOSS=0.369830 | STDCLIP_LOSS=2.775466 | PCL_LOSS=0.714569 | MEAN_GATE=0.5306 | BATCH_RMSE=0.608136
  STEP 1400/1435 | TOTAL_LOSS=0.978463 | REG_LOSS=0.623146 | STDCLIP_LOSS=2.784428 | PCL_LOSS=0.768735 | MEAN_GATE=0.5256 | BATCH_RMSE=0.789396
[EPOCH 003/030] TRAIN: TOTAL=1.006688 | REG=0.659024 | STDCLIP=2.772980 | PCL=0.703666 | RMSE=0.811803 | MAE=0.561329 | CI=0.736757 | RM2=0.198232
[EPOCH 003/030] VAL  : TOTAL=0.897214 | REG=0.568883 | STDCLIP=2.772136 | PCL=0.511172 | RMSE=0.754243 | MAE=0.485985 | CI=0.781721 | RM2=0.284769
  SAVED NEW BEST MODEL | EPOCH=003 | BEST_VAL_RMSE=0.754243 | BEST_VAL_MAE=0.485985 | BEST_VAL_CI=0.781721 | BEST_VAL_RM2=0.284769

EPOCH 4/30
  STEP 100/1435 | TOTAL_LOSS=1.448750 | REG_LOSS=1.094869 | STDCLIP_LOSS=2.773241 | PCL_LOSS=0.765570 | MEAN_GATE=0.5602 | BATCH_RMSE=1.046360
  STEP 200/1435 | TOTAL_LOSS=0.694856 | REG_LOSS=0.358509 | STDCLIP_LOSS=2.776917 | PCL_LOSS=0.586545 | MEAN_GATE=0.5350 | BATCH_RMSE=0.598756
  STEP 300/1435 | TOTAL_LOSS=1.351079 | REG_LOSS=1.008402 | STDCLIP_LOSS=2.778815 | PCL_LOSS=0.647960 | MEAN_GATE=0.5290 | BATCH_RMSE=1.004192
  STEP 400/1435 | TOTAL_LOSS=0.890520 | REG_LOSS=0.521786 | STDCLIP_LOSS=2.762701 | PCL_LOSS=0.924632 | MEAN_GATE=0.5477 | BATCH_RMSE=0.722348
  STEP 500/1435 | TOTAL_LOSS=0.914986 | REG_LOSS=0.591667 | STDCLIP_LOSS=2.758672 | PCL_LOSS=0.474523 | MEAN_GATE=0.5403 | BATCH_RMSE=0.769199
  STEP 600/1435 | TOTAL_LOSS=1.260947 | REG_LOSS=0.892665 | STDCLIP_LOSS=2.786724 | PCL_LOSS=0.896087 | MEAN_GATE=0.5251 | BATCH_RMSE=0.944810
  STEP 700/1435 | TOTAL_LOSS=2.009830 | REG_LOSS=1.655916 | STDCLIP_LOSS=2.781260 | PCL_LOSS=0.757878 | MEAN_GATE=0.5146 | BATCH_RMSE=1.286824
  STEP 800/1435 | TOTAL_LOSS=2.782008 | REG_LOSS=2.469244 | STDCLIP_LOSS=2.768807 | PCL_LOSS=0.358831 | MEAN_GATE=0.5228 | BATCH_RMSE=1.571383
  STEP 900/1435 | TOTAL_LOSS=1.529748 | REG_LOSS=1.201776 | STDCLIP_LOSS=2.766991 | PCL_LOSS=0.512726 | MEAN_GATE=0.5307 | BATCH_RMSE=1.096255
  STEP 1000/1435 | TOTAL_LOSS=1.209812 | REG_LOSS=0.831876 | STDCLIP_LOSS=2.780414 | PCL_LOSS=0.998943 | MEAN_GATE=0.5556 | BATCH_RMSE=0.912072
  STEP 1100/1435 | TOTAL_LOSS=0.544216 | REG_LOSS=0.202965 | STDCLIP_LOSS=2.765931 | PCL_LOSS=0.646585 | MEAN_GATE=0.5174 | BATCH_RMSE=0.450516
  STEP 1200/1435 | TOTAL_LOSS=1.094346 | REG_LOSS=0.696919 | STDCLIP_LOSS=2.766161 | PCL_LOSS=1.208108 | MEAN_GATE=0.5099 | BATCH_RMSE=0.834817
  STEP 1300/1435 | TOTAL_LOSS=0.646806 | REG_LOSS=0.298741 | STDCLIP_LOSS=2.782499 | PCL_LOSS=0.698151 | MEAN_GATE=0.5288 | BATCH_RMSE=0.546572
  STEP 1400/1435 | TOTAL_LOSS=0.931308 | REG_LOSS=0.598066 | STDCLIP_LOSS=2.772990 | PCL_LOSS=0.559434 | MEAN_GATE=0.5254 | BATCH_RMSE=0.773347
[EPOCH 004/030] TRAIN: TOTAL=0.989060 | REG=0.653069 | STDCLIP=2.772912 | PCL=0.587007 | RMSE=0.808127 | MAE=0.558296 | CI=0.741943 | RM2=0.204028
[EPOCH 004/030] VAL  : TOTAL=0.876735 | REG=0.550844 | STDCLIP=2.772051 | PCL=0.486858 | RMSE=0.742189 | MAE=0.489685 | CI=0.783616 | RM2=0.295353
  SAVED NEW BEST MODEL | EPOCH=004 | BEST_VAL_RMSE=0.742189 | BEST_VAL_MAE=0.489685 | BEST_VAL_CI=0.783616 | BEST_VAL_RM2=0.295353

EPOCH 5/30
  STEP 100/1435 | TOTAL_LOSS=0.860613 | REG_LOSS=0.523251 | STDCLIP_LOSS=2.769845 | PCL_LOSS=0.603773 | MEAN_GATE=0.5147 | BATCH_RMSE=0.723361
  STEP 200/1435 | TOTAL_LOSS=0.598843 | REG_LOSS=0.262917 | STDCLIP_LOSS=2.755999 | PCL_LOSS=0.603253 | MEAN_GATE=0.5535 | BATCH_RMSE=0.512755
  STEP 300/1435 | TOTAL_LOSS=0.765883 | REG_LOSS=0.453490 | STDCLIP_LOSS=2.768721 | PCL_LOSS=0.355206 | MEAN_GATE=0.5400 | BATCH_RMSE=0.673417
  STEP 400/1435 | TOTAL_LOSS=0.503780 | REG_LOSS=0.159995 | STDCLIP_LOSS=2.764373 | PCL_LOSS=0.673470 | MEAN_GATE=0.5311 | BATCH_RMSE=0.399994
  STEP 500/1435 | TOTAL_LOSS=0.511783 | REG_LOSS=0.185519 | STDCLIP_LOSS=2.764587 | PCL_LOSS=0.498054 | MEAN_GATE=0.5252 | BATCH_RMSE=0.430719
  STEP 600/1435 | TOTAL_LOSS=2.062881 | REG_LOSS=1.759564 | STDCLIP_LOSS=2.768874 | PCL_LOSS=0.264294 | MEAN_GATE=0.5178 | BATCH_RMSE=1.326486
  STEP 700/1435 | TOTAL_LOSS=0.681916 | REG_LOSS=0.345180 | STDCLIP_LOSS=2.765280 | PCL_LOSS=0.602080 | MEAN_GATE=0.5173 | BATCH_RMSE=0.587520
  STEP 800/1435 | TOTAL_LOSS=0.786787 | REG_LOSS=0.441810 | STDCLIP_LOSS=2.783945 | PCL_LOSS=0.665821 | MEAN_GATE=0.5285 | BATCH_RMSE=0.664688
  STEP 900/1435 | TOTAL_LOSS=0.854855 | REG_LOSS=0.478827 | STDCLIP_LOSS=2.769984 | PCL_LOSS=0.990296 | MEAN_GATE=0.5296 | BATCH_RMSE=0.691973
  STEP 1000/1435 | TOTAL_LOSS=0.754550 | REG_LOSS=0.448039 | STDCLIP_LOSS=2.776805 | PCL_LOSS=0.288303 | MEAN_GATE=0.5128 | BATCH_RMSE=0.669357
  STEP 1100/1435 | TOTAL_LOSS=1.385010 | REG_LOSS=1.056700 | STDCLIP_LOSS=2.775997 | PCL_LOSS=0.507098 | MEAN_GATE=0.5409 | BATCH_RMSE=1.027959
  STEP 1200/1435 | TOTAL_LOSS=0.927548 | REG_LOSS=0.606116 | STDCLIP_LOSS=2.772113 | PCL_LOSS=0.442215 | MEAN_GATE=0.5415 | BATCH_RMSE=0.778534
  STEP 1300/1435 | TOTAL_LOSS=1.079404 | REG_LOSS=0.761142 | STDCLIP_LOSS=2.772890 | PCL_LOSS=0.409734 | MEAN_GATE=0.5049 | BATCH_RMSE=0.872434
  STEP 1400/1435 | TOTAL_LOSS=1.096278 | REG_LOSS=0.760204 | STDCLIP_LOSS=2.764363 | PCL_LOSS=0.596377 | MEAN_GATE=0.5228 | BATCH_RMSE=0.871897
[EPOCH 005/030] TRAIN: TOTAL=0.972350 | REG=0.641697 | STDCLIP=2.772644 | PCL=0.533887 | RMSE=0.801060 | MAE=0.552514 | CI=0.744566 | RM2=0.214958
[EPOCH 005/030] VAL  : TOTAL=0.863719 | REG=0.552898 | STDCLIP=2.772040 | PCL=0.336173 | RMSE=0.743571 | MAE=0.489839 | CI=0.787222 | RM2=0.286896

EPOCH 6/30
  STEP 100/1435 | TOTAL_LOSS=0.796490 | REG_LOSS=0.476117 | STDCLIP_LOSS=2.779390 | PCL_LOSS=0.424339 | MEAN_GATE=0.5312 | BATCH_RMSE=0.690012
  STEP 200/1435 | TOTAL_LOSS=1.002396 | REG_LOSS=0.678779 | STDCLIP_LOSS=2.765163 | PCL_LOSS=0.471006 | MEAN_GATE=0.5418 | BATCH_RMSE=0.823881
  STEP 300/1435 | TOTAL_LOSS=1.763205 | REG_LOSS=1.454237 | STDCLIP_LOSS=2.769728 | PCL_LOSS=0.319957 | MEAN_GATE=0.5271 | BATCH_RMSE=1.205917
  STEP 400/1435 | TOTAL_LOSS=0.924135 | REG_LOSS=0.589019 | STDCLIP_LOSS=2.771798 | PCL_LOSS=0.579367 | MEAN_GATE=0.5250 | BATCH_RMSE=0.767476
  STEP 500/1435 | TOTAL_LOSS=1.013151 | REG_LOSS=0.689877 | STDCLIP_LOSS=2.772319 | PCL_LOSS=0.460422 | MEAN_GATE=0.5448 | BATCH_RMSE=0.830588
  STEP 600/1435 | TOTAL_LOSS=0.487319 | REG_LOSS=0.178380 | STDCLIP_LOSS=2.779507 | PCL_LOSS=0.309892 | MEAN_GATE=0.5576 | BATCH_RMSE=0.422350
  STEP 700/1435 | TOTAL_LOSS=0.884449 | REG_LOSS=0.579332 | STDCLIP_LOSS=2.766462 | PCL_LOSS=0.284710 | MEAN_GATE=0.5341 | BATCH_RMSE=0.761139
  STEP 800/1435 | TOTAL_LOSS=1.663519 | REG_LOSS=1.355965 | STDCLIP_LOSS=2.773634 | PCL_LOSS=0.301907 | MEAN_GATE=0.5259 | BATCH_RMSE=1.164459
  STEP 900/1435 | TOTAL_LOSS=0.502761 | REG_LOSS=0.178182 | STDCLIP_LOSS=2.775996 | PCL_LOSS=0.469793 | MEAN_GATE=0.5079 | BATCH_RMSE=0.422116
  STEP 1000/1435 | TOTAL_LOSS=0.982536 | REG_LOSS=0.660851 | STDCLIP_LOSS=2.771152 | PCL_LOSS=0.445701 | MEAN_GATE=0.5308 | BATCH_RMSE=0.812927
  STEP 1100/1435 | TOTAL_LOSS=0.562003 | REG_LOSS=0.243716 | STDCLIP_LOSS=2.766221 | PCL_LOSS=0.416652 | MEAN_GATE=0.5449 | BATCH_RMSE=0.493676
  STEP 1200/1435 | TOTAL_LOSS=1.353063 | REG_LOSS=1.012016 | STDCLIP_LOSS=2.769418 | PCL_LOSS=0.641047 | MEAN_GATE=0.5364 | BATCH_RMSE=1.005990
  STEP 1300/1435 | TOTAL_LOSS=2.380774 | REG_LOSS=2.067862 | STDCLIP_LOSS=2.787136 | PCL_LOSS=0.341989 | MEAN_GATE=0.5177 | BATCH_RMSE=1.438006
  STEP 1400/1435 | TOTAL_LOSS=0.908958 | REG_LOSS=0.597066 | STDCLIP_LOSS=2.766484 | PCL_LOSS=0.352441 | MEAN_GATE=0.5428 | BATCH_RMSE=0.772700
[EPOCH 006/030] TRAIN: TOTAL=0.953598 | REG=0.627818 | STDCLIP=2.772735 | PCL=0.485066 | RMSE=0.792350 | MAE=0.549015 | CI=0.748399 | RM2=0.228747
[EPOCH 006/030] VAL  : TOTAL=0.828311 | REG=0.516218 | STDCLIP=2.772111 | PCL=0.348818 | RMSE=0.718483 | MAE=0.467850 | CI=0.797706 | RM2=0.331004
  SAVED NEW BEST MODEL | EPOCH=006 | BEST_VAL_RMSE=0.718483 | BEST_VAL_MAE=0.467850 | BEST_VAL_CI=0.797706 | BEST_VAL_RM2=0.331004

EPOCH 7/30
  STEP 100/1435 | TOTAL_LOSS=0.535131 | REG_LOSS=0.206944 | STDCLIP_LOSS=2.756441 | PCL_LOSS=0.525427 | MEAN_GATE=0.5226 | BATCH_RMSE=0.454911
  STEP 200/1435 | TOTAL_LOSS=0.541051 | REG_LOSS=0.230616 | STDCLIP_LOSS=2.770147 | PCL_LOSS=0.334203 | MEAN_GATE=0.5575 | BATCH_RMSE=0.480225
  STEP 300/1435 | TOTAL_LOSS=1.534166 | REG_LOSS=1.210963 | STDCLIP_LOSS=2.772417 | PCL_LOSS=0.459617 | MEAN_GATE=0.5513 | BATCH_RMSE=1.100437
  STEP 400/1435 | TOTAL_LOSS=0.822197 | REG_LOSS=0.499373 | STDCLIP_LOSS=2.778867 | PCL_LOSS=0.449376 | MEAN_GATE=0.5492 | BATCH_RMSE=0.706663
  STEP 500/1435 | TOTAL_LOSS=0.499842 | REG_LOSS=0.204775 | STDCLIP_LOSS=2.773971 | PCL_LOSS=0.176696 | MEAN_GATE=0.5120 | BATCH_RMSE=0.452521
  STEP 600/1435 | TOTAL_LOSS=0.953505 | REG_LOSS=0.640270 | STDCLIP_LOSS=2.779867 | PCL_LOSS=0.352476 | MEAN_GATE=0.5211 | BATCH_RMSE=0.800169
  STEP 700/1435 | TOTAL_LOSS=0.541719 | REG_LOSS=0.197754 | STDCLIP_LOSS=2.780658 | PCL_LOSS=0.658984 | MEAN_GATE=0.5621 | BATCH_RMSE=0.444696
  STEP 800/1435 | TOTAL_LOSS=0.783669 | REG_LOSS=0.454696 | STDCLIP_LOSS=2.776047 | PCL_LOSS=0.513683 | MEAN_GATE=0.5647 | BATCH_RMSE=0.674312
  STEP 900/1435 | TOTAL_LOSS=0.890477 | REG_LOSS=0.552804 | STDCLIP_LOSS=2.770830 | PCL_LOSS=0.605903 | MEAN_GATE=0.5969 | BATCH_RMSE=0.743508
  STEP 1000/1435 | TOTAL_LOSS=1.567468 | REG_LOSS=1.245341 | STDCLIP_LOSS=2.765851 | PCL_LOSS=0.455419 | MEAN_GATE=0.5287 | BATCH_RMSE=1.115949
  STEP 1100/1435 | TOTAL_LOSS=0.527364 | REG_LOSS=0.205501 | STDCLIP_LOSS=2.777533 | PCL_LOSS=0.441088 | MEAN_GATE=0.5790 | BATCH_RMSE=0.453323
  STEP 1200/1435 | TOTAL_LOSS=0.876288 | REG_LOSS=0.546249 | STDCLIP_LOSS=2.787672 | PCL_LOSS=0.512710 | MEAN_GATE=0.5982 | BATCH_RMSE=0.739087
  STEP 1300/1435 | TOTAL_LOSS=0.989690 | REG_LOSS=0.658877 | STDCLIP_LOSS=2.785191 | PCL_LOSS=0.522943 | MEAN_GATE=0.5349 | BATCH_RMSE=0.811712
  STEP 1400/1435 | TOTAL_LOSS=0.658239 | REG_LOSS=0.299429 | STDCLIP_LOSS=2.766771 | PCL_LOSS=0.821321 | MEAN_GATE=0.5921 | BATCH_RMSE=0.547201
[EPOCH 007/030] TRAIN: TOTAL=0.934124 | REG=0.610510 | STDCLIP=2.772613 | PCL=0.463524 | RMSE=0.781351 | MAE=0.536651 | CI=0.759529 | RM2=0.246706
[EPOCH 007/030] VAL  : TOTAL=0.839845 | REG=0.527233 | STDCLIP=2.772259 | PCL=0.353864 | RMSE=0.726108 | MAE=0.431830 | CI=0.805922 | RM2=0.349625

EPOCH 8/30
  STEP 100/1435 | TOTAL_LOSS=1.119378 | REG_LOSS=0.770379 | STDCLIP_LOSS=2.775441 | PCL_LOSS=0.714557 | MEAN_GATE=0.5512 | BATCH_RMSE=0.877712
  STEP 200/1435 | TOTAL_LOSS=0.593471 | REG_LOSS=0.263405 | STDCLIP_LOSS=2.762069 | PCL_LOSS=0.538597 | MEAN_GATE=0.5446 | BATCH_RMSE=0.513230
  STEP 300/1435 | TOTAL_LOSS=1.265505 | REG_LOSS=0.940787 | STDCLIP_LOSS=2.766671 | PCL_LOSS=0.480503 | MEAN_GATE=0.5444 | BATCH_RMSE=0.969942
  STEP 400/1435 | TOTAL_LOSS=0.883537 | REG_LOSS=0.556060 | STDCLIP_LOSS=2.770815 | PCL_LOSS=0.503955 | MEAN_GATE=0.5475 | BATCH_RMSE=0.745694
  STEP 500/1435 | TOTAL_LOSS=0.532655 | REG_LOSS=0.236450 | STDCLIP_LOSS=2.771025 | PCL_LOSS=0.191031 | MEAN_GATE=0.5378 | BATCH_RMSE=0.486261
  STEP 600/1435 | TOTAL_LOSS=0.895089 | REG_LOSS=0.581580 | STDCLIP_LOSS=2.764384 | PCL_LOSS=0.370704 | MEAN_GATE=0.5427 | BATCH_RMSE=0.762614
  STEP 700/1435 | TOTAL_LOSS=0.813864 | REG_LOSS=0.483673 | STDCLIP_LOSS=2.781250 | PCL_LOSS=0.520656 | MEAN_GATE=0.4958 | BATCH_RMSE=0.695466
  STEP 800/1435 | TOTAL_LOSS=0.690491 | REG_LOSS=0.372451 | STDCLIP_LOSS=2.775041 | PCL_LOSS=0.405357 | MEAN_GATE=0.4910 | BATCH_RMSE=0.610288
  STEP 900/1435 | TOTAL_LOSS=0.704786 | REG_LOSS=0.402198 | STDCLIP_LOSS=2.774137 | PCL_LOSS=0.251748 | MEAN_GATE=0.4687 | BATCH_RMSE=0.634191
  STEP 1000/1435 | TOTAL_LOSS=2.405557 | REG_LOSS=2.091966 | STDCLIP_LOSS=2.768798 | PCL_LOSS=0.367111 | MEAN_GATE=0.5294 | BATCH_RMSE=1.446363
  STEP 1100/1435 | TOTAL_LOSS=0.457762 | REG_LOSS=0.159577 | STDCLIP_LOSS=2.771635 | PCL_LOSS=0.210208 | MEAN_GATE=0.5192 | BATCH_RMSE=0.399471
  STEP 1200/1435 | TOTAL_LOSS=0.580206 | REG_LOSS=0.262082 | STDCLIP_LOSS=2.769825 | PCL_LOSS=0.411410 | MEAN_GATE=0.5256 | BATCH_RMSE=0.511940
  STEP 1300/1435 | TOTAL_LOSS=1.375830 | REG_LOSS=1.060891 | STDCLIP_LOSS=2.770339 | PCL_LOSS=0.379052 | MEAN_GATE=0.5405 | BATCH_RMSE=1.029996
  STEP 1400/1435 | TOTAL_LOSS=1.086182 | REG_LOSS=0.778073 | STDCLIP_LOSS=2.784404 | PCL_LOSS=0.296687 | MEAN_GATE=0.4963 | BATCH_RMSE=0.882084
[EPOCH 008/030] TRAIN: TOTAL=0.920735 | REG=0.598806 | STDCLIP=2.772530 | PCL=0.446757 | RMSE=0.773825 | MAE=0.529298 | CI=0.759244 | RM2=0.258871
[EPOCH 008/030] VAL  : TOTAL=0.868701 | REG=0.558974 | STDCLIP=2.772006 | PCL=0.325260 | RMSE=0.747646 | MAE=0.458389 | CI=0.804278 | RM2=0.363031

EPOCH 9/30
  STEP 100/1435 | TOTAL_LOSS=0.869197 | REG_LOSS=0.551795 | STDCLIP_LOSS=2.777410 | PCL_LOSS=0.396610 | MEAN_GATE=0.5059 | BATCH_RMSE=0.742829
  STEP 200/1435 | TOTAL_LOSS=0.759812 | REG_LOSS=0.448633 | STDCLIP_LOSS=2.757879 | PCL_LOSS=0.353914 | MEAN_GATE=0.6476 | BATCH_RMSE=0.669800
  STEP 300/1435 | TOTAL_LOSS=0.700581 | REG_LOSS=0.385198 | STDCLIP_LOSS=2.783346 | PCL_LOSS=0.370479 | MEAN_GATE=0.5677 | BATCH_RMSE=0.620643
  STEP 400/1435 | TOTAL_LOSS=1.877087 | REG_LOSS=1.563329 | STDCLIP_LOSS=2.767393 | PCL_LOSS=0.370191 | MEAN_GATE=0.5311 | BATCH_RMSE=1.250332
  STEP 500/1435 | TOTAL_LOSS=1.635049 | REG_LOSS=1.324500 | STDCLIP_LOSS=2.771494 | PCL_LOSS=0.333996 | MEAN_GATE=0.5671 | BATCH_RMSE=1.150869
  STEP 600/1435 | TOTAL_LOSS=0.781932 | REG_LOSS=0.439308 | STDCLIP_LOSS=2.771936 | PCL_LOSS=0.654306 | MEAN_GATE=0.5269 | BATCH_RMSE=0.662803
  STEP 700/1435 | TOTAL_LOSS=0.474044 | REG_LOSS=0.160878 | STDCLIP_LOSS=2.777009 | PCL_LOSS=0.354648 | MEAN_GATE=0.4839 | BATCH_RMSE=0.401096
  STEP 800/1435 | TOTAL_LOSS=1.685689 | REG_LOSS=1.348990 | STDCLIP_LOSS=2.769255 | PCL_LOSS=0.597739 | MEAN_GATE=0.5470 | BATCH_RMSE=1.161460
  STEP 900/1435 | TOTAL_LOSS=0.895408 | REG_LOSS=0.585241 | STDCLIP_LOSS=2.772927 | PCL_LOSS=0.328742 | MEAN_GATE=0.5634 | BATCH_RMSE=0.765011
  STEP 1000/1435 | TOTAL_LOSS=0.899122 | REG_LOSS=0.567073 | STDCLIP_LOSS=2.769001 | PCL_LOSS=0.551486 | MEAN_GATE=0.5773 | BATCH_RMSE=0.753042
  STEP 1100/1435 | TOTAL_LOSS=1.150785 | REG_LOSS=0.857376 | STDCLIP_LOSS=2.772030 | PCL_LOSS=0.162060 | MEAN_GATE=0.5639 | BATCH_RMSE=0.925946
  STEP 1200/1435 | TOTAL_LOSS=1.380262 | REG_LOSS=1.030668 | STDCLIP_LOSS=2.767125 | PCL_LOSS=0.728815 | MEAN_GATE=0.5383 | BATCH_RMSE=1.015218
  STEP 1300/1435 | TOTAL_LOSS=2.121211 | REG_LOSS=1.797300 | STDCLIP_LOSS=2.763782 | PCL_LOSS=0.475324 | MEAN_GATE=0.5444 | BATCH_RMSE=1.340634
  STEP 1400/1435 | TOTAL_LOSS=0.730974 | REG_LOSS=0.333700 | STDCLIP_LOSS=2.769831 | PCL_LOSS=1.202912 | MEAN_GATE=0.4806 | BATCH_RMSE=0.577668
[EPOCH 009/030] TRAIN: TOTAL=0.912730 | REG=0.593653 | STDCLIP=2.772687 | PCL=0.418081 | RMSE=0.770489 | MAE=0.525381 | CI=0.764240 | RM2=0.264299
[EPOCH 009/030] VAL  : TOTAL=0.820319 | REG=0.505655 | STDCLIP=2.772024 | PCL=0.374614 | RMSE=0.711094 | MAE=0.485540 | CI=0.800464 | RM2=0.347956
  SAVED NEW BEST MODEL | EPOCH=009 | BEST_VAL_RMSE=0.711094 | BEST_VAL_MAE=0.485540 | BEST_VAL_CI=0.800464 | BEST_VAL_RM2=0.347956

EPOCH 10/30
  STEP 100/1435 | TOTAL_LOSS=0.550507 | REG_LOSS=0.252042 | STDCLIP_LOSS=2.766232 | PCL_LOSS=0.218419 | MEAN_GATE=0.5171 | BATCH_RMSE=0.502037
  STEP 200/1435 | TOTAL_LOSS=1.150376 | REG_LOSS=0.822443 | STDCLIP_LOSS=2.775228 | PCL_LOSS=0.504101 | MEAN_GATE=0.5197 | BATCH_RMSE=0.906887
  STEP 300/1435 | TOTAL_LOSS=0.728012 | REG_LOSS=0.416676 | STDCLIP_LOSS=2.776096 | PCL_LOSS=0.337267 | MEAN_GATE=0.5537 | BATCH_RMSE=0.645504
  STEP 400/1435 | TOTAL_LOSS=1.433473 | REG_LOSS=1.130909 | STDCLIP_LOSS=2.768997 | PCL_LOSS=0.256635 | MEAN_GATE=0.5229 | BATCH_RMSE=1.063442
  STEP 500/1435 | TOTAL_LOSS=0.646123 | REG_LOSS=0.346691 | STDCLIP_LOSS=2.777125 | PCL_LOSS=0.217189 | MEAN_GATE=0.5692 | BATCH_RMSE=0.588805
  STEP 600/1435 | TOTAL_LOSS=0.628612 | REG_LOSS=0.322305 | STDCLIP_LOSS=2.772208 | PCL_LOSS=0.290862 | MEAN_GATE=0.5640 | BATCH_RMSE=0.567719
  STEP 700/1435 | TOTAL_LOSS=0.736303 | REG_LOSS=0.439959 | STDCLIP_LOSS=2.775587 | PCL_LOSS=0.187846 | MEAN_GATE=0.5791 | BATCH_RMSE=0.663294
  STEP 800/1435 | TOTAL_LOSS=0.424081 | REG_LOSS=0.137871 | STDCLIP_LOSS=2.770095 | PCL_LOSS=0.092005 | MEAN_GATE=0.5332 | BATCH_RMSE=0.371309
  STEP 900/1435 | TOTAL_LOSS=0.685549 | REG_LOSS=0.336706 | STDCLIP_LOSS=2.765821 | PCL_LOSS=0.722609 | MEAN_GATE=0.5190 | BATCH_RMSE=0.580264
  STEP 1000/1435 | TOTAL_LOSS=0.501252 | REG_LOSS=0.215261 | STDCLIP_LOSS=2.768817 | PCL_LOSS=0.091089 | MEAN_GATE=0.5090 | BATCH_RMSE=0.463963
  STEP 1100/1435 | TOTAL_LOSS=0.536106 | REG_LOSS=0.238592 | STDCLIP_LOSS=2.779341 | PCL_LOSS=0.195794 | MEAN_GATE=0.5635 | BATCH_RMSE=0.488459
  STEP 1200/1435 | TOTAL_LOSS=0.624906 | REG_LOSS=0.312704 | STDCLIP_LOSS=2.770908 | PCL_LOSS=0.351108 | MEAN_GATE=0.4979 | BATCH_RMSE=0.559200
  STEP 1300/1435 | TOTAL_LOSS=0.901082 | REG_LOSS=0.587589 | STDCLIP_LOSS=2.768757 | PCL_LOSS=0.366169 | MEAN_GATE=0.4997 | BATCH_RMSE=0.766544
  STEP 1400/1435 | TOTAL_LOSS=0.591135 | REG_LOSS=0.273494 | STDCLIP_LOSS=2.770100 | PCL_LOSS=0.406317 | MEAN_GATE=0.5961 | BATCH_RMSE=0.522966
[EPOCH 010/030] TRAIN: TOTAL=0.903573 | REG=0.587182 | STDCLIP=2.772605 | PCL=0.391306 | RMSE=0.766278 | MAE=0.522051 | CI=0.768422 | RM2=0.271058
[EPOCH 010/030] VAL  : TOTAL=0.794805 | REG=0.492349 | STDCLIP=2.772527 | PCL=0.252040 | RMSE=0.701676 | MAE=0.436433 | CI=0.813633 | RM2=0.374050
  SAVED NEW BEST MODEL | EPOCH=010 | BEST_VAL_RMSE=0.701676 | BEST_VAL_MAE=0.436433 | BEST_VAL_CI=0.813633 | BEST_VAL_RM2=0.374050

EPOCH 11/30
  STEP 100/1435 | TOTAL_LOSS=1.055250 | REG_LOSS=0.714165 | STDCLIP_LOSS=2.775872 | PCL_LOSS=0.634978 | MEAN_GATE=0.5781 | BATCH_RMSE=0.845083
  STEP 200/1435 | TOTAL_LOSS=1.064201 | REG_LOSS=0.763636 | STDCLIP_LOSS=2.775317 | PCL_LOSS=0.230326 | MEAN_GATE=0.6009 | BATCH_RMSE=0.873863
  STEP 300/1435 | TOTAL_LOSS=0.748064 | REG_LOSS=0.400457 | STDCLIP_LOSS=2.771689 | PCL_LOSS=0.704383 | MEAN_GATE=0.5278 | BATCH_RMSE=0.632817
  STEP 400/1435 | TOTAL_LOSS=1.165702 | REG_LOSS=0.850734 | STDCLIP_LOSS=2.778757 | PCL_LOSS=0.370925 | MEAN_GATE=0.5090 | BATCH_RMSE=0.922352
  STEP 500/1435 | TOTAL_LOSS=1.337880 | REG_LOSS=1.028533 | STDCLIP_LOSS=2.772636 | PCL_LOSS=0.320842 | MEAN_GATE=0.4712 | BATCH_RMSE=1.014166
  STEP 600/1435 | TOTAL_LOSS=1.127342 | REG_LOSS=0.814977 | STDCLIP_LOSS=2.764084 | PCL_LOSS=0.359568 | MEAN_GATE=0.5146 | BATCH_RMSE=0.902761
  STEP 700/1435 | TOTAL_LOSS=0.904239 | REG_LOSS=0.587269 | STDCLIP_LOSS=2.780058 | PCL_LOSS=0.389645 | MEAN_GATE=0.5810 | BATCH_RMSE=0.766335
  STEP 800/1435 | TOTAL_LOSS=0.804376 | REG_LOSS=0.491808 | STDCLIP_LOSS=2.774117 | PCL_LOSS=0.351557 | MEAN_GATE=0.5005 | BATCH_RMSE=0.701290
  STEP 900/1435 | TOTAL_LOSS=0.777975 | REG_LOSS=0.448532 | STDCLIP_LOSS=2.768147 | PCL_LOSS=0.526280 | MEAN_GATE=0.5977 | BATCH_RMSE=0.669726
  STEP 1000/1435 | TOTAL_LOSS=0.492613 | REG_LOSS=0.193518 | STDCLIP_LOSS=2.769510 | PCL_LOSS=0.221439 | MEAN_GATE=0.5176 | BATCH_RMSE=0.439906
  STEP 1100/1435 | TOTAL_LOSS=1.155930 | REG_LOSS=0.865128 | STDCLIP_LOSS=2.769720 | PCL_LOSS=0.138304 | MEAN_GATE=0.5671 | BATCH_RMSE=0.930122
  STEP 1200/1435 | TOTAL_LOSS=1.870123 | REG_LOSS=1.550893 | STDCLIP_LOSS=2.771361 | PCL_LOSS=0.420936 | MEAN_GATE=0.6226 | BATCH_RMSE=1.245349
  STEP 1300/1435 | TOTAL_LOSS=1.274798 | REG_LOSS=0.962569 | STDCLIP_LOSS=2.774801 | PCL_LOSS=0.347491 | MEAN_GATE=0.5366 | BATCH_RMSE=0.981106
  STEP 1400/1435 | TOTAL_LOSS=1.009972 | REG_LOSS=0.703755 | STDCLIP_LOSS=2.774319 | PCL_LOSS=0.287854 | MEAN_GATE=0.4762 | BATCH_RMSE=0.838901
[EPOCH 011/030] TRAIN: TOTAL=0.903167 | REG=0.587911 | STDCLIP=2.772628 | PCL=0.379924 | RMSE=0.766754 | MAE=0.522895 | CI=0.769458 | RM2=0.270264
[EPOCH 011/030] VAL  : TOTAL=0.791076 | REG=0.491762 | STDCLIP=2.772054 | PCL=0.221086 | RMSE=0.701257 | MAE=0.462903 | CI=0.800962 | RM2=0.362345
  SAVED NEW BEST MODEL | EPOCH=011 | BEST_VAL_RMSE=0.701257 | BEST_VAL_MAE=0.462903 | BEST_VAL_CI=0.800962 | BEST_VAL_RM2=0.362345

EPOCH 12/30
  STEP 100/1435 | TOTAL_LOSS=0.657579 | REG_LOSS=0.327349 | STDCLIP_LOSS=2.770555 | PCL_LOSS=0.531745 | MEAN_GATE=0.5456 | BATCH_RMSE=0.572145
  STEP 200/1435 | TOTAL_LOSS=0.927081 | REG_LOSS=0.464227 | STDCLIP_LOSS=2.770301 | PCL_LOSS=1.858244 | MEAN_GATE=0.5957 | BATCH_RMSE=0.681342
  STEP 300/1435 | TOTAL_LOSS=0.566747 | REG_LOSS=0.263361 | STDCLIP_LOSS=2.783810 | PCL_LOSS=0.250044 | MEAN_GATE=0.4762 | BATCH_RMSE=0.513187
  STEP 400/1435 | TOTAL_LOSS=0.800027 | REG_LOSS=0.464603 | STDCLIP_LOSS=2.771618 | PCL_LOSS=0.582622 | MEAN_GATE=0.4869 | BATCH_RMSE=0.681618
  STEP 500/1435 | TOTAL_LOSS=2.173101 | REG_LOSS=1.874398 | STDCLIP_LOSS=2.770877 | PCL_LOSS=0.216160 | MEAN_GATE=0.6099 | BATCH_RMSE=1.369086
  STEP 600/1435 | TOTAL_LOSS=0.742026 | REG_LOSS=0.416157 | STDCLIP_LOSS=2.769761 | PCL_LOSS=0.488925 | MEAN_GATE=0.5488 | BATCH_RMSE=0.645103
  STEP 700/1435 | TOTAL_LOSS=0.459504 | REG_LOSS=0.139474 | STDCLIP_LOSS=2.770974 | PCL_LOSS=0.429321 | MEAN_GATE=0.4701 | BATCH_RMSE=0.373462
  STEP 800/1435 | TOTAL_LOSS=0.558731 | REG_LOSS=0.253263 | STDCLIP_LOSS=2.772010 | PCL_LOSS=0.282677 | MEAN_GATE=0.4554 | BATCH_RMSE=0.503252
  STEP 900/1435 | TOTAL_LOSS=1.695595 | REG_LOSS=1.351112 | STDCLIP_LOSS=2.772957 | PCL_LOSS=0.671870 | MEAN_GATE=0.5657 | BATCH_RMSE=1.162374
  STEP 1000/1435 | TOTAL_LOSS=0.840469 | REG_LOSS=0.543242 | STDCLIP_LOSS=2.774493 | PCL_LOSS=0.197777 | MEAN_GATE=0.5094 | BATCH_RMSE=0.737049
  STEP 1100/1435 | TOTAL_LOSS=1.406490 | REG_LOSS=1.067279 | STDCLIP_LOSS=2.765936 | PCL_LOSS=0.626177 | MEAN_GATE=0.5240 | BATCH_RMSE=1.033092
  STEP 1200/1435 | TOTAL_LOSS=0.698947 | REG_LOSS=0.401605 | STDCLIP_LOSS=2.778758 | PCL_LOSS=0.194662 | MEAN_GATE=0.4523 | BATCH_RMSE=0.633723
  STEP 1300/1435 | TOTAL_LOSS=0.874514 | REG_LOSS=0.530794 | STDCLIP_LOSS=2.775020 | PCL_LOSS=0.662180 | MEAN_GATE=0.5414 | BATCH_RMSE=0.728556
  STEP 1400/1435 | TOTAL_LOSS=0.695100 | REG_LOSS=0.367224 | STDCLIP_LOSS=2.769724 | PCL_LOSS=0.509041 | MEAN_GATE=0.5205 | BATCH_RMSE=0.605990
[EPOCH 012/030] TRAIN: TOTAL=0.896104 | REG=0.581742 | STDCLIP=2.772497 | PCL=0.371120 | RMSE=0.762720 | MAE=0.518266 | CI=0.766586 | RM2=0.276805
[EPOCH 012/030] VAL  : TOTAL=0.799213 | REG=0.494710 | STDCLIP=2.772205 | PCL=0.272832 | RMSE=0.703356 | MAE=0.485843 | CI=0.806635 | RM2=0.353287

EPOCH 13/30
  STEP 100/1435 | TOTAL_LOSS=1.600673 | REG_LOSS=1.294573 | STDCLIP_LOSS=2.776732 | PCL_LOSS=0.284268 | MEAN_GATE=0.5627 | BATCH_RMSE=1.137793
  STEP 200/1435 | TOTAL_LOSS=0.450070 | REG_LOSS=0.152864 | STDCLIP_LOSS=2.773151 | PCL_LOSS=0.198908 | MEAN_GATE=0.5198 | BATCH_RMSE=0.390978
  STEP 300/1435 | TOTAL_LOSS=1.129563 | REG_LOSS=0.779466 | STDCLIP_LOSS=2.766184 | PCL_LOSS=0.734779 | MEAN_GATE=0.5462 | BATCH_RMSE=0.882874
  STEP 400/1435 | TOTAL_LOSS=2.313118 | REG_LOSS=1.982393 | STDCLIP_LOSS=2.775495 | PCL_LOSS=0.531760 | MEAN_GATE=0.5745 | BATCH_RMSE=1.407975
  STEP 500/1435 | TOTAL_LOSS=3.064229 | REG_LOSS=2.733873 | STDCLIP_LOSS=2.772981 | PCL_LOSS=0.530573 | MEAN_GATE=0.5578 | BATCH_RMSE=1.653443
  STEP 600/1435 | TOTAL_LOSS=0.407874 | REG_LOSS=0.108311 | STDCLIP_LOSS=2.770558 | PCL_LOSS=0.225063 | MEAN_GATE=0.5099 | BATCH_RMSE=0.329107
  STEP 700/1435 | TOTAL_LOSS=0.450805 | REG_LOSS=0.136535 | STDCLIP_LOSS=2.766559 | PCL_LOSS=0.376150 | MEAN_GATE=0.4826 | BATCH_RMSE=0.369506
  STEP 800/1435 | TOTAL_LOSS=0.487226 | REG_LOSS=0.163762 | STDCLIP_LOSS=2.770643 | PCL_LOSS=0.464001 | MEAN_GATE=0.5338 | BATCH_RMSE=0.404675
  STEP 900/1435 | TOTAL_LOSS=0.802857 | REG_LOSS=0.479454 | STDCLIP_LOSS=2.774294 | PCL_LOSS=0.459734 | MEAN_GATE=0.5024 | BATCH_RMSE=0.692427
  STEP 1000/1435 | TOTAL_LOSS=0.672709 | REG_LOSS=0.357293 | STDCLIP_LOSS=2.774381 | PCL_LOSS=0.379770 | MEAN_GATE=0.4657 | BATCH_RMSE=0.597740
  STEP 1100/1435 | TOTAL_LOSS=0.932946 | REG_LOSS=0.618422 | STDCLIP_LOSS=2.772698 | PCL_LOSS=0.372540 | MEAN_GATE=0.5630 | BATCH_RMSE=0.786398
  STEP 1200/1435 | TOTAL_LOSS=0.857148 | REG_LOSS=0.541912 | STDCLIP_LOSS=2.780139 | PCL_LOSS=0.372221 | MEAN_GATE=0.6148 | BATCH_RMSE=0.736146
  STEP 1300/1435 | TOTAL_LOSS=0.594714 | REG_LOSS=0.286981 | STDCLIP_LOSS=2.771157 | PCL_LOSS=0.306175 | MEAN_GATE=0.6048 | BATCH_RMSE=0.535706
  STEP 1400/1435 | TOTAL_LOSS=1.567739 | REG_LOSS=1.261741 | STDCLIP_LOSS=2.767938 | PCL_LOSS=0.292040 | MEAN_GATE=0.5088 | BATCH_RMSE=1.123272
[EPOCH 013/030] TRAIN: TOTAL=0.894723 | REG=0.581149 | STDCLIP=2.772640 | PCL=0.363097 | RMSE=0.762331 | MAE=0.520220 | CI=0.769556 | RM2=0.277390
[EPOCH 013/030] VAL  : TOTAL=0.788058 | REG=0.485315 | STDCLIP=2.772067 | PCL=0.255363 | RMSE=0.696646 | MAE=0.424875 | CI=0.811206 | RM2=0.376287
  SAVED NEW BEST MODEL | EPOCH=013 | BEST_VAL_RMSE=0.696646 | BEST_VAL_MAE=0.424875 | BEST_VAL_CI=0.811206 | BEST_VAL_RM2=0.376287

EPOCH 14/30
  STEP 100/1435 | TOTAL_LOSS=0.451405 | REG_LOSS=0.127892 | STDCLIP_LOSS=2.780205 | PCL_LOSS=0.454925 | MEAN_GATE=0.4478 | BATCH_RMSE=0.357621
  STEP 200/1435 | TOTAL_LOSS=0.733977 | REG_LOSS=0.445305 | STDCLIP_LOSS=2.780950 | PCL_LOSS=0.105771 | MEAN_GATE=0.5538 | BATCH_RMSE=0.667312
  STEP 300/1435 | TOTAL_LOSS=0.932742 | REG_LOSS=0.621886 | STDCLIP_LOSS=2.761302 | PCL_LOSS=0.347259 | MEAN_GATE=0.5728 | BATCH_RMSE=0.788598
  STEP 400/1435 | TOTAL_LOSS=1.063790 | REG_LOSS=0.757149 | STDCLIP_LOSS=2.776406 | PCL_LOSS=0.290000 | MEAN_GATE=0.5733 | BATCH_RMSE=0.870143
  STEP 500/1435 | TOTAL_LOSS=0.896360 | REG_LOSS=0.595899 | STDCLIP_LOSS=2.767307 | PCL_LOSS=0.237300 | MEAN_GATE=0.4085 | BATCH_RMSE=0.771945
  STEP 600/1435 | TOTAL_LOSS=0.944362 | REG_LOSS=0.608982 | STDCLIP_LOSS=2.768356 | PCL_LOSS=0.585445 | MEAN_GATE=0.5390 | BATCH_RMSE=0.780373
  STEP 700/1435 | TOTAL_LOSS=0.905553 | REG_LOSS=0.609227 | STDCLIP_LOSS=2.769025 | PCL_LOSS=0.194233 | MEAN_GATE=0.5083 | BATCH_RMSE=0.780530
  STEP 800/1435 | TOTAL_LOSS=1.107363 | REG_LOSS=0.811740 | STDCLIP_LOSS=2.768847 | PCL_LOSS=0.187382 | MEAN_GATE=0.5449 | BATCH_RMSE=0.900966
  STEP 900/1435 | TOTAL_LOSS=0.752469 | REG_LOSS=0.452223 | STDCLIP_LOSS=2.773404 | PCL_LOSS=0.229054 | MEAN_GATE=0.4904 | BATCH_RMSE=0.672475
  STEP 1000/1435 | TOTAL_LOSS=1.408943 | REG_LOSS=1.092725 | STDCLIP_LOSS=2.777413 | PCL_LOSS=0.384767 | MEAN_GATE=0.5789 | BATCH_RMSE=1.045335
  STEP 1100/1435 | TOTAL_LOSS=0.486918 | REG_LOSS=0.169946 | STDCLIP_LOSS=2.771671 | PCL_LOSS=0.398048 | MEAN_GATE=0.5001 | BATCH_RMSE=0.412246
  STEP 1200/1435 | TOTAL_LOSS=1.586319 | REG_LOSS=1.219913 | STDCLIP_LOSS=2.777113 | PCL_LOSS=0.886945 | MEAN_GATE=0.4357 | BATCH_RMSE=1.104497
  STEP 1300/1435 | TOTAL_LOSS=0.872765 | REG_LOSS=0.544643 | STDCLIP_LOSS=2.775014 | PCL_LOSS=0.506203 | MEAN_GATE=0.5043 | BATCH_RMSE=0.738000
  STEP 1400/1435 | TOTAL_LOSS=1.340754 | REG_LOSS=1.049975 | STDCLIP_LOSS=2.776968 | PCL_LOSS=0.130820 | MEAN_GATE=0.5142 | BATCH_RMSE=1.024683
[EPOCH 014/030] TRAIN: TOTAL=0.882364 | REG=0.571903 | STDCLIP=2.772550 | PCL=0.332060 | RMSE=0.756242 | MAE=0.514610 | CI=0.773459 | RM2=0.287328
[EPOCH 014/030] VAL  : TOTAL=0.789406 | REG=0.488307 | STDCLIP=2.772110 | PCL=0.238889 | RMSE=0.698789 | MAE=0.437091 | CI=0.812179 | RM2=0.378786

EPOCH 15/30
  STEP 100/1435 | TOTAL_LOSS=2.128448 | REG_LOSS=1.812081 | STDCLIP_LOSS=2.779878 | PCL_LOSS=0.383794 | MEAN_GATE=0.4973 | BATCH_RMSE=1.346135
  STEP 200/1435 | TOTAL_LOSS=0.445370 | REG_LOSS=0.148324 | STDCLIP_LOSS=2.774283 | PCL_LOSS=0.196173 | MEAN_GATE=0.5090 | BATCH_RMSE=0.385129
  STEP 300/1435 | TOTAL_LOSS=0.834750 | REG_LOSS=0.536020 | STDCLIP_LOSS=2.768880 | PCL_LOSS=0.218417 | MEAN_GATE=0.6103 | BATCH_RMSE=0.732134
  STEP 400/1435 | TOTAL_LOSS=0.788638 | REG_LOSS=0.501749 | STDCLIP_LOSS=2.770684 | PCL_LOSS=0.098206 | MEAN_GATE=0.5252 | BATCH_RMSE=0.708343
  STEP 500/1435 | TOTAL_LOSS=0.779451 | REG_LOSS=0.451730 | STDCLIP_LOSS=2.771325 | PCL_LOSS=0.505890 | MEAN_GATE=0.5024 | BATCH_RMSE=0.672108
  STEP 600/1435 | TOTAL_LOSS=0.587312 | REG_LOSS=0.283909 | STDCLIP_LOSS=2.772516 | PCL_LOSS=0.261512 | MEAN_GATE=0.5235 | BATCH_RMSE=0.532831
  STEP 700/1435 | TOTAL_LOSS=0.771996 | REG_LOSS=0.466040 | STDCLIP_LOSS=2.770966 | PCL_LOSS=0.288598 | MEAN_GATE=0.5827 | BATCH_RMSE=0.682671
  STEP 800/1435 | TOTAL_LOSS=0.502249 | REG_LOSS=0.192836 | STDCLIP_LOSS=2.772037 | PCL_LOSS=0.322092 | MEAN_GATE=0.4996 | BATCH_RMSE=0.439131
  STEP 900/1435 | TOTAL_LOSS=1.158123 | REG_LOSS=0.811325 | STDCLIP_LOSS=2.769519 | PCL_LOSS=0.698456 | MEAN_GATE=0.4859 | BATCH_RMSE=0.900736
  STEP 1000/1435 | TOTAL_LOSS=0.455673 | REG_LOSS=0.153214 | STDCLIP_LOSS=2.774856 | PCL_LOSS=0.249728 | MEAN_GATE=0.5011 | BATCH_RMSE=0.391426
  STEP 1100/1435 | TOTAL_LOSS=1.108517 | REG_LOSS=0.758353 | STDCLIP_LOSS=2.766060 | PCL_LOSS=0.735583 | MEAN_GATE=0.5975 | BATCH_RMSE=0.870834
  STEP 1200/1435 | TOTAL_LOSS=1.175090 | REG_LOSS=0.852271 | STDCLIP_LOSS=2.772183 | PCL_LOSS=0.456003 | MEAN_GATE=0.5286 | BATCH_RMSE=0.923185
  STEP 1300/1435 | TOTAL_LOSS=0.566602 | REG_LOSS=0.241477 | STDCLIP_LOSS=2.773641 | PCL_LOSS=0.477612 | MEAN_GATE=0.4972 | BATCH_RMSE=0.491403
  STEP 1400/1435 | TOTAL_LOSS=0.866484 | REG_LOSS=0.584010 | STDCLIP_LOSS=2.770221 | PCL_LOSS=0.054518 | MEAN_GATE=0.5265 | BATCH_RMSE=0.764205
[EPOCH 015/030] TRAIN: TOTAL=0.880385 | REG=0.570087 | STDCLIP=2.772630 | PCL=0.330355 | RMSE=0.755041 | MAE=0.512067 | CI=0.777293 | RM2=0.289337
[EPOCH 015/030] VAL  : TOTAL=0.808269 | REG=0.506830 | STDCLIP=2.772055 | PCL=0.242331 | RMSE=0.711920 | MAE=0.427012 | CI=0.814316 | RM2=0.381003

EPOCH 16/30
  STEP 100/1435 | TOTAL_LOSS=0.957096 | REG_LOSS=0.651407 | STDCLIP_LOSS=2.773190 | PCL_LOSS=0.283697 | MEAN_GATE=0.5343 | BATCH_RMSE=0.807098
  STEP 200/1435 | TOTAL_LOSS=1.082587 | REG_LOSS=0.793966 | STDCLIP_LOSS=2.771100 | PCL_LOSS=0.115118 | MEAN_GATE=0.4871 | BATCH_RMSE=0.891048
  STEP 300/1435 | TOTAL_LOSS=0.664009 | REG_LOSS=0.344425 | STDCLIP_LOSS=2.774981 | PCL_LOSS=0.420861 | MEAN_GATE=0.4782 | BATCH_RMSE=0.586877
  STEP 400/1435 | TOTAL_LOSS=0.888799 | REG_LOSS=0.570832 | STDCLIP_LOSS=2.771172 | PCL_LOSS=0.408495 | MEAN_GATE=0.4599 | BATCH_RMSE=0.755534
  STEP 500/1435 | TOTAL_LOSS=1.513947 | REG_LOSS=1.186835 | STDCLIP_LOSS=2.771739 | PCL_LOSS=0.499376 | MEAN_GATE=0.4857 | BATCH_RMSE=1.089420
  STEP 600/1435 | TOTAL_LOSS=0.530677 | REG_LOSS=0.192655 | STDCLIP_LOSS=2.772086 | PCL_LOSS=0.608142 | MEAN_GATE=0.5291 | BATCH_RMSE=0.438924
  STEP 700/1435 | TOTAL_LOSS=0.596341 | REG_LOSS=0.299743 | STDCLIP_LOSS=2.772058 | PCL_LOSS=0.193925 | MEAN_GATE=0.5040 | BATCH_RMSE=0.547488
  STEP 800/1435 | TOTAL_LOSS=0.575235 | REG_LOSS=0.264236 | STDCLIP_LOSS=2.774050 | PCL_LOSS=0.335942 | MEAN_GATE=0.5198 | BATCH_RMSE=0.514039
  STEP 900/1435 | TOTAL_LOSS=0.513388 | REG_LOSS=0.190754 | STDCLIP_LOSS=2.774148 | PCL_LOSS=0.452195 | MEAN_GATE=0.4948 | BATCH_RMSE=0.436753
  STEP 1000/1435 | TOTAL_LOSS=0.636715 | REG_LOSS=0.348915 | STDCLIP_LOSS=2.775518 | PCL_LOSS=0.102474 | MEAN_GATE=0.5385 | BATCH_RMSE=0.590691
  STEP 1100/1435 | TOTAL_LOSS=0.644314 | REG_LOSS=0.338644 | STDCLIP_LOSS=2.769127 | PCL_LOSS=0.287576 | MEAN_GATE=0.5161 | BATCH_RMSE=0.581931
  STEP 1200/1435 | TOTAL_LOSS=0.443435 | REG_LOSS=0.096880 | STDCLIP_LOSS=2.782053 | PCL_LOSS=0.683491 | MEAN_GATE=0.4718 | BATCH_RMSE=0.311256
  STEP 1300/1435 | TOTAL_LOSS=0.532607 | REG_LOSS=0.239706 | STDCLIP_LOSS=2.769395 | PCL_LOSS=0.159611 | MEAN_GATE=0.4693 | BATCH_RMSE=0.489598
  STEP 1400/1435 | TOTAL_LOSS=1.063534 | REG_LOSS=0.756623 | STDCLIP_LOSS=2.773140 | PCL_LOSS=0.295972 | MEAN_GATE=0.5134 | BATCH_RMSE=0.869841
[EPOCH 016/030] TRAIN: TOTAL=0.877289 | REG=0.567729 | STDCLIP=2.772522 | PCL=0.323072 | RMSE=0.753478 | MAE=0.509364 | CI=0.775426 | RM2=0.291965
[EPOCH 016/030] VAL  : TOTAL=0.790028 | REG=0.492503 | STDCLIP=2.772152 | PCL=0.203094 | RMSE=0.701786 | MAE=0.480831 | CI=0.814468 | RM2=0.386900

EPOCH 17/30
  STEP 100/1435 | TOTAL_LOSS=0.474441 | REG_LOSS=0.141525 | STDCLIP_LOSS=2.772611 | PCL_LOSS=0.556551 | MEAN_GATE=0.5234 | BATCH_RMSE=0.376198
  STEP 200/1435 | TOTAL_LOSS=0.951080 | REG_LOSS=0.655353 | STDCLIP_LOSS=2.772097 | PCL_LOSS=0.185177 | MEAN_GATE=0.4700 | BATCH_RMSE=0.809539
  STEP 300/1435 | TOTAL_LOSS=0.562907 | REG_LOSS=0.217952 | STDCLIP_LOSS=2.775199 | PCL_LOSS=0.674352 | MEAN_GATE=0.6029 | BATCH_RMSE=0.466853
  STEP 400/1435 | TOTAL_LOSS=0.588641 | REG_LOSS=0.290178 | STDCLIP_LOSS=2.775201 | PCL_LOSS=0.209431 | MEAN_GATE=0.4959 | BATCH_RMSE=0.538682
  STEP 500/1435 | TOTAL_LOSS=0.451764 | REG_LOSS=0.141324 | STDCLIP_LOSS=2.771281 | PCL_LOSS=0.333118 | MEAN_GATE=0.4500 | BATCH_RMSE=0.375931
  STEP 600/1435 | TOTAL_LOSS=1.063404 | REG_LOSS=0.744505 | STDCLIP_LOSS=2.775283 | PCL_LOSS=0.413709 | MEAN_GATE=0.5192 | BATCH_RMSE=0.862847
  STEP 700/1435 | TOTAL_LOSS=1.117172 | REG_LOSS=0.814391 | STDCLIP_LOSS=2.772482 | PCL_LOSS=0.255327 | MEAN_GATE=0.5509 | BATCH_RMSE=0.902436
  STEP 800/1435 | TOTAL_LOSS=0.699873 | REG_LOSS=0.377530 | STDCLIP_LOSS=2.769968 | PCL_LOSS=0.453460 | MEAN_GATE=0.5645 | BATCH_RMSE=0.614435
  STEP 900/1435 | TOTAL_LOSS=0.871014 | REG_LOSS=0.548391 | STDCLIP_LOSS=2.772732 | PCL_LOSS=0.453496 | MEAN_GATE=0.5692 | BATCH_RMSE=0.740534
  STEP 1000/1435 | TOTAL_LOSS=0.719693 | REG_LOSS=0.393471 | STDCLIP_LOSS=2.772198 | PCL_LOSS=0.490023 | MEAN_GATE=0.4988 | BATCH_RMSE=0.627273
  STEP 1100/1435 | TOTAL_LOSS=2.288746 | REG_LOSS=1.978403 | STDCLIP_LOSS=2.771811 | PCL_LOSS=0.331616 | MEAN_GATE=0.4793 | BATCH_RMSE=1.406557
  STEP 1200/1435 | TOTAL_LOSS=1.280526 | REG_LOSS=0.955399 | STDCLIP_LOSS=2.772233 | PCL_LOSS=0.479036 | MEAN_GATE=0.5352 | BATCH_RMSE=0.977445
  STEP 1300/1435 | TOTAL_LOSS=1.203228 | REG_LOSS=0.878548 | STDCLIP_LOSS=2.774343 | PCL_LOSS=0.472465 | MEAN_GATE=0.4801 | BATCH_RMSE=0.937309
  STEP 1400/1435 | TOTAL_LOSS=1.140641 | REG_LOSS=0.784776 | STDCLIP_LOSS=2.773506 | PCL_LOSS=0.785152 | MEAN_GATE=0.5352 | BATCH_RMSE=0.885876
[EPOCH 017/030] TRAIN: TOTAL=0.871981 | REG=0.561273 | STDCLIP=2.772625 | PCL=0.334450 | RMSE=0.749182 | MAE=0.509032 | CI=0.779158 | RM2=0.298703
[EPOCH 017/030] VAL  : TOTAL=0.785880 | REG=0.477395 | STDCLIP=2.772079 | PCL=0.312769 | RMSE=0.690938 | MAE=0.425724 | CI=0.821386 | RM2=0.397505
  SAVED NEW BEST MODEL | EPOCH=017 | BEST_VAL_RMSE=0.690938 | BEST_VAL_MAE=0.425724 | BEST_VAL_CI=0.821386 | BEST_VAL_RM2=0.397505

EPOCH 18/30
  STEP 100/1435 | TOTAL_LOSS=1.670410 | REG_LOSS=1.378450 | STDCLIP_LOSS=2.774246 | PCL_LOSS=0.145354 | MEAN_GATE=0.5035 | BATCH_RMSE=1.174074
  STEP 200/1435 | TOTAL_LOSS=0.873156 | REG_LOSS=0.538862 | STDCLIP_LOSS=2.771134 | PCL_LOSS=0.571805 | MEAN_GATE=0.4717 | BATCH_RMSE=0.734072
  STEP 300/1435 | TOTAL_LOSS=1.547701 | REG_LOSS=1.240053 | STDCLIP_LOSS=2.773103 | PCL_LOSS=0.303381 | MEAN_GATE=0.5063 | BATCH_RMSE=1.113577
  STEP 400/1435 | TOTAL_LOSS=0.569976 | REG_LOSS=0.270394 | STDCLIP_LOSS=2.775407 | PCL_LOSS=0.220411 | MEAN_GATE=0.4827 | BATCH_RMSE=0.519994
  STEP 500/1435 | TOTAL_LOSS=1.434653 | REG_LOSS=1.115573 | STDCLIP_LOSS=2.775217 | PCL_LOSS=0.415584 | MEAN_GATE=0.5314 | BATCH_RMSE=1.056207
  STEP 600/1435 | TOTAL_LOSS=0.997172 | REG_LOSS=0.686130 | STDCLIP_LOSS=2.770663 | PCL_LOSS=0.339751 | MEAN_GATE=0.5599 | BATCH_RMSE=0.828330
  STEP 700/1435 | TOTAL_LOSS=0.924813 | REG_LOSS=0.630537 | STDCLIP_LOSS=2.773794 | PCL_LOSS=0.168965 | MEAN_GATE=0.5478 | BATCH_RMSE=0.794064
  STEP 800/1435 | TOTAL_LOSS=0.837102 | REG_LOSS=0.517078 | STDCLIP_LOSS=2.770996 | PCL_LOSS=0.429242 | MEAN_GATE=0.4893 | BATCH_RMSE=0.719081
  STEP 900/1435 | TOTAL_LOSS=0.729284 | REG_LOSS=0.429452 | STDCLIP_LOSS=2.773478 | PCL_LOSS=0.224843 | MEAN_GATE=0.5083 | BATCH_RMSE=0.655326
  STEP 1000/1435 | TOTAL_LOSS=0.959587 | REG_LOSS=0.661122 | STDCLIP_LOSS=2.771579 | PCL_LOSS=0.213069 | MEAN_GATE=0.5571 | BATCH_RMSE=0.813094
  STEP 1100/1435 | TOTAL_LOSS=0.747113 | REG_LOSS=0.438401 | STDCLIP_LOSS=2.773427 | PCL_LOSS=0.313693 | MEAN_GATE=0.5532 | BATCH_RMSE=0.662119
  STEP 1200/1435 | TOTAL_LOSS=0.708073 | REG_LOSS=0.384534 | STDCLIP_LOSS=2.771165 | PCL_LOSS=0.464227 | MEAN_GATE=0.4795 | BATCH_RMSE=0.620108
  STEP 1300/1435 | TOTAL_LOSS=0.964434 | REG_LOSS=0.654146 | STDCLIP_LOSS=2.772595 | PCL_LOSS=0.330279 | MEAN_GATE=0.5348 | BATCH_RMSE=0.808793
  STEP 1400/1435 | TOTAL_LOSS=0.678177 | REG_LOSS=0.342311 | STDCLIP_LOSS=2.772442 | PCL_LOSS=0.586215 | MEAN_GATE=0.5171 | BATCH_RMSE=0.585074
[EPOCH 018/030] TRAIN: TOTAL=0.867986 | REG=0.558641 | STDCLIP=2.772555 | PCL=0.320896 | RMSE=0.747423 | MAE=0.507153 | CI=0.776155 | RM2=0.301534
[EPOCH 018/030] VAL  : TOTAL=0.793899 | REG=0.491653 | STDCLIP=2.772035 | PCL=0.250428 | RMSE=0.701180 | MAE=0.507163 | CI=0.817485 | RM2=0.378236

EPOCH 19/30
  STEP 100/1435 | TOTAL_LOSS=1.100226 | REG_LOSS=0.792184 | STDCLIP_LOSS=2.772058 | PCL_LOSS=0.308366 | MEAN_GATE=0.4303 | BATCH_RMSE=0.890047
  STEP 200/1435 | TOTAL_LOSS=1.161717 | REG_LOSS=0.873137 | STDCLIP_LOSS=2.773417 | PCL_LOSS=0.112385 | MEAN_GATE=0.5473 | BATCH_RMSE=0.934418
  STEP 300/1435 | TOTAL_LOSS=0.539164 | REG_LOSS=0.239917 | STDCLIP_LOSS=2.776361 | PCL_LOSS=0.216108 | MEAN_GATE=0.4656 | BATCH_RMSE=0.489813
  STEP 400/1435 | TOTAL_LOSS=0.936177 | REG_LOSS=0.604498 | STDCLIP_LOSS=2.771582 | PCL_LOSS=0.545202 | MEAN_GATE=0.5552 | BATCH_RMSE=0.777495
  STEP 500/1435 | TOTAL_LOSS=0.745795 | REG_LOSS=0.421447 | STDCLIP_LOSS=2.769787 | PCL_LOSS=0.473696 | MEAN_GATE=0.5838 | BATCH_RMSE=0.649189
  STEP 600/1435 | TOTAL_LOSS=0.909982 | REG_LOSS=0.592591 | STDCLIP_LOSS=2.773629 | PCL_LOSS=0.400281 | MEAN_GATE=0.5517 | BATCH_RMSE=0.769799
  STEP 700/1435 | TOTAL_LOSS=2.220309 | REG_LOSS=1.940144 | STDCLIP_LOSS=2.772449 | PCL_LOSS=0.029204 | MEAN_GATE=0.5529 | BATCH_RMSE=1.392890
  STEP 800/1435 | TOTAL_LOSS=0.795817 | REG_LOSS=0.507144 | STDCLIP_LOSS=2.773183 | PCL_LOSS=0.113550 | MEAN_GATE=0.5966 | BATCH_RMSE=0.712141
  STEP 900/1435 | TOTAL_LOSS=0.631335 | REG_LOSS=0.341875 | STDCLIP_LOSS=2.771276 | PCL_LOSS=0.123326 | MEAN_GATE=0.5359 | BATCH_RMSE=0.584701
  STEP 1000/1435 | TOTAL_LOSS=0.711905 | REG_LOSS=0.422003 | STDCLIP_LOSS=2.773423 | PCL_LOSS=0.125597 | MEAN_GATE=0.5382 | BATCH_RMSE=0.649618
  STEP 1100/1435 | TOTAL_LOSS=1.835257 | REG_LOSS=1.542941 | STDCLIP_LOSS=2.775758 | PCL_LOSS=0.147405 | MEAN_GATE=0.5430 | BATCH_RMSE=1.242152
  STEP 1200/1435 | TOTAL_LOSS=1.165604 | REG_LOSS=0.867225 | STDCLIP_LOSS=2.772353 | PCL_LOSS=0.211437 | MEAN_GATE=0.5352 | BATCH_RMSE=0.931249
  STEP 1300/1435 | TOTAL_LOSS=0.780274 | REG_LOSS=0.485551 | STDCLIP_LOSS=2.771653 | PCL_LOSS=0.175583 | MEAN_GATE=0.4983 | BATCH_RMSE=0.696815
  STEP 1400/1435 | TOTAL_LOSS=0.538248 | REG_LOSS=0.230442 | STDCLIP_LOSS=2.769494 | PCL_LOSS=0.308566 | MEAN_GATE=0.5623 | BATCH_RMSE=0.480044
[EPOCH 019/030] TRAIN: TOTAL=0.857621 | REG=0.549541 | STDCLIP=2.772512 | PCL=0.308292 | RMSE=0.741310 | MAE=0.500129 | CI=0.779203 | RM2=0.311725
[EPOCH 019/030] VAL  : TOTAL=0.769051 | REG=0.472789 | STDCLIP=2.771991 | PCL=0.190629 | RMSE=0.687597 | MAE=0.424244 | CI=0.823951 | RM2=0.395154
  SAVED NEW BEST MODEL | EPOCH=019 | BEST_VAL_RMSE=0.687597 | BEST_VAL_MAE=0.424244 | BEST_VAL_CI=0.823951 | BEST_VAL_RM2=0.395154

EPOCH 20/30
  STEP 100/1435 | TOTAL_LOSS=0.782916 | REG_LOSS=0.480445 | STDCLIP_LOSS=2.770515 | PCL_LOSS=0.254186 | MEAN_GATE=0.5294 | BATCH_RMSE=0.693142
  STEP 200/1435 | TOTAL_LOSS=0.873994 | REG_LOSS=0.569028 | STDCLIP_LOSS=2.772632 | PCL_LOSS=0.277034 | MEAN_GATE=0.4587 | BATCH_RMSE=0.754339
  STEP 300/1435 | TOTAL_LOSS=0.478375 | REG_LOSS=0.179476 | STDCLIP_LOSS=2.773141 | PCL_LOSS=0.215845 | MEAN_GATE=0.5231 | BATCH_RMSE=0.423646
  STEP 400/1435 | TOTAL_LOSS=0.678978 | REG_LOSS=0.360363 | STDCLIP_LOSS=2.775263 | PCL_LOSS=0.410891 | MEAN_GATE=0.5413 | BATCH_RMSE=0.600302
  STEP 500/1435 | TOTAL_LOSS=0.476759 | REG_LOSS=0.185072 | STDCLIP_LOSS=2.774487 | PCL_LOSS=0.142382 | MEAN_GATE=0.5189 | BATCH_RMSE=0.430200
  STEP 600/1435 | TOTAL_LOSS=0.701911 | REG_LOSS=0.394959 | STDCLIP_LOSS=2.771251 | PCL_LOSS=0.298266 | MEAN_GATE=0.5755 | BATCH_RMSE=0.628458
  STEP 700/1435 | TOTAL_LOSS=0.519112 | REG_LOSS=0.218525 | STDCLIP_LOSS=2.772554 | PCL_LOSS=0.233315 | MEAN_GATE=0.4984 | BATCH_RMSE=0.467467
  STEP 800/1435 | TOTAL_LOSS=0.927855 | REG_LOSS=0.623127 | STDCLIP_LOSS=2.774427 | PCL_LOSS=0.272854 | MEAN_GATE=0.5218 | BATCH_RMSE=0.789384
  STEP 900/1435 | TOTAL_LOSS=0.409595 | REG_LOSS=0.091479 | STDCLIP_LOSS=2.774432 | PCL_LOSS=0.406729 | MEAN_GATE=0.5202 | BATCH_RMSE=0.302455
  STEP 1000/1435 | TOTAL_LOSS=0.578041 | REG_LOSS=0.276792 | STDCLIP_LOSS=2.771118 | PCL_LOSS=0.241368 | MEAN_GATE=0.4942 | BATCH_RMSE=0.526111
  STEP 1100/1435 | TOTAL_LOSS=0.864563 | REG_LOSS=0.558814 | STDCLIP_LOSS=2.773018 | PCL_LOSS=0.284471 | MEAN_GATE=0.4982 | BATCH_RMSE=0.747539
  STEP 1200/1435 | TOTAL_LOSS=1.331785 | REG_LOSS=1.012202 | STDCLIP_LOSS=2.764998 | PCL_LOSS=0.430828 | MEAN_GATE=0.5604 | BATCH_RMSE=1.006083
  STEP 1300/1435 | TOTAL_LOSS=0.804757 | REG_LOSS=0.500369 | STDCLIP_LOSS=2.770032 | PCL_LOSS=0.273849 | MEAN_GATE=0.4998 | BATCH_RMSE=0.707367
  STEP 1400/1435 | TOTAL_LOSS=1.759963 | REG_LOSS=1.448892 | STDCLIP_LOSS=2.771092 | PCL_LOSS=0.339623 | MEAN_GATE=0.5809 | BATCH_RMSE=1.203699
[EPOCH 020/030] TRAIN: TOTAL=0.848180 | REG=0.542453 | STDCLIP=2.772578 | PCL=0.284691 | RMSE=0.736514 | MAE=0.498850 | CI=0.783162 | RM2=0.319452
[EPOCH 020/030] VAL  : TOTAL=0.770435 | REG=0.461178 | STDCLIP=2.772008 | PCL=0.320565 | RMSE=0.679101 | MAE=0.430006 | CI=0.810077 | RM2=0.399630
  SAVED NEW BEST MODEL | EPOCH=020 | BEST_VAL_RMSE=0.679101 | BEST_VAL_MAE=0.430006 | BEST_VAL_CI=0.810077 | BEST_VAL_RM2=0.399630

EPOCH 21/30
  STEP 100/1435 | TOTAL_LOSS=0.730364 | REG_LOSS=0.423049 | STDCLIP_LOSS=2.774020 | PCL_LOSS=0.299132 | MEAN_GATE=0.5000 | BATCH_RMSE=0.650422
  STEP 200/1435 | TOTAL_LOSS=0.586978 | REG_LOSS=0.276156 | STDCLIP_LOSS=2.770899 | PCL_LOSS=0.337319 | MEAN_GATE=0.4602 | BATCH_RMSE=0.525505
  STEP 300/1435 | TOTAL_LOSS=0.516878 | REG_LOSS=0.174779 | STDCLIP_LOSS=2.773668 | PCL_LOSS=0.647328 | MEAN_GATE=0.5056 | BATCH_RMSE=0.418066
  STEP 400/1435 | TOTAL_LOSS=1.721140 | REG_LOSS=1.418286 | STDCLIP_LOSS=2.770786 | PCL_LOSS=0.257751 | MEAN_GATE=0.5032 | BATCH_RMSE=1.190918
  STEP 500/1435 | TOTAL_LOSS=0.606706 | REG_LOSS=0.287336 | STDCLIP_LOSS=2.773500 | PCL_LOSS=0.420209 | MEAN_GATE=0.4959 | BATCH_RMSE=0.536037
  STEP 600/1435 | TOTAL_LOSS=0.512363 | REG_LOSS=0.203967 | STDCLIP_LOSS=2.773370 | PCL_LOSS=0.310590 | MEAN_GATE=0.4875 | BATCH_RMSE=0.451627
  STEP 700/1435 | TOTAL_LOSS=0.752648 | REG_LOSS=0.418419 | STDCLIP_LOSS=2.772923 | PCL_LOSS=0.569363 | MEAN_GATE=0.5923 | BATCH_RMSE=0.646853
  STEP 800/1435 | TOTAL_LOSS=0.706062 | REG_LOSS=0.386832 | STDCLIP_LOSS=2.773769 | PCL_LOSS=0.418528 | MEAN_GATE=0.5027 | BATCH_RMSE=0.621958
  STEP 900/1435 | TOTAL_LOSS=1.252184 | REG_LOSS=0.945063 | STDCLIP_LOSS=2.773310 | PCL_LOSS=0.297892 | MEAN_GATE=0.5244 | BATCH_RMSE=0.972144
  STEP 1000/1435 | TOTAL_LOSS=0.627447 | REG_LOSS=0.328838 | STDCLIP_LOSS=2.772857 | PCL_LOSS=0.213224 | MEAN_GATE=0.6329 | BATCH_RMSE=0.573444
  STEP 1100/1435 | TOTAL_LOSS=0.596511 | REG_LOSS=0.288086 | STDCLIP_LOSS=2.775253 | PCL_LOSS=0.308997 | MEAN_GATE=0.5390 | BATCH_RMSE=0.536736
  STEP 1200/1435 | TOTAL_LOSS=0.981551 | REG_LOSS=0.686332 | STDCLIP_LOSS=2.770147 | PCL_LOSS=0.182037 | MEAN_GATE=0.5343 | BATCH_RMSE=0.828452
  STEP 1300/1435 | TOTAL_LOSS=0.593333 | REG_LOSS=0.273812 | STDCLIP_LOSS=2.770709 | PCL_LOSS=0.424498 | MEAN_GATE=0.5654 | BATCH_RMSE=0.523270
  STEP 1400/1435 | TOTAL_LOSS=0.598622 | REG_LOSS=0.305819 | STDCLIP_LOSS=2.773341 | PCL_LOSS=0.154689 | MEAN_GATE=0.4835 | BATCH_RMSE=0.553009
[EPOCH 021/030] TRAIN: TOTAL=0.848824 | REG=0.540961 | STDCLIP=2.772570 | PCL=0.306064 | RMSE=0.735500 | MAE=0.494979 | CI=0.782878 | RM2=0.320848
[EPOCH 021/030] VAL  : TOTAL=0.773448 | REG=0.474924 | STDCLIP=2.771980 | PCL=0.213252 | RMSE=0.689148 | MAE=0.412882 | CI=0.826571 | RM2=0.411111

EPOCH 22/30
  STEP 100/1435 | TOTAL_LOSS=0.497078 | REG_LOSS=0.200072 | STDCLIP_LOSS=2.774616 | PCL_LOSS=0.195449 | MEAN_GATE=0.5377 | BATCH_RMSE=0.447294
  STEP 200/1435 | TOTAL_LOSS=0.769256 | REG_LOSS=0.468221 | STDCLIP_LOSS=2.774538 | PCL_LOSS=0.235812 | MEAN_GATE=0.5799 | BATCH_RMSE=0.684267
  STEP 300/1435 | TOTAL_LOSS=0.704394 | REG_LOSS=0.393760 | STDCLIP_LOSS=2.778222 | PCL_LOSS=0.328113 | MEAN_GATE=0.5930 | BATCH_RMSE=0.627503
  STEP 400/1435 | TOTAL_LOSS=1.083809 | REG_LOSS=0.772892 | STDCLIP_LOSS=2.773364 | PCL_LOSS=0.335807 | MEAN_GATE=0.6295 | BATCH_RMSE=0.879143
  STEP 500/1435 | TOTAL_LOSS=0.604040 | REG_LOSS=0.291784 | STDCLIP_LOSS=2.773747 | PCL_LOSS=0.348813 | MEAN_GATE=0.5850 | BATCH_RMSE=0.540171
  STEP 600/1435 | TOTAL_LOSS=1.100845 | REG_LOSS=0.775239 | STDCLIP_LOSS=2.773335 | PCL_LOSS=0.482718 | MEAN_GATE=0.5232 | BATCH_RMSE=0.880477
  STEP 700/1435 | TOTAL_LOSS=0.703658 | REG_LOSS=0.284328 | STDCLIP_LOSS=2.772604 | PCL_LOSS=1.420698 | MEAN_GATE=0.5672 | BATCH_RMSE=0.533224
  STEP 800/1435 | TOTAL_LOSS=1.806864 | REG_LOSS=1.474803 | STDCLIP_LOSS=2.774549 | PCL_LOSS=0.546057 | MEAN_GATE=0.4884 | BATCH_RMSE=1.214415
  STEP 900/1435 | TOTAL_LOSS=0.370131 | REG_LOSS=0.070112 | STDCLIP_LOSS=2.772438 | PCL_LOSS=0.227752 | MEAN_GATE=0.4963 | BATCH_RMSE=0.264786
  STEP 1000/1435 | TOTAL_LOSS=0.904668 | REG_LOSS=0.605541 | STDCLIP_LOSS=2.770552 | PCL_LOSS=0.220722 | MEAN_GATE=0.4964 | BATCH_RMSE=0.778165
  STEP 1100/1435 | TOTAL_LOSS=0.560279 | REG_LOSS=0.254119 | STDCLIP_LOSS=2.776901 | PCL_LOSS=0.284699 | MEAN_GATE=0.5674 | BATCH_RMSE=0.504103
  STEP 1200/1435 | TOTAL_LOSS=0.765670 | REG_LOSS=0.471816 | STDCLIP_LOSS=2.770228 | PCL_LOSS=0.168314 | MEAN_GATE=0.5417 | BATCH_RMSE=0.686889
  STEP 1300/1435 | TOTAL_LOSS=1.029224 | REG_LOSS=0.720120 | STDCLIP_LOSS=2.772088 | PCL_LOSS=0.318960 | MEAN_GATE=0.5015 | BATCH_RMSE=0.848599
  STEP 1400/1435 | TOTAL_LOSS=0.846593 | REG_LOSS=0.544036 | STDCLIP_LOSS=2.768439 | PCL_LOSS=0.257128 | MEAN_GATE=0.5347 | BATCH_RMSE=0.737588
[EPOCH 022/030] TRAIN: TOTAL=0.835740 | REG=0.528265 | STDCLIP=2.772541 | PCL=0.302205 | RMSE=0.726819 | MAE=0.489922 | CI=0.786695 | RM2=0.335387
[EPOCH 022/030] VAL  : TOTAL=0.766525 | REG=0.471769 | STDCLIP=2.772052 | PCL=0.175505 | RMSE=0.686855 | MAE=0.474724 | CI=0.817675 | RM2=0.378239

EPOCH 23/30
  STEP 100/1435 | TOTAL_LOSS=0.833843 | REG_LOSS=0.527492 | STDCLIP_LOSS=2.774068 | PCL_LOSS=0.289448 | MEAN_GATE=0.4871 | BATCH_RMSE=0.726286
  STEP 200/1435 | TOTAL_LOSS=0.629014 | REG_LOSS=0.334248 | STDCLIP_LOSS=2.770771 | PCL_LOSS=0.176893 | MEAN_GATE=0.5263 | BATCH_RMSE=0.578142
  STEP 300/1435 | TOTAL_LOSS=0.710963 | REG_LOSS=0.417735 | STDCLIP_LOSS=2.771417 | PCL_LOSS=0.160856 | MEAN_GATE=0.5555 | BATCH_RMSE=0.646324
  STEP 400/1435 | TOTAL_LOSS=0.850132 | REG_LOSS=0.519198 | STDCLIP_LOSS=2.771879 | PCL_LOSS=0.537465 | MEAN_GATE=0.5590 | BATCH_RMSE=0.720554
  STEP 500/1435 | TOTAL_LOSS=0.808937 | REG_LOSS=0.496316 | STDCLIP_LOSS=2.773218 | PCL_LOSS=0.352993 | MEAN_GATE=0.5586 | BATCH_RMSE=0.704497
  STEP 600/1435 | TOTAL_LOSS=0.573549 | REG_LOSS=0.270779 | STDCLIP_LOSS=2.775285 | PCL_LOSS=0.252407 | MEAN_GATE=0.4929 | BATCH_RMSE=0.520365
  STEP 700/1435 | TOTAL_LOSS=0.708193 | REG_LOSS=0.403336 | STDCLIP_LOSS=2.770341 | PCL_LOSS=0.278231 | MEAN_GATE=0.5023 | BATCH_RMSE=0.635087
  STEP 800/1435 | TOTAL_LOSS=1.416400 | REG_LOSS=1.114682 | STDCLIP_LOSS=2.774445 | PCL_LOSS=0.242731 | MEAN_GATE=0.5055 | BATCH_RMSE=1.055785
  STEP 900/1435 | TOTAL_LOSS=0.657786 | REG_LOSS=0.345228 | STDCLIP_LOSS=2.773213 | PCL_LOSS=0.352372 | MEAN_GATE=0.5089 | BATCH_RMSE=0.587561
  STEP 1000/1435 | TOTAL_LOSS=0.598712 | REG_LOSS=0.300678 | STDCLIP_LOSS=2.772884 | PCL_LOSS=0.207454 | MEAN_GATE=0.5658 | BATCH_RMSE=0.548341
  STEP 1100/1435 | TOTAL_LOSS=0.568552 | REG_LOSS=0.229491 | STDCLIP_LOSS=2.777886 | PCL_LOSS=0.612716 | MEAN_GATE=0.4900 | BATCH_RMSE=0.479053
  STEP 1200/1435 | TOTAL_LOSS=0.823423 | REG_LOSS=0.527577 | STDCLIP_LOSS=2.783518 | PCL_LOSS=0.174935 | MEAN_GATE=0.4957 | BATCH_RMSE=0.726345
  STEP 1300/1435 | TOTAL_LOSS=0.722283 | REG_LOSS=0.413869 | STDCLIP_LOSS=2.768994 | PCL_LOSS=0.315147 | MEAN_GATE=0.4920 | BATCH_RMSE=0.643326
  STEP 1400/1435 | TOTAL_LOSS=0.654647 | REG_LOSS=0.342617 | STDCLIP_LOSS=2.773638 | PCL_LOSS=0.346660 | MEAN_GATE=0.5863 | BATCH_RMSE=0.585335
[EPOCH 023/030] TRAIN: TOTAL=0.826608 | REG=0.521597 | STDCLIP=2.772508 | PCL=0.277599 | RMSE=0.722217 | MAE=0.487840 | CI=0.788424 | RM2=0.342432
[EPOCH 023/030] VAL  : TOTAL=0.737614 | REG=0.440526 | STDCLIP=2.772138 | PCL=0.198744 | RMSE=0.663721 | MAE=0.417309 | CI=0.827652 | RM2=0.433087
  SAVED NEW BEST MODEL | EPOCH=023 | BEST_VAL_RMSE=0.663721 | BEST_VAL_MAE=0.417309 | BEST_VAL_CI=0.827652 | BEST_VAL_RM2=0.433087

EPOCH 24/30
  STEP 100/1435 | TOTAL_LOSS=0.737441 | REG_LOSS=0.426917 | STDCLIP_LOSS=2.771874 | PCL_LOSS=0.333363 | MEAN_GATE=0.5530 | BATCH_RMSE=0.653389
  STEP 200/1435 | TOTAL_LOSS=1.829423 | REG_LOSS=1.499765 | STDCLIP_LOSS=2.770346 | PCL_LOSS=0.526233 | MEAN_GATE=0.5596 | BATCH_RMSE=1.224649
  STEP 300/1435 | TOTAL_LOSS=0.844954 | REG_LOSS=0.550300 | STDCLIP_LOSS=2.755467 | PCL_LOSS=0.191080 | MEAN_GATE=0.5586 | BATCH_RMSE=0.741822
  STEP 400/1435 | TOTAL_LOSS=0.942820 | REG_LOSS=0.655418 | STDCLIP_LOSS=2.770571 | PCL_LOSS=0.103448 | MEAN_GATE=0.5542 | BATCH_RMSE=0.809579
  STEP 500/1435 | TOTAL_LOSS=0.802565 | REG_LOSS=0.505074 | STDCLIP_LOSS=2.772859 | PCL_LOSS=0.202053 | MEAN_GATE=0.5202 | BATCH_RMSE=0.710686
  STEP 600/1435 | TOTAL_LOSS=1.219977 | REG_LOSS=0.918403 | STDCLIP_LOSS=2.772435 | PCL_LOSS=0.243306 | MEAN_GATE=0.5310 | BATCH_RMSE=0.958333
  STEP 700/1435 | TOTAL_LOSS=1.013065 | REG_LOSS=0.708951 | STDCLIP_LOSS=2.771556 | PCL_LOSS=0.269584 | MEAN_GATE=0.5528 | BATCH_RMSE=0.841992
  STEP 800/1435 | TOTAL_LOSS=1.350808 | REG_LOSS=1.042086 | STDCLIP_LOSS=2.773940 | PCL_LOSS=0.313285 | MEAN_GATE=0.5876 | BATCH_RMSE=1.020826
  STEP 900/1435 | TOTAL_LOSS=0.514493 | REG_LOSS=0.202638 | STDCLIP_LOSS=2.772532 | PCL_LOSS=0.346016 | MEAN_GATE=0.5170 | BATCH_RMSE=0.450154
  STEP 1000/1435 | TOTAL_LOSS=1.684278 | REG_LOSS=1.387592 | STDCLIP_LOSS=2.773830 | PCL_LOSS=0.193027 | MEAN_GATE=0.5343 | BATCH_RMSE=1.177961
  STEP 1100/1435 | TOTAL_LOSS=1.111210 | REG_LOSS=0.807766 | STDCLIP_LOSS=2.772679 | PCL_LOSS=0.261759 | MEAN_GATE=0.5473 | BATCH_RMSE=0.898758
  STEP 1200/1435 | TOTAL_LOSS=0.512055 | REG_LOSS=0.191944 | STDCLIP_LOSS=2.774030 | PCL_LOSS=0.427086 | MEAN_GATE=0.5135 | BATCH_RMSE=0.438114
  STEP 1300/1435 | TOTAL_LOSS=0.807676 | REG_LOSS=0.506150 | STDCLIP_LOSS=2.770096 | PCL_LOSS=0.245170 | MEAN_GATE=0.4969 | BATCH_RMSE=0.711442
  STEP 1400/1435 | TOTAL_LOSS=1.236069 | REG_LOSS=0.949352 | STDCLIP_LOSS=2.773201 | PCL_LOSS=0.093971 | MEAN_GATE=0.5132 | BATCH_RMSE=0.974347
[EPOCH 024/030] TRAIN: TOTAL=0.820895 | REG=0.514371 | STDCLIP=2.772562 | PCL=0.292679 | RMSE=0.717197 | MAE=0.484043 | CI=0.790735 | RM2=0.350970
[EPOCH 024/030] VAL  : TOTAL=0.736643 | REG=0.441654 | STDCLIP=2.771986 | PCL=0.177906 | RMSE=0.664570 | MAE=0.436880 | CI=0.823275 | RM2=0.431882

EPOCH 25/30
  STEP 100/1435 | TOTAL_LOSS=0.451533 | REG_LOSS=0.151673 | STDCLIP_LOSS=2.768448 | PCL_LOSS=0.230151 | MEAN_GATE=0.5608 | BATCH_RMSE=0.389453
  STEP 200/1435 | TOTAL_LOSS=0.683342 | REG_LOSS=0.379436 | STDCLIP_LOSS=2.771841 | PCL_LOSS=0.267217 | MEAN_GATE=0.5560 | BATCH_RMSE=0.615984
  STEP 300/1435 | TOTAL_LOSS=0.677134 | REG_LOSS=0.340192 | STDCLIP_LOSS=2.779853 | PCL_LOSS=0.589569 | MEAN_GATE=0.5639 | BATCH_RMSE=0.583260
  STEP 400/1435 | TOTAL_LOSS=0.773540 | REG_LOSS=0.460282 | STDCLIP_LOSS=2.768766 | PCL_LOSS=0.363819 | MEAN_GATE=0.5720 | BATCH_RMSE=0.678441
  STEP 500/1435 | TOTAL_LOSS=1.184017 | REG_LOSS=0.867467 | STDCLIP_LOSS=2.767083 | PCL_LOSS=0.398419 | MEAN_GATE=0.5116 | BATCH_RMSE=0.931379
  STEP 600/1435 | TOTAL_LOSS=1.199351 | REG_LOSS=0.892182 | STDCLIP_LOSS=2.772397 | PCL_LOSS=0.299293 | MEAN_GATE=0.5453 | BATCH_RMSE=0.944554
  STEP 700/1435 | TOTAL_LOSS=1.022801 | REG_LOSS=0.722040 | STDCLIP_LOSS=2.773619 | PCL_LOSS=0.233996 | MEAN_GATE=0.5365 | BATCH_RMSE=0.849729
  STEP 800/1435 | TOTAL_LOSS=0.545253 | REG_LOSS=0.235465 | STDCLIP_LOSS=2.771105 | PCL_LOSS=0.326779 | MEAN_GATE=0.4987 | BATCH_RMSE=0.485247
  STEP 900/1435 | TOTAL_LOSS=0.750929 | REG_LOSS=0.435728 | STDCLIP_LOSS=2.769718 | PCL_LOSS=0.382286 | MEAN_GATE=0.5137 | BATCH_RMSE=0.660097
  STEP 1000/1435 | TOTAL_LOSS=0.603063 | REG_LOSS=0.298940 | STDCLIP_LOSS=2.770369 | PCL_LOSS=0.270858 | MEAN_GATE=0.5337 | BATCH_RMSE=0.546754
  STEP 1100/1435 | TOTAL_LOSS=0.523918 | REG_LOSS=0.227041 | STDCLIP_LOSS=2.776211 | PCL_LOSS=0.192563 | MEAN_GATE=0.5123 | BATCH_RMSE=0.476488
  STEP 1200/1435 | TOTAL_LOSS=0.575487 | REG_LOSS=0.287483 | STDCLIP_LOSS=2.772784 | PCL_LOSS=0.107257 | MEAN_GATE=0.5197 | BATCH_RMSE=0.536174
  STEP 1300/1435 | TOTAL_LOSS=1.143558 | REG_LOSS=0.844380 | STDCLIP_LOSS=2.774130 | PCL_LOSS=0.217652 | MEAN_GATE=0.4963 | BATCH_RMSE=0.918901
  STEP 1400/1435 | TOTAL_LOSS=0.624751 | REG_LOSS=0.280766 | STDCLIP_LOSS=2.770977 | PCL_LOSS=0.668880 | MEAN_GATE=0.5836 | BATCH_RMSE=0.529873
[EPOCH 025/030] TRAIN: TOTAL=0.828302 | REG=0.523286 | STDCLIP=2.772529 | PCL=0.277633 | RMSE=0.723385 | MAE=0.488740 | CI=0.788858 | RM2=0.340111
[EPOCH 025/030] VAL  : TOTAL=0.735962 | REG=0.439873 | STDCLIP=2.772048 | PCL=0.188847 | RMSE=0.663229 | MAE=0.421890 | CI=0.820801 | RM2=0.429417
  SAVED NEW BEST MODEL | EPOCH=025 | BEST_VAL_RMSE=0.663229 | BEST_VAL_MAE=0.421890 | BEST_VAL_CI=0.820801 | BEST_VAL_RM2=0.429417

EPOCH 26/30
  STEP 100/1435 | TOTAL_LOSS=0.743617 | REG_LOSS=0.425620 | STDCLIP_LOSS=2.774764 | PCL_LOSS=0.405210 | MEAN_GATE=0.5086 | BATCH_RMSE=0.652396
  STEP 200/1435 | TOTAL_LOSS=0.513907 | REG_LOSS=0.205669 | STDCLIP_LOSS=2.772644 | PCL_LOSS=0.309738 | MEAN_GATE=0.5274 | BATCH_RMSE=0.453507
  STEP 300/1435 | TOTAL_LOSS=0.410409 | REG_LOSS=0.101146 | STDCLIP_LOSS=2.776146 | PCL_LOSS=0.316484 | MEAN_GATE=0.5370 | BATCH_RMSE=0.318035
  STEP 400/1435 | TOTAL_LOSS=1.089400 | REG_LOSS=0.770354 | STDCLIP_LOSS=2.772043 | PCL_LOSS=0.418417 | MEAN_GATE=0.6298 | BATCH_RMSE=0.877698
  STEP 500/1435 | TOTAL_LOSS=0.533275 | REG_LOSS=0.209494 | STDCLIP_LOSS=2.772653 | PCL_LOSS=0.465164 | MEAN_GATE=0.4409 | BATCH_RMSE=0.457705
  STEP 600/1435 | TOTAL_LOSS=0.508539 | REG_LOSS=0.216436 | STDCLIP_LOSS=2.769425 | PCL_LOSS=0.151605 | MEAN_GATE=0.4672 | BATCH_RMSE=0.465227
  STEP 700/1435 | TOTAL_LOSS=0.935940 | REG_LOSS=0.640265 | STDCLIP_LOSS=2.774175 | PCL_LOSS=0.182574 | MEAN_GATE=0.5765 | BATCH_RMSE=0.800165
  STEP 800/1435 | TOTAL_LOSS=0.774667 | REG_LOSS=0.441546 | STDCLIP_LOSS=2.774249 | PCL_LOSS=0.556955 | MEAN_GATE=0.5148 | BATCH_RMSE=0.664489
  STEP 900/1435 | TOTAL_LOSS=0.901787 | REG_LOSS=0.591510 | STDCLIP_LOSS=2.774284 | PCL_LOSS=0.328485 | MEAN_GATE=0.5296 | BATCH_RMSE=0.769097
  STEP 1000/1435 | TOTAL_LOSS=0.595047 | REG_LOSS=0.282672 | STDCLIP_LOSS=2.776164 | PCL_LOSS=0.347586 | MEAN_GATE=0.5071 | BATCH_RMSE=0.531669
  STEP 1100/1435 | TOTAL_LOSS=0.816285 | REG_LOSS=0.522885 | STDCLIP_LOSS=2.768638 | PCL_LOSS=0.165362 | MEAN_GATE=0.5303 | BATCH_RMSE=0.723108
  STEP 1200/1435 | TOTAL_LOSS=1.131173 | REG_LOSS=0.825211 | STDCLIP_LOSS=2.770435 | PCL_LOSS=0.289182 | MEAN_GATE=0.5549 | BATCH_RMSE=0.908412
  STEP 1300/1435 | TOTAL_LOSS=0.499256 | REG_LOSS=0.178443 | STDCLIP_LOSS=2.770237 | PCL_LOSS=0.437898 | MEAN_GATE=0.4867 | BATCH_RMSE=0.422425
  STEP 1400/1435 | TOTAL_LOSS=0.509507 | REG_LOSS=0.217220 | STDCLIP_LOSS=2.772015 | PCL_LOSS=0.150855 | MEAN_GATE=0.5322 | BATCH_RMSE=0.466069
[EPOCH 026/030] TRAIN: TOTAL=0.820774 | REG=0.516721 | STDCLIP=2.772556 | PCL=0.267973 | RMSE=0.718833 | MAE=0.486500 | CI=0.788228 | RM2=0.347287
[EPOCH 026/030] VAL  : TOTAL=0.725508 | REG=0.432312 | STDCLIP=2.772086 | PCL=0.159872 | RMSE=0.657504 | MAE=0.408794 | CI=0.830143 | RM2=0.434980
  SAVED NEW BEST MODEL | EPOCH=026 | BEST_VAL_RMSE=0.657504 | BEST_VAL_MAE=0.408794 | BEST_VAL_CI=0.830143 | BEST_VAL_RM2=0.434980

EPOCH 27/30
  STEP 100/1435 | TOTAL_LOSS=0.578867 | REG_LOSS=0.276991 | STDCLIP_LOSS=2.775069 | PCL_LOSS=0.243696 | MEAN_GATE=0.5647 | BATCH_RMSE=0.526299
  STEP 200/1435 | TOTAL_LOSS=0.364815 | REG_LOSS=0.078059 | STDCLIP_LOSS=2.770395 | PCL_LOSS=0.097165 | MEAN_GATE=0.5308 | BATCH_RMSE=0.279390
  STEP 300/1435 | TOTAL_LOSS=0.537293 | REG_LOSS=0.257504 | STDCLIP_LOSS=2.771252 | PCL_LOSS=0.026640 | MEAN_GATE=0.5586 | BATCH_RMSE=0.507449
  STEP 400/1435 | TOTAL_LOSS=0.497947 | REG_LOSS=0.165595 | STDCLIP_LOSS=2.772298 | PCL_LOSS=0.551218 | MEAN_GATE=0.4889 | BATCH_RMSE=0.406934
  STEP 500/1435 | TOTAL_LOSS=0.481317 | REG_LOSS=0.183038 | STDCLIP_LOSS=2.773213 | PCL_LOSS=0.209571 | MEAN_GATE=0.5680 | BATCH_RMSE=0.427829
  STEP 600/1435 | TOTAL_LOSS=0.436055 | REG_LOSS=0.144200 | STDCLIP_LOSS=2.771347 | PCL_LOSS=0.147201 | MEAN_GATE=0.4782 | BATCH_RMSE=0.379737
  STEP 700/1435 | TOTAL_LOSS=0.772587 | REG_LOSS=0.470219 | STDCLIP_LOSS=2.772120 | PCL_LOSS=0.251556 | MEAN_GATE=0.5442 | BATCH_RMSE=0.685726
  STEP 800/1435 | TOTAL_LOSS=0.663552 | REG_LOSS=0.359184 | STDCLIP_LOSS=2.772927 | PCL_LOSS=0.270758 | MEAN_GATE=0.4994 | BATCH_RMSE=0.599319
  STEP 900/1435 | TOTAL_LOSS=0.433068 | REG_LOSS=0.150233 | STDCLIP_LOSS=2.770731 | PCL_LOSS=0.057612 | MEAN_GATE=0.4924 | BATCH_RMSE=0.387599
  STEP 1000/1435 | TOTAL_LOSS=0.995173 | REG_LOSS=0.688819 | STDCLIP_LOSS=2.777004 | PCL_LOSS=0.286530 | MEAN_GATE=0.5384 | BATCH_RMSE=0.829951
  STEP 1100/1435 | TOTAL_LOSS=1.270606 | REG_LOSS=0.979455 | STDCLIP_LOSS=2.768461 | PCL_LOSS=0.143054 | MEAN_GATE=0.5671 | BATCH_RMSE=0.989674
  STEP 1200/1435 | TOTAL_LOSS=0.876100 | REG_LOSS=0.539436 | STDCLIP_LOSS=2.770846 | PCL_LOSS=0.595790 | MEAN_GATE=0.4780 | BATCH_RMSE=0.734463
  STEP 1300/1435 | TOTAL_LOSS=0.557557 | REG_LOSS=0.268852 | STDCLIP_LOSS=2.775097 | PCL_LOSS=0.111950 | MEAN_GATE=0.5078 | BATCH_RMSE=0.518509
  STEP 1400/1435 | TOTAL_LOSS=0.710626 | REG_LOSS=0.394710 | STDCLIP_LOSS=2.773276 | PCL_LOSS=0.385886 | MEAN_GATE=0.5239 | BATCH_RMSE=0.628260
[EPOCH 027/030] TRAIN: TOTAL=0.805130 | REG=0.501043 | STDCLIP=2.772567 | PCL=0.268301 | RMSE=0.707844 | MAE=0.478452 | CI=0.795472 | RM2=0.366005
[EPOCH 027/030] VAL  : TOTAL=0.732429 | REG=0.437611 | STDCLIP=2.772020 | PCL=0.176155 | RMSE=0.661522 | MAE=0.396689 | CI=0.833025 | RM2=0.451405

EPOCH 28/30
  STEP 100/1435 | TOTAL_LOSS=1.043159 | REG_LOSS=0.756139 | STDCLIP_LOSS=2.770879 | PCL_LOSS=0.099314 | MEAN_GATE=0.5297 | BATCH_RMSE=0.869563
  STEP 200/1435 | TOTAL_LOSS=1.158263 | REG_LOSS=0.837611 | STDCLIP_LOSS=2.770989 | PCL_LOSS=0.435532 | MEAN_GATE=0.5551 | BATCH_RMSE=0.915211
  STEP 300/1435 | TOTAL_LOSS=1.328607 | REG_LOSS=0.977133 | STDCLIP_LOSS=2.769902 | PCL_LOSS=0.744843 | MEAN_GATE=0.5146 | BATCH_RMSE=0.988500
  STEP 400/1435 | TOTAL_LOSS=0.496657 | REG_LOSS=0.194554 | STDCLIP_LOSS=2.773858 | PCL_LOSS=0.247172 | MEAN_GATE=0.5251 | BATCH_RMSE=0.441083
  STEP 500/1435 | TOTAL_LOSS=0.796086 | REG_LOSS=0.496617 | STDCLIP_LOSS=2.772607 | PCL_LOSS=0.222088 | MEAN_GATE=0.5850 | BATCH_RMSE=0.704710
  STEP 600/1435 | TOTAL_LOSS=0.681572 | REG_LOSS=0.326251 | STDCLIP_LOSS=2.774170 | PCL_LOSS=0.779046 | MEAN_GATE=0.5601 | BATCH_RMSE=0.571183
  STEP 700/1435 | TOTAL_LOSS=0.833958 | REG_LOSS=0.547528 | STDCLIP_LOSS=2.771788 | PCL_LOSS=0.092517 | MEAN_GATE=0.5594 | BATCH_RMSE=0.739951
  STEP 800/1435 | TOTAL_LOSS=1.853553 | REG_LOSS=1.496114 | STDCLIP_LOSS=2.771841 | PCL_LOSS=0.802544 | MEAN_GATE=0.5717 | BATCH_RMSE=1.223158
  STEP 900/1435 | TOTAL_LOSS=0.704977 | REG_LOSS=0.410100 | STDCLIP_LOSS=2.777674 | PCL_LOSS=0.171088 | MEAN_GATE=0.5846 | BATCH_RMSE=0.640391
  STEP 1000/1435 | TOTAL_LOSS=0.941181 | REG_LOSS=0.634534 | STDCLIP_LOSS=2.775011 | PCL_LOSS=0.291456 | MEAN_GATE=0.5193 | BATCH_RMSE=0.796577
  STEP 1100/1435 | TOTAL_LOSS=0.608765 | REG_LOSS=0.301042 | STDCLIP_LOSS=2.773468 | PCL_LOSS=0.303754 | MEAN_GATE=0.5384 | BATCH_RMSE=0.548673
  STEP 1200/1435 | TOTAL_LOSS=0.559164 | REG_LOSS=0.257013 | STDCLIP_LOSS=2.774230 | PCL_LOSS=0.247284 | MEAN_GATE=0.4901 | BATCH_RMSE=0.506964
  STEP 1300/1435 | TOTAL_LOSS=0.783860 | REG_LOSS=0.478078 | STDCLIP_LOSS=2.772393 | PCL_LOSS=0.285420 | MEAN_GATE=0.5647 | BATCH_RMSE=0.691432
  STEP 1400/1435 | TOTAL_LOSS=0.576938 | REG_LOSS=0.278356 | STDCLIP_LOSS=2.771686 | PCL_LOSS=0.214131 | MEAN_GATE=0.5487 | BATCH_RMSE=0.527595
[EPOCH 028/030] TRAIN: TOTAL=0.795332 | REG=0.491584 | STDCLIP=2.772560 | PCL=0.264919 | RMSE=0.701130 | MAE=0.475911 | CI=0.796246 | RM2=0.376106
[EPOCH 028/030] VAL  : TOTAL=0.737554 | REG=0.440190 | STDCLIP=2.771977 | PCL=0.201660 | RMSE=0.663468 | MAE=0.401100 | CI=0.822171 | RM2=0.426797

EPOCH 29/30
  STEP 100/1435 | TOTAL_LOSS=0.689469 | REG_LOSS=0.359766 | STDCLIP_LOSS=2.774257 | PCL_LOSS=0.522764 | MEAN_GATE=0.5230 | BATCH_RMSE=0.599805
  STEP 200/1435 | TOTAL_LOSS=1.004409 | REG_LOSS=0.700310 | STDCLIP_LOSS=2.771986 | PCL_LOSS=0.269004 | MEAN_GATE=0.4855 | BATCH_RMSE=0.836845
  STEP 300/1435 | TOTAL_LOSS=0.821364 | REG_LOSS=0.518446 | STDCLIP_LOSS=2.773907 | PCL_LOSS=0.255272 | MEAN_GATE=0.5001 | BATCH_RMSE=0.720032
  STEP 400/1435 | TOTAL_LOSS=0.948465 | REG_LOSS=0.638540 | STDCLIP_LOSS=2.775263 | PCL_LOSS=0.323992 | MEAN_GATE=0.5933 | BATCH_RMSE=0.799087
  STEP 500/1435 | TOTAL_LOSS=1.212676 | REG_LOSS=0.913423 | STDCLIP_LOSS=2.773231 | PCL_LOSS=0.219293 | MEAN_GATE=0.4974 | BATCH_RMSE=0.955732
  STEP 600/1435 | TOTAL_LOSS=1.041438 | REG_LOSS=0.747584 | STDCLIP_LOSS=2.775305 | PCL_LOSS=0.163238 | MEAN_GATE=0.5085 | BATCH_RMSE=0.864629
  STEP 700/1435 | TOTAL_LOSS=0.692001 | REG_LOSS=0.383766 | STDCLIP_LOSS=2.771972 | PCL_LOSS=0.310375 | MEAN_GATE=0.4732 | BATCH_RMSE=0.619489
  STEP 800/1435 | TOTAL_LOSS=1.124747 | REG_LOSS=0.828070 | STDCLIP_LOSS=2.772649 | PCL_LOSS=0.194118 | MEAN_GATE=0.4932 | BATCH_RMSE=0.909984
  STEP 900/1435 | TOTAL_LOSS=0.801908 | REG_LOSS=0.513837 | STDCLIP_LOSS=2.773504 | PCL_LOSS=0.107205 | MEAN_GATE=0.5405 | BATCH_RMSE=0.716824
  STEP 1000/1435 | TOTAL_LOSS=1.255203 | REG_LOSS=0.956807 | STDCLIP_LOSS=2.773526 | PCL_LOSS=0.210432 | MEAN_GATE=0.5512 | BATCH_RMSE=0.978165
  STEP 1100/1435 | TOTAL_LOSS=1.472577 | REG_LOSS=1.156150 | STDCLIP_LOSS=2.766569 | PCL_LOSS=0.397706 | MEAN_GATE=0.5818 | BATCH_RMSE=1.075244
  STEP 1200/1435 | TOTAL_LOSS=0.648269 | REG_LOSS=0.261857 | STDCLIP_LOSS=2.769081 | PCL_LOSS=1.095042 | MEAN_GATE=0.5641 | BATCH_RMSE=0.511719
  STEP 1300/1435 | TOTAL_LOSS=0.560505 | REG_LOSS=0.257330 | STDCLIP_LOSS=2.776323 | PCL_LOSS=0.255424 | MEAN_GATE=0.5788 | BATCH_RMSE=0.507277
  STEP 1400/1435 | TOTAL_LOSS=0.757221 | REG_LOSS=0.463013 | STDCLIP_LOSS=2.769768 | PCL_LOSS=0.172311 | MEAN_GATE=0.6047 | BATCH_RMSE=0.680450
[EPOCH 029/030] TRAIN: TOTAL=0.785169 | REG=0.482552 | STDCLIP=2.772508 | PCL=0.253670 | RMSE=0.694659 | MAE=0.468836 | CI=0.803077 | RM2=0.386514
[EPOCH 029/030] VAL  : TOTAL=0.688509 | REG=0.392137 | STDCLIP=2.771961 | PCL=0.191761 | RMSE=0.626208 | MAE=0.402452 | CI=0.839087 | RM2=0.495562
  SAVED NEW BEST MODEL | EPOCH=029 | BEST_VAL_RMSE=0.626208 | BEST_VAL_MAE=0.402452 | BEST_VAL_CI=0.839087 | BEST_VAL_RM2=0.495562

EPOCH 30/30
  STEP 100/1435 | TOTAL_LOSS=0.651564 | REG_LOSS=0.363527 | STDCLIP_LOSS=2.776003 | PCL_LOSS=0.104366 | MEAN_GATE=0.4978 | BATCH_RMSE=0.602932
  STEP 200/1435 | TOTAL_LOSS=0.538778 | REG_LOSS=0.255751 | STDCLIP_LOSS=2.777521 | PCL_LOSS=0.052746 | MEAN_GATE=0.5163 | BATCH_RMSE=0.505719
  STEP 300/1435 | TOTAL_LOSS=0.806310 | REG_LOSS=0.526025 | STDCLIP_LOSS=2.772032 | PCL_LOSS=0.030825 | MEAN_GATE=0.6144 | BATCH_RMSE=0.725276
  STEP 400/1435 | TOTAL_LOSS=0.984594 | REG_LOSS=0.689367 | STDCLIP_LOSS=2.772014 | PCL_LOSS=0.180261 | MEAN_GATE=0.5840 | BATCH_RMSE=0.830281
  STEP 500/1435 | TOTAL_LOSS=0.797997 | REG_LOSS=0.500226 | STDCLIP_LOSS=2.768486 | PCL_LOSS=0.209228 | MEAN_GATE=0.5554 | BATCH_RMSE=0.707266
  STEP 600/1435 | TOTAL_LOSS=1.725097 | REG_LOSS=1.426834 | STDCLIP_LOSS=2.773927 | PCL_LOSS=0.208703 | MEAN_GATE=0.5783 | BATCH_RMSE=1.194502
  STEP 700/1435 | TOTAL_LOSS=0.632837 | REG_LOSS=0.345690 | STDCLIP_LOSS=2.773520 | PCL_LOSS=0.097951 | MEAN_GATE=0.5605 | BATCH_RMSE=0.587954
  STEP 800/1435 | TOTAL_LOSS=0.886365 | REG_LOSS=0.582080 | STDCLIP_LOSS=2.769458 | PCL_LOSS=0.273395 | MEAN_GATE=0.6250 | BATCH_RMSE=0.762941
  STEP 900/1435 | TOTAL_LOSS=0.871759 | REG_LOSS=0.577532 | STDCLIP_LOSS=2.769730 | PCL_LOSS=0.172540 | MEAN_GATE=0.5775 | BATCH_RMSE=0.759955
  STEP 1000/1435 | TOTAL_LOSS=0.663382 | REG_LOSS=0.347111 | STDCLIP_LOSS=2.769763 | PCL_LOSS=0.392942 | MEAN_GATE=0.5233 | BATCH_RMSE=0.589162
  STEP 1100/1435 | TOTAL_LOSS=0.944720 | REG_LOSS=0.641294 | STDCLIP_LOSS=2.771101 | PCL_LOSS=0.263157 | MEAN_GATE=0.4948 | BATCH_RMSE=0.800808
  STEP 1200/1435 | TOTAL_LOSS=0.824322 | REG_LOSS=0.529901 | STDCLIP_LOSS=2.771812 | PCL_LOSS=0.172399 | MEAN_GATE=0.6115 | BATCH_RMSE=0.727943
  STEP 1300/1435 | TOTAL_LOSS=1.462653 | REG_LOSS=1.142577 | STDCLIP_LOSS=2.772513 | PCL_LOSS=0.428240 | MEAN_GATE=0.5938 | BATCH_RMSE=1.068914
  STEP 1400/1435 | TOTAL_LOSS=1.359910 | REG_LOSS=1.056077 | STDCLIP_LOSS=2.772240 | PCL_LOSS=0.266099 | MEAN_GATE=0.6239 | BATCH_RMSE=1.027656
[EPOCH 030/030] TRAIN: TOTAL=0.782029 | REG=0.480288 | STDCLIP=2.772597 | PCL=0.244810 | RMSE=0.693028 | MAE=0.471614 | CI=0.801172 | RM2=0.388392
[EPOCH 030/030] VAL  : TOTAL=0.756589 | REG=0.453425 | STDCLIP=2.772028 | PCL=0.259611 | RMSE=0.673368 | MAE=0.523535 | CI=0.834554 | RM2=0.433535

TRAINING FINISHED.
BEST MODEL SUMMARY | EPOCH=029 | VAL_RMSE=0.626208 | VAL_MAE=0.402452 | VAL_CI=0.839087 | VAL_RM2=0.495562
SAVED OUTPUTS TO: outputs/stdclip_pcl_sweeps/stdclip_pcl_sweep_20260418_170828/bs16_lr0.0003_lc0.1_lp0.1_temp0.07_pt0.07
