Using device: cuda
[DavisDatasetP13D] input pairs: 30056
[DavisDatasetP13D] kept pairs : 28696
[DavisDatasetP13D] missing counts: {'drug_1d': 0, 'drug_2d': 0, 'protein_1d': 0, 'protein_3d': 1360}
TOTAL SIZE: 28696
TRAIN SIZE: 22956
VAL SIZE: 5740
SPLIT JSON: data/splits/davis_fixed_split_size2.json
MODEL: standard CLIP between drug and protein on top of p13d backbone

EPOCH 1/30
  STEP 200/1435 | TOTAL_LOSS=0.477168 | REG_LOSS=0.196470 | CLIP_LOSS=2.806975 | BATCH_RMSE=0.443250
  STEP 400/1435 | TOTAL_LOSS=1.673873 | REG_LOSS=1.396489 | CLIP_LOSS=2.773840 | BATCH_RMSE=1.181731
  STEP 600/1435 | TOTAL_LOSS=1.542435 | REG_LOSS=1.265202 | CLIP_LOSS=2.772332 | BATCH_RMSE=1.124812
  STEP 800/1435 | TOTAL_LOSS=2.222511 | REG_LOSS=1.946194 | CLIP_LOSS=2.763171 | BATCH_RMSE=1.395061
  STEP 1000/1435 | TOTAL_LOSS=0.712195 | REG_LOSS=0.434765 | CLIP_LOSS=2.774305 | BATCH_RMSE=0.659367
  STEP 1200/1435 | TOTAL_LOSS=0.726779 | REG_LOSS=0.447672 | CLIP_LOSS=2.791075 | BATCH_RMSE=0.669083
  STEP 1400/1435 | TOTAL_LOSS=1.522211 | REG_LOSS=1.246648 | CLIP_LOSS=2.755630 | BATCH_RMSE=1.116534
[EPOCH 001/030] TRAIN: TOTAL=1.285696 | REG=1.008214 | CLIP=2.774813 | MSE=1.008214 | RMSE=1.004099 | MAE=0.666360 | CI=0.666742 | RM2=0.048914
[EPOCH 001/030] VAL  : TOTAL=0.857949 | REG=0.580751 | CLIP=2.771979 | MSE=0.580751 | RMSE=0.762070 | MAE=0.525191 | CI=0.774967 | RM2=0.261768
  SAVED NEW BEST MODEL | EPOCH=001 | BEST_VAL_MSE=0.580751 | BEST_VAL_RMSE=0.762070 | BEST_VAL_MAE=0.525191 | BEST_VAL_CI=0.774967 | BEST_VAL_RM2=0.261768

EPOCH 2/30
  STEP 200/1435 | TOTAL_LOSS=1.032106 | REG_LOSS=0.755385 | CLIP_LOSS=2.767210 | BATCH_RMSE=0.869129
  STEP 400/1435 | TOTAL_LOSS=1.190611 | REG_LOSS=0.913521 | CLIP_LOSS=2.770897 | BATCH_RMSE=0.955783
  STEP 600/1435 | TOTAL_LOSS=0.578251 | REG_LOSS=0.301804 | CLIP_LOSS=2.764468 | BATCH_RMSE=0.549367
  STEP 800/1435 | TOTAL_LOSS=0.693274 | REG_LOSS=0.417839 | CLIP_LOSS=2.754353 | BATCH_RMSE=0.646404
  STEP 1000/1435 | TOTAL_LOSS=1.433507 | REG_LOSS=1.154267 | CLIP_LOSS=2.792404 | BATCH_RMSE=1.074368
  STEP 1200/1435 | TOTAL_LOSS=0.674072 | REG_LOSS=0.397395 | CLIP_LOSS=2.766763 | BATCH_RMSE=0.630393
  STEP 1400/1435 | TOTAL_LOSS=0.555116 | REG_LOSS=0.278603 | CLIP_LOSS=2.765131 | BATCH_RMSE=0.527829
[EPOCH 002/030] TRAIN: TOTAL=0.968056 | REG=0.690688 | CLIP=2.773688 | MSE=0.690688 | RMSE=0.831076 | MAE=0.578584 | CI=0.718938 | RM2=0.171241
[EPOCH 002/030] VAL  : TOTAL=0.922246 | REG=0.645036 | CLIP=2.772100 | MSE=0.645036 | RMSE=0.803141 | MAE=0.607614 | CI=0.772387 | RM2=0.272876

EPOCH 3/30
  STEP 200/1435 | TOTAL_LOSS=0.595263 | REG_LOSS=0.318024 | CLIP_LOSS=2.772390 | BATCH_RMSE=0.563936
  STEP 400/1435 | TOTAL_LOSS=0.493304 | REG_LOSS=0.215561 | CLIP_LOSS=2.777429 | BATCH_RMSE=0.464285
  STEP 600/1435 | TOTAL_LOSS=0.753040 | REG_LOSS=0.476256 | CLIP_LOSS=2.767841 | BATCH_RMSE=0.690113
  STEP 800/1435 | TOTAL_LOSS=1.503470 | REG_LOSS=1.225993 | CLIP_LOSS=2.774773 | BATCH_RMSE=1.107246
  STEP 1000/1435 | TOTAL_LOSS=1.240687 | REG_LOSS=0.964632 | CLIP_LOSS=2.760551 | BATCH_RMSE=0.982157
  STEP 1200/1435 | TOTAL_LOSS=1.521716 | REG_LOSS=1.244434 | CLIP_LOSS=2.772819 | BATCH_RMSE=1.115542
  STEP 1400/1435 | TOTAL_LOSS=1.074116 | REG_LOSS=0.797146 | CLIP_LOSS=2.769705 | BATCH_RMSE=0.892830
[EPOCH 003/030] TRAIN: TOTAL=0.942670 | REG=0.665380 | CLIP=2.772898 | MSE=0.665380 | RMSE=0.815708 | MAE=0.565512 | CI=0.732850 | RM2=0.194134
[EPOCH 003/030] VAL  : TOTAL=1.017328 | REG=0.740126 | CLIP=2.772016 | MSE=0.740126 | RMSE=0.860306 | MAE=0.541238 | CI=0.776048 | RM2=0.278594

EPOCH 4/30
  STEP 200/1435 | TOTAL_LOSS=0.727950 | REG_LOSS=0.450252 | CLIP_LOSS=2.776979 | BATCH_RMSE=0.671008
  STEP 400/1435 | TOTAL_LOSS=0.749776 | REG_LOSS=0.470215 | CLIP_LOSS=2.795607 | BATCH_RMSE=0.685723
  STEP 600/1435 | TOTAL_LOSS=0.644054 | REG_LOSS=0.365191 | CLIP_LOSS=2.788634 | BATCH_RMSE=0.604310
  STEP 800/1435 | TOTAL_LOSS=1.364355 | REG_LOSS=1.087752 | CLIP_LOSS=2.766034 | BATCH_RMSE=1.042953
  STEP 1000/1435 | TOTAL_LOSS=0.608729 | REG_LOSS=0.330036 | CLIP_LOSS=2.786929 | BATCH_RMSE=0.574488
  STEP 1200/1435 | TOTAL_LOSS=0.593559 | REG_LOSS=0.316493 | CLIP_LOSS=2.770659 | BATCH_RMSE=0.562577
  STEP 1400/1435 | TOTAL_LOSS=0.766803 | REG_LOSS=0.489955 | CLIP_LOSS=2.768480 | BATCH_RMSE=0.699968
[EPOCH 004/030] TRAIN: TOTAL=0.929075 | REG=0.651809 | CLIP=2.772654 | MSE=0.651809 | RMSE=0.807347 | MAE=0.559553 | CI=0.740020 | RM2=0.205773
[EPOCH 004/030] VAL  : TOTAL=0.826307 | REG=0.549098 | CLIP=2.772092 | MSE=0.549098 | RMSE=0.741012 | MAE=0.497487 | CI=0.776547 | RM2=0.297048
  SAVED NEW BEST MODEL | EPOCH=004 | BEST_VAL_MSE=0.549098 | BEST_VAL_RMSE=0.741012 | BEST_VAL_MAE=0.497487 | BEST_VAL_CI=0.776547 | BEST_VAL_RM2=0.297048

EPOCH 5/30
  STEP 200/1435 | TOTAL_LOSS=0.720178 | REG_LOSS=0.443161 | CLIP_LOSS=2.770173 | BATCH_RMSE=0.665703
  STEP 400/1435 | TOTAL_LOSS=0.590005 | REG_LOSS=0.313579 | CLIP_LOSS=2.764256 | BATCH_RMSE=0.559982
  STEP 600/1435 | TOTAL_LOSS=1.522637 | REG_LOSS=1.245153 | CLIP_LOSS=2.774845 | BATCH_RMSE=1.115864
  STEP 800/1435 | TOTAL_LOSS=0.756002 | REG_LOSS=0.478127 | CLIP_LOSS=2.778756 | BATCH_RMSE=0.691467
  STEP 1000/1435 | TOTAL_LOSS=0.997147 | REG_LOSS=0.718980 | CLIP_LOSS=2.781674 | BATCH_RMSE=0.847927
  STEP 1200/1435 | TOTAL_LOSS=2.313194 | REG_LOSS=2.035243 | CLIP_LOSS=2.779507 | BATCH_RMSE=1.426619
  STEP 1400/1435 | TOTAL_LOSS=0.583392 | REG_LOSS=0.305824 | CLIP_LOSS=2.775676 | BATCH_RMSE=0.553014
[EPOCH 005/030] TRAIN: TOTAL=0.932273 | REG=0.654994 | CLIP=2.772784 | MSE=0.654994 | RMSE=0.809317 | MAE=0.562911 | CI=0.737329 | RM2=0.204039
[EPOCH 005/030] VAL  : TOTAL=0.868430 | REG=0.591226 | CLIP=2.772045 | MSE=0.591226 | RMSE=0.768912 | MAE=0.573910 | CI=0.777769 | RM2=0.305374

EPOCH 6/30
  STEP 200/1435 | TOTAL_LOSS=0.821490 | REG_LOSS=0.543651 | CLIP_LOSS=2.778389 | BATCH_RMSE=0.737327
  STEP 400/1435 | TOTAL_LOSS=0.549353 | REG_LOSS=0.272260 | CLIP_LOSS=2.770926 | BATCH_RMSE=0.521785
  STEP 600/1435 | TOTAL_LOSS=1.073348 | REG_LOSS=0.795566 | CLIP_LOSS=2.777818 | BATCH_RMSE=0.891945
  STEP 800/1435 | TOTAL_LOSS=0.456250 | REG_LOSS=0.179340 | CLIP_LOSS=2.769099 | BATCH_RMSE=0.423485
  STEP 1000/1435 | TOTAL_LOSS=0.915037 | REG_LOSS=0.636406 | CLIP_LOSS=2.786316 | BATCH_RMSE=0.797750
  STEP 1200/1435 | TOTAL_LOSS=1.774304 | REG_LOSS=1.496554 | CLIP_LOSS=2.777500 | BATCH_RMSE=1.223337
  STEP 1400/1435 | TOTAL_LOSS=0.511478 | REG_LOSS=0.233456 | CLIP_LOSS=2.780222 | BATCH_RMSE=0.483173
[EPOCH 006/030] TRAIN: TOTAL=0.925810 | REG=0.648524 | CLIP=2.772856 | MSE=0.648524 | RMSE=0.805310 | MAE=0.555784 | CI=0.743593 | RM2=0.209182
[EPOCH 006/030] VAL  : TOTAL=0.831950 | REG=0.554749 | CLIP=2.772004 | MSE=0.554749 | RMSE=0.744815 | MAE=0.483401 | CI=0.787975 | RM2=0.287470

EPOCH 7/30
  STEP 200/1435 | TOTAL_LOSS=1.322115 | REG_LOSS=1.044545 | CLIP_LOSS=2.775698 | BATCH_RMSE=1.022030
  STEP 400/1435 | TOTAL_LOSS=1.995453 | REG_LOSS=1.716452 | CLIP_LOSS=2.790005 | BATCH_RMSE=1.310134
  STEP 600/1435 | TOTAL_LOSS=0.583178 | REG_LOSS=0.306279 | CLIP_LOSS=2.768997 | BATCH_RMSE=0.553424
  STEP 800/1435 | TOTAL_LOSS=0.495981 | REG_LOSS=0.218812 | CLIP_LOSS=2.771696 | BATCH_RMSE=0.467773
  STEP 1000/1435 | TOTAL_LOSS=1.510420 | REG_LOSS=1.233730 | CLIP_LOSS=2.766902 | BATCH_RMSE=1.110734
  STEP 1200/1435 | TOTAL_LOSS=0.531179 | REG_LOSS=0.253814 | CLIP_LOSS=2.773649 | BATCH_RMSE=0.503799
  STEP 1400/1435 | TOTAL_LOSS=0.624075 | REG_LOSS=0.345603 | CLIP_LOSS=2.784717 | BATCH_RMSE=0.587880
[EPOCH 007/030] TRAIN: TOTAL=0.918869 | REG=0.641602 | CLIP=2.772667 | MSE=0.641603 | RMSE=0.801001 | MAE=0.552668 | CI=0.747028 | RM2=0.216280
[EPOCH 007/030] VAL  : TOTAL=0.839172 | REG=0.561969 | CLIP=2.772035 | MSE=0.561969 | RMSE=0.749646 | MAE=0.463170 | CI=0.779664 | RM2=0.313003

EPOCH 8/30
  STEP 200/1435 | TOTAL_LOSS=0.644981 | REG_LOSS=0.368132 | CLIP_LOSS=2.768492 | BATCH_RMSE=0.606739
  STEP 400/1435 | TOTAL_LOSS=0.563670 | REG_LOSS=0.286267 | CLIP_LOSS=2.774033 | BATCH_RMSE=0.535039
  STEP 600/1435 | TOTAL_LOSS=0.889976 | REG_LOSS=0.612378 | CLIP_LOSS=2.775977 | BATCH_RMSE=0.782546
  STEP 800/1435 | TOTAL_LOSS=0.645283 | REG_LOSS=0.368144 | CLIP_LOSS=2.771388 | BATCH_RMSE=0.606749
  STEP 1000/1435 | TOTAL_LOSS=0.964017 | REG_LOSS=0.686839 | CLIP_LOSS=2.771785 | BATCH_RMSE=0.828757
  STEP 1200/1435 | TOTAL_LOSS=1.743495 | REG_LOSS=1.466519 | CLIP_LOSS=2.769764 | BATCH_RMSE=1.210999
  STEP 1400/1435 | TOTAL_LOSS=0.565416 | REG_LOSS=0.287784 | CLIP_LOSS=2.776322 | BATCH_RMSE=0.536455
[EPOCH 008/030] TRAIN: TOTAL=0.922470 | REG=0.645210 | CLIP=2.772598 | MSE=0.645210 | RMSE=0.803250 | MAE=0.554819 | CI=0.744883 | RM2=0.212522
[EPOCH 008/030] VAL  : TOTAL=0.945690 | REG=0.668483 | CLIP=2.772066 | MSE=0.668483 | RMSE=0.817608 | MAE=0.639777 | CI=0.787293 | RM2=0.285815

EPOCH 9/30
  STEP 200/1435 | TOTAL_LOSS=1.274585 | REG_LOSS=0.997743 | CLIP_LOSS=2.768425 | BATCH_RMSE=0.998871
  STEP 400/1435 | TOTAL_LOSS=2.132621 | REG_LOSS=1.855647 | CLIP_LOSS=2.769732 | BATCH_RMSE=1.362221
  STEP 600/1435 | TOTAL_LOSS=1.197590 | REG_LOSS=0.920533 | CLIP_LOSS=2.770573 | BATCH_RMSE=0.959444
  STEP 800/1435 | TOTAL_LOSS=1.052208 | REG_LOSS=0.774869 | CLIP_LOSS=2.773391 | BATCH_RMSE=0.880266
  STEP 1000/1435 | TOTAL_LOSS=1.120064 | REG_LOSS=0.842430 | CLIP_LOSS=2.776338 | BATCH_RMSE=0.917840
  STEP 1200/1435 | TOTAL_LOSS=0.658061 | REG_LOSS=0.381388 | CLIP_LOSS=2.766728 | BATCH_RMSE=0.617566
  STEP 1400/1435 | TOTAL_LOSS=1.286785 | REG_LOSS=1.009030 | CLIP_LOSS=2.777542 | BATCH_RMSE=1.004505
[EPOCH 009/030] TRAIN: TOTAL=0.918375 | REG=0.641102 | CLIP=2.772726 | MSE=0.641102 | RMSE=0.800689 | MAE=0.552775 | CI=0.748591 | RM2=0.216534
[EPOCH 009/030] VAL  : TOTAL=0.845084 | REG=0.567884 | CLIP=2.772005 | MSE=0.567884 | RMSE=0.753581 | MAE=0.458015 | CI=0.783493 | RM2=0.301961

EPOCH 10/30
  STEP 200/1435 | TOTAL_LOSS=0.614694 | REG_LOSS=0.337338 | CLIP_LOSS=2.773564 | BATCH_RMSE=0.580808
  STEP 400/1435 | TOTAL_LOSS=0.486680 | REG_LOSS=0.209198 | CLIP_LOSS=2.774822 | BATCH_RMSE=0.457382
  STEP 600/1435 | TOTAL_LOSS=0.822433 | REG_LOSS=0.545199 | CLIP_LOSS=2.772341 | BATCH_RMSE=0.738376
  STEP 800/1435 | TOTAL_LOSS=0.658063 | REG_LOSS=0.380759 | CLIP_LOSS=2.773030 | BATCH_RMSE=0.617057
  STEP 1000/1435 | TOTAL_LOSS=0.747418 | REG_LOSS=0.470156 | CLIP_LOSS=2.772615 | BATCH_RMSE=0.685679
  STEP 1200/1435 | TOTAL_LOSS=0.635924 | REG_LOSS=0.358531 | CLIP_LOSS=2.773932 | BATCH_RMSE=0.598775
  STEP 1400/1435 | TOTAL_LOSS=1.251827 | REG_LOSS=0.974702 | CLIP_LOSS=2.771251 | BATCH_RMSE=0.987270
[EPOCH 010/030] TRAIN: TOTAL=0.912223 | REG=0.634953 | CLIP=2.772701 | MSE=0.634953 | RMSE=0.796839 | MAE=0.549428 | CI=0.751851 | RM2=0.222346
[EPOCH 010/030] VAL  : TOTAL=0.824333 | REG=0.547134 | CLIP=2.771998 | MSE=0.547134 | RMSE=0.739685 | MAE=0.471144 | CI=0.795586 | RM2=0.306034
  SAVED NEW BEST MODEL | EPOCH=010 | BEST_VAL_MSE=0.547134 | BEST_VAL_RMSE=0.739685 | BEST_VAL_MAE=0.471144 | BEST_VAL_CI=0.795586 | BEST_VAL_RM2=0.306034

EPOCH 11/30
  STEP 200/1435 | TOTAL_LOSS=1.037122 | REG_LOSS=0.759816 | CLIP_LOSS=2.773067 | BATCH_RMSE=0.871674
  STEP 400/1435 | TOTAL_LOSS=0.919675 | REG_LOSS=0.642402 | CLIP_LOSS=2.772732 | BATCH_RMSE=0.801500
  STEP 600/1435 | TOTAL_LOSS=0.640845 | REG_LOSS=0.363245 | CLIP_LOSS=2.775996 | BATCH_RMSE=0.602698
  STEP 800/1435 | TOTAL_LOSS=0.785203 | REG_LOSS=0.507475 | CLIP_LOSS=2.777283 | BATCH_RMSE=0.712373
  STEP 1000/1435 | TOTAL_LOSS=0.360744 | REG_LOSS=0.083399 | CLIP_LOSS=2.773451 | BATCH_RMSE=0.288789
  STEP 1200/1435 | TOTAL_LOSS=1.047274 | REG_LOSS=0.770066 | CLIP_LOSS=2.772081 | BATCH_RMSE=0.877534
  STEP 1400/1435 | TOTAL_LOSS=0.630888 | REG_LOSS=0.353946 | CLIP_LOSS=2.769417 | BATCH_RMSE=0.594934
[EPOCH 011/030] TRAIN: TOTAL=0.913227 | REG=0.635971 | CLIP=2.772558 | MSE=0.635971 | RMSE=0.797478 | MAE=0.548463 | CI=0.750578 | RM2=0.221307
[EPOCH 011/030] VAL  : TOTAL=0.918692 | REG=0.641495 | CLIP=2.771974 | MSE=0.641495 | RMSE=0.800934 | MAE=0.634287 | CI=0.786176 | RM2=0.309518

EPOCH 12/30
  STEP 200/1435 | TOTAL_LOSS=1.031174 | REG_LOSS=0.753609 | CLIP_LOSS=2.775646 | BATCH_RMSE=0.868107
  STEP 400/1435 | TOTAL_LOSS=0.913015 | REG_LOSS=0.636003 | CLIP_LOSS=2.770121 | BATCH_RMSE=0.797498
  STEP 600/1435 | TOTAL_LOSS=1.112831 | REG_LOSS=0.834840 | CLIP_LOSS=2.779915 | BATCH_RMSE=0.913696
  STEP 800/1435 | TOTAL_LOSS=0.676614 | REG_LOSS=0.400260 | CLIP_LOSS=2.763542 | BATCH_RMSE=0.632661
  STEP 1000/1435 | TOTAL_LOSS=0.698250 | REG_LOSS=0.421059 | CLIP_LOSS=2.771905 | BATCH_RMSE=0.648891
  STEP 1200/1435 | TOTAL_LOSS=0.476242 | REG_LOSS=0.198343 | CLIP_LOSS=2.778989 | BATCH_RMSE=0.445357
  STEP 1400/1435 | TOTAL_LOSS=0.717657 | REG_LOSS=0.440592 | CLIP_LOSS=2.770646 | BATCH_RMSE=0.663771
[EPOCH 012/030] TRAIN: TOTAL=0.906172 | REG=0.628917 | CLIP=2.772552 | MSE=0.628917 | RMSE=0.793043 | MAE=0.544320 | CI=0.754263 | RM2=0.227958
[EPOCH 012/030] VAL  : TOTAL=0.804958 | REG=0.527756 | CLIP=2.772020 | MSE=0.527756 | RMSE=0.726468 | MAE=0.497400 | CI=0.788681 | RM2=0.336407
  SAVED NEW BEST MODEL | EPOCH=012 | BEST_VAL_MSE=0.527756 | BEST_VAL_RMSE=0.726468 | BEST_VAL_MAE=0.497400 | BEST_VAL_CI=0.788681 | BEST_VAL_RM2=0.336407

EPOCH 13/30
  STEP 200/1435 | TOTAL_LOSS=2.339528 | REG_LOSS=2.061616 | CLIP_LOSS=2.779126 | BATCH_RMSE=1.435833
  STEP 400/1435 | TOTAL_LOSS=1.049556 | REG_LOSS=0.771763 | CLIP_LOSS=2.777931 | BATCH_RMSE=0.878500
  STEP 600/1435 | TOTAL_LOSS=0.502103 | REG_LOSS=0.224606 | CLIP_LOSS=2.774974 | BATCH_RMSE=0.473926
  STEP 800/1435 | TOTAL_LOSS=0.445142 | REG_LOSS=0.168099 | CLIP_LOSS=2.770436 | BATCH_RMSE=0.409998
  STEP 1000/1435 | TOTAL_LOSS=0.529368 | REG_LOSS=0.252378 | CLIP_LOSS=2.769894 | BATCH_RMSE=0.502373
  STEP 1200/1435 | TOTAL_LOSS=0.890072 | REG_LOSS=0.611924 | CLIP_LOSS=2.781472 | BATCH_RMSE=0.782256
  STEP 1400/1435 | TOTAL_LOSS=0.493076 | REG_LOSS=0.215692 | CLIP_LOSS=2.773835 | BATCH_RMSE=0.464427
[EPOCH 013/030] TRAIN: TOTAL=0.892045 | REG=0.614787 | CLIP=2.772583 | MSE=0.614787 | RMSE=0.784083 | MAE=0.536813 | CI=0.756302 | RM2=0.242339
[EPOCH 013/030] VAL  : TOTAL=0.769474 | REG=0.492268 | CLIP=2.772058 | MSE=0.492268 | RMSE=0.701618 | MAE=0.435133 | CI=0.809014 | RM2=0.366467
  SAVED NEW BEST MODEL | EPOCH=013 | BEST_VAL_MSE=0.492268 | BEST_VAL_RMSE=0.701618 | BEST_VAL_MAE=0.435133 | BEST_VAL_CI=0.809014 | BEST_VAL_RM2=0.366467

EPOCH 14/30
  STEP 200/1435 | TOTAL_LOSS=1.971425 | REG_LOSS=1.694687 | CLIP_LOSS=2.767380 | BATCH_RMSE=1.301801
  STEP 400/1435 | TOTAL_LOSS=0.673437 | REG_LOSS=0.396344 | CLIP_LOSS=2.770934 | BATCH_RMSE=0.629558
  STEP 600/1435 | TOTAL_LOSS=1.040905 | REG_LOSS=0.763719 | CLIP_LOSS=2.771863 | BATCH_RMSE=0.873910
  STEP 800/1435 | TOTAL_LOSS=0.445203 | REG_LOSS=0.167806 | CLIP_LOSS=2.773970 | BATCH_RMSE=0.409642
  STEP 1000/1435 | TOTAL_LOSS=1.778630 | REG_LOSS=1.501305 | CLIP_LOSS=2.773252 | BATCH_RMSE=1.225278
  STEP 1200/1435 | TOTAL_LOSS=0.937382 | REG_LOSS=0.659808 | CLIP_LOSS=2.775738 | BATCH_RMSE=0.812286
  STEP 1400/1435 | TOTAL_LOSS=0.562903 | REG_LOSS=0.285469 | CLIP_LOSS=2.774335 | BATCH_RMSE=0.534293
[EPOCH 014/030] TRAIN: TOTAL=0.874437 | REG=0.597166 | CLIP=2.772711 | MSE=0.597166 | RMSE=0.772765 | MAE=0.527998 | CI=0.762720 | RM2=0.260625
[EPOCH 014/030] VAL  : TOTAL=0.773483 | REG=0.496279 | CLIP=2.772047 | MSE=0.496279 | RMSE=0.704471 | MAE=0.421828 | CI=0.815653 | RM2=0.384645

EPOCH 15/30
  STEP 200/1435 | TOTAL_LOSS=0.343776 | REG_LOSS=0.065752 | CLIP_LOSS=2.780237 | BATCH_RMSE=0.256422
  STEP 400/1435 | TOTAL_LOSS=1.096938 | REG_LOSS=0.819701 | CLIP_LOSS=2.772369 | BATCH_RMSE=0.905373
  STEP 600/1435 | TOTAL_LOSS=0.686351 | REG_LOSS=0.408869 | CLIP_LOSS=2.774818 | BATCH_RMSE=0.639428
  STEP 800/1435 | TOTAL_LOSS=1.641291 | REG_LOSS=1.363875 | CLIP_LOSS=2.774154 | BATCH_RMSE=1.167851
  STEP 1000/1435 | TOTAL_LOSS=0.886551 | REG_LOSS=0.609247 | CLIP_LOSS=2.773045 | BATCH_RMSE=0.780542
  STEP 1200/1435 | TOTAL_LOSS=1.085069 | REG_LOSS=0.807805 | CLIP_LOSS=2.772641 | BATCH_RMSE=0.898780
  STEP 1400/1435 | TOTAL_LOSS=0.868928 | REG_LOSS=0.592023 | CLIP_LOSS=2.769049 | BATCH_RMSE=0.769430
[EPOCH 015/030] TRAIN: TOTAL=0.860523 | REG=0.583271 | CLIP=2.772523 | MSE=0.583271 | RMSE=0.763722 | MAE=0.517701 | CI=0.769421 | RM2=0.275174
[EPOCH 015/030] VAL  : TOTAL=0.771396 | REG=0.494194 | CLIP=2.772021 | MSE=0.494194 | RMSE=0.702989 | MAE=0.414577 | CI=0.817188 | RM2=0.380047

EPOCH 16/30
  STEP 200/1435 | TOTAL_LOSS=1.085502 | REG_LOSS=0.808013 | CLIP_LOSS=2.774883 | BATCH_RMSE=0.898896
  STEP 400/1435 | TOTAL_LOSS=1.134236 | REG_LOSS=0.856084 | CLIP_LOSS=2.781521 | BATCH_RMSE=0.925248
  STEP 600/1435 | TOTAL_LOSS=0.697015 | REG_LOSS=0.419698 | CLIP_LOSS=2.773168 | BATCH_RMSE=0.647841
  STEP 800/1435 | TOTAL_LOSS=0.550942 | REG_LOSS=0.273764 | CLIP_LOSS=2.771778 | BATCH_RMSE=0.523225
  STEP 1000/1435 | TOTAL_LOSS=1.037526 | REG_LOSS=0.760230 | CLIP_LOSS=2.772964 | BATCH_RMSE=0.871911
  STEP 1200/1435 | TOTAL_LOSS=0.640143 | REG_LOSS=0.363151 | CLIP_LOSS=2.769920 | BATCH_RMSE=0.602620
  STEP 1400/1435 | TOTAL_LOSS=1.218155 | REG_LOSS=0.940909 | CLIP_LOSS=2.772458 | BATCH_RMSE=0.970005
[EPOCH 016/030] TRAIN: TOTAL=0.854706 | REG=0.577448 | CLIP=2.772577 | MSE=0.577448 | RMSE=0.759900 | MAE=0.513421 | CI=0.771554 | RM2=0.281228
[EPOCH 016/030] VAL  : TOTAL=0.743401 | REG=0.466192 | CLIP=2.772087 | MSE=0.466192 | RMSE=0.682783 | MAE=0.427594 | CI=0.819911 | RM2=0.405279
  SAVED NEW BEST MODEL | EPOCH=016 | BEST_VAL_MSE=0.466192 | BEST_VAL_RMSE=0.682783 | BEST_VAL_MAE=0.427594 | BEST_VAL_CI=0.819911 | BEST_VAL_RM2=0.405279

EPOCH 17/30
  STEP 200/1435 | TOTAL_LOSS=0.751874 | REG_LOSS=0.474371 | CLIP_LOSS=2.775031 | BATCH_RMSE=0.688746
  STEP 400/1435 | TOTAL_LOSS=0.759582 | REG_LOSS=0.482344 | CLIP_LOSS=2.772379 | BATCH_RMSE=0.694510
  STEP 600/1435 | TOTAL_LOSS=0.454795 | REG_LOSS=0.176615 | CLIP_LOSS=2.781798 | BATCH_RMSE=0.420256
  STEP 800/1435 | TOTAL_LOSS=1.133200 | REG_LOSS=0.855962 | CLIP_LOSS=2.772384 | BATCH_RMSE=0.925182
  STEP 1000/1435 | TOTAL_LOSS=0.857683 | REG_LOSS=0.580540 | CLIP_LOSS=2.771432 | BATCH_RMSE=0.761931
  STEP 1200/1435 | TOTAL_LOSS=1.577915 | REG_LOSS=1.300801 | CLIP_LOSS=2.771136 | BATCH_RMSE=1.140527
  STEP 1400/1435 | TOTAL_LOSS=0.682388 | REG_LOSS=0.404748 | CLIP_LOSS=2.776402 | BATCH_RMSE=0.636198
[EPOCH 017/030] TRAIN: TOTAL=0.842740 | REG=0.565478 | CLIP=2.772613 | MSE=0.565478 | RMSE=0.751983 | MAE=0.508629 | CI=0.774509 | RM2=0.293967
[EPOCH 017/030] VAL  : TOTAL=0.900928 | REG=0.623728 | CLIP=2.772007 | MSE=0.623728 | RMSE=0.789764 | MAE=0.489878 | CI=0.818967 | RM2=0.389235

EPOCH 18/30
  STEP 200/1435 | TOTAL_LOSS=0.810949 | REG_LOSS=0.533271 | CLIP_LOSS=2.776772 | BATCH_RMSE=0.730254
  STEP 400/1435 | TOTAL_LOSS=0.581436 | REG_LOSS=0.304320 | CLIP_LOSS=2.771164 | BATCH_RMSE=0.551652
  STEP 600/1435 | TOTAL_LOSS=0.583310 | REG_LOSS=0.306628 | CLIP_LOSS=2.766818 | BATCH_RMSE=0.553740
  STEP 800/1435 | TOTAL_LOSS=0.526353 | REG_LOSS=0.248811 | CLIP_LOSS=2.775415 | BATCH_RMSE=0.498810
  STEP 1000/1435 | TOTAL_LOSS=1.211304 | REG_LOSS=0.933764 | CLIP_LOSS=2.775399 | BATCH_RMSE=0.966315
  STEP 1200/1435 | TOTAL_LOSS=1.089349 | REG_LOSS=0.812259 | CLIP_LOSS=2.770899 | BATCH_RMSE=0.901254
  STEP 1400/1435 | TOTAL_LOSS=0.461251 | REG_LOSS=0.184176 | CLIP_LOSS=2.770750 | BATCH_RMSE=0.429157
[EPOCH 018/030] TRAIN: TOTAL=0.844353 | REG=0.567093 | CLIP=2.772602 | MSE=0.567093 | RMSE=0.753056 | MAE=0.509035 | CI=0.772281 | RM2=0.292167
[EPOCH 018/030] VAL  : TOTAL=0.738369 | REG=0.461169 | CLIP=2.771991 | MSE=0.461169 | RMSE=0.679095 | MAE=0.448142 | CI=0.824991 | RM2=0.413180
  SAVED NEW BEST MODEL | EPOCH=018 | BEST_VAL_MSE=0.461169 | BEST_VAL_RMSE=0.679095 | BEST_VAL_MAE=0.448142 | BEST_VAL_CI=0.824991 | BEST_VAL_RM2=0.413180

EPOCH 19/30
  STEP 200/1435 | TOTAL_LOSS=1.085433 | REG_LOSS=0.807739 | CLIP_LOSS=2.776943 | BATCH_RMSE=0.898743
  STEP 400/1435 | TOTAL_LOSS=0.529752 | REG_LOSS=0.253990 | CLIP_LOSS=2.757622 | BATCH_RMSE=0.503974
  STEP 600/1435 | TOTAL_LOSS=0.542962 | REG_LOSS=0.265046 | CLIP_LOSS=2.779164 | BATCH_RMSE=0.514826
  STEP 800/1435 | TOTAL_LOSS=0.705743 | REG_LOSS=0.428158 | CLIP_LOSS=2.775841 | BATCH_RMSE=0.654338
  STEP 1000/1435 | TOTAL_LOSS=0.525774 | REG_LOSS=0.248098 | CLIP_LOSS=2.776763 | BATCH_RMSE=0.498094
  STEP 1200/1435 | TOTAL_LOSS=0.372059 | REG_LOSS=0.095113 | CLIP_LOSS=2.769460 | BATCH_RMSE=0.308404
  STEP 1400/1435 | TOTAL_LOSS=0.534036 | REG_LOSS=0.256579 | CLIP_LOSS=2.774570 | BATCH_RMSE=0.506536
[EPOCH 019/030] TRAIN: TOTAL=0.838643 | REG=0.561410 | CLIP=2.772325 | MSE=0.561410 | RMSE=0.749273 | MAE=0.508764 | CI=0.778246 | RM2=0.297834
[EPOCH 019/030] VAL  : TOTAL=0.728236 | REG=0.451051 | CLIP=2.771850 | MSE=0.451051 | RMSE=0.671603 | MAE=0.414549 | CI=0.829708 | RM2=0.426136
  SAVED NEW BEST MODEL | EPOCH=019 | BEST_VAL_MSE=0.451051 | BEST_VAL_RMSE=0.671603 | BEST_VAL_MAE=0.414549 | BEST_VAL_CI=0.829708 | BEST_VAL_RM2=0.426136

EPOCH 20/30
  STEP 200/1435 | TOTAL_LOSS=0.629323 | REG_LOSS=0.352190 | CLIP_LOSS=2.771331 | BATCH_RMSE=0.593456
  STEP 400/1435 | TOTAL_LOSS=0.762365 | REG_LOSS=0.485526 | CLIP_LOSS=2.768395 | BATCH_RMSE=0.696797
  STEP 600/1435 | TOTAL_LOSS=0.895110 | REG_LOSS=0.618607 | CLIP_LOSS=2.765034 | BATCH_RMSE=0.786515
  STEP 800/1435 | TOTAL_LOSS=0.446330 | REG_LOSS=0.169072 | CLIP_LOSS=2.772584 | BATCH_RMSE=0.411183
  STEP 1000/1435 | TOTAL_LOSS=0.679501 | REG_LOSS=0.402524 | CLIP_LOSS=2.769765 | BATCH_RMSE=0.634448
  STEP 1200/1435 | TOTAL_LOSS=0.580051 | REG_LOSS=0.302717 | CLIP_LOSS=2.773346 | BATCH_RMSE=0.550197
  STEP 1400/1435 | TOTAL_LOSS=1.109105 | REG_LOSS=0.831949 | CLIP_LOSS=2.771567 | BATCH_RMSE=0.912112
[EPOCH 020/030] TRAIN: TOTAL=0.832624 | REG=0.555349 | CLIP=2.772749 | MSE=0.555349 | RMSE=0.745218 | MAE=0.502126 | CI=0.775132 | RM2=0.304223
[EPOCH 020/030] VAL  : TOTAL=0.721189 | REG=0.443990 | CLIP=2.771990 | MSE=0.443990 | RMSE=0.666326 | MAE=0.429699 | CI=0.826148 | RM2=0.434219
  SAVED NEW BEST MODEL | EPOCH=020 | BEST_VAL_MSE=0.443990 | BEST_VAL_RMSE=0.666326 | BEST_VAL_MAE=0.429699 | BEST_VAL_CI=0.826148 | BEST_VAL_RM2=0.434219

EPOCH 21/30
  STEP 200/1435 | TOTAL_LOSS=0.999053 | REG_LOSS=0.721885 | CLIP_LOSS=2.771688 | BATCH_RMSE=0.849638
  STEP 400/1435 | TOTAL_LOSS=0.907767 | REG_LOSS=0.630559 | CLIP_LOSS=2.772077 | BATCH_RMSE=0.794078
  STEP 600/1435 | TOTAL_LOSS=0.999789 | REG_LOSS=0.722493 | CLIP_LOSS=2.772961 | BATCH_RMSE=0.849996
  STEP 800/1435 | TOTAL_LOSS=1.060624 | REG_LOSS=0.783314 | CLIP_LOSS=2.773100 | BATCH_RMSE=0.885050
  STEP 1000/1435 | TOTAL_LOSS=0.516871 | REG_LOSS=0.239638 | CLIP_LOSS=2.772334 | BATCH_RMSE=0.489528
  STEP 1200/1435 | TOTAL_LOSS=0.592254 | REG_LOSS=0.315014 | CLIP_LOSS=2.772399 | BATCH_RMSE=0.561261
  STEP 1400/1435 | TOTAL_LOSS=0.746007 | REG_LOSS=0.468868 | CLIP_LOSS=2.771393 | BATCH_RMSE=0.684739
[EPOCH 021/030] TRAIN: TOTAL=0.824899 | REG=0.547640 | CLIP=2.772592 | MSE=0.547640 | RMSE=0.740027 | MAE=0.502125 | CI=0.779472 | RM2=0.312762
[EPOCH 021/030] VAL  : TOTAL=0.739482 | REG=0.462282 | CLIP=2.771990 | MSE=0.462283 | RMSE=0.679914 | MAE=0.428557 | CI=0.821089 | RM2=0.385464

EPOCH 22/30
  STEP 200/1435 | TOTAL_LOSS=1.393549 | REG_LOSS=1.116385 | CLIP_LOSS=2.771640 | BATCH_RMSE=1.056591
  STEP 400/1435 | TOTAL_LOSS=1.384076 | REG_LOSS=1.106877 | CLIP_LOSS=2.771987 | BATCH_RMSE=1.052082
  STEP 600/1435 | TOTAL_LOSS=0.615796 | REG_LOSS=0.338344 | CLIP_LOSS=2.774524 | BATCH_RMSE=0.581673
  STEP 800/1435 | TOTAL_LOSS=0.762085 | REG_LOSS=0.485105 | CLIP_LOSS=2.769800 | BATCH_RMSE=0.696495
  STEP 1000/1435 | TOTAL_LOSS=0.525951 | REG_LOSS=0.248288 | CLIP_LOSS=2.776629 | BATCH_RMSE=0.498285
  STEP 1200/1435 | TOTAL_LOSS=0.446967 | REG_LOSS=0.170008 | CLIP_LOSS=2.769584 | BATCH_RMSE=0.412321
  STEP 1400/1435 | TOTAL_LOSS=1.615674 | REG_LOSS=1.338213 | CLIP_LOSS=2.774608 | BATCH_RMSE=1.156812
[EPOCH 022/030] TRAIN: TOTAL=0.816837 | REG=0.539582 | CLIP=2.772552 | MSE=0.539582 | RMSE=0.734563 | MAE=0.494524 | CI=0.786945 | RM2=0.321706
[EPOCH 022/030] VAL  : TOTAL=0.715534 | REG=0.438334 | CLIP=2.772002 | MSE=0.438334 | RMSE=0.662068 | MAE=0.418224 | CI=0.829157 | RM2=0.441429
  SAVED NEW BEST MODEL | EPOCH=022 | BEST_VAL_MSE=0.438334 | BEST_VAL_RMSE=0.662068 | BEST_VAL_MAE=0.418224 | BEST_VAL_CI=0.829157 | BEST_VAL_RM2=0.441429

EPOCH 23/30
  STEP 200/1435 | TOTAL_LOSS=0.513038 | REG_LOSS=0.235823 | CLIP_LOSS=2.772150 | BATCH_RMSE=0.485616
  STEP 400/1435 | TOTAL_LOSS=0.843569 | REG_LOSS=0.566590 | CLIP_LOSS=2.769790 | BATCH_RMSE=0.752722
  STEP 600/1435 | TOTAL_LOSS=0.740992 | REG_LOSS=0.463914 | CLIP_LOSS=2.770783 | BATCH_RMSE=0.681112
  STEP 800/1435 | TOTAL_LOSS=0.541043 | REG_LOSS=0.263640 | CLIP_LOSS=2.774023 | BATCH_RMSE=0.513459
  STEP 1000/1435 | TOTAL_LOSS=0.876078 | REG_LOSS=0.598917 | CLIP_LOSS=2.771613 | BATCH_RMSE=0.773897
  STEP 1200/1435 | TOTAL_LOSS=0.541950 | REG_LOSS=0.264750 | CLIP_LOSS=2.772004 | BATCH_RMSE=0.514538
  STEP 1400/1435 | TOTAL_LOSS=0.377865 | REG_LOSS=0.100635 | CLIP_LOSS=2.772302 | BATCH_RMSE=0.317230
[EPOCH 023/030] TRAIN: TOTAL=0.808549 | REG=0.531290 | CLIP=2.772591 | MSE=0.531290 | RMSE=0.728896 | MAE=0.491671 | CI=0.788968 | RM2=0.330510
[EPOCH 023/030] VAL  : TOTAL=0.721155 | REG=0.443956 | CLIP=2.771991 | MSE=0.443956 | RMSE=0.666300 | MAE=0.407714 | CI=0.828499 | RM2=0.415165

EPOCH 24/30
  STEP 200/1435 | TOTAL_LOSS=0.939651 | REG_LOSS=0.662428 | CLIP_LOSS=2.772225 | BATCH_RMSE=0.813897
  STEP 400/1435 | TOTAL_LOSS=0.594715 | REG_LOSS=0.317325 | CLIP_LOSS=2.773905 | BATCH_RMSE=0.563316
  STEP 600/1435 | TOTAL_LOSS=0.609715 | REG_LOSS=0.332375 | CLIP_LOSS=2.773394 | BATCH_RMSE=0.576520
  STEP 800/1435 | TOTAL_LOSS=2.013335 | REG_LOSS=1.735942 | CLIP_LOSS=2.773928 | BATCH_RMSE=1.317552
  STEP 1000/1435 | TOTAL_LOSS=0.872243 | REG_LOSS=0.595213 | CLIP_LOSS=2.770293 | BATCH_RMSE=0.771501
  STEP 1200/1435 | TOTAL_LOSS=0.664499 | REG_LOSS=0.387939 | CLIP_LOSS=2.765602 | BATCH_RMSE=0.622848
  STEP 1400/1435 | TOTAL_LOSS=0.799293 | REG_LOSS=0.521653 | CLIP_LOSS=2.776398 | BATCH_RMSE=0.722256
[EPOCH 024/030] TRAIN: TOTAL=0.817327 | REG=0.540074 | CLIP=2.772530 | MSE=0.540074 | RMSE=0.734897 | MAE=0.495588 | CI=0.784073 | RM2=0.320576
[EPOCH 024/030] VAL  : TOTAL=0.779591 | REG=0.502392 | CLIP=2.771991 | MSE=0.502392 | RMSE=0.708796 | MAE=0.435862 | CI=0.828763 | RM2=0.445286

EPOCH 25/30
  STEP 200/1435 | TOTAL_LOSS=0.552582 | REG_LOSS=0.275262 | CLIP_LOSS=2.773195 | BATCH_RMSE=0.524655
  STEP 400/1435 | TOTAL_LOSS=0.523629 | REG_LOSS=0.246417 | CLIP_LOSS=2.772117 | BATCH_RMSE=0.496404
  STEP 600/1435 | TOTAL_LOSS=0.843703 | REG_LOSS=0.566620 | CLIP_LOSS=2.770829 | BATCH_RMSE=0.752741
  STEP 800/1435 | TOTAL_LOSS=0.794143 | REG_LOSS=0.516938 | CLIP_LOSS=2.772045 | BATCH_RMSE=0.718984
  STEP 1000/1435 | TOTAL_LOSS=0.420909 | REG_LOSS=0.143777 | CLIP_LOSS=2.771316 | BATCH_RMSE=0.379180
  STEP 1200/1435 | TOTAL_LOSS=0.637451 | REG_LOSS=0.360328 | CLIP_LOSS=2.771224 | BATCH_RMSE=0.600273
  STEP 1400/1435 | TOTAL_LOSS=1.333151 | REG_LOSS=1.055670 | CLIP_LOSS=2.774817 | BATCH_RMSE=1.027458
[EPOCH 025/030] TRAIN: TOTAL=0.808409 | REG=0.531156 | CLIP=2.772536 | MSE=0.531156 | RMSE=0.728804 | MAE=0.489031 | CI=0.789073 | RM2=0.330799
[EPOCH 025/030] VAL  : TOTAL=0.792420 | REG=0.515219 | CLIP=2.772012 | MSE=0.515219 | RMSE=0.717788 | MAE=0.528386 | CI=0.823688 | RM2=0.416179

EPOCH 26/30
  STEP 200/1435 | TOTAL_LOSS=0.552509 | REG_LOSS=0.275196 | CLIP_LOSS=2.773124 | BATCH_RMSE=0.524592
  STEP 400/1435 | TOTAL_LOSS=0.462402 | REG_LOSS=0.185081 | CLIP_LOSS=2.773219 | BATCH_RMSE=0.430210
  STEP 600/1435 | TOTAL_LOSS=0.556504 | REG_LOSS=0.279467 | CLIP_LOSS=2.770367 | BATCH_RMSE=0.528647
  STEP 800/1435 | TOTAL_LOSS=1.124149 | REG_LOSS=0.846990 | CLIP_LOSS=2.771598 | BATCH_RMSE=0.920320
  STEP 1000/1435 | TOTAL_LOSS=0.881102 | REG_LOSS=0.603776 | CLIP_LOSS=2.773265 | BATCH_RMSE=0.777030
  STEP 1200/1435 | TOTAL_LOSS=0.473544 | REG_LOSS=0.196132 | CLIP_LOSS=2.774123 | BATCH_RMSE=0.442868
  STEP 1400/1435 | TOTAL_LOSS=0.791413 | REG_LOSS=0.514087 | CLIP_LOSS=2.773261 | BATCH_RMSE=0.716999
[EPOCH 026/030] TRAIN: TOTAL=0.803575 | REG=0.526320 | CLIP=2.772551 | MSE=0.526320 | RMSE=0.725479 | MAE=0.487213 | CI=0.788088 | RM2=0.336535
[EPOCH 026/030] VAL  : TOTAL=0.736134 | REG=0.458935 | CLIP=2.771987 | MSE=0.458935 | RMSE=0.677447 | MAE=0.479753 | CI=0.832977 | RM2=0.454184

EPOCH 27/30
  STEP 200/1435 | TOTAL_LOSS=0.941540 | REG_LOSS=0.663885 | CLIP_LOSS=2.776544 | BATCH_RMSE=0.814792
  STEP 400/1435 | TOTAL_LOSS=0.449996 | REG_LOSS=0.172426 | CLIP_LOSS=2.775696 | BATCH_RMSE=0.415242
  STEP 600/1435 | TOTAL_LOSS=0.536572 | REG_LOSS=0.259603 | CLIP_LOSS=2.769686 | BATCH_RMSE=0.509513
  STEP 800/1435 | TOTAL_LOSS=0.477054 | REG_LOSS=0.199895 | CLIP_LOSS=2.771592 | BATCH_RMSE=0.447096
  STEP 1000/1435 | TOTAL_LOSS=0.596053 | REG_LOSS=0.318978 | CLIP_LOSS=2.770742 | BATCH_RMSE=0.564782
  STEP 1200/1435 | TOTAL_LOSS=0.526941 | REG_LOSS=0.250139 | CLIP_LOSS=2.768018 | BATCH_RMSE=0.500139
  STEP 1400/1435 | TOTAL_LOSS=0.383164 | REG_LOSS=0.105790 | CLIP_LOSS=2.773731 | BATCH_RMSE=0.325254
[EPOCH 027/030] TRAIN: TOTAL=0.794798 | REG=0.517543 | CLIP=2.772551 | MSE=0.517543 | RMSE=0.719404 | MAE=0.485870 | CI=0.790782 | RM2=0.345847
[EPOCH 027/030] VAL  : TOTAL=0.729619 | REG=0.452415 | CLIP=2.772041 | MSE=0.452415 | RMSE=0.672618 | MAE=0.396795 | CI=0.828367 | RM2=0.454267

EPOCH 28/30
  STEP 200/1435 | TOTAL_LOSS=1.152904 | REG_LOSS=0.875650 | CLIP_LOSS=2.772536 | BATCH_RMSE=0.935762
  STEP 400/1435 | TOTAL_LOSS=0.588312 | REG_LOSS=0.311095 | CLIP_LOSS=2.772171 | BATCH_RMSE=0.557759
  STEP 600/1435 | TOTAL_LOSS=0.547693 | REG_LOSS=0.270155 | CLIP_LOSS=2.775381 | BATCH_RMSE=0.519764
  STEP 800/1435 | TOTAL_LOSS=0.723116 | REG_LOSS=0.445946 | CLIP_LOSS=2.771698 | BATCH_RMSE=0.667792
  STEP 1000/1435 | TOTAL_LOSS=1.312421 | REG_LOSS=1.034849 | CLIP_LOSS=2.775722 | BATCH_RMSE=1.017275
  STEP 1200/1435 | TOTAL_LOSS=0.620566 | REG_LOSS=0.343672 | CLIP_LOSS=2.768937 | BATCH_RMSE=0.586236
  STEP 1400/1435 | TOTAL_LOSS=0.449875 | REG_LOSS=0.172484 | CLIP_LOSS=2.773911 | BATCH_RMSE=0.415312
[EPOCH 028/030] TRAIN: TOTAL=0.777151 | REG=0.499891 | CLIP=2.772604 | MSE=0.499891 | RMSE=0.707029 | MAE=0.478342 | CI=0.794336 | RM2=0.366090
[EPOCH 028/030] VAL  : TOTAL=0.705958 | REG=0.428756 | CLIP=2.772013 | MSE=0.428756 | RMSE=0.654795 | MAE=0.457139 | CI=0.828413 | RM2=0.457836
  SAVED NEW BEST MODEL | EPOCH=028 | BEST_VAL_MSE=0.428756 | BEST_VAL_RMSE=0.654795 | BEST_VAL_MAE=0.457139 | BEST_VAL_CI=0.828413 | BEST_VAL_RM2=0.457836

EPOCH 29/30
  STEP 200/1435 | TOTAL_LOSS=0.479451 | REG_LOSS=0.202116 | CLIP_LOSS=2.773352 | BATCH_RMSE=0.449573
  STEP 400/1435 | TOTAL_LOSS=0.850491 | REG_LOSS=0.573152 | CLIP_LOSS=2.773394 | BATCH_RMSE=0.757068
  STEP 600/1435 | TOTAL_LOSS=0.565448 | REG_LOSS=0.287840 | CLIP_LOSS=2.776072 | BATCH_RMSE=0.536507
  STEP 800/1435 | TOTAL_LOSS=0.677110 | REG_LOSS=0.399768 | CLIP_LOSS=2.773420 | BATCH_RMSE=0.632272
  STEP 1000/1435 | TOTAL_LOSS=0.584972 | REG_LOSS=0.307804 | CLIP_LOSS=2.771678 | BATCH_RMSE=0.554801
  STEP 1200/1435 | TOTAL_LOSS=0.571053 | REG_LOSS=0.293726 | CLIP_LOSS=2.773267 | BATCH_RMSE=0.541965
  STEP 1400/1435 | TOTAL_LOSS=0.922222 | REG_LOSS=0.644989 | CLIP_LOSS=2.772328 | BATCH_RMSE=0.803112
[EPOCH 029/030] TRAIN: TOTAL=0.766169 | REG=0.488909 | CLIP=2.772597 | MSE=0.488909 | RMSE=0.699220 | MAE=0.474695 | CI=0.798696 | RM2=0.378070
[EPOCH 029/030] VAL  : TOTAL=0.673593 | REG=0.396396 | CLIP=2.771971 | MSE=0.396396 | RMSE=0.629600 | MAE=0.433590 | CI=0.835597 | RM2=0.485149
  SAVED NEW BEST MODEL | EPOCH=029 | BEST_VAL_MSE=0.396396 | BEST_VAL_RMSE=0.629600 | BEST_VAL_MAE=0.433590 | BEST_VAL_CI=0.835597 | BEST_VAL_RM2=0.485149

EPOCH 30/30
  STEP 200/1435 | TOTAL_LOSS=0.734584 | REG_LOSS=0.457442 | CLIP_LOSS=2.771423 | BATCH_RMSE=0.676345
  STEP 400/1435 | TOTAL_LOSS=1.600506 | REG_LOSS=1.323297 | CLIP_LOSS=2.772091 | BATCH_RMSE=1.150347
  STEP 600/1435 | TOTAL_LOSS=0.891188 | REG_LOSS=0.614030 | CLIP_LOSS=2.771579 | BATCH_RMSE=0.783601
  STEP 800/1435 | TOTAL_LOSS=0.649650 | REG_LOSS=0.372449 | CLIP_LOSS=2.772011 | BATCH_RMSE=0.610286
  STEP 1000/1435 | TOTAL_LOSS=0.587384 | REG_LOSS=0.310074 | CLIP_LOSS=2.773098 | BATCH_RMSE=0.556843
  STEP 1200/1435 | TOTAL_LOSS=0.487737 | REG_LOSS=0.210209 | CLIP_LOSS=2.775276 | BATCH_RMSE=0.458486
  STEP 1400/1435 | TOTAL_LOSS=1.441916 | REG_LOSS=1.165681 | CLIP_LOSS=2.762346 | BATCH_RMSE=1.079667
[EPOCH 030/030] TRAIN: TOTAL=0.752955 | REG=0.475701 | CLIP=2.772540 | MSE=0.475701 | RMSE=0.689711 | MAE=0.469833 | CI=0.801117 | RM2=0.391728
[EPOCH 030/030] VAL  : TOTAL=0.655693 | REG=0.378476 | CLIP=2.772168 | MSE=0.378476 | RMSE=0.615204 | MAE=0.387946 | CI=0.835020 | RM2=0.499821
  SAVED NEW BEST MODEL | EPOCH=030 | BEST_VAL_MSE=0.378476 | BEST_VAL_RMSE=0.615204 | BEST_VAL_MAE=0.387946 | BEST_VAL_CI=0.835020 | BEST_VAL_RM2=0.499821

TRAINING FINISHED.
BEST MODEL SUMMARY | EPOCH=030 | VAL_MSE=0.378476 | VAL_RMSE=0.615204 | VAL_MAE=0.387946 | VAL_CI=0.835020 | VAL_RM2=0.499821
SAVED OUTPUTS TO: outputs/stdclip_sweeps/stdclip_sweep_20260417_113821/bs16_lr0.0003_lc0.1_temp0.07
