nohup: ignoring input
Using device: cuda
[DavisDatasetP13D] input pairs: 30056
[DavisDatasetP13D] kept pairs : 30056
[DavisDatasetP13D] missing counts: {'drug_1d': 0, 'drug_2d': 0, 'drug_3d': 0, 'protein_1d': 0, 'protein_3d': 0}
TOTAL SIZE: 30056
TRAIN SIZE: 22956
VAL SIZE: 5740
SPLIT JSON: /data1/ztx/MyModel-MDTA/data/splits/davis_fixed_split_size2.json
MODEL: drug_1d + drug_3d + protein_1d + protein_3d + softclip(label-sim) + pcl(protein1d-protein3d)

EPOCH 1/10
  STEP 100/5739 | TOTAL_LOSS=1.252592 | REG_LOSS=0.850500 | SOFTCLIP_LOSS=1.231267 | PCL_LOSS=2.789653 | DRUG_PCL=1.376271 | PROT_PCL=1.413382 | MEAN_GATE=0.4838 | MEAN_VALID_PER_ROW=3.50 | MEAN_VALID_OFFDIAG=2.50 | MEAN_DIAG_PRIOR_MASS=0.3742 | LBL_TAU=1.00 | LBL_MIX=0.50 | BATCH_RMSE=0.922225
  STEP 200/5739 | TOTAL_LOSS=1.216408 | REG_LOSS=0.847297 | SOFTCLIP_LOSS=0.962864 | PCL_LOSS=2.728238 | DRUG_PCL=1.349453 | PROT_PCL=1.378785 | MEAN_GATE=0.4827 | MEAN_VALID_PER_ROW=2.75 | MEAN_VALID_OFFDIAG=1.75 | MEAN_DIAG_PRIOR_MASS=0.2987 | LBL_TAU=1.00 | LBL_MIX=0.50 | BATCH_RMSE=0.920488
  STEP 300/5739 | TOTAL_LOSS=0.720374 | REG_LOSS=0.316885 | SOFTCLIP_LOSS=1.236206 | PCL_LOSS=2.798686 | DRUG_PCL=1.440076 | PROT_PCL=1.358610 | MEAN_GATE=0.4832 | MEAN_VALID_PER_ROW=3.50 | MEAN_VALID_OFFDIAG=2.50 | MEAN_DIAG_PRIOR_MASS=0.2174 | LBL_TAU=1.00 | LBL_MIX=0.50 | BATCH_RMSE=0.562925
  STEP 400/5739 | TOTAL_LOSS=0.592188 | REG_LOSS=0.198216 | SOFTCLIP_LOSS=1.249814 | PCL_LOSS=2.689915 | DRUG_PCL=1.349416 | PROT_PCL=1.340498 | MEAN_GATE=0.5044 | MEAN_VALID_PER_ROW=3.50 | MEAN_VALID_OFFDIAG=2.50 | MEAN_DIAG_PRIOR_MASS=0.2975 | LBL_TAU=1.00 | LBL_MIX=0.50 | BATCH_RMSE=0.445214
  STEP 500/5739 | TOTAL_LOSS=0.823272 | REG_LOSS=0.428328 | SOFTCLIP_LOSS=1.211163 | PCL_LOSS=2.738278 | DRUG_PCL=1.362272 | PROT_PCL=1.376006 | MEAN_GATE=0.5273 | MEAN_VALID_PER_ROW=3.50 | MEAN_VALID_OFFDIAG=2.50 | MEAN_DIAG_PRIOR_MASS=0.2616 | LBL_TAU=1.00 | LBL_MIX=0.50 | BATCH_RMSE=0.654468
  STEP 600/5739 | TOTAL_LOSS=0.675857 | REG_LOSS=0.273230 | SOFTCLIP_LOSS=1.251488 | PCL_LOSS=2.774777 | DRUG_PCL=1.393360 | PROT_PCL=1.381417 | MEAN_GATE=0.5212 | MEAN_VALID_PER_ROW=3.50 | MEAN_VALID_OFFDIAG=2.50 | MEAN_DIAG_PRIOR_MASS=0.2246 | LBL_TAU=1.00 | LBL_MIX=0.50 | BATCH_RMSE=0.522714
  STEP 700/5739 | TOTAL_LOSS=1.550985 | REG_LOSS=1.140049 | SOFTCLIP_LOSS=1.308866 | PCL_LOSS=2.800495 | DRUG_PCL=1.456005 | PROT_PCL=1.344490 | MEAN_GATE=0.5128 | MEAN_VALID_PER_ROW=3.75 | MEAN_VALID_OFFDIAG=2.75 | MEAN_DIAG_PRIOR_MASS=0.2621 | LBL_TAU=1.00 | LBL_MIX=0.50 | BATCH_RMSE=1.067731
  STEP 800/5739 | TOTAL_LOSS=0.834440 | REG_LOSS=0.419201 | SOFTCLIP_LOSS=1.344499 | PCL_LOSS=2.807895 | DRUG_PCL=1.431079 | PROT_PCL=1.376817 | MEAN_GATE=0.5262 | MEAN_VALID_PER_ROW=4.00 | MEAN_VALID_OFFDIAG=3.00 | MEAN_DIAG_PRIOR_MASS=0.2551 | LBL_TAU=1.00 | LBL_MIX=0.50 | BATCH_RMSE=0.647457
  STEP 900/5739 | TOTAL_LOSS=0.483458 | REG_LOSS=0.116813 | SOFTCLIP_LOSS=0.875073 | PCL_LOSS=2.791381 | DRUG_PCL=1.425983 | PROT_PCL=1.365398 | MEAN_GATE=0.5260 | MEAN_VALID_PER_ROW=2.50 | MEAN_VALID_OFFDIAG=1.50 | MEAN_DIAG_PRIOR_MASS=0.3404 | LBL_TAU=1.00 | LBL_MIX=0.50 | BATCH_RMSE=0.341779
  STEP 1000/5739 | TOTAL_LOSS=0.854850 | REG_LOSS=0.467525 | SOFTCLIP_LOSS=1.154289 | PCL_LOSS=2.718964 | DRUG_PCL=1.351292 | PROT_PCL=1.367671 | MEAN_GATE=0.5342 | MEAN_VALID_PER_ROW=3.25 | MEAN_VALID_OFFDIAG=2.25 | MEAN_DIAG_PRIOR_MASS=0.3662 | LBL_TAU=1.00 | LBL_MIX=0.50 | BATCH_RMSE=0.683758
  STEP 1100/5739 | TOTAL_LOSS=0.537109 | REG_LOSS=0.126632 | SOFTCLIP_LOSS=1.243490 | PCL_LOSS=2.861279 | DRUG_PCL=1.448656 | PROT_PCL=1.412622 | MEAN_GATE=0.5311 | MEAN_VALID_PER_ROW=3.50 | MEAN_VALID_OFFDIAG=2.50 | MEAN_DIAG_PRIOR_MASS=0.3489 | LBL_TAU=1.00 | LBL_MIX=0.50 | BATCH_RMSE=0.355854
  STEP 1200/5739 | TOTAL_LOSS=0.430432 | REG_LOSS=0.054522 | SOFTCLIP_LOSS=0.959232 | PCL_LOSS=2.799868 | DRUG_PCL=1.396789 | PROT_PCL=1.403079 | MEAN_GATE=0.5304 | MEAN_VALID_PER_ROW=2.75 | MEAN_VALID_OFFDIAG=1.75 | MEAN_DIAG_PRIOR_MASS=0.3503 | LBL_TAU=1.00 | LBL_MIX=0.50 | BATCH_RMSE=0.233500
  STEP 1300/5739 | TOTAL_LOSS=0.550602 | REG_LOSS=0.142759 | SOFTCLIP_LOSS=1.306685 | PCL_LOSS=2.771744 | DRUG_PCL=1.376237 | PROT_PCL=1.395506 | MEAN_GATE=0.5301 | MEAN_VALID_PER_ROW=3.75 | MEAN_VALID_OFFDIAG=2.75 | MEAN_DIAG_PRIOR_MASS=0.3036 | LBL_TAU=1.00 | LBL_MIX=0.50 | BATCH_RMSE=0.377834
  STEP 1400/5739 | TOTAL_LOSS=0.765740 | REG_LOSS=0.405379 | SOFTCLIP_LOSS=0.825649 | PCL_LOSS=2.777959 | DRUG_PCL=1.404847 | PROT_PCL=1.373112 | MEAN_GATE=0.5223 | MEAN_VALID_PER_ROW=2.50 | MEAN_VALID_OFFDIAG=1.50 | MEAN_DIAG_PRIOR_MASS=0.4653 | LBL_TAU=1.00 | LBL_MIX=0.50 | BATCH_RMSE=0.636694
  STEP 1500/5739 | TOTAL_LOSS=1.439267 | REG_LOSS=1.067297 | SOFTCLIP_LOSS=0.958621 | PCL_LOSS=2.761077 | DRUG_PCL=1.378061 | PROT_PCL=1.383016 | MEAN_GATE=0.5243 | MEAN_VALID_PER_ROW=2.75 | MEAN_VALID_OFFDIAG=1.75 | MEAN_DIAG_PRIOR_MASS=0.3603 | LBL_TAU=1.00 | LBL_MIX=0.50 | BATCH_RMSE=1.033101
  STEP 1600/5739 | TOTAL_LOSS=1.065539 | REG_LOSS=0.697007 | SOFTCLIP_LOSS=0.968356 | PCL_LOSS=2.716963 | DRUG_PCL=1.342173 | PROT_PCL=1.374790 | MEAN_GATE=0.5163 | MEAN_VALID_PER_ROW=2.75 | MEAN_VALID_OFFDIAG=1.75 | MEAN_DIAG_PRIOR_MASS=0.5314 | LBL_TAU=1.00 | LBL_MIX=0.50 | BATCH_RMSE=0.834869
  STEP 1700/5739 | TOTAL_LOSS=2.065553 | REG_LOSS=1.656094 | SOFTCLIP_LOSS=1.314207 | PCL_LOSS=2.780382 | DRUG_PCL=1.385217 | PROT_PCL=1.395165 | MEAN_GATE=0.5109 | MEAN_VALID_PER_ROW=3.75 | MEAN_VALID_OFFDIAG=2.75 | MEAN_DIAG_PRIOR_MASS=0.3307 | LBL_TAU=1.00 | LBL_MIX=0.50 | BATCH_RMSE=1.286893
  STEP 1800/5739 | TOTAL_LOSS=3.089811 | REG_LOSS=2.698351 | SOFTCLIP_LOSS=1.168238 | PCL_LOSS=2.746361 | DRUG_PCL=1.359007 | PROT_PCL=1.387354 | MEAN_GATE=0.5103 | MEAN_VALID_PER_ROW=3.25 | MEAN_VALID_OFFDIAG=2.25 | MEAN_DIAG_PRIOR_MASS=0.4295 | LBL_TAU=1.00 | LBL_MIX=0.50 | BATCH_RMSE=1.642666
  STEP 1900/5739 | TOTAL_LOSS=0.582934 | REG_LOSS=0.187576 | SOFTCLIP_LOSS=1.185160 | PCL_LOSS=2.768419 | DRUG_PCL=1.405958 | PROT_PCL=1.362460 | MEAN_GATE=0.5036 | MEAN_VALID_PER_ROW=3.25 | MEAN_VALID_OFFDIAG=2.25 | MEAN_DIAG_PRIOR_MASS=0.3125 | LBL_TAU=1.00 | LBL_MIX=0.50 | BATCH_RMSE=0.433100
  STEP 2000/5739 | TOTAL_LOSS=0.965275 | REG_LOSS=0.602896 | SOFTCLIP_LOSS=0.841847 | PCL_LOSS=2.781946 | DRUG_PCL=1.387909 | PROT_PCL=1.394038 | MEAN_GATE=0.5180 | MEAN_VALID_PER_ROW=2.50 | MEAN_VALID_OFFDIAG=1.50 | MEAN_DIAG_PRIOR_MASS=0.5642 | LBL_TAU=1.00 | LBL_MIX=0.50 | BATCH_RMSE=0.776464
  STEP 2100/5739 | TOTAL_LOSS=0.498293 | REG_LOSS=0.128280 | SOFTCLIP_LOSS=1.007344 | PCL_LOSS=2.692781 | DRUG_PCL=1.342697 | PROT_PCL=1.350084 | MEAN_GATE=0.5175 | MEAN_VALID_PER_ROW=2.75 | MEAN_VALID_OFFDIAG=1.75 | MEAN_DIAG_PRIOR_MASS=0.2858 | LBL_TAU=1.00 | LBL_MIX=0.50 | BATCH_RMSE=0.358162
  STEP 2200/5739 | TOTAL_LOSS=1.397902 | REG_LOSS=1.030039 | SOFTCLIP_LOSS=1.011167 | PCL_LOSS=2.667463 | DRUG_PCL=1.288013 | PROT_PCL=1.379451 | MEAN_GATE=0.5222 | MEAN_VALID_PER_ROW=3.00 | MEAN_VALID_OFFDIAG=2.00 | MEAN_DIAG_PRIOR_MASS=0.3220 | LBL_TAU=1.00 | LBL_MIX=0.50 | BATCH_RMSE=1.014909
  STEP 2300/5739 | TOTAL_LOSS=0.560743 | REG_LOSS=0.160905 | SOFTCLIP_LOSS=1.248222 | PCL_LOSS=2.750155 | DRUG_PCL=1.359178 | PROT_PCL=1.390978 | MEAN_GATE=0.5151 | MEAN_VALID_PER_ROW=3.50 | MEAN_VALID_OFFDIAG=2.50 | MEAN_DIAG_PRIOR_MASS=0.3029 | LBL_TAU=1.00 | LBL_MIX=0.50 | BATCH_RMSE=0.401130
  STEP 2400/5739 | TOTAL_LOSS=0.987048 | REG_LOSS=0.573839 | SOFTCLIP_LOSS=1.386916 | PCL_LOSS=2.745179 | DRUG_PCL=1.368568 | PROT_PCL=1.376611 | MEAN_GATE=0.5233 | MEAN_VALID_PER_ROW=4.00 | MEAN_VALID_OFFDIAG=3.00 | MEAN_DIAG_PRIOR_MASS=0.2705 | LBL_TAU=1.00 | LBL_MIX=0.50 | BATCH_RMSE=0.757521
  STEP 2500/5739 | TOTAL_LOSS=0.500169 | REG_LOSS=0.088778 | SOFTCLIP_LOSS=1.333086 | PCL_LOSS=2.780823 | DRUG_PCL=1.382663 | PROT_PCL=1.398161 | MEAN_GATE=0.5181 | MEAN_VALID_PER_ROW=3.75 | MEAN_VALID_OFFDIAG=2.75 | MEAN_DIAG_PRIOR_MASS=0.2430 | LBL_TAU=1.00 | LBL_MIX=0.50 | BATCH_RMSE=0.297957
  STEP 2600/5739 | TOTAL_LOSS=1.426494 | REG_LOSS=1.015919 | SOFTCLIP_LOSS=1.323151 | PCL_LOSS=2.782595 | DRUG_PCL=1.392423 | PROT_PCL=1.390172 | MEAN_GATE=0.5310 | MEAN_VALID_PER_ROW=3.75 | MEAN_VALID_OFFDIAG=2.75 | MEAN_DIAG_PRIOR_MASS=0.2737 | LBL_TAU=1.00 | LBL_MIX=0.50 | BATCH_RMSE=1.007928
  STEP 2700/5739 | TOTAL_LOSS=0.767990 | REG_LOSS=0.373959 | SOFTCLIP_LOSS=1.155732 | PCL_LOSS=2.784577 | DRUG_PCL=1.411132 | PROT_PCL=1.373445 | MEAN_GATE=0.5228 | MEAN_VALID_PER_ROW=3.25 | MEAN_VALID_OFFDIAG=2.25 | MEAN_DIAG_PRIOR_MASS=0.2870 | LBL_TAU=1.00 | LBL_MIX=0.50 | BATCH_RMSE=0.611522
  STEP 2800/5739 | TOTAL_LOSS=0.684416 | REG_LOSS=0.274601 | SOFTCLIP_LOSS=1.315148 | PCL_LOSS=2.783003 | DRUG_PCL=1.379994 | PROT_PCL=1.403009 | MEAN_GATE=0.5363 | MEAN_VALID_PER_ROW=3.75 | MEAN_VALID_OFFDIAG=2.75 | MEAN_DIAG_PRIOR_MASS=0.1685 | LBL_TAU=1.00 | LBL_MIX=0.50 | BATCH_RMSE=0.524024
  STEP 2900/5739 | TOTAL_LOSS=0.507138 | REG_LOSS=0.107384 | SOFTCLIP_LOSS=1.155034 | PCL_LOSS=2.842508 | DRUG_PCL=1.463995 | PROT_PCL=1.378513 | MEAN_GATE=0.5307 | MEAN_VALID_PER_ROW=3.25 | MEAN_VALID_OFFDIAG=2.25 | MEAN_DIAG_PRIOR_MASS=0.3235 | LBL_TAU=1.00 | LBL_MIX=0.50 | BATCH_RMSE=0.327695
  STEP 3000/5739 | TOTAL_LOSS=0.834928 | REG_LOSS=0.421009 | SOFTCLIP_LOSS=1.349483 | PCL_LOSS=2.789707 | DRUG_PCL=1.384348 | PROT_PCL=1.405359 | MEAN_GATE=0.5503 | MEAN_VALID_PER_ROW=3.75 | MEAN_VALID_OFFDIAG=2.75 | MEAN_DIAG_PRIOR_MASS=0.2068 | LBL_TAU=1.00 | LBL_MIX=0.50 | BATCH_RMSE=0.648852
  STEP 3100/5739 | TOTAL_LOSS=0.591176 | REG_LOSS=0.207175 | SOFTCLIP_LOSS=1.042577 | PCL_LOSS=2.797437 | DRUG_PCL=1.389450 | PROT_PCL=1.407987 | MEAN_GATE=0.5298 | MEAN_VALID_PER_ROW=3.00 | MEAN_VALID_OFFDIAG=2.00 | MEAN_DIAG_PRIOR_MASS=0.3719 | LBL_TAU=1.00 | LBL_MIX=0.50 | BATCH_RMSE=0.455165
  STEP 3200/5739 | TOTAL_LOSS=0.834736 | REG_LOSS=0.450930 | SOFTCLIP_LOSS=1.061103 | PCL_LOSS=2.776965 | DRUG_PCL=1.373804 | PROT_PCL=1.403161 | MEAN_GATE=0.5514 | MEAN_VALID_PER_ROW=3.00 | MEAN_VALID_OFFDIAG=2.00 | MEAN_DIAG_PRIOR_MASS=0.3666 | LBL_TAU=1.00 | LBL_MIX=0.50 | BATCH_RMSE=0.671513
  STEP 3300/5739 | TOTAL_LOSS=2.379219 | REG_LOSS=1.963367 | SOFTCLIP_LOSS=1.370434 | PCL_LOSS=2.788088 | DRUG_PCL=1.387655 | PROT_PCL=1.400433 | MEAN_GATE=0.5192 | MEAN_VALID_PER_ROW=4.00 | MEAN_VALID_OFFDIAG=3.00 | MEAN_DIAG_PRIOR_MASS=0.4155 | LBL_TAU=1.00 | LBL_MIX=0.50 | BATCH_RMSE=1.401202
  STEP 3400/5739 | TOTAL_LOSS=0.375684 | REG_LOSS=0.024827 | SOFTCLIP_LOSS=0.762162 | PCL_LOSS=2.746409 | DRUG_PCL=1.378692 | PROT_PCL=1.367717 | MEAN_GATE=0.5170 | MEAN_VALID_PER_ROW=2.25 | MEAN_VALID_OFFDIAG=1.25 | MEAN_DIAG_PRIOR_MASS=0.5417 | LBL_TAU=1.00 | LBL_MIX=0.50 | BATCH_RMSE=0.157566
  STEP 3500/5739 | TOTAL_LOSS=0.515422 | REG_LOSS=0.094441 | SOFTCLIP_LOSS=1.394245 | PCL_LOSS=2.815565 | DRUG_PCL=1.402384 | PROT_PCL=1.413180 | MEAN_GATE=0.5382 | MEAN_VALID_PER_ROW=4.00 | MEAN_VALID_OFFDIAG=3.00 | MEAN_DIAG_PRIOR_MASS=0.2185 | LBL_TAU=1.00 | LBL_MIX=0.50 | BATCH_RMSE=0.307312
  STEP 3600/5739 | TOTAL_LOSS=1.500236 | REG_LOSS=1.088535 | SOFTCLIP_LOSS=1.327077 | PCL_LOSS=2.789931 | DRUG_PCL=1.379642 | PROT_PCL=1.410290 | MEAN_GATE=0.5346 | MEAN_VALID_PER_ROW=3.75 | MEAN_VALID_OFFDIAG=2.75 | MEAN_DIAG_PRIOR_MASS=0.4387 | LBL_TAU=1.00 | LBL_MIX=0.50 | BATCH_RMSE=1.043329
  STEP 3700/5739 | TOTAL_LOSS=5.223722 | REG_LOSS=4.817810 | SOFTCLIP_LOSS=1.260648 | PCL_LOSS=2.798470 | DRUG_PCL=1.411877 | PROT_PCL=1.386593 | MEAN_GATE=0.5287 | MEAN_VALID_PER_ROW=3.75 | MEAN_VALID_OFFDIAG=2.75 | MEAN_DIAG_PRIOR_MASS=0.4202 | LBL_TAU=1.00 | LBL_MIX=0.50 | BATCH_RMSE=2.194951
  STEP 3800/5739 | TOTAL_LOSS=0.494321 | REG_LOSS=0.086709 | SOFTCLIP_LOSS=1.238786 | PCL_LOSS=2.837333 | DRUG_PCL=1.404884 | PROT_PCL=1.432449 | MEAN_GATE=0.5133 | MEAN_VALID_PER_ROW=3.50 | MEAN_VALID_OFFDIAG=2.50 | MEAN_DIAG_PRIOR_MASS=0.2611 | LBL_TAU=1.00 | LBL_MIX=0.50 | BATCH_RMSE=0.294465
  STEP 3900/5739 | TOTAL_LOSS=0.848341 | REG_LOSS=0.440585 | SOFTCLIP_LOSS=1.307681 | PCL_LOSS=2.769880 | DRUG_PCL=1.388949 | PROT_PCL=1.380931 | MEAN_GATE=0.5223 | MEAN_VALID_PER_ROW=3.75 | MEAN_VALID_OFFDIAG=2.75 | MEAN_DIAG_PRIOR_MASS=0.2899 | LBL_TAU=1.00 | LBL_MIX=0.50 | BATCH_RMSE=0.663766
  STEP 4000/5739 | TOTAL_LOSS=0.564019 | REG_LOSS=0.156120 | SOFTCLIP_LOSS=1.318959 | PCL_LOSS=2.760026 | DRUG_PCL=1.385552 | PROT_PCL=1.374473 | MEAN_GATE=0.5519 | MEAN_VALID_PER_ROW=3.75 | MEAN_VALID_OFFDIAG=2.75 | MEAN_DIAG_PRIOR_MASS=0.2785 | LBL_TAU=1.00 | LBL_MIX=0.50 | BATCH_RMSE=0.395121
  STEP 4100/5739 | TOTAL_LOSS=1.261719 | REG_LOSS=0.850499 | SOFTCLIP_LOSS=1.334584 | PCL_LOSS=2.777615 | DRUG_PCL=1.396533 | PROT_PCL=1.381081 | MEAN_GATE=0.5603 | MEAN_VALID_PER_ROW=3.75 | MEAN_VALID_OFFDIAG=2.75 | MEAN_DIAG_PRIOR_MASS=0.2644 | LBL_TAU=1.00 | LBL_MIX=0.50 | BATCH_RMSE=0.922225
  STEP 4200/5739 | TOTAL_LOSS=0.552881 | REG_LOSS=0.149963 | SOFTCLIP_LOSS=1.243217 | PCL_LOSS=2.785964 | DRUG_PCL=1.384662 | PROT_PCL=1.401301 | MEAN_GATE=0.5678 | MEAN_VALID_PER_ROW=3.50 | MEAN_VALID_OFFDIAG=2.50 | MEAN_DIAG_PRIOR_MASS=0.2320 | LBL_TAU=1.00 | LBL_MIX=0.50 | BATCH_RMSE=0.387251
  STEP 4300/5739 | TOTAL_LOSS=1.992346 | REG_LOSS=1.582960 | SOFTCLIP_LOSS=1.294419 | PCL_LOSS=2.799439 | DRUG_PCL=1.389424 | PROT_PCL=1.410015 | MEAN_GATE=0.5503 | MEAN_VALID_PER_ROW=3.50 | MEAN_VALID_OFFDIAG=2.50 | MEAN_DIAG_PRIOR_MASS=0.3851 | LBL_TAU=1.00 | LBL_MIX=0.50 | BATCH_RMSE=1.258157
  STEP 4400/5739 | TOTAL_LOSS=1.164929 | REG_LOSS=0.764387 | SOFTCLIP_LOSS=1.227459 | PCL_LOSS=2.777962 | DRUG_PCL=1.382130 | PROT_PCL=1.395832 | MEAN_GATE=0.5242 | MEAN_VALID_PER_ROW=3.50 | MEAN_VALID_OFFDIAG=2.50 | MEAN_DIAG_PRIOR_MASS=0.3073 | LBL_TAU=1.00 | LBL_MIX=0.50 | BATCH_RMSE=0.874292
  STEP 4500/5739 | TOTAL_LOSS=0.991311 | REG_LOSS=0.605980 | SOFTCLIP_LOSS=1.074472 | PCL_LOSS=2.778837 | DRUG_PCL=1.390733 | PROT_PCL=1.388104 | MEAN_GATE=0.5386 | MEAN_VALID_PER_ROW=3.00 | MEAN_VALID_OFFDIAG=2.00 | MEAN_DIAG_PRIOR_MASS=0.4170 | LBL_TAU=1.00 | LBL_MIX=0.50 | BATCH_RMSE=0.778447
  STEP 4600/5739 | TOTAL_LOSS=0.885062 | REG_LOSS=0.498808 | SOFTCLIP_LOSS=1.042112 | PCL_LOSS=2.820435 | DRUG_PCL=1.387505 | PROT_PCL=1.432930 | MEAN_GATE=0.5273 | MEAN_VALID_PER_ROW=3.00 | MEAN_VALID_OFFDIAG=2.00 | MEAN_DIAG_PRIOR_MASS=0.3983 | LBL_TAU=1.00 | LBL_MIX=0.50 | BATCH_RMSE=0.706263
  STEP 4700/5739 | TOTAL_LOSS=3.303168 | REG_LOSS=2.905772 | SOFTCLIP_LOSS=1.227715 | PCL_LOSS=2.746252 | DRUG_PCL=1.350021 | PROT_PCL=1.396230 | MEAN_GATE=0.5429 | MEAN_VALID_PER_ROW=3.50 | MEAN_VALID_OFFDIAG=2.50 | MEAN_DIAG_PRIOR_MASS=0.3433 | LBL_TAU=1.00 | LBL_MIX=0.50 | BATCH_RMSE=1.704632
  STEP 4800/5739 | TOTAL_LOSS=0.994837 | REG_LOSS=0.601391 | SOFTCLIP_LOSS=1.197236 | PCL_LOSS=2.737220 | DRUG_PCL=1.368413 | PROT_PCL=1.368807 | MEAN_GATE=0.5417 | MEAN_VALID_PER_ROW=3.50 | MEAN_VALID_OFFDIAG=2.50 | MEAN_DIAG_PRIOR_MASS=0.2090 | LBL_TAU=1.00 | LBL_MIX=0.50 | BATCH_RMSE=0.775494
  STEP 4900/5739 | TOTAL_LOSS=0.480699 | REG_LOSS=0.079620 | SOFTCLIP_LOSS=1.247630 | PCL_LOSS=2.763164 | DRUG_PCL=1.388248 | PROT_PCL=1.374916 | MEAN_GATE=0.5200 | MEAN_VALID_PER_ROW=3.50 | MEAN_VALID_OFFDIAG=2.50 | MEAN_DIAG_PRIOR_MASS=0.3115 | LBL_TAU=1.00 | LBL_MIX=0.50 | BATCH_RMSE=0.282170
  STEP 5000/5739 | TOTAL_LOSS=0.592860 | REG_LOSS=0.183178 | SOFTCLIP_LOSS=1.325613 | PCL_LOSS=2.771213 | DRUG_PCL=1.377550 | PROT_PCL=1.393663 | MEAN_GATE=0.5425 | MEAN_VALID_PER_ROW=3.75 | MEAN_VALID_OFFDIAG=2.75 | MEAN_DIAG_PRIOR_MASS=0.2493 | LBL_TAU=1.00 | LBL_MIX=0.50 | BATCH_RMSE=0.427993
  STEP 5100/5739 | TOTAL_LOSS=0.781282 | REG_LOSS=0.371682 | SOFTCLIP_LOSS=1.299076 | PCL_LOSS=2.796933 | DRUG_PCL=1.403553 | PROT_PCL=1.393379 | MEAN_GATE=0.5432 | MEAN_VALID_PER_ROW=3.75 | MEAN_VALID_OFFDIAG=2.75 | MEAN_DIAG_PRIOR_MASS=0.3173 | LBL_TAU=1.00 | LBL_MIX=0.50 | BATCH_RMSE=0.609657
  STEP 5200/5739 | TOTAL_LOSS=0.812731 | REG_LOSS=0.423678 | SOFTCLIP_LOSS=1.075056 | PCL_LOSS=2.815479 | DRUG_PCL=1.376783 | PROT_PCL=1.438696 | MEAN_GATE=0.5479 | MEAN_VALID_PER_ROW=3.00 | MEAN_VALID_OFFDIAG=2.00 | MEAN_DIAG_PRIOR_MASS=0.3141 | LBL_TAU=1.00 | LBL_MIX=0.50 | BATCH_RMSE=0.650905
  STEP 5300/5739 | TOTAL_LOSS=0.954454 | REG_LOSS=0.566622 | SOFTCLIP_LOSS=1.108011 | PCL_LOSS=2.770307 | DRUG_PCL=1.383988 | PROT_PCL=1.386319 | MEAN_GATE=0.5748 | MEAN_VALID_PER_ROW=3.25 | MEAN_VALID_OFFDIAG=2.25 | MEAN_DIAG_PRIOR_MASS=0.2746 | LBL_TAU=1.00 | LBL_MIX=0.50 | BATCH_RMSE=0.752743
  STEP 5400/5739 | TOTAL_LOSS=1.796818 | REG_LOSS=1.416721 | SOFTCLIP_LOSS=1.014899 | PCL_LOSS=2.786065 | DRUG_PCL=1.395515 | PROT_PCL=1.390550 | MEAN_GATE=0.5399 | MEAN_VALID_PER_ROW=3.00 | MEAN_VALID_OFFDIAG=2.00 | MEAN_DIAG_PRIOR_MASS=0.5606 | LBL_TAU=1.00 | LBL_MIX=0.50 | BATCH_RMSE=1.190261
  STEP 5500/5739 | TOTAL_LOSS=0.632151 | REG_LOSS=0.234859 | SOFTCLIP_LOSS=1.228355 | PCL_LOSS=2.744559 | DRUG_PCL=1.363266 | PROT_PCL=1.381293 | MEAN_GATE=0.5344 | MEAN_VALID_PER_ROW=3.75 | MEAN_VALID_OFFDIAG=2.75 | MEAN_DIAG_PRIOR_MASS=0.2427 | LBL_TAU=1.00 | LBL_MIX=0.50 | BATCH_RMSE=0.484623
  STEP 5600/5739 | TOTAL_LOSS=1.180766 | REG_LOSS=0.796490 | SOFTCLIP_LOSS=1.091944 | PCL_LOSS=2.750819 | DRUG_PCL=1.368443 | PROT_PCL=1.382376 | MEAN_GATE=0.5131 | MEAN_VALID_PER_ROW=3.50 | MEAN_VALID_OFFDIAG=2.50 | MEAN_DIAG_PRIOR_MASS=0.3869 | LBL_TAU=1.00 | LBL_MIX=0.50 | BATCH_RMSE=0.892463
  STEP 5700/5739 | TOTAL_LOSS=4.659787 | REG_LOSS=4.280165 | SOFTCLIP_LOSS=1.013317 | PCL_LOSS=2.782897 | DRUG_PCL=1.390390 | PROT_PCL=1.392507 | MEAN_GATE=0.5183 | MEAN_VALID_PER_ROW=3.00 | MEAN_VALID_OFFDIAG=2.00 | MEAN_DIAG_PRIOR_MASS=0.3571 | LBL_TAU=1.00 | LBL_MIX=0.50 | BATCH_RMSE=2.068856
[EPOCH 001/010] TRAIN: TOTAL=1.229436 | REG=0.832813 | SOFTCLIP=1.189178 | PCL=2.777042 | RMSE=0.912586 | MAE=0.627379 | CI=0.674009 | RM2=0.091640 | DRUG_PCL=1.388568 | PROT_PCL=1.388474
[EPOCH 001/010] VAL  : TOTAL=0.885272 | REG=0.567591 | SOFTCLIP=0.404237 | PCL=2.772567 | RMSE=0.753386 | MAE=0.469991 | CI=0.778936 | RM2=0.274495 | DRUG_PCL=1.386287 | PROT_PCL=1.386280
  SAVED NEW BEST MODEL | EPOCH=001 | BEST_VAL_RMSE=0.753386 | BEST_VAL_MAE=0.469991 | BEST_VAL_CI=0.778936 | BEST_VAL_RM2=0.274495

EPOCH 2/10
  STEP 100/5739 | TOTAL_LOSS=0.567399 | REG_LOSS=0.167113 | SOFTCLIP_LOSS=1.240891 | PCL_LOSS=2.761972 | DRUG_PCL=1.374198 | PROT_PCL=1.387774 | MEAN_GATE=0.5009 | MEAN_VALID_PER_ROW=3.50 | MEAN_VALID_OFFDIAG=2.50 | MEAN_DIAG_PRIOR_MASS=0.2726 | LBL_TAU=1.00 | LBL_MIX=0.50 | BATCH_RMSE=0.408794
  STEP 200/5739 | TOTAL_LOSS=1.018864 | REG_LOSS=0.607134 | SOFTCLIP_LOSS=1.315567 | PCL_LOSS=2.801735 | DRUG_PCL=1.399069 | PROT_PCL=1.402666 | MEAN_GATE=0.5602 | MEAN_VALID_PER_ROW=3.75 | MEAN_VALID_OFFDIAG=2.75 | MEAN_DIAG_PRIOR_MASS=0.2868 | LBL_TAU=1.00 | LBL_MIX=0.50 | BATCH_RMSE=0.779188
  STEP 300/5739 | TOTAL_LOSS=1.212855 | REG_LOSS=0.824233 | SOFTCLIP_LOSS=1.097023 | PCL_LOSS=2.789202 | DRUG_PCL=1.392872 | PROT_PCL=1.396330 | MEAN_GATE=0.5704 | MEAN_VALID_PER_ROW=3.00 | MEAN_VALID_OFFDIAG=2.00 | MEAN_DIAG_PRIOR_MASS=0.3750 | LBL_TAU=1.00 | LBL_MIX=0.50 | BATCH_RMSE=0.907873
  STEP 400/5739 | TOTAL_LOSS=0.459109 | REG_LOSS=0.077911 | SOFTCLIP_LOSS=1.033997 | PCL_LOSS=2.777988 | DRUG_PCL=1.377414 | PROT_PCL=1.400574 | MEAN_GATE=0.5176 | MEAN_VALID_PER_ROW=3.00 | MEAN_VALID_OFFDIAG=2.00 | MEAN_DIAG_PRIOR_MASS=0.3333 | LBL_TAU=1.00 | LBL_MIX=0.50 | BATCH_RMSE=0.279125
  STEP 500/5739 | TOTAL_LOSS=0.543627 | REG_LOSS=0.154562 | SOFTCLIP_LOSS=1.143236 | PCL_LOSS=2.747418 | DRUG_PCL=1.383688 | PROT_PCL=1.363729 | MEAN_GATE=0.5324 | MEAN_VALID_PER_ROW=3.25 | MEAN_VALID_OFFDIAG=2.25 | MEAN_DIAG_PRIOR_MASS=0.2812 | LBL_TAU=1.00 | LBL_MIX=0.50 | BATCH_RMSE=0.393143
  STEP 600/5739 | TOTAL_LOSS=0.668504 | REG_LOSS=0.274588 | SOFTCLIP_LOSS=1.128920 | PCL_LOSS=2.810246 | DRUG_PCL=1.429460 | PROT_PCL=1.380786 | MEAN_GATE=0.5247 | MEAN_VALID_PER_ROW=3.25 | MEAN_VALID_OFFDIAG=2.25 | MEAN_DIAG_PRIOR_MASS=0.2305 | LBL_TAU=1.00 | LBL_MIX=0.50 | BATCH_RMSE=0.524011
  STEP 700/5739 | TOTAL_LOSS=0.675165 | REG_LOSS=0.279800 | SOFTCLIP_LOSS=1.172063 | PCL_LOSS=2.781585 | DRUG_PCL=1.389725 | PROT_PCL=1.391860 | MEAN_GATE=0.5542 | MEAN_VALID_PER_ROW=3.25 | MEAN_VALID_OFFDIAG=2.25 | MEAN_DIAG_PRIOR_MASS=0.3057 | LBL_TAU=1.00 | LBL_MIX=0.50 | BATCH_RMSE=0.528961
  STEP 800/5739 | TOTAL_LOSS=0.554541 | REG_LOSS=0.175963 | SOFTCLIP_LOSS=1.035638 | PCL_LOSS=2.750138 | DRUG_PCL=1.354764 | PROT_PCL=1.395375 | MEAN_GATE=0.5264 | MEAN_VALID_PER_ROW=3.00 | MEAN_VALID_OFFDIAG=2.00 | MEAN_DIAG_PRIOR_MASS=0.3835 | LBL_TAU=1.00 | LBL_MIX=0.50 | BATCH_RMSE=0.419480
  STEP 900/5739 | TOTAL_LOSS=1.336250 | REG_LOSS=0.930040 | SOFTCLIP_LOSS=1.297247 | PCL_LOSS=2.764850 | DRUG_PCL=1.363033 | PROT_PCL=1.401817 | MEAN_GATE=0.4977 | MEAN_VALID_PER_ROW=3.75 | MEAN_VALID_OFFDIAG=2.75 | MEAN_DIAG_PRIOR_MASS=0.2990 | LBL_TAU=1.00 | LBL_MIX=0.50 | BATCH_RMSE=0.964386
  STEP 1000/5739 | TOTAL_LOSS=0.753839 | REG_LOSS=0.350699 | SOFTCLIP_LOSS=1.231976 | PCL_LOSS=2.799428 | DRUG_PCL=1.389491 | PROT_PCL=1.409937 | MEAN_GATE=0.5266 | MEAN_VALID_PER_ROW=3.50 | MEAN_VALID_OFFDIAG=2.50 | MEAN_DIAG_PRIOR_MASS=0.2492 | LBL_TAU=1.00 | LBL_MIX=0.50 | BATCH_RMSE=0.592198
  STEP 1100/5739 | TOTAL_LOSS=0.556024 | REG_LOSS=0.158969 | SOFTCLIP_LOSS=1.128298 | PCL_LOSS=2.842248 | DRUG_PCL=1.421441 | PROT_PCL=1.420807 | MEAN_GATE=0.5592 | MEAN_VALID_PER_ROW=3.25 | MEAN_VALID_OFFDIAG=2.25 | MEAN_DIAG_PRIOR_MASS=0.2601 | LBL_TAU=1.00 | LBL_MIX=0.50 | BATCH_RMSE=0.398709
  STEP 1200/5739 | TOTAL_LOSS=4.876496 | REG_LOSS=4.473228 | SOFTCLIP_LOSS=1.243534 | PCL_LOSS=2.789150 | DRUG_PCL=1.399456 | PROT_PCL=1.389694 | MEAN_GATE=0.5586 | MEAN_VALID_PER_ROW=3.75 | MEAN_VALID_OFFDIAG=2.75 | MEAN_DIAG_PRIOR_MASS=0.4598 | LBL_TAU=1.00 | LBL_MIX=0.50 | BATCH_RMSE=2.115001
  STEP 1300/5739 | TOTAL_LOSS=0.412306 | REG_LOSS=0.003789 | SOFTCLIP_LOSS=1.315324 | PCL_LOSS=2.769845 | DRUG_PCL=1.378877 | PROT_PCL=1.390969 | MEAN_GATE=0.5376 | MEAN_VALID_PER_ROW=3.75 | MEAN_VALID_OFFDIAG=2.75 | MEAN_DIAG_PRIOR_MASS=0.2451 | LBL_TAU=1.00 | LBL_MIX=0.50 | BATCH_RMSE=0.061557
  STEP 1400/5739 | TOTAL_LOSS=0.789596 | REG_LOSS=0.378244 | SOFTCLIP_LOSS=1.308460 | PCL_LOSS=2.805062 | DRUG_PCL=1.413155 | PROT_PCL=1.391907 | MEAN_GATE=0.5317 | MEAN_VALID_PER_ROW=3.75 | MEAN_VALID_OFFDIAG=2.75 | MEAN_DIAG_PRIOR_MASS=0.3373 | LBL_TAU=1.00 | LBL_MIX=0.50 | BATCH_RMSE=0.615015
  STEP 1500/5739 | TOTAL_LOSS=1.126803 | REG_LOSS=0.727407 | SOFTCLIP_LOSS=1.229465 | PCL_LOSS=2.764501 | DRUG_PCL=1.401987 | PROT_PCL=1.362514 | MEAN_GATE=0.5621 | MEAN_VALID_PER_ROW=3.50 | MEAN_VALID_OFFDIAG=2.50 | MEAN_DIAG_PRIOR_MASS=0.3617 | LBL_TAU=1.00 | LBL_MIX=0.50 | BATCH_RMSE=0.852881
  STEP 1600/5739 | TOTAL_LOSS=0.459328 | REG_LOSS=0.044589 | SOFTCLIP_LOSS=1.392170 | PCL_LOSS=2.755218 | DRUG_PCL=1.375710 | PROT_PCL=1.379509 | MEAN_GATE=0.5107 | MEAN_VALID_PER_ROW=4.00 | MEAN_VALID_OFFDIAG=3.00 | MEAN_DIAG_PRIOR_MASS=0.2500 | LBL_TAU=1.00 | LBL_MIX=0.50 | BATCH_RMSE=0.211162
  STEP 1700/5739 | TOTAL_LOSS=1.301967 | REG_LOSS=0.925001 | SOFTCLIP_LOSS=0.989867 | PCL_LOSS=2.779785 | DRUG_PCL=1.400141 | PROT_PCL=1.379644 | MEAN_GATE=0.5443 | MEAN_VALID_PER_ROW=3.00 | MEAN_VALID_OFFDIAG=2.00 | MEAN_DIAG_PRIOR_MASS=0.3718 | LBL_TAU=1.00 | LBL_MIX=0.50 | BATCH_RMSE=0.961770
  STEP 1800/5739 | TOTAL_LOSS=1.975538 | REG_LOSS=1.582278 | SOFTCLIP_LOSS=1.123290 | PCL_LOSS=2.809314 | DRUG_PCL=1.398795 | PROT_PCL=1.410519 | MEAN_GATE=0.5008 | MEAN_VALID_PER_ROW=3.25 | MEAN_VALID_OFFDIAG=2.25 | MEAN_DIAG_PRIOR_MASS=0.3461 | LBL_TAU=1.00 | LBL_MIX=0.50 | BATCH_RMSE=1.257886
  STEP 1900/5739 | TOTAL_LOSS=0.608602 | REG_LOSS=0.221483 | SOFTCLIP_LOSS=1.067413 | PCL_LOSS=2.803783 | DRUG_PCL=1.411226 | PROT_PCL=1.392557 | MEAN_GATE=0.5417 | MEAN_VALID_PER_ROW=3.00 | MEAN_VALID_OFFDIAG=2.00 | MEAN_DIAG_PRIOR_MASS=0.2446 | LBL_TAU=1.00 | LBL_MIX=0.50 | BATCH_RMSE=0.470619
  STEP 2000/5739 | TOTAL_LOSS=1.003576 | REG_LOSS=0.603937 | SOFTCLIP_LOSS=1.235025 | PCL_LOSS=2.761363 | DRUG_PCL=1.376370 | PROT_PCL=1.384994 | MEAN_GATE=0.5364 | MEAN_VALID_PER_ROW=3.75 | MEAN_VALID_OFFDIAG=2.75 | MEAN_DIAG_PRIOR_MASS=0.2676 | LBL_TAU=1.00 | LBL_MIX=0.50 | BATCH_RMSE=0.777134
  STEP 2100/5739 | TOTAL_LOSS=0.696055 | REG_LOSS=0.338038 | SOFTCLIP_LOSS=0.865746 | PCL_LOSS=2.714423 | DRUG_PCL=1.357318 | PROT_PCL=1.357104 | MEAN_GATE=0.5101 | MEAN_VALID_PER_ROW=2.50 | MEAN_VALID_OFFDIAG=1.50 | MEAN_DIAG_PRIOR_MASS=0.4597 | LBL_TAU=1.00 | LBL_MIX=0.50 | BATCH_RMSE=0.581410
  STEP 2200/5739 | TOTAL_LOSS=0.541508 | REG_LOSS=0.168593 | SOFTCLIP_LOSS=0.958901 | PCL_LOSS=2.770253 | DRUG_PCL=1.391201 | PROT_PCL=1.379052 | MEAN_GATE=0.5045 | MEAN_VALID_PER_ROW=3.00 | MEAN_VALID_OFFDIAG=2.00 | MEAN_DIAG_PRIOR_MASS=0.3408 | LBL_TAU=1.00 | LBL_MIX=0.50 | BATCH_RMSE=0.410600
  STEP 2300/5739 | TOTAL_LOSS=0.858122 | REG_LOSS=0.447974 | SOFTCLIP_LOSS=1.321953 | PCL_LOSS=2.779528 | DRUG_PCL=1.385351 | PROT_PCL=1.394176 | MEAN_GATE=0.5032 | MEAN_VALID_PER_ROW=3.75 | MEAN_VALID_OFFDIAG=2.75 | MEAN_DIAG_PRIOR_MASS=0.2136 | LBL_TAU=1.00 | LBL_MIX=0.50 | BATCH_RMSE=0.669309
  STEP 2400/5739 | TOTAL_LOSS=0.689533 | REG_LOSS=0.297637 | SOFTCLIP_LOSS=1.145622 | PCL_LOSS=2.773335 | DRUG_PCL=1.385150 | PROT_PCL=1.388185 | MEAN_GATE=0.5181 | MEAN_VALID_PER_ROW=3.25 | MEAN_VALID_OFFDIAG=2.25 | MEAN_DIAG_PRIOR_MASS=0.4079 | LBL_TAU=1.00 | LBL_MIX=0.50 | BATCH_RMSE=0.545561
  STEP 2500/5739 | TOTAL_LOSS=4.143583 | REG_LOSS=3.749340 | SOFTCLIP_LOSS=1.166265 | PCL_LOSS=2.776175 | DRUG_PCL=1.383799 | PROT_PCL=1.392375 | MEAN_GATE=0.5586 | MEAN_VALID_PER_ROW=3.50 | MEAN_VALID_OFFDIAG=2.50 | MEAN_DIAG_PRIOR_MASS=0.3351 | LBL_TAU=1.00 | LBL_MIX=0.50 | BATCH_RMSE=1.936321
  STEP 2600/5739 | TOTAL_LOSS=0.482193 | REG_LOSS=0.081887 | SOFTCLIP_LOSS=1.224693 | PCL_LOSS=2.778365 | DRUG_PCL=1.394334 | PROT_PCL=1.384030 | MEAN_GATE=0.5821 | MEAN_VALID_PER_ROW=3.50 | MEAN_VALID_OFFDIAG=2.50 | MEAN_DIAG_PRIOR_MASS=0.3116 | LBL_TAU=1.00 | LBL_MIX=0.50 | BATCH_RMSE=0.286159
  STEP 2700/5739 | TOTAL_LOSS=1.254348 | REG_LOSS=0.856469 | SOFTCLIP_LOSS=1.213056 | PCL_LOSS=2.765730 | DRUG_PCL=1.376773 | PROT_PCL=1.388957 | MEAN_GATE=0.5334 | MEAN_VALID_PER_ROW=3.50 | MEAN_VALID_OFFDIAG=2.50 | MEAN_DIAG_PRIOR_MASS=0.3208 | LBL_TAU=1.00 | LBL_MIX=0.50 | BATCH_RMSE=0.925456
  STEP 2800/5739 | TOTAL_LOSS=0.835721 | REG_LOSS=0.425888 | SOFTCLIP_LOSS=1.307445 | PCL_LOSS=2.790876 | DRUG_PCL=1.387223 | PROT_PCL=1.403653 | MEAN_GATE=0.5236 | MEAN_VALID_PER_ROW=3.75 | MEAN_VALID_OFFDIAG=2.75 | MEAN_DIAG_PRIOR_MASS=0.3015 | LBL_TAU=1.00 | LBL_MIX=0.50 | BATCH_RMSE=0.652601
  STEP 2900/5739 | TOTAL_LOSS=0.905312 | REG_LOSS=0.504052 | SOFTCLIP_LOSS=1.251716 | PCL_LOSS=2.760881 | DRUG_PCL=1.381863 | PROT_PCL=1.379018 | MEAN_GATE=0.5111 | MEAN_VALID_PER_ROW=3.50 | MEAN_VALID_OFFDIAG=2.50 | MEAN_DIAG_PRIOR_MASS=0.2405 | LBL_TAU=1.00 | LBL_MIX=0.50 | BATCH_RMSE=0.709966
  STEP 3000/5739 | TOTAL_LOSS=0.547364 | REG_LOSS=0.180118 | SOFTCLIP_LOSS=0.862181 | PCL_LOSS=2.810277 | DRUG_PCL=1.421820 | PROT_PCL=1.388457 | MEAN_GATE=0.5009 | MEAN_VALID_PER_ROW=2.50 | MEAN_VALID_OFFDIAG=1.50 | MEAN_DIAG_PRIOR_MASS=0.5000 | LBL_TAU=1.00 | LBL_MIX=0.50 | BATCH_RMSE=0.424403
  STEP 3100/5739 | TOTAL_LOSS=1.379763 | REG_LOSS=0.963047 | SOFTCLIP_LOSS=1.385521 | PCL_LOSS=2.781641 | DRUG_PCL=1.388162 | PROT_PCL=1.393479 | MEAN_GATE=0.4894 | MEAN_VALID_PER_ROW=4.00 | MEAN_VALID_OFFDIAG=3.00 | MEAN_DIAG_PRIOR_MASS=0.2834 | LBL_TAU=1.00 | LBL_MIX=0.50 | BATCH_RMSE=0.981350
  STEP 3200/5739 | TOTAL_LOSS=0.507166 | REG_LOSS=0.115111 | SOFTCLIP_LOSS=1.155377 | PCL_LOSS=2.765174 | DRUG_PCL=1.370197 | PROT_PCL=1.394978 | MEAN_GATE=0.5483 | MEAN_VALID_PER_ROW=3.25 | MEAN_VALID_OFFDIAG=2.25 | MEAN_DIAG_PRIOR_MASS=0.3038 | LBL_TAU=1.00 | LBL_MIX=0.50 | BATCH_RMSE=0.339280
  STEP 3300/5739 | TOTAL_LOSS=0.605932 | REG_LOSS=0.200614 | SOFTCLIP_LOSS=1.304861 | PCL_LOSS=2.748319 | DRUG_PCL=1.379097 | PROT_PCL=1.369222 | MEAN_GATE=0.5127 | MEAN_VALID_PER_ROW=3.75 | MEAN_VALID_OFFDIAG=2.75 | MEAN_DIAG_PRIOR_MASS=0.2637 | LBL_TAU=1.00 | LBL_MIX=0.50 | BATCH_RMSE=0.447899
  STEP 3400/5739 | TOTAL_LOSS=0.905334 | REG_LOSS=0.512388 | SOFTCLIP_LOSS=1.153479 | PCL_LOSS=2.775984 | DRUG_PCL=1.381365 | PROT_PCL=1.394619 | MEAN_GATE=0.5268 | MEAN_VALID_PER_ROW=3.50 | MEAN_VALID_OFFDIAG=2.50 | MEAN_DIAG_PRIOR_MASS=0.2643 | LBL_TAU=1.00 | LBL_MIX=0.50 | BATCH_RMSE=0.715813
  STEP 3500/5739 | TOTAL_LOSS=0.999442 | REG_LOSS=0.585505 | SOFTCLIP_LOSS=1.367813 | PCL_LOSS=2.771559 | DRUG_PCL=1.392385 | PROT_PCL=1.379174 | MEAN_GATE=0.5487 | MEAN_VALID_PER_ROW=4.00 | MEAN_VALID_OFFDIAG=3.00 | MEAN_DIAG_PRIOR_MASS=0.2474 | LBL_TAU=1.00 | LBL_MIX=0.50 | BATCH_RMSE=0.765183
  STEP 3600/5739 | TOTAL_LOSS=0.541067 | REG_LOSS=0.144914 | SOFTCLIP_LOSS=1.146174 | PCL_LOSS=2.815358 | DRUG_PCL=1.395683 | PROT_PCL=1.419675 | MEAN_GATE=0.5647 | MEAN_VALID_PER_ROW=3.25 | MEAN_VALID_OFFDIAG=2.25 | MEAN_DIAG_PRIOR_MASS=0.2880 | LBL_TAU=1.00 | LBL_MIX=0.50 | BATCH_RMSE=0.380676
  STEP 3700/5739 | TOTAL_LOSS=0.926081 | REG_LOSS=0.517316 | SOFTCLIP_LOSS=1.312185 | PCL_LOSS=2.775463 | DRUG_PCL=1.389547 | PROT_PCL=1.385916 | MEAN_GATE=0.5261 | MEAN_VALID_PER_ROW=3.75 | MEAN_VALID_OFFDIAG=2.75 | MEAN_DIAG_PRIOR_MASS=0.3076 | LBL_TAU=1.00 | LBL_MIX=0.50 | BATCH_RMSE=0.719247
  STEP 3800/5739 | TOTAL_LOSS=0.480461 | REG_LOSS=0.071355 | SOFTCLIP_LOSS=1.315967 | PCL_LOSS=2.775098 | DRUG_PCL=1.382082 | PROT_PCL=1.393017 | MEAN_GATE=0.5368 | MEAN_VALID_PER_ROW=3.75 | MEAN_VALID_OFFDIAG=2.75 | MEAN_DIAG_PRIOR_MASS=0.2708 | LBL_TAU=1.00 | LBL_MIX=0.50 | BATCH_RMSE=0.267123
  STEP 3900/5739 | TOTAL_LOSS=0.421741 | REG_LOSS=0.029421 | SOFTCLIP_LOSS=1.147982 | PCL_LOSS=2.775220 | DRUG_PCL=1.391825 | PROT_PCL=1.383396 | MEAN_GATE=0.4986 | MEAN_VALID_PER_ROW=3.75 | MEAN_VALID_OFFDIAG=2.75 | MEAN_DIAG_PRIOR_MASS=0.2313 | LBL_TAU=1.00 | LBL_MIX=0.50 | BATCH_RMSE=0.171524
  STEP 4000/5739 | TOTAL_LOSS=0.682146 | REG_LOSS=0.271583 | SOFTCLIP_LOSS=1.291296 | PCL_LOSS=2.814327 | DRUG_PCL=1.397931 | PROT_PCL=1.416396 | MEAN_GATE=0.5606 | MEAN_VALID_PER_ROW=3.75 | MEAN_VALID_OFFDIAG=2.75 | MEAN_DIAG_PRIOR_MASS=0.3367 | LBL_TAU=1.00 | LBL_MIX=0.50 | BATCH_RMSE=0.521137
  STEP 4100/5739 | TOTAL_LOSS=0.776722 | REG_LOSS=0.390237 | SOFTCLIP_LOSS=1.089612 | PCL_LOSS=2.775238 | DRUG_PCL=1.388970 | PROT_PCL=1.386268 | MEAN_GATE=0.5742 | MEAN_VALID_PER_ROW=3.50 | MEAN_VALID_OFFDIAG=2.50 | MEAN_DIAG_PRIOR_MASS=0.3239 | LBL_TAU=1.00 | LBL_MIX=0.50 | BATCH_RMSE=0.624689
  STEP 4200/5739 | TOTAL_LOSS=1.024197 | REG_LOSS=0.615253 | SOFTCLIP_LOSS=1.312742 | PCL_LOSS=2.776701 | DRUG_PCL=1.393007 | PROT_PCL=1.383694 | MEAN_GATE=0.4790 | MEAN_VALID_PER_ROW=3.75 | MEAN_VALID_OFFDIAG=2.75 | MEAN_DIAG_PRIOR_MASS=0.3744 | LBL_TAU=1.00 | LBL_MIX=0.50 | BATCH_RMSE=0.784380
  STEP 4300/5739 | TOTAL_LOSS=0.495065 | REG_LOSS=0.090576 | SOFTCLIP_LOSS=1.289710 | PCL_LOSS=2.755176 | DRUG_PCL=1.391603 | PROT_PCL=1.363572 | MEAN_GATE=0.5105 | MEAN_VALID_PER_ROW=3.75 | MEAN_VALID_OFFDIAG=2.75 | MEAN_DIAG_PRIOR_MASS=0.2888 | LBL_TAU=1.00 | LBL_MIX=0.50 | BATCH_RMSE=0.300959
  STEP 4400/5739 | TOTAL_LOSS=0.619842 | REG_LOSS=0.211085 | SOFTCLIP_LOSS=1.318518 | PCL_LOSS=2.769046 | DRUG_PCL=1.382782 | PROT_PCL=1.386264 | MEAN_GATE=0.5151 | MEAN_VALID_PER_ROW=3.75 | MEAN_VALID_OFFDIAG=2.75 | MEAN_DIAG_PRIOR_MASS=0.2731 | LBL_TAU=1.00 | LBL_MIX=0.50 | BATCH_RMSE=0.459440
  STEP 4500/5739 | TOTAL_LOSS=0.754633 | REG_LOSS=0.348747 | SOFTCLIP_LOSS=1.315670 | PCL_LOSS=2.743193 | DRUG_PCL=1.377619 | PROT_PCL=1.365574 | MEAN_GATE=0.5087 | MEAN_VALID_PER_ROW=3.75 | MEAN_VALID_OFFDIAG=2.75 | MEAN_DIAG_PRIOR_MASS=0.3018 | LBL_TAU=1.00 | LBL_MIX=0.50 | BATCH_RMSE=0.590548
  STEP 4600/5739 | TOTAL_LOSS=0.895466 | REG_LOSS=0.493842 | SOFTCLIP_LOSS=1.206404 | PCL_LOSS=2.809842 | DRUG_PCL=1.415741 | PROT_PCL=1.394100 | MEAN_GATE=0.5247 | MEAN_VALID_PER_ROW=3.50 | MEAN_VALID_OFFDIAG=2.50 | MEAN_DIAG_PRIOR_MASS=0.2730 | LBL_TAU=1.00 | LBL_MIX=0.50 | BATCH_RMSE=0.702739
  STEP 4700/5739 | TOTAL_LOSS=1.446070 | REG_LOSS=1.047133 | SOFTCLIP_LOSS=1.221084 | PCL_LOSS=2.768282 | DRUG_PCL=1.372843 | PROT_PCL=1.395439 | MEAN_GATE=0.5037 | MEAN_VALID_PER_ROW=3.50 | MEAN_VALID_OFFDIAG=2.50 | MEAN_DIAG_PRIOR_MASS=0.3272 | LBL_TAU=1.00 | LBL_MIX=0.50 | BATCH_RMSE=1.023295
  STEP 4800/5739 | TOTAL_LOSS=1.053880 | REG_LOSS=0.651164 | SOFTCLIP_LOSS=1.279169 | PCL_LOSS=2.747991 | DRUG_PCL=1.380267 | PROT_PCL=1.367724 | MEAN_GATE=0.5600 | MEAN_VALID_PER_ROW=3.75 | MEAN_VALID_OFFDIAG=2.75 | MEAN_DIAG_PRIOR_MASS=0.1974 | LBL_TAU=1.00 | LBL_MIX=0.50 | BATCH_RMSE=0.806947
  STEP 4900/5739 | TOTAL_LOSS=0.889483 | REG_LOSS=0.481610 | SOFTCLIP_LOSS=1.304434 | PCL_LOSS=2.774292 | DRUG_PCL=1.372862 | PROT_PCL=1.401431 | MEAN_GATE=0.5289 | MEAN_VALID_PER_ROW=4.00 | MEAN_VALID_OFFDIAG=3.00 | MEAN_DIAG_PRIOR_MASS=0.2700 | LBL_TAU=1.00 | LBL_MIX=0.50 | BATCH_RMSE=0.693981
  STEP 5000/5739 | TOTAL_LOSS=1.879547 | REG_LOSS=1.459544 | SOFTCLIP_LOSS=1.373369 | PCL_LOSS=2.826664 | DRUG_PCL=1.438482 | PROT_PCL=1.388183 | MEAN_GATE=0.5588 | MEAN_VALID_PER_ROW=4.00 | MEAN_VALID_OFFDIAG=3.00 | MEAN_DIAG_PRIOR_MASS=0.2976 | LBL_TAU=1.00 | LBL_MIX=0.50 | BATCH_RMSE=1.208116
  STEP 5100/5739 | TOTAL_LOSS=1.814017 | REG_LOSS=1.428913 | SOFTCLIP_LOSS=1.051856 | PCL_LOSS=2.799184 | DRUG_PCL=1.405117 | PROT_PCL=1.394067 | MEAN_GATE=0.5044 | MEAN_VALID_PER_ROW=3.00 | MEAN_VALID_OFFDIAG=2.00 | MEAN_DIAG_PRIOR_MASS=0.3058 | LBL_TAU=1.00 | LBL_MIX=0.50 | BATCH_RMSE=1.195372
  STEP 5200/5739 | TOTAL_LOSS=0.560980 | REG_LOSS=0.178204 | SOFTCLIP_LOSS=1.080710 | PCL_LOSS=2.747046 | DRUG_PCL=1.367502 | PROT_PCL=1.379544 | MEAN_GATE=0.5177 | MEAN_VALID_PER_ROW=3.25 | MEAN_VALID_OFFDIAG=2.25 | MEAN_DIAG_PRIOR_MASS=0.2676 | LBL_TAU=1.00 | LBL_MIX=0.50 | BATCH_RMSE=0.422142
  STEP 5300/5739 | TOTAL_LOSS=0.560936 | REG_LOSS=0.160857 | SOFTCLIP_LOSS=1.232158 | PCL_LOSS=2.768630 | DRUG_PCL=1.379236 | PROT_PCL=1.389394 | MEAN_GATE=0.5019 | MEAN_VALID_PER_ROW=3.50 | MEAN_VALID_OFFDIAG=2.50 | MEAN_DIAG_PRIOR_MASS=0.3125 | LBL_TAU=1.00 | LBL_MIX=0.50 | BATCH_RMSE=0.401070
  STEP 5400/5739 | TOTAL_LOSS=1.003648 | REG_LOSS=0.621031 | SOFTCLIP_LOSS=1.053550 | PCL_LOSS=2.772626 | DRUG_PCL=1.400940 | PROT_PCL=1.371686 | MEAN_GATE=0.5630 | MEAN_VALID_PER_ROW=3.00 | MEAN_VALID_OFFDIAG=2.00 | MEAN_DIAG_PRIOR_MASS=0.4456 | LBL_TAU=1.00 | LBL_MIX=0.50 | BATCH_RMSE=0.788055
  STEP 5500/5739 | TOTAL_LOSS=2.758321 | REG_LOSS=2.371493 | SOFTCLIP_LOSS=1.097229 | PCL_LOSS=2.771051 | DRUG_PCL=1.388462 | PROT_PCL=1.382589 | MEAN_GATE=0.5082 | MEAN_VALID_PER_ROW=3.00 | MEAN_VALID_OFFDIAG=2.00 | MEAN_DIAG_PRIOR_MASS=0.4884 | LBL_TAU=1.00 | LBL_MIX=0.50 | BATCH_RMSE=1.539965
  STEP 5600/5739 | TOTAL_LOSS=4.254529 | REG_LOSS=3.851577 | SOFTCLIP_LOSS=1.247291 | PCL_LOSS=2.782224 | DRUG_PCL=1.399474 | PROT_PCL=1.382750 | MEAN_GATE=0.4831 | MEAN_VALID_PER_ROW=3.50 | MEAN_VALID_OFFDIAG=2.50 | MEAN_DIAG_PRIOR_MASS=0.4589 | LBL_TAU=1.00 | LBL_MIX=0.50 | BATCH_RMSE=1.962543
  STEP 5700/5739 | TOTAL_LOSS=0.759445 | REG_LOSS=0.370293 | SOFTCLIP_LOSS=1.120841 | PCL_LOSS=2.770680 | DRUG_PCL=1.390968 | PROT_PCL=1.379712 | MEAN_GATE=0.5470 | MEAN_VALID_PER_ROW=3.25 | MEAN_VALID_OFFDIAG=2.25 | MEAN_DIAG_PRIOR_MASS=0.2721 | LBL_TAU=1.00 | LBL_MIX=0.50 | BATCH_RMSE=0.608517
[EPOCH 002/010] TRAIN: TOTAL=1.085031 | REG=0.689668 | SOFTCLIP=1.180329 | PCL=2.773305 | RMSE=0.830462 | MAE=0.576783 | CI=0.713787 | RM2=0.161254 | DRUG_PCL=1.386654 | PROT_PCL=1.386651
[EPOCH 002/010] VAL  : TOTAL=0.864738 | REG=0.547160 | SOFTCLIP=0.403190 | PCL=2.772591 | RMSE=0.739703 | MAE=0.490387 | CI=0.782753 | RM2=0.305472 | DRUG_PCL=1.386297 | PROT_PCL=1.386295
  SAVED NEW BEST MODEL | EPOCH=002 | BEST_VAL_RMSE=0.739703 | BEST_VAL_MAE=0.490387 | BEST_VAL_CI=0.782753 | BEST_VAL_RM2=0.305472

EPOCH 3/10
  STEP 100/5739 | TOTAL_LOSS=0.593023 | REG_LOSS=0.186008 | SOFTCLIP_LOSS=1.255614 | PCL_LOSS=2.814538 | DRUG_PCL=1.407405 | PROT_PCL=1.407132 | MEAN_GATE=0.5684 | MEAN_VALID_PER_ROW=3.50 | MEAN_VALID_OFFDIAG=2.50 | MEAN_DIAG_PRIOR_MASS=0.2584 | LBL_TAU=1.00 | LBL_MIX=0.50 | BATCH_RMSE=0.431287
  STEP 200/5739 | TOTAL_LOSS=0.436599 | REG_LOSS=0.035589 | SOFTCLIP_LOSS=1.231221 | PCL_LOSS=2.778882 | DRUG_PCL=1.390193 | PROT_PCL=1.388688 | MEAN_GATE=0.4512 | MEAN_VALID_PER_ROW=3.50 | MEAN_VALID_OFFDIAG=2.50 | MEAN_DIAG_PRIOR_MASS=0.3055 | LBL_TAU=1.00 | LBL_MIX=0.50 | BATCH_RMSE=0.188650
  STEP 300/5739 | TOTAL_LOSS=4.470056 | REG_LOSS=4.077048 | SOFTCLIP_LOSS=1.141598 | PCL_LOSS=2.788483 | DRUG_PCL=1.398852 | PROT_PCL=1.389632 | MEAN_GATE=0.5618 | MEAN_VALID_PER_ROW=3.25 | MEAN_VALID_OFFDIAG=2.25 | MEAN_DIAG_PRIOR_MASS=0.4409 | LBL_TAU=1.00 | LBL_MIX=0.50 | BATCH_RMSE=2.019170
  STEP 400/5739 | TOTAL_LOSS=1.442245 | REG_LOSS=1.063165 | SOFTCLIP_LOSS=1.056472 | PCL_LOSS=2.734334 | DRUG_PCL=1.365222 | PROT_PCL=1.369113 | MEAN_GATE=0.5619 | MEAN_VALID_PER_ROW=3.25 | MEAN_VALID_OFFDIAG=2.25 | MEAN_DIAG_PRIOR_MASS=0.4317 | LBL_TAU=1.00 | LBL_MIX=0.50 | BATCH_RMSE=1.031099
  STEP 500/5739 | TOTAL_LOSS=0.853173 | REG_LOSS=0.480758 | SOFTCLIP_LOSS=0.948524 | PCL_LOSS=2.775625 | DRUG_PCL=1.405027 | PROT_PCL=1.370598 | MEAN_GATE=0.5558 | MEAN_VALID_PER_ROW=2.75 | MEAN_VALID_OFFDIAG=1.75 | MEAN_DIAG_PRIOR_MASS=0.4381 | LBL_TAU=1.00 | LBL_MIX=0.50 | BATCH_RMSE=0.693367
  STEP 600/5739 | TOTAL_LOSS=1.059140 | REG_LOSS=0.652103 | SOFTCLIP_LOSS=1.313801 | PCL_LOSS=2.756565 | DRUG_PCL=1.383683 | PROT_PCL=1.372882 | MEAN_GATE=0.5147 | MEAN_VALID_PER_ROW=3.75 | MEAN_VALID_OFFDIAG=2.75 | MEAN_DIAG_PRIOR_MASS=0.2548 | LBL_TAU=1.00 | LBL_MIX=0.50 | BATCH_RMSE=0.807529
  STEP 700/5739 | TOTAL_LOSS=1.180772 | REG_LOSS=0.782452 | SOFTCLIP_LOSS=1.236766 | PCL_LOSS=2.746426 | DRUG_PCL=1.385087 | PROT_PCL=1.361339 | MEAN_GATE=0.5393 | MEAN_VALID_PER_ROW=3.50 | MEAN_VALID_OFFDIAG=2.50 | MEAN_DIAG_PRIOR_MASS=0.3602 | LBL_TAU=1.00 | LBL_MIX=0.50 | BATCH_RMSE=0.884563
  STEP 800/5739 | TOTAL_LOSS=0.543920 | REG_LOSS=0.143683 | SOFTCLIP_LOSS=1.231830 | PCL_LOSS=2.770548 | DRUG_PCL=1.390715 | PROT_PCL=1.379833 | MEAN_GATE=0.4685 | MEAN_VALID_PER_ROW=3.50 | MEAN_VALID_OFFDIAG=2.50 | MEAN_DIAG_PRIOR_MASS=0.2860 | LBL_TAU=1.00 | LBL_MIX=0.50 | BATCH_RMSE=0.379055
  STEP 900/5739 | TOTAL_LOSS=1.562600 | REG_LOSS=1.158038 | SOFTCLIP_LOSS=1.252041 | PCL_LOSS=2.793571 | DRUG_PCL=1.407476 | PROT_PCL=1.386095 | MEAN_GATE=0.4826 | MEAN_VALID_PER_ROW=3.75 | MEAN_VALID_OFFDIAG=2.75 | MEAN_DIAG_PRIOR_MASS=0.2862 | LBL_TAU=1.00 | LBL_MIX=0.50 | BATCH_RMSE=1.076122
  STEP 1000/5739 | TOTAL_LOSS=0.921558 | REG_LOSS=0.528695 | SOFTCLIP_LOSS=1.165847 | PCL_LOSS=2.762789 | DRUG_PCL=1.388164 | PROT_PCL=1.374625 | MEAN_GATE=0.4635 | MEAN_VALID_PER_ROW=3.25 | MEAN_VALID_OFFDIAG=2.25 | MEAN_DIAG_PRIOR_MASS=0.3301 | LBL_TAU=1.00 | LBL_MIX=0.50 | BATCH_RMSE=0.727114
  STEP 1100/5739 | TOTAL_LOSS=0.582224 | REG_LOSS=0.190511 | SOFTCLIP_LOSS=1.157467 | PCL_LOSS=2.759658 | DRUG_PCL=1.361601 | PROT_PCL=1.398057 | MEAN_GATE=0.4714 | MEAN_VALID_PER_ROW=3.25 | MEAN_VALID_OFFDIAG=2.25 | MEAN_DIAG_PRIOR_MASS=0.3125 | LBL_TAU=1.00 | LBL_MIX=0.50 | BATCH_RMSE=0.436476
  STEP 1200/5739 | TOTAL_LOSS=0.880990 | REG_LOSS=0.479713 | SOFTCLIP_LOSS=1.262322 | PCL_LOSS=2.750450 | DRUG_PCL=1.360832 | PROT_PCL=1.389617 | MEAN_GATE=0.4883 | MEAN_VALID_PER_ROW=3.50 | MEAN_VALID_OFFDIAG=2.50 | MEAN_DIAG_PRIOR_MASS=0.3221 | LBL_TAU=1.00 | LBL_MIX=0.50 | BATCH_RMSE=0.692613
  STEP 1300/5739 | TOTAL_LOSS=0.699438 | REG_LOSS=0.291425 | SOFTCLIP_LOSS=1.310702 | PCL_LOSS=2.769421 | DRUG_PCL=1.379875 | PROT_PCL=1.389546 | MEAN_GATE=0.5498 | MEAN_VALID_PER_ROW=3.75 | MEAN_VALID_OFFDIAG=2.75 | MEAN_DIAG_PRIOR_MASS=0.2276 | LBL_TAU=1.00 | LBL_MIX=0.50 | BATCH_RMSE=0.539838
  STEP 1400/5739 | TOTAL_LOSS=0.803127 | REG_LOSS=0.414267 | SOFTCLIP_LOSS=1.123547 | PCL_LOSS=2.765054 | DRUG_PCL=1.366230 | PROT_PCL=1.398824 | MEAN_GATE=0.5194 | MEAN_VALID_PER_ROW=3.25 | MEAN_VALID_OFFDIAG=2.25 | MEAN_DIAG_PRIOR_MASS=0.2963 | LBL_TAU=1.00 | LBL_MIX=0.50 | BATCH_RMSE=0.643636
  STEP 1500/5739 | TOTAL_LOSS=1.404033 | REG_LOSS=1.001274 | SOFTCLIP_LOSS=1.277119 | PCL_LOSS=2.750473 | DRUG_PCL=1.367733 | PROT_PCL=1.382740 | MEAN_GATE=0.4811 | MEAN_VALID_PER_ROW=3.50 | MEAN_VALID_OFFDIAG=2.50 | MEAN_DIAG_PRIOR_MASS=0.3029 | LBL_TAU=1.00 | LBL_MIX=0.50 | BATCH_RMSE=1.000637
  STEP 1600/5739 | TOTAL_LOSS=0.647796 | REG_LOSS=0.244529 | SOFTCLIP_LOSS=1.243793 | PCL_LOSS=2.788877 | DRUG_PCL=1.376276 | PROT_PCL=1.412601 | MEAN_GATE=0.4550 | MEAN_VALID_PER_ROW=3.50 | MEAN_VALID_OFFDIAG=2.50 | MEAN_DIAG_PRIOR_MASS=0.2917 | LBL_TAU=1.00 | LBL_MIX=0.50 | BATCH_RMSE=0.494499
  STEP 1700/5739 | TOTAL_LOSS=1.036032 | REG_LOSS=0.651099 | SOFTCLIP_LOSS=1.066464 | PCL_LOSS=2.782863 | DRUG_PCL=1.380055 | PROT_PCL=1.402807 | MEAN_GATE=0.4618 | MEAN_VALID_PER_ROW=3.00 | MEAN_VALID_OFFDIAG=2.00 | MEAN_DIAG_PRIOR_MASS=0.3110 | LBL_TAU=1.00 | LBL_MIX=0.50 | BATCH_RMSE=0.806907
  STEP 1800/5739 | TOTAL_LOSS=1.813013 | REG_LOSS=1.428171 | SOFTCLIP_LOSS=1.034531 | PCL_LOSS=2.813886 | DRUG_PCL=1.413341 | PROT_PCL=1.400545 | MEAN_GATE=0.5082 | MEAN_VALID_PER_ROW=3.00 | MEAN_VALID_OFFDIAG=2.00 | MEAN_DIAG_PRIOR_MASS=0.4221 | LBL_TAU=1.00 | LBL_MIX=0.50 | BATCH_RMSE=1.195061
  STEP 1900/5739 | TOTAL_LOSS=0.920195 | REG_LOSS=0.522907 | SOFTCLIP_LOSS=1.209344 | PCL_LOSS=2.763532 | DRUG_PCL=1.383730 | PROT_PCL=1.379801 | MEAN_GATE=0.4541 | MEAN_VALID_PER_ROW=3.50 | MEAN_VALID_OFFDIAG=2.50 | MEAN_DIAG_PRIOR_MASS=0.3115 | LBL_TAU=1.00 | LBL_MIX=0.50 | BATCH_RMSE=0.723123
  STEP 2000/5739 | TOTAL_LOSS=1.198234 | REG_LOSS=0.815911 | SOFTCLIP_LOSS=1.081794 | PCL_LOSS=2.741443 | DRUG_PCL=1.378266 | PROT_PCL=1.363177 | MEAN_GATE=0.5704 | MEAN_VALID_PER_ROW=3.00 | MEAN_VALID_OFFDIAG=2.00 | MEAN_DIAG_PRIOR_MASS=0.3839 | LBL_TAU=1.00 | LBL_MIX=0.50 | BATCH_RMSE=0.903278
  STEP 2100/5739 | TOTAL_LOSS=0.730901 | REG_LOSS=0.333245 | SOFTCLIP_LOSS=1.195364 | PCL_LOSS=2.781199 | DRUG_PCL=1.390400 | PROT_PCL=1.390799 | MEAN_GATE=0.4872 | MEAN_VALID_PER_ROW=3.50 | MEAN_VALID_OFFDIAG=2.50 | MEAN_DIAG_PRIOR_MASS=0.2657 | LBL_TAU=1.00 | LBL_MIX=0.50 | BATCH_RMSE=0.577274
  STEP 2200/5739 | TOTAL_LOSS=0.436073 | REG_LOSS=0.048822 | SOFTCLIP_LOSS=1.104940 | PCL_LOSS=2.767570 | DRUG_PCL=1.391266 | PROT_PCL=1.376303 | MEAN_GATE=0.4668 | MEAN_VALID_PER_ROW=3.25 | MEAN_VALID_OFFDIAG=2.25 | MEAN_DIAG_PRIOR_MASS=0.3378 | LBL_TAU=1.00 | LBL_MIX=0.50 | BATCH_RMSE=0.220958
  STEP 2300/5739 | TOTAL_LOSS=0.489362 | REG_LOSS=0.094521 | SOFTCLIP_LOSS=1.172621 | PCL_LOSS=2.775788 | DRUG_PCL=1.378354 | PROT_PCL=1.397434 | MEAN_GATE=0.4930 | MEAN_VALID_PER_ROW=3.50 | MEAN_VALID_OFFDIAG=2.50 | MEAN_DIAG_PRIOR_MASS=0.2980 | LBL_TAU=1.00 | LBL_MIX=0.50 | BATCH_RMSE=0.307443
  STEP 2400/5739 | TOTAL_LOSS=1.094782 | REG_LOSS=0.707852 | SOFTCLIP_LOSS=1.118549 | PCL_LOSS=2.750748 | DRUG_PCL=1.383867 | PROT_PCL=1.366880 | MEAN_GATE=0.5363 | MEAN_VALID_PER_ROW=3.25 | MEAN_VALID_OFFDIAG=2.25 | MEAN_DIAG_PRIOR_MASS=0.3044 | LBL_TAU=1.00 | LBL_MIX=0.50 | BATCH_RMSE=0.841340
  STEP 2500/5739 | TOTAL_LOSS=1.290795 | REG_LOSS=0.915960 | SOFTCLIP_LOSS=0.949704 | PCL_LOSS=2.798645 | DRUG_PCL=1.394983 | PROT_PCL=1.403662 | MEAN_GATE=0.5447 | MEAN_VALID_PER_ROW=3.00 | MEAN_VALID_OFFDIAG=2.00 | MEAN_DIAG_PRIOR_MASS=0.3324 | LBL_TAU=1.00 | LBL_MIX=0.50 | BATCH_RMSE=0.957058
  STEP 2600/5739 | TOTAL_LOSS=0.609376 | REG_LOSS=0.216503 | SOFTCLIP_LOSS=1.181197 | PCL_LOSS=2.747534 | DRUG_PCL=1.390815 | PROT_PCL=1.356719 | MEAN_GATE=0.5271 | MEAN_VALID_PER_ROW=3.25 | MEAN_VALID_OFFDIAG=2.25 | MEAN_DIAG_PRIOR_MASS=0.3313 | LBL_TAU=1.00 | LBL_MIX=0.50 | BATCH_RMSE=0.465299
  STEP 2700/5739 | TOTAL_LOSS=0.464532 | REG_LOSS=0.070663 | SOFTCLIP_LOSS=1.163443 | PCL_LOSS=2.775243 | DRUG_PCL=1.390049 | PROT_PCL=1.385193 | MEAN_GATE=0.4339 | MEAN_VALID_PER_ROW=3.25 | MEAN_VALID_OFFDIAG=2.25 | MEAN_DIAG_PRIOR_MASS=0.2959 | LBL_TAU=1.00 | LBL_MIX=0.50 | BATCH_RMSE=0.265825
  STEP 2800/5739 | TOTAL_LOSS=0.627991 | REG_LOSS=0.226500 | SOFTCLIP_LOSS=1.210042 | PCL_LOSS=2.804869 | DRUG_PCL=1.401617 | PROT_PCL=1.403252 | MEAN_GATE=0.5252 | MEAN_VALID_PER_ROW=3.50 | MEAN_VALID_OFFDIAG=2.50 | MEAN_DIAG_PRIOR_MASS=0.2775 | LBL_TAU=1.00 | LBL_MIX=0.50 | BATCH_RMSE=0.475920
  STEP 2900/5739 | TOTAL_LOSS=0.417300 | REG_LOSS=0.009782 | SOFTCLIP_LOSS=1.315063 | PCL_LOSS=2.760115 | DRUG_PCL=1.373752 | PROT_PCL=1.386363 | MEAN_GATE=0.4154 | MEAN_VALID_PER_ROW=3.75 | MEAN_VALID_OFFDIAG=2.75 | MEAN_DIAG_PRIOR_MASS=0.2708 | LBL_TAU=1.00 | LBL_MIX=0.50 | BATCH_RMSE=0.098903
  STEP 3000/5739 | TOTAL_LOSS=1.620507 | REG_LOSS=1.260924 | SOFTCLIP_LOSS=0.872709 | PCL_LOSS=2.723121 | DRUG_PCL=1.353359 | PROT_PCL=1.369762 | MEAN_GATE=0.4758 | MEAN_VALID_PER_ROW=2.50 | MEAN_VALID_OFFDIAG=1.50 | MEAN_DIAG_PRIOR_MASS=0.5991 | LBL_TAU=1.00 | LBL_MIX=0.50 | BATCH_RMSE=1.122909
  STEP 3100/5739 | TOTAL_LOSS=1.309700 | REG_LOSS=0.908238 | SOFTCLIP_LOSS=1.239441 | PCL_LOSS=2.775180 | DRUG_PCL=1.394279 | PROT_PCL=1.380901 | MEAN_GATE=0.4917 | MEAN_VALID_PER_ROW=3.75 | MEAN_VALID_OFFDIAG=2.75 | MEAN_DIAG_PRIOR_MASS=0.3571 | LBL_TAU=1.00 | LBL_MIX=0.50 | BATCH_RMSE=0.953015
  STEP 3200/5739 | TOTAL_LOSS=0.421711 | REG_LOSS=0.019096 | SOFTCLIP_LOSS=1.273562 | PCL_LOSS=2.752593 | DRUG_PCL=1.368150 | PROT_PCL=1.384443 | MEAN_GATE=0.4603 | MEAN_VALID_PER_ROW=3.75 | MEAN_VALID_OFFDIAG=2.75 | MEAN_DIAG_PRIOR_MASS=0.2331 | LBL_TAU=1.00 | LBL_MIX=0.50 | BATCH_RMSE=0.138187
  STEP 3300/5739 | TOTAL_LOSS=3.932946 | REG_LOSS=3.535139 | SOFTCLIP_LOSS=1.200510 | PCL_LOSS=2.777558 | DRUG_PCL=1.393786 | PROT_PCL=1.383772 | MEAN_GATE=0.5541 | MEAN_VALID_PER_ROW=3.75 | MEAN_VALID_OFFDIAG=2.75 | MEAN_DIAG_PRIOR_MASS=0.4252 | LBL_TAU=1.00 | LBL_MIX=0.50 | BATCH_RMSE=1.880197
  STEP 3400/5739 | TOTAL_LOSS=1.793896 | REG_LOSS=1.383365 | SOFTCLIP_LOSS=1.299582 | PCL_LOSS=2.805735 | DRUG_PCL=1.398083 | PROT_PCL=1.407652 | MEAN_GATE=0.4851 | MEAN_VALID_PER_ROW=3.75 | MEAN_VALID_OFFDIAG=2.75 | MEAN_DIAG_PRIOR_MASS=0.3031 | LBL_TAU=1.00 | LBL_MIX=0.50 | BATCH_RMSE=1.176165
  STEP 3500/5739 | TOTAL_LOSS=0.882707 | REG_LOSS=0.488259 | SOFTCLIP_LOSS=1.101002 | PCL_LOSS=2.843475 | DRUG_PCL=1.421314 | PROT_PCL=1.422161 | MEAN_GATE=0.4401 | MEAN_VALID_PER_ROW=3.25 | MEAN_VALID_OFFDIAG=2.25 | MEAN_DIAG_PRIOR_MASS=0.3084 | LBL_TAU=1.00 | LBL_MIX=0.50 | BATCH_RMSE=0.698756
  STEP 3600/5739 | TOTAL_LOSS=0.529407 | REG_LOSS=0.130415 | SOFTCLIP_LOSS=1.235050 | PCL_LOSS=2.754872 | DRUG_PCL=1.377493 | PROT_PCL=1.377378 | MEAN_GATE=0.4606 | MEAN_VALID_PER_ROW=3.50 | MEAN_VALID_OFFDIAG=2.50 | MEAN_DIAG_PRIOR_MASS=0.2733 | LBL_TAU=1.00 | LBL_MIX=0.50 | BATCH_RMSE=0.361130
  STEP 3700/5739 | TOTAL_LOSS=1.433375 | REG_LOSS=1.042023 | SOFTCLIP_LOSS=1.144934 | PCL_LOSS=2.768584 | DRUG_PCL=1.399504 | PROT_PCL=1.369080 | MEAN_GATE=0.4788 | MEAN_VALID_PER_ROW=3.25 | MEAN_VALID_OFFDIAG=2.25 | MEAN_DIAG_PRIOR_MASS=0.2741 | LBL_TAU=1.00 | LBL_MIX=0.50 | BATCH_RMSE=1.020795
  STEP 3800/5739 | TOTAL_LOSS=0.923011 | REG_LOSS=0.506954 | SOFTCLIP_LOSS=1.387228 | PCL_LOSS=2.773347 | DRUG_PCL=1.394285 | PROT_PCL=1.379061 | MEAN_GATE=0.4622 | MEAN_VALID_PER_ROW=4.00 | MEAN_VALID_OFFDIAG=3.00 | MEAN_DIAG_PRIOR_MASS=0.2935 | LBL_TAU=1.00 | LBL_MIX=0.50 | BATCH_RMSE=0.712007
  STEP 3900/5739 | TOTAL_LOSS=0.507353 | REG_LOSS=0.104839 | SOFTCLIP_LOSS=1.231128 | PCL_LOSS=2.794011 | DRUG_PCL=1.386839 | PROT_PCL=1.407171 | MEAN_GATE=0.4838 | MEAN_VALID_PER_ROW=3.50 | MEAN_VALID_OFFDIAG=2.50 | MEAN_DIAG_PRIOR_MASS=0.3332 | LBL_TAU=1.00 | LBL_MIX=0.50 | BATCH_RMSE=0.323789
  STEP 4000/5739 | TOTAL_LOSS=0.441570 | REG_LOSS=0.047137 | SOFTCLIP_LOSS=1.158284 | PCL_LOSS=2.786043 | DRUG_PCL=1.401497 | PROT_PCL=1.384546 | MEAN_GATE=0.5109 | MEAN_VALID_PER_ROW=3.25 | MEAN_VALID_OFFDIAG=2.25 | MEAN_DIAG_PRIOR_MASS=0.2812 | LBL_TAU=1.00 | LBL_MIX=0.50 | BATCH_RMSE=0.217111
  STEP 4100/5739 | TOTAL_LOSS=0.908515 | REG_LOSS=0.513546 | SOFTCLIP_LOSS=1.180773 | PCL_LOSS=2.768923 | DRUG_PCL=1.388462 | PROT_PCL=1.380461 | MEAN_GATE=0.4324 | MEAN_VALID_PER_ROW=3.25 | MEAN_VALID_OFFDIAG=2.25 | MEAN_DIAG_PRIOR_MASS=0.2869 | LBL_TAU=1.00 | LBL_MIX=0.50 | BATCH_RMSE=0.716621
  STEP 4200/5739 | TOTAL_LOSS=0.535205 | REG_LOSS=0.132591 | SOFTCLIP_LOSS=1.248217 | PCL_LOSS=2.777920 | DRUG_PCL=1.397265 | PROT_PCL=1.380656 | MEAN_GATE=0.4352 | MEAN_VALID_PER_ROW=3.50 | MEAN_VALID_OFFDIAG=2.50 | MEAN_DIAG_PRIOR_MASS=0.2859 | LBL_TAU=1.00 | LBL_MIX=0.50 | BATCH_RMSE=0.364131
  STEP 4300/5739 | TOTAL_LOSS=0.863955 | REG_LOSS=0.462678 | SOFTCLIP_LOSS=1.229326 | PCL_LOSS=2.783441 | DRUG_PCL=1.394088 | PROT_PCL=1.389353 | MEAN_GATE=0.3804 | MEAN_VALID_PER_ROW=3.50 | MEAN_VALID_OFFDIAG=2.50 | MEAN_DIAG_PRIOR_MASS=0.2250 | LBL_TAU=1.00 | LBL_MIX=0.50 | BATCH_RMSE=0.680204
  STEP 4400/5739 | TOTAL_LOSS=0.476066 | REG_LOSS=0.098827 | SOFTCLIP_LOSS=0.972070 | PCL_LOSS=2.800317 | DRUG_PCL=1.403596 | PROT_PCL=1.396721 | MEAN_GATE=0.4259 | MEAN_VALID_PER_ROW=2.75 | MEAN_VALID_OFFDIAG=1.75 | MEAN_DIAG_PRIOR_MASS=0.4235 | LBL_TAU=1.00 | LBL_MIX=0.50 | BATCH_RMSE=0.314367
  STEP 4500/5739 | TOTAL_LOSS=0.697653 | REG_LOSS=0.293233 | SOFTCLIP_LOSS=1.275004 | PCL_LOSS=2.769193 | DRUG_PCL=1.399583 | PROT_PCL=1.369610 | MEAN_GATE=0.4233 | MEAN_VALID_PER_ROW=3.75 | MEAN_VALID_OFFDIAG=2.75 | MEAN_DIAG_PRIOR_MASS=0.2280 | LBL_TAU=1.00 | LBL_MIX=0.50 | BATCH_RMSE=0.541510
  STEP 4600/5739 | TOTAL_LOSS=0.615021 | REG_LOSS=0.214699 | SOFTCLIP_LOSS=1.241649 | PCL_LOSS=2.761571 | DRUG_PCL=1.373961 | PROT_PCL=1.387610 | MEAN_GATE=0.3908 | MEAN_VALID_PER_ROW=3.50 | MEAN_VALID_OFFDIAG=2.50 | MEAN_DIAG_PRIOR_MASS=0.2833 | LBL_TAU=1.00 | LBL_MIX=0.50 | BATCH_RMSE=0.463356
  STEP 4700/5739 | TOTAL_LOSS=0.511489 | REG_LOSS=0.121642 | SOFTCLIP_LOSS=1.138174 | PCL_LOSS=2.760298 | DRUG_PCL=1.393057 | PROT_PCL=1.367242 | MEAN_GATE=0.4821 | MEAN_VALID_PER_ROW=3.25 | MEAN_VALID_OFFDIAG=2.25 | MEAN_DIAG_PRIOR_MASS=0.3021 | LBL_TAU=1.00 | LBL_MIX=0.50 | BATCH_RMSE=0.348772
  STEP 4800/5739 | TOTAL_LOSS=1.417209 | REG_LOSS=1.023616 | SOFTCLIP_LOSS=1.178622 | PCL_LOSS=2.757304 | DRUG_PCL=1.370522 | PROT_PCL=1.386783 | MEAN_GATE=0.4445 | MEAN_VALID_PER_ROW=3.25 | MEAN_VALID_OFFDIAG=2.25 | MEAN_DIAG_PRIOR_MASS=0.3097 | LBL_TAU=1.00 | LBL_MIX=0.50 | BATCH_RMSE=1.011739
  STEP 4900/5739 | TOTAL_LOSS=2.238333 | REG_LOSS=1.840324 | SOFTCLIP_LOSS=1.188677 | PCL_LOSS=2.791415 | DRUG_PCL=1.390101 | PROT_PCL=1.401314 | MEAN_GATE=0.5889 | MEAN_VALID_PER_ROW=3.25 | MEAN_VALID_OFFDIAG=2.25 | MEAN_DIAG_PRIOR_MASS=0.2100 | LBL_TAU=1.00 | LBL_MIX=0.50 | BATCH_RMSE=1.356585
  STEP 5000/5739 | TOTAL_LOSS=0.509255 | REG_LOSS=0.141599 | SOFTCLIP_LOSS=0.899215 | PCL_LOSS=2.777349 | DRUG_PCL=1.391321 | PROT_PCL=1.386027 | MEAN_GATE=0.4398 | MEAN_VALID_PER_ROW=2.75 | MEAN_VALID_OFFDIAG=1.75 | MEAN_DIAG_PRIOR_MASS=0.4612 | LBL_TAU=1.00 | LBL_MIX=0.50 | BATCH_RMSE=0.376296
  STEP 5100/5739 | TOTAL_LOSS=0.766703 | REG_LOSS=0.385526 | SOFTCLIP_LOSS=1.092618 | PCL_LOSS=2.719151 | DRUG_PCL=1.382075 | PROT_PCL=1.337076 | MEAN_GATE=0.4411 | MEAN_VALID_PER_ROW=3.25 | MEAN_VALID_OFFDIAG=2.25 | MEAN_DIAG_PRIOR_MASS=0.2870 | LBL_TAU=1.00 | LBL_MIX=0.50 | BATCH_RMSE=0.620907
  STEP 5200/5739 | TOTAL_LOSS=0.535329 | REG_LOSS=0.144738 | SOFTCLIP_LOSS=1.143875 | PCL_LOSS=2.762034 | DRUG_PCL=1.379246 | PROT_PCL=1.382789 | MEAN_GATE=0.3718 | MEAN_VALID_PER_ROW=3.25 | MEAN_VALID_OFFDIAG=2.25 | MEAN_DIAG_PRIOR_MASS=0.3333 | LBL_TAU=1.00 | LBL_MIX=0.50 | BATCH_RMSE=0.380444
  STEP 5300/5739 | TOTAL_LOSS=1.331781 | REG_LOSS=0.957114 | SOFTCLIP_LOSS=0.950114 | PCL_LOSS=2.796556 | DRUG_PCL=1.389165 | PROT_PCL=1.407391 | MEAN_GATE=0.3636 | MEAN_VALID_PER_ROW=2.75 | MEAN_VALID_OFFDIAG=1.75 | MEAN_DIAG_PRIOR_MASS=0.4419 | LBL_TAU=1.00 | LBL_MIX=0.50 | BATCH_RMSE=0.978322
  STEP 5400/5739 | TOTAL_LOSS=0.596396 | REG_LOSS=0.213170 | SOFTCLIP_LOSS=1.050191 | PCL_LOSS=2.782071 | DRUG_PCL=1.393860 | PROT_PCL=1.388212 | MEAN_GATE=0.3679 | MEAN_VALID_PER_ROW=3.25 | MEAN_VALID_OFFDIAG=2.25 | MEAN_DIAG_PRIOR_MASS=0.3000 | LBL_TAU=1.00 | LBL_MIX=0.50 | BATCH_RMSE=0.461704
  STEP 5500/5739 | TOTAL_LOSS=0.664379 | REG_LOSS=0.295072 | SOFTCLIP_LOSS=0.933879 | PCL_LOSS=2.759184 | DRUG_PCL=1.386341 | PROT_PCL=1.372843 | MEAN_GATE=0.3705 | MEAN_VALID_PER_ROW=2.75 | MEAN_VALID_OFFDIAG=1.75 | MEAN_DIAG_PRIOR_MASS=0.4792 | LBL_TAU=1.00 | LBL_MIX=0.50 | BATCH_RMSE=0.543206
  STEP 5600/5739 | TOTAL_LOSS=1.453332 | REG_LOSS=1.050604 | SOFTCLIP_LOSS=1.229804 | PCL_LOSS=2.797476 | DRUG_PCL=1.402078 | PROT_PCL=1.395398 | MEAN_GATE=0.3110 | MEAN_VALID_PER_ROW=3.50 | MEAN_VALID_OFFDIAG=2.50 | MEAN_DIAG_PRIOR_MASS=0.2862 | LBL_TAU=1.00 | LBL_MIX=0.50 | BATCH_RMSE=1.024990
  STEP 5700/5739 | TOTAL_LOSS=0.819952 | REG_LOSS=0.421067 | SOFTCLIP_LOSS=1.204055 | PCL_LOSS=2.784792 | DRUG_PCL=1.381919 | PROT_PCL=1.402874 | MEAN_GATE=0.3316 | MEAN_VALID_PER_ROW=3.75 | MEAN_VALID_OFFDIAG=2.75 | MEAN_DIAG_PRIOR_MASS=0.2647 | LBL_TAU=1.00 | LBL_MIX=0.50 | BATCH_RMSE=0.648897
[EPOCH 003/010] TRAIN: TOTAL=1.069772 | REG=0.674648 | SOFTCLIP=1.178103 | PCL=2.773140 | RMSE=0.821370 | MAE=0.568130 | CI=0.722923 | RM2=0.173519 | DRUG_PCL=1.386773 | PROT_PCL=1.386367
[EPOCH 003/010] VAL  : TOTAL=0.881137 | REG=0.563549 | SOFTCLIP=0.403292 | PCL=2.772588 | RMSE=0.750699 | MAE=0.528488 | CI=0.788069 | RM2=0.295697 | DRUG_PCL=1.386292 | PROT_PCL=1.386296
  EARLY_STOP COUNTER | NO_IMPROVE=1/60 | BEST_EPOCH=002 | BEST_VAL_RMSE=0.739703 | CURRENT_VAL_RMSE=0.750699

EPOCH 4/10
  STEP 100/5739 | TOTAL_LOSS=0.706594 | REG_LOSS=0.323966 | SOFTCLIP_LOSS=1.052579 | PCL_LOSS=2.773696 | DRUG_PCL=1.377335 | PROT_PCL=1.396361 | MEAN_GATE=0.3348 | MEAN_VALID_PER_ROW=3.00 | MEAN_VALID_OFFDIAG=2.00 | MEAN_DIAG_PRIOR_MASS=0.3546 | LBL_TAU=1.00 | LBL_MIX=0.50 | BATCH_RMSE=0.569180
  STEP 200/5739 | TOTAL_LOSS=1.641820 | REG_LOSS=1.231641 | SOFTCLIP_LOSS=1.316421 | PCL_LOSS=2.785368 | DRUG_PCL=1.382337 | PROT_PCL=1.403032 | MEAN_GATE=0.3448 | MEAN_VALID_PER_ROW=3.75 | MEAN_VALID_OFFDIAG=2.75 | MEAN_DIAG_PRIOR_MASS=0.3846 | LBL_TAU=1.00 | LBL_MIX=0.50 | BATCH_RMSE=1.109793
  STEP 300/5739 | TOTAL_LOSS=2.805344 | REG_LOSS=2.417004 | SOFTCLIP_LOSS=1.106844 | PCL_LOSS=2.776550 | DRUG_PCL=1.392439 | PROT_PCL=1.384111 | MEAN_GATE=0.3686 | MEAN_VALID_PER_ROW=3.50 | MEAN_VALID_OFFDIAG=2.50 | MEAN_DIAG_PRIOR_MASS=0.4144 | LBL_TAU=1.00 | LBL_MIX=0.50 | BATCH_RMSE=1.554672
  STEP 400/5739 | TOTAL_LOSS=0.933243 | REG_LOSS=0.530651 | SOFTCLIP_LOSS=1.273876 | PCL_LOSS=2.752048 | DRUG_PCL=1.382028 | PROT_PCL=1.370021 | MEAN_GATE=0.3515 | MEAN_VALID_PER_ROW=3.50 | MEAN_VALID_OFFDIAG=2.50 | MEAN_DIAG_PRIOR_MASS=0.2546 | LBL_TAU=1.00 | LBL_MIX=0.50 | BATCH_RMSE=0.728458
  STEP 500/5739 | TOTAL_LOSS=0.971570 | REG_LOSS=0.574370 | SOFTCLIP_LOSS=1.228022 | PCL_LOSS=2.743984 | DRUG_PCL=1.367337 | PROT_PCL=1.376647 | MEAN_GATE=0.4414 | MEAN_VALID_PER_ROW=3.50 | MEAN_VALID_OFFDIAG=2.50 | MEAN_DIAG_PRIOR_MASS=0.3027 | LBL_TAU=1.00 | LBL_MIX=0.50 | BATCH_RMSE=0.757872
  STEP 600/5739 | TOTAL_LOSS=2.951617 | REG_LOSS=2.545842 | SOFTCLIP_LOSS=1.287979 | PCL_LOSS=2.769778 | DRUG_PCL=1.386781 | PROT_PCL=1.382997 | MEAN_GATE=0.3419 | MEAN_VALID_PER_ROW=3.75 | MEAN_VALID_OFFDIAG=2.75 | MEAN_DIAG_PRIOR_MASS=0.4034 | LBL_TAU=1.00 | LBL_MIX=0.50 | BATCH_RMSE=1.595569
  STEP 700/5739 | TOTAL_LOSS=3.690077 | REG_LOSS=3.294822 | SOFTCLIP_LOSS=1.161244 | PCL_LOSS=2.791314 | DRUG_PCL=1.393795 | PROT_PCL=1.397519 | MEAN_GATE=0.3298 | MEAN_VALID_PER_ROW=3.25 | MEAN_VALID_OFFDIAG=2.25 | MEAN_DIAG_PRIOR_MASS=0.4587 | LBL_TAU=1.00 | LBL_MIX=0.50 | BATCH_RMSE=1.815164
  STEP 800/5739 | TOTAL_LOSS=0.459966 | REG_LOSS=0.063741 | SOFTCLIP_LOSS=1.189417 | PCL_LOSS=2.772835 | DRUG_PCL=1.400829 | PROT_PCL=1.372007 | MEAN_GATE=0.4016 | MEAN_VALID_PER_ROW=3.50 | MEAN_VALID_OFFDIAG=2.50 | MEAN_DIAG_PRIOR_MASS=0.2723 | LBL_TAU=1.00 | LBL_MIX=0.50 | BATCH_RMSE=0.252470
  STEP 900/5739 | TOTAL_LOSS=1.869487 | REG_LOSS=1.469333 | SOFTCLIP_LOSS=1.227587 | PCL_LOSS=2.773946 | DRUG_PCL=1.397111 | PROT_PCL=1.376835 | MEAN_GATE=0.3717 | MEAN_VALID_PER_ROW=3.50 | MEAN_VALID_OFFDIAG=2.50 | MEAN_DIAG_PRIOR_MASS=0.3530 | LBL_TAU=1.00 | LBL_MIX=0.50 | BATCH_RMSE=1.212161
  STEP 1000/5739 | TOTAL_LOSS=0.592513 | REG_LOSS=0.200895 | SOFTCLIP_LOSS=1.153394 | PCL_LOSS=2.762786 | DRUG_PCL=1.382908 | PROT_PCL=1.379878 | MEAN_GATE=0.4153 | MEAN_VALID_PER_ROW=3.25 | MEAN_VALID_OFFDIAG=2.25 | MEAN_DIAG_PRIOR_MASS=0.3190 | LBL_TAU=1.00 | LBL_MIX=0.50 | BATCH_RMSE=0.448213
  STEP 1100/5739 | TOTAL_LOSS=0.600523 | REG_LOSS=0.186620 | SOFTCLIP_LOSS=1.355741 | PCL_LOSS=2.783296 | DRUG_PCL=1.390716 | PROT_PCL=1.392580 | MEAN_GATE=0.3769 | MEAN_VALID_PER_ROW=4.00 | MEAN_VALID_OFFDIAG=3.00 | MEAN_DIAG_PRIOR_MASS=0.1917 | LBL_TAU=1.00 | LBL_MIX=0.50 | BATCH_RMSE=0.431995
  STEP 1200/5739 | TOTAL_LOSS=1.386152 | REG_LOSS=1.012511 | SOFTCLIP_LOSS=0.966159 | PCL_LOSS=2.770249 | DRUG_PCL=1.381004 | PROT_PCL=1.389246 | MEAN_GATE=0.3230 | MEAN_VALID_PER_ROW=3.00 | MEAN_VALID_OFFDIAG=2.00 | MEAN_DIAG_PRIOR_MASS=0.4136 | LBL_TAU=1.00 | LBL_MIX=0.50 | BATCH_RMSE=1.006236
  STEP 1300/5739 | TOTAL_LOSS=0.533571 | REG_LOSS=0.151822 | SOFTCLIP_LOSS=1.069219 | PCL_LOSS=2.748269 | DRUG_PCL=1.381727 | PROT_PCL=1.366542 | MEAN_GATE=0.3927 | MEAN_VALID_PER_ROW=3.00 | MEAN_VALID_OFFDIAG=2.00 | MEAN_DIAG_PRIOR_MASS=0.3324 | LBL_TAU=1.00 | LBL_MIX=0.50 | BATCH_RMSE=0.389644
  STEP 1400/5739 | TOTAL_LOSS=0.604669 | REG_LOSS=0.248534 | SOFTCLIP_LOSS=0.789295 | PCL_LOSS=2.772055 | DRUG_PCL=1.394893 | PROT_PCL=1.377162 | MEAN_GATE=0.4048 | MEAN_VALID_PER_ROW=2.50 | MEAN_VALID_OFFDIAG=1.50 | MEAN_DIAG_PRIOR_MASS=0.3559 | LBL_TAU=1.00 | LBL_MIX=0.50 | BATCH_RMSE=0.498532
  STEP 1500/5739 | TOTAL_LOSS=0.531198 | REG_LOSS=0.117973 | SOFTCLIP_LOSS=1.376889 | PCL_LOSS=2.755365 | DRUG_PCL=1.378882 | PROT_PCL=1.376483 | MEAN_GATE=0.4176 | MEAN_VALID_PER_ROW=4.00 | MEAN_VALID_OFFDIAG=3.00 | MEAN_DIAG_PRIOR_MASS=0.2539 | LBL_TAU=1.00 | LBL_MIX=0.50 | BATCH_RMSE=0.343471
  STEP 1600/5739 | TOTAL_LOSS=2.252607 | REG_LOSS=1.864966 | SOFTCLIP_LOSS=1.075205 | PCL_LOSS=2.801198 | DRUG_PCL=1.391225 | PROT_PCL=1.409973 | MEAN_GATE=0.4636 | MEAN_VALID_PER_ROW=3.25 | MEAN_VALID_OFFDIAG=2.25 | MEAN_DIAG_PRIOR_MASS=0.2413 | LBL_TAU=1.00 | LBL_MIX=0.50 | BATCH_RMSE=1.365638
  STEP 1700/5739 | TOTAL_LOSS=1.050188 | REG_LOSS=0.656625 | SOFTCLIP_LOSS=1.184325 | PCL_LOSS=2.751300 | DRUG_PCL=1.387984 | PROT_PCL=1.363316 | MEAN_GATE=0.4909 | MEAN_VALID_PER_ROW=3.25 | MEAN_VALID_OFFDIAG=2.25 | MEAN_DIAG_PRIOR_MASS=0.2800 | LBL_TAU=1.00 | LBL_MIX=0.50 | BATCH_RMSE=0.810324
  STEP 1800/5739 | TOTAL_LOSS=0.755113 | REG_LOSS=0.361645 | SOFTCLIP_LOSS=1.150734 | PCL_LOSS=2.783941 | DRUG_PCL=1.390909 | PROT_PCL=1.393032 | MEAN_GATE=0.3725 | MEAN_VALID_PER_ROW=3.25 | MEAN_VALID_OFFDIAG=2.25 | MEAN_DIAG_PRIOR_MASS=0.2751 | LBL_TAU=1.00 | LBL_MIX=0.50 | BATCH_RMSE=0.601370
  STEP 1900/5739 | TOTAL_LOSS=0.466156 | REG_LOSS=0.058540 | SOFTCLIP_LOSS=1.317139 | PCL_LOSS=2.759018 | DRUG_PCL=1.378721 | PROT_PCL=1.380297 | MEAN_GATE=0.3524 | MEAN_VALID_PER_ROW=3.75 | MEAN_VALID_OFFDIAG=2.75 | MEAN_DIAG_PRIOR_MASS=0.2665 | LBL_TAU=1.00 | LBL_MIX=0.50 | BATCH_RMSE=0.241951
  STEP 2000/5739 | TOTAL_LOSS=0.913778 | REG_LOSS=0.513779 | SOFTCLIP_LOSS=1.229398 | PCL_LOSS=2.770589 | DRUG_PCL=1.385068 | PROT_PCL=1.385520 | MEAN_GATE=0.3626 | MEAN_VALID_PER_ROW=3.50 | MEAN_VALID_OFFDIAG=2.50 | MEAN_DIAG_PRIOR_MASS=0.3456 | LBL_TAU=1.00 | LBL_MIX=0.50 | BATCH_RMSE=0.716784
  STEP 2100/5739 | TOTAL_LOSS=0.507563 | REG_LOSS=0.100733 | SOFTCLIP_LOSS=1.312016 | PCL_LOSS=2.756284 | DRUG_PCL=1.380219 | PROT_PCL=1.376065 | MEAN_GATE=0.4480 | MEAN_VALID_PER_ROW=3.75 | MEAN_VALID_OFFDIAG=2.75 | MEAN_DIAG_PRIOR_MASS=0.2825 | LBL_TAU=1.00 | LBL_MIX=0.50 | BATCH_RMSE=0.317385
  STEP 2200/5739 | TOTAL_LOSS=0.707109 | REG_LOSS=0.317062 | SOFTCLIP_LOSS=1.160873 | PCL_LOSS=2.739597 | DRUG_PCL=1.392070 | PROT_PCL=1.347528 | MEAN_GATE=0.3866 | MEAN_VALID_PER_ROW=3.25 | MEAN_VALID_OFFDIAG=2.25 | MEAN_DIAG_PRIOR_MASS=0.3514 | LBL_TAU=1.00 | LBL_MIX=0.50 | BATCH_RMSE=0.563083
  STEP 2300/5739 | TOTAL_LOSS=1.991130 | REG_LOSS=1.581888 | SOFTCLIP_LOSS=1.338492 | PCL_LOSS=2.753919 | DRUG_PCL=1.376777 | PROT_PCL=1.377143 | MEAN_GATE=0.4185 | MEAN_VALID_PER_ROW=4.00 | MEAN_VALID_OFFDIAG=3.00 | MEAN_DIAG_PRIOR_MASS=0.2839 | LBL_TAU=1.00 | LBL_MIX=0.50 | BATCH_RMSE=1.257731
  STEP 2400/5739 | TOTAL_LOSS=0.671526 | REG_LOSS=0.272560 | SOFTCLIP_LOSS=1.224603 | PCL_LOSS=2.765057 | DRUG_PCL=1.381205 | PROT_PCL=1.383852 | MEAN_GATE=0.3376 | MEAN_VALID_PER_ROW=3.50 | MEAN_VALID_OFFDIAG=2.50 | MEAN_DIAG_PRIOR_MASS=0.3471 | LBL_TAU=1.00 | LBL_MIX=0.50 | BATCH_RMSE=0.522073
  STEP 2500/5739 | TOTAL_LOSS=1.247902 | REG_LOSS=0.850538 | SOFTCLIP_LOSS=1.219606 | PCL_LOSS=2.754035 | DRUG_PCL=1.384657 | PROT_PCL=1.369378 | MEAN_GATE=0.3451 | MEAN_VALID_PER_ROW=3.50 | MEAN_VALID_OFFDIAG=2.50 | MEAN_DIAG_PRIOR_MASS=0.2709 | LBL_TAU=1.00 | LBL_MIX=0.50 | BATCH_RMSE=0.922246
  STEP 2600/5739 | TOTAL_LOSS=0.653231 | REG_LOSS=0.257852 | SOFTCLIP_LOSS=1.181593 | PCL_LOSS=2.772197 | DRUG_PCL=1.386470 | PROT_PCL=1.385727 | MEAN_GATE=0.3710 | MEAN_VALID_PER_ROW=3.50 | MEAN_VALID_OFFDIAG=2.50 | MEAN_DIAG_PRIOR_MASS=0.3472 | LBL_TAU=1.00 | LBL_MIX=0.50 | BATCH_RMSE=0.507791
  STEP 2700/5739 | TOTAL_LOSS=0.491845 | REG_LOSS=0.090805 | SOFTCLIP_LOSS=1.243596 | PCL_LOSS=2.766803 | DRUG_PCL=1.386582 | PROT_PCL=1.380221 | MEAN_GATE=0.3348 | MEAN_VALID_PER_ROW=3.50 | MEAN_VALID_OFFDIAG=2.50 | MEAN_DIAG_PRIOR_MASS=0.2917 | LBL_TAU=1.00 | LBL_MIX=0.50 | BATCH_RMSE=0.301339
  STEP 2800/5739 | TOTAL_LOSS=0.496075 | REG_LOSS=0.090702 | SOFTCLIP_LOSS=1.312083 | PCL_LOSS=2.741642 | DRUG_PCL=1.380381 | PROT_PCL=1.361260 | MEAN_GATE=0.3727 | MEAN_VALID_PER_ROW=3.75 | MEAN_VALID_OFFDIAG=2.75 | MEAN_DIAG_PRIOR_MASS=0.2849 | LBL_TAU=1.00 | LBL_MIX=0.50 | BATCH_RMSE=0.301169
  STEP 2900/5739 | TOTAL_LOSS=0.410147 | REG_LOSS=0.019830 | SOFTCLIP_LOSS=1.122588 | PCL_LOSS=2.780585 | DRUG_PCL=1.391353 | PROT_PCL=1.389232 | MEAN_GATE=0.3415 | MEAN_VALID_PER_ROW=3.25 | MEAN_VALID_OFFDIAG=2.25 | MEAN_DIAG_PRIOR_MASS=0.3052 | LBL_TAU=1.00 | LBL_MIX=0.50 | BATCH_RMSE=0.140818
  STEP 3000/5739 | TOTAL_LOSS=1.418467 | REG_LOSS=1.010249 | SOFTCLIP_LOSS=1.319570 | PCL_LOSS=2.762604 | DRUG_PCL=1.387606 | PROT_PCL=1.374998 | MEAN_GATE=0.3460 | MEAN_VALID_PER_ROW=3.75 | MEAN_VALID_OFFDIAG=2.75 | MEAN_DIAG_PRIOR_MASS=0.2787 | LBL_TAU=1.00 | LBL_MIX=0.50 | BATCH_RMSE=1.005112
  STEP 3100/5739 | TOTAL_LOSS=0.597774 | REG_LOSS=0.187803 | SOFTCLIP_LOSS=1.313715 | PCL_LOSS=2.785989 | DRUG_PCL=1.385610 | PROT_PCL=1.400379 | MEAN_GATE=0.4006 | MEAN_VALID_PER_ROW=3.75 | MEAN_VALID_OFFDIAG=2.75 | MEAN_DIAG_PRIOR_MASS=0.2611 | LBL_TAU=1.00 | LBL_MIX=0.50 | BATCH_RMSE=0.433363
  STEP 3200/5739 | TOTAL_LOSS=0.574299 | REG_LOSS=0.184002 | SOFTCLIP_LOSS=1.108823 | PCL_LOSS=2.794153 | DRUG_PCL=1.405704 | PROT_PCL=1.388449 | MEAN_GATE=0.4359 | MEAN_VALID_PER_ROW=3.00 | MEAN_VALID_OFFDIAG=2.00 | MEAN_DIAG_PRIOR_MASS=0.2993 | LBL_TAU=1.00 | LBL_MIX=0.50 | BATCH_RMSE=0.428954
  STEP 3300/5739 | TOTAL_LOSS=0.807905 | REG_LOSS=0.418653 | SOFTCLIP_LOSS=1.110049 | PCL_LOSS=2.782473 | DRUG_PCL=1.395653 | PROT_PCL=1.386819 | MEAN_GATE=0.4249 | MEAN_VALID_PER_ROW=3.25 | MEAN_VALID_OFFDIAG=2.25 | MEAN_DIAG_PRIOR_MASS=0.2385 | LBL_TAU=1.00 | LBL_MIX=0.50 | BATCH_RMSE=0.647034
  STEP 3400/5739 | TOTAL_LOSS=0.756225 | REG_LOSS=0.342107 | SOFTCLIP_LOSS=1.390304 | PCL_LOSS=2.750869 | DRUG_PCL=1.379266 | PROT_PCL=1.371603 | MEAN_GATE=0.4129 | MEAN_VALID_PER_ROW=4.00 | MEAN_VALID_OFFDIAG=3.00 | MEAN_DIAG_PRIOR_MASS=0.2835 | LBL_TAU=1.00 | LBL_MIX=0.50 | BATCH_RMSE=0.584899
  STEP 3500/5739 | TOTAL_LOSS=0.571338 | REG_LOSS=0.199225 | SOFTCLIP_LOSS=0.930352 | PCL_LOSS=2.790778 | DRUG_PCL=1.400358 | PROT_PCL=1.390419 | MEAN_GATE=0.3391 | MEAN_VALID_PER_ROW=2.75 | MEAN_VALID_OFFDIAG=1.75 | MEAN_DIAG_PRIOR_MASS=0.3667 | LBL_TAU=1.00 | LBL_MIX=0.50 | BATCH_RMSE=0.446347
  STEP 3600/5739 | TOTAL_LOSS=1.304273 | REG_LOSS=0.929002 | SOFTCLIP_LOSS=0.989545 | PCL_LOSS=2.763165 | DRUG_PCL=1.395082 | PROT_PCL=1.368082 | MEAN_GATE=0.4061 | MEAN_VALID_PER_ROW=3.00 | MEAN_VALID_OFFDIAG=2.00 | MEAN_DIAG_PRIOR_MASS=0.3344 | LBL_TAU=1.00 | LBL_MIX=0.50 | BATCH_RMSE=0.963848
  STEP 3700/5739 | TOTAL_LOSS=0.502330 | REG_LOSS=0.112357 | SOFTCLIP_LOSS=1.130339 | PCL_LOSS=2.769393 | DRUG_PCL=1.378939 | PROT_PCL=1.390455 | MEAN_GATE=0.3065 | MEAN_VALID_PER_ROW=3.25 | MEAN_VALID_OFFDIAG=2.25 | MEAN_DIAG_PRIOR_MASS=0.3699 | LBL_TAU=1.00 | LBL_MIX=0.50 | BATCH_RMSE=0.335196
  STEP 3800/5739 | TOTAL_LOSS=0.379441 | REG_LOSS=0.018467 | SOFTCLIP_LOSS=0.829503 | PCL_LOSS=2.780236 | DRUG_PCL=1.390593 | PROT_PCL=1.389643 | MEAN_GATE=0.2989 | MEAN_VALID_PER_ROW=2.50 | MEAN_VALID_OFFDIAG=1.50 | MEAN_DIAG_PRIOR_MASS=0.4299 | LBL_TAU=1.00 | LBL_MIX=0.50 | BATCH_RMSE=0.135892
