Using device: cuda
[DavisDatasetP13D] input pairs: 30056
[DavisDatasetP13D] kept pairs : 28696
[DavisDatasetP13D] missing counts: {'drug_1d': 0, 'drug_2d': 0, 'protein_1d': 0, 'protein_3d': 1360}
TOTAL SIZE: 28696
TRAIN SIZE: 22956
VAL SIZE: 5740
SPLIT JSON: data/splits/davis_fixed_split_size2.json
MODEL: drug_1d + protein_1d + protein_3d + stdclip(drug-protein) + pcl(protein1d-protein3d)

EPOCH 1/30
  STEP 100/718 | TOTAL_LOSS=1.648200 | REG_LOSS=0.954778 | STDCLIP_LOSS=3.478354 | PCL_LOSS=3.455868 | MEAN_GATE=0.5048 | BATCH_RMSE=0.977127
  STEP 200/718 | TOTAL_LOSS=1.333756 | REG_LOSS=0.643324 | STDCLIP_LOSS=3.465928 | PCL_LOSS=3.438390 | MEAN_GATE=0.5089 | BATCH_RMSE=0.802075
  STEP 300/718 | TOTAL_LOSS=1.634758 | REG_LOSS=0.974460 | STDCLIP_LOSS=3.469306 | PCL_LOSS=3.133667 | MEAN_GATE=0.5310 | BATCH_RMSE=0.987148
  STEP 400/718 | TOTAL_LOSS=1.362992 | REG_LOSS=0.771330 | STDCLIP_LOSS=3.482714 | PCL_LOSS=2.433914 | MEAN_GATE=0.5426 | BATCH_RMSE=0.878254
  STEP 500/718 | TOTAL_LOSS=1.443558 | REG_LOSS=0.856702 | STDCLIP_LOSS=3.460131 | PCL_LOSS=2.408427 | MEAN_GATE=0.5534 | BATCH_RMSE=0.925582
  STEP 600/718 | TOTAL_LOSS=0.858610 | REG_LOSS=0.286858 | STDCLIP_LOSS=3.465463 | PCL_LOSS=2.252056 | MEAN_GATE=0.5592 | BATCH_RMSE=0.535591
  STEP 700/718 | TOTAL_LOSS=2.331320 | REG_LOSS=1.807767 | STDCLIP_LOSS=3.465609 | PCL_LOSS=1.769912 | MEAN_GATE=0.5510 | BATCH_RMSE=1.344532
[EPOCH 001/030] TRAIN: TOTAL=1.806838 | REG=1.179015 | STDCLIP=3.469065 | PCL=2.809166 | RMSE=1.085824 | MAE=0.704844 | CI=0.644361 | RM2=0.020345
[EPOCH 001/030] VAL  : TOTAL=1.122255 | REG=0.599562 | STDCLIP=3.463878 | PCL=1.763047 | RMSE=0.774314 | MAE=0.524314 | CI=0.757524 | RM2=0.238274
  SAVED NEW BEST MODEL | EPOCH=001 | BEST_VAL_RMSE=0.774314 | BEST_VAL_MAE=0.524314 | BEST_VAL_CI=0.757524 | BEST_VAL_RM2=0.238274

EPOCH 2/30
  STEP 100/718 | TOTAL_LOSS=0.879440 | REG_LOSS=0.347755 | STDCLIP_LOSS=3.473001 | PCL_LOSS=1.843845 | MEAN_GATE=0.5535 | BATCH_RMSE=0.589708
  STEP 200/718 | TOTAL_LOSS=1.498421 | REG_LOSS=0.980855 | STDCLIP_LOSS=3.468282 | PCL_LOSS=1.707371 | MEAN_GATE=0.5621 | BATCH_RMSE=0.990381
  STEP 300/718 | TOTAL_LOSS=1.334883 | REG_LOSS=0.823296 | STDCLIP_LOSS=3.471305 | PCL_LOSS=1.644574 | MEAN_GATE=0.5624 | BATCH_RMSE=0.907356
  STEP 400/718 | TOTAL_LOSS=0.724137 | REG_LOSS=0.237696 | STDCLIP_LOSS=3.454826 | PCL_LOSS=1.409585 | MEAN_GATE=0.5650 | BATCH_RMSE=0.487541
  STEP 500/718 | TOTAL_LOSS=0.974990 | REG_LOSS=0.497655 | STDCLIP_LOSS=3.471256 | PCL_LOSS=1.302090 | MEAN_GATE=0.5711 | BATCH_RMSE=0.705447
  STEP 600/718 | TOTAL_LOSS=0.976328 | REG_LOSS=0.493329 | STDCLIP_LOSS=3.460804 | PCL_LOSS=1.369184 | MEAN_GATE=0.5604 | BATCH_RMSE=0.702374
  STEP 700/718 | TOTAL_LOSS=0.946776 | REG_LOSS=0.498086 | STDCLIP_LOSS=3.454781 | PCL_LOSS=1.032124 | MEAN_GATE=0.5737 | BATCH_RMSE=0.705752
[EPOCH 002/030] TRAIN: TOTAL=1.183572 | REG=0.680542 | STDCLIP=3.466391 | PCL=1.563914 | RMSE=0.824950 | MAE=0.570663 | CI=0.722841 | RM2=0.175535
[EPOCH 002/030] VAL  : TOTAL=1.039755 | REG=0.574596 | STDCLIP=3.463796 | PCL=1.187797 | RMSE=0.758021 | MAE=0.479208 | CI=0.774900 | RM2=0.268337
  SAVED NEW BEST MODEL | EPOCH=002 | BEST_VAL_RMSE=0.758021 | BEST_VAL_MAE=0.479208 | BEST_VAL_CI=0.774900 | BEST_VAL_RM2=0.268337

EPOCH 3/30
  STEP 100/718 | TOTAL_LOSS=1.251068 | REG_LOSS=0.786261 | STDCLIP_LOSS=3.456407 | PCL_LOSS=1.191659 | MEAN_GATE=0.5663 | BATCH_RMSE=0.886714
  STEP 200/718 | TOTAL_LOSS=1.051501 | REG_LOSS=0.585354 | STDCLIP_LOSS=3.467063 | PCL_LOSS=1.194402 | MEAN_GATE=0.5806 | BATCH_RMSE=0.765084
  STEP 300/718 | TOTAL_LOSS=0.757227 | REG_LOSS=0.307534 | STDCLIP_LOSS=3.459070 | PCL_LOSS=1.037864 | MEAN_GATE=0.5762 | BATCH_RMSE=0.554557
  STEP 400/718 | TOTAL_LOSS=0.721411 | REG_LOSS=0.286444 | STDCLIP_LOSS=3.469110 | PCL_LOSS=0.880561 | MEAN_GATE=0.5625 | BATCH_RMSE=0.535205
  STEP 500/718 | TOTAL_LOSS=0.655134 | REG_LOSS=0.216898 | STDCLIP_LOSS=3.461510 | PCL_LOSS=0.920853 | MEAN_GATE=0.5525 | BATCH_RMSE=0.465723
  STEP 600/718 | TOTAL_LOSS=1.018169 | REG_LOSS=0.559323 | STDCLIP_LOSS=3.455437 | PCL_LOSS=1.133026 | MEAN_GATE=0.5592 | BATCH_RMSE=0.747879
  STEP 700/718 | TOTAL_LOSS=1.051370 | REG_LOSS=0.577000 | STDCLIP_LOSS=3.462188 | PCL_LOSS=1.281519 | MEAN_GATE=0.5512 | BATCH_RMSE=0.759605
[EPOCH 003/030] TRAIN: TOTAL=1.132736 | REG=0.667922 | STDCLIP=3.465766 | PCL=1.182375 | RMSE=0.817265 | MAE=0.565179 | CI=0.733168 | RM2=0.189523
[EPOCH 003/030] VAL  : TOTAL=1.059424 | REG=0.579505 | STDCLIP=3.463785 | PCL=1.335411 | RMSE=0.761252 | MAE=0.548179 | CI=0.780508 | RM2=0.292176

EPOCH 4/30
  STEP 100/718 | TOTAL_LOSS=0.865314 | REG_LOSS=0.431635 | STDCLIP_LOSS=3.459583 | PCL_LOSS=0.877206 | MEAN_GATE=0.5852 | BATCH_RMSE=0.656990
  STEP 200/718 | TOTAL_LOSS=1.044634 | REG_LOSS=0.582634 | STDCLIP_LOSS=3.483535 | PCL_LOSS=1.136470 | MEAN_GATE=0.5765 | BATCH_RMSE=0.763305
  STEP 300/718 | TOTAL_LOSS=1.163932 | REG_LOSS=0.706248 | STDCLIP_LOSS=3.460326 | PCL_LOSS=1.116515 | MEAN_GATE=0.5756 | BATCH_RMSE=0.840386
  STEP 400/718 | TOTAL_LOSS=1.814613 | REG_LOSS=1.373522 | STDCLIP_LOSS=3.471225 | PCL_LOSS=0.939683 | MEAN_GATE=0.5644 | BATCH_RMSE=1.171973
  STEP 500/718 | TOTAL_LOSS=1.490133 | REG_LOSS=1.037715 | STDCLIP_LOSS=3.468464 | PCL_LOSS=1.055715 | MEAN_GATE=0.5837 | BATCH_RMSE=1.018683
  STEP 600/718 | TOTAL_LOSS=1.228076 | REG_LOSS=0.770615 | STDCLIP_LOSS=3.459231 | PCL_LOSS=1.115376 | MEAN_GATE=0.5611 | BATCH_RMSE=0.877847
  STEP 700/718 | TOTAL_LOSS=0.886598 | REG_LOSS=0.442852 | STDCLIP_LOSS=3.464700 | PCL_LOSS=0.972757 | MEAN_GATE=0.5677 | BATCH_RMSE=0.665471
[EPOCH 004/030] TRAIN: TOTAL=1.097870 | REG=0.654035 | STDCLIP=3.465616 | PCL=0.972742 | RMSE=0.808724 | MAE=0.556852 | CI=0.738739 | RM2=0.202951
[EPOCH 004/030] VAL  : TOTAL=1.016903 | REG=0.595211 | STDCLIP=3.463786 | PCL=0.753134 | RMSE=0.771500 | MAE=0.477370 | CI=0.783185 | RM2=0.284569

EPOCH 5/30
  STEP 100/718 | TOTAL_LOSS=0.746147 | REG_LOSS=0.317138 | STDCLIP_LOSS=3.460124 | PCL_LOSS=0.829965 | MEAN_GATE=0.5918 | BATCH_RMSE=0.563150
  STEP 200/718 | TOTAL_LOSS=1.138456 | REG_LOSS=0.690890 | STDCLIP_LOSS=3.469171 | PCL_LOSS=1.006493 | MEAN_GATE=0.5900 | BATCH_RMSE=0.831198
  STEP 300/718 | TOTAL_LOSS=1.542695 | REG_LOSS=1.112330 | STDCLIP_LOSS=3.467254 | PCL_LOSS=0.836399 | MEAN_GATE=0.5754 | BATCH_RMSE=1.054670
  STEP 400/718 | TOTAL_LOSS=1.308969 | REG_LOSS=0.875862 | STDCLIP_LOSS=3.473001 | PCL_LOSS=0.858059 | MEAN_GATE=0.5942 | BATCH_RMSE=0.935875
  STEP 500/718 | TOTAL_LOSS=1.049127 | REG_LOSS=0.614972 | STDCLIP_LOSS=3.461626 | PCL_LOSS=0.879926 | MEAN_GATE=0.5834 | BATCH_RMSE=0.784201
  STEP 600/718 | TOTAL_LOSS=1.033790 | REG_LOSS=0.606603 | STDCLIP_LOSS=3.466826 | PCL_LOSS=0.805046 | MEAN_GATE=0.6081 | BATCH_RMSE=0.778847
  STEP 700/718 | TOTAL_LOSS=0.800132 | REG_LOSS=0.356783 | STDCLIP_LOSS=3.464001 | PCL_LOSS=0.969491 | MEAN_GATE=0.5867 | BATCH_RMSE=0.597313
[EPOCH 005/030] TRAIN: TOTAL=1.061868 | REG=0.631930 | STDCLIP=3.465673 | PCL=0.833703 | RMSE=0.794940 | MAE=0.545856 | CI=0.746489 | RM2=0.224545
[EPOCH 005/030] VAL  : TOTAL=0.954876 | REG=0.532331 | STDCLIP=3.463907 | PCL=0.761544 | RMSE=0.729610 | MAE=0.458217 | CI=0.792478 | RM2=0.313467
  SAVED NEW BEST MODEL | EPOCH=005 | BEST_VAL_RMSE=0.729610 | BEST_VAL_MAE=0.458217 | BEST_VAL_CI=0.792478 | BEST_VAL_RM2=0.313467

EPOCH 6/30
  STEP 100/718 | TOTAL_LOSS=0.844053 | REG_LOSS=0.418099 | STDCLIP_LOSS=3.461596 | PCL_LOSS=0.797947 | MEAN_GATE=0.5886 | BATCH_RMSE=0.646605
  STEP 200/718 | TOTAL_LOSS=1.058093 | REG_LOSS=0.643636 | STDCLIP_LOSS=3.457435 | PCL_LOSS=0.687136 | MEAN_GATE=0.6172 | BATCH_RMSE=0.802269
  STEP 300/718 | TOTAL_LOSS=0.813856 | REG_LOSS=0.389830 | STDCLIP_LOSS=3.461337 | PCL_LOSS=0.778923 | MEAN_GATE=0.6342 | BATCH_RMSE=0.624364
  STEP 400/718 | TOTAL_LOSS=1.450974 | REG_LOSS=1.010169 | STDCLIP_LOSS=3.466863 | PCL_LOSS=0.941188 | MEAN_GATE=0.6205 | BATCH_RMSE=1.005071
  STEP 500/718 | TOTAL_LOSS=1.243834 | REG_LOSS=0.841136 | STDCLIP_LOSS=3.471743 | PCL_LOSS=0.555232 | MEAN_GATE=0.6318 | BATCH_RMSE=0.917135
  STEP 600/718 | TOTAL_LOSS=1.167152 | REG_LOSS=0.743979 | STDCLIP_LOSS=3.466478 | PCL_LOSS=0.765261 | MEAN_GATE=0.6296 | BATCH_RMSE=0.862542
  STEP 700/718 | TOTAL_LOSS=0.761381 | REG_LOSS=0.326390 | STDCLIP_LOSS=3.465630 | PCL_LOSS=0.884287 | MEAN_GATE=0.6416 | BATCH_RMSE=0.571305
[EPOCH 006/030] TRAIN: TOTAL=1.039765 | REG=0.615711 | STDCLIP=3.465775 | PCL=0.774766 | RMSE=0.784672 | MAE=0.538794 | CI=0.750217 | RM2=0.241263
[EPOCH 006/030] VAL  : TOTAL=0.907967 | REG=0.500400 | STDCLIP=3.463849 | PCL=0.611819 | RMSE=0.707390 | MAE=0.466683 | CI=0.801296 | RM2=0.347388
  SAVED NEW BEST MODEL | EPOCH=006 | BEST_VAL_RMSE=0.707390 | BEST_VAL_MAE=0.466683 | BEST_VAL_CI=0.801296 | BEST_VAL_RM2=0.347388

EPOCH 7/30
  STEP 100/718 | TOTAL_LOSS=0.816382 | REG_LOSS=0.411203 | STDCLIP_LOSS=3.465604 | PCL_LOSS=0.586187 | MEAN_GATE=0.6642 | BATCH_RMSE=0.641251
  STEP 200/718 | TOTAL_LOSS=0.802048 | REG_LOSS=0.386064 | STDCLIP_LOSS=3.463767 | PCL_LOSS=0.696078 | MEAN_GATE=0.6473 | BATCH_RMSE=0.621340
  STEP 300/718 | TOTAL_LOSS=0.884983 | REG_LOSS=0.472599 | STDCLIP_LOSS=3.468942 | PCL_LOSS=0.654905 | MEAN_GATE=0.6475 | BATCH_RMSE=0.687458
  STEP 400/718 | TOTAL_LOSS=0.937661 | REG_LOSS=0.512455 | STDCLIP_LOSS=3.469702 | PCL_LOSS=0.782357 | MEAN_GATE=0.6933 | BATCH_RMSE=0.715860
  STEP 500/718 | TOTAL_LOSS=1.609473 | REG_LOSS=1.196758 | STDCLIP_LOSS=3.461854 | PCL_LOSS=0.665291 | MEAN_GATE=0.6768 | BATCH_RMSE=1.093964
  STEP 600/718 | TOTAL_LOSS=0.949422 | REG_LOSS=0.512192 | STDCLIP_LOSS=3.466367 | PCL_LOSS=0.905934 | MEAN_GATE=0.6913 | BATCH_RMSE=0.715676
  STEP 700/718 | TOTAL_LOSS=0.704229 | REG_LOSS=0.288310 | STDCLIP_LOSS=3.475763 | PCL_LOSS=0.683426 | MEAN_GATE=0.6878 | BATCH_RMSE=0.536945
[EPOCH 007/030] TRAIN: TOTAL=1.012306 | REG=0.591033 | STDCLIP=3.465376 | PCL=0.747356 | RMSE=0.768787 | MAE=0.524910 | CI=0.762570 | RM2=0.267101
[EPOCH 007/030] VAL  : TOTAL=0.904823 | REG=0.509041 | STDCLIP=3.463849 | PCL=0.493979 | RMSE=0.713471 | MAE=0.421880 | CI=0.801369 | RM2=0.368807

EPOCH 8/30
  STEP 100/718 | TOTAL_LOSS=0.665500 | REG_LOSS=0.236280 | STDCLIP_LOSS=3.464355 | PCL_LOSS=0.827845 | MEAN_GATE=0.6774 | BATCH_RMSE=0.486086
  STEP 200/718 | TOTAL_LOSS=1.078490 | REG_LOSS=0.669931 | STDCLIP_LOSS=3.455493 | PCL_LOSS=0.630097 | MEAN_GATE=0.6487 | BATCH_RMSE=0.818493
  STEP 300/718 | TOTAL_LOSS=1.135112 | REG_LOSS=0.726644 | STDCLIP_LOSS=3.462355 | PCL_LOSS=0.622318 | MEAN_GATE=0.6754 | BATCH_RMSE=0.852434
  STEP 400/718 | TOTAL_LOSS=0.782008 | REG_LOSS=0.388294 | STDCLIP_LOSS=3.467313 | PCL_LOSS=0.469827 | MEAN_GATE=0.6247 | BATCH_RMSE=0.623133
  STEP 500/718 | TOTAL_LOSS=1.437170 | REG_LOSS=1.011926 | STDCLIP_LOSS=3.469054 | PCL_LOSS=0.783386 | MEAN_GATE=0.6617 | BATCH_RMSE=1.005945
  STEP 600/718 | TOTAL_LOSS=0.811336 | REG_LOSS=0.387581 | STDCLIP_LOSS=3.462054 | PCL_LOSS=0.775501 | MEAN_GATE=0.6784 | BATCH_RMSE=0.622560
  STEP 700/718 | TOTAL_LOSS=0.917874 | REG_LOSS=0.511505 | STDCLIP_LOSS=3.463107 | PCL_LOSS=0.600576 | MEAN_GATE=0.6802 | BATCH_RMSE=0.715196
[EPOCH 008/030] TRAIN: TOTAL=0.995053 | REG=0.580641 | STDCLIP=3.465661 | PCL=0.678460 | RMSE=0.761998 | MAE=0.514328 | CI=0.764180 | RM2=0.278196
[EPOCH 008/030] VAL  : TOTAL=0.873942 | REG=0.475727 | STDCLIP=3.463799 | PCL=0.518355 | RMSE=0.689730 | MAE=0.471063 | CI=0.810573 | RM2=0.378619
  SAVED NEW BEST MODEL | EPOCH=008 | BEST_VAL_RMSE=0.689730 | BEST_VAL_MAE=0.471063 | BEST_VAL_CI=0.810573 | BEST_VAL_RM2=0.378619

EPOCH 9/30
  STEP 100/718 | TOTAL_LOSS=1.362473 | REG_LOSS=0.935756 | STDCLIP_LOSS=3.468296 | PCL_LOSS=0.798873 | MEAN_GATE=0.7193 | BATCH_RMSE=0.967345
  STEP 200/718 | TOTAL_LOSS=1.620018 | REG_LOSS=1.204033 | STDCLIP_LOSS=3.459678 | PCL_LOSS=0.700169 | MEAN_GATE=0.6549 | BATCH_RMSE=1.097284
  STEP 300/718 | TOTAL_LOSS=1.209445 | REG_LOSS=0.806283 | STDCLIP_LOSS=3.465400 | PCL_LOSS=0.566222 | MEAN_GATE=0.6684 | BATCH_RMSE=0.897933
  STEP 400/718 | TOTAL_LOSS=1.155553 | REG_LOSS=0.747567 | STDCLIP_LOSS=3.466126 | PCL_LOSS=0.613737 | MEAN_GATE=0.6815 | BATCH_RMSE=0.864619
  STEP 500/718 | TOTAL_LOSS=0.923963 | REG_LOSS=0.498237 | STDCLIP_LOSS=3.457389 | PCL_LOSS=0.799875 | MEAN_GATE=0.6883 | BATCH_RMSE=0.705859
  STEP 600/718 | TOTAL_LOSS=1.132970 | REG_LOSS=0.709638 | STDCLIP_LOSS=3.453810 | PCL_LOSS=0.779515 | MEAN_GATE=0.6411 | BATCH_RMSE=0.842400
  STEP 700/718 | TOTAL_LOSS=0.885121 | REG_LOSS=0.469985 | STDCLIP_LOSS=3.464258 | PCL_LOSS=0.687103 | MEAN_GATE=0.6470 | BATCH_RMSE=0.685554
[EPOCH 009/030] TRAIN: TOTAL=0.993162 | REG=0.581065 | STDCLIP=3.465403 | PCL=0.655565 | RMSE=0.762276 | MAE=0.517462 | CI=0.763446 | RM2=0.277388
[EPOCH 009/030] VAL  : TOTAL=0.874479 | REG=0.485375 | STDCLIP=3.463792 | PCL=0.427243 | RMSE=0.696689 | MAE=0.412085 | CI=0.818383 | RM2=0.393031

EPOCH 10/30
  STEP 100/718 | TOTAL_LOSS=1.034725 | REG_LOSS=0.598022 | STDCLIP_LOSS=3.467020 | PCL_LOSS=0.900011 | MEAN_GATE=0.6931 | BATCH_RMSE=0.773319
  STEP 200/718 | TOTAL_LOSS=1.283089 | REG_LOSS=0.871363 | STDCLIP_LOSS=3.459991 | PCL_LOSS=0.657277 | MEAN_GATE=0.6538 | BATCH_RMSE=0.933468
  STEP 300/718 | TOTAL_LOSS=0.752227 | REG_LOSS=0.343460 | STDCLIP_LOSS=3.464675 | PCL_LOSS=0.622990 | MEAN_GATE=0.6858 | BATCH_RMSE=0.586055
  STEP 400/718 | TOTAL_LOSS=1.137181 | REG_LOSS=0.718068 | STDCLIP_LOSS=3.469362 | PCL_LOSS=0.721775 | MEAN_GATE=0.7011 | BATCH_RMSE=0.847389
  STEP 500/718 | TOTAL_LOSS=0.814079 | REG_LOSS=0.421382 | STDCLIP_LOSS=3.462560 | PCL_LOSS=0.464415 | MEAN_GATE=0.6621 | BATCH_RMSE=0.649139
  STEP 600/718 | TOTAL_LOSS=0.734980 | REG_LOSS=0.354789 | STDCLIP_LOSS=3.460994 | PCL_LOSS=0.340915 | MEAN_GATE=0.6661 | BATCH_RMSE=0.595642
  STEP 700/718 | TOTAL_LOSS=0.724669 | REG_LOSS=0.333950 | STDCLIP_LOSS=3.463420 | PCL_LOSS=0.443763 | MEAN_GATE=0.7104 | BATCH_RMSE=0.577884
[EPOCH 010/030] TRAIN: TOTAL=0.969905 | REG=0.562336 | STDCLIP=3.465297 | PCL=0.610393 | RMSE=0.749891 | MAE=0.509735 | CI=0.769038 | RM2=0.297551
[EPOCH 010/030] VAL  : TOTAL=0.856311 | REG=0.466244 | STDCLIP=3.463844 | PCL=0.436816 | RMSE=0.682821 | MAE=0.421236 | CI=0.814545 | RM2=0.400983
  SAVED NEW BEST MODEL | EPOCH=010 | BEST_VAL_RMSE=0.682821 | BEST_VAL_MAE=0.421236 | BEST_VAL_CI=0.814545 | BEST_VAL_RM2=0.400983

EPOCH 11/30
  STEP 100/718 | TOTAL_LOSS=0.983067 | REG_LOSS=0.589729 | STDCLIP_LOSS=3.469704 | PCL_LOSS=0.463673 | MEAN_GATE=0.7074 | BATCH_RMSE=0.767938
  STEP 200/718 | TOTAL_LOSS=1.028718 | REG_LOSS=0.611090 | STDCLIP_LOSS=3.459125 | PCL_LOSS=0.717155 | MEAN_GATE=0.7049 | BATCH_RMSE=0.781722
  STEP 300/718 | TOTAL_LOSS=1.650225 | REG_LOSS=1.237705 | STDCLIP_LOSS=3.464797 | PCL_LOSS=0.660410 | MEAN_GATE=0.6774 | BATCH_RMSE=1.112522
  STEP 400/718 | TOTAL_LOSS=0.928127 | REG_LOSS=0.516945 | STDCLIP_LOSS=3.472990 | PCL_LOSS=0.638832 | MEAN_GATE=0.6635 | BATCH_RMSE=0.718989
  STEP 500/718 | TOTAL_LOSS=0.872686 | REG_LOSS=0.456677 | STDCLIP_LOSS=3.468735 | PCL_LOSS=0.691348 | MEAN_GATE=0.6635 | BATCH_RMSE=0.675779
  STEP 600/718 | TOTAL_LOSS=0.906556 | REG_LOSS=0.496165 | STDCLIP_LOSS=3.464245 | PCL_LOSS=0.639672 | MEAN_GATE=0.7220 | BATCH_RMSE=0.704390
  STEP 700/718 | TOTAL_LOSS=1.235188 | REG_LOSS=0.831368 | STDCLIP_LOSS=3.467262 | PCL_LOSS=0.570934 | MEAN_GATE=0.6847 | BATCH_RMSE=0.911794
[EPOCH 011/030] TRAIN: TOTAL=0.970031 | REG=0.563069 | STDCLIP=3.465389 | PCL=0.604234 | RMSE=0.750379 | MAE=0.508335 | CI=0.773728 | RM2=0.296463
[EPOCH 011/030] VAL  : TOTAL=0.878326 | REG=0.489650 | STDCLIP=3.463925 | PCL=0.422835 | RMSE=0.699750 | MAE=0.501399 | CI=0.815143 | RM2=0.408925

EPOCH 12/30
  STEP 100/718 | TOTAL_LOSS=0.887419 | REG_LOSS=0.486514 | STDCLIP_LOSS=3.467564 | PCL_LOSS=0.541482 | MEAN_GATE=0.7088 | BATCH_RMSE=0.697506
  STEP 200/718 | TOTAL_LOSS=0.858245 | REG_LOSS=0.429610 | STDCLIP_LOSS=3.463619 | PCL_LOSS=0.822727 | MEAN_GATE=0.6568 | BATCH_RMSE=0.655446
  STEP 300/718 | TOTAL_LOSS=0.721807 | REG_LOSS=0.330815 | STDCLIP_LOSS=3.467416 | PCL_LOSS=0.442503 | MEAN_GATE=0.6982 | BATCH_RMSE=0.575166
  STEP 400/718 | TOTAL_LOSS=0.620991 | REG_LOSS=0.227786 | STDCLIP_LOSS=3.464964 | PCL_LOSS=0.467091 | MEAN_GATE=0.6961 | BATCH_RMSE=0.477269
  STEP 500/718 | TOTAL_LOSS=0.712844 | REG_LOSS=0.313093 | STDCLIP_LOSS=3.469392 | PCL_LOSS=0.528119 | MEAN_GATE=0.6666 | BATCH_RMSE=0.559547
  STEP 600/718 | TOTAL_LOSS=0.769421 | REG_LOSS=0.375048 | STDCLIP_LOSS=3.469318 | PCL_LOSS=0.474408 | MEAN_GATE=0.6176 | BATCH_RMSE=0.612412
  STEP 700/718 | TOTAL_LOSS=1.085315 | REG_LOSS=0.651210 | STDCLIP_LOSS=3.460572 | PCL_LOSS=0.880479 | MEAN_GATE=0.7388 | BATCH_RMSE=0.806976
[EPOCH 012/030] TRAIN: TOTAL=0.960576 | REG=0.555256 | STDCLIP=3.465489 | PCL=0.587712 | RMSE=0.745155 | MAE=0.504250 | CI=0.774099 | RM2=0.305011
[EPOCH 012/030] VAL  : TOTAL=1.148449 | REG=0.477740 | STDCLIP=3.463756 | PCL=3.243329 | RMSE=0.691188 | MAE=0.451029 | CI=0.813873 | RM2=0.361127

EPOCH 13/30
  STEP 100/718 | TOTAL_LOSS=0.870355 | REG_LOSS=0.475976 | STDCLIP_LOSS=3.466780 | PCL_LOSS=0.477009 | MEAN_GATE=0.6916 | BATCH_RMSE=0.689910
  STEP 200/718 | TOTAL_LOSS=1.348429 | REG_LOSS=0.951964 | STDCLIP_LOSS=3.461961 | PCL_LOSS=0.502696 | MEAN_GATE=0.7341 | BATCH_RMSE=0.975686
  STEP 300/718 | TOTAL_LOSS=0.989430 | REG_LOSS=0.603748 | STDCLIP_LOSS=3.462768 | PCL_LOSS=0.394055 | MEAN_GATE=0.7086 | BATCH_RMSE=0.777012
  STEP 400/718 | TOTAL_LOSS=0.785379 | REG_LOSS=0.390197 | STDCLIP_LOSS=3.465874 | PCL_LOSS=0.485943 | MEAN_GATE=0.7000 | BATCH_RMSE=0.624658
  STEP 500/718 | TOTAL_LOSS=1.090831 | REG_LOSS=0.707007 | STDCLIP_LOSS=3.466267 | PCL_LOSS=0.371979 | MEAN_GATE=0.6568 | BATCH_RMSE=0.840837
  STEP 600/718 | TOTAL_LOSS=0.803691 | REG_LOSS=0.409495 | STDCLIP_LOSS=3.472456 | PCL_LOSS=0.469502 | MEAN_GATE=0.7210 | BATCH_RMSE=0.639918
  STEP 700/718 | TOTAL_LOSS=1.383937 | REG_LOSS=0.994931 | STDCLIP_LOSS=3.467957 | PCL_LOSS=0.422109 | MEAN_GATE=0.6995 | BATCH_RMSE=0.997462
[EPOCH 013/030] TRAIN: TOTAL=0.954515 | REG=0.549760 | STDCLIP=3.465429 | PCL=0.582127 | RMSE=0.741458 | MAE=0.502124 | CI=0.777864 | RM2=0.310873
[EPOCH 013/030] VAL  : TOTAL=0.839553 | REG=0.455751 | STDCLIP=3.463754 | PCL=0.374267 | RMSE=0.675093 | MAE=0.428749 | CI=0.818442 | RM2=0.416212
  SAVED NEW BEST MODEL | EPOCH=013 | BEST_VAL_RMSE=0.675093 | BEST_VAL_MAE=0.428749 | BEST_VAL_CI=0.818442 | BEST_VAL_RM2=0.416212

EPOCH 14/30
  STEP 100/718 | TOTAL_LOSS=1.087468 | REG_LOSS=0.545746 | STDCLIP_LOSS=3.468529 | PCL_LOSS=1.948698 | MEAN_GATE=0.7076 | BATCH_RMSE=0.738746
  STEP 200/718 | TOTAL_LOSS=0.999941 | REG_LOSS=0.607279 | STDCLIP_LOSS=3.463205 | PCL_LOSS=0.463418 | MEAN_GATE=0.6926 | BATCH_RMSE=0.779281
  STEP 300/718 | TOTAL_LOSS=1.116950 | REG_LOSS=0.721251 | STDCLIP_LOSS=3.467560 | PCL_LOSS=0.489425 | MEAN_GATE=0.7088 | BATCH_RMSE=0.849265
  STEP 400/718 | TOTAL_LOSS=1.003543 | REG_LOSS=0.593483 | STDCLIP_LOSS=3.466102 | PCL_LOSS=0.634495 | MEAN_GATE=0.6538 | BATCH_RMSE=0.770378
  STEP 500/718 | TOTAL_LOSS=1.067252 | REG_LOSS=0.664425 | STDCLIP_LOSS=3.466890 | PCL_LOSS=0.561377 | MEAN_GATE=0.6941 | BATCH_RMSE=0.815123
  STEP 600/718 | TOTAL_LOSS=1.434736 | REG_LOSS=1.035212 | STDCLIP_LOSS=3.468410 | PCL_LOSS=0.526829 | MEAN_GATE=0.6929 | BATCH_RMSE=1.017454
  STEP 700/718 | TOTAL_LOSS=1.508633 | REG_LOSS=1.115330 | STDCLIP_LOSS=3.461499 | PCL_LOSS=0.471524 | MEAN_GATE=0.6681 | BATCH_RMSE=1.056092
[EPOCH 014/030] TRAIN: TOTAL=0.952389 | REG=0.550489 | STDCLIP=3.465476 | PCL=0.553527 | RMSE=0.741949 | MAE=0.504184 | CI=0.779566 | RM2=0.309581
[EPOCH 014/030] VAL  : TOTAL=0.842080 | REG=0.455436 | STDCLIP=3.463763 | PCL=0.402673 | RMSE=0.674860 | MAE=0.408486 | CI=0.821898 | RM2=0.423977
  SAVED NEW BEST MODEL | EPOCH=014 | BEST_VAL_RMSE=0.674860 | BEST_VAL_MAE=0.408486 | BEST_VAL_CI=0.821898 | BEST_VAL_RM2=0.423977

EPOCH 15/30
  STEP 100/718 | TOTAL_LOSS=0.625387 | REG_LOSS=0.219756 | STDCLIP_LOSS=3.462510 | PCL_LOSS=0.593801 | MEAN_GATE=0.6908 | BATCH_RMSE=0.468781
  STEP 200/718 | TOTAL_LOSS=0.741358 | REG_LOSS=0.357818 | STDCLIP_LOSS=3.463064 | PCL_LOSS=0.372341 | MEAN_GATE=0.6874 | BATCH_RMSE=0.598179
  STEP 300/718 | TOTAL_LOSS=0.539967 | REG_LOSS=0.145378 | STDCLIP_LOSS=3.462913 | PCL_LOSS=0.482976 | MEAN_GATE=0.6797 | BATCH_RMSE=0.381284
  STEP 400/718 | TOTAL_LOSS=0.503464 | REG_LOSS=0.108717 | STDCLIP_LOSS=3.461606 | PCL_LOSS=0.485862 | MEAN_GATE=0.7307 | BATCH_RMSE=0.329723
  STEP 500/718 | TOTAL_LOSS=1.105331 | REG_LOSS=0.717398 | STDCLIP_LOSS=3.465991 | PCL_LOSS=0.413333 | MEAN_GATE=0.7063 | BATCH_RMSE=0.846994
  STEP 600/718 | TOTAL_LOSS=1.023248 | REG_LOSS=0.617473 | STDCLIP_LOSS=3.462574 | PCL_LOSS=0.595168 | MEAN_GATE=0.6890 | BATCH_RMSE=0.785795
  STEP 700/718 | TOTAL_LOSS=1.043696 | REG_LOSS=0.632245 | STDCLIP_LOSS=3.464760 | PCL_LOSS=0.649747 | MEAN_GATE=0.6742 | BATCH_RMSE=0.795139
[EPOCH 015/030] TRAIN: TOTAL=0.950352 | REG=0.551480 | STDCLIP=3.465312 | PCL=0.523401 | RMSE=0.742617 | MAE=0.505090 | CI=0.775604 | RM2=0.308447
[EPOCH 015/030] VAL  : TOTAL=0.851026 | REG=0.467670 | STDCLIP=3.463863 | PCL=0.369694 | RMSE=0.683864 | MAE=0.419869 | CI=0.821073 | RM2=0.397608

EPOCH 16/30
  STEP 100/718 | TOTAL_LOSS=0.957883 | REG_LOSS=0.576793 | STDCLIP_LOSS=3.467401 | PCL_LOSS=0.343497 | MEAN_GATE=0.6865 | BATCH_RMSE=0.759469
  STEP 200/718 | TOTAL_LOSS=0.739432 | REG_LOSS=0.351257 | STDCLIP_LOSS=3.469240 | PCL_LOSS=0.412510 | MEAN_GATE=0.6465 | BATCH_RMSE=0.592670
  STEP 300/718 | TOTAL_LOSS=0.705311 | REG_LOSS=0.294142 | STDCLIP_LOSS=3.462788 | PCL_LOSS=0.648905 | MEAN_GATE=0.7118 | BATCH_RMSE=0.542348
  STEP 400/718 | TOTAL_LOSS=0.566696 | REG_LOSS=0.157818 | STDCLIP_LOSS=3.465837 | PCL_LOSS=0.622949 | MEAN_GATE=0.6705 | BATCH_RMSE=0.397263
  STEP 500/718 | TOTAL_LOSS=0.488523 | REG_LOSS=0.103917 | STDCLIP_LOSS=3.466128 | PCL_LOSS=0.379933 | MEAN_GATE=0.6928 | BATCH_RMSE=0.322362
  STEP 600/718 | TOTAL_LOSS=0.607875 | REG_LOSS=0.213106 | STDCLIP_LOSS=3.466094 | PCL_LOSS=0.481599 | MEAN_GATE=0.6808 | BATCH_RMSE=0.461634
  STEP 700/718 | TOTAL_LOSS=0.927999 | REG_LOSS=0.543601 | STDCLIP_LOSS=3.465464 | PCL_LOSS=0.378513 | MEAN_GATE=0.7118 | BATCH_RMSE=0.737293
[EPOCH 016/030] TRAIN: TOTAL=0.941862 | REG=0.541581 | STDCLIP=3.465320 | PCL=0.537492 | RMSE=0.735922 | MAE=0.497701 | CI=0.781663 | RM2=0.319773
[EPOCH 016/030] VAL  : TOTAL=0.840323 | REG=0.458832 | STDCLIP=3.463841 | PCL=0.351076 | RMSE=0.677371 | MAE=0.420506 | CI=0.824767 | RM2=0.415608

EPOCH 17/30
  STEP 100/718 | TOTAL_LOSS=0.860903 | REG_LOSS=0.465451 | STDCLIP_LOSS=3.467093 | PCL_LOSS=0.487430 | MEAN_GATE=0.6676 | BATCH_RMSE=0.682240
  STEP 200/718 | TOTAL_LOSS=0.890651 | REG_LOSS=0.499599 | STDCLIP_LOSS=3.468884 | PCL_LOSS=0.441639 | MEAN_GATE=0.6453 | BATCH_RMSE=0.706823
  STEP 300/718 | TOTAL_LOSS=0.806557 | REG_LOSS=0.412596 | STDCLIP_LOSS=3.464329 | PCL_LOSS=0.475278 | MEAN_GATE=0.6628 | BATCH_RMSE=0.642336
  STEP 400/718 | TOTAL_LOSS=0.692669 | REG_LOSS=0.299091 | STDCLIP_LOSS=3.465799 | PCL_LOSS=0.469987 | MEAN_GATE=0.6978 | BATCH_RMSE=0.546892
  STEP 500/718 | TOTAL_LOSS=0.724896 | REG_LOSS=0.323345 | STDCLIP_LOSS=3.466414 | PCL_LOSS=0.549097 | MEAN_GATE=0.6593 | BATCH_RMSE=0.568634
  STEP 600/718 | TOTAL_LOSS=0.906896 | REG_LOSS=0.516285 | STDCLIP_LOSS=3.467644 | PCL_LOSS=0.438460 | MEAN_GATE=0.7143 | BATCH_RMSE=0.718530
  STEP 700/718 | TOTAL_LOSS=1.140592 | REG_LOSS=0.761593 | STDCLIP_LOSS=3.465920 | PCL_LOSS=0.324076 | MEAN_GATE=0.7048 | BATCH_RMSE=0.872693
[EPOCH 017/030] TRAIN: TOTAL=0.934831 | REG=0.538050 | STDCLIP=3.465512 | PCL=0.502300 | RMSE=0.733519 | MAE=0.496731 | CI=0.783643 | RM2=0.323669
[EPOCH 017/030] VAL  : TOTAL=0.829531 | REG=0.447413 | STDCLIP=3.463728 | PCL=0.357451 | RMSE=0.668890 | MAE=0.412731 | CI=0.828647 | RM2=0.425401
  SAVED NEW BEST MODEL | EPOCH=017 | BEST_VAL_RMSE=0.668890 | BEST_VAL_MAE=0.412731 | BEST_VAL_CI=0.828647 | BEST_VAL_RM2=0.425401

EPOCH 18/30
  STEP 100/718 | TOTAL_LOSS=0.899355 | REG_LOSS=0.493213 | STDCLIP_LOSS=3.466708 | PCL_LOSS=0.594717 | MEAN_GATE=0.6541 | BATCH_RMSE=0.702291
  STEP 200/718 | TOTAL_LOSS=1.412659 | REG_LOSS=1.035657 | STDCLIP_LOSS=3.462491 | PCL_LOSS=0.307525 | MEAN_GATE=0.6752 | BATCH_RMSE=1.017672
  STEP 300/718 | TOTAL_LOSS=1.282166 | REG_LOSS=0.892415 | STDCLIP_LOSS=3.467784 | PCL_LOSS=0.429730 | MEAN_GATE=0.7448 | BATCH_RMSE=0.944677
  STEP 400/718 | TOTAL_LOSS=1.000972 | REG_LOSS=0.595461 | STDCLIP_LOSS=3.463279 | PCL_LOSS=0.591836 | MEAN_GATE=0.6738 | BATCH_RMSE=0.771661
  STEP 500/718 | TOTAL_LOSS=1.255605 | REG_LOSS=0.868830 | STDCLIP_LOSS=3.463302 | PCL_LOSS=0.404448 | MEAN_GATE=0.6722 | BATCH_RMSE=0.932110
  STEP 600/718 | TOTAL_LOSS=0.611581 | REG_LOSS=0.222845 | STDCLIP_LOSS=3.462174 | PCL_LOSS=0.425189 | MEAN_GATE=0.6845 | BATCH_RMSE=0.472065
  STEP 700/718 | TOTAL_LOSS=0.950511 | REG_LOSS=0.535551 | STDCLIP_LOSS=3.464820 | PCL_LOSS=0.684784 | MEAN_GATE=0.6865 | BATCH_RMSE=0.731813
[EPOCH 018/030] TRAIN: TOTAL=0.935098 | REG=0.536942 | STDCLIP=3.465272 | PCL=0.516291 | RMSE=0.732763 | MAE=0.497858 | CI=0.781539 | RM2=0.323929
[EPOCH 018/030] VAL  : TOTAL=0.836509 | REG=0.455249 | STDCLIP=3.463797 | PCL=0.348808 | RMSE=0.674721 | MAE=0.470311 | CI=0.825827 | RM2=0.414878

EPOCH 19/30
  STEP 100/718 | TOTAL_LOSS=1.136541 | REG_LOSS=0.757392 | STDCLIP_LOSS=3.465218 | PCL_LOSS=0.326279 | MEAN_GATE=0.6770 | BATCH_RMSE=0.870283
  STEP 200/718 | TOTAL_LOSS=0.746628 | REG_LOSS=0.357442 | STDCLIP_LOSS=3.468211 | PCL_LOSS=0.423644 | MEAN_GATE=0.6823 | BATCH_RMSE=0.597865
  STEP 300/718 | TOTAL_LOSS=0.804668 | REG_LOSS=0.403092 | STDCLIP_LOSS=3.465661 | PCL_LOSS=0.550100 | MEAN_GATE=0.6914 | BATCH_RMSE=0.634895
  STEP 400/718 | TOTAL_LOSS=0.694512 | REG_LOSS=0.309913 | STDCLIP_LOSS=3.463812 | PCL_LOSS=0.382175 | MEAN_GATE=0.7058 | BATCH_RMSE=0.556699
  STEP 500/718 | TOTAL_LOSS=0.878518 | REG_LOSS=0.494391 | STDCLIP_LOSS=3.465565 | PCL_LOSS=0.375705 | MEAN_GATE=0.6984 | BATCH_RMSE=0.703130
  STEP 600/718 | TOTAL_LOSS=0.925516 | REG_LOSS=0.540492 | STDCLIP_LOSS=3.463101 | PCL_LOSS=0.387141 | MEAN_GATE=0.7112 | BATCH_RMSE=0.735182
  STEP 700/718 | TOTAL_LOSS=0.573162 | REG_LOSS=0.201175 | STDCLIP_LOSS=3.465666 | PCL_LOSS=0.254210 | MEAN_GATE=0.7053 | BATCH_RMSE=0.448525
[EPOCH 019/030] TRAIN: TOTAL=0.927272 | REG=0.533545 | STDCLIP=3.465403 | PCL=0.471868 | RMSE=0.730442 | MAE=0.494270 | CI=0.786747 | RM2=0.328367
[EPOCH 019/030] VAL  : TOTAL=0.859794 | REG=0.471795 | STDCLIP=3.463778 | PCL=0.416213 | RMSE=0.686874 | MAE=0.413303 | CI=0.830001 | RM2=0.440670

EPOCH 20/30
  STEP 100/718 | TOTAL_LOSS=0.892144 | REG_LOSS=0.493846 | STDCLIP_LOSS=3.464291 | PCL_LOSS=0.518693 | MEAN_GATE=0.6362 | BATCH_RMSE=0.702742
  STEP 200/718 | TOTAL_LOSS=0.672725 | REG_LOSS=0.286686 | STDCLIP_LOSS=3.465328 | PCL_LOSS=0.395058 | MEAN_GATE=0.6334 | BATCH_RMSE=0.535431
  STEP 300/718 | TOTAL_LOSS=0.613110 | REG_LOSS=0.229786 | STDCLIP_LOSS=3.464338 | PCL_LOSS=0.368903 | MEAN_GATE=0.6870 | BATCH_RMSE=0.479360
  STEP 400/718 | TOTAL_LOSS=0.989105 | REG_LOSS=0.585585 | STDCLIP_LOSS=3.473616 | PCL_LOSS=0.561585 | MEAN_GATE=0.6786 | BATCH_RMSE=0.765235
  STEP 500/718 | TOTAL_LOSS=0.547684 | REG_LOSS=0.155472 | STDCLIP_LOSS=3.467500 | PCL_LOSS=0.454626 | MEAN_GATE=0.6716 | BATCH_RMSE=0.394299
  STEP 600/718 | TOTAL_LOSS=1.224714 | REG_LOSS=0.817125 | STDCLIP_LOSS=3.466623 | PCL_LOSS=0.609269 | MEAN_GATE=0.6766 | BATCH_RMSE=0.903950
  STEP 700/718 | TOTAL_LOSS=1.158761 | REG_LOSS=0.771376 | STDCLIP_LOSS=3.467791 | PCL_LOSS=0.406054 | MEAN_GATE=0.6793 | BATCH_RMSE=0.878280
[EPOCH 020/030] TRAIN: TOTAL=0.927305 | REG=0.532765 | STDCLIP=3.465375 | PCL=0.480025 | RMSE=0.729908 | MAE=0.494368 | CI=0.784714 | RM2=0.329137
[EPOCH 020/030] VAL  : TOTAL=0.826964 | REG=0.450757 | STDCLIP=3.463734 | PCL=0.298332 | RMSE=0.671385 | MAE=0.422578 | CI=0.822014 | RM2=0.398856

EPOCH 21/30
  STEP 100/718 | TOTAL_LOSS=1.245344 | REG_LOSS=0.838395 | STDCLIP_LOSS=3.464794 | PCL_LOSS=0.604688 | MEAN_GATE=0.6556 | BATCH_RMSE=0.915639
  STEP 200/718 | TOTAL_LOSS=1.010908 | REG_LOSS=0.620555 | STDCLIP_LOSS=3.463655 | PCL_LOSS=0.439873 | MEAN_GATE=0.6614 | BATCH_RMSE=0.787753
  STEP 300/718 | TOTAL_LOSS=0.560431 | REG_LOSS=0.192338 | STDCLIP_LOSS=3.462752 | PCL_LOSS=0.218183 | MEAN_GATE=0.6328 | BATCH_RMSE=0.438563
  STEP 400/718 | TOTAL_LOSS=1.025565 | REG_LOSS=0.637474 | STDCLIP_LOSS=3.469070 | PCL_LOSS=0.411846 | MEAN_GATE=0.6981 | BATCH_RMSE=0.798420
  STEP 500/718 | TOTAL_LOSS=0.702479 | REG_LOSS=0.320638 | STDCLIP_LOSS=3.463046 | PCL_LOSS=0.355358 | MEAN_GATE=0.7254 | BATCH_RMSE=0.566249
  STEP 600/718 | TOTAL_LOSS=0.962231 | REG_LOSS=0.578903 | STDCLIP_LOSS=3.464033 | PCL_LOSS=0.369248 | MEAN_GATE=0.7078 | BATCH_RMSE=0.760857
  STEP 700/718 | TOTAL_LOSS=0.925523 | REG_LOSS=0.528130 | STDCLIP_LOSS=3.468139 | PCL_LOSS=0.505795 | MEAN_GATE=0.6556 | BATCH_RMSE=0.726725
[EPOCH 021/030] TRAIN: TOTAL=0.925157 | REG=0.533008 | STDCLIP=3.465304 | PCL=0.456188 | RMSE=0.730074 | MAE=0.494263 | CI=0.785573 | RM2=0.328489
[EPOCH 021/030] VAL  : TOTAL=0.855702 | REG=0.480757 | STDCLIP=3.463741 | PCL=0.285710 | RMSE=0.693366 | MAE=0.412863 | CI=0.825679 | RM2=0.428324

EPOCH 22/30
  STEP 100/718 | TOTAL_LOSS=0.766332 | REG_LOSS=0.332274 | STDCLIP_LOSS=3.467124 | PCL_LOSS=0.873454 | MEAN_GATE=0.7339 | BATCH_RMSE=0.576432
  STEP 200/718 | TOTAL_LOSS=0.872449 | REG_LOSS=0.464297 | STDCLIP_LOSS=3.467770 | PCL_LOSS=0.613749 | MEAN_GATE=0.7344 | BATCH_RMSE=0.681393
  STEP 300/718 | TOTAL_LOSS=1.192296 | REG_LOSS=0.793798 | STDCLIP_LOSS=3.464598 | PCL_LOSS=0.520385 | MEAN_GATE=0.6953 | BATCH_RMSE=0.890953
  STEP 400/718 | TOTAL_LOSS=1.102427 | REG_LOSS=0.698913 | STDCLIP_LOSS=3.463211 | PCL_LOSS=0.571935 | MEAN_GATE=0.6399 | BATCH_RMSE=0.836010
  STEP 500/718 | TOTAL_LOSS=1.005007 | REG_LOSS=0.588808 | STDCLIP_LOSS=3.467610 | PCL_LOSS=0.694378 | MEAN_GATE=0.6433 | BATCH_RMSE=0.767339
  STEP 600/718 | TOTAL_LOSS=0.830642 | REG_LOSS=0.455738 | STDCLIP_LOSS=3.465281 | PCL_LOSS=0.283767 | MEAN_GATE=0.6858 | BATCH_RMSE=0.675083
  STEP 700/718 | TOTAL_LOSS=0.765203 | REG_LOSS=0.390589 | STDCLIP_LOSS=3.465991 | PCL_LOSS=0.280148 | MEAN_GATE=0.6646 | BATCH_RMSE=0.624971
[EPOCH 022/030] TRAIN: TOTAL=0.916825 | REG=0.526443 | STDCLIP=3.465349 | PCL=0.438466 | RMSE=0.725564 | MAE=0.492038 | CI=0.786735 | RM2=0.336286
[EPOCH 022/030] VAL  : TOTAL=0.830340 | REG=0.445948 | STDCLIP=3.463755 | PCL=0.380166 | RMSE=0.667794 | MAE=0.416977 | CI=0.829006 | RM2=0.409190
  SAVED NEW BEST MODEL | EPOCH=022 | BEST_VAL_RMSE=0.667794 | BEST_VAL_MAE=0.416977 | BEST_VAL_CI=0.829006 | BEST_VAL_RM2=0.409190

EPOCH 23/30
  STEP 100/718 | TOTAL_LOSS=0.576641 | REG_LOSS=0.199684 | STDCLIP_LOSS=3.470697 | PCL_LOSS=0.298868 | MEAN_GATE=0.6731 | BATCH_RMSE=0.446861
  STEP 200/718 | TOTAL_LOSS=0.931081 | REG_LOSS=0.547314 | STDCLIP_LOSS=3.465014 | PCL_LOSS=0.372656 | MEAN_GATE=0.6408 | BATCH_RMSE=0.739807
  STEP 300/718 | TOTAL_LOSS=0.713420 | REG_LOSS=0.339685 | STDCLIP_LOSS=3.463183 | PCL_LOSS=0.274171 | MEAN_GATE=0.6501 | BATCH_RMSE=0.582825
  STEP 400/718 | TOTAL_LOSS=1.422024 | REG_LOSS=1.030451 | STDCLIP_LOSS=3.464638 | PCL_LOSS=0.451086 | MEAN_GATE=0.6365 | BATCH_RMSE=1.015111
  STEP 500/718 | TOTAL_LOSS=0.896656 | REG_LOSS=0.504208 | STDCLIP_LOSS=3.466408 | PCL_LOSS=0.458078 | MEAN_GATE=0.6985 | BATCH_RMSE=0.710076
  STEP 600/718 | TOTAL_LOSS=0.585966 | REG_LOSS=0.207984 | STDCLIP_LOSS=3.465892 | PCL_LOSS=0.313926 | MEAN_GATE=0.6536 | BATCH_RMSE=0.456053
  STEP 700/718 | TOTAL_LOSS=1.091673 | REG_LOSS=0.700639 | STDCLIP_LOSS=3.462317 | PCL_LOSS=0.448017 | MEAN_GATE=0.7060 | BATCH_RMSE=0.837042
[EPOCH 023/030] TRAIN: TOTAL=0.919563 | REG=0.527133 | STDCLIP=3.465327 | PCL=0.458971 | RMSE=0.726039 | MAE=0.491322 | CI=0.786709 | RM2=0.335379
[EPOCH 023/030] VAL  : TOTAL=0.811975 | REG=0.438300 | STDCLIP=3.463726 | PCL=0.273025 | RMSE=0.662042 | MAE=0.423404 | CI=0.829450 | RM2=0.431972
  SAVED NEW BEST MODEL | EPOCH=023 | BEST_VAL_RMSE=0.662042 | BEST_VAL_MAE=0.423404 | BEST_VAL_CI=0.829450 | BEST_VAL_RM2=0.431972

EPOCH 24/30
  STEP 100/718 | TOTAL_LOSS=1.328098 | REG_LOSS=0.935489 | STDCLIP_LOSS=3.465777 | PCL_LOSS=0.460313 | MEAN_GATE=0.7119 | BATCH_RMSE=0.967207
  STEP 200/718 | TOTAL_LOSS=0.872808 | REG_LOSS=0.491696 | STDCLIP_LOSS=3.463735 | PCL_LOSS=0.347378 | MEAN_GATE=0.6319 | BATCH_RMSE=0.701211
  STEP 300/718 | TOTAL_LOSS=1.055656 | REG_LOSS=0.676352 | STDCLIP_LOSS=3.468198 | PCL_LOSS=0.324842 | MEAN_GATE=0.6436 | BATCH_RMSE=0.822406
  STEP 400/718 | TOTAL_LOSS=1.134074 | REG_LOSS=0.731395 | STDCLIP_LOSS=3.465355 | PCL_LOSS=0.561436 | MEAN_GATE=0.6992 | BATCH_RMSE=0.855216
  STEP 500/718 | TOTAL_LOSS=1.239389 | REG_LOSS=0.844542 | STDCLIP_LOSS=3.464437 | PCL_LOSS=0.484031 | MEAN_GATE=0.7028 | BATCH_RMSE=0.918990
  STEP 600/718 | TOTAL_LOSS=0.920919 | REG_LOSS=0.517136 | STDCLIP_LOSS=3.466035 | PCL_LOSS=0.571795 | MEAN_GATE=0.6473 | BATCH_RMSE=0.719122
  STEP 700/718 | TOTAL_LOSS=0.848697 | REG_LOSS=0.475040 | STDCLIP_LOSS=3.466548 | PCL_LOSS=0.270025 | MEAN_GATE=0.6981 | BATCH_RMSE=0.689231
[EPOCH 024/030] TRAIN: TOTAL=0.911902 | REG=0.521504 | STDCLIP=3.465344 | PCL=0.438634 | RMSE=0.722152 | MAE=0.488252 | CI=0.790278 | RM2=0.341504
[EPOCH 024/030] VAL  : TOTAL=0.827547 | REG=0.452433 | STDCLIP=3.463729 | PCL=0.287402 | RMSE=0.672632 | MAE=0.405650 | CI=0.825763 | RM2=0.421057

EPOCH 25/30
  STEP 100/718 | TOTAL_LOSS=0.729523 | REG_LOSS=0.332509 | STDCLIP_LOSS=3.465041 | PCL_LOSS=0.505099 | MEAN_GATE=0.6728 | BATCH_RMSE=0.576636
  STEP 200/718 | TOTAL_LOSS=0.635260 | REG_LOSS=0.256686 | STDCLIP_LOSS=3.466777 | PCL_LOSS=0.318962 | MEAN_GATE=0.6674 | BATCH_RMSE=0.506642
  STEP 300/718 | TOTAL_LOSS=0.920999 | REG_LOSS=0.555346 | STDCLIP_LOSS=3.464865 | PCL_LOSS=0.191669 | MEAN_GATE=0.6968 | BATCH_RMSE=0.745215
  STEP 400/718 | TOTAL_LOSS=0.694493 | REG_LOSS=0.293751 | STDCLIP_LOSS=3.469385 | PCL_LOSS=0.538035 | MEAN_GATE=0.6631 | BATCH_RMSE=0.541988
  STEP 500/718 | TOTAL_LOSS=1.463691 | REG_LOSS=1.041950 | STDCLIP_LOSS=3.466503 | PCL_LOSS=0.750904 | MEAN_GATE=0.6648 | BATCH_RMSE=1.020760
  STEP 600/718 | TOTAL_LOSS=0.659227 | REG_LOSS=0.277622 | STDCLIP_LOSS=3.468243 | PCL_LOSS=0.347807 | MEAN_GATE=0.6306 | BATCH_RMSE=0.526898
  STEP 700/718 | TOTAL_LOSS=0.601273 | REG_LOSS=0.213333 | STDCLIP_LOSS=3.464196 | PCL_LOSS=0.415206 | MEAN_GATE=0.7193 | BATCH_RMSE=0.461880
[EPOCH 025/030] TRAIN: TOTAL=0.909155 | REG=0.517557 | STDCLIP=3.465294 | PCL=0.450692 | RMSE=0.719414 | MAE=0.484760 | CI=0.791919 | RM2=0.346194
[EPOCH 025/030] VAL  : TOTAL=0.812023 | REG=0.437044 | STDCLIP=3.463727 | PCL=0.286067 | RMSE=0.661093 | MAE=0.401662 | CI=0.831116 | RM2=0.436869
  SAVED NEW BEST MODEL | EPOCH=025 | BEST_VAL_RMSE=0.661093 | BEST_VAL_MAE=0.401662 | BEST_VAL_CI=0.831116 | BEST_VAL_RM2=0.436869

EPOCH 26/30
  STEP 100/718 | TOTAL_LOSS=0.805409 | REG_LOSS=0.423574 | STDCLIP_LOSS=3.465514 | PCL_LOSS=0.352839 | MEAN_GATE=0.6598 | BATCH_RMSE=0.650826
  STEP 200/718 | TOTAL_LOSS=0.883612 | REG_LOSS=0.466271 | STDCLIP_LOSS=3.466733 | PCL_LOSS=0.706677 | MEAN_GATE=0.6951 | BATCH_RMSE=0.682840
  STEP 300/718 | TOTAL_LOSS=0.799071 | REG_LOSS=0.415099 | STDCLIP_LOSS=3.463912 | PCL_LOSS=0.375807 | MEAN_GATE=0.6522 | BATCH_RMSE=0.644282
  STEP 400/718 | TOTAL_LOSS=0.615401 | REG_LOSS=0.213052 | STDCLIP_LOSS=3.466016 | PCL_LOSS=0.557474 | MEAN_GATE=0.6320 | BATCH_RMSE=0.461575
  STEP 500/718 | TOTAL_LOSS=0.864182 | REG_LOSS=0.466444 | STDCLIP_LOSS=3.465891 | PCL_LOSS=0.511495 | MEAN_GATE=0.6650 | BATCH_RMSE=0.682967
  STEP 600/718 | TOTAL_LOSS=1.078386 | REG_LOSS=0.690974 | STDCLIP_LOSS=3.466331 | PCL_LOSS=0.407787 | MEAN_GATE=0.7015 | BATCH_RMSE=0.831249
  STEP 700/718 | TOTAL_LOSS=0.721194 | REG_LOSS=0.338051 | STDCLIP_LOSS=3.465723 | PCL_LOSS=0.365712 | MEAN_GATE=0.6906 | BATCH_RMSE=0.581421
[EPOCH 026/030] TRAIN: TOTAL=0.908136 | REG=0.520118 | STDCLIP=3.465312 | PCL=0.414865 | RMSE=0.721192 | MAE=0.486980 | CI=0.788713 | RM2=0.342915
[EPOCH 026/030] VAL  : TOTAL=0.809617 | REG=0.437962 | STDCLIP=3.463792 | PCL=0.252760 | RMSE=0.661787 | MAE=0.416284 | CI=0.830012 | RM2=0.417475

EPOCH 27/30
  STEP 100/718 | TOTAL_LOSS=0.999074 | REG_LOSS=0.613713 | STDCLIP_LOSS=3.464792 | PCL_LOSS=0.388820 | MEAN_GATE=0.6288 | BATCH_RMSE=0.783399
  STEP 200/718 | TOTAL_LOSS=0.665873 | REG_LOSS=0.278127 | STDCLIP_LOSS=3.467892 | PCL_LOSS=0.409571 | MEAN_GATE=0.6482 | BATCH_RMSE=0.527377
  STEP 300/718 | TOTAL_LOSS=0.668915 | REG_LOSS=0.283095 | STDCLIP_LOSS=3.465141 | PCL_LOSS=0.393057 | MEAN_GATE=0.6718 | BATCH_RMSE=0.532067
  STEP 400/718 | TOTAL_LOSS=0.709785 | REG_LOSS=0.336397 | STDCLIP_LOSS=3.466832 | PCL_LOSS=0.267049 | MEAN_GATE=0.6077 | BATCH_RMSE=0.579997
  STEP 500/718 | TOTAL_LOSS=0.936106 | REG_LOSS=0.531958 | STDCLIP_LOSS=3.465168 | PCL_LOSS=0.576308 | MEAN_GATE=0.6202 | BATCH_RMSE=0.729355
  STEP 600/718 | TOTAL_LOSS=0.809985 | REG_LOSS=0.422027 | STDCLIP_LOSS=3.467772 | PCL_LOSS=0.411808 | MEAN_GATE=0.6536 | BATCH_RMSE=0.649636
  STEP 700/718 | TOTAL_LOSS=0.812527 | REG_LOSS=0.428592 | STDCLIP_LOSS=3.465542 | PCL_LOSS=0.373802 | MEAN_GATE=0.6564 | BATCH_RMSE=0.654670
[EPOCH 027/030] TRAIN: TOTAL=0.902067 | REG=0.514961 | STDCLIP=3.465322 | PCL=0.405738 | RMSE=0.717608 | MAE=0.485763 | CI=0.790170 | RM2=0.349015
[EPOCH 027/030] VAL  : TOTAL=0.837018 | REG=0.465744 | STDCLIP=3.463701 | PCL=0.249040 | RMSE=0.682454 | MAE=0.416734 | CI=0.831407 | RM2=0.445762

EPOCH 28/30
  STEP 100/718 | TOTAL_LOSS=1.093300 | REG_LOSS=0.694468 | STDCLIP_LOSS=3.466170 | PCL_LOSS=0.522143 | MEAN_GATE=0.6425 | BATCH_RMSE=0.833348
  STEP 200/718 | TOTAL_LOSS=0.676671 | REG_LOSS=0.290710 | STDCLIP_LOSS=3.465468 | PCL_LOSS=0.394133 | MEAN_GATE=0.6387 | BATCH_RMSE=0.539176
  STEP 300/718 | TOTAL_LOSS=0.761105 | REG_LOSS=0.368043 | STDCLIP_LOSS=3.465335 | PCL_LOSS=0.465286 | MEAN_GATE=0.6905 | BATCH_RMSE=0.606666
  STEP 400/718 | TOTAL_LOSS=0.969994 | REG_LOSS=0.560986 | STDCLIP_LOSS=3.465247 | PCL_LOSS=0.624837 | MEAN_GATE=0.6706 | BATCH_RMSE=0.748990
  STEP 500/718 | TOTAL_LOSS=0.738398 | REG_LOSS=0.337139 | STDCLIP_LOSS=3.465634 | PCL_LOSS=0.546958 | MEAN_GATE=0.6682 | BATCH_RMSE=0.580637
  STEP 600/718 | TOTAL_LOSS=0.722692 | REG_LOSS=0.341928 | STDCLIP_LOSS=3.467012 | PCL_LOSS=0.340627 | MEAN_GATE=0.6383 | BATCH_RMSE=0.584747
  STEP 700/718 | TOTAL_LOSS=0.801629 | REG_LOSS=0.413783 | STDCLIP_LOSS=3.465346 | PCL_LOSS=0.413113 | MEAN_GATE=0.6473 | BATCH_RMSE=0.643259
[EPOCH 028/030] TRAIN: TOTAL=0.892700 | REG=0.507021 | STDCLIP=3.465298 | PCL=0.391488 | RMSE=0.712054 | MAE=0.481832 | CI=0.794120 | RM2=0.357645
[EPOCH 028/030] VAL  : TOTAL=0.837035 | REG=0.466755 | STDCLIP=3.463759 | PCL=0.239044 | RMSE=0.683195 | MAE=0.396969 | CI=0.827031 | RM2=0.416376

EPOCH 29/30
  STEP 100/718 | TOTAL_LOSS=0.916254 | REG_LOSS=0.500408 | STDCLIP_LOSS=3.464190 | PCL_LOSS=0.694274 | MEAN_GATE=0.6646 | BATCH_RMSE=0.707395
  STEP 200/718 | TOTAL_LOSS=0.932618 | REG_LOSS=0.548787 | STDCLIP_LOSS=3.464666 | PCL_LOSS=0.373638 | MEAN_GATE=0.6620 | BATCH_RMSE=0.740802
  STEP 300/718 | TOTAL_LOSS=0.924584 | REG_LOSS=0.551945 | STDCLIP_LOSS=3.463516 | PCL_LOSS=0.262883 | MEAN_GATE=0.7032 | BATCH_RMSE=0.742930
  STEP 400/718 | TOTAL_LOSS=0.900102 | REG_LOSS=0.494098 | STDCLIP_LOSS=3.464053 | PCL_LOSS=0.595983 | MEAN_GATE=0.6670 | BATCH_RMSE=0.702921
  STEP 500/718 | TOTAL_LOSS=1.094051 | REG_LOSS=0.707044 | STDCLIP_LOSS=3.464187 | PCL_LOSS=0.405880 | MEAN_GATE=0.6579 | BATCH_RMSE=0.840859
  STEP 600/718 | TOTAL_LOSS=0.762251 | REG_LOSS=0.380103 | STDCLIP_LOSS=3.468733 | PCL_LOSS=0.352746 | MEAN_GATE=0.6495 | BATCH_RMSE=0.616525
  STEP 700/718 | TOTAL_LOSS=0.743978 | REG_LOSS=0.353993 | STDCLIP_LOSS=3.464700 | PCL_LOSS=0.435150 | MEAN_GATE=0.6938 | BATCH_RMSE=0.594973
[EPOCH 029/030] TRAIN: TOTAL=0.895275 | REG=0.509553 | STDCLIP=3.465255 | PCL=0.391956 | RMSE=0.713830 | MAE=0.481833 | CI=0.795227 | RM2=0.355553
[EPOCH 029/030] VAL  : TOTAL=0.805276 | REG=0.433336 | STDCLIP=3.463721 | PCL=0.255686 | RMSE=0.658282 | MAE=0.443583 | CI=0.830192 | RM2=0.463435
  SAVED NEW BEST MODEL | EPOCH=029 | BEST_VAL_RMSE=0.658282 | BEST_VAL_MAE=0.443583 | BEST_VAL_CI=0.830192 | BEST_VAL_RM2=0.463435

EPOCH 30/30
  STEP 100/718 | TOTAL_LOSS=0.807427 | REG_LOSS=0.423196 | STDCLIP_LOSS=3.465715 | PCL_LOSS=0.376592 | MEAN_GATE=0.6125 | BATCH_RMSE=0.650535
  STEP 200/718 | TOTAL_LOSS=1.403417 | REG_LOSS=1.020305 | STDCLIP_LOSS=3.468750 | PCL_LOSS=0.362369 | MEAN_GATE=0.6597 | BATCH_RMSE=1.010101
  STEP 300/718 | TOTAL_LOSS=1.466939 | REG_LOSS=1.089372 | STDCLIP_LOSS=3.466511 | PCL_LOSS=0.309165 | MEAN_GATE=0.6471 | BATCH_RMSE=1.043730
  STEP 400/718 | TOTAL_LOSS=0.993475 | REG_LOSS=0.581349 | STDCLIP_LOSS=3.465732 | PCL_LOSS=0.655529 | MEAN_GATE=0.6765 | BATCH_RMSE=0.762463
  STEP 500/718 | TOTAL_LOSS=0.912967 | REG_LOSS=0.507317 | STDCLIP_LOSS=3.466584 | PCL_LOSS=0.589918 | MEAN_GATE=0.6170 | BATCH_RMSE=0.712262
  STEP 600/718 | TOTAL_LOSS=0.780297 | REG_LOSS=0.386700 | STDCLIP_LOSS=3.466723 | PCL_LOSS=0.469248 | MEAN_GATE=0.6251 | BATCH_RMSE=0.621852
  STEP 700/718 | TOTAL_LOSS=1.134480 | REG_LOSS=0.734042 | STDCLIP_LOSS=3.467099 | PCL_LOSS=0.537284 | MEAN_GATE=0.6921 | BATCH_RMSE=0.856762
[EPOCH 030/030] TRAIN: TOTAL=0.892119 | REG=0.506995 | STDCLIP=3.465321 | PCL=0.385912 | RMSE=0.712036 | MAE=0.479373 | CI=0.793639 | RM2=0.357970
[EPOCH 030/030] VAL  : TOTAL=0.800437 | REG=0.429635 | STDCLIP=3.463783 | PCL=0.244239 | RMSE=0.655466 | MAE=0.416353 | CI=0.825672 | RM2=0.446410
  SAVED NEW BEST MODEL | EPOCH=030 | BEST_VAL_RMSE=0.655466 | BEST_VAL_MAE=0.416353 | BEST_VAL_CI=0.825672 | BEST_VAL_RM2=0.446410

TRAINING FINISHED.
BEST MODEL SUMMARY | EPOCH=030 | VAL_RMSE=0.655466 | VAL_MAE=0.416353 | VAL_CI=0.825672 | VAL_RM2=0.446410
SAVED OUTPUTS TO: outputs/stdclip_pcl_sweeps/stdclip_pcl_sweep_20260418_170828/bs32_lr0.0003_lc0.1_lp0.1_temp0.07_pt0.07
