Using device: cuda
[DavisDatasetP13D] input pairs: 30056
[DavisDatasetP13D] kept pairs : 28696
[DavisDatasetP13D] missing counts: {'drug_1d': 0, 'drug_2d': 0, 'protein_1d': 0, 'protein_3d': 1360}
TOTAL SIZE: 28696
TRAIN SIZE: 22956
VAL SIZE: 5740
SPLIT JSON: data/splits/davis_fixed_split_size2.json
MODEL: standard CLIP between drug and protein on top of p13d backbone

EPOCH 1/30
  STEP 200/2870 | TOTAL_LOSS=0.471336 | REG_LOSS=0.262095 | CLIP_LOSS=2.092413 | BATCH_RMSE=0.511952
  STEP 400/2870 | TOTAL_LOSS=0.487131 | REG_LOSS=0.279126 | CLIP_LOSS=2.080055 | BATCH_RMSE=0.528324
  STEP 600/2870 | TOTAL_LOSS=0.567968 | REG_LOSS=0.358721 | CLIP_LOSS=2.092464 | BATCH_RMSE=0.598933
  STEP 800/2870 | TOTAL_LOSS=0.346879 | REG_LOSS=0.138714 | CLIP_LOSS=2.081648 | BATCH_RMSE=0.372444
  STEP 1000/2870 | TOTAL_LOSS=1.746287 | REG_LOSS=1.539487 | CLIP_LOSS=2.067996 | BATCH_RMSE=1.240761
  STEP 1200/2870 | TOTAL_LOSS=2.611082 | REG_LOSS=2.400670 | CLIP_LOSS=2.104120 | BATCH_RMSE=1.549410
  STEP 1400/2870 | TOTAL_LOSS=2.082500 | REG_LOSS=1.872671 | CLIP_LOSS=2.098288 | BATCH_RMSE=1.368456
  STEP 1600/2870 | TOTAL_LOSS=2.180690 | REG_LOSS=1.973325 | CLIP_LOSS=2.073648 | BATCH_RMSE=1.404751
  STEP 1800/2870 | TOTAL_LOSS=0.441561 | REG_LOSS=0.233650 | CLIP_LOSS=2.079114 | BATCH_RMSE=0.483373
  STEP 2000/2870 | TOTAL_LOSS=0.517325 | REG_LOSS=0.308770 | CLIP_LOSS=2.085545 | BATCH_RMSE=0.555671
  STEP 2200/2870 | TOTAL_LOSS=0.470125 | REG_LOSS=0.264401 | CLIP_LOSS=2.057242 | BATCH_RMSE=0.514199
  STEP 2400/2870 | TOTAL_LOSS=0.271899 | REG_LOSS=0.064128 | CLIP_LOSS=2.077713 | BATCH_RMSE=0.253234
  STEP 2600/2870 | TOTAL_LOSS=1.184628 | REG_LOSS=0.974973 | CLIP_LOSS=2.096546 | BATCH_RMSE=0.987407
  STEP 2800/2870 | TOTAL_LOSS=0.982649 | REG_LOSS=0.776775 | CLIP_LOSS=2.058740 | BATCH_RMSE=0.881348
[EPOCH 001/030] TRAIN: TOTAL=1.096960 | REG=0.888776 | CLIP=2.081840 | MSE=0.888776 | RMSE=0.942749 | MAE=0.639469 | CI=0.679489 | RM2=0.087424
[EPOCH 001/030] VAL  : TOTAL=0.775684 | REG=0.567791 | CLIP=2.078928 | MSE=0.567791 | RMSE=0.753519 | MAE=0.492647 | CI=0.775985 | RM2=0.276114
  SAVED NEW BEST MODEL | EPOCH=001 | BEST_VAL_MSE=0.567791 | BEST_VAL_RMSE=0.753519 | BEST_VAL_MAE=0.492647 | BEST_VAL_CI=0.775985 | BEST_VAL_RM2=0.276114

EPOCH 2/30
  STEP 200/2870 | TOTAL_LOSS=1.087217 | REG_LOSS=0.878273 | CLIP_LOSS=2.089443 | BATCH_RMSE=0.937162
  STEP 400/2870 | TOTAL_LOSS=1.126810 | REG_LOSS=0.919927 | CLIP_LOSS=2.068834 | BATCH_RMSE=0.959128
  STEP 600/2870 | TOTAL_LOSS=3.206058 | REG_LOSS=2.999300 | CLIP_LOSS=2.067573 | BATCH_RMSE=1.731849
  STEP 800/2870 | TOTAL_LOSS=1.182509 | REG_LOSS=0.976882 | CLIP_LOSS=2.056274 | BATCH_RMSE=0.988373
  STEP 1000/2870 | TOTAL_LOSS=0.496709 | REG_LOSS=0.287410 | CLIP_LOSS=2.092992 | BATCH_RMSE=0.536107
  STEP 1200/2870 | TOTAL_LOSS=0.488218 | REG_LOSS=0.278440 | CLIP_LOSS=2.097782 | BATCH_RMSE=0.527674
  STEP 1400/2870 | TOTAL_LOSS=0.579930 | REG_LOSS=0.373631 | CLIP_LOSS=2.062981 | BATCH_RMSE=0.611254
  STEP 1600/2870 | TOTAL_LOSS=0.759100 | REG_LOSS=0.551030 | CLIP_LOSS=2.080705 | BATCH_RMSE=0.742314
  STEP 1800/2870 | TOTAL_LOSS=1.433206 | REG_LOSS=1.225345 | CLIP_LOSS=2.078610 | BATCH_RMSE=1.106953
  STEP 2000/2870 | TOTAL_LOSS=2.346508 | REG_LOSS=2.140163 | CLIP_LOSS=2.063446 | BATCH_RMSE=1.462930
  STEP 2200/2870 | TOTAL_LOSS=0.415329 | REG_LOSS=0.206870 | CLIP_LOSS=2.084588 | BATCH_RMSE=0.454830
  STEP 2400/2870 | TOTAL_LOSS=0.335743 | REG_LOSS=0.126588 | CLIP_LOSS=2.091551 | BATCH_RMSE=0.355792
  STEP 2600/2870 | TOTAL_LOSS=0.892956 | REG_LOSS=0.684549 | CLIP_LOSS=2.084069 | BATCH_RMSE=0.827375
  STEP 2800/2870 | TOTAL_LOSS=0.511958 | REG_LOSS=0.303586 | CLIP_LOSS=2.083726 | BATCH_RMSE=0.550986
[EPOCH 002/030] TRAIN: TOTAL=0.902371 | REG=0.694356 | CLIP=2.080152 | MSE=0.694356 | RMSE=0.833280 | MAE=0.581037 | CI=0.720794 | RM2=0.171886
[EPOCH 002/030] VAL  : TOTAL=0.768864 | REG=0.560963 | CLIP=2.079008 | MSE=0.560963 | RMSE=0.748975 | MAE=0.481494 | CI=0.776446 | RM2=0.275594
  SAVED NEW BEST MODEL | EPOCH=002 | BEST_VAL_MSE=0.560963 | BEST_VAL_RMSE=0.748975 | BEST_VAL_MAE=0.481494 | BEST_VAL_CI=0.776446 | BEST_VAL_RM2=0.275594

EPOCH 3/30
  STEP 200/2870 | TOTAL_LOSS=0.753475 | REG_LOSS=0.546329 | CLIP_LOSS=2.071460 | BATCH_RMSE=0.739141
  STEP 400/2870 | TOTAL_LOSS=0.735354 | REG_LOSS=0.525428 | CLIP_LOSS=2.099260 | BATCH_RMSE=0.724864
  STEP 600/2870 | TOTAL_LOSS=1.283399 | REG_LOSS=1.074929 | CLIP_LOSS=2.084693 | BATCH_RMSE=1.036788
  STEP 800/2870 | TOTAL_LOSS=0.610827 | REG_LOSS=0.403600 | CLIP_LOSS=2.072276 | BATCH_RMSE=0.635295
  STEP 1000/2870 | TOTAL_LOSS=0.656275 | REG_LOSS=0.446317 | CLIP_LOSS=2.099583 | BATCH_RMSE=0.668069
  STEP 1200/2870 | TOTAL_LOSS=0.740118 | REG_LOSS=0.534249 | CLIP_LOSS=2.058694 | BATCH_RMSE=0.730923
  STEP 1400/2870 | TOTAL_LOSS=0.587673 | REG_LOSS=0.380625 | CLIP_LOSS=2.070477 | BATCH_RMSE=0.616948
  STEP 1600/2870 | TOTAL_LOSS=1.675425 | REG_LOSS=1.467891 | CLIP_LOSS=2.075339 | BATCH_RMSE=1.211566
  STEP 1800/2870 | TOTAL_LOSS=2.307354 | REG_LOSS=2.099340 | CLIP_LOSS=2.080146 | BATCH_RMSE=1.448910
  STEP 2000/2870 | TOTAL_LOSS=1.826114 | REG_LOSS=1.618978 | CLIP_LOSS=2.071361 | BATCH_RMSE=1.272391
  STEP 2200/2870 | TOTAL_LOSS=1.582655 | REG_LOSS=1.375064 | CLIP_LOSS=2.075910 | BATCH_RMSE=1.172631
  STEP 2400/2870 | TOTAL_LOSS=0.865656 | REG_LOSS=0.656683 | CLIP_LOSS=2.089730 | BATCH_RMSE=0.810360
  STEP 2600/2870 | TOTAL_LOSS=0.607079 | REG_LOSS=0.398926 | CLIP_LOSS=2.081529 | BATCH_RMSE=0.631606
  STEP 2800/2870 | TOTAL_LOSS=1.472851 | REG_LOSS=1.262317 | CLIP_LOSS=2.105336 | BATCH_RMSE=1.123529
[EPOCH 003/030] TRAIN: TOTAL=0.875060 | REG=0.667085 | CLIP=2.079751 | MSE=0.667085 | RMSE=0.816753 | MAE=0.565110 | CI=0.728629 | RM2=0.194985
[EPOCH 003/030] VAL  : TOTAL=0.787428 | REG=0.579541 | CLIP=2.078875 | MSE=0.579541 | RMSE=0.761276 | MAE=0.587719 | CI=0.786851 | RM2=0.297063

EPOCH 4/30
  STEP 200/2870 | TOTAL_LOSS=0.454626 | REG_LOSS=0.245997 | CLIP_LOSS=2.086289 | BATCH_RMSE=0.495981
  STEP 400/2870 | TOTAL_LOSS=0.447927 | REG_LOSS=0.239516 | CLIP_LOSS=2.084104 | BATCH_RMSE=0.489404
  STEP 600/2870 | TOTAL_LOSS=3.001538 | REG_LOSS=2.793642 | CLIP_LOSS=2.078964 | BATCH_RMSE=1.671419
  STEP 800/2870 | TOTAL_LOSS=0.706408 | REG_LOSS=0.499522 | CLIP_LOSS=2.068857 | BATCH_RMSE=0.706769
  STEP 1000/2870 | TOTAL_LOSS=0.293884 | REG_LOSS=0.086354 | CLIP_LOSS=2.075308 | BATCH_RMSE=0.293860
  STEP 1200/2870 | TOTAL_LOSS=0.929919 | REG_LOSS=0.721551 | CLIP_LOSS=2.083685 | BATCH_RMSE=0.849441
  STEP 1400/2870 | TOTAL_LOSS=0.463102 | REG_LOSS=0.255910 | CLIP_LOSS=2.071922 | BATCH_RMSE=0.505876
  STEP 1600/2870 | TOTAL_LOSS=0.884279 | REG_LOSS=0.675475 | CLIP_LOSS=2.088039 | BATCH_RMSE=0.821873
  STEP 1800/2870 | TOTAL_LOSS=0.826429 | REG_LOSS=0.618083 | CLIP_LOSS=2.083456 | BATCH_RMSE=0.786183
  STEP 2000/2870 | TOTAL_LOSS=0.252541 | REG_LOSS=0.045035 | CLIP_LOSS=2.075062 | BATCH_RMSE=0.212213
  STEP 2200/2870 | TOTAL_LOSS=0.762884 | REG_LOSS=0.556154 | CLIP_LOSS=2.067297 | BATCH_RMSE=0.745757
  STEP 2400/2870 | TOTAL_LOSS=0.386209 | REG_LOSS=0.177355 | CLIP_LOSS=2.088539 | BATCH_RMSE=0.421135
  STEP 2600/2870 | TOTAL_LOSS=0.974934 | REG_LOSS=0.767052 | CLIP_LOSS=2.078821 | BATCH_RMSE=0.875815
  STEP 2800/2870 | TOTAL_LOSS=0.720523 | REG_LOSS=0.514015 | CLIP_LOSS=2.065084 | BATCH_RMSE=0.716948
[EPOCH 004/030] TRAIN: TOTAL=0.854747 | REG=0.646787 | CLIP=2.079596 | MSE=0.646787 | RMSE=0.804231 | MAE=0.555342 | CI=0.740015 | RM2=0.213572
[EPOCH 004/030] VAL  : TOTAL=0.711647 | REG=0.503709 | CLIP=2.079383 | MSE=0.503709 | RMSE=0.709725 | MAE=0.432831 | CI=0.798474 | RM2=0.358570
  SAVED NEW BEST MODEL | EPOCH=004 | BEST_VAL_MSE=0.503709 | BEST_VAL_RMSE=0.709725 | BEST_VAL_MAE=0.432831 | BEST_VAL_CI=0.798474 | BEST_VAL_RM2=0.358570

EPOCH 5/30
  STEP 200/2870 | TOTAL_LOSS=0.558051 | REG_LOSS=0.348746 | CLIP_LOSS=2.093047 | BATCH_RMSE=0.590547
  STEP 400/2870 | TOTAL_LOSS=1.431126 | REG_LOSS=1.222831 | CLIP_LOSS=2.082952 | BATCH_RMSE=1.105817
  STEP 600/2870 | TOTAL_LOSS=0.419122 | REG_LOSS=0.211500 | CLIP_LOSS=2.076218 | BATCH_RMSE=0.459891
  STEP 800/2870 | TOTAL_LOSS=0.605480 | REG_LOSS=0.397487 | CLIP_LOSS=2.079930 | BATCH_RMSE=0.630466
  STEP 1000/2870 | TOTAL_LOSS=0.251548 | REG_LOSS=0.043555 | CLIP_LOSS=2.079931 | BATCH_RMSE=0.208698
  STEP 1200/2870 | TOTAL_LOSS=0.865055 | REG_LOSS=0.658134 | CLIP_LOSS=2.069204 | BATCH_RMSE=0.811255
  STEP 1400/2870 | TOTAL_LOSS=0.295712 | REG_LOSS=0.087467 | CLIP_LOSS=2.082456 | BATCH_RMSE=0.295748
  STEP 1600/2870 | TOTAL_LOSS=1.565398 | REG_LOSS=1.356657 | CLIP_LOSS=2.087407 | BATCH_RMSE=1.164756
  STEP 1800/2870 | TOTAL_LOSS=0.395883 | REG_LOSS=0.188772 | CLIP_LOSS=2.071105 | BATCH_RMSE=0.434479
  STEP 2000/2870 | TOTAL_LOSS=0.598090 | REG_LOSS=0.389643 | CLIP_LOSS=2.084466 | BATCH_RMSE=0.624214
  STEP 2200/2870 | TOTAL_LOSS=2.529922 | REG_LOSS=2.321873 | CLIP_LOSS=2.080485 | BATCH_RMSE=1.523769
  STEP 2400/2870 | TOTAL_LOSS=0.963123 | REG_LOSS=0.753792 | CLIP_LOSS=2.093306 | BATCH_RMSE=0.868212
  STEP 2600/2870 | TOTAL_LOSS=1.286262 | REG_LOSS=1.078028 | CLIP_LOSS=2.082334 | BATCH_RMSE=1.038281
  STEP 2800/2870 | TOTAL_LOSS=0.541443 | REG_LOSS=0.333174 | CLIP_LOSS=2.082693 | BATCH_RMSE=0.577212
[EPOCH 005/030] TRAIN: TOTAL=0.842208 | REG=0.634263 | CLIP=2.079456 | MSE=0.634263 | RMSE=0.796406 | MAE=0.547548 | CI=0.744246 | RM2=0.225052
[EPOCH 005/030] VAL  : TOTAL=0.731226 | REG=0.523336 | CLIP=2.078895 | MSE=0.523336 | RMSE=0.723420 | MAE=0.469114 | CI=0.778695 | RM2=0.323738

EPOCH 6/30
  STEP 200/2870 | TOTAL_LOSS=0.778326 | REG_LOSS=0.570751 | CLIP_LOSS=2.075750 | BATCH_RMSE=0.755480
  STEP 400/2870 | TOTAL_LOSS=1.182230 | REG_LOSS=0.976460 | CLIP_LOSS=2.057699 | BATCH_RMSE=0.988160
  STEP 600/2870 | TOTAL_LOSS=1.128393 | REG_LOSS=0.920904 | CLIP_LOSS=2.074893 | BATCH_RMSE=0.959637
  STEP 800/2870 | TOTAL_LOSS=0.347293 | REG_LOSS=0.138955 | CLIP_LOSS=2.083381 | BATCH_RMSE=0.372766
  STEP 1000/2870 | TOTAL_LOSS=0.519287 | REG_LOSS=0.312210 | CLIP_LOSS=2.070770 | BATCH_RMSE=0.558758
  STEP 1200/2870 | TOTAL_LOSS=0.963601 | REG_LOSS=0.756110 | CLIP_LOSS=2.074910 | BATCH_RMSE=0.869546
  STEP 1400/2870 | TOTAL_LOSS=0.831412 | REG_LOSS=0.623741 | CLIP_LOSS=2.076702 | BATCH_RMSE=0.789773
  STEP 1600/2870 | TOTAL_LOSS=1.001693 | REG_LOSS=0.793682 | CLIP_LOSS=2.080118 | BATCH_RMSE=0.890888
  STEP 1800/2870 | TOTAL_LOSS=2.061084 | REG_LOSS=1.853500 | CLIP_LOSS=2.075833 | BATCH_RMSE=1.361433
  STEP 2000/2870 | TOTAL_LOSS=0.485327 | REG_LOSS=0.276492 | CLIP_LOSS=2.088352 | BATCH_RMSE=0.525825
  STEP 2200/2870 | TOTAL_LOSS=0.375925 | REG_LOSS=0.167999 | CLIP_LOSS=2.079255 | BATCH_RMSE=0.409877
  STEP 2400/2870 | TOTAL_LOSS=1.641598 | REG_LOSS=1.433357 | CLIP_LOSS=2.082407 | BATCH_RMSE=1.197229
  STEP 2600/2870 | TOTAL_LOSS=0.952818 | REG_LOSS=0.745239 | CLIP_LOSS=2.075792 | BATCH_RMSE=0.863272
  STEP 2800/2870 | TOTAL_LOSS=0.784495 | REG_LOSS=0.578469 | CLIP_LOSS=2.060261 | BATCH_RMSE=0.760571
[EPOCH 006/030] TRAIN: TOTAL=0.831781 | REG=0.623828 | CLIP=2.079521 | MSE=0.623828 | RMSE=0.789828 | MAE=0.542466 | CI=0.751354 | RM2=0.235012
[EPOCH 006/030] VAL  : TOTAL=0.791677 | REG=0.583772 | CLIP=2.079048 | MSE=0.583772 | RMSE=0.764050 | MAE=0.460315 | CI=0.805672 | RM2=0.353523

EPOCH 7/30
  STEP 200/2870 | TOTAL_LOSS=0.304254 | REG_LOSS=0.095457 | CLIP_LOSS=2.087968 | BATCH_RMSE=0.308961
  STEP 400/2870 | TOTAL_LOSS=0.918408 | REG_LOSS=0.711484 | CLIP_LOSS=2.069238 | BATCH_RMSE=0.843495
  STEP 600/2870 | TOTAL_LOSS=1.837176 | REG_LOSS=1.629946 | CLIP_LOSS=2.072291 | BATCH_RMSE=1.276694
  STEP 800/2870 | TOTAL_LOSS=3.253138 | REG_LOSS=3.045970 | CLIP_LOSS=2.071681 | BATCH_RMSE=1.745271
  STEP 1000/2870 | TOTAL_LOSS=0.730834 | REG_LOSS=0.523661 | CLIP_LOSS=2.071729 | BATCH_RMSE=0.723644
  STEP 1200/2870 | TOTAL_LOSS=0.448686 | REG_LOSS=0.239538 | CLIP_LOSS=2.091475 | BATCH_RMSE=0.489426
  STEP 1400/2870 | TOTAL_LOSS=0.458768 | REG_LOSS=0.249732 | CLIP_LOSS=2.090361 | BATCH_RMSE=0.499732
  STEP 1600/2870 | TOTAL_LOSS=0.311176 | REG_LOSS=0.101475 | CLIP_LOSS=2.097009 | BATCH_RMSE=0.318552
  STEP 1800/2870 | TOTAL_LOSS=0.385185 | REG_LOSS=0.177087 | CLIP_LOSS=2.080989 | BATCH_RMSE=0.420816
  STEP 2000/2870 | TOTAL_LOSS=0.714951 | REG_LOSS=0.507274 | CLIP_LOSS=2.076770 | BATCH_RMSE=0.712232
  STEP 2200/2870 | TOTAL_LOSS=0.438134 | REG_LOSS=0.230158 | CLIP_LOSS=2.079766 | BATCH_RMSE=0.479748
  STEP 2400/2870 | TOTAL_LOSS=0.655442 | REG_LOSS=0.447218 | CLIP_LOSS=2.082246 | BATCH_RMSE=0.668743
  STEP 2600/2870 | TOTAL_LOSS=0.277182 | REG_LOSS=0.068742 | CLIP_LOSS=2.084406 | BATCH_RMSE=0.262186
  STEP 2800/2870 | TOTAL_LOSS=0.352016 | REG_LOSS=0.144169 | CLIP_LOSS=2.078473 | BATCH_RMSE=0.379695
[EPOCH 007/030] TRAIN: TOTAL=0.821265 | REG=0.613312 | CLIP=2.079531 | MSE=0.613312 | RMSE=0.783142 | MAE=0.535537 | CI=0.755390 | RM2=0.245024
[EPOCH 007/030] VAL  : TOTAL=0.773448 | REG=0.565550 | CLIP=2.078985 | MSE=0.565550 | RMSE=0.752030 | MAE=0.466214 | CI=0.784306 | RM2=0.336767

EPOCH 8/30
  STEP 200/2870 | TOTAL_LOSS=0.518075 | REG_LOSS=0.309173 | CLIP_LOSS=2.089020 | BATCH_RMSE=0.556033
  STEP 400/2870 | TOTAL_LOSS=0.391881 | REG_LOSS=0.184715 | CLIP_LOSS=2.071663 | BATCH_RMSE=0.429785
  STEP 600/2870 | TOTAL_LOSS=0.432226 | REG_LOSS=0.224283 | CLIP_LOSS=2.079433 | BATCH_RMSE=0.473585
  STEP 800/2870 | TOTAL_LOSS=0.380645 | REG_LOSS=0.172779 | CLIP_LOSS=2.078659 | BATCH_RMSE=0.415667
  STEP 1000/2870 | TOTAL_LOSS=0.507583 | REG_LOSS=0.299792 | CLIP_LOSS=2.077901 | BATCH_RMSE=0.547533
  STEP 1200/2870 | TOTAL_LOSS=1.001164 | REG_LOSS=0.791408 | CLIP_LOSS=2.097558 | BATCH_RMSE=0.889611
  STEP 1400/2870 | TOTAL_LOSS=0.741397 | REG_LOSS=0.533691 | CLIP_LOSS=2.077062 | BATCH_RMSE=0.730542
  STEP 1600/2870 | TOTAL_LOSS=0.607741 | REG_LOSS=0.399258 | CLIP_LOSS=2.084826 | BATCH_RMSE=0.631869
  STEP 1800/2870 | TOTAL_LOSS=0.617513 | REG_LOSS=0.409746 | CLIP_LOSS=2.077674 | BATCH_RMSE=0.640114
  STEP 2000/2870 | TOTAL_LOSS=0.893120 | REG_LOSS=0.681729 | CLIP_LOSS=2.113909 | BATCH_RMSE=0.825669
  STEP 2200/2870 | TOTAL_LOSS=0.547420 | REG_LOSS=0.338208 | CLIP_LOSS=2.092118 | BATCH_RMSE=0.581557
  STEP 2400/2870 | TOTAL_LOSS=2.396725 | REG_LOSS=2.187827 | CLIP_LOSS=2.088980 | BATCH_RMSE=1.479130
  STEP 2600/2870 | TOTAL_LOSS=0.749410 | REG_LOSS=0.539917 | CLIP_LOSS=2.094934 | BATCH_RMSE=0.734790
  STEP 2800/2870 | TOTAL_LOSS=0.567481 | REG_LOSS=0.359362 | CLIP_LOSS=2.081194 | BATCH_RMSE=0.599468
[EPOCH 008/030] TRAIN: TOTAL=0.812926 | REG=0.604985 | CLIP=2.079408 | MSE=0.604985 | RMSE=0.777808 | MAE=0.533542 | CI=0.757610 | RM2=0.253031
[EPOCH 008/030] VAL  : TOTAL=0.736545 | REG=0.528624 | CLIP=2.079214 | MSE=0.528624 | RMSE=0.727065 | MAE=0.523403 | CI=0.806411 | RM2=0.368581

EPOCH 9/30
  STEP 200/2870 | TOTAL_LOSS=1.884529 | REG_LOSS=1.676474 | CLIP_LOSS=2.080550 | BATCH_RMSE=1.294787
  STEP 400/2870 | TOTAL_LOSS=0.625446 | REG_LOSS=0.418468 | CLIP_LOSS=2.069774 | BATCH_RMSE=0.646891
  STEP 600/2870 | TOTAL_LOSS=0.361930 | REG_LOSS=0.154683 | CLIP_LOSS=2.072476 | BATCH_RMSE=0.393297
  STEP 800/2870 | TOTAL_LOSS=0.566086 | REG_LOSS=0.357606 | CLIP_LOSS=2.084802 | BATCH_RMSE=0.598001
  STEP 1000/2870 | TOTAL_LOSS=0.231913 | REG_LOSS=0.024168 | CLIP_LOSS=2.077448 | BATCH_RMSE=0.155461
  STEP 1200/2870 | TOTAL_LOSS=1.134261 | REG_LOSS=0.925812 | CLIP_LOSS=2.084494 | BATCH_RMSE=0.962191
  STEP 1400/2870 | TOTAL_LOSS=1.532626 | REG_LOSS=1.325152 | CLIP_LOSS=2.074743 | BATCH_RMSE=1.151152
  STEP 1600/2870 | TOTAL_LOSS=0.656731 | REG_LOSS=0.448265 | CLIP_LOSS=2.084659 | BATCH_RMSE=0.669526
  STEP 1800/2870 | TOTAL_LOSS=0.911150 | REG_LOSS=0.703526 | CLIP_LOSS=2.076240 | BATCH_RMSE=0.838764
  STEP 2000/2870 | TOTAL_LOSS=0.498442 | REG_LOSS=0.290513 | CLIP_LOSS=2.079298 | BATCH_RMSE=0.538992
  STEP 2200/2870 | TOTAL_LOSS=0.335425 | REG_LOSS=0.128729 | CLIP_LOSS=2.066958 | BATCH_RMSE=0.358788
  STEP 2400/2870 | TOTAL_LOSS=0.582739 | REG_LOSS=0.373936 | CLIP_LOSS=2.088032 | BATCH_RMSE=0.611503
  STEP 2600/2870 | TOTAL_LOSS=0.923400 | REG_LOSS=0.715460 | CLIP_LOSS=2.079397 | BATCH_RMSE=0.845849
  STEP 2800/2870 | TOTAL_LOSS=1.622857 | REG_LOSS=1.414515 | CLIP_LOSS=2.083415 | BATCH_RMSE=1.189334
[EPOCH 009/030] TRAIN: TOTAL=0.803783 | REG=0.595821 | CLIP=2.079622 | MSE=0.595821 | RMSE=0.771894 | MAE=0.530035 | CI=0.762214 | RM2=0.262358
[EPOCH 009/030] VAL  : TOTAL=0.734209 | REG=0.526307 | CLIP=2.079023 | MSE=0.526307 | RMSE=0.725470 | MAE=0.436520 | CI=0.798727 | RM2=0.355236

EPOCH 10/30
  STEP 200/2870 | TOTAL_LOSS=0.371331 | REG_LOSS=0.163953 | CLIP_LOSS=2.073781 | BATCH_RMSE=0.404912
  STEP 400/2870 | TOTAL_LOSS=0.489729 | REG_LOSS=0.282158 | CLIP_LOSS=2.075707 | BATCH_RMSE=0.531186
  STEP 600/2870 | TOTAL_LOSS=1.013597 | REG_LOSS=0.805560 | CLIP_LOSS=2.080364 | BATCH_RMSE=0.897530
  STEP 800/2870 | TOTAL_LOSS=0.284635 | REG_LOSS=0.076602 | CLIP_LOSS=2.080328 | BATCH_RMSE=0.276771
  STEP 1000/2870 | TOTAL_LOSS=2.104928 | REG_LOSS=1.896552 | CLIP_LOSS=2.083764 | BATCH_RMSE=1.377154
  STEP 1200/2870 | TOTAL_LOSS=0.501589 | REG_LOSS=0.294065 | CLIP_LOSS=2.075242 | BATCH_RMSE=0.542277
  STEP 1400/2870 | TOTAL_LOSS=0.498376 | REG_LOSS=0.290450 | CLIP_LOSS=2.079257 | BATCH_RMSE=0.538934
  STEP 1600/2870 | TOTAL_LOSS=0.530222 | REG_LOSS=0.322061 | CLIP_LOSS=2.081612 | BATCH_RMSE=0.567504
  STEP 1800/2870 | TOTAL_LOSS=0.315872 | REG_LOSS=0.107808 | CLIP_LOSS=2.080642 | BATCH_RMSE=0.328341
  STEP 2000/2870 | TOTAL_LOSS=0.753458 | REG_LOSS=0.545845 | CLIP_LOSS=2.076135 | BATCH_RMSE=0.738813
  STEP 2200/2870 | TOTAL_LOSS=0.352476 | REG_LOSS=0.144105 | CLIP_LOSS=2.083709 | BATCH_RMSE=0.379611
  STEP 2400/2870 | TOTAL_LOSS=0.985423 | REG_LOSS=0.777809 | CLIP_LOSS=2.076136 | BATCH_RMSE=0.881935
  STEP 2600/2870 | TOTAL_LOSS=0.800436 | REG_LOSS=0.593197 | CLIP_LOSS=2.072382 | BATCH_RMSE=0.770193
  STEP 2800/2870 | TOTAL_LOSS=1.447693 | REG_LOSS=1.239911 | CLIP_LOSS=2.077821 | BATCH_RMSE=1.113513
[EPOCH 010/030] TRAIN: TOTAL=0.792091 | REG=0.584137 | CLIP=2.079546 | MSE=0.584137 | RMSE=0.764288 | MAE=0.522448 | CI=0.765281 | RM2=0.274158
[EPOCH 010/030] VAL  : TOTAL=0.680604 | REG=0.472704 | CLIP=2.078999 | MSE=0.472704 | RMSE=0.687535 | MAE=0.439483 | CI=0.821295 | RM2=0.397446
  SAVED NEW BEST MODEL | EPOCH=010 | BEST_VAL_MSE=0.472704 | BEST_VAL_RMSE=0.687535 | BEST_VAL_MAE=0.439483 | BEST_VAL_CI=0.821295 | BEST_VAL_RM2=0.397446

EPOCH 11/30
  STEP 200/2870 | TOTAL_LOSS=3.309978 | REG_LOSS=3.101825 | CLIP_LOSS=2.081529 | BATCH_RMSE=1.761200
  STEP 400/2870 | TOTAL_LOSS=1.596619 | REG_LOSS=1.389270 | CLIP_LOSS=2.073492 | BATCH_RMSE=1.178673
  STEP 600/2870 | TOTAL_LOSS=0.434535 | REG_LOSS=0.226462 | CLIP_LOSS=2.080727 | BATCH_RMSE=0.475880
  STEP 800/2870 | TOTAL_LOSS=0.303026 | REG_LOSS=0.095453 | CLIP_LOSS=2.075732 | BATCH_RMSE=0.308954
  STEP 1000/2870 | TOTAL_LOSS=0.621163 | REG_LOSS=0.413485 | CLIP_LOSS=2.076782 | BATCH_RMSE=0.643028
  STEP 1200/2870 | TOTAL_LOSS=0.379520 | REG_LOSS=0.171673 | CLIP_LOSS=2.078475 | BATCH_RMSE=0.414334
  STEP 1400/2870 | TOTAL_LOSS=0.498617 | REG_LOSS=0.291690 | CLIP_LOSS=2.069275 | BATCH_RMSE=0.540083
  STEP 1600/2870 | TOTAL_LOSS=0.850919 | REG_LOSS=0.643117 | CLIP_LOSS=2.078025 | BATCH_RMSE=0.801946
  STEP 1800/2870 | TOTAL_LOSS=0.572470 | REG_LOSS=0.363770 | CLIP_LOSS=2.087000 | BATCH_RMSE=0.603134
  STEP 2000/2870 | TOTAL_LOSS=0.410367 | REG_LOSS=0.202543 | CLIP_LOSS=2.078238 | BATCH_RMSE=0.450048
  STEP 2200/2870 | TOTAL_LOSS=1.611312 | REG_LOSS=1.403450 | CLIP_LOSS=2.078628 | BATCH_RMSE=1.184673
  STEP 2400/2870 | TOTAL_LOSS=1.342673 | REG_LOSS=1.134709 | CLIP_LOSS=2.079634 | BATCH_RMSE=1.065227
  STEP 2600/2870 | TOTAL_LOSS=0.333062 | REG_LOSS=0.124607 | CLIP_LOSS=2.084548 | BATCH_RMSE=0.352997
  STEP 2800/2870 | TOTAL_LOSS=0.584055 | REG_LOSS=0.376532 | CLIP_LOSS=2.075227 | BATCH_RMSE=0.613622
[EPOCH 011/030] TRAIN: TOTAL=0.784804 | REG=0.576857 | CLIP=2.079467 | MSE=0.576857 | RMSE=0.759511 | MAE=0.519235 | CI=0.763411 | RM2=0.281603
[EPOCH 011/030] VAL  : TOTAL=0.776796 | REG=0.568905 | CLIP=2.078912 | MSE=0.568905 | RMSE=0.754258 | MAE=0.558485 | CI=0.804253 | RM2=0.366109

EPOCH 12/30
  STEP 200/2870 | TOTAL_LOSS=0.581604 | REG_LOSS=0.372891 | CLIP_LOSS=2.087126 | BATCH_RMSE=0.610648
  STEP 400/2870 | TOTAL_LOSS=0.678616 | REG_LOSS=0.471272 | CLIP_LOSS=2.073438 | BATCH_RMSE=0.686493
  STEP 600/2870 | TOTAL_LOSS=0.315704 | REG_LOSS=0.108637 | CLIP_LOSS=2.070668 | BATCH_RMSE=0.329602
  STEP 800/2870 | TOTAL_LOSS=0.971135 | REG_LOSS=0.763410 | CLIP_LOSS=2.077248 | BATCH_RMSE=0.873733
  STEP 1000/2870 | TOTAL_LOSS=0.648392 | REG_LOSS=0.440277 | CLIP_LOSS=2.081148 | BATCH_RMSE=0.663534
  STEP 1200/2870 | TOTAL_LOSS=0.446184 | REG_LOSS=0.238373 | CLIP_LOSS=2.078112 | BATCH_RMSE=0.488235
  STEP 1400/2870 | TOTAL_LOSS=1.009896 | REG_LOSS=0.802030 | CLIP_LOSS=2.078661 | BATCH_RMSE=0.895561
  STEP 1600/2870 | TOTAL_LOSS=0.864189 | REG_LOSS=0.655923 | CLIP_LOSS=2.082664 | BATCH_RMSE=0.809891
  STEP 1800/2870 | TOTAL_LOSS=0.545184 | REG_LOSS=0.337383 | CLIP_LOSS=2.078008 | BATCH_RMSE=0.580847
  STEP 2000/2870 | TOTAL_LOSS=0.518170 | REG_LOSS=0.310478 | CLIP_LOSS=2.076920 | BATCH_RMSE=0.557205
  STEP 2200/2870 | TOTAL_LOSS=0.417770 | REG_LOSS=0.209998 | CLIP_LOSS=2.077711 | BATCH_RMSE=0.458256
  STEP 2400/2870 | TOTAL_LOSS=0.281458 | REG_LOSS=0.073411 | CLIP_LOSS=2.080472 | BATCH_RMSE=0.270944
  STEP 2600/2870 | TOTAL_LOSS=0.872635 | REG_LOSS=0.663859 | CLIP_LOSS=2.087758 | BATCH_RMSE=0.814775
  STEP 2800/2870 | TOTAL_LOSS=0.681351 | REG_LOSS=0.471871 | CLIP_LOSS=2.094794 | BATCH_RMSE=0.686929
[EPOCH 012/030] TRAIN: TOTAL=0.782064 | REG=0.574110 | CLIP=2.079538 | MSE=0.574110 | RMSE=0.757701 | MAE=0.516688 | CI=0.768627 | RM2=0.284434
[EPOCH 012/030] VAL  : TOTAL=0.677557 | REG=0.469653 | CLIP=2.079039 | MSE=0.469653 | RMSE=0.685313 | MAE=0.454443 | CI=0.807253 | RM2=0.406142
  SAVED NEW BEST MODEL | EPOCH=012 | BEST_VAL_MSE=0.469653 | BEST_VAL_RMSE=0.685313 | BEST_VAL_MAE=0.454443 | BEST_VAL_CI=0.807253 | BEST_VAL_RM2=0.406142

EPOCH 13/30
  STEP 200/2870 | TOTAL_LOSS=0.371980 | REG_LOSS=0.163727 | CLIP_LOSS=2.082531 | BATCH_RMSE=0.404631
  STEP 400/2870 | TOTAL_LOSS=3.204703 | REG_LOSS=2.996824 | CLIP_LOSS=2.078785 | BATCH_RMSE=1.731134
  STEP 600/2870 | TOTAL_LOSS=0.468325 | REG_LOSS=0.260526 | CLIP_LOSS=2.077994 | BATCH_RMSE=0.510417
  STEP 800/2870 | TOTAL_LOSS=1.343549 | REG_LOSS=1.135594 | CLIP_LOSS=2.079545 | BATCH_RMSE=1.065643
  STEP 1000/2870 | TOTAL_LOSS=0.427361 | REG_LOSS=0.219507 | CLIP_LOSS=2.078542 | BATCH_RMSE=0.468516
  STEP 1200/2870 | TOTAL_LOSS=0.553973 | REG_LOSS=0.346565 | CLIP_LOSS=2.074080 | BATCH_RMSE=0.588698
  STEP 1400/2870 | TOTAL_LOSS=0.475744 | REG_LOSS=0.268252 | CLIP_LOSS=2.074921 | BATCH_RMSE=0.517930
  STEP 1600/2870 | TOTAL_LOSS=0.862454 | REG_LOSS=0.655968 | CLIP_LOSS=2.064863 | BATCH_RMSE=0.809919
  STEP 1800/2870 | TOTAL_LOSS=0.442811 | REG_LOSS=0.234913 | CLIP_LOSS=2.078979 | BATCH_RMSE=0.484678
  STEP 2000/2870 | TOTAL_LOSS=0.678433 | REG_LOSS=0.470677 | CLIP_LOSS=2.077556 | BATCH_RMSE=0.686059
  STEP 2200/2870 | TOTAL_LOSS=1.090092 | REG_LOSS=0.881576 | CLIP_LOSS=2.085155 | BATCH_RMSE=0.938923
  STEP 2400/2870 | TOTAL_LOSS=0.685952 | REG_LOSS=0.476502 | CLIP_LOSS=2.094501 | BATCH_RMSE=0.690291
  STEP 2600/2870 | TOTAL_LOSS=1.165330 | REG_LOSS=0.957352 | CLIP_LOSS=2.079778 | BATCH_RMSE=0.978444
  STEP 2800/2870 | TOTAL_LOSS=0.247415 | REG_LOSS=0.039503 | CLIP_LOSS=2.079120 | BATCH_RMSE=0.198753
[EPOCH 013/030] TRAIN: TOTAL=0.776513 | REG=0.568568 | CLIP=2.079455 | MSE=0.568568 | RMSE=0.754034 | MAE=0.516324 | CI=0.768193 | RM2=0.290123
[EPOCH 013/030] VAL  : TOTAL=0.667248 | REG=0.459352 | CLIP=2.078968 | MSE=0.459352 | RMSE=0.677755 | MAE=0.415616 | CI=0.816698 | RM2=0.412448
  SAVED NEW BEST MODEL | EPOCH=013 | BEST_VAL_MSE=0.459352 | BEST_VAL_RMSE=0.677755 | BEST_VAL_MAE=0.415616 | BEST_VAL_CI=0.816698 | BEST_VAL_RM2=0.412448

EPOCH 14/30
  STEP 200/2870 | TOTAL_LOSS=0.615724 | REG_LOSS=0.407919 | CLIP_LOSS=2.078049 | BATCH_RMSE=0.638686
  STEP 400/2870 | TOTAL_LOSS=0.598923 | REG_LOSS=0.391003 | CLIP_LOSS=2.079198 | BATCH_RMSE=0.625303
  STEP 600/2870 | TOTAL_LOSS=1.770772 | REG_LOSS=1.563710 | CLIP_LOSS=2.070615 | BATCH_RMSE=1.250484
  STEP 800/2870 | TOTAL_LOSS=0.299336 | REG_LOSS=0.090498 | CLIP_LOSS=2.088381 | BATCH_RMSE=0.300828
  STEP 1000/2870 | TOTAL_LOSS=0.701584 | REG_LOSS=0.493317 | CLIP_LOSS=2.082664 | BATCH_RMSE=0.702365
  STEP 1200/2870 | TOTAL_LOSS=0.510584 | REG_LOSS=0.302570 | CLIP_LOSS=2.080144 | BATCH_RMSE=0.550064
  STEP 1400/2870 | TOTAL_LOSS=0.510943 | REG_LOSS=0.302940 | CLIP_LOSS=2.080032 | BATCH_RMSE=0.550400
  STEP 1600/2870 | TOTAL_LOSS=0.937876 | REG_LOSS=0.729968 | CLIP_LOSS=2.079071 | BATCH_RMSE=0.854382
  STEP 1800/2870 | TOTAL_LOSS=0.921567 | REG_LOSS=0.713068 | CLIP_LOSS=2.084999 | BATCH_RMSE=0.844433
  STEP 2000/2870 | TOTAL_LOSS=0.464349 | REG_LOSS=0.256969 | CLIP_LOSS=2.073804 | BATCH_RMSE=0.506921
  STEP 2200/2870 | TOTAL_LOSS=2.003201 | REG_LOSS=1.794467 | CLIP_LOSS=2.087342 | BATCH_RMSE=1.339577
  STEP 2400/2870 | TOTAL_LOSS=0.852701 | REG_LOSS=0.645522 | CLIP_LOSS=2.071795 | BATCH_RMSE=0.803444
  STEP 2600/2870 | TOTAL_LOSS=0.659231 | REG_LOSS=0.451445 | CLIP_LOSS=2.077861 | BATCH_RMSE=0.671897
  STEP 2800/2870 | TOTAL_LOSS=0.586042 | REG_LOSS=0.378213 | CLIP_LOSS=2.078290 | BATCH_RMSE=0.614990
[EPOCH 014/030] TRAIN: TOTAL=0.771497 | REG=0.563548 | CLIP=2.079492 | MSE=0.563548 | RMSE=0.750698 | MAE=0.510631 | CI=0.773494 | RM2=0.295452
[EPOCH 014/030] VAL  : TOTAL=0.687697 | REG=0.479794 | CLIP=2.079025 | MSE=0.479794 | RMSE=0.692672 | MAE=0.438217 | CI=0.814550 | RM2=0.399032

EPOCH 15/30
  STEP 200/2870 | TOTAL_LOSS=0.341119 | REG_LOSS=0.132586 | CLIP_LOSS=2.085336 | BATCH_RMSE=0.364123
  STEP 400/2870 | TOTAL_LOSS=0.299301 | REG_LOSS=0.090644 | CLIP_LOSS=2.086564 | BATCH_RMSE=0.301072
  STEP 600/2870 | TOTAL_LOSS=0.873069 | REG_LOSS=0.665423 | CLIP_LOSS=2.076463 | BATCH_RMSE=0.815735
  STEP 800/2870 | TOTAL_LOSS=0.736181 | REG_LOSS=0.528425 | CLIP_LOSS=2.077558 | BATCH_RMSE=0.726929
  STEP 1000/2870 | TOTAL_LOSS=0.743601 | REG_LOSS=0.535733 | CLIP_LOSS=2.078685 | BATCH_RMSE=0.731938
  STEP 1200/2870 | TOTAL_LOSS=0.883347 | REG_LOSS=0.675180 | CLIP_LOSS=2.081669 | BATCH_RMSE=0.821694
  STEP 1400/2870 | TOTAL_LOSS=0.789441 | REG_LOSS=0.581644 | CLIP_LOSS=2.077973 | BATCH_RMSE=0.762656
  STEP 1600/2870 | TOTAL_LOSS=2.921468 | REG_LOSS=2.714298 | CLIP_LOSS=2.071692 | BATCH_RMSE=1.647513
  STEP 1800/2870 | TOTAL_LOSS=1.167460 | REG_LOSS=0.959787 | CLIP_LOSS=2.076724 | BATCH_RMSE=0.979687
  STEP 2000/2870 | TOTAL_LOSS=1.295071 | REG_LOSS=1.087063 | CLIP_LOSS=2.080085 | BATCH_RMSE=1.042623
  STEP 2200/2870 | TOTAL_LOSS=0.533345 | REG_LOSS=0.325116 | CLIP_LOSS=2.082287 | BATCH_RMSE=0.570189
  STEP 2400/2870 | TOTAL_LOSS=1.736993 | REG_LOSS=1.528349 | CLIP_LOSS=2.086442 | BATCH_RMSE=1.236264
  STEP 2600/2870 | TOTAL_LOSS=1.023718 | REG_LOSS=0.815417 | CLIP_LOSS=2.083012 | BATCH_RMSE=0.903004
  STEP 2800/2870 | TOTAL_LOSS=0.878798 | REG_LOSS=0.670240 | CLIP_LOSS=2.085585 | BATCH_RMSE=0.818682
[EPOCH 015/030] TRAIN: TOTAL=0.767242 | REG=0.559288 | CLIP=2.079538 | MSE=0.559288 | RMSE=0.747856 | MAE=0.507899 | CI=0.772645 | RM2=0.299916
[EPOCH 015/030] VAL  : TOTAL=0.670734 | REG=0.462838 | CLIP=2.078961 | MSE=0.462838 | RMSE=0.680322 | MAE=0.444812 | CI=0.820550 | RM2=0.405615

EPOCH 16/30
  STEP 200/2870 | TOTAL_LOSS=0.835233 | REG_LOSS=0.627973 | CLIP_LOSS=2.072598 | BATCH_RMSE=0.792448
  STEP 400/2870 | TOTAL_LOSS=0.515045 | REG_LOSS=0.306945 | CLIP_LOSS=2.081001 | BATCH_RMSE=0.554026
  STEP 600/2870 | TOTAL_LOSS=1.524338 | REG_LOSS=1.316068 | CLIP_LOSS=2.082704 | BATCH_RMSE=1.147200
  STEP 800/2870 | TOTAL_LOSS=0.394738 | REG_LOSS=0.186998 | CLIP_LOSS=2.077395 | BATCH_RMSE=0.432433
  STEP 1000/2870 | TOTAL_LOSS=1.271367 | REG_LOSS=1.063065 | CLIP_LOSS=2.083017 | BATCH_RMSE=1.031050
  STEP 1200/2870 | TOTAL_LOSS=0.398374 | REG_LOSS=0.190452 | CLIP_LOSS=2.079218 | BATCH_RMSE=0.436408
  STEP 1400/2870 | TOTAL_LOSS=0.324026 | REG_LOSS=0.115714 | CLIP_LOSS=2.083115 | BATCH_RMSE=0.340168
  STEP 1600/2870 | TOTAL_LOSS=0.517656 | REG_LOSS=0.309663 | CLIP_LOSS=2.079932 | BATCH_RMSE=0.556473
  STEP 1800/2870 | TOTAL_LOSS=0.765470 | REG_LOSS=0.557180 | CLIP_LOSS=2.082906 | BATCH_RMSE=0.746445
  STEP 2000/2870 | TOTAL_LOSS=0.432568 | REG_LOSS=0.224527 | CLIP_LOSS=2.080403 | BATCH_RMSE=0.473843
  STEP 2200/2870 | TOTAL_LOSS=2.137826 | REG_LOSS=1.929509 | CLIP_LOSS=2.083176 | BATCH_RMSE=1.389068
  STEP 2400/2870 | TOTAL_LOSS=0.462817 | REG_LOSS=0.255064 | CLIP_LOSS=2.077530 | BATCH_RMSE=0.505039
  STEP 2600/2870 | TOTAL_LOSS=0.250067 | REG_LOSS=0.041950 | CLIP_LOSS=2.081171 | BATCH_RMSE=0.204818
  STEP 2800/2870 | TOTAL_LOSS=0.760688 | REG_LOSS=0.552948 | CLIP_LOSS=2.077401 | BATCH_RMSE=0.743604
[EPOCH 016/030] TRAIN: TOTAL=0.755525 | REG=0.547584 | CLIP=2.079414 | MSE=0.547584 | RMSE=0.739989 | MAE=0.502256 | CI=0.778825 | RM2=0.312421
[EPOCH 016/030] VAL  : TOTAL=0.664279 | REG=0.456377 | CLIP=2.079022 | MSE=0.456377 | RMSE=0.675557 | MAE=0.414323 | CI=0.820969 | RM2=0.402568
  SAVED NEW BEST MODEL | EPOCH=016 | BEST_VAL_MSE=0.456377 | BEST_VAL_RMSE=0.675557 | BEST_VAL_MAE=0.414323 | BEST_VAL_CI=0.820969 | BEST_VAL_RM2=0.402568

EPOCH 17/30
  STEP 200/2870 | TOTAL_LOSS=0.451313 | REG_LOSS=0.243535 | CLIP_LOSS=2.077785 | BATCH_RMSE=0.493492
  STEP 400/2870 | TOTAL_LOSS=1.085707 | REG_LOSS=0.877944 | CLIP_LOSS=2.077624 | BATCH_RMSE=0.936987
  STEP 600/2870 | TOTAL_LOSS=0.279117 | REG_LOSS=0.071063 | CLIP_LOSS=2.080543 | BATCH_RMSE=0.266576
  STEP 800/2870 | TOTAL_LOSS=0.496469 | REG_LOSS=0.287490 | CLIP_LOSS=2.089794 | BATCH_RMSE=0.536181
  STEP 1000/2870 | TOTAL_LOSS=2.309721 | REG_LOSS=2.102048 | CLIP_LOSS=2.076726 | BATCH_RMSE=1.449844
  STEP 1200/2870 | TOTAL_LOSS=0.283067 | REG_LOSS=0.075236 | CLIP_LOSS=2.078314 | BATCH_RMSE=0.274292
  STEP 1400/2870 | TOTAL_LOSS=1.045859 | REG_LOSS=0.837899 | CLIP_LOSS=2.079604 | BATCH_RMSE=0.915368
  STEP 1600/2870 | TOTAL_LOSS=0.285956 | REG_LOSS=0.077609 | CLIP_LOSS=2.083477 | BATCH_RMSE=0.278583
  STEP 1800/2870 | TOTAL_LOSS=0.317609 | REG_LOSS=0.110018 | CLIP_LOSS=2.075907 | BATCH_RMSE=0.331690
  STEP 2000/2870 | TOTAL_LOSS=1.099753 | REG_LOSS=0.892566 | CLIP_LOSS=2.071867 | BATCH_RMSE=0.944757
  STEP 2200/2870 | TOTAL_LOSS=0.340971 | REG_LOSS=0.133265 | CLIP_LOSS=2.077052 | BATCH_RMSE=0.365055
  STEP 2400/2870 | TOTAL_LOSS=0.620756 | REG_LOSS=0.412696 | CLIP_LOSS=2.080607 | BATCH_RMSE=0.642414
  STEP 2600/2870 | TOTAL_LOSS=1.127559 | REG_LOSS=0.919407 | CLIP_LOSS=2.081525 | BATCH_RMSE=0.958857
  STEP 2800/2870 | TOTAL_LOSS=0.435800 | REG_LOSS=0.227453 | CLIP_LOSS=2.083473 | BATCH_RMSE=0.476920
[EPOCH 017/030] TRAIN: TOTAL=0.746941 | REG=0.538995 | CLIP=2.079466 | MSE=0.538995 | RMSE=0.734163 | MAE=0.499233 | CI=0.779630 | RM2=0.321820
[EPOCH 017/030] VAL  : TOTAL=0.665056 | REG=0.457107 | CLIP=2.079490 | MSE=0.457107 | RMSE=0.676097 | MAE=0.407706 | CI=0.823840 | RM2=0.445602

EPOCH 18/30
  STEP 200/2870 | TOTAL_LOSS=0.592348 | REG_LOSS=0.384383 | CLIP_LOSS=2.079644 | BATCH_RMSE=0.619987
  STEP 400/2870 | TOTAL_LOSS=1.156198 | REG_LOSS=0.948274 | CLIP_LOSS=2.079240 | BATCH_RMSE=0.973794
  STEP 600/2870 | TOTAL_LOSS=0.536709 | REG_LOSS=0.328788 | CLIP_LOSS=2.079205 | BATCH_RMSE=0.573401
  STEP 800/2870 | TOTAL_LOSS=0.701738 | REG_LOSS=0.493508 | CLIP_LOSS=2.082300 | BATCH_RMSE=0.702501
  STEP 1000/2870 | TOTAL_LOSS=0.449845 | REG_LOSS=0.241942 | CLIP_LOSS=2.079029 | BATCH_RMSE=0.491876
  STEP 1200/2870 | TOTAL_LOSS=0.346658 | REG_LOSS=0.138761 | CLIP_LOSS=2.078976 | BATCH_RMSE=0.372506
  STEP 1400/2870 | TOTAL_LOSS=0.689355 | REG_LOSS=0.483605 | CLIP_LOSS=2.057502 | BATCH_RMSE=0.695417
  STEP 1600/2870 | TOTAL_LOSS=0.299265 | REG_LOSS=0.091474 | CLIP_LOSS=2.077912 | BATCH_RMSE=0.302447
  STEP 1800/2870 | TOTAL_LOSS=0.592904 | REG_LOSS=0.385848 | CLIP_LOSS=2.070561 | BATCH_RMSE=0.621166
  STEP 2000/2870 | TOTAL_LOSS=1.050306 | REG_LOSS=0.842552 | CLIP_LOSS=2.077542 | BATCH_RMSE=0.917906
  STEP 2200/2870 | TOTAL_LOSS=0.312664 | REG_LOSS=0.104588 | CLIP_LOSS=2.080768 | BATCH_RMSE=0.323400
  STEP 2400/2870 | TOTAL_LOSS=2.006089 | REG_LOSS=1.798195 | CLIP_LOSS=2.078939 | BATCH_RMSE=1.340968
  STEP 2600/2870 | TOTAL_LOSS=0.347174 | REG_LOSS=0.139454 | CLIP_LOSS=2.077197 | BATCH_RMSE=0.373436
  STEP 2800/2870 | TOTAL_LOSS=0.634183 | REG_LOSS=0.426034 | CLIP_LOSS=2.081488 | BATCH_RMSE=0.652713
[EPOCH 018/030] TRAIN: TOTAL=0.737653 | REG=0.529706 | CLIP=2.079469 | MSE=0.529706 | RMSE=0.727809 | MAE=0.494237 | CI=0.780423 | RM2=0.331439
[EPOCH 018/030] VAL  : TOTAL=0.657260 | REG=0.449378 | CLIP=2.078825 | MSE=0.449378 | RMSE=0.670357 | MAE=0.436818 | CI=0.821159 | RM2=0.388312
  SAVED NEW BEST MODEL | EPOCH=018 | BEST_VAL_MSE=0.449378 | BEST_VAL_RMSE=0.670357 | BEST_VAL_MAE=0.436818 | BEST_VAL_CI=0.821159 | BEST_VAL_RM2=0.388312

EPOCH 19/30
  STEP 200/2870 | TOTAL_LOSS=1.115662 | REG_LOSS=0.907399 | CLIP_LOSS=2.082633 | BATCH_RMSE=0.952575
  STEP 400/2870 | TOTAL_LOSS=1.342484 | REG_LOSS=1.134575 | CLIP_LOSS=2.079093 | BATCH_RMSE=1.065164
  STEP 600/2870 | TOTAL_LOSS=0.314655 | REG_LOSS=0.106813 | CLIP_LOSS=2.078421 | BATCH_RMSE=0.326822
  STEP 800/2870 | TOTAL_LOSS=0.436754 | REG_LOSS=0.229054 | CLIP_LOSS=2.077000 | BATCH_RMSE=0.478596
  STEP 1000/2870 | TOTAL_LOSS=0.749110 | REG_LOSS=0.540804 | CLIP_LOSS=2.083053 | BATCH_RMSE=0.735394
  STEP 1200/2870 | TOTAL_LOSS=0.549623 | REG_LOSS=0.341572 | CLIP_LOSS=2.080511 | BATCH_RMSE=0.584441
  STEP 1400/2870 | TOTAL_LOSS=1.768108 | REG_LOSS=1.560396 | CLIP_LOSS=2.077120 | BATCH_RMSE=1.249158
  STEP 1600/2870 | TOTAL_LOSS=0.637915 | REG_LOSS=0.429689 | CLIP_LOSS=2.082267 | BATCH_RMSE=0.655506
  STEP 1800/2870 | TOTAL_LOSS=0.686918 | REG_LOSS=0.479167 | CLIP_LOSS=2.077515 | BATCH_RMSE=0.692219
  STEP 2000/2870 | TOTAL_LOSS=0.529001 | REG_LOSS=0.320458 | CLIP_LOSS=2.085422 | BATCH_RMSE=0.566090
  STEP 2200/2870 | TOTAL_LOSS=1.394506 | REG_LOSS=1.186699 | CLIP_LOSS=2.078066 | BATCH_RMSE=1.089357
  STEP 2400/2870 | TOTAL_LOSS=0.293016 | REG_LOSS=0.084156 | CLIP_LOSS=2.088603 | BATCH_RMSE=0.290096
  STEP 2600/2870 | TOTAL_LOSS=0.914651 | REG_LOSS=0.706704 | CLIP_LOSS=2.079474 | BATCH_RMSE=0.840657
  STEP 2800/2870 | TOTAL_LOSS=0.813017 | REG_LOSS=0.605560 | CLIP_LOSS=2.074578 | BATCH_RMSE=0.778177
[EPOCH 019/030] TRAIN: TOTAL=0.732960 | REG=0.525010 | CLIP=2.079505 | MSE=0.525010 | RMSE=0.724576 | MAE=0.494603 | CI=0.784212 | RM2=0.335968
[EPOCH 019/030] VAL  : TOTAL=0.634205 | REG=0.426302 | CLIP=2.079033 | MSE=0.426302 | RMSE=0.652918 | MAE=0.407714 | CI=0.829149 | RM2=0.456084
  SAVED NEW BEST MODEL | EPOCH=019 | BEST_VAL_MSE=0.426302 | BEST_VAL_RMSE=0.652918 | BEST_VAL_MAE=0.407714 | BEST_VAL_CI=0.829149 | BEST_VAL_RM2=0.456084

EPOCH 20/30
  STEP 200/2870 | TOTAL_LOSS=0.396394 | REG_LOSS=0.188558 | CLIP_LOSS=2.078357 | BATCH_RMSE=0.434233
  STEP 400/2870 | TOTAL_LOSS=0.771463 | REG_LOSS=0.563342 | CLIP_LOSS=2.081217 | BATCH_RMSE=0.750561
  STEP 600/2870 | TOTAL_LOSS=0.436541 | REG_LOSS=0.229471 | CLIP_LOSS=2.070693 | BATCH_RMSE=0.479032
  STEP 800/2870 | TOTAL_LOSS=0.253110 | REG_LOSS=0.044054 | CLIP_LOSS=2.090562 | BATCH_RMSE=0.209891
  STEP 1000/2870 | TOTAL_LOSS=0.352522 | REG_LOSS=0.144643 | CLIP_LOSS=2.078785 | BATCH_RMSE=0.380320
  STEP 1200/2870 | TOTAL_LOSS=0.507466 | REG_LOSS=0.299818 | CLIP_LOSS=2.076480 | BATCH_RMSE=0.547557
  STEP 1400/2870 | TOTAL_LOSS=0.358131 | REG_LOSS=0.149697 | CLIP_LOSS=2.084344 | BATCH_RMSE=0.386906
  STEP 1600/2870 | TOTAL_LOSS=0.417452 | REG_LOSS=0.208716 | CLIP_LOSS=2.087363 | BATCH_RMSE=0.456855
  STEP 1800/2870 | TOTAL_LOSS=0.773485 | REG_LOSS=0.565032 | CLIP_LOSS=2.084522 | BATCH_RMSE=0.751686
  STEP 2000/2870 | TOTAL_LOSS=1.001057 | REG_LOSS=0.793001 | CLIP_LOSS=2.080559 | BATCH_RMSE=0.890506
  STEP 2200/2870 | TOTAL_LOSS=0.295859 | REG_LOSS=0.088180 | CLIP_LOSS=2.076793 | BATCH_RMSE=0.296951
  STEP 2400/2870 | TOTAL_LOSS=0.383180 | REG_LOSS=0.176304 | CLIP_LOSS=2.068761 | BATCH_RMSE=0.419886
  STEP 2600/2870 | TOTAL_LOSS=0.452972 | REG_LOSS=0.244969 | CLIP_LOSS=2.080032 | BATCH_RMSE=0.494943
  STEP 2800/2870 | TOTAL_LOSS=1.284327 | REG_LOSS=1.076094 | CLIP_LOSS=2.082333 | BATCH_RMSE=1.037349
[EPOCH 020/030] TRAIN: TOTAL=0.721794 | REG=0.513845 | CLIP=2.079483 | MSE=0.513845 | RMSE=0.716830 | MAE=0.486611 | CI=0.784057 | RM2=0.348275
[EPOCH 020/030] VAL  : TOTAL=0.637433 | REG=0.429532 | CLIP=2.079007 | MSE=0.429532 | RMSE=0.655387 | MAE=0.417532 | CI=0.817592 | RM2=0.439946

EPOCH 21/30
  STEP 200/2870 | TOTAL_LOSS=0.543206 | REG_LOSS=0.335376 | CLIP_LOSS=2.078296 | BATCH_RMSE=0.579117
  STEP 400/2870 | TOTAL_LOSS=1.530980 | REG_LOSS=1.323231 | CLIP_LOSS=2.077486 | BATCH_RMSE=1.150318
  STEP 600/2870 | TOTAL_LOSS=0.311685 | REG_LOSS=0.103573 | CLIP_LOSS=2.081121 | BATCH_RMSE=0.321828
  STEP 800/2870 | TOTAL_LOSS=1.287174 | REG_LOSS=1.079909 | CLIP_LOSS=2.072641 | BATCH_RMSE=1.039187
  STEP 1000/2870 | TOTAL_LOSS=1.135064 | REG_LOSS=0.926753 | CLIP_LOSS=2.083115 | BATCH_RMSE=0.962680
  STEP 1200/2870 | TOTAL_LOSS=0.690856 | REG_LOSS=0.483066 | CLIP_LOSS=2.077899 | BATCH_RMSE=0.695030
  STEP 1400/2870 | TOTAL_LOSS=1.127065 | REG_LOSS=0.918661 | CLIP_LOSS=2.084047 | BATCH_RMSE=0.958468
  STEP 1600/2870 | TOTAL_LOSS=0.281774 | REG_LOSS=0.073453 | CLIP_LOSS=2.083212 | BATCH_RMSE=0.271023
  STEP 1800/2870 | TOTAL_LOSS=1.076927 | REG_LOSS=0.869643 | CLIP_LOSS=2.072841 | BATCH_RMSE=0.932546
  STEP 2000/2870 | TOTAL_LOSS=0.497079 | REG_LOSS=0.289550 | CLIP_LOSS=2.075290 | BATCH_RMSE=0.538099
  STEP 2200/2870 | TOTAL_LOSS=0.311617 | REG_LOSS=0.103653 | CLIP_LOSS=2.079639 | BATCH_RMSE=0.321952
  STEP 2400/2870 | TOTAL_LOSS=0.328867 | REG_LOSS=0.121789 | CLIP_LOSS=2.070781 | BATCH_RMSE=0.348983
  STEP 2600/2870 | TOTAL_LOSS=0.414503 | REG_LOSS=0.207103 | CLIP_LOSS=2.074008 | BATCH_RMSE=0.455085
  STEP 2800/2870 | TOTAL_LOSS=0.562217 | REG_LOSS=0.353942 | CLIP_LOSS=2.082750 | BATCH_RMSE=0.594931
[EPOCH 021/030] TRAIN: TOTAL=0.715977 | REG=0.508026 | CLIP=2.079509 | MSE=0.508026 | RMSE=0.712760 | MAE=0.485125 | CI=0.784828 | RM2=0.354390
[EPOCH 021/030] VAL  : TOTAL=0.663542 | REG=0.455644 | CLIP=2.078980 | MSE=0.455644 | RMSE=0.675014 | MAE=0.396326 | CI=0.817340 | RM2=0.426646

EPOCH 22/30
  STEP 200/2870 | TOTAL_LOSS=0.890502 | REG_LOSS=0.682646 | CLIP_LOSS=2.078566 | BATCH_RMSE=0.826224
  STEP 400/2870 | TOTAL_LOSS=0.693966 | REG_LOSS=0.486177 | CLIP_LOSS=2.077891 | BATCH_RMSE=0.697264
  STEP 600/2870 | TOTAL_LOSS=0.378087 | REG_LOSS=0.170285 | CLIP_LOSS=2.078022 | BATCH_RMSE=0.412656
  STEP 800/2870 | TOTAL_LOSS=1.479804 | REG_LOSS=1.271680 | CLIP_LOSS=2.081232 | BATCH_RMSE=1.127688
  STEP 1000/2870 | TOTAL_LOSS=0.904214 | REG_LOSS=0.696485 | CLIP_LOSS=2.077295 | BATCH_RMSE=0.834557
  STEP 1200/2870 | TOTAL_LOSS=0.694037 | REG_LOSS=0.486353 | CLIP_LOSS=2.076844 | BATCH_RMSE=0.697390
  STEP 1400/2870 | TOTAL_LOSS=0.359399 | REG_LOSS=0.151421 | CLIP_LOSS=2.079780 | BATCH_RMSE=0.389129
  STEP 1600/2870 | TOTAL_LOSS=0.408858 | REG_LOSS=0.200899 | CLIP_LOSS=2.079587 | BATCH_RMSE=0.448218
  STEP 1800/2870 | TOTAL_LOSS=0.375212 | REG_LOSS=0.167150 | CLIP_LOSS=2.080617 | BATCH_RMSE=0.408840
  STEP 2000/2870 | TOTAL_LOSS=0.489628 | REG_LOSS=0.281334 | CLIP_LOSS=2.082941 | BATCH_RMSE=0.530409
  STEP 2200/2870 | TOTAL_LOSS=0.405095 | REG_LOSS=0.196477 | CLIP_LOSS=2.086182 | BATCH_RMSE=0.443257
  STEP 2400/2870 | TOTAL_LOSS=0.440835 | REG_LOSS=0.232851 | CLIP_LOSS=2.079847 | BATCH_RMSE=0.482546
  STEP 2600/2870 | TOTAL_LOSS=0.352577 | REG_LOSS=0.144597 | CLIP_LOSS=2.079799 | BATCH_RMSE=0.380259
  STEP 2800/2870 | TOTAL_LOSS=0.533906 | REG_LOSS=0.325223 | CLIP_LOSS=2.086834 | BATCH_RMSE=0.570283
[EPOCH 022/030] TRAIN: TOTAL=0.695591 | REG=0.487642 | CLIP=2.079494 | MSE=0.487642 | RMSE=0.698314 | MAE=0.476294 | CI=0.789218 | RM2=0.376789
[EPOCH 022/030] VAL  : TOTAL=0.586101 | REG=0.378188 | CLIP=2.079126 | MSE=0.378188 | RMSE=0.614970 | MAE=0.390635 | CI=0.833479 | RM2=0.488046
  SAVED NEW BEST MODEL | EPOCH=022 | BEST_VAL_MSE=0.378188 | BEST_VAL_RMSE=0.614970 | BEST_VAL_MAE=0.390635 | BEST_VAL_CI=0.833479 | BEST_VAL_RM2=0.488046

EPOCH 23/30
  STEP 200/2870 | TOTAL_LOSS=0.766001 | REG_LOSS=0.557619 | CLIP_LOSS=2.083820 | BATCH_RMSE=0.746739
  STEP 400/2870 | TOTAL_LOSS=0.433491 | REG_LOSS=0.224991 | CLIP_LOSS=2.085002 | BATCH_RMSE=0.474332
  STEP 600/2870 | TOTAL_LOSS=0.243871 | REG_LOSS=0.036117 | CLIP_LOSS=2.077537 | BATCH_RMSE=0.190045
  STEP 800/2870 | TOTAL_LOSS=1.022541 | REG_LOSS=0.813050 | CLIP_LOSS=2.094915 | BATCH_RMSE=0.901693
  STEP 1000/2870 | TOTAL_LOSS=1.059261 | REG_LOSS=0.853090 | CLIP_LOSS=2.061713 | BATCH_RMSE=0.923629
  STEP 1200/2870 | TOTAL_LOSS=0.993205 | REG_LOSS=0.785897 | CLIP_LOSS=2.073075 | BATCH_RMSE=0.886509
  STEP 1400/2870 | TOTAL_LOSS=1.212726 | REG_LOSS=1.004677 | CLIP_LOSS=2.080494 | BATCH_RMSE=1.002336
  STEP 1600/2870 | TOTAL_LOSS=0.503893 | REG_LOSS=0.295893 | CLIP_LOSS=2.080002 | BATCH_RMSE=0.543961
  STEP 1800/2870 | TOTAL_LOSS=0.317778 | REG_LOSS=0.109908 | CLIP_LOSS=2.078698 | BATCH_RMSE=0.331524
  STEP 2000/2870 | TOTAL_LOSS=0.628041 | REG_LOSS=0.420912 | CLIP_LOSS=2.071294 | BATCH_RMSE=0.648777
  STEP 2200/2870 | TOTAL_LOSS=0.484124 | REG_LOSS=0.276282 | CLIP_LOSS=2.078423 | BATCH_RMSE=0.525625
  STEP 2400/2870 | TOTAL_LOSS=0.333065 | REG_LOSS=0.124587 | CLIP_LOSS=2.084780 | BATCH_RMSE=0.352969
  STEP 2600/2870 | TOTAL_LOSS=1.053155 | REG_LOSS=0.844990 | CLIP_LOSS=2.081650 | BATCH_RMSE=0.919234
  STEP 2800/2870 | TOTAL_LOSS=0.326640 | REG_LOSS=0.118875 | CLIP_LOSS=2.077648 | BATCH_RMSE=0.344782
[EPOCH 023/030] TRAIN: TOTAL=0.677182 | REG=0.469238 | CLIP=2.079438 | MSE=0.469238 | RMSE=0.685010 | MAE=0.466960 | CI=0.796852 | RM2=0.396808
[EPOCH 023/030] VAL  : TOTAL=0.605237 | REG=0.397341 | CLIP=2.078958 | MSE=0.397341 | RMSE=0.630350 | MAE=0.423037 | CI=0.833971 | RM2=0.497137

EPOCH 24/30
  STEP 200/2870 | TOTAL_LOSS=1.081569 | REG_LOSS=0.873251 | CLIP_LOSS=2.083177 | BATCH_RMSE=0.934479
  STEP 400/2870 | TOTAL_LOSS=0.851354 | REG_LOSS=0.643131 | CLIP_LOSS=2.082227 | BATCH_RMSE=0.801954
  STEP 600/2870 | TOTAL_LOSS=0.303549 | REG_LOSS=0.095578 | CLIP_LOSS=2.079704 | BATCH_RMSE=0.309157
  STEP 800/2870 | TOTAL_LOSS=0.323120 | REG_LOSS=0.115928 | CLIP_LOSS=2.071925 | BATCH_RMSE=0.340482
  STEP 1000/2870 | TOTAL_LOSS=0.329745 | REG_LOSS=0.121804 | CLIP_LOSS=2.079409 | BATCH_RMSE=0.349004
  STEP 1200/2870 | TOTAL_LOSS=0.628724 | REG_LOSS=0.420875 | CLIP_LOSS=2.078495 | BATCH_RMSE=0.648749
  STEP 1400/2870 | TOTAL_LOSS=0.318876 | REG_LOSS=0.110839 | CLIP_LOSS=2.080365 | BATCH_RMSE=0.332926
  STEP 1600/2870 | TOTAL_LOSS=0.418822 | REG_LOSS=0.210781 | CLIP_LOSS=2.080414 | BATCH_RMSE=0.459108
  STEP 1800/2870 | TOTAL_LOSS=0.579675 | REG_LOSS=0.372230 | CLIP_LOSS=2.074460 | BATCH_RMSE=0.610106
  STEP 2000/2870 | TOTAL_LOSS=0.667748 | REG_LOSS=0.460053 | CLIP_LOSS=2.076946 | BATCH_RMSE=0.678272
  STEP 2200/2870 | TOTAL_LOSS=0.580204 | REG_LOSS=0.372158 | CLIP_LOSS=2.080458 | BATCH_RMSE=0.610048
  STEP 2400/2870 | TOTAL_LOSS=0.427441 | REG_LOSS=0.219000 | CLIP_LOSS=2.084408 | BATCH_RMSE=0.467975
  STEP 2600/2870 | TOTAL_LOSS=0.279631 | REG_LOSS=0.071923 | CLIP_LOSS=2.077073 | BATCH_RMSE=0.268185
  STEP 2800/2870 | TOTAL_LOSS=1.043481 | REG_LOSS=0.835466 | CLIP_LOSS=2.080149 | BATCH_RMSE=0.914038
[EPOCH 024/030] TRAIN: TOTAL=0.678915 | REG=0.470971 | CLIP=2.079439 | MSE=0.470971 | RMSE=0.686273 | MAE=0.467997 | CI=0.795360 | RM2=0.394492
[EPOCH 024/030] VAL  : TOTAL=0.593520 | REG=0.385621 | CLIP=2.078994 | MSE=0.385620 | RMSE=0.620983 | MAE=0.396995 | CI=0.822353 | RM2=0.477626

EPOCH 25/30
  STEP 200/2870 | TOTAL_LOSS=0.606926 | REG_LOSS=0.398814 | CLIP_LOSS=2.081122 | BATCH_RMSE=0.631517
  STEP 400/2870 | TOTAL_LOSS=0.321026 | REG_LOSS=0.113403 | CLIP_LOSS=2.076229 | BATCH_RMSE=0.336753
  STEP 600/2870 | TOTAL_LOSS=0.287493 | REG_LOSS=0.078684 | CLIP_LOSS=2.088095 | BATCH_RMSE=0.280506
  STEP 800/2870 | TOTAL_LOSS=0.378486 | REG_LOSS=0.171026 | CLIP_LOSS=2.074602 | BATCH_RMSE=0.413553
  STEP 1000/2870 | TOTAL_LOSS=0.847196 | REG_LOSS=0.639351 | CLIP_LOSS=2.078443 | BATCH_RMSE=0.799595
  STEP 1200/2870 | TOTAL_LOSS=0.766294 | REG_LOSS=0.558172 | CLIP_LOSS=2.081214 | BATCH_RMSE=0.747109
  STEP 1400/2870 | TOTAL_LOSS=0.625437 | REG_LOSS=0.417520 | CLIP_LOSS=2.079166 | BATCH_RMSE=0.646158
  STEP 1600/2870 | TOTAL_LOSS=0.572165 | REG_LOSS=0.364144 | CLIP_LOSS=2.080209 | BATCH_RMSE=0.603443
  STEP 1800/2870 | TOTAL_LOSS=0.478950 | REG_LOSS=0.271499 | CLIP_LOSS=2.074503 | BATCH_RMSE=0.521056
  STEP 2000/2870 | TOTAL_LOSS=0.362928 | REG_LOSS=0.154449 | CLIP_LOSS=2.084795 | BATCH_RMSE=0.393000
  STEP 2200/2870 | TOTAL_LOSS=1.131766 | REG_LOSS=0.924384 | CLIP_LOSS=2.073827 | BATCH_RMSE=0.961449
  STEP 2400/2870 | TOTAL_LOSS=0.555860 | REG_LOSS=0.347676 | CLIP_LOSS=2.081842 | BATCH_RMSE=0.589641
  STEP 2600/2870 | TOTAL_LOSS=1.106799 | REG_LOSS=0.898825 | CLIP_LOSS=2.079740 | BATCH_RMSE=0.948064
  STEP 2800/2870 | TOTAL_LOSS=0.887576 | REG_LOSS=0.679846 | CLIP_LOSS=2.077295 | BATCH_RMSE=0.824528
[EPOCH 025/030] TRAIN: TOTAL=0.668910 | REG=0.460961 | CLIP=2.079492 | MSE=0.460961 | RMSE=0.678941 | MAE=0.460890 | CI=0.800008 | RM2=0.405807
[EPOCH 025/030] VAL  : TOTAL=0.592465 | REG=0.384544 | CLIP=2.079210 | MSE=0.384544 | RMSE=0.620116 | MAE=0.405262 | CI=0.829270 | RM2=0.482343

EPOCH 26/30
  STEP 200/2870 | TOTAL_LOSS=0.408825 | REG_LOSS=0.201389 | CLIP_LOSS=2.074353 | BATCH_RMSE=0.448764
  STEP 400/2870 | TOTAL_LOSS=1.006464 | REG_LOSS=0.798037 | CLIP_LOSS=2.084264 | BATCH_RMSE=0.893329
  STEP 600/2870 | TOTAL_LOSS=0.460835 | REG_LOSS=0.252826 | CLIP_LOSS=2.080092 | BATCH_RMSE=0.502818
  STEP 800/2870 | TOTAL_LOSS=0.366198 | REG_LOSS=0.158727 | CLIP_LOSS=2.074713 | BATCH_RMSE=0.398405
  STEP 1000/2870 | TOTAL_LOSS=0.541737 | REG_LOSS=0.333784 | CLIP_LOSS=2.079530 | BATCH_RMSE=0.577740
  STEP 1200/2870 | TOTAL_LOSS=0.439028 | REG_LOSS=0.231190 | CLIP_LOSS=2.078378 | BATCH_RMSE=0.480822
  STEP 1400/2870 | TOTAL_LOSS=0.282596 | REG_LOSS=0.075154 | CLIP_LOSS=2.074419 | BATCH_RMSE=0.274142
  STEP 1600/2870 | TOTAL_LOSS=0.698183 | REG_LOSS=0.490468 | CLIP_LOSS=2.077147 | BATCH_RMSE=0.700334
  STEP 1800/2870 | TOTAL_LOSS=0.267746 | REG_LOSS=0.059523 | CLIP_LOSS=2.082222 | BATCH_RMSE=0.243974
  STEP 2000/2870 | TOTAL_LOSS=0.361503 | REG_LOSS=0.153354 | CLIP_LOSS=2.081488 | BATCH_RMSE=0.391604
  STEP 2200/2870 | TOTAL_LOSS=1.605171 | REG_LOSS=1.397080 | CLIP_LOSS=2.080909 | BATCH_RMSE=1.181981
  STEP 2400/2870 | TOTAL_LOSS=0.350534 | REG_LOSS=0.142741 | CLIP_LOSS=2.077933 | BATCH_RMSE=0.377810
  STEP 2600/2870 | TOTAL_LOSS=0.601467 | REG_LOSS=0.393618 | CLIP_LOSS=2.078495 | BATCH_RMSE=0.627390
  STEP 2800/2870 | TOTAL_LOSS=0.298029 | REG_LOSS=0.090033 | CLIP_LOSS=2.079965 | BATCH_RMSE=0.300054
[EPOCH 026/030] TRAIN: TOTAL=0.662283 | REG=0.454338 | CLIP=2.079449 | MSE=0.454338 | RMSE=0.674046 | MAE=0.455351 | CI=0.803429 | RM2=0.414569
[EPOCH 026/030] VAL  : TOTAL=0.587999 | REG=0.380107 | CLIP=2.078927 | MSE=0.380107 | RMSE=0.616528 | MAE=0.451337 | CI=0.840357 | RM2=0.540115

EPOCH 27/30
  STEP 200/2870 | TOTAL_LOSS=1.302701 | REG_LOSS=1.094394 | CLIP_LOSS=2.083067 | BATCH_RMSE=1.046133
  STEP 400/2870 | TOTAL_LOSS=0.674750 | REG_LOSS=0.465377 | CLIP_LOSS=2.093728 | BATCH_RMSE=0.682185
  STEP 600/2870 | TOTAL_LOSS=0.497826 | REG_LOSS=0.289034 | CLIP_LOSS=2.087925 | BATCH_RMSE=0.537618
  STEP 800/2870 | TOTAL_LOSS=0.330771 | REG_LOSS=0.122559 | CLIP_LOSS=2.082125 | BATCH_RMSE=0.350084
  STEP 1000/2870 | TOTAL_LOSS=0.563371 | REG_LOSS=0.355141 | CLIP_LOSS=2.082304 | BATCH_RMSE=0.595937
  STEP 1200/2870 | TOTAL_LOSS=0.439056 | REG_LOSS=0.230741 | CLIP_LOSS=2.083150 | BATCH_RMSE=0.480356
  STEP 1400/2870 | TOTAL_LOSS=0.541918 | REG_LOSS=0.333736 | CLIP_LOSS=2.081816 | BATCH_RMSE=0.577699
  STEP 1600/2870 | TOTAL_LOSS=0.334460 | REG_LOSS=0.127605 | CLIP_LOSS=2.068549 | BATCH_RMSE=0.357219
  STEP 1800/2870 | TOTAL_LOSS=0.368966 | REG_LOSS=0.160949 | CLIP_LOSS=2.080170 | BATCH_RMSE=0.401184
  STEP 2000/2870 | TOTAL_LOSS=0.405190 | REG_LOSS=0.196944 | CLIP_LOSS=2.082464 | BATCH_RMSE=0.443783
  STEP 2200/2870 | TOTAL_LOSS=1.920241 | REG_LOSS=1.711718 | CLIP_LOSS=2.085228 | BATCH_RMSE=1.308326
  STEP 2400/2870 | TOTAL_LOSS=0.622695 | REG_LOSS=0.414842 | CLIP_LOSS=2.078531 | BATCH_RMSE=0.644083
  STEP 2600/2870 | TOTAL_LOSS=0.419201 | REG_LOSS=0.210968 | CLIP_LOSS=2.082325 | BATCH_RMSE=0.459313
  STEP 2800/2870 | TOTAL_LOSS=0.388695 | REG_LOSS=0.181075 | CLIP_LOSS=2.076200 | BATCH_RMSE=0.425529
[EPOCH 027/030] TRAIN: TOTAL=0.653384 | REG=0.445437 | CLIP=2.079473 | MSE=0.445437 | RMSE=0.667410 | MAE=0.453508 | CI=0.802934 | RM2=0.423165
[EPOCH 027/030] VAL  : TOTAL=0.600881 | REG=0.392982 | CLIP=2.078983 | MSE=0.392982 | RMSE=0.626883 | MAE=0.386063 | CI=0.830372 | RM2=0.529381

EPOCH 28/30
  STEP 200/2870 | TOTAL_LOSS=0.438815 | REG_LOSS=0.231469 | CLIP_LOSS=2.073454 | BATCH_RMSE=0.481112
  STEP 400/2870 | TOTAL_LOSS=1.241287 | REG_LOSS=1.033223 | CLIP_LOSS=2.080636 | BATCH_RMSE=1.016476
  STEP 600/2870 | TOTAL_LOSS=0.741070 | REG_LOSS=0.533208 | CLIP_LOSS=2.078618 | BATCH_RMSE=0.730211
  STEP 800/2870 | TOTAL_LOSS=0.559660 | REG_LOSS=0.351633 | CLIP_LOSS=2.080273 | BATCH_RMSE=0.592986
  STEP 1000/2870 | TOTAL_LOSS=1.135896 | REG_LOSS=0.928102 | CLIP_LOSS=2.077945 | BATCH_RMSE=0.963381
  STEP 1200/2870 | TOTAL_LOSS=0.522495 | REG_LOSS=0.314153 | CLIP_LOSS=2.083419 | BATCH_RMSE=0.560494
  STEP 1400/2870 | TOTAL_LOSS=0.474423 | REG_LOSS=0.266175 | CLIP_LOSS=2.082481 | BATCH_RMSE=0.515922
  STEP 1600/2870 | TOTAL_LOSS=0.616413 | REG_LOSS=0.408342 | CLIP_LOSS=2.080707 | BATCH_RMSE=0.639016
  STEP 1800/2870 | TOTAL_LOSS=0.770101 | REG_LOSS=0.563029 | CLIP_LOSS=2.070714 | BATCH_RMSE=0.750353
  STEP 2000/2870 | TOTAL_LOSS=0.774245 | REG_LOSS=0.566935 | CLIP_LOSS=2.073096 | BATCH_RMSE=0.752951
  STEP 2200/2870 | TOTAL_LOSS=0.768101 | REG_LOSS=0.560214 | CLIP_LOSS=2.078876 | BATCH_RMSE=0.748474
  STEP 2400/2870 | TOTAL_LOSS=0.630364 | REG_LOSS=0.422278 | CLIP_LOSS=2.080853 | BATCH_RMSE=0.649829
  STEP 2600/2870 | TOTAL_LOSS=0.421702 | REG_LOSS=0.212505 | CLIP_LOSS=2.091970 | BATCH_RMSE=0.460983
  STEP 2800/2870 | TOTAL_LOSS=0.410354 | REG_LOSS=0.202414 | CLIP_LOSS=2.079401 | BATCH_RMSE=0.449904
[EPOCH 028/030] TRAIN: TOTAL=0.641958 | REG=0.434010 | CLIP=2.079474 | MSE=0.434011 | RMSE=0.658795 | MAE=0.447734 | CI=0.807069 | RM2=0.437216
[EPOCH 028/030] VAL  : TOTAL=0.566385 | REG=0.358471 | CLIP=2.079139 | MSE=0.358471 | RMSE=0.598724 | MAE=0.377217 | CI=0.845354 | RM2=0.541931
  SAVED NEW BEST MODEL | EPOCH=028 | BEST_VAL_MSE=0.358471 | BEST_VAL_RMSE=0.598724 | BEST_VAL_MAE=0.377217 | BEST_VAL_CI=0.845354 | BEST_VAL_RM2=0.541931

EPOCH 29/30
  STEP 200/2870 | TOTAL_LOSS=0.301699 | REG_LOSS=0.094082 | CLIP_LOSS=2.076169 | BATCH_RMSE=0.306729
  STEP 400/2870 | TOTAL_LOSS=0.506195 | REG_LOSS=0.296882 | CLIP_LOSS=2.093134 | BATCH_RMSE=0.544869
  STEP 600/2870 | TOTAL_LOSS=1.577346 | REG_LOSS=1.372068 | CLIP_LOSS=2.052783 | BATCH_RMSE=1.171353
  STEP 800/2870 | TOTAL_LOSS=1.783505 | REG_LOSS=1.573444 | CLIP_LOSS=2.100604 | BATCH_RMSE=1.254370
  STEP 1000/2870 | TOTAL_LOSS=0.370961 | REG_LOSS=0.163079 | CLIP_LOSS=2.078820 | BATCH_RMSE=0.403830
  STEP 1200/2870 | TOTAL_LOSS=0.491280 | REG_LOSS=0.283567 | CLIP_LOSS=2.077134 | BATCH_RMSE=0.532510
  STEP 1400/2870 | TOTAL_LOSS=0.670963 | REG_LOSS=0.462821 | CLIP_LOSS=2.081424 | BATCH_RMSE=0.680309
  STEP 1600/2870 | TOTAL_LOSS=1.057984 | REG_LOSS=0.849895 | CLIP_LOSS=2.080885 | BATCH_RMSE=0.921898
  STEP 1800/2870 | TOTAL_LOSS=1.315126 | REG_LOSS=1.108625 | CLIP_LOSS=2.065012 | BATCH_RMSE=1.052913
  STEP 2000/2870 | TOTAL_LOSS=0.487846 | REG_LOSS=0.279976 | CLIP_LOSS=2.078701 | BATCH_RMSE=0.529128
  STEP 2200/2870 | TOTAL_LOSS=0.336189 | REG_LOSS=0.128339 | CLIP_LOSS=2.078495 | BATCH_RMSE=0.358245
  STEP 2400/2870 | TOTAL_LOSS=0.781755 | REG_LOSS=0.573720 | CLIP_LOSS=2.080352 | BATCH_RMSE=0.757443
  STEP 2600/2870 | TOTAL_LOSS=2.325282 | REG_LOSS=2.117697 | CLIP_LOSS=2.075848 | BATCH_RMSE=1.455231
  STEP 2800/2870 | TOTAL_LOSS=0.565733 | REG_LOSS=0.357946 | CLIP_LOSS=2.077878 | BATCH_RMSE=0.598286
[EPOCH 029/030] TRAIN: TOTAL=0.643219 | REG=0.435276 | CLIP=2.079423 | MSE=0.435276 | RMSE=0.659755 | MAE=0.447588 | CI=0.806357 | RM2=0.435150
[EPOCH 029/030] VAL  : TOTAL=0.566120 | REG=0.358217 | CLIP=2.079035 | MSE=0.358217 | RMSE=0.598512 | MAE=0.389525 | CI=0.839876 | RM2=0.509691
  SAVED NEW BEST MODEL | EPOCH=029 | BEST_VAL_MSE=0.358217 | BEST_VAL_RMSE=0.598512 | BEST_VAL_MAE=0.389525 | BEST_VAL_CI=0.839876 | BEST_VAL_RM2=0.509691

EPOCH 30/30
  STEP 200/2870 | TOTAL_LOSS=1.312825 | REG_LOSS=1.104819 | CLIP_LOSS=2.080055 | BATCH_RMSE=1.051104
  STEP 400/2870 | TOTAL_LOSS=0.598512 | REG_LOSS=0.390517 | CLIP_LOSS=2.079949 | BATCH_RMSE=0.624914
  STEP 600/2870 | TOTAL_LOSS=0.371556 | REG_LOSS=0.164098 | CLIP_LOSS=2.074580 | BATCH_RMSE=0.405090
  STEP 800/2870 | TOTAL_LOSS=1.429510 | REG_LOSS=1.221644 | CLIP_LOSS=2.078658 | BATCH_RMSE=1.105280
  STEP 1000/2870 | TOTAL_LOSS=0.460290 | REG_LOSS=0.252927 | CLIP_LOSS=2.073630 | BATCH_RMSE=0.502919
  STEP 1200/2870 | TOTAL_LOSS=1.502330 | REG_LOSS=1.294527 | CLIP_LOSS=2.078030 | BATCH_RMSE=1.137773
  STEP 1400/2870 | TOTAL_LOSS=0.798010 | REG_LOSS=0.589957 | CLIP_LOSS=2.080527 | BATCH_RMSE=0.768086
  STEP 1600/2870 | TOTAL_LOSS=0.462281 | REG_LOSS=0.254365 | CLIP_LOSS=2.079155 | BATCH_RMSE=0.504347
  STEP 1800/2870 | TOTAL_LOSS=0.539125 | REG_LOSS=0.331172 | CLIP_LOSS=2.079533 | BATCH_RMSE=0.575475
  STEP 2000/2870 | TOTAL_LOSS=0.447476 | REG_LOSS=0.239418 | CLIP_LOSS=2.080579 | BATCH_RMSE=0.489304
  STEP 2200/2870 | TOTAL_LOSS=0.319520 | REG_LOSS=0.111874 | CLIP_LOSS=2.076463 | BATCH_RMSE=0.334475
  STEP 2400/2870 | TOTAL_LOSS=0.482355 | REG_LOSS=0.274314 | CLIP_LOSS=2.080412 | BATCH_RMSE=0.523750
  STEP 2600/2870 | TOTAL_LOSS=0.682613 | REG_LOSS=0.474691 | CLIP_LOSS=2.079225 | BATCH_RMSE=0.688978
  STEP 2800/2870 | TOTAL_LOSS=1.905968 | REG_LOSS=1.699393 | CLIP_LOSS=2.065752 | BATCH_RMSE=1.303608
[EPOCH 030/030] TRAIN: TOTAL=0.632614 | REG=0.424669 | CLIP=2.079450 | MSE=0.424669 | RMSE=0.651666 | MAE=0.442275 | CI=0.811064 | RM2=0.446840
[EPOCH 030/030] VAL  : TOTAL=0.618642 | REG=0.410726 | CLIP=2.079154 | MSE=0.410726 | RMSE=0.640879 | MAE=0.394044 | CI=0.839021 | RM2=0.532738

TRAINING FINISHED.
BEST MODEL SUMMARY | EPOCH=029 | VAL_MSE=0.358217 | VAL_RMSE=0.598512 | VAL_MAE=0.389525 | VAL_CI=0.839876 | VAL_RM2=0.509691
SAVED OUTPUTS TO: outputs/stdclip_sweeps/stdclip_sweep_20260417_113821/bs8_lr0.0003_lc0.1_temp0.07
